failed to run unit-tests:
WARNING: Package name "amd-clmc-eigen" does not follow the naming conventions. It should start with a lower case letter and only contain lower case letters, digits and underscores.
[  0%] Built target visualization_msgs_generate_messages_cpp
[  0%] Built target sensor_msgs_generate_messages_cpp
[  0%] Built target geometry_msgs_generate_messages_cpp
[  0%] Built target usc_utilities_generate_messages_cpp
[  0%] Built target roscpp_utilities
[  0%] Built target usc_utilities
[  0%] Built target geometry_utils
[  0%] Built target lockfree
[  0%] Built target geometry_msgs_generate_messages_py
[  0%] Built target std_msgs_generate_messages_cpp
[  0%] Built target std_msgs_generate_messages_lisp
[  0%] Built target roscpp_generate_messages_cpp
[  0%] Built target roscpp_generate_messages_lisp
[  0%] Built target geometry_msgs_generate_messages_lisp
[  0%] Built target std_msgs_generate_messages_py
[  0%] Built target roscpp_generate_messages_py
[  0%] Built target rosgraph_msgs_generate_messages_py
[  0%] Built target rosgraph_msgs_generate_messages_lisp
[  0%] Built target rosgraph_msgs_generate_messages_cpp
[  0%] Built target amd_clmc_log
[  3%] Built target rosrt
[  3%] Built target topic_tools_generate_messages_lisp
[  3%] Built target topic_tools_generate_messages_cpp
[  3%] Built target topic_tools_generate_messages_py
[  3%] Built target visualization_msgs_generate_messages_lisp
[  3%] Built target sensor_msgs_generate_messages_lisp
[  3%] Built target usc_utilities_generate_messages_lisp
[  3%] Built target visualization_msgs_generate_messages_py
[  3%] Built target sensor_msgs_generate_messages_py
[  6%] Built target usc_utilities_generate_messages_py
[  6%] Built target visual_servoing
[  6%] Built target gtest
[  6%] Built target gtest_main
Scanning dependencies of target visual_servoing_test
[  9%] Building CXX object catkin/manipulation/visual_servoing/CMakeFiles/visual_servoing_test.dir/tests/main.cpp.o
[  9%] Building CXX object catkin/manipulation/visual_servoing/CMakeFiles/visual_servoing_test.dir/tests/visual_servoing_tests.cpp.o
[  9%] Building CXX object catkin/manipulation/visual_servoing/CMakeFiles/visual_servoing_test.dir/tests/conditions_checkers_tests.cpp.o
[  9%] Building CXX object catkin/manipulation/visual_servoing/CMakeFiles/visual_servoing_test.dir/tests/tracked_objects_tests.cpp.o
Linking CXX executable /home/amd_clmc/team/workspace/devel/lib/visual_servoing/visual_servoing_test
[  9%] Built target visual_servoing_test
Scanning dependencies of target geometry_utils_test
[  9%] Building CXX object catkin/utils/robot_math/CMakeFiles/geometry_utils_test.dir/tests/geometry_utils/main.cpp.o
[  9%] Building CXX object catkin/utils/robot_math/CMakeFiles/geometry_utils_test.dir/tests/geometry_utils/geometry_utils_test.cpp.o
Linking CXX executable /home/amd_clmc/team/workspace/devel/lib/robot_math/geometry_utils_test
[  9%] Built target geometry_utils_test
[ 15%] Built target dbot
Scanning dependencies of target object_resource_identifier_test
[ 15%] Building CXX object catkin/core-perception/dbot/tests/CMakeFiles/object_resource_identifier_test.dir/object_resource_identifier_test.cpp.o
/home/amd_clmc/team/workspace/src/catkin/core-perception/dbot/tests/object_resource_identifier_test.cpp: In member function 'virtual void ObjectResourceIndentifierTests_mesh_name_with_extension_Test::TestBody()':
/home/amd_clmc/team/workspace/src/catkin/core-perception/dbot/tests/object_resource_identifier_test.cpp:147:5: warning: ISO C++ says that these are ambiguous, even though the worst conversion for the first is better than the worst conversion for the second: [enabled by default]
/home/amd_clmc/team/workspace/src/catkin/core-perception/dbot/include/dbot/util/object_resource_identifier.hpp:121:17: note: candidate 1: std::string dbot::ObjectResourceIdentifier::mesh(int) const
/home/amd_clmc/team/workspace/src/catkin/core-perception/dbot/include/dbot/util/object_resource_identifier.hpp:156:10: note: candidate 2: void dbot::ObjectResourceIdentifier::mesh(const string&)
/home/amd_clmc/team/workspace/src/catkin/core-perception/dbot/tests/object_resource_identifier_test.cpp:147:5: warning: ISO C++ says that these are ambiguous, even though the worst conversion for the first is better than the worst conversion for the second: [enabled by default]
/home/amd_clmc/team/workspace/src/catkin/core-perception/dbot/include/dbot/util/object_resource_identifier.hpp:121:17: note: candidate 1: std::string dbot::ObjectResourceIdentifier::mesh(int) const
/home/amd_clmc/team/workspace/src/catkin/core-perception/dbot/include/dbot/util/object_resource_identifier.hpp:156:10: note: candidate 2: void dbot::ObjectResourceIdentifier::mesh(const string&)
/home/amd_clmc/team/workspace/src/catkin/core-perception/dbot/tests/object_resource_identifier_test.cpp:154:5: warning: ISO C++ says that these are ambiguous, even though the worst conversion for the first is better than the worst conversion for the second: [enabled by default]
/home/amd_clmc/team/workspace/src/catkin/core-perception/dbot/include/dbot/util/object_resource_identifier.hpp:121:17: note: candidate 1: std::string dbot::ObjectResourceIdentifier::mesh(int) const
/home/amd_clmc/team/workspace/src/catkin/core-perception/dbot/include/dbot/util/object_resource_identifier.hpp:156:10: note: candidate 2: void dbot::ObjectResourceIdentifier::mesh(const string&)
/home/amd_clmc/team/workspace/src/catkin/core-perception/dbot/tests/object_resource_identifier_test.cpp:154:5: warning: ISO C++ says that these are ambiguous, even though the worst conversion for the first is better than the worst conversion for the second: [enabled by default]
/home/amd_clmc/team/workspace/src/catkin/core-perception/dbot/include/dbot/util/object_resource_identifier.hpp:121:17: note: candidate 1: std::string dbot::ObjectResourceIdentifier::mesh(int) const
/home/amd_clmc/team/workspace/src/catkin/core-perception/dbot/include/dbot/util/object_resource_identifier.hpp:156:10: note: candidate 2: void dbot::ObjectResourceIdentifier::mesh(const string&)
Linking CXX executable /home/amd_clmc/team/workspace/devel/lib/dbot/object_resource_identifier_test
[ 15%] Built target object_resource_identifier_test
Scanning dependencies of target file_shader_provider_test_test
[ 15%] Building CXX object catkin/core-perception/dbot/tests/CMakeFiles/file_shader_provider_test_test.dir/file_shader_provider_test.cpp.o
Linking CXX executable /home/amd_clmc/team/workspace/devel/lib/dbot/file_shader_provider_test_test
[ 15%] Built target file_shader_provider_test_test
Scanning dependencies of target simple_shader_provider_test_test
[ 18%] Building CXX object catkin/core-perception/dbot/tests/CMakeFiles/simple_shader_provider_test_test.dir/simple_shader_provider_test.cpp.o
Linking CXX executable /home/amd_clmc/team/workspace/devel/lib/dbot/simple_shader_provider_test_test
[ 18%] Built target simple_shader_provider_test_test
Scanning dependencies of target options_test
[ 18%] Building CXX object catkin/core-perception/fl/test/CMakeFiles/options_test.dir/utils/options_test.cpp.o
Linking CXX executable /home/amd_clmc/team/workspace/devel/lib/fl/options_test
[ 18%] Built target options_test
Scanning dependencies of target join_test
[ 18%] Building CXX object catkin/core-perception/fl/test/CMakeFiles/join_test.dir/utils/join_test.cpp.o
Linking CXX executable /home/amd_clmc/team/workspace/devel/lib/fl/join_test
[ 18%] Built target join_test
Scanning dependencies of target meta_test
[ 18%] Building CXX object catkin/core-perception/fl/test/CMakeFiles/meta_test.dir/utils/meta_test.cpp.o
Linking CXX executable /home/amd_clmc/team/workspace/devel/lib/fl/meta_test
[ 18%] Built target meta_test
Scanning dependencies of target traits_test
[ 21%] Building CXX object catkin/core-perception/fl/test/CMakeFiles/traits_test.dir/utils/traits_test.cpp.o
Linking CXX executable /home/amd_clmc/team/workspace/devel/lib/fl/traits_test
[ 21%] Built target traits_test
Scanning dependencies of target joint_observation_model_iid_test
[ 24%] Building CXX object catkin/core-perception/fl/test/CMakeFiles/joint_observation_model_iid_test.dir/model/observation/joint_observation_model_iid_test.cpp.o
In file included from /home/amd_clmc/team/workspace/src/catkin/core-perception/fl/test/model/observation/joint_observation_model_iid_test.cpp:21:0:
/home/amd_clmc/team/workspace/src/catkin/core-perception/fl/test/model/observation/../../typecast.hpp:62:38: sorry, unimplemented: cannot expand 'Pairs ...' into a fixed-length argument list
/home/amd_clmc/team/workspace/src/catkin/core-perception/fl/test/model/observation/../../typecast.hpp:74:70: sorry, unimplemented: cannot expand 'Pairs ...' into a fixed-length argument list
make[3]: *** [catkin/core-perception/fl/test/CMakeFiles/joint_observation_model_iid_test.dir/model/observation/joint_observation_model_iid_test.cpp.o] Error 1
make[2]: *** [catkin/core-perception/fl/test/CMakeFiles/joint_observation_model_iid_test.dir/all] Error 2
make[1]: *** [CMakeFiles/run_tests.dir/rule] Error 2
make: *** [run_tests] Error 2
Base path: /home/amd_clmc/team/workspace
Source space: /home/amd_clmc/team/workspace/src
Build space: /home/amd_clmc/team/workspace/build
Devel space: /home/amd_clmc/team/workspace/devel
Install space: /home/amd_clmc/team/workspace/install
####
#### Running command: "make cmake_check_build_system" in "/home/amd_clmc/team/workspace/build"
####
Forcing "-j1" for running unit tests.
####
#### Running command: "make -j run_tests -j1" in "/home/amd_clmc/team/workspace/build"
####
Invoking "make" failed
