failed to run unit-tests:
[  6%] Built target lockfree
[ 13%] Built target rosrt
[ 13%] Built target geometry_msgs_generate_messages_cpp
[ 86%] Built target amd_clmc_ros_messages_generate_messages_cpp
[ 93%] Built target riemo_rt
[ 93%] Built target gtest
[ 93%] Built target gtest_main
[100%] Built target utest_gp_speed_real_data
Scanning dependencies of target run_tests_riemo_rt_gtest_utest_gp_speed_real_data
/home/amd_clmc/team/workspace/devel/lib/riemo_rt/utest_gp_speed_real_data: error while loading shared libraries: libglog.so.0: cannot open shared object file: No such file or directory
Cannot find results, writing failure results to "/home/amd_clmc/team/workspace/build/test_results/riemo_rt/MISSING-gtest-utest_gp_speed_real_data.xml"
-- run_tests.py: execute commands
  /home/amd_clmc/team/workspace/devel/lib/riemo_rt/utest_gp_speed_real_data --gtest_output=xml:/home/amd_clmc/team/workspace/build/test_results/riemo_rt/gtest-utest_gp_speed_real_data.xml
-- run_tests.py: verify result "/home/amd_clmc/team/workspace/build/test_results/riemo_rt/gtest-utest_gp_speed_real_data.xml"
[100%] Built target run_tests_riemo_rt_gtest_utest_gp_speed_real_data
[100%] Built target utest_adaptive_acceleration_controller
Scanning dependencies of target run_tests_riemo_rt_gtest_utest_adaptive_acceleration_controller
/home/amd_clmc/team/workspace/devel/lib/riemo_rt/utest_adaptive_acceleration_controller: error while loading shared libraries: libglog.so.0: cannot open shared object file: No such file or directory
Cannot find results, writing failure results to "/home/amd_clmc/team/workspace/build/test_results/riemo_rt/MISSING-gtest-utest_adaptive_acceleration_controller.xml"
-- run_tests.py: execute commands
  /home/amd_clmc/team/workspace/devel/lib/riemo_rt/utest_adaptive_acceleration_controller --gtest_output=xml:/home/amd_clmc/team/workspace/build/test_results/riemo_rt/gtest-utest_adaptive_acceleration_controller.xml
-- run_tests.py: verify result "/home/amd_clmc/team/workspace/build/test_results/riemo_rt/gtest-utest_adaptive_acceleration_controller.xml"
[100%] Built target run_tests_riemo_rt_gtest_utest_adaptive_acceleration_controller
[100%] Built target utest_time_varying_affine_policy
Scanning dependencies of target run_tests_riemo_rt_gtest_utest_time_varying_affine_policy
/home/amd_clmc/team/workspace/devel/lib/riemo_rt/utest_time_varying_affine_policy: error while loading shared libraries: libglog.so.0: cannot open shared object file: No such file or directory
Cannot find results, writing failure results to "/home/amd_clmc/team/workspace/build/test_results/riemo_rt/MISSING-gtest-utest_time_varying_affine_policy.xml"
-- run_tests.py: execute commands
  /home/amd_clmc/team/workspace/devel/lib/riemo_rt/utest_time_varying_affine_policy --gtest_output=xml:/home/amd_clmc/team/workspace/build/test_results/riemo_rt/gtest-utest_time_varying_affine_policy.xml
-- run_tests.py: verify result "/home/amd_clmc/team/workspace/build/test_results/riemo_rt/gtest-utest_time_varying_affine_policy.xml"
[100%] Built target run_tests_riemo_rt_gtest_utest_time_varying_affine_policy
[100%] Built target utest_utilities
Scanning dependencies of target run_tests_riemo_rt_gtest_utest_utilities
/home/amd_clmc/team/workspace/devel/lib/riemo_rt/utest_utilities: error while loading shared libraries: libglog.so.0: cannot open shared object file: No such file or directory
Cannot find results, writing failure results to "/home/amd_clmc/team/workspace/build/test_results/riemo_rt/MISSING-gtest-utest_utilities.xml"
-- run_tests.py: execute commands
  /home/amd_clmc/team/workspace/devel/lib/riemo_rt/utest_utilities --gtest_output=xml:/home/amd_clmc/team/workspace/build/test_results/riemo_rt/gtest-utest_utilities.xml
-- run_tests.py: verify result "/home/amd_clmc/team/workspace/build/test_results/riemo_rt/gtest-utest_utilities.xml"
[100%] Built target run_tests_riemo_rt_gtest_utest_utilities
Scanning dependencies of target utest_blended_parameters_queue
[100%] Building CXX object catkin/controller_manager/core-sl-ros/riemo_rt/CMakeFiles/utest_blended_parameters_queue.dir/test/utest_blended_parameters_queue_main.cpp.o
Linking CXX executable /home/amd_clmc/team/workspace/devel/lib/riemo_rt/utest_blended_parameters_queue
[100%] Built target utest_blended_parameters_queue
Scanning dependencies of target run_tests_riemo_rt_gtest_utest_blended_parameters_queue
/home/amd_clmc/team/workspace/devel/lib/riemo_rt/utest_blended_parameters_queue: error while loading shared libraries: libglog.so.0: cannot open shared object file: No such file or directory
Cannot find results, writing failure results to "/home/amd_clmc/team/workspace/build/test_results/riemo_rt/MISSING-gtest-utest_blended_parameters_queue.xml"
-- run_tests.py: execute commands
  /home/amd_clmc/team/workspace/devel/lib/riemo_rt/utest_blended_parameters_queue --gtest_output=xml:/home/amd_clmc/team/workspace/build/test_results/riemo_rt/gtest-utest_blended_parameters_queue.xml
-- run_tests.py: verify result "/home/amd_clmc/team/workspace/build/test_results/riemo_rt/gtest-utest_blended_parameters_queue.xml"
[100%] Built target run_tests_riemo_rt_gtest_utest_blended_parameters_queue
[100%] Built target utest_blended_controller_queue
Scanning dependencies of target run_tests_riemo_rt_gtest_utest_blended_controller_queue
/home/amd_clmc/team/workspace/devel/lib/riemo_rt/utest_blended_controller_queue: error while loading shared libraries: libglog.so.0: cannot open shared object file: No such file or directory
Cannot find results, writing failure results to "/home/amd_clmc/team/workspace/build/test_results/riemo_rt/MISSING-gtest-utest_blended_controller_queue.xml"
-- run_tests.py: execute commands
  /home/amd_clmc/team/workspace/devel/lib/riemo_rt/utest_blended_controller_queue --gtest_output=xml:/home/amd_clmc/team/workspace/build/test_results/riemo_rt/gtest-utest_blended_controller_queue.xml
-- run_tests.py: verify result "/home/amd_clmc/team/workspace/build/test_results/riemo_rt/gtest-utest_blended_controller_queue.xml"
[100%] Built target run_tests_riemo_rt_gtest_utest_blended_controller_queue
[100%] Built target utest_rt_safe_allocation
Scanning dependencies of target run_tests_riemo_rt_gtest_utest_rt_safe_allocation
/home/amd_clmc/team/workspace/devel/lib/riemo_rt/utest_rt_safe_allocation: error while loading shared libraries: libglog.so.0: cannot open shared object file: No such file or directory
Cannot find results, writing failure results to "/home/amd_clmc/team/workspace/build/test_results/riemo_rt/MISSING-gtest-utest_rt_safe_allocation.xml"
-- run_tests.py: execute commands
  /home/amd_clmc/team/workspace/devel/lib/riemo_rt/utest_rt_safe_allocation --gtest_output=xml:/home/amd_clmc/team/workspace/build/test_results/riemo_rt/gtest-utest_rt_safe_allocation.xml
-- run_tests.py: verify result "/home/amd_clmc/team/workspace/build/test_results/riemo_rt/gtest-utest_rt_safe_allocation.xml"
[100%] Built target run_tests_riemo_rt_gtest_utest_rt_safe_allocation
[100%] Built target utest_rt_controller
Scanning dependencies of target run_tests_riemo_rt_gtest_utest_rt_controller
/home/amd_clmc/team/workspace/devel/lib/riemo_rt/utest_rt_controller: error while loading shared libraries: libglog.so.0: cannot open shared object file: No such file or directory
Cannot find results, writing failure results to "/home/amd_clmc/team/workspace/build/test_results/riemo_rt/MISSING-gtest-utest_rt_controller.xml"
-- run_tests.py: execute commands
  /home/amd_clmc/team/workspace/devel/lib/riemo_rt/utest_rt_controller --gtest_output=xml:/home/amd_clmc/team/workspace/build/test_results/riemo_rt/gtest-utest_rt_controller.xml
-- run_tests.py: verify result "/home/amd_clmc/team/workspace/build/test_results/riemo_rt/gtest-utest_rt_controller.xml"
[100%] Built target run_tests_riemo_rt_gtest_utest_rt_controller
Scanning dependencies of target utest_gp
[100%] Building CXX object catkin/controller_manager/core-sl-ros/riemo_rt/CMakeFiles/utest_gp.dir/test/utest_gp_main.cpp.o
/home/amd_clmc/team/workspace/src/catkin/controller_manager/core-sl-ros/riemo_rt/test/utest_gp_main.cpp: In member function 'virtual void UtilitiesTest_TestValueWithDefault_Test::TestBody()':
/home/amd_clmc/team/workspace/src/catkin/controller_manager/core-sl-ros/riemo_rt/test/utest_gp_main.cpp:55:3: error: 'RTVectorXf' is not a member of 'riemo_rt'
/home/amd_clmc/team/workspace/src/catkin/controller_manager/core-sl-ros/riemo_rt/test/utest_gp_main.cpp:55:24: error: expected ';' before 'x'
/home/amd_clmc/team/workspace/src/catkin/controller_manager/core-sl-ros/riemo_rt/test/utest_gp_main.cpp:57:3: error: 'x' was not declared in this scope
/home/amd_clmc/team/workspace/src/catkin/controller_manager/core-sl-ros/riemo_rt/test/utest_gp_main.cpp:106:3: error: 'RTVectorXf' was not declared in this scope
/home/amd_clmc/team/workspace/src/catkin/controller_manager/core-sl-ros/riemo_rt/test/utest_gp_main.cpp:106:14: error: expected ';' before 'xtest'
/home/amd_clmc/team/workspace/src/catkin/controller_manager/core-sl-ros/riemo_rt/test/utest_gp_main.cpp:107:3: error: 'xtest' was not declared in this scope
/home/amd_clmc/team/workspace/src/catkin/controller_manager/core-sl-ros/riemo_rt/test/utest_gp_main.cpp:111:39: error: no matching function for call to 'riemo_rt::GaussianProcessRT::predict_prefilled(float&, float&)'
/home/amd_clmc/team/workspace/src/catkin/controller_manager/core-sl-ros/riemo_rt/test/utest_gp_main.cpp:111:39: note: candidate is:
/home/amd_clmc/team/workspace/src/catkin/controller_manager/core-sl-ros/riemo_rt/include/riemo_rt/gp.h:71:12: note: double riemo_rt::GaussianProcessRT::predict_prefilled(double&, double&)
/home/amd_clmc/team/workspace/src/catkin/controller_manager/core-sl-ros/riemo_rt/include/riemo_rt/gp.h:71:12: note:   no known conversion for argument 1 from 'float' to 'double&'
make[3]: *** [catkin/controller_manager/core-sl-ros/riemo_rt/CMakeFiles/utest_gp.dir/test/utest_gp_main.cpp.o] Error 1
make[2]: *** [catkin/controller_manager/core-sl-ros/riemo_rt/CMakeFiles/utest_gp.dir/all] Error 2
make[1]: *** [catkin/controller_manager/core-sl-ros/riemo_rt/CMakeFiles/run_tests_riemo_rt.dir/rule] Error 2
make: *** [run_tests_riemo_rt] Error 2
Base path: /home/amd_clmc/team/workspace
Source space: /home/amd_clmc/team/workspace/src
Build space: /home/amd_clmc/team/workspace/build
Devel space: /home/amd_clmc/team/workspace/devel
Install space: /home/amd_clmc/team/workspace/install
####
#### Running command: "make cmake_check_build_system" in "/home/amd_clmc/team/workspace/build"
####
Forcing "-j1" for running unit tests.
####
#### Running command: "make -j run_tests_riemo_rt -j1" in "/home/amd_clmc/team/workspace/build"
####
Invoking "make" failed
