COMMAND:catkin_make -j install
------------------------------
-- The C compiler identification is GNU
-- The CXX compiler identification is GNU
-- Check for working C compiler: /usr/bin/gcc
-- Check for working C compiler: /usr/bin/gcc -- works
-- Detecting C compiler ABI info
-- Detecting C compiler ABI info - done
-- Check for working CXX compiler: /usr/bin/c++
-- Check for working CXX compiler: /usr/bin/c++ -- works
-- Detecting CXX compiler ABI info
-- Detecting CXX compiler ABI info - done
-- Using CATKIN_DEVEL_PREFIX: /home/amd_clmc/team/workspace/devel
-- Using CMAKE_PREFIX_PATH: /opt/ros/groovy
-- This workspace overlays: /opt/ros/groovy
-- Found PythonInterp: /usr/bin/python (found version "2.7.3")
-- Using PYTHON_EXECUTABLE: /usr/bin/python
-- Python version: 2.7
-- Using Debian Python package layout
-- Using CATKIN_ENABLE_TESTING: ON
-- Call enable_testing()
-- Using CATKIN_TEST_RESULTS_DIR: /home/amd_clmc/team/workspace/build/test_results
-- Looking for include files CMAKE_HAVE_PTHREAD_H
-- Looking for include files CMAKE_HAVE_PTHREAD_H - found
-- Looking for pthread_create in pthreads
-- Looking for pthread_create in pthreads - not found
-- Looking for pthread_create in pthread
-- Looking for pthread_create in pthread - found
-- Found Threads: TRUE 
-- Found gtest sources under '/usr/src/gtest': gtests will be built
-- catkin 0.5.90
-- BUILD_SHARED_LIBS is on
-- ~~~~~~~~~~~~~~~~~~~~~~~~~~~~~~~~~~~~~~~~~~~~~~~~~
-- ~~  traversing 72 packages in topological order:
-- ~~  - arm_cdlbt
-- ~~  - arm_can_control_tools
-- ~~  - catkin_gflags
-- ~~  - catkin_glog
-- ~~  - conversions
-- ~~  - graspit
-- ~~  - graspit_dbase_tasks
-- ~~  - dbase_grasp_planner
-- ~~  - graspit_simulator
-- ~~  - qp_oases
-- ~~  - quadprog
-- ~~  - ros_realtime (metapackage)
-- ~~  - allocators
-- ~~  - rosatomic
-- ~~  - lockfree
-- ~~  - rt_timer
-- ~~  - splines
-- ~~  - start_robot
-- ~~  - amd_clmc_ros_messages
-- ~~  - riemo_grasping_msgs
-- ~~  - graspit_ros_planning_msgs
-- ~~  - utilities
-- ~~  - lwpr
-- ~~  - xenomai_ros
-- ~~  - robot_planning_client
-- ~~  - roscpp_utilities
-- ~~  - rgbd_capture
-- ~~  - rosrt
-- ~~  - riemo_rt
-- ~~  - ros_rt_test
-- ~~  - sl
-- ~~  - arm
-- ~~  - arm_test_task
-- ~~  - sl_ros_servo
-- ~~  - python_ros_utils
-- ~~  - sl_conversions
-- ~~  - sl_utilities
-- ~~  - sl_controller_manager
-- ~~  - sl_barrett_controllers
-- ~~  - sl_biotac_controller_data
-- ~~  - controller_manager_task_arm
-- ~~  - arm_user
-- ~~  - sl_biotac_controllers
-- ~~  - sl_controllers
-- ~~  - sl_head_arm_controllers
-- ~~  - task_recorder2_msgs
-- ~~  - ar_track_alvar
-- ~~  - graspit_ros_planning
-- ~~  - arm_robot_model
-- ~~  - arm_moveit_config
-- ~~  - ros_servo_arm
-- ~~  - usc_utilities
-- ~~  - learnable_cost_function
-- ~~  - constrained_inverse_kinematics
-- ~~  - robot_info
-- ~~  - jacobian_utilities
-- ~~  - sl_barrett_controller_interface
-- ~~  - sl_controller_interface
-- ~~  - arm_learn_hand_eye_calibration
-- ~~  - controller_manager_examples_arm
-- ~~  - robot_kinematics_cost_function
-- ~~  - robot_inverse_kinematics
-- ~~  - sl_biotac_controller_interface
-- ~~  - sl_head_arm_controller_interface
-- ~~  - arm_verify_calibration
-- ~~  - extrinsic_camera_calibration
-- ~~  - sl_behaviors
-- ~~  - robot_command_line
-- ~~  - task_recorder2_utilities
-- ~~  - gui_utilities
-- ~~  - verify_extrinsic_camera_calibration
-- ~~  - robot_planning_srv
-- ~~~~~~~~~~~~~~~~~~~~~~~~~~~~~~~~~~~~~~~~~~~~~~~~~
-- +++ processing catkin package: 'arm_cdlbt'
-- ==> add_subdirectory(catkin/robots/arm-barrett/cdlbt)
-- MACHTYPE x86_64
Detected MACHTYPE=x86_64
CMake Warning at cmake/sl_cmake_global/LAB.cmake:182 (message):
  HERMES HOSTS SET TO ATHENA-ROBOT IN SRC/CMAKE/SL_CMAKE_GLOBAL/LAB.CMAKE
Call Stack (most recent call first):
  catkin/robots/arm-barrett/cdlbt/CMakeLists.txt:4 (include)


-- HOST_NAME=amd-clmc-12-04-ci
-- HOST=amd-clmc-12-04-ci
-- LAB=AMD
-- CMAKE_C_FLAGS=-Wall -Wno-unused -Wno-strict-aliasing 
-- CMAKE_CPP_FLAGS=-Wall -Wno-unused -Wno-strict-aliasing 
-- CMAKE_INCLUDE_PATH=
-- CMAKE_LIBRARY_PATH=
-- LAB_STD_LIBS=pthread;rt;edit;curses;nsl;glut;GL;GLU;X11;Xmu;m
-- LAB_LIBDIR=lib/x86_64
-- LAB_INCLUDES=include
-- LAB_BINDIR=bin/x86_64
-- Looking for XOpenDisplay in /usr/lib/x86_64-linux-gnu/libX11.so;/usr/lib/x86_64-linux-gnu/libXext.so
-- Looking for XOpenDisplay in /usr/lib/x86_64-linux-gnu/libX11.so;/usr/lib/x86_64-linux-gnu/libXext.so - found
-- Looking for gethostbyname
-- Looking for gethostbyname - found
-- Looking for connect
-- Looking for connect - found
-- Looking for remove
-- Looking for remove - found
-- Looking for shmat
-- Looking for shmat - found
-- Looking for IceConnectionNumber in ICE
-- Looking for IceConnectionNumber in ICE - found
-- Found X11: /usr/lib/x86_64-linux-gnu/libX11.so
-- Boost version: 1.46.1
-- Found the following Boost libraries:
--   thread
-- +++ processing catkin package: 'arm_can_control_tools'
-- ==> add_subdirectory(catkin/robots/arm-barrett/canControlTools)
-- MACHTYPE x86_64
Detected MACHTYPE=x86_64
CMake Warning at cmake/sl_cmake_global/LAB.cmake:182 (message):
  HERMES HOSTS SET TO ATHENA-ROBOT IN SRC/CMAKE/SL_CMAKE_GLOBAL/LAB.CMAKE
Call Stack (most recent call first):
  catkin/robots/arm-barrett/canControlTools/CMakeLists.txt:4 (include)


-- HOST_NAME=amd-clmc-12-04-ci
-- HOST=amd-clmc-12-04-ci
-- LAB=AMD
-- CMAKE_C_FLAGS=-Wall -Wno-unused -Wno-strict-aliasing 
-- CMAKE_CPP_FLAGS=-Wall -Wno-unused -Wno-strict-aliasing 
-- CMAKE_INCLUDE_PATH=
-- CMAKE_LIBRARY_PATH=
-- LAB_STD_LIBS=pthread;rt;edit;curses;nsl;glut;GL;GLU;X11;Xmu;m
-- LAB_LIBDIR=lib/x86_64
-- LAB_INCLUDES=include
-- LAB_BINDIR=bin/x86_64
-- +++ processing catkin package: 'catkin_gflags'
-- ==> add_subdirectory(catkin/third_party/catkin-gflags)
-- Found GFLAGS: /usr/local/include 
-- Found gflags  (include: /usr/local/include, library: /usr/local/lib/libgflags.a)
-- +++ processing catkin package: 'catkin_glog'
-- ==> add_subdirectory(catkin/third_party/catkin-glog)
-- Found GLOG: /usr/local/include 
-- Found glog    (include: /usr/local/include, library: /usr/local/lib/libglog.so)
-- +++ processing catkin package: 'conversions'
-- ==> add_subdirectory(catkin/ros/usc-clmc-catkin-pkg/usc_utils/conversions)
-- checking for module 'eigen3'
--   found eigen3, version 3.0.5
-- Found Eigen: /usr/include/eigen3 
-- Eigen found (include: /usr/include/eigen3)
-- +++ processing catkin package: 'graspit'
-- ==> add_subdirectory(catkin/third_party/ros_graspit/graspit_simulator/graspit)
CMake Error at /home/amd_clmc/team/workspace/devel/share/catkin/cmake/catkinConfig.cmake:75 (find_package):
  Could not find a configuration file for package household_objects_database.

  Set household_objects_database_DIR to the directory containing a CMake
  configuration file for household_objects_database.  The file will have one
  of the following names:

    household_objects_databaseConfig.cmake
    household_objects_database-config.cmake

Call Stack (most recent call first):
  catkin/third_party/ros_graspit/graspit_simulator/graspit/CMakeLists.txt:7 (find_package)


[rospack] Error: stack/package graspit not found
[rospack] Error: stack/package graspit not found
[rospack] Error: stack/package graspit not found
cd graspit_source && qmake "EXT_DESTDIR = /bin" "ADDITIONAL_INCLUDE_DIR=/include" "ADDITIONAL_LINK_FLAGS=-Wl,-rpath,/lib " graspit.pro && make
Package household_objects_database was not found in the pkg-config search path.
Perhaps you should add the directory containing `household_objects_database.pc'
to the PKG_CONFIG_PATH environment variable
No package 'household_objects_database' found
Package household_objects_database was not found in the pkg-config search path.
Perhaps you should add the directory containing `household_objects_database.pc'
to the PKG_CONFIG_PATH environment variable
No package 'household_objects_database' found
make[1]: Entering directory `/home/amd_clmc/team/workspace/src/catkin/third_party/ros_graspit/graspit_simulator/graspit/graspit_source'
g++ -c -m64 -pipe -O2 -Wall -W -D_REENTRANT -DQT_WEBKIT -DGRASPIT_EXPORTS -DGRASPIT_RELEASE -DGRASPIT_ROS -DROS_DATABASE_MANAGER -DGRASPIT_COLLISION -DPLY_READER -DCGDB_ENABLED -DBATCH_PROCESSING -DQT_NO_DEBUG -DQT_QT3SUPPORT_LIB -DQT3_SUPPORT -DQT_SQL_LIB -DQT_GUI_LIB -DQT_CORE_LIB -DQT_SHARED -I/usr/share/qt4/mkspecs/linux-g++-64 -I. -I/usr/include/qt4/QtCore -I/usr/include/qt4/QtGui -I/usr/include/qt4/QtSql -I/usr/include/qt4/Qt3Support -I/usr/include/qt4 -I/usr/include/qhull -I/include -I/include -Iqhull -I/include -Isrc -Isrc/Collision -Iinclude -Iinclude/math -Iinclude/Planner -Iinclude/EGPlanner -Iui -Iui/Planner -Iui/EGPlanner -Isrc/Collision/Graspit -Iui -Iui/Planner -Iui/EGPlanner -Itinyxml -Iply -Isrc/DBase -Isrc/DBase/DBPlanner -Isrc/optimizer -I.moc -Iui -o .obj/ros_database_manager.o src/DBase/DBPlanner/ros_database_manager.cpp
src/DBase/DBPlanner/ros_database_manager.cpp:28:57: fatal error: household_objects_database/objects_database.h: No such file or directory
compilation terminated.
make[1]: *** [.obj/ros_database_manager.o] Error 1
make[1]: Leaving directory `/home/amd_clmc/team/workspace/src/catkin/third_party/ros_graspit/graspit_simulator/graspit/graspit_source'
make: *** [bin/graspit] Error 2
CMake Error at catkin/third_party/ros_graspit/graspit_simulator/graspit/CMakeLists.txt:32 (message):
  Build of graspit failed


-- Configuring incomplete, errors occurred!
Base path: /home/amd_clmc/team/workspace
Source space: /home/amd_clmc/team/workspace/src
Build space: /home/amd_clmc/team/workspace/build
Devel space: /home/amd_clmc/team/workspace/devel
Install space: /home/amd_clmc/team/workspace/install
####
#### Running command: "cmake /home/amd_clmc/team/workspace/src -DCATKIN_DEVEL_PREFIX=/home/amd_clmc/team/workspace/devel -DCMAKE_INSTALL_PREFIX=/home/amd_clmc/team/workspace/install" in "/home/amd_clmc/team/workspace/build"
####
Invoking "cmake" failed
