COMMAND:catkin_make -j install
------------------------------
WARNING: Package name "Eigen" does not follow the naming conventions. It should start with a lower case letter and only contain lower case letters, digits and underscores.
WARNING: Package name "YAML_CPP" does not follow the naming conventions. It should start with a lower case letter and only contain lower case letters, digits and underscores.
WARNING: Package name "footsteps_planner_MIQCQP_sl" does not follow the naming conventions. It should start with a lower case letter and only contain lower case letters, digits and underscores.
WARNING: Package name "footsteps_planner_MIQCQP" does not follow the naming conventions. It should start with a lower case letter and only contain lower case letters, digits and underscores.
-- The C compiler identification is GNU
-- The CXX compiler identification is GNU
-- Check for working C compiler: /usr/bin/gcc
-- Check for working C compiler: /usr/bin/gcc -- works
-- Detecting C compiler ABI info
-- Detecting C compiler ABI info - done
-- Check for working CXX compiler: /usr/bin/c++
-- Check for working CXX compiler: /usr/bin/c++ -- works
-- Detecting CXX compiler ABI info
-- Detecting CXX compiler ABI info - done
-- Using CATKIN_DEVEL_PREFIX: /home/amd_clmc/team/workspace/devel
-- Using CMAKE_PREFIX_PATH: /opt/ros/groovy
-- This workspace overlays: /opt/ros/groovy
-- Found PythonInterp: /usr/bin/python (found version "2.7.3")
-- Using PYTHON_EXECUTABLE: /usr/bin/python
-- Python version: 2.7
-- Using Debian Python package layout
-- Using CATKIN_ENABLE_TESTING: ON
-- Call enable_testing()
-- Using CATKIN_TEST_RESULTS_DIR: /home/amd_clmc/team/workspace/build/test_results
-- Looking for include files CMAKE_HAVE_PTHREAD_H
-- Looking for include files CMAKE_HAVE_PTHREAD_H - found
-- Looking for pthread_create in pthreads
-- Looking for pthread_create in pthreads - not found
-- Looking for pthread_create in pthread
-- Looking for pthread_create in pthread - found
-- Found Threads: TRUE 
-- Found gtest sources under '/usr/src/gtest': gtests will be built
-- catkin 0.5.90
-- BUILD_SHARED_LIBS is on
WARNING: Package name "Eigen" does not follow the naming conventions. It should start with a lower case letter and only contain lower case letters, digits and underscores.
WARNING: Package name "YAML_CPP" does not follow the naming conventions. It should start with a lower case letter and only contain lower case letters, digits and underscores.
WARNING: Package name "footsteps_planner_MIQCQP_sl" does not follow the naming conventions. It should start with a lower case letter and only contain lower case letters, digits and underscores.
WARNING: Package name "footsteps_planner_MIQCQP" does not follow the naming conventions. It should start with a lower case letter and only contain lower case letters, digits and underscores.
-- ~~~~~~~~~~~~~~~~~~~~~~~~~~~~~~~~~~~~~~~~~~~~~~~~~
-- ~~  traversing 59 packages in topological order:
-- ~~  - Eigen
-- ~~  - YAML_CPP
-- ~~  - kalman_filters
-- ~~  - nonlinear_mpc
-- ~~  - rbdl
-- ~~  - robot_math
-- ~~  - rigid_body_dynamics
-- ~~  - robot_properties
-- ~~  - robot_properties_athena
-- ~~  - robot_properties_hermes_full
-- ~~  - robot_properties_hermes_lower
-- ~~  - sl_config
-- ~~  - snopt_cpp
-- ~~  - utilities
-- ~~  - io_tools
-- ~~  - floating_base_tools_athena
-- ~~  - floating_base_tools_hermes_full
-- ~~  - floating_base_tools_hermes_lower
-- ~~  - lwpr
-- ~~  - standard_filters
-- ~~  - xenomai_ros
-- ~~  - ati_ft_sensor
-- ~~  - sl
-- ~~  - hermes_communication_tools
-- ~~  - hermes_core
-- ~~  - athena
-- ~~  - hermes_full
-- ~~  - hermes_lower
-- ~~  - io_tools_sl
-- ~~  - floating_base_tools_sl_athena
-- ~~  - biped_locomotion_athena
-- ~~  - base_state_estimators_athena
-- ~~  - floating_base_tools_sl_hermes_full
-- ~~  - biped_locomotion_hermes_full
-- ~~  - floating_base_tools_sl_hermes_lower
-- ~~  - biped_locomotion_hermes_lower
-- ~~  - base_state_estimators_hermes_lower
-- ~~  - footsteps_planner_MIQCQP
-- ~~  - footsteps_planner_MIQCQP_sl
-- ~~  - lqr_hermes_lower
-- ~~  - noise_simulator_athena
-- ~~  - noise_simulator_hermes_lower
-- ~~  - joint_state_estimators_hermes_lower
-- ~~  - optoforce_sensor
-- ~~  - testing_tests
-- ~~  - vicon_bridge
-- ~~  - visualization_tools_athena
-- ~~  - humanoid_tests_athena
-- ~~  - visualization_tools_hermes_full
-- ~~  - hermes_full_user
-- ~~  - visualization_tools_hermes_lower
-- ~~  - humanoid_tests_hermes_lower
-- ~~  - walking_tools_athena
-- ~~  - example_tasks_athena
-- ~~  - athena_user
-- ~~  - walking_tools_hermes_lower
-- ~~  - example_tasks_hermes_lower
-- ~~  - julia_sl_interface_hermes_lower
-- ~~  - hermes_lower_user
-- ~~~~~~~~~~~~~~~~~~~~~~~~~~~~~~~~~~~~~~~~~~~~~~~~~
-- +++ processing catkin package: 'Eigen'
-- ==> add_subdirectory(catkin/third_party/Eigen)
WARNING: Package name "Eigen" does not follow the naming conventions. It should start with a lower case letter and only contain lower case letters, digits and underscores.
-- +++ processing catkin package: 'YAML_CPP'
-- ==> add_subdirectory(catkin/third_party/YAML_CPP)
WARNING: Package name "YAML_CPP" does not follow the naming conventions. It should start with a lower case letter and only contain lower case letters, digits and underscores.
-- Boost version: 1.46.1
-- Performing Test FLAG_WEXTRA
-- Performing Test FLAG_WEXTRA - Success
-- +++ processing catkin package: 'kalman_filters'
-- ==> add_subdirectory(catkin/humanoids/humanoid_control/filtering_tools/kalman_filters)
-- +++ processing catkin package: 'nonlinear_mpc'
-- ==> add_subdirectory(catkin/humanoids/humanoid_control/nonlinear_mpc)
-- +++ processing catkin package: 'rbdl'
-- ==> add_subdirectory(catkin/third_party/rbdl)
-- Setting build type to 'Release' as none was specified.
-- ROS found: /opt/ros/groovy/share/ros
-- +++ processing catkin package: 'robot_math'
-- ==> add_subdirectory(catkin/humanoids/humanoid_control/robot_math)
-- +++ processing catkin package: 'rigid_body_dynamics'
-- ==> add_subdirectory(catkin/humanoids/humanoid_control/rigid_body_dynamics)
-- +++ processing catkin package: 'robot_properties'
-- ==> add_subdirectory(catkin/humanoids/humanoid_control/robot_properties/robot_properties)
-- +++ processing catkin package: 'robot_properties_athena'
-- ==> add_subdirectory(catkin/humanoids/humanoid_control/robot_properties/robot_properties_athena)
-- +++ processing catkin package: 'robot_properties_hermes_full'
-- ==> add_subdirectory(catkin/humanoids/humanoid_control/robot_properties/robot_properties_hermes_full)
-- +++ processing catkin package: 'robot_properties_hermes_lower'
-- ==> add_subdirectory(catkin/humanoids/humanoid_control/robot_properties/robot_properties_hermes_lower)
-- +++ processing catkin package: 'sl_config'
-- ==> add_subdirectory(catkin/core-sl/sl_config)
-- MACHTYPE=x86_64
-- +++ processing catkin package: 'snopt_cpp'
-- ==> add_subdirectory(catkin/third_party/snopt_cpp)
-- +++ processing catkin package: 'utilities'
-- ==> add_subdirectory(catkin/core-sl/locomotion-utilities)
-- MACHTYPE=x86_64
-- +++ processing catkin package: 'io_tools'
-- ==> add_subdirectory(catkin/humanoids/humanoid_control/io_tools)
-- +++ processing catkin package: 'floating_base_tools_athena'
-- ==> add_subdirectory(catkin/humanoids/humanoid_control/floating_base_tools_common/floating_base_tools_athena)
-- +++ processing catkin package: 'floating_base_tools_hermes_full'
-- ==> add_subdirectory(catkin/humanoids/humanoid_control/floating_base_tools_common/floating_base_tools_hermes_full)
-- +++ processing catkin package: 'floating_base_tools_hermes_lower'
-- ==> add_subdirectory(catkin/humanoids/humanoid_control/floating_base_tools_common/floating_base_tools_hermes_lower)
-- +++ processing catkin package: 'lwpr'
-- ==> add_subdirectory(catkin/core-sl/locomotion-lwpr)
-- MACHTYPE=x86_64
-- +++ processing catkin package: 'standard_filters'
-- ==> add_subdirectory(catkin/humanoids/humanoid_control/filtering_tools/standard_filters)
-- +++ processing catkin package: 'xenomai_ros'
-- ==> add_subdirectory(catkin/ros/xenomai-ros)
-- +++ processing catkin package: 'ati_ft_sensor'
-- ==> add_subdirectory(catkin/humanoids/humanoid_hardware/ati_ft_sensor)
-- xenomai NOT found. (/usr/local;/usr)
-- Could NOT find Xenomai (missing:  Xenomai_ROOT_DIR Xenomai_LIBRARY_NATIVE Xenomai_LIBRARY_XENOMAI Xenomai_LIBRARY_PTHREAD_RT Xenomai_LIBRARY_RTDM Xenomai_VERSION Xenomai_LIBRARY_RTDK) 
-- Boost version: 1.46.1
-- Found the following Boost libraries:
--   system
--   filesystem
--   thread
-- Found Doxygen: /usr/bin/doxygen 
-- +++ processing catkin package: 'sl'
-- ==> add_subdirectory(catkin/core-sl/locomotion-sl)
-- MACHTYPE=x86_64
-- checking for module 'libedit'
--   found libedit, version 2.11
-- Found libedit: /usr/lib/x86_64-linux-gnu/libedit.so
-- Looking for XOpenDisplay in /usr/lib/x86_64-linux-gnu/libX11.so;/usr/lib/x86_64-linux-gnu/libXext.so
-- Looking for XOpenDisplay in /usr/lib/x86_64-linux-gnu/libX11.so;/usr/lib/x86_64-linux-gnu/libXext.so - found
-- Looking for gethostbyname
-- Looking for gethostbyname - found
-- Looking for connect
-- Looking for connect - found
-- Looking for remove
-- Looking for remove - found
-- Looking for shmat
-- Looking for shmat - found
-- Looking for IceConnectionNumber in ICE
-- Looking for IceConnectionNumber in ICE - found
-- Found X11: /usr/lib/x86_64-linux-gnu/libX11.so
-- Found OpenGL: /usr/lib/x86_64-linux-gnu/libGL.so 
-- Found LibRt: /usr/lib/x86_64-linux-gnu/librt.so 
-- GLUT_LIBRARIES=/usr/lib/x86_64-linux-gnu/libglut.so;/usr/lib/x86_64-linux-gnu/libXmu.so;/usr/lib/x86_64-linux-gnu/libXi.so
-- GLUT_INCLUDE_DIR=/usr/include
-- GLUT_FOUND: YES
-- Libedit_INCLUDE_DIRS=/usr/include
-- Libedit_LIBRARIES=/usr/lib/x86_64-linux-gnu/libedit.so
-- xenomai NOT found. (/usr/local;/usr)
-- Could NOT find Xenomai (missing:  Xenomai_ROOT_DIR Xenomai_LIBRARY_NATIVE Xenomai_LIBRARY_XENOMAI Xenomai_LIBRARY_PTHREAD_RT Xenomai_LIBRARY_RTDM Xenomai_VERSION Xenomai_LIBRARY_RTDK) 
-- SLros dependencies found; compiling ROS servo.
-- +++ processing catkin package: 'hermes_communication_tools'
-- ==> add_subdirectory(catkin/humanoids/humanoid_hardware/cb_communication)
-- MACHTYPE=x86_64
-- xenomai NOT found. (/usr/local;/usr)
-- Could NOT find Xenomai (missing:  Xenomai_ROOT_DIR Xenomai_LIBRARY_NATIVE Xenomai_LIBRARY_XENOMAI Xenomai_LIBRARY_PTHREAD_RT Xenomai_LIBRARY_RTDM Xenomai_VERSION Xenomai_LIBRARY_RTDK) 
-- +++ processing catkin package: 'hermes_core'
-- ==> add_subdirectory(catkin/robots/hermesCore)
-- +++ processing catkin package: 'athena'
-- ==> add_subdirectory(catkin/robots/athena)
-- MACHTYPE=x86_64
-- xenomai NOT found. (/usr/local;/usr)
-- Could NOT find Xenomai (missing:  Xenomai_ROOT_DIR Xenomai_LIBRARY_NATIVE Xenomai_LIBRARY_XENOMAI Xenomai_LIBRARY_PTHREAD_RT Xenomai_LIBRARY_RTDM Xenomai_VERSION Xenomai_LIBRARY_RTDK) 
-- athena: compiling on amd-clmc-12-04-ci; simulation only.
-- +++ processing catkin package: 'hermes_full'
-- ==> add_subdirectory(catkin/robots/hermesFull)
-- MACHTYPE=x86_64
-- xenomai NOT found. (/usr/local;/usr)
-- Could NOT find Xenomai (missing:  Xenomai_ROOT_DIR Xenomai_LIBRARY_NATIVE Xenomai_LIBRARY_XENOMAI Xenomai_LIBRARY_PTHREAD_RT Xenomai_LIBRARY_RTDM Xenomai_VERSION Xenomai_LIBRARY_RTDK) 
-- hermes_full: compiling on amd-clmc-12-04-ci; simulation only.
-- +++ processing catkin package: 'hermes_lower'
-- ==> add_subdirectory(catkin/robots/hermesLower)
-- MACHTYPE=x86_64
-- xenomai NOT found. (/usr/local;/usr)
-- Could NOT find Xenomai (missing:  Xenomai_ROOT_DIR Xenomai_LIBRARY_NATIVE Xenomai_LIBRARY_XENOMAI Xenomai_LIBRARY_PTHREAD_RT Xenomai_LIBRARY_RTDM Xenomai_VERSION Xenomai_LIBRARY_RTDK) 
-- hermes_lower: compiling on amd-clmc-12-04-ci; simulation only.
-- +++ processing catkin package: 'io_tools_sl'
-- ==> add_subdirectory(catkin/humanoids/humanoid_control/io_tools_sl)
-- +++ processing catkin package: 'floating_base_tools_sl_athena'
-- ==> add_subdirectory(catkin/humanoids/humanoid_control/floating_base_tools_sl/floating_base_tools_sl_athena)
-- MACHTYPE=x86_64
-- +++ processing catkin package: 'biped_locomotion_athena'
-- ==> add_subdirectory(catkin/humanoids/humanoid_control/biped_locomotion/biped_locomotion_athena)
-- xenomai NOT found. (/usr/local;/usr)
-- Could NOT find Xenomai (missing:  Xenomai_ROOT_DIR Xenomai_LIBRARY_NATIVE Xenomai_LIBRARY_XENOMAI Xenomai_LIBRARY_PTHREAD_RT Xenomai_LIBRARY_RTDM Xenomai_VERSION Xenomai_LIBRARY_RTDK) 
-- +++ processing catkin package: 'base_state_estimators_athena'
-- ==> add_subdirectory(catkin/humanoids/humanoid_control/filtering_tools/base_state_estimators/base_state_estimators_athena)
-- +++ processing catkin package: 'floating_base_tools_sl_hermes_full'
-- ==> add_subdirectory(catkin/humanoids/humanoid_control/floating_base_tools_sl/floating_base_tools_sl_hermes_full)
-- MACHTYPE=x86_64
-- +++ processing catkin package: 'biped_locomotion_hermes_full'
-- ==> add_subdirectory(catkin/humanoids/humanoid_control/biped_locomotion/biped_locomotion_hermes_full)
-- xenomai NOT found. (/usr/local;/usr)
-- Could NOT find Xenomai (missing:  Xenomai_ROOT_DIR Xenomai_LIBRARY_NATIVE Xenomai_LIBRARY_XENOMAI Xenomai_LIBRARY_PTHREAD_RT Xenomai_LIBRARY_RTDM Xenomai_VERSION Xenomai_LIBRARY_RTDK) 
-- +++ processing catkin package: 'floating_base_tools_sl_hermes_lower'
-- ==> add_subdirectory(catkin/humanoids/humanoid_control/floating_base_tools_sl/floating_base_tools_sl_hermes_lower)
-- MACHTYPE=x86_64
-- +++ processing catkin package: 'biped_locomotion_hermes_lower'
-- ==> add_subdirectory(catkin/humanoids/humanoid_control/biped_locomotion/biped_locomotion_hermes_lower)
-- xenomai NOT found. (/usr/local;/usr)
-- Could NOT find Xenomai (missing:  Xenomai_ROOT_DIR Xenomai_LIBRARY_NATIVE Xenomai_LIBRARY_XENOMAI Xenomai_LIBRARY_PTHREAD_RT Xenomai_LIBRARY_RTDM Xenomai_VERSION Xenomai_LIBRARY_RTDK) 
-- +++ processing catkin package: 'base_state_estimators_hermes_lower'
-- ==> add_subdirectory(catkin/humanoids/humanoid_control/filtering_tools/base_state_estimators/base_state_estimators_hermes_lower)
-- +++ processing catkin package: 'footsteps_planner_MIQCQP'
-- ==> add_subdirectory(catkin/humanoids/humanoid_control/contacts_planning/footsteps_planner_MIQCQP)
-- Boost version: 1.46.1
-- Found the following Boost libraries:
--   system
--   program_options
--   filesystem
-- +++ processing catkin package: 'footsteps_planner_MIQCQP_sl'
-- ==> add_subdirectory(catkin/humanoids/humanoid_control/contacts_planning_sl/footsteps_planner_MIQCQP_sl)
-- +++ processing catkin package: 'lqr_hermes_lower'
-- ==> add_subdirectory(catkin/humanoids/humanoid_control/lqr/lqr_hermes_lower)
-- xenomai NOT found. (/usr/local;/usr)
-- Could NOT find Xenomai (missing:  Xenomai_ROOT_DIR Xenomai_LIBRARY_NATIVE Xenomai_LIBRARY_XENOMAI Xenomai_LIBRARY_PTHREAD_RT Xenomai_LIBRARY_RTDM Xenomai_VERSION Xenomai_LIBRARY_RTDK) 
-- building lqr_hermes_lower
-- +++ processing catkin package: 'noise_simulator_athena'
-- ==> add_subdirectory(catkin/humanoids/humanoid_control/filtering_tools/noise_simulator/noise_simulator_athena)
-- +++ processing catkin package: 'noise_simulator_hermes_lower'
-- ==> add_subdirectory(catkin/humanoids/humanoid_control/filtering_tools/noise_simulator/noise_simulator_hermes_lower)
-- +++ processing catkin package: 'joint_state_estimators_hermes_lower'
-- ==> add_subdirectory(catkin/humanoids/humanoid_control/filtering_tools/joint_state_estimators/joint_state_estimators_hermes_lower)
-- xenomai NOT found. (/usr/local;/usr)
-- Could NOT find Xenomai (missing:  Xenomai_ROOT_DIR Xenomai_LIBRARY_NATIVE Xenomai_LIBRARY_XENOMAI Xenomai_LIBRARY_PTHREAD_RT Xenomai_LIBRARY_RTDM Xenomai_VERSION Xenomai_LIBRARY_RTDK) 
-- +++ processing catkin package: 'optoforce_sensor'
-- ==> add_subdirectory(catkin/humanoids/humanoid_hardware/optoforceSensorLib)
-- xenomai NOT found. (/usr/local;/usr)
-- Could NOT find Xenomai (missing:  Xenomai_ROOT_DIR Xenomai_LIBRARY_NATIVE Xenomai_LIBRARY_XENOMAI Xenomai_LIBRARY_PTHREAD_RT Xenomai_LIBRARY_RTDM Xenomai_VERSION Xenomai_LIBRARY_RTDK) 
-- +++ processing catkin package: 'testing_tests'
-- ==> add_subdirectory(catkin/humanoids/humanoid_control/testing_tests)
-- Boost version: 1.46.1
-- Found the following Boost libraries:
--   thread
--   system
--   filesystem
--   regex
warning : testing_tests package : compiling tests only for athena and hermes_lower, hermes_full ignored
-- MACHTYPE=x86_64
CMake Warning at catkin/humanoids/humanoid_control/testing_tests/CMakeLists.txt:36 (message):
  building testing_tests_athena


CMake Warning at catkin/humanoids/humanoid_control/testing_tests/CMakeLists.txt:36 (message):
  building testing_tests_hermes_lower


-- +++ processing catkin package: 'vicon_bridge'
-- ==> add_subdirectory(catkin/perception/vicon_bridge)
-- Using these message generators: gencpp;genlisp;genpy
-- vicon_bridge: 3 messages, 2 services
-- +++ processing catkin package: 'visualization_tools_athena'
-- ==> add_subdirectory(catkin/humanoids/humanoid_control/visualization_tools/visualization_tools_athena)
-- MACHTYPE=x86_64
-- Found ZLIB: /usr/lib/x86_64-linux-gnu/libz.so (found version "1.2.3.4")
-- Found PNG: /usr/lib/x86_64-linux-gnu/libpng.so 
-- +++ processing catkin package: 'humanoid_tests_athena'
-- ==> add_subdirectory(catkin/humanoids/humanoid_control/humanoid_tests/humanoid_tests_athena)
warning : testing_tests package : compiling tests only for athena and hermes_lower, hermes_full ignored
-- MACHTYPE=x86_64
CMake Warning at catkin/humanoids/humanoid_control/humanoid_tests/template/CMakeLists.txt:65 (message):
  building humanoid_tests_athena
Call Stack (most recent call first):
  catkin/humanoids/humanoid_control/humanoid_tests/humanoid_tests_athena/CMakeLists.txt:2 (include)


-- +++ processing catkin package: 'visualization_tools_hermes_full'
-- ==> add_subdirectory(catkin/humanoids/humanoid_control/visualization_tools/visualization_tools_hermes_full)
-- MACHTYPE=x86_64
-- +++ processing catkin package: 'hermes_full_user'
-- ==> add_subdirectory(catkin/robots/hermesFullUser)
-- MACHTYPE=x86_64
-- xenomai NOT found. (/usr/local;/usr)
-- Could NOT find Xenomai (missing:  Xenomai_ROOT_DIR Xenomai_LIBRARY_NATIVE Xenomai_LIBRARY_XENOMAI Xenomai_LIBRARY_PTHREAD_RT Xenomai_LIBRARY_RTDM Xenomai_VERSION Xenomai_LIBRARY_RTDK) 
-- +++ processing catkin package: 'visualization_tools_hermes_lower'
-- ==> add_subdirectory(catkin/humanoids/humanoid_control/visualization_tools/visualization_tools_hermes_lower)
-- MACHTYPE=x86_64
-- +++ processing catkin package: 'humanoid_tests_hermes_lower'
-- ==> add_subdirectory(catkin/humanoids/humanoid_control/humanoid_tests/humanoid_tests_hermes_lower)
warning : testing_tests package : compiling tests only for athena and hermes_lower, hermes_full ignored
-- MACHTYPE=x86_64
CMake Warning at catkin/humanoids/humanoid_control/humanoid_tests/template/CMakeLists.txt:65 (message):
  building humanoid_tests_hermes_lower
Call Stack (most recent call first):
  catkin/humanoids/humanoid_control/humanoid_tests/humanoid_tests_hermes_lower/CMakeLists.txt:2 (include)


-- +++ processing catkin package: 'walking_tools_athena'
-- ==> add_subdirectory(catkin/humanoids/humanoid_control/walking_tools/walking_tools_athena)
-- +++ processing catkin package: 'example_tasks_athena'
-- ==> add_subdirectory(catkin/humanoids/humanoid_control/example_tasks/example_tasks_athena)
-- xenomai NOT found. (/usr/local;/usr)
-- Could NOT find Xenomai (missing:  Xenomai_ROOT_DIR Xenomai_LIBRARY_NATIVE Xenomai_LIBRARY_XENOMAI Xenomai_LIBRARY_PTHREAD_RT Xenomai_LIBRARY_RTDM Xenomai_VERSION Xenomai_LIBRARY_RTDK) 
CMake Warning at catkin/humanoids/humanoid_control/example_tasks/template/CMakeLists.txt:139 (message):
  
  ;EIGEN_STACK_ALLOCATION_LIMIT=0;EIGEN_NO_DEBUG;RTEIG_NO_ASSERTS;INIT_USER_TASKS_athena
Call Stack (most recent call first):
  catkin/humanoids/humanoid_control/example_tasks/example_tasks_athena/CMakeLists.txt:4 (include)


-- +++ processing catkin package: 'athena_user'
-- ==> add_subdirectory(catkin/robots/athenaUser)
-- MACHTYPE=x86_64
warning : testing_tests package : compiling tests only for athena and hermes_lower, hermes_full ignored
-- xenomai NOT found. (/usr/local;/usr)
-- Could NOT find Xenomai (missing:  Xenomai_ROOT_DIR Xenomai_LIBRARY_NATIVE Xenomai_LIBRARY_XENOMAI Xenomai_LIBRARY_PTHREAD_RT Xenomai_LIBRARY_RTDM Xenomai_VERSION Xenomai_LIBRARY_RTDK) 
-- +++ processing catkin package: 'walking_tools_hermes_lower'
-- ==> add_subdirectory(catkin/humanoids/humanoid_control/walking_tools/walking_tools_hermes_lower)
-- +++ processing catkin package: 'example_tasks_hermes_lower'
-- ==> add_subdirectory(catkin/humanoids/humanoid_control/example_tasks/example_tasks_hermes_lower)
-- xenomai NOT found. (/usr/local;/usr)
-- Could NOT find Xenomai (missing:  Xenomai_ROOT_DIR Xenomai_LIBRARY_NATIVE Xenomai_LIBRARY_XENOMAI Xenomai_LIBRARY_PTHREAD_RT Xenomai_LIBRARY_RTDM Xenomai_VERSION Xenomai_LIBRARY_RTDK) 
CMake Warning at catkin/humanoids/humanoid_control/example_tasks/template/CMakeLists.txt:139 (message):
  
  ;EIGEN_STACK_ALLOCATION_LIMIT=0;EIGEN_NO_DEBUG;RTEIG_NO_ASSERTS;INIT_USER_TASKS_hermes_lower
Call Stack (most recent call first):
  catkin/humanoids/humanoid_control/example_tasks/example_tasks_hermes_lower/CMakeLists.txt:6 (include)


-- +++ processing catkin package: 'julia_sl_interface_hermes_lower'
-- ==> add_subdirectory(catkin/humanoids/humanoid_control/julia_sl_interface/julia_sl_interface_hermes_lower)
-- +++ processing catkin package: 'hermes_lower_user'
-- ==> add_subdirectory(catkin/robots/hermesLowerUser)
-- MACHTYPE=x86_64
warning : testing_tests package : compiling tests only for athena and hermes_lower, hermes_full ignored
-- xenomai NOT found. (/usr/local;/usr)
-- Could NOT find Xenomai (missing:  Xenomai_ROOT_DIR Xenomai_LIBRARY_NATIVE Xenomai_LIBRARY_XENOMAI Xenomai_LIBRARY_PTHREAD_RT Xenomai_LIBRARY_RTDM Xenomai_VERSION Xenomai_LIBRARY_RTDK) 
julia interface not found, not compiling in julia tasks
If you want the julia interface, you need the julia_sl_interface package, and you must set an environment flag called JULIA_PATH, pointing to a directory containing a (properly compiled) julia repository. E.g.:
juliaDir=~/julia; mkdir -p $juliaDir; cd $juliaDir; git clone https://github.com/JuliaLang/julia.git .; git checkout v0.4.2; make -j 8; echo JULIA_PATH="$juliaDir" >> ~/.bashrc; echo "export PATH=\$PATH:" $juliaDir >> ~/.bashrc; source ~/.bashrc
-- Configuring done
-- Generating done
-- Build files have been written to: /home/amd_clmc/team/workspace/build
Scanning dependencies of target kalman_filters
Scanning dependencies of target snopt_extern
Scanning dependencies of target geometry_msgs_generate_messages_cpp
Scanning dependencies of target vicon_bridge_gencfg
Scanning dependencies of target geometry_msgs_generate_messages_lisp
Scanning dependencies of target geometry_msgs_generate_messages_py
Scanning dependencies of target testclient
Scanning dependencies of target msvc_bridge
Scanning dependencies of target gtest
[  0%] Linking CXX shared library /home/amd_clmc/team/workspace/devel/lib/libkalman_filters.so
[  0%] Built target geometry_msgs_generate_messages_cpp
[  0%] [  0%] Built target geometry_msgs_generate_messages_lisp
[  0%] Creating directories for 'snopt_extern'
Built target geometry_msgs_generate_messages_py
[  0%] [  0%] [  0%] Generating dynamic reconfigure files from cfg/tf_distort.cfg: /home/amd_clmc/team/workspace/devel/include/vicon_bridge/tf_distortConfig.h /home/amd_clmc/team/workspace/devel/lib/python2.7/dist-packages/vicon_bridge/cfg/tf_distortConfig.py
Building CXX object gtest/CMakeFiles/gtest.dir/src/gtest-all.cc.o
Building CXX object catkin/perception/vicon_bridge/CMakeFiles/testclient.dir/src/ViconDataStreamSDK_CPPTest.cpp.o
Building CXX object catkin/perception/vicon_bridge/CMakeFiles/msvc_bridge.dir/src/msvc_bridge.cpp.o
Scanning dependencies of target vicon_bridge_generate_messages_cpp
Scanning dependencies of target vicon_bridge_generate_messages_lisp
Scanning dependencies of target vicon_bridge_generate_messages_py
Scanning dependencies of target utility
[  0%] [  1%] [  1%] [  1%] [  1%] [  1%] [  1%] [  1%] [  2%] [  2%] [  2%] [  2%] [  2%] [  2%] [  3%] Generating C++ code from vicon_bridge/TfDistortInfo.msg
Generating C++ code from vicon_bridge/Marker.msg
Generating C++ code from vicon_bridge/Markers.msg
[  3%] [  3%] [  3%] Generating Lisp code from vicon_bridge/Markers.msg
[  3%] [  3%] Generating Lisp code from vicon_bridge/viconGrabPose.srv
Generating C++ code from vicon_bridge/viconGrabPose.srv
Generating C++ code from vicon_bridge/viconCalibrateSegment.srv
[  4%] [  4%] Generating Lisp code from vicon_bridge/Marker.msg
[  5%] [  5%] [  5%] Generating Python from MSG vicon_bridge/Markers
[  5%] [  5%] Generating Lisp code from vicon_bridge/viconCalibrateSegment.srv
[  5%] Generating Python from MSG vicon_bridge/Marker
[  5%] [  5%] [  5%] Generating Python code from SRV vicon_bridge/viconCalibrateSegment
[  5%] [  5%] [  5%] Scanning dependencies of target SLmotor
[  5%] Built target kalman_filters
[  6%] [  6%] [  6%] Generating Python from MSG vicon_bridge/TfDistortInfo
[  7%] Generating Python code from SRV vicon_bridge/viconGrabPose
[  7%] [  7%] Generating Lisp code from vicon_bridge/TfDistortInfo.msg
[  8%] [  8%] [  8%] [  8%] [  8%] Building C object catkin/core-sl/locomotion-utilities/CMakeFiles/utility.dir/src/data_sets.c.o
[  8%] Building C object catkin/core-sl/locomotion-utilities/CMakeFiles/utility.dir/src/df1dim.c.o
Building C object catkin/core-sl/locomotion-utilities/CMakeFiles/utility.dir/src/control.c.o
Building C object catkin/core-sl/locomotion-utilities/CMakeFiles/utility.dir/src/balanc.c.o
Building C object catkin/core-sl/locomotion-utilities/CMakeFiles/utility.dir/src/brent.c.o
Building C object catkin/core-sl/locomotion-utilities/CMakeFiles/utility.dir/src/choldc.c.o
Building C object catkin/core-sl/locomotion-utilities/CMakeFiles/utility.dir/src/dbrent.c.o
Building C object catkin/core-sl/locomotion-utilities/CMakeFiles/utility.dir/src/elmhes.c.o
Scanning dependencies of target SLsimulation
Building C object catkin/core-sl/locomotion-utilities/CMakeFiles/utility.dir/src/pythag.c.o
Building C object catkin/core-sl/locomotion-utilities/CMakeFiles/utility.dir/src/dlinmin.c.o
Building C object catkin/core-sl/locomotion-utilities/CMakeFiles/utility.dir/src/ludcmp.c.o
Building C object catkin/core-sl/locomotion-utilities/CMakeFiles/utility.dir/src/distributions.c.o
Building C object catkin/core-sl/locomotion-utilities/CMakeFiles/utility.dir/src/lookup_table.c.o
Building C object catkin/core-sl/locomotion-utilities/CMakeFiles/utility.dir/src/powell.c.o
Building C object catkin/core-sl/locomotion-utilities/CMakeFiles/utility.dir/src/hqr.c.o
Building C object catkin/core-sl/locomotion-utilities/CMakeFiles/utility.dir/src/j-fixed.c.o
Building C object catkin/core-sl/locomotion-utilities/CMakeFiles/utility.dir/src/mnbrak.c.o
Building C object catkin/core-sl/locomotion-utilities/CMakeFiles/utility.dir/src/lubksb.c.o
Building C object catkin/core-sl/locomotion-utilities/CMakeFiles/utility.dir/src/linmin.c.o
Building C object catkin/core-sl/locomotion-utilities/CMakeFiles/utility.dir/src/parm_opt.c.o
Building C object catkin/core-sl/locomotion-utilities/CMakeFiles/utility.dir/src/svdcmp.c.o
[  8%] Building C object catkin/core-sl/locomotion-utilities/CMakeFiles/utility.dir/src/frprmn.c.o
Building C object catkin/core-sl/locomotion-utilities/CMakeFiles/utility.dir/src/kdtree.c.o
Building C object catkin/core-sl/locomotion-utilities/CMakeFiles/utility.dir/src/f1dim.c.o
[  9%] Building C object catkin/core-sl/locomotion-utilities/CMakeFiles/utility.dir/src/dfpmin.c.o
Building C object catkin/core-sl/locomotion-utilities/CMakeFiles/utility.dir/src/ldltinv.c.o
Building C object catkin/core-sl/locomotion-utilities/CMakeFiles/utility.dir/src/utility.c.o
Building C object catkin/core-sl/locomotion-utilities/CMakeFiles/utility.dir/src/statistics.c.o
[  9%] Building C object catkin/core-sl/locomotion-utilities/CMakeFiles/utility.dir/src/svbksb.c.o
Building C object catkin/core-sl/locomotion-utilities/CMakeFiles/utility.dir/src/stability.c.o
Building C object catkin/core-sl/locomotion-utilities/CMakeFiles/utility.dir/src/numerics_package.c.o
[  9%] Scanning dependencies of target data_collection
[ 10%] Building C object catkin/core-sl/locomotion-sl/CMakeFiles/SLmotor.dir/src/SL_sensor_proc.c.o
[ 10%] [ 10%] Scanning dependencies of target SLros
[ 10%] [ 10%] Building C object catkin/core-sl/locomotion-sl/CMakeFiles/SLmotor.dir/src/SL_controller.c.o
Building C object catkin/core-sl/locomotion-sl/CMakeFiles/SLmotor.dir/src/SL_motor_servo.c.o
Building C object catkin/core-sl/locomotion-sl/CMakeFiles/SLmotor.dir/src/SL_motor_servo_unix.c.o
Scanning dependencies of target SLopenGL
Building C object catkin/core-sl/locomotion-sl/CMakeFiles/SLsimulation.dir/src/SL_simulation_servo.c.o
Scanning dependencies of target yaml-cpp
Scanning dependencies of target SLtask
Building C object catkin/core-sl/locomotion-sl/CMakeFiles/SLsimulation.dir/src/SL_integrate.c.o
Building C object catkin/core-sl/locomotion-sl/CMakeFiles/SLsimulation.dir/src/SL_objects.c.o
Building C object catkin/core-sl/locomotion-sl/CMakeFiles/SLsimulation.dir/src/SL_userSimulation.c.o
[ 10%] [ 10%] Building C object catkin/core-sl/locomotion-sl/CMakeFiles/SLsimulation.dir/src/SL_simulation_servo_unix.c.o
[ 10%] [ 10%] [ 10%] [ 10%] [ 10%] [ 10%] [ 10%] [ 11%] [ 12%] Building CXX object catkin/core-sl/locomotion-sl/CMakeFiles/SLros.dir/src/SL_ros_communicator.cpp.o
[ 12%] [ 12%] [ 12%] [ 13%] Building C object catkin/core-sl/locomotion-sl/CMakeFiles/SLopenGL.dir/src/SL_openGL_servo_unix.c.o
[ 13%] [ 13%] [ 14%] [ 14%] [ 14%] [ 14%] [ 14%] [ 14%] [ 14%] [ 14%] Building CXX object catkin/third_party/YAML_CPP/CMakeFiles/yaml-cpp.dir/src/tag.cpp.o
Building CXX object catkin/core-sl/locomotion-sl/CMakeFiles/SLros.dir/src/SL_ros_servo.cpp.o
Scanning dependencies of target kalman_filter_test
Building CXX object catkin/core-sl/locomotion-sl/CMakeFiles/SLros.dir/src/SL_ros_servo_unix.cpp.o
[ 14%] [ 14%] [ 14%] [ 14%] [ 14%] [ 14%] Building C object catkin/core-sl/locomotion-sl/CMakeFiles/SLopenGL.dir/src/SL_openGL_servo.c.o
[ 14%] Scanning dependencies of target robot_math
[ 14%] Performing download step for 'snopt_extern'
Building C object catkin/core-sl/locomotion-sl/CMakeFiles/SLopenGL.dir/src/SL_objects.c.o
[ 14%] Building C object catkin/core-sl/locomotion-sl/CMakeFiles/SLopenGL.dir/src/SL_openGL_oscilloscope.c.o
[ 14%] Building CXX object catkin/third_party/YAML_CPP/CMakeFiles/yaml-cpp.dir/src/node.cpp.o
[ 14%] [ 14%] [ 14%] [ 14%] [ 14%] [ 15%] [ 15%] [ 15%] [ 16%] Scanning dependencies of target geometry_utils
Building C object catkin/core-sl/locomotion-sl/CMakeFiles/SLopenGL.dir/src/SL_openGL.c.o
Building C object catkin/core-sl/locomotion-sl/CMakeFiles/SLtask.dir/src/SL_task_servo_unix.c.o
[ 16%] Building C object catkin/core-sl/locomotion-sl/CMakeFiles/SLtask.dir/src/SL_go_cart_task.c.o
Building CXX object catkin/third_party/YAML_CPP/CMakeFiles/yaml-cpp.dir/src/emitfromevents.cpp.o
Building C object catkin/core-sl/locomotion-sl/CMakeFiles/SLtask.dir/src/SL_goto_task.c.o
Building C object catkin/core-sl/locomotion-sl/CMakeFiles/SLtask.dir/src/SL_sine_task.c.o
Building CXX object catkin/third_party/YAML_CPP/CMakeFiles/yaml-cpp.dir/src/binary.cpp.o
[ 16%] Building C object catkin/core-sl/locomotion-sl/CMakeFiles/SLtask.dir/src/SL_traj_task.c.o
[ 17%] [ 17%] Building CXX object catkin/third_party/YAML_CPP/CMakeFiles/yaml-cpp.dir/src/scantoken.cpp.o
Building CXX object catkin/humanoids/humanoid_control/io_tools/CMakeFiles/data_collection.dir/src/data_collection/data_collector.cpp.o
Building C object catkin/core-sl/locomotion-sl/CMakeFiles/SLopenGL.dir/src/SL_userGraphics.c.o
Building CXX object catkin/third_party/YAML_CPP/CMakeFiles/yaml-cpp.dir/src/convert.cpp.o
Building CXX object catkin/third_party/YAML_CPP/CMakeFiles/yaml-cpp.dir/src/emitterutils.cpp.o
Building CXX object catkin/third_party/YAML_CPP/CMakeFiles/yaml-cpp.dir/src/emitterstate.cpp.o
Building CXX object catkin/third_party/YAML_CPP/CMakeFiles/yaml-cpp.dir/src/simplekey.cpp.o
[ 17%] Building CXX object catkin/third_party/YAML_CPP/CMakeFiles/yaml-cpp.dir/src/regex.cpp.o
Building CXX object catkin/third_party/YAML_CPP/CMakeFiles/yaml-cpp.dir/src/emit.cpp.o
Building C object catkin/core-sl/locomotion-sl/CMakeFiles/SLtask.dir/src/SL_objects.c.o
Building CXX object catkin/third_party/YAML_CPP/CMakeFiles/yaml-cpp.dir/src/null.cpp.o
Building C object catkin/core-sl/locomotion-sl/CMakeFiles/SLtask.dir/src/SL_task_servo.c.o
Building CXX object catkin/third_party/YAML_CPP/CMakeFiles/yaml-cpp.dir/src/nodebuilder.cpp.o
Building CXX object catkin/third_party/YAML_CPP/CMakeFiles/yaml-cpp.dir/src/nodeevents.cpp.o
Building C object catkin/core-sl/locomotion-sl/CMakeFiles/SLtask.dir/src/SL_tasks.c.o
Building CXX object catkin/third_party/YAML_CPP/CMakeFiles/yaml-cpp.dir/src/node_data.cpp.o
Building CXX object catkin/third_party/YAML_CPP/CMakeFiles/yaml-cpp.dir/src/contrib/graphbuilderadapter.cpp.o
Building CXX object catkin/third_party/YAML_CPP/CMakeFiles/yaml-cpp.dir/src/stream.cpp.o
Building CXX object catkin/third_party/YAML_CPP/CMakeFiles/yaml-cpp.dir/src/exp.cpp.o
Building CXX object catkin/third_party/YAML_CPP/CMakeFiles/yaml-cpp.dir/src/emitter.cpp.o
Building CXX object catkin/third_party/YAML_CPP/CMakeFiles/yaml-cpp.dir/src/scanscalar.cpp.o
Building CXX object catkin/third_party/YAML_CPP/CMakeFiles/yaml-cpp.dir/src/scantag.cpp.o
Building CXX object catkin/third_party/YAML_CPP/CMakeFiles/yaml-cpp.dir/src/ostream_wrapper.cpp.o
[ 17%] [ 17%] Building CXX object catkin/third_party/YAML_CPP/CMakeFiles/yaml-cpp.dir/src/parse.cpp.o
[ 17%] Building CXX object catkin/third_party/YAML_CPP/CMakeFiles/yaml-cpp.dir/src/memory.cpp.o
Building CXX object catkin/third_party/YAML_CPP/CMakeFiles/yaml-cpp.dir/src/singledocparser.cpp.o
Building CXX object catkin/third_party/YAML_CPP/CMakeFiles/yaml-cpp.dir/src/contrib/graphbuilder.cpp.o
[ 17%] Building CXX object catkin/third_party/YAML_CPP/CMakeFiles/yaml-cpp.dir/src/scanner.cpp.o
Building CXX object catkin/third_party/YAML_CPP/CMakeFiles/yaml-cpp.dir/src/parser.cpp.o
[ 17%] [ 17%] [ 17%] [ 17%] [ 17%] [ 17%] Building CXX object catkin/third_party/YAML_CPP/CMakeFiles/yaml-cpp.dir/src/directives.cpp.o
[ 17%] [ 17%] [ 18%] [ 18%] Scanning dependencies of target rbdl
Building CXX object catkin/humanoids/humanoid_control/robot_math/CMakeFiles/robot_math.dir/src/robot_math/rt_stop_watch.cpp.o
[ 18%] [ 18%] [ 18%] Building CXX object catkin/humanoids/humanoid_control/robot_math/CMakeFiles/geometry_utils.dir/src/geometry_utils/spatial_algebra.cpp.o
Building CXX object catkin/humanoids/humanoid_control/robot_math/CMakeFiles/robot_math.dir/src/robot_math/alglib/linalg.cpp.o
Building CXX object catkin/humanoids/humanoid_control/robot_math/CMakeFiles/robot_math.dir/src/robot_math/alglib/alglibmisc.cpp.o
Building CXX object catkin/humanoids/humanoid_control/robot_math/CMakeFiles/robot_math.dir/src/robot_math/alglib/solvers.cpp.o
[ 19%] [ 19%] Building CXX object catkin/humanoids/humanoid_control/filtering_tools/kalman_filters/CMakeFiles/kalman_filter_test.dir/src/test.cpp.o
Building CXX object catkin/humanoids/humanoid_control/robot_math/CMakeFiles/robot_math.dir/src/robot_math/alglib/integration.cpp.o
Building CXX object catkin/humanoids/humanoid_control/robot_math/CMakeFiles/robot_math.dir/src/robot_math/alglib/statistics.cpp.o
Building CXX object catkin/humanoids/humanoid_control/robot_math/CMakeFiles/geometry_utils.dir/src/geometry_utils/Quaternion.cpp.o
Linking CXX shared library /home/amd_clmc/team/workspace/devel/lib/libmsvc_bridge.so
Building CXX object catkin/humanoids/humanoid_control/robot_math/CMakeFiles/robot_math.dir/src/robot_math/alglib/fasttransforms.cpp.o
Building CXX object catkin/humanoids/humanoid_control/robot_math/CMakeFiles/robot_math.dir/src/robot_math/alglib/dataanalysis.cpp.o
Building CXX object catkin/humanoids/humanoid_control/robot_math/CMakeFiles/robot_math.dir/src/robot_math/lqr.cpp.o
Building CXX object catkin/humanoids/humanoid_control/robot_math/CMakeFiles/geometry_utils.dir/src/geometry_utils/coordinate_transform.cpp.o
Building CXX object catkin/humanoids/humanoid_control/robot_math/CMakeFiles/robot_math.dir/src/robot_math/alglib/alglibinternal.cpp.o
[ 19%] Building CXX object catkin/humanoids/humanoid_control/robot_math/CMakeFiles/robot_math.dir/src/robot_math/alglib/specialfunctions.cpp.o
Building CXX object catkin/humanoids/humanoid_control/robot_math/CMakeFiles/robot_math.dir/src/robot_math/alglib/diffequations.cpp.o
Building CXX object catkin/humanoids/humanoid_control/robot_math/CMakeFiles/robot_math.dir/src/robot_math/alglib/optimization.cpp.o
Building CXX object catkin/humanoids/humanoid_control/robot_math/CMakeFiles/geometry_utils.dir/src/geometry_utils/Transformations.cpp.o
[ 19%] [ 19%] [ 19%] Building CXX object catkin/humanoids/humanoid_control/robot_math/CMakeFiles/robot_math.dir/src/robot_math/alglib/interpolation.cpp.o
[ 19%] Building CXX object catkin/humanoids/humanoid_control/robot_math/CMakeFiles/robot_math.dir/src/robot_math/alglib/ap.cpp.o
[ 19%] [ 19%] [ 19%] Building CXX object catkin/third_party/rbdl/CMakeFiles/rbdl.dir/src/Joint.cc.o
[ 19%] Building CXX object catkin/third_party/rbdl/CMakeFiles/rbdl.dir/src/rbdl_utils.cc.o
[ 20%] [ 20%] No patch step for 'snopt_extern'
Building CXX object catkin/third_party/rbdl/CMakeFiles/rbdl.dir/src/Dynamics.cc.o
Building CXX object catkin/third_party/rbdl/CMakeFiles/rbdl.dir/src/rbdl_version.cc.o
Building CXX object catkin/third_party/rbdl/CMakeFiles/rbdl.dir/src/rbdl_mathutils.cc.o
No update step for 'snopt_extern'
Building CXX object catkin/third_party/rbdl/CMakeFiles/rbdl.dir/src/Kinematics.cc.o
Building CXX object catkin/third_party/rbdl/CMakeFiles/rbdl.dir/src/Model.cc.o
Building CXX object catkin/third_party/rbdl/CMakeFiles/rbdl.dir/src/Logging.cc.o
Building CXX object catkin/third_party/rbdl/CMakeFiles/rbdl.dir/src/Contacts.cc.o
[ 21%] Performing configure step for 'snopt_extern'
[ 21%] [ 21%] [ 21%] Built target vicon_bridge_generate_messages_lisp
Generating Python srv __init__.py for vicon_bridge
Linking C shared library /home/amd_clmc/team/workspace/devel/lib/libSLmotor.so
Generating Python msg __init__.py for vicon_bridge
[ 21%] Built target msvc_bridge
[ 21%] Built target vicon_bridge_generate_messages_cpp
Linking CXX executable /home/amd_clmc/team/workspace/devel/lib/vicon_bridge/testclient
Scanning dependencies of target vicon_bridge_gencpp
checking build system type... [ 21%] Built target vicon_bridge_gencpp
x86_64-unknown-linux-gnu
checking host system type... x86_64-unknown-linux-gnu
checking how to print strings... Scanning dependencies of target calibrate
Linking C shared library /home/amd_clmc/team/workspace/devel/lib/libSLtask.so
printf
checking for gcc... gcc
[ 21%] Built target SLmotor
[ 21%] checking whether the C compiler works... Building CXX object catkin/perception/vicon_bridge/CMakeFiles/calibrate.dir/src/calibrate_segment.cpp.o
[ 21%] Built target vicon_bridge_generate_messages_py
[ 21%] Linking C shared library /home/amd_clmc/team/workspace/devel/lib/libSLsimulation.so
Built target SLtask
Scanning dependencies of target vicon_bridge
Scanning dependencies of target vicon_bridge_generate_messages
[ 21%] Built target testclient
yes
checking for C compiler default output file name... a.out
checking for suffix of executables... [ 21%] [ 21%] Built target vicon_bridge_generate_messages
Building CXX object catkin/perception/vicon_bridge/CMakeFiles/vicon_bridge.dir/src/vicon_bridge.cpp.o
[ 21%] Built target SLsimulation
Linking C shared library /home/amd_clmc/team/workspace/devel/lib/libSLopenGL.so

checking whether we are cross compiling... [ 21%] Built target SLopenGL
no
checking for suffix of object files... o
checking whether we are using the GNU C compiler... yes
checking whether gcc accepts -g... In file included from /home/amd_clmc/team/workspace/src/catkin/humanoids/humanoid_control/robot_math/include/geometry_utils/coordinate_transform.h:16:0,
                 from /home/amd_clmc/team/workspace/src/catkin/humanoids/humanoid_control/robot_math/src/geometry_utils/coordinate_transform.cpp:12:
/home/amd_clmc/team/workspace/src/catkin/humanoids/humanoid_control/robot_math/include/geometry_utils/spatial_algebra.hpp:28:28: error: 'Ref' in namespace 'Eigen' does not name a type
/home/amd_clmc/team/workspace/src/catkin/humanoids/humanoid_control/robot_math/include/geometry_utils/spatial_algebra.hpp:28:35: error: ISO C++ forbids declaration of 'parameter' with no type [-fpermissive]
/home/amd_clmc/team/workspace/src/catkin/humanoids/humanoid_control/robot_math/include/geometry_utils/spatial_algebra.hpp:28:38: error: expected ',' or '...' before '<' token
/home/amd_clmc/team/workspace/src/catkin/humanoids/humanoid_control/robot_math/include/geometry_utils/spatial_algebra.hpp:34:48: error: 'Ref' in namespace 'Eigen' does not name a typeyes

/home/amd_clmc/team/workspace/src/catkin/humanoids/humanoid_control/robot_math/include/geometry_utils/spatial_algebra.hpp:34:55: error: ISO C++ forbids declaration of 'parameter' with no type [-fpermissive]
/home/amd_clmc/team/workspace/src/catkin/humanoids/humanoid_control/robot_math/include/geometry_utils/spatial_algebra.hpp:34:58: error: expected ',' or '...' before '<' token
checking for gcc option to accept ISO C89... /home/amd_clmc/team/workspace/src/catkin/humanoids/humanoid_control/robot_math/include/geometry_utils/spatial_algebra.hpp:70:29: error: 'Ref' in namespace 'Eigen' does not name a type
/home/amd_clmc/team/workspace/src/catkin/humanoids/humanoid_control/robot_math/include/geometry_utils/spatial_algebra.hpp:70:36: error: ISO C++ forbids declaration of 'parameter' with no type [-fpermissive]
/home/amd_clmc/team/workspace/src/catkin/humanoids/humanoid_control/robot_math/include/geometry_utils/spatial_algebra.hpp:70:39: error: expected ',' or '...' before '<' token
/home/amd_clmc/team/workspace/src/catkin/humanoids/humanoid_control/robot_math/include/geometry_utils/spatial_algebra.hpp:77:49: error: 'Ref' in namespace 'Eigen' does not name a type
/home/amd_clmc/team/workspace/src/catkin/humanoids/humanoid_control/robot_math/include/geometry_utils/spatial_algebra.hpp:77:56: error: ISO C++ forbids declaration of 'parameter' with no type [-fpermissive]
/home/amd_clmc/team/workspace/src/catkin/humanoids/humanoid_control/robot_math/include/geometry_utils/spatial_algebra.hpp:77:59: error: expected ',' or '...' before '<' token
none needed
checking for a sed that does not truncate output... /home/amd_clmc/team/workspace/src/catkin/humanoids/humanoid_control/robot_math/include/geometry_utils/spatial_algebra.hpp: In static member function 'static geometry_utils::SpatialMotionVector geometry_utils::SpatialMotionVector::Zero()':
/home/amd_clmc/team/workspace/src/catkin/humanoids/humanoid_control/robot_math/include/geometry_utils/spatial_algebra.hpp:74:112: error: no matching function for call to 'geometry_utils::SpatialMotionVector::SpatialMotionVector(const ConstantReturnType, const ConstantReturnType)'
/home/amd_clmc/team/workspace/src/catkin/humanoids/humanoid_control/robot_math/include/geometry_utils/spatial_algebra.hpp:74:112: note: candidates are:
/home/amd_clmc/team/workspace/src/catkin/humanoids/humanoid_control/robot_math/include/geometry_utils/spatial_algebra.hpp:70:3: note: geometry_utils::SpatialMotionVector::SpatialMotionVector(int)
/home/amd_clmc/team/workspace/src/catkin/humanoids/humanoid_control/robot_math/include/geometry_utils/spatial_algebra.hpp:70:3: note:   candidate expects 1 argument, 2 provided
/home/amd_clmc/team/workspace/src/catkin/humanoids/humanoid_control/robot_math/include/geometry_utils/spatial_algebra.hpp:69:3: note: geometry_utils::SpatialMotionVector::SpatialMotionVector()
/home/amd_clmc/team/workspace/src/catkin/humanoids/humanoid_control/robot_math/include/geometry_utils/spatial_algebra.hpp:69:3: note:   candidate expects 0 arguments, 2 provided
/home/amd_clmc/team/workspace/src/catkin/humanoids/humanoid_control/robot_math/include/geometry_utils/spatial_algebra.hpp:67:7: note: geometry_utils::SpatialMotionVector::SpatialMotionVector(const geometry_utils::SpatialMotionVector&)
/home/amd_clmc/team/workspace/src/catkin/humanoids/humanoid_control/robot_math/include/geometry_utils/spatial_algebra.hpp:67:7: note:   candidate expects 1 argument, 2 provided
/bin/sed
checking for grep that handles long lines and -e... /bin/grep
checking for egrep... /bin/grep -E
checking for fgrep... /bin/grep -F
checking for ld used by gcc... /usr/bin/ld
checking if the linker (/usr/bin/ld) is GNU ld... yes
checking for BSD- or MS-compatible name lister (nm)... /usr/bin/nm -B
checking the name lister (/usr/bin/nm -B) interface... BSD nm
checking whether ln -s works... yes
checking the maximum length of command line arguments... 3458764513820540925
checking whether the shell understands some XSI constructs... yes
checking whether the shell understands "+="... yes
checking how to convert x86_64-unknown-linux-gnu file names to x86_64-unknown-linux-gnu format... func_convert_file_noop
checking how to convert x86_64-unknown-linux-gnu file names to toolchain format... func_convert_file_noop
checking for /usr/bin/ld option to reload object files... -r
checking for objdump... objdump
checking how to recognize dependent libraries... pass_all
checking for dlltool... no
checking how to associate runtime and link libraries... printf %s\n
checking for ar... ar
checking for archiver @FILE support... Linking CXX shared library /home/amd_clmc/team/workspace/devel/lib/libdata_collection.so
Generating reconfiguration files for tf_distort in vicon_bridge
Wrote header file in /home/amd_clmc/team/workspace/devel/include/vicon_bridge/tf_distortConfig.h
@
checking for strip... strip
checking for ranlib... ranlib
checking for gawk... no
checking for mawk... mawk
checking command to parse /usr/bin/nm -B output from gcc object... /home/amd_clmc/team/workspace/src/catkin/humanoids/humanoid_control/robot_math/src/geometry_utils/coordinate_transform.cpp: In member function 'geometry_utils::SpatialMotionVector geometry_utils::CoordinateTransform::operator*(const geometry_utils::SpatialMotionVector&) const':
/home/amd_clmc/team/workspace/src/catkin/humanoids/humanoid_control/robot_math/src/geometry_utils/coordinate_transform.cpp:83:3: error: no matching function for call to 'geometry_utils::SpatialMotionVector::SpatialMotionVector(const Type, const Eigen::CwiseBinaryOp<Eigen::internal::scalar_sum_op<double>, const Eigen::CoeffBasedProduct<const Eigen::Matrix<double, 3, 3>&, Eigen::Block<const Eigen::Matrix<double, 6, 1>, 3, 1>, 6>, const Eigen::CoeffBasedProduct<const Eigen::Matrix<double, 3, 3>&, Eigen::Block<const Eigen::Matrix<double, 6, 1>, 3, 1>, 6> >)'
/home/amd_clmc/team/workspace/src/catkin/humanoids/humanoid_control/robot_math/src/geometry_utils/coordinate_transform.cpp:83:3: note: candidates are:
/home/amd_clmc/team/workspace/src/catkin/humanoids/humanoid_control/robot_math/include/geometry_utils/spatial_algebra.hpp:70:3: note: geometry_utils::SpatialMotionVector::SpatialMotionVector(int)
/home/amd_clmc/team/workspace/src/catkin/humanoids/humanoid_control/robot_math/include/geometry_utils/spatial_algebra.hpp:70:3: note:   candidate expects 1 argument, 2 provided
/home/amd_clmc/team/workspace/src/catkin/humanoids/humanoid_control/robot_math/include/geometry_utils/spatial_algebra.hpp:69:3: note: geometry_utils::SpatialMotionVector::SpatialMotionVector()
/home/amd_clmc/team/workspace/src/catkin/humanoids/humanoid_control/robot_math/include/geometry_utils/spatial_algebra.hpp:69:3: note:   candidate expects 0 arguments, 2 provided
/home/amd_clmc/team/workspace/src/catkin/humanoids/humanoid_control/robot_math/include/geometry_utils/spatial_algebra.hpp:67:7: note: geometry_utils::SpatialMotionVector::SpatialMotionVector(const geometry_utils::SpatialMotionVector&)
/home/amd_clmc/team/workspace/src/catkin/humanoids/humanoid_control/robot_math/include/geometry_utils/spatial_algebra.hpp:67:7: note:   candidate expects 1 argument, 2 provided
/home/amd_clmc/team/workspace/src/catkin/humanoids/humanoid_control/robot_math/src/geometry_utils/coordinate_transform.cpp: In member function 'geometry_utils::SpatialForceVector geometry_utils::CoordinateTransform::operator*(const geometry_utils::SpatialForceVector&) const':
/home/amd_clmc/team/workspace/src/catkin/humanoids/humanoid_control/robot_math/src/geometry_utils/coordinate_transform.cpp:91:3: error: no matching function for call to 'geometry_utils::SpatialForceVector::SpatialForceVector(const Eigen::CwiseBinaryOp<Eigen::internal::scalar_sum_op<double>, const Eigen::CoeffBasedProduct<const Eigen::Matrix<double, 3, 3>&, Eigen::Block<const Eigen::Matrix<double, 6, 1>, 3, 1>, 6>, const Eigen::CoeffBasedProduct<const Eigen::Matrix<double, 3, 3>&, Eigen::Block<const Eigen::Matrix<double, 6, 1>, 3, 1>, 6> >, const Type)'
/home/amd_clmc/team/workspace/src/catkin/humanoids/humanoid_control/robot_math/src/geometry_utils/coordinate_transform.cpp:91:3: note: candidates are:
/home/amd_clmc/team/workspace/src/catkin/humanoids/humanoid_control/robot_math/include/geometry_utils/spatial_algebra.hpp:28:3: note: geometry_utils::SpatialForceVector::SpatialForceVector(int)
/home/amd_clmc/team/workspace/src/catkin/humanoids/humanoid_control/robot_math/include/geometry_utils/spatial_algebra.hpp:28:3: note:   candidate expects 1 argument, 2 provided
/home/amd_clmc/team/workspace/src/catkin/humanoids/humanoid_control/robot_math/include/geometry_utils/spatial_algebra.hpp:27:3: note: geometry_utils::SpatialForceVector::SpatialForceVector()
/home/amd_clmc/team/workspace/src/catkin/humanoids/humanoid_control/robot_math/include/geometry_utils/spatial_algebra.hpp:27:3: note:   candidate expects 0 arguments, 2 provided
/home/amd_clmc/team/workspace/src/catkin/humanoids/humanoid_control/robot_math/include/geometry_utils/spatial_algebra.hpp:22:7: note: geometry_utils::SpatialForceVector::SpatialForceVector(const geometry_utils::SpatialForceVector&)
/home/amd_clmc/team/workspace/src/catkin/humanoids/humanoid_control/robot_math/include/geometry_utils/spatial_algebra.hpp:22:7: note:   candidate expects 1 argument, 2 provided
[ 21%] Built target data_collection
[ 21%] Built target vicon_bridge_gencfg
Scanning dependencies of target tf_distort
[ 21%] Building CXX object catkin/perception/vicon_bridge/CMakeFiles/tf_distort.dir/src/tf_distort.cpp.o
ok
checking for sysroot... no
checking for mt... mt
checking if mt is a manifest tool... no
checking how to run the C preprocessor... gcc -E
checking for ANSI C header files... yes
checking for sys/types.h... yes
checking for sys/stat.h... yes
checking for stdlib.h... yes
checking for string.h... yes
checking for memory.h... make[2]: *** [catkin/humanoids/humanoid_control/robot_math/CMakeFiles/geometry_utils.dir/src/geometry_utils/coordinate_transform.cpp.o] Error 1
make[2]: *** Waiting for unfinished jobs....
yes
checking for strings.h... yes
checking for inttypes.h... yes
checking for stdint.h... yes
checking for unistd.h... yes
checking for dlfcn.h... yes
checking for objdir... .libs
checking if gcc supports -fno-rtti -fno-exceptions... no
checking for gcc option to produce PIC... -fPIC -DPIC
checking if gcc PIC flag -fPIC -DPIC works... Linking C shared library /home/amd_clmc/team/workspace/devel/lib/libutility.so
yes
checking if gcc static flag -static works... [ 21%] Built target utility
Scanning dependencies of target lwpr
[ 22%] [ 22%] Building C object catkin/core-sl/locomotion-lwpr/CMakeFiles/lwpr.dir/src/lwpr_script.c.o
Building C object catkin/core-sl/locomotion-lwpr/CMakeFiles/lwpr.dir/src/lwpr.c.o
Scanning dependencies of target configuration_file_loading
Scanning dependencies of target SLcommon
[ 22%] yes
checking if gcc supports -c -o file.o... [ 22%] [ 22%] Building CXX object catkin/humanoids/humanoid_control/io_tools/CMakeFiles/configuration_file_loading.dir/src/configuration_file_loading/ConfigurationFileReader.cpp.o
[ 22%] [ 22%] [ 22%] [ 22%] Building C object catkin/core-sl/locomotion-sl/CMakeFiles/SLcommon.dir/src/SL_shared_memory.c.o
[ 22%] [ 22%] [ 23%] Building C object catkin/core-sl/locomotion-sl/CMakeFiles/SLcommon.dir/src/SL_common.c.o
Building C object catkin/core-sl/locomotion-sl/CMakeFiles/SLcommon.dir/src/SL_collect_data.c.o
Building C object catkin/core-sl/locomotion-sl/CMakeFiles/SLcommon.dir/src/SL_unix_common.c.o
Building C object catkin/core-sl/locomotion-sl/CMakeFiles/SLcommon.dir/src/SL_oscilloscope.c.o
Building C object catkin/core-sl/locomotion-sl/CMakeFiles/SLcommon.dir/src/SL_man.c.o
Building C object catkin/core-sl/locomotion-sl/CMakeFiles/SLcommon.dir/src/SL_filters.c.o
Building C object catkin/core-sl/locomotion-sl/CMakeFiles/SLcommon.dir/src/SL_vx2unix_wrappers.c.o
Building C object catkin/core-sl/locomotion-sl/CMakeFiles/SLcommon.dir/src/SL_terrains.c.o
yes
checking if gcc supports -c -o file.o... (cached) yes
checking whether the gcc linker (/usr/bin/ld -m elf_x86_64) supports shared libraries... yes
checking whether -lc should be explicitly linked in... no
checking dynamic linker characteristics... GNU/Linux ld.so
checking how to hardcode library paths into programs... immediate
checking whether stripping libraries is possible... yes
checking if libtool supports shared libraries... yes
checking whether to build shared libraries... yes
checking whether to build static libraries... yes
checking for a BSD-compatible install... /usr/bin/install -c
checking for gfortran... gfortran
checking whether we are using the GNU Fortran compiler... yes
checking whether gfortran accepts -g... yes
checking if libtool supports shared libraries... yes
checking whether to build shared libraries... yes
checking whether to build static libraries... yes
checking for gfortran option to produce PIC... -fPIC
checking if gfortran PIC flag -fPIC works... yes
checking if gfortran static flag -static works... yes
checking if gfortran supports -c -o file.o... Linking CXX executable /home/amd_clmc/team/workspace/devel/lib/vicon_bridge/calibrate
yes
checking if gfortran supports -c -o file.o... (cached) yes
checking whether the gfortran linker (/usr/bin/ld -m elf_x86_64) supports shared libraries... yes
checking dynamic linker characteristics... (cached) GNU/Linux ld.so
checking how to hardcode library paths into programs... immediate
checking for gcc... (cached) gcc
checking whether we are using the GNU C compiler... (cached) yes
checking whether gcc accepts -g... (cached) yes
checking for gcc option to accept ISO C89... (cached) none needed
checking for g++... g++
checking whether we are using the GNU C++ compiler... [ 23%] Built target calibrate
yes
checking whether g++ accepts -g... yes
checking how to run the C++ preprocessor... g++ -E
checking for ld used by g++... /usr/bin/ld -m elf_x86_64
checking if the linker (/usr/bin/ld -m elf_x86_64) is GNU ld... yes
checking whether the g++ linker (/usr/bin/ld -m elf_x86_64) supports shared libraries... yes
checking for g++ option to produce PIC... -fPIC -DPIC
checking if g++ PIC flag -fPIC -DPIC works... yes
checking if g++ static flag -static works... yes
checking if g++ supports -c -o file.o... Linking C shared library /home/amd_clmc/team/workspace/devel/lib/libSLcommon.so
Linking CXX shared library /home/amd_clmc/team/workspace/devel/lib/libSLros.so
yes
checking if g++ supports -c -o file.o... (cached) yes
checking whether the g++ linker (/usr/bin/ld -m elf_x86_64) supports shared libraries... yes
checking dynamic linker characteristics... (cached) GNU/Linux ld.so
checking how to hardcode library paths into programs... immediate
checking how to get verbose linking output from gfortran... Linking CXX shared library /home/amd_clmc/team/workspace/devel/lib/libconfiguration_file_loading.so
[ 23%] Built target SLcommon
[ 23%] [ 23%] [ 23%] [ 25%] [ 25%] [ 26%] Generating src/SL_kinematics.c
Generating src/SL_kinematics.c
Generating src/SL_kinematics.c
Generating src/SL_dynamics.c
Generating src/SL_dynamics.c
Generating src/SL_dynamics.c
Scanning dependencies of target xhermes_full
Scanning dependencies of target xathena
Scanning dependencies of target xhermes_lower
[ 26%] Built target configuration_file_loading
[ 26%] [ 26%] [ 27%] [ 27%] [ 27%] Building C object catkin/robots/hermesFull/CMakeFiles/xhermes_full.dir/__/hermesCore/src/SL_main.c.o
[ 27%] Building C object catkin/robots/hermesFull/CMakeFiles/xhermes_full.dir/src/SL_user_common.c.o
[ 27%] Built target SLros
Building C object catkin/robots/hermesLower/CMakeFiles/xhermes_lower.dir/__/hermesCore/src/SL_main.c.o
Building C object catkin/robots/athena/CMakeFiles/xathena.dir/__/hermesCore/src/SL_main.c.o
Building C object catkin/robots/hermesLower/CMakeFiles/xhermes_lower.dir/src/SL_user_common.c.o
Building C object catkin/robots/athena/CMakeFiles/xathena.dir/src/SL_user_common.c.o
-v
checking for Fortran libraries of gfortran...  -L/usr/lib/gcc/x86_64-linux-gnu/4.6 -L/usr/lib/gcc/x86_64-linux-gnu/4.6/../../../x86_64-linux-gnu -L/usr/lib/gcc/x86_64-linux-gnu/4.6/../../../../lib -L/lib/x86_64-linux-gnu -L/lib/../lib -L/usr/lib/x86_64-linux-gnu -L/usr/lib/../lib -L/usr/lib/gcc/x86_64-linux-gnu/4.6/../../.. -lgfortran -lm -lquadmath
checking Fortran 90 module output flag... Scanning dependencies of target hermes_lower
Scanning dependencies of target athena
/home/amd_clmc/team/workspace/src/catkin/robots/hermesCore/src/SL_main.c: In function 'main':
/home/amd_clmc/team/workspace/src/catkin/robots/hermesCore/src/SL_main.c:64:7: warning: format not a string literal and no format arguments [-Wformat-security]
/home/amd_clmc/team/workspace/src/catkin/robots/hermesCore/src/SL_main.c: In function 'main':
/home/amd_clmc/team/workspace/src/catkin/robots/hermesCore/src/SL_main.c:64:7: warning: format not a string literal and no format arguments [-Wformat-security]
/home/amd_clmc/team/workspace/src/catkin/robots/hermesCore/src/SL_main.c: In function 'main':
/home/amd_clmc/team/workspace/src/catkin/robots/hermesCore/src/SL_main.c:64:7: warning: format not a string literal and no format arguments [-Wformat-security]
[ 27%] [ 27%] [ 27%] Scanning dependencies of target hermes_full
[ 27%] [ 28%] [ 28%] Linking CXX shared library /home/amd_clmc/team/workspace/devel/lib/libyaml-cpp.so
[ 28%] [ 29%] [ 29%] [ 29%] [ 29%] [ 29%] [ 29%] [ 29%] [ 29%] [ 29%] [ 29%] Building C object catkin/robots/hermesLower/CMakeFiles/hermes_lower.dir/src/SL_dynamics.c.o
Building CXX object catkin/robots/hermesLower/CMakeFiles/hermes_lower.dir/src/SL_invDynNE.cpp.o
Building CXX object catkin/robots/hermesLower/CMakeFiles/hermes_lower.dir/src/SL_forDynArt.cpp.o
[ 29%] Building C object catkin/robots/athena/CMakeFiles/athena.dir/__/hermesCore/src/SL_user_commands.c.o
Building CXX object catkin/robots/hermesLower/CMakeFiles/hermes_lower.dir/src/SL_invDynArt.cpp.o
Building CXX object catkin/robots/athena/CMakeFiles/athena.dir/src/SL_invDynArt.cpp.o
Building C object catkin/robots/hermesLower/CMakeFiles/hermes_lower.dir/src/SL_kinematics.c.o
Building CXX object catkin/robots/hermesLower/CMakeFiles/hermes_lower.dir/src/SL_forDynComp.cpp.o
Building C object catkin/robots/athena/CMakeFiles/athena.dir/src/SL_dynamics.c.o
[ 29%] [ 30%] [ 30%] [ 30%] Building CXX object catkin/robots/athena/CMakeFiles/athena.dir/src/SL_forDynArt.cpp.o
Building CXX object catkin/robots/hermesLower/CMakeFiles/hermes_lower.dir/__/hermesCore/src/raw_data_access.cpp.o
Building CXX object catkin/robots/athena/CMakeFiles/athena.dir/src/SL_invDynNE.cpp.o
Building C object catkin/robots/athena/CMakeFiles/athena.dir/src/SL_user_common.c.o
[ 30%] [ 30%] Building CXX object catkin/robots/athena/CMakeFiles/athena.dir/__/hermesCore/src/raw_data_access.cpp.o
[ 30%] [ 31%] [ 31%] Building CXX object catkin/robots/hermesFull/CMakeFiles/hermes_full.dir/src/SL_invDynNE.cpp.o
Building CXX object catkin/robots/athena/CMakeFiles/athena.dir/src/SL_forDynComp.cpp.o
Building C object catkin/robots/hermesLower/CMakeFiles/hermes_lower.dir/src/SL_user_common.c.o
Building C object catkin/robots/athena/CMakeFiles/athena.dir/src/SL_kinematics.c.o
Building C object catkin/robots/hermesLower/CMakeFiles/hermes_lower.dir/__/hermesCore/src/SL_user_commands.c.o
Building C object catkin/robots/hermesFull/CMakeFiles/hermes_full.dir/src/SL_user_common.c.o
Building CXX object catkin/robots/hermesFull/CMakeFiles/hermes_full.dir/src/SL_forDynComp.cpp.o
Building C object catkin/robots/hermesFull/CMakeFiles/hermes_full.dir/src/SL_dynamics.c.o
Building CXX object catkin/robots/hermesFull/CMakeFiles/hermes_full.dir/__/hermesCore/src/raw_data_access.cpp.o
Building C object catkin/robots/hermesFull/CMakeFiles/hermes_full.dir/src/SL_kinematics.c.o
Building CXX object catkin/robots/hermesFull/CMakeFiles/hermes_full.dir/src/SL_forDynArt.cpp.o
Building C object catkin/robots/hermesFull/CMakeFiles/hermes_full.dir/__/hermesCore/src/SL_user_commands.c.o
Building CXX object catkin/robots/hermesFull/CMakeFiles/hermes_full.dir/src/SL_invDynArt.cpp.o
-J
checking Fortran 90 module inclusion flag... Linking C executable /home/amd_clmc/team/workspace/src/catkin/robots/hermesFull/x86_64/xhermes
Linking C executable /home/amd_clmc/team/workspace/src/catkin/robots/athena/x86_64/xathena
Linking C executable /home/amd_clmc/team/workspace/src/catkin/robots/hermesLower/x86_64/xhermes
[ 31%] Built target yaml-cpp
-I
checking whether make sets $(MAKE)... Scanning dependencies of target parse
yes
checking for C support... no
checking for C++ support... no
checking whether to build f2c... no
checking for default size of Fortran integer... [ 32%] Building CXX object catkin/third_party/YAML_CPP/util/CMakeFiles/parse.dir/parse.cpp.o
Scanning dependencies of target sandbox
[ 32%] [ 32%] Built target xhermes_full
Built target xathena
Scanning dependencies of target read
Scanning dependencies of target install_machtype_xhermes_full
4
[ 32%] [ 32%] [ 32%] Scanning dependencies of target install_machtype_xathena
Built target xhermes_lower
[ 33%] Scanning dependencies of target run-tests
[ 33%] Generating /home/amd_clmc/team/workspace/src/catkin/robots/hermesFullUser/x86_64/xhermes
Building CXX object catkin/third_party/YAML_CPP/util/CMakeFiles/sandbox.dir/sandbox.cpp.o
Scanning dependencies of target install_machtype_xhermes_lower
Generating /home/amd_clmc/team/workspace/src/catkin/robots/athenaUser/x86_64/xathena
[ 33%] [ 33%] Building CXX object catkin/third_party/YAML_CPP/util/CMakeFiles/read.dir/read.cpp.o
Scanning dependencies of target eiquadprog_tester_app
[ 33%] [ 34%] [ 34%] Built target install_machtype_xhermes_full
Generating /home/amd_clmc/team/workspace/src/catkin/robots/hermesLowerUser/x86_64/xhermes
Building CXX object catkin/third_party/YAML_CPP/test/CMakeFiles/run-tests.dir/new-api/spectests.cpp.o
Built target install_machtype_xathena
[ 34%] configure: creating ./config.status
[ 34%] [ 34%] [ 34%] [ 34%] [ 34%] Building CXX object catkin/third_party/YAML_CPP/test/CMakeFiles/run-tests.dir/emittertests.cpp.o
[ 34%] [ 34%] Built target install_machtype_xhermes_lower
Building CXX object catkin/third_party/YAML_CPP/test/CMakeFiles/run-tests.dir/main.cpp.o
Building CXX object catkin/third_party/YAML_CPP/test/CMakeFiles/run-tests.dir/tests.cpp.o
Building CXX object catkin/third_party/YAML_CPP/test/CMakeFiles/run-tests.dir/new-api/parsertests.cpp.o
Building CXX object catkin/humanoids/humanoid_control/robot_math/CMakeFiles/eiquadprog_tester_app.dir/tests/robot_math/eiquadprog_tester_app.cpp.o
Building CXX object catkin/humanoids/humanoid_control/robot_math/CMakeFiles/eiquadprog_tester_app.dir/src/robot_math/EigenQpSolver.cpp.o
Building CXX object catkin/third_party/YAML_CPP/test/CMakeFiles/run-tests.dir/spectests.cpp.o
Building CXX object catkin/third_party/YAML_CPP/test/CMakeFiles/run-tests.dir/new-api/nodetests.cpp.o
config.status: creating GNUmakefile
config.status: executing libtool commands

SNOPT will compile the following modules:
     src examples cwrap

  Using external BLAS library?      no     

  Building F2C library?             no               
  Using F2C library?                no 

  AMPL support?                     no            
  Build AMPL library?               no              

  Matlab mex-executable available?  no   


Libraries will be installed into /home/amd_clmc/team/workspace/build/catkin/third_party/snopt_cpp/snopt_extern/lib
  Shared libraries will be created: yes
  Static libraries will be created: yes


To build everything                 'make'         
To build the library only           'make library' 
To build the examples               'make examples'
To build the Matlab mex-executable  'make mex'     
To build the AMPL                   'make ampl'    
To check the build                  'make check'   
To install the libraries            'make install' 

[ 34%] Performing build step for 'snopt_extern'
make[1]: *** [catkin/humanoids/humanoid_control/robot_math/CMakeFiles/geometry_utils.dir/all] Error 2
make[1]: *** Waiting for unfinished jobs....
Linking CXX executable /home/amd_clmc/team/workspace/devel/lib/YAML_CPP/parse
Linking CXX executable /home/amd_clmc/team/workspace/devel/lib/YAML_CPP/sandbox
Linking CXX executable /home/amd_clmc/team/workspace/devel/lib/YAML_CPP/read
[ 34%] Built target parse
[ 34%] Built target read
[ 34%] Built target sandbox
Linking C shared library /home/amd_clmc/team/workspace/devel/lib/liblwpr.so
[ 34%] Built target lwpr
Linking CXX shared library libgtest.so
[ 34%] Built target gtest
Linking CXX executable /home/amd_clmc/team/workspace/devel/lib/kalman_filters/kalman_filter_test
[ 34%] Built target kalman_filter_test
Linking CXX executable /home/amd_clmc/team/workspace/devel/lib/YAML_CPP/run-tests
[ 34%] Built target run-tests
Linking CXX executable /home/amd_clmc/team/workspace/devel/lib/vicon_bridge/vicon_bridge
[ 34%] Built target vicon_bridge
Linking CXX executable /home/amd_clmc/team/workspace/devel/lib/vicon_bridge/tf_distort
[ 34%] Built target tf_distort
Linking CXX shared library /home/amd_clmc/team/workspace/devel/lib/librobot_math.so
[ 34%] Built target robot_math
Linking CXX shared library /home/amd_clmc/team/workspace/devel/lib/libhermes_lower.so
[ 34%] Built target hermes_lower
Linking CXX executable /home/amd_clmc/team/workspace/devel/lib/robot_math/eiquadprog_tester_app
[ 34%] Built target eiquadprog_tester_app
Linking CXX shared library /home/amd_clmc/team/workspace/devel/lib/librbdl.so
[ 34%] Built target rbdl
Linking CXX shared library /home/amd_clmc/team/workspace/devel/lib/libathena.so
[ 34%] Built target athena
[ 34%] Performing install step for 'snopt_extern'
[ 35%] Completed 'snopt_extern'
[ 35%] Built target snopt_extern
Linking CXX shared library /home/amd_clmc/team/workspace/devel/lib/libhermes_full.so
[ 35%] Built target hermes_full
make: *** [all] Error 2
Base path: /home/amd_clmc/team/workspace
Source space: /home/amd_clmc/team/workspace/src
Build space: /home/amd_clmc/team/workspace/build
Devel space: /home/amd_clmc/team/workspace/devel
Install space: /home/amd_clmc/team/workspace/install
####
#### Running command: "cmake /home/amd_clmc/team/workspace/src -DCATKIN_DEVEL_PREFIX=/home/amd_clmc/team/workspace/devel -DCMAKE_INSTALL_PREFIX=/home/amd_clmc/team/workspace/install" in "/home/amd_clmc/team/workspace/build"
####
####
#### Running command: "make -j install" in "/home/amd_clmc/team/workspace/build"
####
Invoking "make" failed
