failed to run unit-tests:
WARNING: Package name "Eigen" does not follow the naming conventions. It should start with a lower case letter and only contain lower case letters, digits and underscores.
WARNING: Package name "YAML_CPP" does not follow the naming conventions. It should start with a lower case letter and only contain lower case letters, digits and underscores.
WARNING: Package name "footsteps_planner_MIQCQP_sl" does not follow the naming conventions. It should start with a lower case letter and only contain lower case letters, digits and underscores.
WARNING: Package name "footsteps_planner_MIQCQP" does not follow the naming conventions. It should start with a lower case letter and only contain lower case letters, digits and underscores.
[  0%] Built target gtest
[  0%] Built target gtest_main
Scanning dependencies of target robot_math_test
[  0%] Building CXX object catkin/humanoids/humanoid_control/robot_math/CMakeFiles/robot_math_test.dir/tests/robot_math/TestRtEiquadprog.cpp.o
[  0%] Building CXX object catkin/humanoids/humanoid_control/robot_math/CMakeFiles/robot_math_test.dir/tests/robot_math/movable_eigen_matrix_test.cpp.o
[  0%] Building CXX object catkin/humanoids/humanoid_control/robot_math/CMakeFiles/robot_math_test.dir/tests/robot_math/TestRtWaypointGenerator.cpp.o
/home/amd_clmc/team/workspace/src/catkin/humanoids/humanoid_control/robot_math/tests/robot_math/TestRtWaypointGenerator.cpp: In member function 'virtual void robot_math::RtWaypointGeneration_Test_rt_waypoint_gen_query_Test::TestBody()':
/home/amd_clmc/team/workspace/src/catkin/humanoids/humanoid_control/robot_math/tests/robot_math/TestRtWaypointGenerator.cpp:27:7: error: 'RtWaypointGenerator' was not declared in this scope
/home/amd_clmc/team/workspace/src/catkin/humanoids/humanoid_control/robot_math/tests/robot_math/TestRtWaypointGenerator.cpp:27:7: note: suggested alternative:
/home/amd_clmc/team/workspace/src/catkin/humanoids/humanoid_control/robot_math/include/robot_math/RtWaypointGenerator.hh:19:11: note:   'waypoint_gen::RtWaypointGenerator'
/home/amd_clmc/team/workspace/src/catkin/humanoids/humanoid_control/robot_math/tests/robot_math/TestRtWaypointGenerator.cpp:27:59: error: 'rt_waypoint_gen' was not declared in this scope
/home/amd_clmc/team/workspace/src/catkin/humanoids/humanoid_control/robot_math/tests/robot_math/TestRtWaypointGenerator.cpp:33:58: error: '::MatNwNd' has not been declared
/home/amd_clmc/team/workspace/src/catkin/humanoids/humanoid_control/robot_math/tests/robot_math/TestRtWaypointGenerator.cpp:33:68: error: expected ';' before 'pos'
/home/amd_clmc/team/workspace/src/catkin/humanoids/humanoid_control/robot_math/tests/robot_math/TestRtWaypointGenerator.cpp:34:30: error: 'pos' was not declared in this scope
/home/amd_clmc/team/workspace/src/catkin/humanoids/humanoid_control/robot_math/tests/robot_math/TestRtWaypointGenerator.cpp:35:30: error: 'vel' was not declared in this scope
/home/amd_clmc/team/workspace/src/catkin/humanoids/humanoid_control/robot_math/tests/robot_math/TestRtWaypointGenerator.cpp:36:30: error: 'acc' was not declared in this scope
/home/amd_clmc/team/workspace/src/catkin/humanoids/humanoid_control/robot_math/tests/robot_math/TestRtWaypointGenerator.cpp:37:58: error: '::VecNw' has not been declared
/home/amd_clmc/team/workspace/src/catkin/humanoids/humanoid_control/robot_math/tests/robot_math/TestRtWaypointGenerator.cpp:37:66: error: expected ';' before 'time'
/home/amd_clmc/team/workspace/src/catkin/humanoids/humanoid_control/robot_math/tests/robot_math/TestRtWaypointGenerator.cpp:38:50: error: no matching function for call to 'floating_base_tools::RtMatrixXUtils::resize(time_t (&)(time_t*)throw (), int&, int)'
/home/amd_clmc/team/workspace/src/catkin/humanoids/humanoid_control/robot_math/tests/robot_math/TestRtWaypointGenerator.cpp:38:50: note: candidate is:
/home/amd_clmc/team/workspace/src/catkin/humanoids/humanoid_control/robot_math/include/robot_math/RtMatrixX.h:158:22: note: template<class Derived> static void floating_base_tools::RtMatrixXUtils::resize(Eigen::MatrixBase<Derived>&, int, int)
/home/amd_clmc/team/workspace/src/catkin/humanoids/humanoid_control/robot_math/tests/robot_math/TestRtWaypointGenerator.cpp:43:17: error: invalid conversion from 'int' to 'time_t* {aka long int*}' [-fpermissive]
/usr/include/time.h:186:15: error:   initializing argument 1 of 'time_t time(time_t*)' [-fpermissive]
/home/amd_clmc/team/workspace/src/catkin/humanoids/humanoid_control/robot_math/tests/robot_math/TestRtWaypointGenerator.cpp:43:27: error: lvalue required as left operand of assignment
/home/amd_clmc/team/workspace/src/catkin/humanoids/humanoid_control/robot_math/tests/robot_math/TestRtWaypointGenerator.cpp:44:61: error: invalid conversion from 'int' to 'time_t* {aka long int*}' [-fpermissive]
/usr/include/time.h:186:15: error:   initializing argument 1 of 'time_t time(time_t*)' [-fpermissive]
/home/amd_clmc/team/workspace/src/catkin/humanoids/humanoid_control/robot_math/tests/robot_math/TestRtWaypointGenerator.cpp:45:81: error: invalid conversion from 'int' to 'time_t* {aka long int*}' [-fpermissive]
/usr/include/time.h:186:15: error:   initializing argument 1 of 'time_t time(time_t*)' [-fpermissive]
/home/amd_clmc/team/workspace/src/catkin/humanoids/humanoid_control/robot_math/tests/robot_math/TestRtWaypointGenerator.cpp:46:102: error: invalid conversion from 'int' to 'time_t* {aka long int*}' [-fpermissive]
/usr/include/time.h:186:15: error:   initializing argument 1 of 'time_t time(time_t*)' [-fpermissive]
/home/amd_clmc/team/workspace/src/catkin/humanoids/humanoid_control/robot_math/tests/robot_math/TestRtWaypointGenerator.cpp:52:58: error: '::VecNd' has not been declared
/home/amd_clmc/team/workspace/src/catkin/humanoids/humanoid_control/robot_math/tests/robot_math/TestRtWaypointGenerator.cpp:52:66: error: expected ';' before 'pos_query'
/home/amd_clmc/team/workspace/src/catkin/humanoids/humanoid_control/robot_math/tests/robot_math/TestRtWaypointGenerator.cpp:53:30: error: 'pos_query' was not declared in this scope
/home/amd_clmc/team/workspace/src/catkin/humanoids/humanoid_control/robot_math/tests/robot_math/TestRtWaypointGenerator.cpp:54:30: error: 'vel_query' was not declared in this scope
/home/amd_clmc/team/workspace/src/catkin/humanoids/humanoid_control/robot_math/tests/robot_math/TestRtWaypointGenerator.cpp:55:30: error: 'acc_query' was not declared in this scope
make[3]: *** [catkin/humanoids/humanoid_control/robot_math/CMakeFiles/robot_math_test.dir/tests/robot_math/TestRtWaypointGenerator.cpp.o] Error 1
make[2]: *** [catkin/humanoids/humanoid_control/robot_math/CMakeFiles/robot_math_test.dir/all] Error 2
make[1]: *** [catkin/humanoids/humanoid_control/robot_math/CMakeFiles/run_tests_robot_math.dir/rule] Error 2
make: *** [run_tests_robot_math] Error 2
Base path: /home/amd_clmc/team/workspace
Source space: /home/amd_clmc/team/workspace/src
Build space: /home/amd_clmc/team/workspace/build
Devel space: /home/amd_clmc/team/workspace/devel
Install space: /home/amd_clmc/team/workspace/install
####
#### Running command: "make cmake_check_build_system" in "/home/amd_clmc/team/workspace/build"
####
Forcing "-j1" for running unit tests.
####
#### Running command: "make -j run_tests_robot_math -j1" in "/home/amd_clmc/team/workspace/build"
####
Invoking "make" failed
