failed to run unit-tests:
WARNING: Package name "Eigen" does not follow the naming conventions. It should start with a lower case letter and only contain lower case letters, digits and underscores.
WARNING: Package name "YAML_CPP" does not follow the naming conventions. It should start with a lower case letter and only contain lower case letters, digits and underscores.
WARNING: Package name "footsteps_planner_MIQCQP_sl" does not follow the naming conventions. It should start with a lower case letter and only contain lower case letters, digits and underscores.
WARNING: Package name "footsteps_planner_MIQCQP" does not follow the naming conventions. It should start with a lower case letter and only contain lower case letters, digits and underscores.
[  0%] Built target gtest
[ 50%] Built target gtest_main
[100%] Building CXX object catkin/humanoids/humanoid_control/filtering_tools/standard_filters/CMakeFiles/simple_filtering_test.dir/tests/test_butterworth_filter.cpp.o
In file included from /home/amd_clmc/team/workspace/src/catkin/humanoids/humanoid_control/filtering_tools/standard_filters/tests/test_butterworth_filter.cpp:2:0:
/home/amd_clmc/team/workspace/src/catkin/humanoids/humanoid_control/filtering_tools/standard_filters/include/standard_filters/butterworth_filter.h: In member function 'void standard_filters::ButterworthFilter<Eigen::Matrix<_Scalar, _Rows, 1, 0, _Rows, 1>, _Order>::initialize(const VecToFilter&, double)':
/home/amd_clmc/team/workspace/src/catkin/humanoids/humanoid_control/filtering_tools/standard_filters/include/standard_filters/butterworth_filter.h:43:13: error: 'runtime_error' is not a member of 'std'
make[3]: *** [catkin/humanoids/humanoid_control/filtering_tools/standard_filters/CMakeFiles/simple_filtering_test.dir/tests/test_butterworth_filter.cpp.o] Error 1
make[2]: *** [catkin/humanoids/humanoid_control/filtering_tools/standard_filters/CMakeFiles/simple_filtering_test.dir/all] Error 2
make[1]: *** [catkin/humanoids/humanoid_control/filtering_tools/standard_filters/CMakeFiles/run_tests_standard_filters.dir/rule] Error 2
make: *** [run_tests_standard_filters] Error 2
Base path: /home/amd_clmc/team/workspace
Source space: /home/amd_clmc/team/workspace/src
Build space: /home/amd_clmc/team/workspace/build
Devel space: /home/amd_clmc/team/workspace/devel
Install space: /home/amd_clmc/team/workspace/install
####
#### Running command: "make cmake_check_build_system" in "/home/amd_clmc/team/workspace/build"
####
Forcing "-j1" for running unit tests.
####
#### Running command: "make -j run_tests_standard_filters -j1" in "/home/amd_clmc/team/workspace/build"
####
Invoking "make" failed
