COMMAND:catkin_make -j install
------------------------------
-- The C compiler identification is GNU
-- The CXX compiler identification is GNU
-- Check for working C compiler: /usr/bin/gcc
-- Check for working C compiler: /usr/bin/gcc -- works
-- Detecting C compiler ABI info
-- Detecting C compiler ABI info - done
-- Check for working CXX compiler: /usr/bin/c++
-- Check for working CXX compiler: /usr/bin/c++ -- works
-- Detecting CXX compiler ABI info
-- Detecting CXX compiler ABI info - done
-- Using CATKIN_DEVEL_PREFIX: /home/amd_clmc/team/workspace/devel
-- Using CMAKE_PREFIX_PATH: /opt/ros/groovy
-- This workspace overlays: /opt/ros/groovy
-- Found PythonInterp: /usr/bin/python (found version "2.7.3")
-- Using PYTHON_EXECUTABLE: /usr/bin/python
-- Python version: 2.7
-- Using Debian Python package layout
-- Using CATKIN_ENABLE_TESTING: ON
-- Call enable_testing()
-- Using CATKIN_TEST_RESULTS_DIR: /home/amd_clmc/team/workspace/build/test_results
-- Looking for include files CMAKE_HAVE_PTHREAD_H
-- Looking for include files CMAKE_HAVE_PTHREAD_H - found
-- Looking for pthread_create in pthreads
-- Looking for pthread_create in pthreads - not found
-- Looking for pthread_create in pthread
-- Looking for pthread_create in pthread - found
-- Found Threads: TRUE 
-- Found gtest sources under '/usr/src/gtest': gtests will be built
-- catkin 0.5.89
-- BUILD_SHARED_LIBS is on
-- ~~~~~~~~~~~~~~~~~~~~~~~~~~~~~~~~~~~~~~~~~~~~~~~~~
-- ~~  traversing 8 packages in topological order:
-- ~~  - amd_clmc_dmp
-- ~~  - utilities
-- ~~  - lwpr
-- ~~  - sl
-- ~~  - master
-- ~~  - master_dmp_sl_task_example
-- ~~  - master_test_task
-- ~~  - master_user
-- ~~~~~~~~~~~~~~~~~~~~~~~~~~~~~~~~~~~~~~~~~~~~~~~~~
-- +++ processing catkin package: 'amd_clmc_dmp'
-- ==> add_subdirectory(catkin/control/amd_clmc_dmp)
-- checking for module 'eigen3'
--   found eigen3, version 3.0.5
-- Found Eigen: /usr/include/eigen3 
-- Eigen found (include: /usr/include/eigen3)
-- Boost version: 1.46.1
-- Found the following Boost libraries:
--   thread
--   system
--   filesystem
-- +++ processing catkin package: 'utilities'
-- ==> add_subdirectory(catkin/core-sl/catkin-utilities)
-- MACHTYPE x86_64
Detected MACHTYPE=x86_64
CMake Warning at cmake/sl_cmake_global/LAB.cmake:182 (message):
  HERMES HOSTS SET TO ATHENA-ROBOT IN SRC/CMAKE/SL_CMAKE_GLOBAL/LAB.CMAKE
Call Stack (most recent call first):
  catkin/core-sl/catkin-utilities/CMakeLists.txt:8 (include)


-- HOST_NAME=amd-clmc-12-04-ci
-- HOST=amd-clmc-12-04-ci
-- LAB=AMD
-- CMAKE_C_FLAGS=-Wall -Wno-unused -Wno-strict-aliasing 
-- CMAKE_CPP_FLAGS=-Wall -Wno-unused -Wno-strict-aliasing 
-- CMAKE_INCLUDE_PATH=
-- CMAKE_LIBRARY_PATH=
-- LAB_STD_LIBS=pthread;rt;edit;curses;nsl;glut;GL;GLU;X11;Xmu;m
-- LAB_LIBDIR=lib/x86_64
-- LAB_INCLUDES=include
-- LAB_BINDIR=bin/x86_64
-- +++ processing catkin package: 'lwpr'
-- ==> add_subdirectory(catkin/core-sl/catkin-lwpr)
-- MACHTYPE x86_64
Detected MACHTYPE=x86_64
CMake Warning at cmake/sl_cmake_global/LAB.cmake:182 (message):
  HERMES HOSTS SET TO ATHENA-ROBOT IN SRC/CMAKE/SL_CMAKE_GLOBAL/LAB.CMAKE
Call Stack (most recent call first):
  catkin/core-sl/catkin-lwpr/CMakeLists.txt:5 (include)


-- HOST_NAME=amd-clmc-12-04-ci
-- HOST=amd-clmc-12-04-ci
-- LAB=AMD
-- CMAKE_C_FLAGS=-Wall -Wno-unused -Wno-strict-aliasing 
-- CMAKE_CPP_FLAGS=-Wall -Wno-unused -Wno-strict-aliasing 
-- CMAKE_INCLUDE_PATH=
-- CMAKE_LIBRARY_PATH=
-- LAB_STD_LIBS=pthread;rt;edit;curses;nsl;glut;GL;GLU;X11;Xmu;m
-- LAB_LIBDIR=lib/x86_64
-- LAB_INCLUDES=include
-- LAB_BINDIR=bin/x86_64
-- +++ processing catkin package: 'sl'
-- ==> add_subdirectory(catkin/core-sl/catkin-sl)
-- MACHTYPE x86_64
Detected MACHTYPE=x86_64
CMake Warning at cmake/sl_cmake_global/LAB.cmake:182 (message):
  HERMES HOSTS SET TO ATHENA-ROBOT IN SRC/CMAKE/SL_CMAKE_GLOBAL/LAB.CMAKE
Call Stack (most recent call first):
  catkin/core-sl/catkin-sl/CMakeLists.txt:8 (include)


-- HOST_NAME=amd-clmc-12-04-ci
-- HOST=amd-clmc-12-04-ci
-- LAB=AMD
-- CMAKE_C_FLAGS=-Wall -Wno-unused -Wno-strict-aliasing 
-- CMAKE_CPP_FLAGS=-Wall -Wno-unused -Wno-strict-aliasing 
-- CMAKE_INCLUDE_PATH=
-- CMAKE_LIBRARY_PATH=
-- LAB_STD_LIBS=pthread;rt;edit;curses;nsl;glut;GL;GLU;X11;Xmu;m
-- LAB_LIBDIR=lib/x86_64
-- LAB_INCLUDES=include
-- LAB_BINDIR=bin/x86_64
-- +++ processing catkin package: 'master'
-- ==> add_subdirectory(catkin/robots/catkin-master)
-- MACHTYPE x86_64
Detected MACHTYPE=x86_64
CMake Warning at cmake/sl_cmake_global/LAB.cmake:182 (message):
  HERMES HOSTS SET TO ATHENA-ROBOT IN SRC/CMAKE/SL_CMAKE_GLOBAL/LAB.CMAKE
Call Stack (most recent call first):
  catkin/robots/catkin-master/CMakeLists.txt:8 (include)


-- HOST_NAME=amd-clmc-12-04-ci
-- HOST=amd-clmc-12-04-ci
-- LAB=AMD
-- CMAKE_C_FLAGS=-Wall -Wno-unused -Wno-strict-aliasing 
-- CMAKE_CPP_FLAGS=-Wall -Wno-unused -Wno-strict-aliasing 
-- CMAKE_INCLUDE_PATH=
-- CMAKE_LIBRARY_PATH=
-- LAB_STD_LIBS=pthread;rt;edit;curses;nsl;glut;GL;GLU;X11;Xmu;m
-- LAB_LIBDIR=lib/x86_64
-- LAB_INCLUDES=include
-- LAB_BINDIR=bin/x86_64
-- +++ processing catkin package: 'master_dmp_sl_task_example'
-- ==> add_subdirectory(catkin/control/master_dmp_sl_task_example)
-- MACHTYPE x86_64
Detected MACHTYPE=x86_64
CMake Warning at cmake/sl_cmake_global/LAB.cmake:182 (message):
  HERMES HOSTS SET TO ATHENA-ROBOT IN SRC/CMAKE/SL_CMAKE_GLOBAL/LAB.CMAKE
Call Stack (most recent call first):
  catkin/control/master_dmp_sl_task_example/CMakeLists.txt:15 (include)


-- HOST_NAME=amd-clmc-12-04-ci
-- HOST=amd-clmc-12-04-ci
-- LAB=AMD
-- CMAKE_C_FLAGS=-Wall -Wno-unused -Wno-strict-aliasing 
-- CMAKE_CPP_FLAGS=-Wall -Wno-unused -Wno-strict-aliasing 
-- CMAKE_INCLUDE_PATH=
-- CMAKE_LIBRARY_PATH=
-- LAB_STD_LIBS=pthread;rt;edit;curses;nsl;glut;GL;GLU;X11;Xmu;m
-- LAB_LIBDIR=lib/x86_64
-- LAB_INCLUDES=include
-- LAB_BINDIR=bin/x86_64
-- +++ processing catkin package: 'master_test_task'
-- ==> add_subdirectory(catkin/robots/catkin-sl-master-task-example)
-- MACHTYPE x86_64
Detected MACHTYPE=x86_64
CMake Warning at cmake/sl_cmake_global/LAB.cmake:182 (message):
  HERMES HOSTS SET TO ATHENA-ROBOT IN SRC/CMAKE/SL_CMAKE_GLOBAL/LAB.CMAKE
Call Stack (most recent call first):
  catkin/robots/catkin-sl-master-task-example/CMakeLists.txt:8 (include)


-- HOST_NAME=amd-clmc-12-04-ci
-- HOST=amd-clmc-12-04-ci
-- LAB=AMD
-- CMAKE_C_FLAGS=-Wall -Wno-unused -Wno-strict-aliasing 
-- CMAKE_CPP_FLAGS=-Wall -Wno-unused -Wno-strict-aliasing 
-- CMAKE_INCLUDE_PATH=
-- CMAKE_LIBRARY_PATH=
-- LAB_STD_LIBS=pthread;rt;edit;curses;nsl;glut;GL;GLU;X11;Xmu;m
-- LAB_LIBDIR=lib/x86_64
-- LAB_INCLUDES=include
-- LAB_BINDIR=bin/x86_64
-- +++ processing catkin package: 'master_user'
-- ==> add_subdirectory(catkin/robots/catkin-masterUser)
-- MACHTYPE x86_64
Detected MACHTYPE=x86_64
CMake Warning at cmake/sl_cmake_global/LAB.cmake:182 (message):
  HERMES HOSTS SET TO ATHENA-ROBOT IN SRC/CMAKE/SL_CMAKE_GLOBAL/LAB.CMAKE
Call Stack (most recent call first):
  catkin/robots/catkin-masterUser/CMakeLists.txt:8 (include)


-- HOST_NAME=amd-clmc-12-04-ci
-- HOST=amd-clmc-12-04-ci
-- LAB=AMD
-- CMAKE_C_FLAGS=-Wall -Wno-unused -Wno-strict-aliasing 
-- CMAKE_CPP_FLAGS=-Wall -Wno-unused -Wno-strict-aliasing 
-- CMAKE_INCLUDE_PATH=
-- CMAKE_LIBRARY_PATH=
-- LAB_STD_LIBS=pthread;rt;edit;curses;nsl;glut;GL;GLU;X11;Xmu;m
-- LAB_LIBDIR=lib/x86_64
-- LAB_INCLUDES=include
-- LAB_BINDIR=bin/x86_64
The following tasks will *not* be built as they rely on rfwr and seem deprecated:
             forcefield_B_task
Building tasks:
             haptic_task
             gravityComp_task
             vision_calibration_task
-- Configuring done
-- Generating done
-- Build files have been written to: /home/amd_clmc/team/workspace/build
Scanning dependencies of target master_task
Scanning dependencies of target master_simulation
Scanning dependencies of target master_openGL
Scanning dependencies of target utility
[  1%] [  2%] [  2%] [  2%] Building C object catkin/robots/catkin-master/tmp_catkin_master/CMakeFiles/master_simulation.dir/src/SL_user_simulation.c.o
[  4%] [  4%] [  4%] [  5%] [  6%] [  8%] [  8%] [  8%] [  8%] Building C object catkin/robots/catkin-master/tmp_catkin_master/CMakeFiles/master_task.dir/src/SL_user_task.c.o
[  9%] [  9%] [ 11%] [ 11%] [ 11%] [ 12%] [ 12%] [ 14%] [ 14%] [ 14%] [ 15%] Building C object catkin/robots/catkin-master/tmp_catkin_master/CMakeFiles/master_openGL.dir/src/SL_user_openGL.c.o
Scanning dependencies of target SLmotor
[ 15%] Building C object catkin/core-sl/catkin-utilities/tmp_catkin_utilities/CMakeFiles/utility.dir/src/frprmn.c.o
Building C object catkin/core-sl/catkin-utilities/tmp_catkin_utilities/CMakeFiles/utility.dir/src/dbrent.c.o
Building C object catkin/core-sl/catkin-utilities/tmp_catkin_utilities/CMakeFiles/utility.dir/src/brent.c.o
Building C object catkin/core-sl/catkin-utilities/tmp_catkin_utilities/CMakeFiles/utility.dir/src/mnbrak.c.o
[ 16%] Building C object catkin/core-sl/catkin-utilities/tmp_catkin_utilities/CMakeFiles/utility.dir/src/lubksb.c.o
Building C object catkin/core-sl/catkin-utilities/tmp_catkin_utilities/CMakeFiles/utility.dir/src/linmin.c.o
Building C object catkin/core-sl/catkin-utilities/tmp_catkin_utilities/CMakeFiles/utility.dir/src/df1dim.c.o
[ 17%] [ 18%] [ 18%] Building C object catkin/core-sl/catkin-utilities/tmp_catkin_utilities/CMakeFiles/utility.dir/src/f1dim.c.o
Building C object catkin/core-sl/catkin-utilities/tmp_catkin_utilities/CMakeFiles/utility.dir/src/control.c.o
Building C object catkin/core-sl/catkin-utilities/tmp_catkin_utilities/CMakeFiles/utility.dir/src/distributions.c.o
Building C object catkin/core-sl/catkin-utilities/tmp_catkin_utilities/CMakeFiles/utility.dir/src/powell.c.o
Building C object catkin/core-sl/catkin-utilities/tmp_catkin_utilities/CMakeFiles/utility.dir/src/lookup_table.c.o
[ 19%] Building C object catkin/core-sl/catkin-utilities/tmp_catkin_utilities/CMakeFiles/utility.dir/src/ldltinv.c.o
Building C object catkin/core-sl/catkin-utilities/tmp_catkin_utilities/CMakeFiles/utility.dir/src/dlinmin.c.o
Building C object catkin/core-sl/catkin-utilities/tmp_catkin_utilities/CMakeFiles/utility.dir/src/svdcmp.c.o
Building C object catkin/core-sl/catkin-utilities/tmp_catkin_utilities/CMakeFiles/utility.dir/src/ludcmp.c.o
[ 19%] Building C object catkin/core-sl/catkin-utilities/tmp_catkin_utilities/CMakeFiles/utility.dir/src/numerics_package.c.o
[ 20%] Scanning dependencies of target SLsimulation
Building C object catkin/core-sl/catkin-utilities/tmp_catkin_utilities/CMakeFiles/utility.dir/src/dfpmin.c.o
[ 21%] Building C object catkin/core-sl/catkin-utilities/tmp_catkin_utilities/CMakeFiles/utility.dir/src/parm_opt.c.o
Building C object catkin/core-sl/catkin-utilities/tmp_catkin_utilities/CMakeFiles/utility.dir/src/j-fixed.c.o
[ 21%] Scanning dependencies of target SLvision
Building C object catkin/core-sl/catkin-utilities/tmp_catkin_utilities/CMakeFiles/utility.dir/src/stability.c.o
Building C object catkin/core-sl/catkin-utilities/tmp_catkin_utilities/CMakeFiles/utility.dir/src/svbksb.c.o
[ 22%] Building C object catkin/core-sl/catkin-utilities/tmp_catkin_utilities/CMakeFiles/utility.dir/src/balanc.c.o
Scanning dependencies of target SLcommon
[ 22%] Building C object catkin/core-sl/catkin-utilities/tmp_catkin_utilities/CMakeFiles/utility.dir/src/utility.c.o
Building C object catkin/core-sl/catkin-utilities/tmp_catkin_utilities/CMakeFiles/utility.dir/src/pythag.c.o
Building C object catkin/core-sl/catkin-utilities/tmp_catkin_utilities/CMakeFiles/utility.dir/src/kdtree.c.o
Building C object catkin/core-sl/catkin-utilities/tmp_catkin_utilities/CMakeFiles/utility.dir/src/hqr.c.o
[ 23%] [ 24%] Scanning dependencies of target SLtask
Building C object catkin/core-sl/catkin-sl/tmp_catkin_sl/CMakeFiles/SLmotor.dir/src/SL_motor_servo_unix.c.o
Building C object catkin/core-sl/catkin-utilities/tmp_catkin_utilities/CMakeFiles/utility.dir/src/elmhes.c.o
[ 24%] [ 24%] [ 26%] [ 26%] Scanning dependencies of target SLopenGL
Building C object catkin/core-sl/catkin-utilities/tmp_catkin_utilities/CMakeFiles/utility.dir/src/data_sets.c.o
Building C object catkin/core-sl/catkin-utilities/tmp_catkin_utilities/CMakeFiles/utility.dir/src/choldc.c.o
[ 26%] [ 26%] [ 27%] [ 28%] Building C object catkin/core-sl/catkin-utilities/tmp_catkin_utilities/CMakeFiles/utility.dir/src/statistics.c.o
[ 28%] Scanning dependencies of target master
Building C object catkin/core-sl/catkin-sl/tmp_catkin_sl/CMakeFiles/SLmotor.dir/src/SL_motor_servo.c.o
[ 29%] [ 29%] Building C object catkin/core-sl/catkin-sl/tmp_catkin_sl/CMakeFiles/SLvision.dir/src/SL_serial_unix.c.o
Building C object catkin/core-sl/catkin-sl/tmp_catkin_sl/CMakeFiles/SLsimulation.dir/src/SL_integrate.c.o
[ 29%] Building C object catkin/core-sl/catkin-sl/tmp_catkin_sl/CMakeFiles/SLmotor.dir/src/SL_controller.c.o
Building C object catkin/core-sl/catkin-sl/tmp_catkin_sl/CMakeFiles/SLmotor.dir/src/SL_sensor_proc.c.o
[ 30%] Building C object catkin/core-sl/catkin-sl/tmp_catkin_sl/CMakeFiles/SLvision.dir/src/SL_vision_servo.c.o
Building C object catkin/core-sl/catkin-sl/tmp_catkin_sl/CMakeFiles/SLsimulation.dir/src/SL_simulation_servo.c.o
Building C object catkin/core-sl/catkin-sl/tmp_catkin_sl/CMakeFiles/SLsimulation.dir/src/SL_objects.c.o
Building C object catkin/core-sl/catkin-sl/tmp_catkin_sl/CMakeFiles/SLsimulation.dir/src/SL_userSimulation.c.o
[ 31%] Building C object catkin/core-sl/catkin-sl/tmp_catkin_sl/CMakeFiles/SLvision.dir/src/SL_dbvision.c.o
Building C object catkin/core-sl/catkin-sl/tmp_catkin_sl/CMakeFiles/SLcommon.dir/src/SL_vx2unix_wrappers.c.o
[ 32%] [ 34%] [ 34%] Building C object catkin/core-sl/catkin-sl/tmp_catkin_sl/CMakeFiles/SLvision.dir/src/SL_vision_servo_unix.c.o
Building C object catkin/core-sl/catkin-sl/tmp_catkin_sl/CMakeFiles/SLcommon.dir/src/SL_common.c.o
[ 34%] [ 35%] [ 36%] [ 37%] [ 37%] [ 38%] [ 39%] [ 40%] [ 41%] [ 42%] [ 43%] [ 43%] [ 44%] [ 44%] [ 44%] [ 45%] [ 45%] Building C object catkin/core-sl/catkin-sl/tmp_catkin_sl/CMakeFiles/SLsimulation.dir/src/SL_simulation_servo_unix.c.o
[ 45%] [ 46%] [ 47%] [ 47%] [ 48%] Building C object catkin/core-sl/catkin-sl/tmp_catkin_sl/CMakeFiles/SLcommon.dir/src/SL_filters.c.o
[ 49%] Building C object catkin/core-sl/catkin-sl/tmp_catkin_sl/CMakeFiles/SLvision.dir/src/SL_vision_proc.c.o
Building C object catkin/robots/catkin-master/tmp_catkin_master/CMakeFiles/master.dir/__/sl/src/SL_kinematics.c.o
Building CXX object catkin/robots/catkin-master/tmp_catkin_master/CMakeFiles/master.dir/__/sl/src/SL_invDynNE.cpp.o
Building C object catkin/core-sl/catkin-sl/tmp_catkin_sl/CMakeFiles/SLcommon.dir/src/SL_collect_data.c.o
[ 49%] Building C object catkin/core-sl/catkin-sl/tmp_catkin_sl/CMakeFiles/SLtask.dir/src/SL_traj_task.c.o
Building C object catkin/core-sl/catkin-sl/tmp_catkin_sl/CMakeFiles/SLtask.dir/src/SL_objects.c.o
Building C object catkin/core-sl/catkin-sl/tmp_catkin_sl/CMakeFiles/SLtask.dir/src/SL_task_servo.c.o
Building C object catkin/core-sl/catkin-sl/tmp_catkin_sl/CMakeFiles/SLopenGL.dir/src/SL_openGL_servo_unix.c.o
Building C object catkin/robots/catkin-master/tmp_catkin_master/CMakeFiles/master.dir/__/sl/src/SL_dynamics.c.o
Building C object catkin/core-sl/catkin-sl/tmp_catkin_sl/CMakeFiles/SLtask.dir/src/SL_sine_task.c.o
Building C object catkin/core-sl/catkin-sl/tmp_catkin_sl/CMakeFiles/SLopenGL.dir/src/SL_openGL.c.o
Building C object catkin/core-sl/catkin-sl/tmp_catkin_sl/CMakeFiles/SLcommon.dir/src/SL_unix_common.c.o
Building C object catkin/core-sl/catkin-sl/tmp_catkin_sl/CMakeFiles/SLtask.dir/src/SL_goto_task.c.o
Building C object catkin/core-sl/catkin-sl/tmp_catkin_sl/CMakeFiles/SLcommon.dir/src/SL_oscilloscope.c.o
Building C object catkin/core-sl/catkin-sl/tmp_catkin_sl/CMakeFiles/SLopenGL.dir/src/SL_openGL_servo.c.o
Building CXX object catkin/robots/catkin-master/tmp_catkin_master/CMakeFiles/master.dir/__/sl/src/SL_invDynArt.cpp.o
Building CXX object catkin/robots/catkin-master/tmp_catkin_master/CMakeFiles/master.dir/__/sl/src/SL_forDynArt.cpp.o
Building C object catkin/core-sl/catkin-sl/tmp_catkin_sl/CMakeFiles/SLtask.dir/src/SL_tasks.c.o
Building C object catkin/core-sl/catkin-sl/tmp_catkin_sl/CMakeFiles/SLtask.dir/src/SL_task_servo_unix.c.o
Building C object catkin/robots/catkin-master/tmp_catkin_master/CMakeFiles/master.dir/src/SL_user_common.c.o
Building C object catkin/core-sl/catkin-sl/tmp_catkin_sl/CMakeFiles/SLcommon.dir/src/SL_man.c.o
Building C object catkin/core-sl/catkin-sl/tmp_catkin_sl/CMakeFiles/SLcommon.dir/src/SL_shared_memory.c.o
Building C object catkin/core-sl/catkin-sl/tmp_catkin_sl/CMakeFiles/SLcommon.dir/src/SL_terrains.c.o
Building C object catkin/robots/catkin-master/tmp_catkin_master/CMakeFiles/master.dir/src/SL_user_commands.c.o
Building C object catkin/core-sl/catkin-sl/tmp_catkin_sl/CMakeFiles/SLopenGL.dir/src/SL_openGL_oscilloscope.c.o
Building C object catkin/core-sl/catkin-sl/tmp_catkin_sl/CMakeFiles/SLopenGL.dir/src/SL_userGraphics.c.o
Building C object catkin/core-sl/catkin-sl/tmp_catkin_sl/CMakeFiles/SLtask.dir/src/SL_go_cart_task.c.o
Building CXX object catkin/robots/catkin-master/tmp_catkin_master/CMakeFiles/master.dir/__/sl/src/SL_forDynComp.cpp.o
Building C object catkin/core-sl/catkin-sl/tmp_catkin_sl/CMakeFiles/SLopenGL.dir/src/SL_objects.c.o
Linking C shared library /home/amd_clmc/team/workspace/devel/lib/libmaster_task.so
Linking C shared library /home/amd_clmc/team/workspace/devel/lib/libmaster_simulation.so
[ 49%] Built target master_task
Linking C shared library /home/amd_clmc/team/workspace/devel/lib/libmaster_openGL.so
[ 49%] Built target master_simulation
Linking C shared library /home/amd_clmc/team/workspace/devel/lib/libSLmotor.so
Linking C shared library /home/amd_clmc/team/workspace/devel/lib/libSLvision.so
[ 49%] Built target master_openGL
[ 49%] Built target SLmotor
[ 49%] Built target SLvision
Linking C shared library /home/amd_clmc/team/workspace/devel/lib/libSLcommon.so
Scanning dependencies of target amd_clmc_dmp
[ 49%] Built target SLcommon
[ 49%] Linking C shared library /home/amd_clmc/team/workspace/devel/lib/libSLtask.so
[ 50%] [ 51%] [ 51%] [ 52%] [ 52%] [ 52%] Building CXX object catkin/control/amd_clmc_dmp/CMakeFiles/amd_clmc_dmp.dir/src/paths.cpp.o
[ 53%] Building CXX object catkin/control/amd_clmc_dmp/CMakeFiles/amd_clmc_dmp.dir/src/utility/utility.cpp.o
[ 54%] Building CXX object catkin/control/amd_clmc_dmp/CMakeFiles/amd_clmc_dmp.dir/src/utility/DataIO.cpp.o
Building CXX object catkin/control/amd_clmc_dmp/CMakeFiles/amd_clmc_dmp.dir/src/dmp_state/DMPState.cpp.o
Linking C shared library /home/amd_clmc/team/workspace/devel/lib/libSLsimulation.so
Building CXX object catkin/control/amd_clmc_dmp/CMakeFiles/amd_clmc_dmp.dir/src/utility/NormalDistributionRandomVectorGenerator.cpp.o
Building CXX object catkin/control/amd_clmc_dmp/CMakeFiles/amd_clmc_dmp.dir/src/dmp_param/TauSystem.cpp.o
Building CXX object catkin/control/amd_clmc_dmp/CMakeFiles/amd_clmc_dmp.dir/src/utility/RealTimeAssertor.cpp.o
Building CXX object catkin/control/amd_clmc_dmp/CMakeFiles/amd_clmc_dmp.dir/src/dmp_base/CanonicalSystem.cpp.o
Building CXX object catkin/control/amd_clmc_dmp/CMakeFiles/amd_clmc_dmp.dir/src/dmp_param/GoalSystem.cpp.o
[ 54%] [ 55%] [ 56%] [ 57%] [ 57%] [ 58%] [ 58%] [ 59%] [ 59%] Building CXX object catkin/control/amd_clmc_dmp/CMakeFiles/amd_clmc_dmp.dir/src/dmp_base/LearningSystem.cpp.o
Building CXX object catkin/control/amd_clmc_dmp/CMakeFiles/amd_clmc_dmp.dir/src/dmp_base/TransformationSystem.cpp.o
Building CXX object catkin/control/amd_clmc_dmp/CMakeFiles/amd_clmc_dmp.dir/src/dmp_base/FunctionApproximator.cpp.o
Building CXX object catkin/control/amd_clmc_dmp/CMakeFiles/amd_clmc_dmp.dir/src/dmp_discrete/CanonicalSystemDiscrete.cpp.o
Building CXX object catkin/control/amd_clmc_dmp/CMakeFiles/amd_clmc_dmp.dir/src/dmp_base/DMP.cpp.o
[ 60%] [ 60%] [ 60%] Building CXX object catkin/control/amd_clmc_dmp/CMakeFiles/amd_clmc_dmp.dir/src/dmp_base/DMPDataIO.cpp.o
[ 61%] Building CXX object catkin/control/amd_clmc_dmp/CMakeFiles/amd_clmc_dmp.dir/src/dmp_discrete/FuncApproximatorDiscrete.cpp.o
[ 62%] [ 62%] Built target SLtask
[ 62%] [ 63%] Building CXX object catkin/control/amd_clmc_dmp/CMakeFiles/amd_clmc_dmp.dir/src/dmp_base/LoggedDMPVariables.cpp.o
[ 64%] [ 65%] Linking C shared library /home/amd_clmc/team/workspace/devel/lib/libSLopenGL.so
Building CXX object catkin/control/amd_clmc_dmp/CMakeFiles/amd_clmc_dmp.dir/src/dmp_discrete/LearningSystemDiscrete.cpp.o
Building CXX object catkin/control/amd_clmc_dmp/CMakeFiles/amd_clmc_dmp.dir/src/dmp_1D/DMPDiscrete1D.cpp.o
Building CXX object catkin/control/amd_clmc_dmp/CMakeFiles/amd_clmc_dmp.dir/src/dmp_discrete/LoggedDMPDiscreteVariables.cpp.o
Building CXX object catkin/control/amd_clmc_dmp/CMakeFiles/amd_clmc_dmp.dir/src/dmp_discrete/TransformSystemDiscrete.cpp.o
[ 65%] Building CXX object catkin/control/amd_clmc_dmp/CMakeFiles/amd_clmc_dmp.dir/src/dmp_discrete/DMPDiscrete.cpp.o
Building CXX object catkin/control/amd_clmc_dmp/CMakeFiles/amd_clmc_dmp.dir/src/cart_dmp/CartesianCoordDMP.cpp.o
Building CXX object catkin/control/amd_clmc_dmp/CMakeFiles/amd_clmc_dmp.dir/src/dmp_coupling/learn_obs_avoid/LearnObsAvoidDataIO.cpp.o
Building CXX object catkin/control/amd_clmc_dmp/CMakeFiles/amd_clmc_dmp.dir/src/dmp_discrete/DMPDataIODiscrete.cpp.o
Building CXX object catkin/control/amd_clmc_dmp/CMakeFiles/amd_clmc_dmp.dir/src/cart_dmp/CartesianCoordTransformer.cpp.o
Building CXX object catkin/control/amd_clmc_dmp/CMakeFiles/amd_clmc_dmp.dir/src/dmp_coupling/learn_obs_avoid/ReinforcementLearningObsAvoid.cpp.o
Building CXX object catkin/control/amd_clmc_dmp/CMakeFiles/amd_clmc_dmp.dir/src/dmp_coupling/learn_obs_avoid/TransformCouplingLearnObsAvoid.cpp.o
Linking C shared library /home/amd_clmc/team/workspace/devel/lib/libutility.so
[ 65%] Built target SLsimulation
[ 65%] Built target SLopenGL
[ 65%] Built target utility
Scanning dependencies of target xlwprstat
Scanning dependencies of target xlwpr
Scanning dependencies of target xascii2clmcplot
Scanning dependencies of target lwpr
Scanning dependencies of target xmaster
[ 67%] [ 68%] [ 68%] [ 70%] [ 70%] [ 70%] [ 71%] Building C object catkin/core-sl/catkin-lwpr/tmp_catkin_lwpr/CMakeFiles/xascii2clmcplot.dir/src/ascii2mrdplot.c.o
[ 72%] [ 72%] [ 73%] [ 73%] [ 73%] Building C object catkin/core-sl/catkin-lwpr/tmp_catkin_lwpr/CMakeFiles/xlwprstat.dir/src/lwpr_main.c.o
[ 74%] Building C object catkin/core-sl/catkin-lwpr/tmp_catkin_lwpr/CMakeFiles/lwpr.dir/src/lwpr.c.o
Building C object catkin/core-sl/catkin-lwpr/tmp_catkin_lwpr/CMakeFiles/xlwprstat.dir/src/lwpr.c.o
Building C object catkin/core-sl/catkin-lwpr/tmp_catkin_lwpr/CMakeFiles/xlwprstat.dir/src/lwpr_stat.c.o
Building C object catkin/core-sl/catkin-lwpr/tmp_catkin_lwpr/CMakeFiles/xlwprstat.dir/src/lwpr_script.c.o
Building C object catkin/core-sl/catkin-lwpr/tmp_catkin_lwpr/CMakeFiles/xlwpr.dir/src/lwpr.c.o
Building C object catkin/core-sl/catkin-lwpr/tmp_catkin_lwpr/CMakeFiles/lwpr.dir/src/lwpr_script.c.o
Building C object catkin/core-sl/catkin-lwpr/tmp_catkin_lwpr/CMakeFiles/xlwpr.dir/src/lwpr_main.c.o
Scanning dependencies of target xpest
Building C object catkin/robots/catkin-master/tmp_catkin_master/CMakeFiles/xmaster.dir/src/SL_main.c.o
Building C object catkin/core-sl/catkin-lwpr/tmp_catkin_lwpr/CMakeFiles/xlwpr.dir/src/lwpr_test.c.o
Building C object catkin/robots/catkin-master/tmp_catkin_master/CMakeFiles/xmaster.dir/src/SL_user_common.c.o
Scanning dependencies of target xmotor
Building C object catkin/core-sl/catkin-lwpr/tmp_catkin_lwpr/CMakeFiles/xlwpr.dir/src/lwpr_script.c.o
[ 75%] [ 76%] [ 77%] [ 77%] [ 78%] [ 78%] [ 79%] [ 79%] Building C object catkin/robots/catkin-master/tmp_catkin_master/CMakeFiles/xpest.dir/__/sl/src/SL_kinematics.c.o
[ 79%] [ 80%] [ 81%] [ 82%] [ 83%] Building CXX object catkin/robots/catkin-master/tmp_catkin_master/CMakeFiles/xpest.dir/__/sl/src/SL_invDynArt.cpp.o
[ 83%] [ 83%] [ 84%] Building C object catkin/robots/catkin-master/tmp_catkin_master/CMakeFiles/xpest.dir/src/SL_user_common.c.o
[ 84%] Building C object catkin/robots/catkin-master/tmp_catkin_master/CMakeFiles/xpest.dir/__/sl/src/SL_dynamics.c.o
Building C object catkin/robots/catkin-master/tmp_catkin_master/CMakeFiles/xpest.dir/src/SL_user_commands.c.o
[ 85%] [ 85%] Building C object catkin/robots/catkin-master/tmp_catkin_master/CMakeFiles/xpest.dir/__/sl/src/SL_parm_estimate.c.o
Building C object catkin/robots/catkin-master/tmp_catkin_master/CMakeFiles/xmotor.dir/src/SL_user_sensor_proc_unix.c.o
Building C object catkin/robots/catkin-master/tmp_catkin_master/CMakeFiles/xmotor.dir/src/SL_user_motor.c.o
Building CXX object catkin/robots/catkin-master/tmp_catkin_master/CMakeFiles/xpest.dir/__/sl/src/SL_forDynArt.cpp.o
Building C object catkin/robots/catkin-master/tmp_catkin_master/CMakeFiles/xmotor.dir/src/SL_user_commands.c.o
Building CXX object catkin/robots/catkin-master/tmp_catkin_master/CMakeFiles/xmotor.dir/__/sl/src/SL_forDynComp.cpp.o
Building CXX object catkin/robots/catkin-master/tmp_catkin_master/CMakeFiles/xpest.dir/__/sl/src/SL_forDynComp.cpp.o
Building C object catkin/robots/catkin-master/tmp_catkin_master/CMakeFiles/xmotor.dir/__/sl/src/SL_dynamics.c.o
Building CXX object catkin/robots/catkin-master/tmp_catkin_master/CMakeFiles/xpest.dir/__/sl/src/SL_invDynNE.cpp.o
Building C object catkin/robots/catkin-master/tmp_catkin_master/CMakeFiles/xmotor.dir/src/SL_user_common.c.o
Building CXX object catkin/robots/catkin-master/tmp_catkin_master/CMakeFiles/xmotor.dir/__/sl/src/SL_invDynArt.cpp.o
Building CXX object catkin/robots/catkin-master/tmp_catkin_master/CMakeFiles/xmotor.dir/__/sl/src/SL_invDynNE.cpp.o
Building C object catkin/robots/catkin-master/tmp_catkin_master/CMakeFiles/xmotor.dir/__/sl/src/SL_kinematics.c.o
Building CXX object catkin/robots/catkin-master/tmp_catkin_master/CMakeFiles/xmotor.dir/__/sl/src/SL_forDynArt.cpp.o
Linking C executable xascii2clmcplot
Linking C executable xmaster
Linking CXX shared library /home/amd_clmc/team/workspace/devel/lib/libmaster.so
Linking C shared library /home/amd_clmc/team/workspace/devel/lib/liblwpr.so
[ 85%] Built target xascii2clmcplot
Linking C executable xlwprstat
Linking C executable xlwpr
[ 85%] Built target master
Scanning dependencies of target haptic_task
Scanning dependencies of target vision_calibration_task
Scanning dependencies of target gravityComp_task
Scanning dependencies of target xsimulation_master
Scanning dependencies of target xopengl_master
[ 85%] [ 85%] Building C object catkin/robots/catkin-masterUser/tmp_catkin_master_user/CMakeFiles/haptic_task.dir/src/haptic_task.c.o
Built target xmaster
[ 85%] [ 85%] [ 86%] [ 87%] Building C object catkin/robots/catkin-masterUser/tmp_catkin_master_user/CMakeFiles/xsimulation_master.dir/src/initUserSimulation.c.o
Building C object catkin/robots/catkin-masterUser/tmp_catkin_master_user/CMakeFiles/gravityComp_task.dir/src/gravityComp_task.c.o
Building C object catkin/robots/catkin-masterUser/tmp_catkin_master_user/CMakeFiles/vision_calibration_task.dir/src/vision_calibration_task.c.o
Building C object catkin/robots/catkin-masterUser/tmp_catkin_master_user/CMakeFiles/xopengl_master.dir/src/initUserGraphics.c.o
[ 87%] Built target lwpr
Scanning dependencies of target master_test_task
[ 87%] Scanning dependencies of target xvision
Building CXX object catkin/robots/catkin-sl-master-task-example/CMakeFiles/master_test_task.dir/src/master_test_task.cpp.o
Linking C executable /home/amd_clmc/team/workspace/devel/lib/master_user/xsimulation
[ 87%] [ 88%] [ 89%] [ 90%] [ 91%] [ 92%] [ 93%] [ 93%] [ 93%] Building CXX object catkin/robots/catkin-master/tmp_catkin_master/CMakeFiles/xvision.dir/__/sl/src/SL_forDynArt.cpp.o
Building C object catkin/robots/catkin-master/tmp_catkin_master/CMakeFiles/xvision.dir/src/SL_user_vision.c.o
Building C object catkin/robots/catkin-master/tmp_catkin_master/CMakeFiles/xvision.dir/__/sl/src/SL_kinematics.c.o
Building C object catkin/robots/catkin-master/tmp_catkin_master/CMakeFiles/xvision.dir/src/SL_user_commands.c.o
Building CXX object catkin/robots/catkin-master/tmp_catkin_master/CMakeFiles/xvision.dir/__/sl/src/SL_forDynComp.cpp.o
Building CXX object catkin/robots/catkin-master/tmp_catkin_master/CMakeFiles/xvision.dir/__/sl/src/SL_invDynArt.cpp.o
Building C object catkin/robots/catkin-master/tmp_catkin_master/CMakeFiles/xvision.dir/__/sl/src/SL_dynamics.c.o
Building CXX object catkin/robots/catkin-master/tmp_catkin_master/CMakeFiles/xvision.dir/__/sl/src/SL_invDynNE.cpp.o
Building C object catkin/robots/catkin-master/tmp_catkin_master/CMakeFiles/xvision.dir/src/SL_user_common.c.o
[ 93%] Linking C shared library /home/amd_clmc/team/workspace/devel/lib/libvision_calibration_task.so
Built target xlwprstat
Linking C shared library /home/amd_clmc/team/workspace/devel/lib/libgravityComp_task.so
Linking C shared library /home/amd_clmc/team/workspace/devel/lib/libhaptic_task.so
Linking C executable /home/amd_clmc/team/workspace/devel/lib/master_user/xopengl
[ 93%] Built target xlwpr
Linking CXX shared library /home/amd_clmc/team/workspace/devel/lib/libmaster_test_task.so
In file included from /home/amd_clmc/team/workspace/src/catkin/control/amd_clmc_dmp/include/amd_clmc_dmp/utility/utility.h:26:0,
                 from /home/amd_clmc/team/workspace/src/catkin/control/amd_clmc_dmp/src/utility/utility.cpp:1:
/home/amd_clmc/team/workspace/src/catkin/control/amd_clmc_dmp/include/amd_clmc_dmp/utility/DefinitionsBase.h:55:22: error: 'Vector3' was not declared in this scope
/home/amd_clmc/team/workspace/src/catkin/control/amd_clmc_dmp/include/amd_clmc_dmp/utility/DefinitionsBase.h:55:30: error: template argument 1 is invalid
/home/amd_clmc/team/workspace/src/catkin/control/amd_clmc_dmp/include/amd_clmc_dmp/utility/DefinitionsBase.h:55:30: error: template argument 2 is invalid
/home/amd_clmc/team/workspace/src/catkin/control/amd_clmc_dmp/include/amd_clmc_dmp/utility/DefinitionsBase.h:55:51: error: invalid type in declaration before ';' token
[ 93%] Built target vision_calibration_task
Linking CXX executable xpest
Linking CXX executable xmotor
[ 93%] Built target gravityComp_task
[ 93%] Built target haptic_task
make[2]: *** [catkin/control/amd_clmc_dmp/CMakeFiles/amd_clmc_dmp.dir/src/utility/utility.cpp.o] Error 1
make[2]: *** Waiting for unfinished jobs....
[ 93%] Built target xsimulation_master
[ 93%] Built target xopengl_master
[ 93%] Built target master_test_task
[ 93%] Built target xpest
[ 93%] Built target xmotor
In file included from /home/amd_clmc/team/workspace/src/catkin/control/amd_clmc_dmp/include/amd_clmc_dmp/dmp_state/DMPState.h:15:0,
                 from /home/amd_clmc/team/workspace/src/catkin/control/amd_clmc_dmp/include/amd_clmc_dmp/dmp_discrete/FuncApproximatorDiscrete.h:25,
                 from /home/amd_clmc/team/workspace/src/catkin/control/amd_clmc_dmp/src/dmp_discrete/FuncApproximatorDiscrete.cpp:1:
/home/amd_clmc/team/workspace/src/catkin/control/amd_clmc_dmp/include/amd_clmc_dmp/utility/DefinitionsBase.h:55:22: error: 'Vector3' was not declared in this scope
/home/amd_clmc/team/workspace/src/catkin/control/amd_clmc_dmp/include/amd_clmc_dmp/utility/DefinitionsBase.h:55:30: error: template argument 1 is invalid
/home/amd_clmc/team/workspace/src/catkin/control/amd_clmc_dmp/include/amd_clmc_dmp/utility/DefinitionsBase.h:55:30: error: template argument 2 is invalid
/home/amd_clmc/team/workspace/src/catkin/control/amd_clmc_dmp/include/amd_clmc_dmp/utility/DefinitionsBase.h:55:51: error: invalid type in declaration before ';' token
In file included from /home/amd_clmc/team/workspace/src/catkin/control/amd_clmc_dmp/include/amd_clmc_dmp/dmp_state/DMPState.h:15:0,
                 from /home/amd_clmc/team/workspace/src/catkin/control/amd_clmc_dmp/include/amd_clmc_dmp/utility/DefinitionsDerived.h:13,
                 from /home/amd_clmc/team/workspace/src/catkin/control/amd_clmc_dmp/include/amd_clmc_dmp/utility/DataIO.h:15,
                 from /home/amd_clmc/team/workspace/src/catkin/control/amd_clmc_dmp/include/amd_clmc_dmp/dmp_base/DMPDataIO.h:15,
                 from /home/amd_clmc/team/workspace/src/catkin/control/amd_clmc_dmp/src/dmp_base/DMPDataIO.cpp:1:
/home/amd_clmc/team/workspace/src/catkin/control/amd_clmc_dmp/include/amd_clmc_dmp/utility/DefinitionsBase.h:55:22: error: 'Vector3' was not declared in this scope
/home/amd_clmc/team/workspace/src/catkin/control/amd_clmc_dmp/include/amd_clmc_dmp/utility/DefinitionsBase.h:55:30: error: template argument 1 is invalid
/home/amd_clmc/team/workspace/src/catkin/control/amd_clmc_dmp/include/amd_clmc_dmp/utility/DefinitionsBase.h:55:30: error: template argument 2 is invalid
/home/amd_clmc/team/workspace/src/catkin/control/amd_clmc_dmp/include/amd_clmc_dmp/utility/DefinitionsBase.h:55:51: error: invalid type in declaration before ';' token
In file included from /home/amd_clmc/team/workspace/src/catkin/control/amd_clmc_dmp/include/amd_clmc_dmp/dmp_base/LoggedDMPVariables.h:15:0,
                 from /home/amd_clmc/team/workspace/src/catkin/control/amd_clmc_dmp/include/amd_clmc_dmp/dmp_discrete/LoggedDMPDiscreteVariables.h:15,
                 from /home/amd_clmc/team/workspace/src/catkin/control/amd_clmc_dmp/src/dmp_discrete/LoggedDMPDiscreteVariables.cpp:1:
/home/amd_clmc/team/workspace/src/catkin/control/amd_clmc_dmp/include/amd_clmc_dmp/utility/DefinitionsBase.h:55:22: error: 'Vector3' was not declared in this scope
/home/amd_clmc/team/workspace/src/catkin/control/amd_clmc_dmp/include/amd_clmc_dmp/utility/DefinitionsBase.h:55:30: error: template argument 1 is invalid
/home/amd_clmc/team/workspace/src/catkin/control/amd_clmc_dmp/include/amd_clmc_dmp/utility/DefinitionsBase.h:55:30: error: template argument 2 is invalid
/home/amd_clmc/team/workspace/src/catkin/control/amd_clmc_dmp/include/amd_clmc_dmp/utility/DefinitionsBase.h:55:51: error: invalid type in declaration before ';' token
In file included from /home/amd_clmc/team/workspace/src/catkin/control/amd_clmc_dmp/include/amd_clmc_dmp/dmp_state/DMPState.h:15:0,
                 from /home/amd_clmc/team/workspace/src/catkin/control/amd_clmc_dmp/include/amd_clmc_dmp/utility/DefinitionsDerived.h:13,
                 from /home/amd_clmc/team/workspace/src/catkin/control/amd_clmc_dmp/include/amd_clmc_dmp/dmp_base/DMP.h:17,
                 from /home/amd_clmc/team/workspace/src/catkin/control/amd_clmc_dmp/src/dmp_base/DMP.cpp:1:
/home/amd_clmc/team/workspace/src/catkin/control/amd_clmc_dmp/include/amd_clmc_dmp/utility/DefinitionsBase.h:55:22: error: 'Vector3' was not declared in this scope
/home/amd_clmc/team/workspace/src/catkin/control/amd_clmc_dmp/include/amd_clmc_dmp/utility/DefinitionsBase.h:55:30: error: template argument 1 is invalid
/home/amd_clmc/team/workspace/src/catkin/control/amd_clmc_dmp/include/amd_clmc_dmp/utility/DefinitionsBase.h:55:30: error: template argument 2 is invalid
/home/amd_clmc/team/workspace/src/catkin/control/amd_clmc_dmp/include/amd_clmc_dmp/utility/DefinitionsBase.h:55:51: error: invalid type in declaration before ';' token
In file included from /home/amd_clmc/team/workspace/src/catkin/control/amd_clmc_dmp/include/amd_clmc_dmp/dmp_state/DMPState.h:15:0,
                 from /home/amd_clmc/team/workspace/src/catkin/control/amd_clmc_dmp/include/amd_clmc_dmp/utility/DefinitionsDerived.h:13,
                 from /home/amd_clmc/team/workspace/src/catkin/control/amd_clmc_dmp/include/amd_clmc_dmp/utility/DataIO.h:15,
                 from /home/amd_clmc/team/workspace/src/catkin/control/amd_clmc_dmp/include/amd_clmc_dmp/dmp_base/DMPDataIO.h:15,
                 from /home/amd_clmc/team/workspace/src/catkin/control/amd_clmc_dmp/include/amd_clmc_dmp/dmp_discrete/DMPDataIODiscrete.h:15,
                 from /home/amd_clmc/team/workspace/src/catkin/control/amd_clmc_dmp/src/dmp_discrete/DMPDataIODiscrete.cpp:1:
/home/amd_clmc/team/workspace/src/catkin/control/amd_clmc_dmp/include/amd_clmc_dmp/utility/DefinitionsBase.h:55:22: error: 'Vector3' was not declared in this scope
/home/amd_clmc/team/workspace/src/catkin/control/amd_clmc_dmp/include/amd_clmc_dmp/utility/DefinitionsBase.h:55:30: error: template argument 1 is invalid
/home/amd_clmc/team/workspace/src/catkin/control/amd_clmc_dmp/include/amd_clmc_dmp/utility/DefinitionsBase.h:55:30: error: template argument 2 is invalid
/home/amd_clmc/team/workspace/src/catkin/control/amd_clmc_dmp/include/amd_clmc_dmp/utility/DefinitionsBase.h:55:51: error: invalid type in declaration before ';' token
In file included from /home/amd_clmc/team/workspace/src/catkin/control/amd_clmc_dmp/include/amd_clmc_dmp/dmp_base/LoggedDMPVariables.h:15:0,
                 from /home/amd_clmc/team/workspace/src/catkin/control/amd_clmc_dmp/src/dmp_base/LoggedDMPVariables.cpp:1:
/home/amd_clmc/team/workspace/src/catkin/control/amd_clmc_dmp/include/amd_clmc_dmp/utility/DefinitionsBase.h:55:22: error: 'Vector3' was not declared in this scope
/home/amd_clmc/team/workspace/src/catkin/control/amd_clmc_dmp/include/amd_clmc_dmp/utility/DefinitionsBase.h:55:30: error: template argument 1 is invalid
/home/amd_clmc/team/workspace/src/catkin/control/amd_clmc_dmp/include/amd_clmc_dmp/utility/DefinitionsBase.h:55:30: error: template argument 2 is invalid
/home/amd_clmc/team/workspace/src/catkin/control/amd_clmc_dmp/include/amd_clmc_dmp/utility/DefinitionsBase.h:55:51: error: invalid type in declaration before ';' token
In file included from /home/amd_clmc/team/workspace/src/catkin/control/amd_clmc_dmp/include/amd_clmc_dmp/dmp_state/DMPState.h:15:0,
                 from /home/amd_clmc/team/workspace/src/catkin/control/amd_clmc_dmp/src/dmp_state/DMPState.cpp:1:
/home/amd_clmc/team/workspace/src/catkin/control/amd_clmc_dmp/include/amd_clmc_dmp/utility/DefinitionsBase.h:55:22: error: 'Vector3' was not declared in this scope
/home/amd_clmc/team/workspace/src/catkin/control/amd_clmc_dmp/include/amd_clmc_dmp/utility/DefinitionsBase.h:55:30: error: template argument 1 is invalid
/home/amd_clmc/team/workspace/src/catkin/control/amd_clmc_dmp/include/amd_clmc_dmp/utility/DefinitionsBase.h:55:30: error: template argument 2 is invalid
/home/amd_clmc/team/workspace/src/catkin/control/amd_clmc_dmp/include/amd_clmc_dmp/utility/DefinitionsBase.h:55:51: error: invalid type in declaration before ';' token
In file included from /home/amd_clmc/team/workspace/src/catkin/control/amd_clmc_dmp/include/amd_clmc_dmp/dmp_state/DMPState.h:15:0,
                 from /home/amd_clmc/team/workspace/src/catkin/control/amd_clmc_dmp/include/amd_clmc_dmp/utility/DefinitionsDerived.h:13,
                 from /home/amd_clmc/team/workspace/src/catkin/control/amd_clmc_dmp/include/amd_clmc_dmp/dmp_param/GoalSystem.h:14,
                 from /home/amd_clmc/team/workspace/src/catkin/control/amd_clmc_dmp/src/dmp_param/GoalSystem.cpp:1:
/home/amd_clmc/team/workspace/src/catkin/control/amd_clmc_dmp/include/amd_clmc_dmp/utility/DefinitionsBase.h:55:22: error: 'Vector3' was not declared in this scope
/home/amd_clmc/team/workspace/src/catkin/control/amd_clmc_dmp/include/amd_clmc_dmp/utility/DefinitionsBase.h:55:30: error: template argument 1 is invalid
/home/amd_clmc/team/workspace/src/catkin/control/amd_clmc_dmp/include/amd_clmc_dmp/utility/DefinitionsBase.h:55:30: error: template argument 2 is invalid
/home/amd_clmc/team/workspace/src/catkin/control/amd_clmc_dmp/include/amd_clmc_dmp/utility/DefinitionsBase.h:55:51: error: invalid type in declaration before ';' token
In file included from /home/amd_clmc/team/workspace/src/catkin/control/amd_clmc_dmp/include/amd_clmc_dmp/utility/utility.h:26:0,
                 from /home/amd_clmc/team/workspace/src/catkin/control/amd_clmc_dmp/include/amd_clmc_dmp/dmp_base/TransformationSystem.h:18,
                 from /home/amd_clmc/team/workspace/src/catkin/control/amd_clmc_dmp/src/dmp_base/TransformationSystem.cpp:1:
/home/amd_clmc/team/workspace/src/catkin/control/amd_clmc_dmp/include/amd_clmc_dmp/utility/DefinitionsBase.h:55:22: error: 'Vector3' was not declared in this scope
/home/amd_clmc/team/workspace/src/catkin/control/amd_clmc_dmp/include/amd_clmc_dmp/utility/DefinitionsBase.h:55:30: error: template argument 1 is invalid
/home/amd_clmc/team/workspace/src/catkin/control/amd_clmc_dmp/include/amd_clmc_dmp/utility/DefinitionsBase.h:55:30: error: template argument 2 is invalid
/home/amd_clmc/team/workspace/src/catkin/control/amd_clmc_dmp/include/amd_clmc_dmp/utility/DefinitionsBase.h:55:51: error: invalid type in declaration before ';' token
In file included from /home/amd_clmc/team/workspace/src/catkin/control/amd_clmc_dmp/include/amd_clmc_dmp/dmp_state/DMPState.h:15:0,
                 from /home/amd_clmc/team/workspace/src/catkin/control/amd_clmc_dmp/include/amd_clmc_dmp/utility/DefinitionsDerived.h:13,
                 from /home/amd_clmc/team/workspace/src/catkin/control/amd_clmc_dmp/include/amd_clmc_dmp/utility/DataIO.h:15,
                 from /home/amd_clmc/team/workspace/src/catkin/control/amd_clmc_dmp/src/utility/DataIO.cpp:1:
/home/amd_clmc/team/workspace/src/catkin/control/amd_clmc_dmp/include/amd_clmc_dmp/utility/DefinitionsBase.h:55:22: error: 'Vector3' was not declared in this scope
/home/amd_clmc/team/workspace/src/catkin/control/amd_clmc_dmp/include/amd_clmc_dmp/utility/DefinitionsBase.h:55:30: error: template argument 1 is invalid
/home/amd_clmc/team/workspace/src/catkin/control/amd_clmc_dmp/include/amd_clmc_dmp/utility/DefinitionsBase.h:55:30: error: template argument 2 is invalid
/home/amd_clmc/team/workspace/src/catkin/control/amd_clmc_dmp/include/amd_clmc_dmp/utility/DefinitionsBase.h:55:51: error: invalid type in declaration before ';' token
In file included from /home/amd_clmc/team/workspace/src/catkin/control/amd_clmc_dmp/include/amd_clmc_dmp/utility/utility.h:26:0,
                 from /home/amd_clmc/team/workspace/src/catkin/control/amd_clmc_dmp/include/amd_clmc_dmp/dmp_base/FunctionApproximator.h:23,
                 from /home/amd_clmc/team/workspace/src/catkin/control/amd_clmc_dmp/src/dmp_base/FunctionApproximator.cpp:1:
/home/amd_clmc/team/workspace/src/catkin/control/amd_clmc_dmp/include/amd_clmc_dmp/utility/DefinitionsBase.h:55:22: error: 'Vector3' was not declared in this scope
/home/amd_clmc/team/workspace/src/catkin/control/amd_clmc_dmp/include/amd_clmc_dmp/utility/DefinitionsBase.h:55:30: error: template argument 1 is invalid
/home/amd_clmc/team/workspace/src/catkin/control/amd_clmc_dmp/include/amd_clmc_dmp/utility/DefinitionsBase.h:55:30: error: template argument 2 is invalid
/home/amd_clmc/team/workspace/src/catkin/control/amd_clmc_dmp/include/amd_clmc_dmp/utility/DefinitionsBase.h:55:51: error: invalid type in declaration before ';' token
In file included from /home/amd_clmc/team/workspace/src/catkin/control/amd_clmc_dmp/include/amd_clmc_dmp/dmp_state/DMPState.h:15:0,
                 from /home/amd_clmc/team/workspace/src/catkin/control/amd_clmc_dmp/include/amd_clmc_dmp/utility/DefinitionsDerived.h:13,
                 from /home/amd_clmc/team/workspace/src/catkin/control/amd_clmc_dmp/include/amd_clmc_dmp/utility/DataIO.h:15,
                 from /home/amd_clmc/team/workspace/src/catkin/control/amd_clmc_dmp/include/amd_clmc_dmp/dmp_coupling/learn_obs_avoid/LearnObsAvoidDataIO.h:15,
                 from /home/amd_clmc/team/workspace/src/catkin/control/amd_clmc_dmp/src/dmp_coupling/learn_obs_avoid/LearnObsAvoidDataIO.cpp:1:
/home/amd_clmc/team/workspace/src/catkin/control/amd_clmc_dmp/include/amd_clmc_dmp/utility/DefinitionsBase.h:55:22: error: 'Vector3' was not declared in this scope
/home/amd_clmc/team/workspace/src/catkin/control/amd_clmc_dmp/include/amd_clmc_dmp/utility/DefinitionsBase.h:55:30: error: template argument 1 is invalid
/home/amd_clmc/team/workspace/src/catkin/control/amd_clmc_dmp/include/amd_clmc_dmp/utility/DefinitionsBase.h:55:30: error: template argument 2 is invalid
/home/amd_clmc/team/workspace/src/catkin/control/amd_clmc_dmp/include/amd_clmc_dmp/utility/DefinitionsBase.h:55:51: error: invalid type in declaration before ';' token
In file included from /home/amd_clmc/team/workspace/src/catkin/control/amd_clmc_dmp/include/amd_clmc_dmp/dmp_state/DMPState.h:15:0,
                 from /home/amd_clmc/team/workspace/src/catkin/control/amd_clmc_dmp/include/amd_clmc_dmp/utility/DefinitionsDerived.h:13,
                 from /home/amd_clmc/team/workspace/src/catkin/control/amd_clmc_dmp/include/amd_clmc_dmp/dmp_discrete/LearningSystemDiscrete.h:24,
                 from /home/amd_clmc/team/workspace/src/catkin/control/amd_clmc_dmp/src/dmp_discrete/LearningSystemDiscrete.cpp:1:
/home/amd_clmc/team/workspace/src/catkin/control/amd_clmc_dmp/include/amd_clmc_dmp/utility/DefinitionsBase.h:55:22: error: 'Vector3' was not declared in this scope
/home/amd_clmc/team/workspace/src/catkin/control/amd_clmc_dmp/include/amd_clmc_dmp/utility/DefinitionsBase.h:55:30: error: template argument 1 is invalid
/home/amd_clmc/team/workspace/src/catkin/control/amd_clmc_dmp/include/amd_clmc_dmp/utility/DefinitionsBase.h:55:30: error: template argument 2 is invalid
/home/amd_clmc/team/workspace/src/catkin/control/amd_clmc_dmp/include/amd_clmc_dmp/utility/DefinitionsBase.h:55:51: error: invalid type in declaration before ';' token
Linking CXX executable xvision
In file included from /home/amd_clmc/team/workspace/src/catkin/control/amd_clmc_dmp/include/amd_clmc_dmp/dmp_state/DMPState.h:15:0,
                 from /home/amd_clmc/team/workspace/src/catkin/control/amd_clmc_dmp/include/amd_clmc_dmp/utility/DefinitionsDerived.h:13,
                 from /home/amd_clmc/team/workspace/src/catkin/control/amd_clmc_dmp/include/amd_clmc_dmp/dmp_base/DMP.h:17,
                 from /home/amd_clmc/team/workspace/src/catkin/control/amd_clmc_dmp/include/amd_clmc_dmp/dmp_discrete/DMPDiscrete.h:14,
                 from /home/amd_clmc/team/workspace/src/catkin/control/amd_clmc_dmp/include/amd_clmc_dmp/dmp_1D/DMPDiscrete1D.h:13,
                 from /home/amd_clmc/team/workspace/src/catkin/control/amd_clmc_dmp/src/dmp_1D/DMPDiscrete1D.cpp:1:
/home/amd_clmc/team/workspace/src/catkin/control/amd_clmc_dmp/include/amd_clmc_dmp/utility/DefinitionsBase.h:55:22: error: 'Vector3' was not declared in this scope
/home/amd_clmc/team/workspace/src/catkin/control/amd_clmc_dmp/include/amd_clmc_dmp/utility/DefinitionsBase.h:55:30: error: template argument 1 is invalid
/home/amd_clmc/team/workspace/src/catkin/control/amd_clmc_dmp/include/amd_clmc_dmp/utility/DefinitionsBase.h:55:30: error: template argument 2 is invalid
/home/amd_clmc/team/workspace/src/catkin/control/amd_clmc_dmp/include/amd_clmc_dmp/utility/DefinitionsBase.h:55:51: error: invalid type in declaration before ';' token
In file included from /home/amd_clmc/team/workspace/src/catkin/control/amd_clmc_dmp/include/amd_clmc_dmp/dmp_state/DMPState.h:15:0,
                 from /home/amd_clmc/team/workspace/src/catkin/control/amd_clmc_dmp/include/amd_clmc_dmp/utility/DefinitionsDerived.h:13,
                 from /home/amd_clmc/team/workspace/src/catkin/control/amd_clmc_dmp/include/amd_clmc_dmp/dmp_base/LearningSystem.h:17,
                 from /home/amd_clmc/team/workspace/src/catkin/control/amd_clmc_dmp/src/dmp_base/LearningSystem.cpp:1:
/home/amd_clmc/team/workspace/src/catkin/control/amd_clmc_dmp/include/amd_clmc_dmp/utility/DefinitionsBase.h:55:22: error: 'Vector3' was not declared in this scope
/home/amd_clmc/team/workspace/src/catkin/control/amd_clmc_dmp/include/amd_clmc_dmp/utility/DefinitionsBase.h:55:30: error: template argument 1 is invalid
/home/amd_clmc/team/workspace/src/catkin/control/amd_clmc_dmp/include/amd_clmc_dmp/utility/DefinitionsBase.h:55:30: error: template argument 2 is invalid
/home/amd_clmc/team/workspace/src/catkin/control/amd_clmc_dmp/include/amd_clmc_dmp/utility/DefinitionsBase.h:55:51: error: invalid type in declaration before ';' token
In file included from /home/amd_clmc/team/workspace/src/catkin/control/amd_clmc_dmp/include/amd_clmc_dmp/dmp_state/DMPState.h:15:0,
                 from /home/amd_clmc/team/workspace/src/catkin/control/amd_clmc_dmp/include/amd_clmc_dmp/utility/DefinitionsDerived.h:13,
                 from /home/amd_clmc/team/workspace/src/catkin/control/amd_clmc_dmp/include/amd_clmc_dmp/dmp_base/DMP.h:17,
                 from /home/amd_clmc/team/workspace/src/catkin/control/amd_clmc_dmp/include/amd_clmc_dmp/dmp_discrete/DMPDiscrete.h:14,
                 from /home/amd_clmc/team/workspace/src/catkin/control/amd_clmc_dmp/include/amd_clmc_dmp/cart_dmp/CartesianCoordDMP.h:15,
                 from /home/amd_clmc/team/workspace/src/catkin/control/amd_clmc_dmp/src/cart_dmp/CartesianCoordDMP.cpp:1:
/home/amd_clmc/team/workspace/src/catkin/control/amd_clmc_dmp/include/amd_clmc_dmp/utility/DefinitionsBase.h:55:22: error: 'Vector3' was not declared in this scope
/home/amd_clmc/team/workspace/src/catkin/control/amd_clmc_dmp/include/amd_clmc_dmp/utility/DefinitionsBase.h:55:30: error: template argument 1 is invalid
/home/amd_clmc/team/workspace/src/catkin/control/amd_clmc_dmp/include/amd_clmc_dmp/utility/DefinitionsBase.h:55:30: error: template argument 2 is invalid
/home/amd_clmc/team/workspace/src/catkin/control/amd_clmc_dmp/include/amd_clmc_dmp/utility/DefinitionsBase.h:55:51: error: invalid type in declaration before ';' token
In file included from /home/amd_clmc/team/workspace/src/catkin/control/amd_clmc_dmp/include/amd_clmc_dmp/dmp_state/DMPState.h:15:0,
                 from /home/amd_clmc/team/workspace/src/catkin/control/amd_clmc_dmp/include/amd_clmc_dmp/utility/DefinitionsDerived.h:13,
                 from /home/amd_clmc/team/workspace/src/catkin/control/amd_clmc_dmp/include/amd_clmc_dmp/dmp_base/DMP.h:17,
                 from /home/amd_clmc/team/workspace/src/catkin/control/amd_clmc_dmp/include/amd_clmc_dmp/dmp_discrete/DMPDiscrete.h:14,
                 from /home/amd_clmc/team/workspace/src/catkin/control/amd_clmc_dmp/src/dmp_discrete/DMPDiscrete.cpp:1:
/home/amd_clmc/team/workspace/src/catkin/control/amd_clmc_dmp/include/amd_clmc_dmp/utility/DefinitionsBase.h:55:22: error: 'Vector3' was not declared in this scope
/home/amd_clmc/team/workspace/src/catkin/control/amd_clmc_dmp/include/amd_clmc_dmp/utility/DefinitionsBase.h:55:30: error: template argument 1 is invalid
/home/amd_clmc/team/workspace/src/catkin/control/amd_clmc_dmp/include/amd_clmc_dmp/utility/DefinitionsBase.h:55:30: error: template argument 2 is invalid
/home/amd_clmc/team/workspace/src/catkin/control/amd_clmc_dmp/include/amd_clmc_dmp/utility/DefinitionsBase.h:55:51: error: invalid type in declaration before ';' token
In file included from /home/amd_clmc/team/workspace/src/catkin/control/amd_clmc_dmp/include/amd_clmc_dmp/utility/utility.h:26:0,
                 from /home/amd_clmc/team/workspace/src/catkin/control/amd_clmc_dmp/include/amd_clmc_dmp/dmp_coupling/learn_obs_avoid/TransformCouplingLearnObsAvoid.h:23,
                 from /home/amd_clmc/team/workspace/src/catkin/control/amd_clmc_dmp/src/dmp_coupling/learn_obs_avoid/TransformCouplingLearnObsAvoid.cpp:1:
/home/amd_clmc/team/workspace/src/catkin/control/amd_clmc_dmp/include/amd_clmc_dmp/utility/DefinitionsBase.h:55:22: error: 'Vector3' was not declared in this scope
/home/amd_clmc/team/workspace/src/catkin/control/amd_clmc_dmp/include/amd_clmc_dmp/utility/DefinitionsBase.h:55:30: error: template argument 1 is invalid
/home/amd_clmc/team/workspace/src/catkin/control/amd_clmc_dmp/include/amd_clmc_dmp/utility/DefinitionsBase.h:55:30: error: template argument 2 is invalid
/home/amd_clmc/team/workspace/src/catkin/control/amd_clmc_dmp/include/amd_clmc_dmp/utility/DefinitionsBase.h:55:51: error: invalid type in declaration before ';' token
In file included from /home/amd_clmc/team/workspace/src/catkin/control/amd_clmc_dmp/include/amd_clmc_dmp/utility/utility.h:26:0,
                 from /home/amd_clmc/team/workspace/src/catkin/control/amd_clmc_dmp/include/amd_clmc_dmp/utility/NormalDistributionRandomVectorGenerator.h:25,
                 from /home/amd_clmc/team/workspace/src/catkin/control/amd_clmc_dmp/src/utility/NormalDistributionRandomVectorGenerator.cpp:1:
/home/amd_clmc/team/workspace/src/catkin/control/amd_clmc_dmp/include/amd_clmc_dmp/utility/DefinitionsBase.h:55:22: error: 'Vector3' was not declared in this scope
/home/amd_clmc/team/workspace/src/catkin/control/amd_clmc_dmp/include/amd_clmc_dmp/utility/DefinitionsBase.h:55:30: error: template argument 1 is invalid
/home/amd_clmc/team/workspace/src/catkin/control/amd_clmc_dmp/include/amd_clmc_dmp/utility/DefinitionsBase.h:55:30: error: template argument 2 is invalid
/home/amd_clmc/team/workspace/src/catkin/control/amd_clmc_dmp/include/amd_clmc_dmp/utility/DefinitionsBase.h:55:51: error: invalid type in declaration before ';' token
In file included from /home/amd_clmc/team/workspace/src/catkin/control/amd_clmc_dmp/include/amd_clmc_dmp/utility/DataIO.h:15:0,
                 from /home/amd_clmc/team/workspace/src/catkin/control/amd_clmc_dmp/include/amd_clmc_dmp/dmp_base/DMPDataIO.h:15,
                 from /home/amd_clmc/team/workspace/src/catkin/control/amd_clmc_dmp/src/dmp_base/DMPDataIO.cpp:1:
/home/amd_clmc/team/workspace/src/catkin/control/amd_clmc_dmp/include/amd_clmc_dmp/utility/DefinitionsDerived.h:33:53: error: conflicting declaration 'typedef dmp::TrajectoryPtr dmp::Demonstration'
/home/amd_clmc/team/workspace/src/catkin/control/amd_clmc_dmp/include/amd_clmc_dmp/utility/DefinitionsDerived.h:32:53: error: 'dmp::Demonstration' has a previous declaration as 'typedef dmp::Trajectory dmp::Demonstration'
In file included from /home/amd_clmc/team/workspace/src/catkin/control/amd_clmc_dmp/include/amd_clmc_dmp/dmp_base/DMP.h:17:0,
                 from /home/amd_clmc/team/workspace/src/catkin/control/amd_clmc_dmp/src/dmp_base/DMP.cpp:1:
/home/amd_clmc/team/workspace/src/catkin/control/amd_clmc_dmp/include/amd_clmc_dmp/utility/DefinitionsDerived.h:33:53: error: conflicting declaration 'typedef dmp::TrajectoryPtr dmp::Demonstration'
/home/amd_clmc/team/workspace/src/catkin/control/amd_clmc_dmp/include/amd_clmc_dmp/utility/DefinitionsDerived.h:32:53: error: 'dmp::Demonstration' has a previous declaration as 'typedef dmp::Trajectory dmp::Demonstration'
[ 93%] Built target xvision
In file included from /home/amd_clmc/team/workspace/src/catkin/control/amd_clmc_dmp/include/amd_clmc_dmp/utility/utility.h:26:0,
                 from /home/amd_clmc/team/workspace/src/catkin/control/amd_clmc_dmp/include/amd_clmc_dmp/dmp_base/TransformationSystem.h:18,
                 from /home/amd_clmc/team/workspace/src/catkin/control/amd_clmc_dmp/include/amd_clmc_dmp/dmp_discrete/TransformSystemDiscrete.h:18,
                 from /home/amd_clmc/team/workspace/src/catkin/control/amd_clmc_dmp/src/dmp_discrete/TransformSystemDiscrete.cpp:1:
/home/amd_clmc/team/workspace/src/catkin/control/amd_clmc_dmp/include/amd_clmc_dmp/utility/DefinitionsBase.h:55:22: error: 'Vector3' was not declared in this scope
/home/amd_clmc/team/workspace/src/catkin/control/amd_clmc_dmp/include/amd_clmc_dmp/utility/DefinitionsBase.h:55:30: error: template argument 1 is invalid
/home/amd_clmc/team/workspace/src/catkin/control/amd_clmc_dmp/include/amd_clmc_dmp/utility/DefinitionsBase.h:55:30: error: template argument 2 is invalid
/home/amd_clmc/team/workspace/src/catkin/control/amd_clmc_dmp/include/amd_clmc_dmp/utility/DefinitionsBase.h:55:51: error: invalid type in declaration before ';' token
In file included from /home/amd_clmc/team/workspace/src/catkin/control/amd_clmc_dmp/include/amd_clmc_dmp/utility/DataIO.h:15:0,
                 from /home/amd_clmc/team/workspace/src/catkin/control/amd_clmc_dmp/include/amd_clmc_dmp/dmp_base/DMPDataIO.h:15,
                 from /home/amd_clmc/team/workspace/src/catkin/control/amd_clmc_dmp/include/amd_clmc_dmp/dmp_discrete/DMPDataIODiscrete.h:15,
                 from /home/amd_clmc/team/workspace/src/catkin/control/amd_clmc_dmp/src/dmp_discrete/DMPDataIODiscrete.cpp:1:
/home/amd_clmc/team/workspace/src/catkin/control/amd_clmc_dmp/include/amd_clmc_dmp/utility/DefinitionsDerived.h:33:53: error: conflicting declaration 'typedef dmp::TrajectoryPtr dmp::Demonstration'
/home/amd_clmc/team/workspace/src/catkin/control/amd_clmc_dmp/include/amd_clmc_dmp/utility/DefinitionsDerived.h:32:53: error: 'dmp::Demonstration' has a previous declaration as 'typedef dmp::Trajectory dmp::Demonstration'
In file included from /home/amd_clmc/team/workspace/src/catkin/control/amd_clmc_dmp/include/amd_clmc_dmp/utility/utility.h:26:0,
                 from /home/amd_clmc/team/workspace/src/catkin/control/amd_clmc_dmp/include/amd_clmc_dmp/utility/RealTimeAssertor.h:26,
                 from /home/amd_clmc/team/workspace/src/catkin/control/amd_clmc_dmp/include/amd_clmc_dmp/dmp_param/TauSystem.h:18,
                 from /home/amd_clmc/team/workspace/src/catkin/control/amd_clmc_dmp/src/dmp_param/TauSystem.cpp:1:
/home/amd_clmc/team/workspace/src/catkin/control/amd_clmc_dmp/include/amd_clmc_dmp/utility/DefinitionsBase.h:55:22: error: 'Vector3' was not declared in this scope
/home/amd_clmc/team/workspace/src/catkin/control/amd_clmc_dmp/include/amd_clmc_dmp/utility/DefinitionsBase.h:55:30: error: template argument 1 is invalid
/home/amd_clmc/team/workspace/src/catkin/control/amd_clmc_dmp/include/amd_clmc_dmp/utility/DefinitionsBase.h:55:30: error: template argument 2 is invalid
/home/amd_clmc/team/workspace/src/catkin/control/amd_clmc_dmp/include/amd_clmc_dmp/utility/DefinitionsBase.h:55:51: error: invalid type in declaration before ';' token
In file included from /home/amd_clmc/team/workspace/src/catkin/control/amd_clmc_dmp/include/amd_clmc_dmp/dmp_param/GoalSystem.h:14:0,
                 from /home/amd_clmc/team/workspace/src/catkin/control/amd_clmc_dmp/src/dmp_param/GoalSystem.cpp:1:
/home/amd_clmc/team/workspace/src/catkin/control/amd_clmc_dmp/include/amd_clmc_dmp/utility/DefinitionsDerived.h:33:53: error: conflicting declaration 'typedef dmp::TrajectoryPtr dmp::Demonstration'
/home/amd_clmc/team/workspace/src/catkin/control/amd_clmc_dmp/include/amd_clmc_dmp/utility/DefinitionsDerived.h:32:53: error: 'dmp::Demonstration' has a previous declaration as 'typedef dmp::Trajectory dmp::Demonstration'
In file included from /home/amd_clmc/team/workspace/src/catkin/control/amd_clmc_dmp/include/amd_clmc_dmp/dmp_param/GoalSystem.h:14:0,
                 from /home/amd_clmc/team/workspace/src/catkin/control/amd_clmc_dmp/include/amd_clmc_dmp/dmp_base/TransformationSystem.h:21,
                 from /home/amd_clmc/team/workspace/src/catkin/control/amd_clmc_dmp/src/dmp_base/TransformationSystem.cpp:1:
/home/amd_clmc/team/workspace/src/catkin/control/amd_clmc_dmp/include/amd_clmc_dmp/utility/DefinitionsDerived.h:33:53: error: conflicting declaration 'typedef dmp::TrajectoryPtr dmp::Demonstration'
/home/amd_clmc/team/workspace/src/catkin/control/amd_clmc_dmp/include/amd_clmc_dmp/utility/DefinitionsDerived.h:32:53: error: 'dmp::Demonstration' has a previous declaration as 'typedef dmp::Trajectory dmp::Demonstration'
In file included from /home/amd_clmc/team/workspace/src/catkin/control/amd_clmc_dmp/include/amd_clmc_dmp/utility/utility.h:26:0,
                 from /home/amd_clmc/team/workspace/src/catkin/control/amd_clmc_dmp/include/amd_clmc_dmp/dmp_coupling/learn_obs_avoid/ReinforcementLearningObsAvoid.h:19,
                 from /home/amd_clmc/team/workspace/src/catkin/control/amd_clmc_dmp/src/dmp_coupling/learn_obs_avoid/ReinforcementLearningObsAvoid.cpp:1:
/home/amd_clmc/team/workspace/src/catkin/control/amd_clmc_dmp/include/amd_clmc_dmp/utility/DefinitionsBase.h:55:22: error: 'Vector3' was not declared in this scope
/home/amd_clmc/team/workspace/src/catkin/control/amd_clmc_dmp/include/amd_clmc_dmp/utility/DefinitionsBase.h:55:30: error: template argument 1 is invalid
/home/amd_clmc/team/workspace/src/catkin/control/amd_clmc_dmp/include/amd_clmc_dmp/utility/DefinitionsBase.h:55:30: error: template argument 2 is invalid
/home/amd_clmc/team/workspace/src/catkin/control/amd_clmc_dmp/include/amd_clmc_dmp/utility/DefinitionsBase.h:55:51: error: invalid type in declaration before ';' token
In file included from /home/amd_clmc/team/workspace/src/catkin/control/amd_clmc_dmp/include/amd_clmc_dmp/utility/DataIO.h:15:0,
                 from /home/amd_clmc/team/workspace/src/catkin/control/amd_clmc_dmp/include/amd_clmc_dmp/dmp_coupling/learn_obs_avoid/LearnObsAvoidDataIO.h:15,
                 from /home/amd_clmc/team/workspace/src/catkin/control/amd_clmc_dmp/src/dmp_coupling/learn_obs_avoid/LearnObsAvoidDataIO.cpp:1:
/home/amd_clmc/team/workspace/src/catkin/control/amd_clmc_dmp/include/amd_clmc_dmp/utility/DefinitionsDerived.h:33:53: error: conflicting declaration 'typedef dmp::TrajectoryPtr dmp::Demonstration'
/home/amd_clmc/team/workspace/src/catkin/control/amd_clmc_dmp/include/amd_clmc_dmp/utility/DefinitionsDerived.h:32:53: error: 'dmp::Demonstration' has a previous declaration as 'typedef dmp::Trajectory dmp::Demonstration'
/home/amd_clmc/team/workspace/src/catkin/control/amd_clmc_dmp/src/dmp_coupling/learn_obs_avoid/LearnObsAvoidDataIO.cpp: In member function 'bool dmp::LearnObsAvoidDataIO::extractObstacleAvoidanceTrainingDataSphObs(const char*, dmp::DemonstrationGroupSet&, dmp::Points&, dmp::DoubleVector&, double&)':
/home/amd_clmc/team/workspace/src/catkin/control/amd_clmc_dmp/src/dmp_coupling/learn_obs_avoid/LearnObsAvoidDataIO.cpp:123:42: error: request for member 'resize' in 'obs_sph_centers_cart_position_global', which is of non-class type 'dmp::Points {aka int}'
/home/amd_clmc/team/workspace/src/catkin/control/amd_clmc_dmp/src/dmp_coupling/learn_obs_avoid/LearnObsAvoidDataIO.cpp:123:49: error: 'n' was not declared in this scope
/home/amd_clmc/team/workspace/src/catkin/control/amd_clmc_dmp/src/dmp_coupling/learn_obs_avoid/LearnObsAvoidDataIO.cpp:125:9: error: request for member 'size' in 'obs_sph_centers_cart_position_global', which is of non-class type 'dmp::Points {aka int}'
/home/amd_clmc/team/workspace/src/catkin/control/amd_clmc_dmp/src/dmp_coupling/learn_obs_avoid/LearnObsAvoidDataIO.cpp:135:13: error: invalid types 'dmp::Points {aka int}[uint {aka unsigned int}]' for array subscript
In file included from /home/amd_clmc/team/workspace/src/catkin/control/amd_clmc_dmp/include/amd_clmc_dmp/utility/utility.h:26:0,
                 from /home/amd_clmc/team/workspace/src/catkin/control/amd_clmc_dmp/include/amd_clmc_dmp/utility/RealTimeAssertor.h:26,
                 from /home/amd_clmc/team/workspace/src/catkin/control/amd_clmc_dmp/include/amd_clmc_dmp/dmp_base/CanonicalSystem.h:17,
                 from /home/amd_clmc/team/workspace/src/catkin/control/amd_clmc_dmp/include/amd_clmc_dmp/dmp_discrete/CanonicalSystemDiscrete.h:17,
                 from /home/amd_clmc/team/workspace/src/catkin/control/amd_clmc_dmp/src/dmp_discrete/CanonicalSystemDiscrete.cpp:1:
/home/amd_clmc/team/workspace/src/catkin/control/amd_clmc_dmp/include/amd_clmc_dmp/utility/DefinitionsBase.h:55:22: error: 'Vector3' was not declared in this scope
/home/amd_clmc/team/workspace/src/catkin/control/amd_clmc_dmp/include/amd_clmc_dmp/utility/DefinitionsBase.h:55:30: error: template argument 1 is invalid
/home/amd_clmc/team/workspace/src/catkin/control/amd_clmc_dmp/include/amd_clmc_dmp/utility/DefinitionsBase.h:55:30: error: template argument 2 is invalid
/home/amd_clmc/team/workspace/src/catkin/control/amd_clmc_dmp/include/amd_clmc_dmp/utility/DefinitionsBase.h:55:51: error: invalid type in declaration before ';' token
In file included from /home/amd_clmc/team/workspace/src/catkin/control/amd_clmc_dmp/include/amd_clmc_dmp/dmp_discrete/LearningSystemDiscrete.h:24:0,
                 from /home/amd_clmc/team/workspace/src/catkin/control/amd_clmc_dmp/src/dmp_discrete/LearningSystemDiscrete.cpp:1:
/home/amd_clmc/team/workspace/src/catkin/control/amd_clmc_dmp/include/amd_clmc_dmp/utility/DefinitionsDerived.h:33:53: error: conflicting declaration 'typedef dmp::TrajectoryPtr dmp::Demonstration'
/home/amd_clmc/team/workspace/src/catkin/control/amd_clmc_dmp/include/amd_clmc_dmp/utility/DefinitionsDerived.h:32:53: error: 'dmp::Demonstration' has a previous declaration as 'typedef dmp::Trajectory dmp::Demonstration'
In file included from /home/amd_clmc/team/workspace/src/catkin/control/amd_clmc_dmp/include/amd_clmc_dmp/utility/utility.h:26:0,
                 from /home/amd_clmc/team/workspace/src/catkin/control/amd_clmc_dmp/include/amd_clmc_dmp/utility/RealTimeAssertor.h:26,
                 from /home/amd_clmc/team/workspace/src/catkin/control/amd_clmc_dmp/src/utility/RealTimeAssertor.cpp:1:
/home/amd_clmc/team/workspace/src/catkin/control/amd_clmc_dmp/include/amd_clmc_dmp/utility/DefinitionsBase.h:55:22: error: 'Vector3' was not declared in this scope
/home/amd_clmc/team/workspace/src/catkin/control/amd_clmc_dmp/include/amd_clmc_dmp/utility/DefinitionsBase.h:55:30: error: template argument 1 is invalid
/home/amd_clmc/team/workspace/src/catkin/control/amd_clmc_dmp/include/amd_clmc_dmp/utility/DefinitionsBase.h:55:30: error: template argument 2 is invalid
/home/amd_clmc/team/workspace/src/catkin/control/amd_clmc_dmp/include/amd_clmc_dmp/utility/DefinitionsBase.h:55:51: error: invalid type in declaration before ';' token
In file included from /home/amd_clmc/team/workspace/src/catkin/control/amd_clmc_dmp/include/amd_clmc_dmp/dmp_base/DMP.h:17:0,
                 from /home/amd_clmc/team/workspace/src/catkin/control/amd_clmc_dmp/include/amd_clmc_dmp/dmp_discrete/DMPDiscrete.h:14,
                 from /home/amd_clmc/team/workspace/src/catkin/control/amd_clmc_dmp/include/amd_clmc_dmp/dmp_1D/DMPDiscrete1D.h:13,
                 from /home/amd_clmc/team/workspace/src/catkin/control/amd_clmc_dmp/src/dmp_1D/DMPDiscrete1D.cpp:1:
/home/amd_clmc/team/workspace/src/catkin/control/amd_clmc_dmp/include/amd_clmc_dmp/utility/DefinitionsDerived.h:33:53: error: conflicting declaration 'typedef dmp::TrajectoryPtr dmp::Demonstration'
/home/amd_clmc/team/workspace/src/catkin/control/amd_clmc_dmp/include/amd_clmc_dmp/utility/DefinitionsDerived.h:32:53: error: 'dmp::Demonstration' has a previous declaration as 'typedef dmp::Trajectory dmp::Demonstration'
In file included from /home/amd_clmc/team/workspace/src/catkin/control/amd_clmc_dmp/include/amd_clmc_dmp/utility/DataIO.h:15:0,
                 from /home/amd_clmc/team/workspace/src/catkin/control/amd_clmc_dmp/src/utility/DataIO.cpp:1:
/home/amd_clmc/team/workspace/src/catkin/control/amd_clmc_dmp/include/amd_clmc_dmp/utility/DefinitionsDerived.h:33:53: error: conflicting declaration 'typedef dmp::TrajectoryPtr dmp::Demonstration'
/home/amd_clmc/team/workspace/src/catkin/control/amd_clmc_dmp/include/amd_clmc_dmp/utility/DefinitionsDerived.h:32:53: error: 'dmp::Demonstration' has a previous declaration as 'typedef dmp::Trajectory dmp::Demonstration'
In file included from /home/amd_clmc/team/workspace/src/catkin/control/amd_clmc_dmp/include/amd_clmc_dmp/utility/utility.h:26:0,
                 from /home/amd_clmc/team/workspace/src/catkin/control/amd_clmc_dmp/include/amd_clmc_dmp/utility/RealTimeAssertor.h:26,
                 from /home/amd_clmc/team/workspace/src/catkin/control/amd_clmc_dmp/include/amd_clmc_dmp/dmp_base/CanonicalSystem.h:17,
                 from /home/amd_clmc/team/workspace/src/catkin/control/amd_clmc_dmp/src/dmp_base/CanonicalSystem.cpp:1:
/home/amd_clmc/team/workspace/src/catkin/control/amd_clmc_dmp/include/amd_clmc_dmp/utility/DefinitionsBase.h:55:22: error: 'Vector3' was not declared in this scope
/home/amd_clmc/team/workspace/src/catkin/control/amd_clmc_dmp/include/amd_clmc_dmp/utility/DefinitionsBase.h:55:30: error: template argument 1 is invalid
/home/amd_clmc/team/workspace/src/catkin/control/amd_clmc_dmp/include/amd_clmc_dmp/utility/DefinitionsBase.h:55:30: error: template argument 2 is invalid
/home/amd_clmc/team/workspace/src/catkin/control/amd_clmc_dmp/include/amd_clmc_dmp/utility/DefinitionsBase.h:55:51: error: invalid type in declaration before ';' token
In file included from /home/amd_clmc/team/workspace/src/catkin/control/amd_clmc_dmp/include/amd_clmc_dmp/dmp_base/DMP.h:17:0,
                 from /home/amd_clmc/team/workspace/src/catkin/control/amd_clmc_dmp/include/amd_clmc_dmp/dmp_discrete/DMPDiscrete.h:14,
                 from /home/amd_clmc/team/workspace/src/catkin/control/amd_clmc_dmp/include/amd_clmc_dmp/cart_dmp/CartesianCoordDMP.h:15,
                 from /home/amd_clmc/team/workspace/src/catkin/control/amd_clmc_dmp/include/amd_clmc_dmp/dmp_coupling/learn_obs_avoid/TransformCouplingLearnObsAvoid.h:26,
                 from /home/amd_clmc/team/workspace/src/catkin/control/amd_clmc_dmp/src/dmp_coupling/learn_obs_avoid/TransformCouplingLearnObsAvoid.cpp:1:
/home/amd_clmc/team/workspace/src/catkin/control/amd_clmc_dmp/include/amd_clmc_dmp/utility/DefinitionsDerived.h:33:53: error: conflicting declaration 'typedef dmp::TrajectoryPtr dmp::Demonstration'
/home/amd_clmc/team/workspace/src/catkin/control/amd_clmc_dmp/include/amd_clmc_dmp/utility/DefinitionsDerived.h:32:53: error: 'dmp::Demonstration' has a previous declaration as 'typedef dmp::Trajectory dmp::Demonstration'
make[2]: *** [catkin/control/amd_clmc_dmp/CMakeFiles/amd_clmc_dmp.dir/src/dmp_discrete/LoggedDMPDiscreteVariables.cpp.o] Error 1
In file included from /home/amd_clmc/team/workspace/src/catkin/control/amd_clmc_dmp/include/amd_clmc_dmp/dmp_base/DMP.h:17:0,
                 from /home/amd_clmc/team/workspace/src/catkin/control/amd_clmc_dmp/include/amd_clmc_dmp/dmp_discrete/DMPDiscrete.h:14,
                 from /home/amd_clmc/team/workspace/src/catkin/control/amd_clmc_dmp/src/dmp_discrete/DMPDiscrete.cpp:1:
/home/amd_clmc/team/workspace/src/catkin/control/amd_clmc_dmp/include/amd_clmc_dmp/utility/DefinitionsDerived.h:33:53: error: conflicting declaration 'typedef dmp::TrajectoryPtr dmp::Demonstration'
/home/amd_clmc/team/workspace/src/catkin/control/amd_clmc_dmp/include/amd_clmc_dmp/utility/DefinitionsDerived.h:32:53: error: 'dmp::Demonstration' has a previous declaration as 'typedef dmp::Trajectory dmp::Demonstration'
In file included from /home/amd_clmc/team/workspace/src/catkin/control/amd_clmc_dmp/include/amd_clmc_dmp/dmp_base/DMP.h:17:0,
                 from /home/amd_clmc/team/workspace/src/catkin/control/amd_clmc_dmp/include/amd_clmc_dmp/dmp_discrete/DMPDiscrete.h:14,
                 from /home/amd_clmc/team/workspace/src/catkin/control/amd_clmc_dmp/include/amd_clmc_dmp/cart_dmp/CartesianCoordDMP.h:15,
                 from /home/amd_clmc/team/workspace/src/catkin/control/amd_clmc_dmp/src/cart_dmp/CartesianCoordDMP.cpp:1:
/home/amd_clmc/team/workspace/src/catkin/control/amd_clmc_dmp/include/amd_clmc_dmp/utility/DefinitionsDerived.h:33:53: error: conflicting declaration 'typedef dmp::TrajectoryPtr dmp::Demonstration'
/home/amd_clmc/team/workspace/src/catkin/control/amd_clmc_dmp/include/amd_clmc_dmp/utility/DefinitionsDerived.h:32:53: error: 'dmp::Demonstration' has a previous declaration as 'typedef dmp::Trajectory dmp::Demonstration'
make[2]: *** [catkin/control/amd_clmc_dmp/CMakeFiles/amd_clmc_dmp.dir/src/dmp_param/TauSystem.cpp.o] Error 1
In file included from /home/amd_clmc/team/workspace/src/catkin/control/amd_clmc_dmp/include/amd_clmc_dmp/dmp_base/LearningSystem.h:17:0,
                 from /home/amd_clmc/team/workspace/src/catkin/control/amd_clmc_dmp/src/dmp_base/LearningSystem.cpp:1:
/home/amd_clmc/team/workspace/src/catkin/control/amd_clmc_dmp/include/amd_clmc_dmp/utility/DefinitionsDerived.h:33:53: error: conflicting declaration 'typedef dmp::TrajectoryPtr dmp::Demonstration'
/home/amd_clmc/team/workspace/src/catkin/control/amd_clmc_dmp/include/amd_clmc_dmp/utility/DefinitionsDerived.h:32:53: error: 'dmp::Demonstration' has a previous declaration as 'typedef dmp::Trajectory dmp::Demonstration'
In file included from /home/amd_clmc/team/workspace/src/catkin/control/amd_clmc_dmp/include/amd_clmc_dmp/dmp_param/GoalSystem.h:14:0,
                 from /home/amd_clmc/team/workspace/src/catkin/control/amd_clmc_dmp/include/amd_clmc_dmp/dmp_base/TransformationSystem.h:21,
                 from /home/amd_clmc/team/workspace/src/catkin/control/amd_clmc_dmp/include/amd_clmc_dmp/dmp_discrete/TransformSystemDiscrete.h:18,
                 from /home/amd_clmc/team/workspace/src/catkin/control/amd_clmc_dmp/src/dmp_discrete/TransformSystemDiscrete.cpp:1:
/home/amd_clmc/team/workspace/src/catkin/control/amd_clmc_dmp/include/amd_clmc_dmp/utility/DefinitionsDerived.h:33:53: error: conflicting declaration 'typedef dmp::TrajectoryPtr dmp::Demonstration'
/home/amd_clmc/team/workspace/src/catkin/control/amd_clmc_dmp/include/amd_clmc_dmp/utility/DefinitionsDerived.h:32:53: error: 'dmp::Demonstration' has a previous declaration as 'typedef dmp::Trajectory dmp::Demonstration'
make[2]: *** [catkin/control/amd_clmc_dmp/CMakeFiles/amd_clmc_dmp.dir/src/dmp_base/DMP.cpp.o] Error 1
make[2]: *** [catkin/control/amd_clmc_dmp/CMakeFiles/amd_clmc_dmp.dir/src/dmp_state/DMPState.cpp.o] Error 1
In file included from /home/amd_clmc/team/workspace/src/catkin/control/amd_clmc_dmp/include/amd_clmc_dmp/utility/utility.h:26:0,
                 from /home/amd_clmc/team/workspace/src/catkin/control/amd_clmc_dmp/include/amd_clmc_dmp/utility/RealTimeAssertor.h:26,
                 from /home/amd_clmc/team/workspace/src/catkin/control/amd_clmc_dmp/include/amd_clmc_dmp/cart_dmp/CartesianCoordTransformer.h:18,
                 from /home/amd_clmc/team/workspace/src/catkin/control/amd_clmc_dmp/src/cart_dmp/CartesianCoordTransformer.cpp:1:
/home/amd_clmc/team/workspace/src/catkin/control/amd_clmc_dmp/include/amd_clmc_dmp/utility/DefinitionsBase.h:55:22: error: 'Vector3' was not declared in this scope
/home/amd_clmc/team/workspace/src/catkin/control/amd_clmc_dmp/include/amd_clmc_dmp/utility/DefinitionsBase.h:55:30: error: template argument 1 is invalid
/home/amd_clmc/team/workspace/src/catkin/control/amd_clmc_dmp/include/amd_clmc_dmp/utility/DefinitionsBase.h:55:30: error: template argument 2 is invalid
/home/amd_clmc/team/workspace/src/catkin/control/amd_clmc_dmp/include/amd_clmc_dmp/utility/DefinitionsBase.h:55:51: error: invalid type in declaration before ';' token
make[2]: *** [catkin/control/amd_clmc_dmp/CMakeFiles/amd_clmc_dmp.dir/src/dmp_discrete/DMPDataIODiscrete.cpp.o] Error 1
make[2]: *** [catkin/control/amd_clmc_dmp/CMakeFiles/amd_clmc_dmp.dir/src/dmp_discrete/FuncApproximatorDiscrete.cpp.o] Error 1
make[2]: *** [catkin/control/amd_clmc_dmp/CMakeFiles/amd_clmc_dmp.dir/src/dmp_param/GoalSystem.cpp.o] Error 1
make[2]: *** [catkin/control/amd_clmc_dmp/CMakeFiles/amd_clmc_dmp.dir/src/dmp_discrete/CanonicalSystemDiscrete.cpp.o] Error 1
In file included from /home/amd_clmc/team/workspace/src/catkin/control/amd_clmc_dmp/include/amd_clmc_dmp/cart_dmp/CartesianCoordTransformer.h:19:0,
                 from /home/amd_clmc/team/workspace/src/catkin/control/amd_clmc_dmp/src/cart_dmp/CartesianCoordTransformer.cpp:1:
/home/amd_clmc/team/workspace/src/catkin/control/amd_clmc_dmp/include/amd_clmc_dmp/utility/DefinitionsDerived.h:33:53: error: conflicting declaration 'typedef dmp::TrajectoryPtr dmp::Demonstration'
/home/amd_clmc/team/workspace/src/catkin/control/amd_clmc_dmp/include/amd_clmc_dmp/utility/DefinitionsDerived.h:32:53: error: 'dmp::Demonstration' has a previous declaration as 'typedef dmp::Trajectory dmp::Demonstration'
make[2]: *** [catkin/control/amd_clmc_dmp/CMakeFiles/amd_clmc_dmp.dir/src/dmp_base/LoggedDMPVariables.cpp.o] Error 1
make[2]: *** [catkin/control/amd_clmc_dmp/CMakeFiles/amd_clmc_dmp.dir/src/dmp_base/TransformationSystem.cpp.o] Error 1
make[2]: *** [catkin/control/amd_clmc_dmp/CMakeFiles/amd_clmc_dmp.dir/src/dmp_base/FunctionApproximator.cpp.o] Error 1
make[2]: *** [catkin/control/amd_clmc_dmp/CMakeFiles/amd_clmc_dmp.dir/src/utility/RealTimeAssertor.cpp.o] Error 1
make[2]: *** [catkin/control/amd_clmc_dmp/CMakeFiles/amd_clmc_dmp.dir/src/dmp_base/CanonicalSystem.cpp.o] Error 1
make[2]: *** [catkin/control/amd_clmc_dmp/CMakeFiles/amd_clmc_dmp.dir/src/utility/NormalDistributionRandomVectorGenerator.cpp.o] Error 1
make[2]: *** [catkin/control/amd_clmc_dmp/CMakeFiles/amd_clmc_dmp.dir/src/utility/DataIO.cpp.o] Error 1
make[2]: *** [catkin/control/amd_clmc_dmp/CMakeFiles/amd_clmc_dmp.dir/src/dmp_1D/DMPDiscrete1D.cpp.o] Error 1
make[2]: *** [catkin/control/amd_clmc_dmp/CMakeFiles/amd_clmc_dmp.dir/src/dmp_base/DMPDataIO.cpp.o] Error 1
In file included from /home/amd_clmc/team/workspace/src/catkin/control/amd_clmc_dmp/include/amd_clmc_dmp/dmp_base/DMP.h:17:0,
                 from /home/amd_clmc/team/workspace/src/catkin/control/amd_clmc_dmp/include/amd_clmc_dmp/dmp_discrete/DMPDiscrete.h:14,
                 from /home/amd_clmc/team/workspace/src/catkin/control/amd_clmc_dmp/include/amd_clmc_dmp/cart_dmp/CartesianCoordDMP.h:15,
                 from /home/amd_clmc/team/workspace/src/catkin/control/amd_clmc_dmp/include/amd_clmc_dmp/dmp_coupling/learn_obs_avoid/ReinforcementLearningObsAvoid.h:24,
                 from /home/amd_clmc/team/workspace/src/catkin/control/amd_clmc_dmp/src/dmp_coupling/learn_obs_avoid/ReinforcementLearningObsAvoid.cpp:1:
/home/amd_clmc/team/workspace/src/catkin/control/amd_clmc_dmp/include/amd_clmc_dmp/utility/DefinitionsDerived.h:33:53: error: conflicting declaration 'typedef dmp::TrajectoryPtr dmp::Demonstration'
/home/amd_clmc/team/workspace/src/catkin/control/amd_clmc_dmp/include/amd_clmc_dmp/utility/DefinitionsDerived.h:32:53: error: 'dmp::Demonstration' has a previous declaration as 'typedef dmp::Trajectory dmp::Demonstration'
make[2]: *** [catkin/control/amd_clmc_dmp/CMakeFiles/amd_clmc_dmp.dir/src/dmp_coupling/learn_obs_avoid/LearnObsAvoidDataIO.cpp.o] Error 1
make[2]: *** [catkin/control/amd_clmc_dmp/CMakeFiles/amd_clmc_dmp.dir/src/dmp_base/LearningSystem.cpp.o] Error 1
/home/amd_clmc/team/workspace/src/catkin/control/amd_clmc_dmp/src/dmp_coupling/learn_obs_avoid/TransformCouplingLearnObsAvoid.cpp: In member function 'bool dmp::TransformCouplingLearnObsAvoid::learnCouplingTerm(const char*, double, dmp::CartesianCoordDMP*, double, bool)':
/home/amd_clmc/team/workspace/src/catkin/control/amd_clmc_dmp/src/dmp_coupling/learn_obs_avoid/TransformCouplingLearnObsAvoid.cpp:335:9: error: no matching function for call to 'allocateMemoryIfNonRealTime(bool&, dmp::PointsPtr&)'
/home/amd_clmc/team/workspace/src/catkin/control/amd_clmc_dmp/src/dmp_coupling/learn_obs_avoid/TransformCouplingLearnObsAvoid.cpp:335:9: note: candidates are:
/home/amd_clmc/team/workspace/src/catkin/control/amd_clmc_dmp/include/amd_clmc_dmp/utility/utility.h:170:10: note: template<class T> bool dmp::allocateMemoryIfNonRealTime(bool, boost::shared_ptr<T>&, uint, uint)
/home/amd_clmc/team/workspace/src/catkin/control/amd_clmc_dmp/include/amd_clmc_dmp/utility/utility.h:307:10: note: template<class T> bool dmp::allocateMemoryIfNonRealTime(bool, boost::shared_ptr<std::vector<T> >&, uint)
/home/amd_clmc/team/workspace/src/catkin/control/amd_clmc_dmp/src/dmp_coupling/learn_obs_avoid/TransformCouplingLearnObsAvoid.cpp:349:9: error: no matching function for call to 'dmp::LearnObsAvoidDataIO::extractObstacleAvoidanceTrainingDataSphObs(const char*&, std::vector<std::vector<std::vector<dmp::DMPState> > >&, int&, std::vector<double>&, uint&)'
/home/amd_clmc/team/workspace/src/catkin/control/amd_clmc_dmp/src/dmp_coupling/learn_obs_avoid/TransformCouplingLearnObsAvoid.cpp:349:9: note: candidate is:
/home/amd_clmc/team/workspace/src/catkin/control/amd_clmc_dmp/include/amd_clmc_dmp/dmp_coupling/learn_obs_avoid/LearnObsAvoidDataIO.h:79:10: note: bool dmp::LearnObsAvoidDataIO::extractObstacleAvoidanceTrainingDataSphObs(const char*, dmp::DemonstrationGroupSet&, dmp::Points&, dmp::DoubleVector&, double&)
/home/amd_clmc/team/workspace/src/catkin/control/amd_clmc_dmp/include/amd_clmc_dmp/dmp_coupling/learn_obs_avoid/LearnObsAvoidDataIO.h:79:10: note:   no known conversion for argument 5 from 'uint {aka unsigned int}' to 'double&'
/home/amd_clmc/team/workspace/src/catkin/control/amd_clmc_dmp/src/dmp_coupling/learn_obs_avoid/TransformCouplingLearnObsAvoid.cpp:366:78: error: no match for 'operator+=' in 'N_feature_matrix_rows += (&(& input_demo_group_set_obs_avoid.boost::shared_ptr<T>::operator* [with T = std::vector<std::vector<std::vector<dmp::DMPState> > >, boost::shared_ptr<T>::reference = std::vector<std::vector<std::vector<dmp::DMPState> > >&]())->std::vector<_Tp, _Alloc>::operator[] [with _Tp = std::vector<std::vector<dmp::DMPState> >, _Alloc = std::allocator<std::vector<std::vector<dmp::DMPState> > >, std::vector<_Tp, _Alloc>::reference = std::vector<std::vector<dmp::DMPState> >&, std::vector<_Tp, _Alloc>::size_type = long unsigned int](((long unsigned int)n)))->std::vector<_Tp, _Alloc>::operator[] [with _Tp = std::vector<dmp::DMPState>, _Alloc = std::allocator<std::vector<dmp::DMPState> >, std::vector<_Tp, _Alloc>::reference = std::vector<dmp::DMPState>&, std::vector<_Tp, _Alloc>::size_type = long unsigned int](((long unsigned int)i))'
/home/amd_clmc/team/workspace/src/catkin/control/amd_clmc_dmp/src/dmp_coupling/learn_obs_avoid/TransformCouplingLearnObsAvoid.cpp:392:17: error: 'tau_learn' was not declared in this scope
make[2]: *** [catkin/control/amd_clmc_dmp/CMakeFiles/amd_clmc_dmp.dir/src/dmp_discrete/DMPDiscrete.cpp.o] Error 1
/home/amd_clmc/team/workspace/src/catkin/control/amd_clmc_dmp/src/dmp_coupling/learn_obs_avoid/TransformCouplingLearnObsAvoid.cpp:494:17: error: invalid types 'int[uint {aka unsigned int}]' for array subscript
make[2]: *** [catkin/control/amd_clmc_dmp/CMakeFiles/amd_clmc_dmp.dir/src/cart_dmp/CartesianCoordDMP.cpp.o] Error 1
/home/amd_clmc/team/workspace/src/catkin/control/amd_clmc_dmp/src/dmp_coupling/learn_obs_avoid/TransformCouplingLearnObsAvoid.cpp: In member function 'bool dmp::TransformCouplingLearnObsAvoid::computeSubFeatureMatrixAndSubTargetCouplingTerm(const Trajectory&, const Vector3&, const double&, const double&, const Trajectory&, dmp::CartesianCoordDMP&, dmp::VectorloaF3&, dmp::MatrixloaTxF3&, dmp::Matrix3xT&)':
/home/amd_clmc/team/workspace/src/catkin/control/amd_clmc_dmp/src/dmp_coupling/learn_obs_avoid/TransformCouplingLearnObsAvoid.cpp:671:9: error: expected ')' before 'transform_sys'
/home/amd_clmc/team/workspace/src/catkin/control/amd_clmc_dmp/src/dmp_coupling/learn_obs_avoid/TransformCouplingLearnObsAvoid.cpp:677:5: error: expected ')' before 'if'
/home/amd_clmc/team/workspace/src/catkin/control/amd_clmc_dmp/src/dmp_coupling/learn_obs_avoid/TransformCouplingLearnObsAvoid.cpp:682:5: error: expected ')' before 'DMPState'
/home/amd_clmc/team/workspace/src/catkin/control/amd_clmc_dmp/src/dmp_coupling/learn_obs_avoid/TransformCouplingLearnObsAvoid.cpp:682:66: error: could not convert 'cart_coord_dmp' from 'dmp::CartesianCoordDMP' to 'bool'
/home/amd_clmc/team/workspace/src/catkin/control/amd_clmc_dmp/src/dmp_coupling/learn_obs_avoid/TransformCouplingLearnObsAvoid.cpp:683:47: error: 'trajectory_set' was not declared in this scope
/home/amd_clmc/team/workspace/src/catkin/control/amd_clmc_dmp/src/dmp_coupling/learn_obs_avoid/TransformCouplingLearnObsAvoid.cpp:683:62: error: 'i' was not declared in this scope
/home/amd_clmc/team/workspace/src/catkin/control/amd_clmc_dmp/src/dmp_coupling/learn_obs_avoid/TransformCouplingLearnObsAvoid.cpp:683:65: error: 'traj_size' was not declared in this scope
/home/amd_clmc/team/workspace/src/catkin/control/amd_clmc_dmp/src/dmp_coupling/learn_obs_avoid/TransformCouplingLearnObsAvoid.cpp:686:9: error: 'transform_sys' was not declared in this scope
/home/amd_clmc/team/workspace/src/catkin/control/amd_clmc_dmp/src/dmp_coupling/learn_obs_avoid/TransformCouplingLearnObsAvoid.cpp:686:9: error: 'start_state_demo' was not declared in this scope
/home/amd_clmc/team/workspace/src/catkin/control/amd_clmc_dmp/src/dmp_coupling/learn_obs_avoid/TransformCouplingLearnObsAvoid.cpp:693:5: error: 'A_learn_average' was not declared in this scope
/home/amd_clmc/team/workspace/src/catkin/control/amd_clmc_dmp/src/dmp_coupling/learn_obs_avoid/TransformCouplingLearnObsAvoid.cpp:693:57: error: 'start_state_demo' was not declared in this scope
/home/amd_clmc/team/workspace/src/catkin/control/amd_clmc_dmp/src/dmp_coupling/learn_obs_avoid/TransformCouplingLearnObsAvoid.cpp:695:5: error: 'max_coord' was not declared in this scope
/home/amd_clmc/team/workspace/src/catkin/control/amd_clmc_dmp/src/dmp_coupling/learn_obs_avoid/TransformCouplingLearnObsAvoid.cpp:696:5: error: 'min_coord' was not declared in this scope
/home/amd_clmc/team/workspace/src/catkin/control/amd_clmc_dmp/src/dmp_coupling/learn_obs_avoid/TransformCouplingLearnObsAvoid.cpp:733:13: error: 'transform_sys' was not declared in this scope
/home/amd_clmc/team/workspace/src/catkin/control/amd_clmc_dmp/src/dmp_coupling/learn_obs_avoid/TransformCouplingLearnObsAvoid.cpp:733:13: error: 'current_f_target' was not declared in this scope
/home/amd_clmc/team/workspace/src/catkin/control/amd_clmc_dmp/src/dmp_coupling/learn_obs_avoid/TransformCouplingLearnObsAvoid.cpp:740:9: error: 'f_target' was not declared in this scope
/home/amd_clmc/team/workspace/src/catkin/control/amd_clmc_dmp/src/dmp_coupling/learn_obs_avoid/TransformCouplingLearnObsAvoid.cpp:740:23: error: 'idx_traj_state' was not declared in this scope
/home/amd_clmc/team/workspace/src/catkin/control/amd_clmc_dmp/src/dmp_coupling/learn_obs_avoid/TransformCouplingLearnObsAvoid.cpp:740:43: error: 'current_f_target' was not declared in this scope
/home/amd_clmc/team/workspace/src/catkin/control/amd_clmc_dmp/src/dmp_coupling/learn_obs_avoid/TransformCouplingLearnObsAvoid.cpp:743:13: error: 'func_approx_discr' was not declared in this scope
/home/amd_clmc/team/workspace/src/catkin/control/amd_clmc_dmp/src/dmp_coupling/learn_obs_avoid/TransformCouplingLearnObsAvoid.cpp:743:13: error: 'current_psi' was not declared in this scope
/home/amd_clmc/team/workspace/src/catkin/control/amd_clmc_dmp/src/dmp_coupling/learn_obs_avoid/TransformCouplingLearnObsAvoid.cpp:743:13: error: 'current_sum_psi' was not declared in this scope
/home/amd_clmc/team/workspace/src/catkin/control/amd_clmc_dmp/src/dmp_coupling/learn_obs_avoid/TransformCouplingLearnObsAvoid.cpp:743:13: error: 'current_xi' was not declared in this scope
/home/amd_clmc/team/workspace/src/catkin/control/amd_clmc_dmp/src/dmp_coupling/learn_obs_avoid/TransformCouplingLearnObsAvoid.cpp:750:9: error: 'Psi' was not declared in this scope
/home/amd_clmc/team/workspace/src/catkin/control/amd_clmc_dmp/src/dmp_coupling/learn_obs_avoid/TransformCouplingLearnObsAvoid.cpp:750:43: error: 'current_psi' was not declared in this scope
/home/amd_clmc/team/workspace/src/catkin/control/amd_clmc_dmp/src/dmp_coupling/learn_obs_avoid/TransformCouplingLearnObsAvoid.cpp:751:11: error: 'Xi' was not declared in this scope
/home/amd_clmc/team/workspace/src/catkin/control/amd_clmc_dmp/src/dmp_coupling/learn_obs_avoid/TransformCouplingLearnObsAvoid.cpp:751:43: error: 'current_xi' was not declared in this scope
/home/amd_clmc/team/workspace/src/catkin/control/amd_clmc_dmp/src/dmp_coupling/learn_obs_avoid/TransformCouplingLearnObsAvoid.cpp:754:9: error: 'Phi' was not declared in this scope
/home/amd_clmc/team/workspace/src/catkin/control/amd_clmc_dmp/src/dmp_coupling/learn_obs_avoid/TransformCouplingLearnObsAvoid.cpp:754:71: error: 'current_sum_psi' was not declared in this scope
/home/amd_clmc/team/workspace/src/catkin/control/amd_clmc_dmp/src/dmp_coupling/learn_obs_avoid/TransformCouplingLearnObsAvoid.cpp:756:13: error: 'transform_sys' was not declared in this scope
/home/amd_clmc/team/workspace/src/catkin/control/amd_clmc_dmp/src/dmp_coupling/learn_obs_avoid/TransformCouplingLearnObsAvoid.cpp:760:13: error: 'transform_sys' was not declared in this scope
/home/amd_clmc/team/workspace/src/catkin/control/amd_clmc_dmp/src/dmp_coupling/learn_obs_avoid/TransformCouplingLearnObsAvoid.cpp:769:9: error: 'tau_learning_unroll' was not declared in this scope
/home/amd_clmc/team/workspace/src/catkin/control/amd_clmc_dmp/src/dmp_coupling/learn_obs_avoid/TransformCouplingLearnObsAvoid.cpp:783:22: error: 'N_unroll_traj_states' was not declared in this scope
/home/amd_clmc/team/workspace/src/catkin/control/amd_clmc_dmp/src/dmp_coupling/learn_obs_avoid/TransformCouplingLearnObsAvoid.cpp:807:9: error: 'sub_dmp_forcing_term_local_w_obstacle' was not declared in this scope
/home/amd_clmc/team/workspace/src/catkin/control/amd_clmc_dmp/src/dmp_coupling/learn_obs_avoid/TransformCouplingLearnObsAvoid.cpp:810:9: error: 'out_data_dir_path' was not declared in this scope
make[2]: *** [catkin/control/amd_clmc_dmp/CMakeFiles/amd_clmc_dmp.dir/src/dmp_discrete/TransformSystemDiscrete.cpp.o] Error 1
make[2]: *** [catkin/control/amd_clmc_dmp/CMakeFiles/amd_clmc_dmp.dir/src/cart_dmp/CartesianCoordTransformer.cpp.o] Error 1
make[2]: *** [catkin/control/amd_clmc_dmp/CMakeFiles/amd_clmc_dmp.dir/src/dmp_coupling/learn_obs_avoid/ReinforcementLearningObsAvoid.cpp.o] Error 1
make[2]: *** [catkin/control/amd_clmc_dmp/CMakeFiles/amd_clmc_dmp.dir/src/dmp_discrete/LearningSystemDiscrete.cpp.o] Error 1
make[2]: *** [catkin/control/amd_clmc_dmp/CMakeFiles/amd_clmc_dmp.dir/src/dmp_coupling/learn_obs_avoid/TransformCouplingLearnObsAvoid.cpp.o] Error 1
make[1]: *** [catkin/control/amd_clmc_dmp/CMakeFiles/amd_clmc_dmp.dir/all] Error 2
make: *** [all] Error 2
Base path: /home/amd_clmc/team/workspace
Source space: /home/amd_clmc/team/workspace/src
Build space: /home/amd_clmc/team/workspace/build
Devel space: /home/amd_clmc/team/workspace/devel
Install space: /home/amd_clmc/team/workspace/install
####
#### Running command: "cmake /home/amd_clmc/team/workspace/src -DCATKIN_DEVEL_PREFIX=/home/amd_clmc/team/workspace/devel -DCMAKE_INSTALL_PREFIX=/home/amd_clmc/team/workspace/install" in "/home/amd_clmc/team/workspace/build"
####
####
#### Running command: "make -j install" in "/home/amd_clmc/team/workspace/build"
####
Invoking "make" failed
