COMMAND:catkin_make -j install
------------------------------
-- The C compiler identification is GNU
-- The CXX compiler identification is GNU
-- Check for working C compiler: /usr/bin/gcc
-- Check for working C compiler: /usr/bin/gcc -- works
-- Detecting C compiler ABI info
-- Detecting C compiler ABI info - done
-- Check for working CXX compiler: /usr/bin/c++
-- Check for working CXX compiler: /usr/bin/c++ -- works
-- Detecting CXX compiler ABI info
-- Detecting CXX compiler ABI info - done
-- Using CATKIN_DEVEL_PREFIX: /home/amd_clmc/team/workspace/devel
-- Using CMAKE_PREFIX_PATH: /opt/ros/groovy
-- This workspace overlays: /opt/ros/groovy
-- Found PythonInterp: /usr/bin/python (found version "2.7.3")
-- Using PYTHON_EXECUTABLE: /usr/bin/python
-- Python version: 2.7
-- Using Debian Python package layout
-- Using CATKIN_ENABLE_TESTING: ON
-- Call enable_testing()
-- Using CATKIN_TEST_RESULTS_DIR: /home/amd_clmc/team/workspace/build/test_results
-- Looking for include files CMAKE_HAVE_PTHREAD_H
-- Looking for include files CMAKE_HAVE_PTHREAD_H - found
-- Looking for pthread_create in pthreads
-- Looking for pthread_create in pthreads - not found
-- Looking for pthread_create in pthread
-- Looking for pthread_create in pthread - found
-- Found Threads: TRUE 
-- Found gtest sources under '/usr/src/gtest': gtests will be built
-- catkin 0.5.90
-- BUILD_SHARED_LIBS is on
-- ~~~~~~~~~~~~~~~~~~~~~~~~~~~~~~~~~~~~~~~~~~~~~~~~~
-- ~~  traversing 11 packages in topological order:
-- ~~  - apollo_robot_model
-- ~~  - bagutils
-- ~~  - dbrt_apollo
-- ~~  - fl
-- ~~  - osr
-- ~~  - dbot
-- ~~  - dbot_ros_msgs
-- ~~  - opi
-- ~~  - dbot_ros
-- ~~  - robot_state_pub
-- ~~  - dbrt
-- ~~~~~~~~~~~~~~~~~~~~~~~~~~~~~~~~~~~~~~~~~~~~~~~~~
-- +++ processing catkin package: 'apollo_robot_model'
-- ==> add_subdirectory(catkin/robots/apollo-robot-model)
-- +++ processing catkin package: 'bagutils'
-- ==> add_subdirectory(catkin/ros/bagutils)
-- +++ processing catkin package: 'dbrt_apollo'
-- ==> add_subdirectory(catkin/ros/dbrt_apollo)
-- +++ processing catkin package: 'fl'
-- ==> add_subdirectory(catkin/core-perception/fl)
-- checking for module 'eigen3'
--   found eigen3, version 3.0.5
-- Found Eigen: /usr/include/eigen3 
-- Eigen found (include: /usr/include/eigen3)
-- Boost version: 1.46.1
-- Found Doxygen: /usr/bin/doxygen (Required is at least version "1.8.4")
CMake Warning at catkin/core-perception/fl/cmake/doxygen.cmake:41 (message):
  

  Doxygen version is too old!

   (Found Doxygen 1.7.6.1. Required is at least 1.8.4)
Call Stack (most recent call first):
  catkin/core-perception/fl/CMakeLists.txt:96 (include)


-- +++ processing catkin package: 'osr'
-- ==> add_subdirectory(catkin/utils/osr)
-- Eigen found (include: /usr/include/eigen3)
-- Using catkin
CMake Warning at catkin/utils/osr/cmake/doxygen.cmake:41 (message):
  

  Doxygen version is too old!

   (Found Doxygen 1.7.6.1. Required is at least 1.8.4)
Call Stack (most recent call first):
  catkin/utils/osr/CMakeLists.txt:81 (include)


-- +++ processing catkin package: 'dbot'
-- ==> add_subdirectory(catkin/core-perception/dbot)
-- Eigen found (include: /usr/include/eigen3)
-- Boost version: 1.46.1
-- Found the following Boost libraries:
--   system
--   filesystem
-- Looking for XOpenDisplay in /usr/lib/x86_64-linux-gnu/libX11.so;/usr/lib/x86_64-linux-gnu/libXext.so
-- Looking for XOpenDisplay in /usr/lib/x86_64-linux-gnu/libX11.so;/usr/lib/x86_64-linux-gnu/libXext.so - found
-- Looking for gethostbyname
-- Looking for gethostbyname - found
-- Looking for connect
-- Looking for connect - found
-- Looking for remove
-- Looking for remove - found
-- Looking for shmat
-- Looking for shmat - found
-- Looking for IceConnectionNumber in ICE
-- Looking for IceConnectionNumber in ICE - found
-- Found X11: /usr/lib/x86_64-linux-gnu/libX11.so
CMake Warning at catkin/core-perception/dbot/CMakeLists.txt:84 (message):
  No CUDA support.  Deactivating GPU implementation


-- Using catkin
-- +++ processing catkin package: 'dbot_ros_msgs'
-- ==> add_subdirectory(catkin/ros/dbot_ros_msgs)
-- Using these message generators: gencpp;genlisp;genpy
-- dbot_ros_msgs: 3 messages, 3 services
-- +++ processing catkin package: 'opi'
-- ==> add_subdirectory(catkin/core-perception/opi)
-- Eigen found (include: /usr/include/eigen3)
-- Using these message generators: gencpp;genlisp;genpy
-- +++ processing catkin package: 'dbot_ros'
-- ==> add_subdirectory(catkin/ros/dbot_ros)
-- Eigen found (include: /usr/include/eigen3)
-- +++ processing catkin package: 'robot_state_pub'
-- ==> add_subdirectory(catkin/ros/robot_state_pub)
-- Eigen found (include: /usr/include/eigen3)
-- +++ processing catkin package: 'dbrt'
-- ==> add_subdirectory(catkin/core-perception/dbrt)
CMake Warning at catkin/core-perception/dbrt/CMakeLists.txt:17 (message):
  No CUDA support.  Deactivating GPU implementation


-- Eigen found (include: /usr/include/eigen3)
-- assimp.h exists. Therefore Assimp V2 must be installed and will be used.
-- Configuring done
-- Generating done
-- Build files have been written to: /home/amd_clmc/team/workspace/build
Scanning dependencies of target geometry_msgs_generate_messages_cpp
Scanning dependencies of target geometry_msgs_generate_messages_py
Scanning dependencies of target std_msgs_generate_messages_cpp
Scanning dependencies of target std_msgs_generate_messages_lisp
Scanning dependencies of target std_msgs_generate_messages_py
Scanning dependencies of target osr
Scanning dependencies of target fl
Scanning dependencies of target geometry_msgs_generate_messages_lisp
Scanning dependencies of target gtest
[  0%] [  0%] [  0%] Built target std_msgs_generate_messages_cpp
Built target geometry_msgs_generate_messages_cpp
[  0%] Built target geometry_msgs_generate_messages_py
Built target std_msgs_generate_messages_lisp
[  0%] Linking CXX shared library /home/amd_clmc/team/workspace/devel/lib/libosr.so
Built target std_msgs_generate_messages_py
[  0%] Linking CXX shared library /home/amd_clmc/team/workspace/devel/lib/libfl.so
Built target geometry_msgs_generate_messages_lisp
[  2%] Scanning dependencies of target dbot_ros_msgs_generate_messages_cpp
Building CXX object gtest/CMakeFiles/gtest.dir/src/gtest-all.cc.o
Scanning dependencies of target dbot_ros_msgs_generate_messages_py
Scanning dependencies of target dbot_ros_msgs_generate_messages_lisp
[  4%] [  4%] [  4%] [  6%] [  6%] [  8%] [ 10%] [ 13%] [ 19%] [ 15%] [ 21%] [ 21%] [ 21%] [ 21%] [ 23%] Generating C++ code from dbot_ros_msgs/FindObject.srv
Generating C++ code from dbot_ros_msgs/TrackObject.srv
[ 26%] [ 26%] Generating C++ code from dbot_ros_msgs/ObjectsState.msg
Generating C++ code from dbot_ros_msgs/ObjectState.msg
Generating C++ code from dbot_ros_msgs/RunObjectTracker.srv
[ 26%] Generating Python from MSG dbot_ros_msgs/ObjectsState
Generating C++ code from dbot_ros_msgs/ObjectOri.msg
Generating Lisp code from dbot_ros_msgs/ObjectsState.msg
Generating Lisp code from dbot_ros_msgs/FindObject.srv
Generating Lisp code from dbot_ros_msgs/ObjectState.msg
Generating Python code from SRV dbot_ros_msgs/FindObject
Generating Python from MSG dbot_ros_msgs/ObjectOri
Generating Lisp code from dbot_ros_msgs/RunObjectTracker.srv
Generating Lisp code from dbot_ros_msgs/TrackObject.srv
Generating Python code from SRV dbot_ros_msgs/RunObjectTracker
Generating Python from MSG dbot_ros_msgs/ObjectState
Generating Lisp code from dbot_ros_msgs/ObjectOri.msg
Generating Python code from SRV dbot_ros_msgs/TrackObject
[ 26%] Built target osr
[ 26%] Built target fl
Scanning dependencies of target robot_state_pub_solver
Scanning dependencies of target opi
[ 26%] [ 28%] Building CXX object catkin/ros/robot_state_pub/CMakeFiles/robot_state_pub_solver.dir/src/robot_state_publisher.cpp.o
Building CXX object catkin/ros/robot_state_pub/CMakeFiles/robot_state_pub_solver.dir/src/treefksolverposfull_recursive.cpp.o
[ 28%] Building CXX object catkin/core-perception/opi/CMakeFiles/opi.dir/src/interactive_marker_initializer.cpp.o
[ 30%] [ 30%] [ 30%] Built target dbot_ros_msgs_generate_messages_lisp
Generating Python srv __init__.py for dbot_ros_msgs
Generating Python msg __init__.py for dbot_ros_msgs
[ 30%] Built target dbot_ros_msgs_generate_messages_py
Scanning dependencies of target dbot
[ 32%] [ 32%] [ 36%] [ 36%] [ 39%] [ 39%] [ 39%] [ 41%] [ 41%] [ 43%] [ 45%] [ 47%] [ 47%] Building CXX object catkin/core-perception/dbot/CMakeFiles/dbot.dir/src/dbot/util/object_model.cpp.o
Building CXX object catkin/core-perception/dbot/CMakeFiles/dbot.dir/src/dbot/util/camera_data.cpp.o
[ 47%] Building CXX object catkin/core-perception/dbot/CMakeFiles/dbot.dir/src/dbot/util/simple_shader_provider.cpp.o
Building CXX object catkin/core-perception/dbot/CMakeFiles/dbot.dir/src/dbot/util/simple_wavefront_object_loader.cpp.o
Building CXX object catkin/core-perception/dbot/CMakeFiles/dbot.dir/src/dbot/util/object_file_reader.cpp.o
[ 47%] Building CXX object catkin/core-perception/dbot/CMakeFiles/dbot.dir/src/dbot/util/virtual_camera_data_provider.cpp.o
Building CXX object catkin/core-perception/dbot/CMakeFiles/dbot.dir/src/dbot/util/object_resource_identifier.cpp.o
[ 50%] Building CXX object catkin/core-perception/dbot/CMakeFiles/dbot.dir/src/dbot/util/simple_camera_data_provider.cpp.o
[ 52%] Building CXX object catkin/core-perception/dbot/CMakeFiles/dbot.dir/src/dbot/util/rigid_body_renderer.cpp.o
Building CXX object catkin/core-perception/dbot/CMakeFiles/dbot.dir/src/dbot/util/default_shader_provider.cpp.o
Building CXX object catkin/core-perception/dbot/CMakeFiles/dbot.dir/src/dbot/util/file_shader_provider.cpp.o
Building CXX object catkin/core-perception/dbot/CMakeFiles/dbot.dir/src/dbot/tracker/rbc_particle_filter_object_tracker.cpp.o
Building CXX object catkin/core-perception/dbot/CMakeFiles/dbot.dir/src/dbot/tracker/builder/rb_observation_model_builder.cpp.o
Building CXX object catkin/core-perception/dbot/CMakeFiles/dbot.dir/src/dbot/tracker/object_tracker.cpp.o
Building CXX object catkin/core-perception/dbot/CMakeFiles/dbot.dir/src/dbot/tracker/builder/rms_gaussian_filter_tracker_builder.cpp.o
Building CXX object catkin/core-perception/dbot/CMakeFiles/dbot.dir/src/dbot/tracker/builder/rbc_particle_filter_tracker_builder.cpp.o
Building CXX object catkin/core-perception/dbot/CMakeFiles/dbot.dir/src/dbot/tracker/rms_gaussian_filter_object_tracker.cpp.o
[ 52%] Built target dbot_ros_msgs_generate_messages_cpp
Scanning dependencies of target dbot_ros_msgs_generate_messages
[ 52%] Built target dbot_ros_msgs_generate_messages
Linking CXX shared library libgtest.so
[ 52%] Built target gtest
Scanning dependencies of target gtest_main
[ 52%] Building CXX object gtest/CMakeFiles/gtest_main.dir/src/gtest_main.cc.o
Linking CXX shared library /home/amd_clmc/team/workspace/devel/lib/librobot_state_pub_solver.so
[ 52%] Built target robot_state_pub_solver
Scanning dependencies of target robot_state_pub
Scanning dependencies of target state_publisher
Linking CXX shared library libgtest_main.so
[ 54%] [ 56%] Building CXX object catkin/ros/robot_state_pub/CMakeFiles/robot_state_pub.dir/src/joint_state_listener.cpp.o
Building CXX object catkin/ros/robot_state_pub/CMakeFiles/state_publisher.dir/src/joint_state_listener.cpp.o
[ 56%] Built target gtest_main
Scanning dependencies of target euler_vector_test
Scanning dependencies of target pose_vector_test
Scanning dependencies of target composed_vector_test
Scanning dependencies of target pose_velocity_vector_test
[ 58%] [ 58%] [ 60%] [ 63%] Building CXX object catkin/utils/osr/test/CMakeFiles/euler_vector_test.dir/euler_vector_test.cpp.o
Building CXX object catkin/utils/osr/test/CMakeFiles/pose_vector_test.dir/pose_vector_test.cpp.o
Building CXX object catkin/utils/osr/test/CMakeFiles/pose_velocity_vector_test.dir/pose_velocity_vector_test.cpp.o
Building CXX object catkin/utils/osr/test/CMakeFiles/composed_vector_test.dir/composed_vector_test.cpp.o
Linking CXX executable /home/amd_clmc/team/workspace/devel/lib/robot_state_pub/state_publisher
Linking CXX executable /home/amd_clmc/team/workspace/devel/lib/robot_state_pub/robot_state_pub
[ 63%] Built target state_publisher
[ 63%] Built target robot_state_pub
Linking CXX executable /home/amd_clmc/team/workspace/devel/lib/osr/euler_vector_test
[ 63%] Built target euler_vector_test
Linking CXX shared library /home/amd_clmc/team/workspace/devel/lib/libopi.so
Linking CXX executable /home/amd_clmc/team/workspace/devel/lib/osr/pose_velocity_vector_test
[ 63%] Built target opi
Scanning dependencies of target interactive_markers_initializer_node
[ 65%] Building CXX object catkin/core-perception/opi/CMakeFiles/interactive_markers_initializer_node.dir/src/interactive_markers_initializer_node_main.cpp.o
[ 65%] Built target pose_velocity_vector_test
Linking CXX executable /home/amd_clmc/team/workspace/devel/lib/osr/pose_vector_test
[ 65%] Built target pose_vector_test
Linking CXX executable /home/amd_clmc/team/workspace/devel/lib/osr/composed_vector_test
[ 65%] Built target composed_vector_test
Linking CXX executable /home/amd_clmc/team/workspace/devel/lib/opi/interactive_markers_initializer_node
[ 65%] Built target interactive_markers_initializer_node
Linking CXX shared library /home/amd_clmc/team/workspace/devel/lib/libdbot.so
[ 65%] Built target dbot
Scanning dependencies of target dbot_ros
[ 67%] [ 67%] [ 69%] [ 71%] [ 71%] [ 73%] Building CXX object catkin/ros/dbot_ros/CMakeFiles/dbot_ros.dir/src/dbot_ros/object_tracker_publisher.cpp.o
Building CXX object catkin/ros/dbot_ros/CMakeFiles/dbot_ros.dir/src/dbot_ros/utils/ros_camera_data_provider.cpp.o
Building CXX object catkin/ros/dbot_ros/CMakeFiles/dbot_ros.dir/src/dbot_ros/utils/ros_interface.cpp.o
Building CXX object catkin/ros/dbot_ros/CMakeFiles/dbot_ros.dir/src/dbot_ros/utils/tracking_dataset.cpp.o
Building CXX object catkin/ros/dbot_ros/CMakeFiles/dbot_ros.dir/src/dbot_ros/object_tracker_node.cpp.o
Building CXX object catkin/ros/dbot_ros/CMakeFiles/dbot_ros.dir/src/dbot_ros/utils/data_set_camera_data_provider.cpp.o
Linking CXX shared library /home/amd_clmc/team/workspace/devel/lib/libdbot_ros.so
[ 73%] Built target dbot_ros
Scanning dependencies of target rbc_particle_filter_object_tracker
Scanning dependencies of target rms_gaussian_filter_object_tracker
Scanning dependencies of target object_tracker_service
Scanning dependencies of target object_tracker_controller_service
[ 76%] Building CXX object catkin/ros/dbot_ros/CMakeFiles/rbc_particle_filter_object_tracker.dir/src/dbot_ros/trackers/rbc_particle_filter_object_tracker_node.cpp.o
[ 78%] [ 80%] [ 80%] Building CXX object catkin/ros/dbot_ros/CMakeFiles/rms_gaussian_filter_object_tracker.dir/src/dbot_ros/trackers/rms_gaussian_filter_object_tracker_node.cpp.o
Building CXX object catkin/ros/dbot_ros/CMakeFiles/object_tracker_service.dir/src/dbot_ros/trackers/object_tracker_service_node.cpp.o
Building CXX object catkin/ros/dbot_ros/CMakeFiles/object_tracker_controller_service.dir/src/dbot_ros/object_tracker_controller_service_node.cpp.o
Scanning dependencies of target dbrt
[ 80%] [ 82%] [ 84%] [ 84%] [ 86%] [ 86%] Building CXX object catkin/core-perception/dbrt/CMakeFiles/dbrt.dir/source/dbrt/robot_transformer.cpp.o
Building CXX object catkin/core-perception/dbrt/CMakeFiles/dbrt.dir/source/dbrt/kinematics_from_urdf.cpp.o
Building CXX object catkin/core-perception/dbrt/CMakeFiles/dbrt.dir/source/dbrt/robot_publisher.cpp.o
Building CXX object catkin/core-perception/dbrt/CMakeFiles/dbrt.dir/source/dbrt/urdf_object_loader.cpp.o
[ 89%] Building CXX object catkin/core-perception/dbrt/CMakeFiles/dbrt.dir/source/dbrt/tracker/robot_tracker.cpp.o
[ 91%] [ 93%] [ 95%] [ 95%] [ 95%] Building CXX object catkin/core-perception/dbrt/CMakeFiles/dbrt.dir/source/dbrt/tracker/fusion_tracker.cpp.o
Building CXX object catkin/core-perception/dbrt/CMakeFiles/dbrt.dir/source/dbrt/tracker/visual_tracker.cpp.o
Building CXX object catkin/core-perception/dbrt/CMakeFiles/dbrt.dir/source/dbrt/tracker/rotary_tracker.cpp.o
Building CXX object catkin/core-perception/dbrt/CMakeFiles/dbrt.dir/source/dbrt/tracker/rotary_tracker_factory.cpp.o
Building CXX object catkin/core-perception/dbrt/CMakeFiles/dbrt.dir/source/dbrt/tracker/visual_tracker_factory.cpp.o
Building CXX object catkin/core-perception/dbrt/CMakeFiles/dbrt.dir/source/dbrt/tracker/visual_tracker_ros.cpp.o
Building CXX object catkin/core-perception/dbrt/CMakeFiles/dbrt.dir/source/dbrt/builder/robot_rb_observation_model_builder.cpp.o
/home/amd_clmc/team/workspace/src/catkin/core-perception/dbrt/source/dbrt/tracker/visual_tracker.cpp:32:40: fatal error: dbot/rigid_body_renderer.hpp: No such file or directory
compilation terminated.
make[2]: *** [catkin/core-perception/dbrt/CMakeFiles/dbrt.dir/source/dbrt/tracker/visual_tracker.cpp.o] Error 1
make[2]: *** Waiting for unfinished jobs....
In file included from /home/amd_clmc/team/workspace/src/catkin/core-perception/dbrt/source/dbrt/tracker/visual_tracker_factory.cpp:31:0:
/home/amd_clmc/team/workspace/src/catkin/core-perception/dbrt/source/dbrt/tracker/visual_tracker_factory.h:35:32: fatal error: dbot/camera_data.hpp: No such file or directory
compilation terminated.
In file included from /home/amd_clmc/team/workspace/src/catkin/core-perception/dbrt/source/dbrt/tracker/robot_tracker.cpp:24:0:
/home/amd_clmc/team/workspace/src/catkin/core-perception/dbrt/source/dbrt/tracker/robot_tracker.h:30:32: fatal error: dbot/camera_data.hpp: No such file or directory
compilation terminated.
make[2]: *** [catkin/core-perception/dbrt/CMakeFiles/dbrt.dir/source/dbrt/tracker/visual_tracker_factory.cpp.o] Error 1
In file included from /home/amd_clmc/team/workspace/src/catkin/core-perception/dbrt/source/dbrt/tracker/rotary_tracker.h:30:0,
                 from /home/amd_clmc/team/workspace/src/catkin/core-perception/dbrt/source/dbrt/tracker/rotary_tracker.cpp:20:
/home/amd_clmc/team/workspace/src/catkin/core-perception/dbrt/source/dbrt/tracker/robot_tracker.h:30:32: fatal error: dbot/camera_data.hpp: No such file or directory
compilation terminated.
In file included from /home/amd_clmc/team/workspace/src/catkin/core-perception/dbrt/source/dbrt/tracker/rotary_tracker.h:30:0,
                 from /home/amd_clmc/team/workspace/src/catkin/core-perception/dbrt/source/dbrt/tracker/rotary_tracker_factory.h:24,
                 from /home/amd_clmc/team/workspace/src/catkin/core-perception/dbrt/source/dbrt/tracker/rotary_tracker_factory.cpp:19:
/home/amd_clmc/team/workspace/src/catkin/core-perception/dbrt/source/dbrt/tracker/robot_tracker.h:30:32: fatal error: dbot/camera_data.hpp: No such file or directory
compilation terminated.
In file included from /home/amd_clmc/team/workspace/src/catkin/core-perception/dbrt/source/dbrt/urdf_object_loader.cpp:22:0:
/home/amd_clmc/team/workspace/src/catkin/core-perception/dbrt/source/dbrt/urdf_object_loader.h:24:40: fatal error: dbot/object_model_loader.hpp: No such file or directory
compilation terminated.
make[2]: *** [catkin/core-perception/dbrt/CMakeFiles/dbrt.dir/source/dbrt/tracker/robot_tracker.cpp.o] Error 1
In file included from /home/amd_clmc/team/workspace/src/catkin/core-perception/dbrt/source/dbrt/tracker/visual_tracker_ros.h:25:0,
                 from /home/amd_clmc/team/workspace/src/catkin/core-perception/dbrt/source/dbrt/tracker/visual_tracker_ros.cpp:20:
/home/amd_clmc/team/workspace/src/catkin/core-perception/dbrt/source/dbrt/tracker/visual_tracker.h:39:68: fatal error: dbot/filter/rao_blackwell_coordinate_particle_filter.hpp: No such file or directory
compilation terminated.
In file included from /home/amd_clmc/team/workspace/src/catkin/core-perception/dbrt/source/dbrt/tracker/fusion_tracker.h:34:0,
                 from /home/amd_clmc/team/workspace/src/catkin/core-perception/dbrt/source/dbrt/tracker/fusion_tracker.cpp:22:
/home/amd_clmc/team/workspace/src/catkin/core-perception/dbrt/source/dbrt/tracker/robot_tracker.h:30:32: fatal error: dbot/camera_data.hpp: No such file or directory
compilation terminated.
/home/amd_clmc/team/workspace/src/catkin/core-perception/dbrt/source/dbrt/builder/robot_rb_observation_model_builder.cpp:33:55: fatal error: dbot/builder/rb_observation_model_builder.h: No such file or directory
compilation terminated.
In file included from /home/amd_clmc/team/workspace/src/catkin/core-perception/dbrt/source/dbrt/robot_publisher.cpp:21:0:
/home/amd_clmc/team/workspace/src/catkin/core-perception/dbrt/source/dbrt/robot_publisher.h:29:40: fatal error: dbot/rigid_body_renderer.hpp: No such file or directory
compilation terminated.
make[2]: *** [catkin/core-perception/dbrt/CMakeFiles/dbrt.dir/source/dbrt/tracker/rotary_tracker.cpp.o] Error 1
make[2]: *** [catkin/core-perception/dbrt/CMakeFiles/dbrt.dir/source/dbrt/tracker/rotary_tracker_factory.cpp.o] Error 1
make[2]: *** [catkin/core-perception/dbrt/CMakeFiles/dbrt.dir/source/dbrt/urdf_object_loader.cpp.o] Error 1
make[2]: *** [catkin/core-perception/dbrt/CMakeFiles/dbrt.dir/source/dbrt/tracker/visual_tracker_ros.cpp.o] Error 1
make[2]: *** [catkin/core-perception/dbrt/CMakeFiles/dbrt.dir/source/dbrt/tracker/fusion_tracker.cpp.o] Error 1
make[2]: *** [catkin/core-perception/dbrt/CMakeFiles/dbrt.dir/source/dbrt/builder/robot_rb_observation_model_builder.cpp.o] Error 1
make[2]: *** [catkin/core-perception/dbrt/CMakeFiles/dbrt.dir/source/dbrt/robot_publisher.cpp.o] Error 1
make[1]: *** [catkin/core-perception/dbrt/CMakeFiles/dbrt.dir/all] Error 2
make[1]: *** Waiting for unfinished jobs....
Linking CXX executable /home/amd_clmc/team/workspace/devel/lib/dbot_ros/object_tracker_controller_service
[ 95%] Built target object_tracker_controller_service
Linking CXX executable /home/amd_clmc/team/workspace/devel/lib/dbot_ros/rms_gaussian_filter_object_tracker
[ 95%] Built target rms_gaussian_filter_object_tracker
Linking CXX executable /home/amd_clmc/team/workspace/devel/lib/dbot_ros/rbc_particle_filter_object_tracker
Linking CXX executable /home/amd_clmc/team/workspace/devel/lib/dbot_ros/object_tracker_service
[ 95%] Built target rbc_particle_filter_object_tracker
[ 95%] Built target object_tracker_service
make: *** [all] Error 2
Base path: /home/amd_clmc/team/workspace
Source space: /home/amd_clmc/team/workspace/src
Build space: /home/amd_clmc/team/workspace/build
Devel space: /home/amd_clmc/team/workspace/devel
Install space: /home/amd_clmc/team/workspace/install
####
#### Running command: "cmake /home/amd_clmc/team/workspace/src -DCATKIN_DEVEL_PREFIX=/home/amd_clmc/team/workspace/devel -DCMAKE_INSTALL_PREFIX=/home/amd_clmc/team/workspace/install" in "/home/amd_clmc/team/workspace/build"
####
####
#### Running command: "make -j install" in "/home/amd_clmc/team/workspace/build"
####
Invoking "make" failed
