failed to run unit-tests:
[  1%] Built target gtest
[  3%] Built target gtest_main
Scanning dependencies of target sigma_point_quadrature_test_DynamicTest_50_50_MonteCarlo_test
[  3%] Building CXX object catkin/core-perception/fl/test/gaussian_filter/CMakeFiles/sigma_point_quadrature_test_DynamicTest_50_50_MonteCarlo_test.dir/sigma_point_quadrature_test_DynamicTest_50_50_MonteCarlo.cpp.o
In file included from /home/amd_clmc/team/workspace/src/catkin/core-perception/fl/test/gaussian_filter/sigma_point_quadrature_test.hpp:21:0,
                 from /home/amd_clmc/team/workspace/build/catkin/core-perception/fl/test/gaussian_filter/sigma_point_quadrature_test_DynamicTest_50_50_MonteCarlo.cpp:22:
/home/amd_clmc/team/workspace/src/catkin/core-perception/fl/test/gaussian_filter/../typecast.hpp:62:38: sorry, unimplemented: cannot expand 'Pairs ...' into a fixed-length argument list
/home/amd_clmc/team/workspace/src/catkin/core-perception/fl/test/gaussian_filter/../typecast.hpp:74:70: sorry, unimplemented: cannot expand 'Pairs ...' into a fixed-length argument list
In file included from /home/amd_clmc/team/workspace/build/catkin/core-perception/fl/test/gaussian_filter/sigma_point_quadrature_test_DynamicTest_50_50_MonteCarlo.cpp:22:0:
/home/amd_clmc/team/workspace/src/catkin/core-perception/fl/test/gaussian_filter/sigma_point_quadrature_test.hpp: In lambda function:
/home/amd_clmc/team/workspace/src/catkin/core-perception/fl/test/gaussian_filter/sigma_point_quadrature_test.hpp:371:25:   instantiated from 'SigmaPointQuadratureTests<TestType>::integrate_moments_fxy_pxy() [with TestType = fl::DynamicTest<TestConfiguration<50, 50, fl::MonteCarloTransform<fl::LinearPointCountPolicy<100> > > >]::<lambda(const VariateA&, const VariateB&)>'
/home/amd_clmc/team/workspace/src/catkin/core-perception/fl/test/gaussian_filter/sigma_point_quadrature_test.hpp:374:9:   instantiated from 'void SigmaPointQuadratureTests<TestType>::integrate_moments_fxy_pxy() [with TestType = fl::DynamicTest<TestConfiguration<50, 50, fl::MonteCarloTransform<fl::LinearPointCountPolicy<100> > > >]'
/home/amd_clmc/team/workspace/src/catkin/core-perception/fl/test/gaussian_filter/sigma_point_quadrature_test.hpp:444:5:   instantiated from 'void gtest_case_SigmaPointQuadratureTests_::integrate_moments_fxy_pxy<gtest_TypeParam_>::TestBody() [with gtest_TypeParam_ = fl::DynamicTest<TestConfiguration<50, 50, fl::MonteCarloTransform<fl::LinearPointCountPolicy<100> > > >]'
/home/amd_clmc/team/workspace/build/catkin/core-perception/fl/test/gaussian_filter/sigma_point_quadrature_test_DynamicTest_50_50_MonteCarlo.cpp:46:15:   instantiated from here
/home/amd_clmc/team/workspace/src/catkin/core-perception/fl/test/gaussian_filter/sigma_point_quadrature_test.hpp:374:9: error: 'f' was not declared in this scope
/home/amd_clmc/team/workspace/src/catkin/core-perception/fl/test/gaussian_filter/sigma_point_quadrature_test.hpp: In lambda function:
/home/amd_clmc/team/workspace/src/catkin/core-perception/fl/test/gaussian_filter/sigma_point_quadrature_test.hpp:345:25:   instantiated from 'SigmaPointQuadratureTests<TestType>::integrate_moments_fx_px() [with TestType = fl::DynamicTest<TestConfiguration<50, 50, fl::MonteCarloTransform<fl::LinearPointCountPolicy<100> > > >]::<lambda(const VariateA&)>'
/home/amd_clmc/team/workspace/src/catkin/core-perception/fl/test/gaussian_filter/sigma_point_quadrature_test.hpp:345:62:   instantiated from 'void SigmaPointQuadratureTests<TestType>::integrate_moments_fx_px() [with TestType = fl::DynamicTest<TestConfiguration<50, 50, fl::MonteCarloTransform<fl::LinearPointCountPolicy<100> > > >]'
/home/amd_clmc/team/workspace/src/catkin/core-perception/fl/test/gaussian_filter/sigma_point_quadrature_test.hpp:439:5:   instantiated from 'void gtest_case_SigmaPointQuadratureTests_::integrate_moments_fx_px<gtest_TypeParam_>::TestBody() [with gtest_TypeParam_ = fl::DynamicTest<TestConfiguration<50, 50, fl::MonteCarloTransform<fl::LinearPointCountPolicy<100> > > >]'
/home/amd_clmc/team/workspace/build/catkin/core-perception/fl/test/gaussian_filter/sigma_point_quadrature_test_DynamicTest_50_50_MonteCarlo.cpp:46:15:   instantiated from here
/home/amd_clmc/team/workspace/src/catkin/core-perception/fl/test/gaussian_filter/sigma_point_quadrature_test.hpp:345:62: error: 'f' was not declared in this scope
/home/amd_clmc/team/workspace/src/catkin/core-perception/fl/test/gaussian_filter/sigma_point_quadrature_test.hpp: In lambda function:
/home/amd_clmc/team/workspace/src/catkin/core-perception/fl/test/gaussian_filter/sigma_point_quadrature_test.hpp:280:25:   instantiated from 'SigmaPointQuadratureTests<TestType>::propergate_gaussian_pxy_X_Y_Z() [with TestType = fl::DynamicTest<TestConfiguration<50, 50, fl::MonteCarloTransform<fl::LinearPointCountPolicy<100> > > >]::<lambda(const VariateA&, const VariateB&)>'
/home/amd_clmc/team/workspace/src/catkin/core-perception/fl/test/gaussian_filter/sigma_point_quadrature_test.hpp:283:9:   instantiated from 'void SigmaPointQuadratureTests<TestType>::propergate_gaussian_pxy_X_Y_Z() [with TestType = fl::DynamicTest<TestConfiguration<50, 50, fl::MonteCarloTransform<fl::LinearPointCountPolicy<100> > > >]'
/home/amd_clmc/team/workspace/src/catkin/core-perception/fl/test/gaussian_filter/sigma_point_quadrature_test.hpp:434:5:   instantiated from 'void gtest_case_SigmaPointQuadratureTests_::propergate_gaussian_pxy_X_Y_Z<gtest_TypeParam_>::TestBody() [with gtest_TypeParam_ = fl::DynamicTest<TestConfiguration<50, 50, fl::MonteCarloTransform<fl::LinearPointCountPolicy<100> > > >]'
/home/amd_clmc/team/workspace/build/catkin/core-perception/fl/test/gaussian_filter/sigma_point_quadrature_test_DynamicTest_50_50_MonteCarlo.cpp:46:15:   instantiated from here
/home/amd_clmc/team/workspace/src/catkin/core-perception/fl/test/gaussian_filter/sigma_point_quadrature_test.hpp:283:9: error: 'f' was not declared in this scope
/home/amd_clmc/team/workspace/src/catkin/core-perception/fl/test/gaussian_filter/sigma_point_quadrature_test.hpp: In lambda function:
/home/amd_clmc/team/workspace/src/catkin/core-perception/fl/test/gaussian_filter/sigma_point_quadrature_test.hpp:244:25:   instantiated from 'SigmaPointQuadratureTests<TestType>::propergate_gaussian_pxy_Z() [with TestType = fl::DynamicTest<TestConfiguration<50, 50, fl::MonteCarloTransform<fl::LinearPointCountPolicy<100> > > >]::<lambda(const VariateA&, const VariateB&)>'
/home/amd_clmc/team/workspace/src/catkin/core-perception/fl/test/gaussian_filter/sigma_point_quadrature_test.hpp:247:9:   instantiated from 'void SigmaPointQuadratureTests<TestType>::propergate_gaussian_pxy_Z() [with TestType = fl::DynamicTest<TestConfiguration<50, 50, fl::MonteCarloTransform<fl::LinearPointCountPolicy<100> > > >]'
/home/amd_clmc/team/workspace/src/catkin/core-perception/fl/test/gaussian_filter/sigma_point_quadrature_test.hpp:429:5:   instantiated from 'void gtest_case_SigmaPointQuadratureTests_::propergate_gaussian_pxy_Z<gtest_TypeParam_>::TestBody() [with gtest_TypeParam_ = fl::DynamicTest<TestConfiguration<50, 50, fl::MonteCarloTransform<fl::LinearPointCountPolicy<100> > > >]'
/home/amd_clmc/team/workspace/build/catkin/core-perception/fl/test/gaussian_filter/sigma_point_quadrature_test_DynamicTest_50_50_MonteCarlo.cpp:46:15:   instantiated from here
/home/amd_clmc/team/workspace/src/catkin/core-perception/fl/test/gaussian_filter/sigma_point_quadrature_test.hpp:247:9: error: 'f' was not declared in this scope
/home/amd_clmc/team/workspace/src/catkin/core-perception/fl/test/gaussian_filter/sigma_point_quadrature_test.hpp: In lambda function:
/home/amd_clmc/team/workspace/src/catkin/core-perception/fl/test/gaussian_filter/sigma_point_quadrature_test.hpp:194:25:   instantiated from 'SigmaPointQuadratureTests<TestType>::propergate_gaussian_X_Z() [with TestType = fl::DynamicTest<TestConfiguration<50, 50, fl::MonteCarloTransform<fl::LinearPointCountPolicy<100> > > >]::<lambda(const VariateA&)>'
/home/amd_clmc/team/workspace/src/catkin/core-perception/fl/test/gaussian_filter/sigma_point_quadrature_test.hpp:194:62:   instantiated from 'void SigmaPointQuadratureTests<TestType>::propergate_gaussian_X_Z() [with TestType = fl::DynamicTest<TestConfiguration<50, 50, fl::MonteCarloTransform<fl::LinearPointCountPolicy<100> > > >]'
/home/amd_clmc/team/workspace/src/catkin/core-perception/fl/test/gaussian_filter/sigma_point_quadrature_test.hpp:424:5:   instantiated from 'void gtest_case_SigmaPointQuadratureTests_::propergate_gaussian_X_Z<gtest_TypeParam_>::TestBody() [with gtest_TypeParam_ = fl::DynamicTest<TestConfiguration<50, 50, fl::MonteCarloTransform<fl::LinearPointCountPolicy<100> > > >]'
/home/amd_clmc/team/workspace/build/catkin/core-perception/fl/test/gaussian_filter/sigma_point_quadrature_test_DynamicTest_50_50_MonteCarlo.cpp:46:15:   instantiated from here
/home/amd_clmc/team/workspace/src/catkin/core-perception/fl/test/gaussian_filter/sigma_point_quadrature_test.hpp:194:62: error: 'f' was not declared in this scope
/home/amd_clmc/team/workspace/src/catkin/core-perception/fl/test/gaussian_filter/sigma_point_quadrature_test.hpp: In lambda function:
/home/amd_clmc/team/workspace/src/catkin/core-perception/fl/test/gaussian_filter/sigma_point_quadrature_test.hpp:164:25:   instantiated from 'SigmaPointQuadratureTests<TestType>::propergate_gaussian_Z() [with TestType = fl::DynamicTest<TestConfiguration<50, 50, fl::MonteCarloTransform<fl::LinearPointCountPolicy<100> > > >]::<lambda(const VariateA&)>'
/home/amd_clmc/team/workspace/src/catkin/core-perception/fl/test/gaussian_filter/sigma_point_quadrature_test.hpp:164:62:   instantiated from 'void SigmaPointQuadratureTests<TestType>::propergate_gaussian_Z() [with TestType = fl::DynamicTest<TestConfiguration<50, 50, fl::MonteCarloTransform<fl::LinearPointCountPolicy<100> > > >]'
/home/amd_clmc/team/workspace/src/catkin/core-perception/fl/test/gaussian_filter/sigma_point_quadrature_test.hpp:419:5:   instantiated from 'void gtest_case_SigmaPointQuadratureTests_::propergate_gaussian_Z<gtest_TypeParam_>::TestBody() [with gtest_TypeParam_ = fl::DynamicTest<TestConfiguration<50, 50, fl::MonteCarloTransform<fl::LinearPointCountPolicy<100> > > >]'
/home/amd_clmc/team/workspace/build/catkin/core-perception/fl/test/gaussian_filter/sigma_point_quadrature_test_DynamicTest_50_50_MonteCarlo.cpp:46:15:   instantiated from here
/home/amd_clmc/team/workspace/src/catkin/core-perception/fl/test/gaussian_filter/sigma_point_quadrature_test.hpp:164:62: error: 'f' was not declared in this scope
/home/amd_clmc/team/workspace/src/catkin/core-perception/fl/test/gaussian_filter/sigma_point_quadrature_test.hpp: In lambda function:
/home/amd_clmc/team/workspace/src/catkin/core-perception/fl/test/gaussian_filter/sigma_point_quadrature_test.hpp:134:25:   instantiated from 'SigmaPointQuadratureTests<TestType>::integrate_fxy_pxy() [with TestType = fl::DynamicTest<TestConfiguration<50, 50, fl::MonteCarloTransform<fl::LinearPointCountPolicy<100> > > >]::<lambda(const VariateA&, const VariateB&)>'
/home/amd_clmc/team/workspace/src/catkin/core-perception/fl/test/gaussian_filter/sigma_point_quadrature_test.hpp:137:9:   instantiated from 'void SigmaPointQuadratureTests<TestType>::integrate_fxy_pxy() [with TestType = fl::DynamicTest<TestConfiguration<50, 50, fl::MonteCarloTransform<fl::LinearPointCountPolicy<100> > > >]'
/home/amd_clmc/team/workspace/src/catkin/core-perception/fl/test/gaussian_filter/sigma_point_quadrature_test.hpp:414:5:   instantiated from 'void gtest_case_SigmaPointQuadratureTests_::integrate_fxy_pxy<gtest_TypeParam_>::TestBody() [with gtest_TypeParam_ = fl::DynamicTest<TestConfiguration<50, 50, fl::MonteCarloTransform<fl::LinearPointCountPolicy<100> > > >]'
/home/amd_clmc/team/workspace/build/catkin/core-perception/fl/test/gaussian_filter/sigma_point_quadrature_test_DynamicTest_50_50_MonteCarlo.cpp:46:15:   instantiated from here
/home/amd_clmc/team/workspace/src/catkin/core-perception/fl/test/gaussian_filter/sigma_point_quadrature_test.hpp:137:9: error: 'f' was not declared in this scope
/home/amd_clmc/team/workspace/src/catkin/core-perception/fl/test/gaussian_filter/sigma_point_quadrature_test.hpp: In lambda function:
/home/amd_clmc/team/workspace/src/catkin/core-perception/fl/test/gaussian_filter/sigma_point_quadrature_test.hpp:142:32:   instantiated from 'SigmaPointQuadratureTests<TestType>::integrate_fxy_pxy() [with TestType = fl::DynamicTest<TestConfiguration<50, 50, fl::MonteCarloTransform<fl::LinearPointCountPolicy<100> > > >]::<lambda(const VariateA&, const VariateB&)>'
/home/amd_clmc/team/workspace/src/catkin/core-perception/fl/test/gaussian_filter/sigma_point_quadrature_test.hpp:144:9:   instantiated from 'void SigmaPointQuadratureTests<TestType>::integrate_fxy_pxy() [with TestType = fl::DynamicTest<TestConfiguration<50, 50, fl::MonteCarloTransform<fl::LinearPointCountPolicy<100> > > >]'
/home/amd_clmc/team/workspace/src/catkin/core-perception/fl/test/gaussian_filter/sigma_point_quadrature_test.hpp:414:5:   instantiated from 'void gtest_case_SigmaPointQuadratureTests_::integrate_fxy_pxy<gtest_TypeParam_>::TestBody() [with gtest_TypeParam_ = fl::DynamicTest<TestConfiguration<50, 50, fl::MonteCarloTransform<fl::LinearPointCountPolicy<100> > > >]'
/home/amd_clmc/team/workspace/build/catkin/core-perception/fl/test/gaussian_filter/sigma_point_quadrature_test_DynamicTest_50_50_MonteCarlo.cpp:46:15:   instantiated from here
/home/amd_clmc/team/workspace/src/catkin/core-perception/fl/test/gaussian_filter/sigma_point_quadrature_test.hpp:144:9: error: 'f' was not declared in this scope
/home/amd_clmc/team/workspace/src/catkin/core-perception/fl/test/gaussian_filter/sigma_point_quadrature_test.hpp: In lambda function:
/home/amd_clmc/team/workspace/src/catkin/core-perception/fl/test/gaussian_filter/sigma_point_quadrature_test.hpp:104:25:   instantiated from 'SigmaPointQuadratureTests<TestType>::integrate_fx_px() [with TestType = fl::DynamicTest<TestConfiguration<50, 50, fl::MonteCarloTransform<fl::LinearPointCountPolicy<100> > > >]::<lambda(const VariateA&)>'
/home/amd_clmc/team/workspace/src/catkin/core-perception/fl/test/gaussian_filter/sigma_point_quadrature_test.hpp:104:62:   instantiated from 'void SigmaPointQuadratureTests<TestType>::integrate_fx_px() [with TestType = fl::DynamicTest<TestConfiguration<50, 50, fl::MonteCarloTransform<fl::LinearPointCountPolicy<100> > > >]'
/home/amd_clmc/team/workspace/src/catkin/core-perception/fl/test/gaussian_filter/sigma_point_quadrature_test.hpp:409:5:   instantiated from 'void gtest_case_SigmaPointQuadratureTests_::integrate_fx_px<gtest_TypeParam_>::TestBody() [with gtest_TypeParam_ = fl::DynamicTest<TestConfiguration<50, 50, fl::MonteCarloTransform<fl::LinearPointCountPolicy<100> > > >]'
/home/amd_clmc/team/workspace/build/catkin/core-perception/fl/test/gaussian_filter/sigma_point_quadrature_test_DynamicTest_50_50_MonteCarlo.cpp:46:15:   instantiated from here
/home/amd_clmc/team/workspace/src/catkin/core-perception/fl/test/gaussian_filter/sigma_point_quadrature_test.hpp:104:62: error: 'f' was not declared in this scope
/home/amd_clmc/team/workspace/src/catkin/core-perception/fl/test/gaussian_filter/sigma_point_quadrature_test.hpp: In lambda function:
/home/amd_clmc/team/workspace/src/catkin/core-perception/fl/test/gaussian_filter/sigma_point_quadrature_test.hpp:109:29:   instantiated from 'SigmaPointQuadratureTests<TestType>::integrate_fx_px() [with TestType = fl::DynamicTest<TestConfiguration<50, 50, fl::MonteCarloTransform<fl::LinearPointCountPolicy<100> > > >]::<lambda(const VariateA&)>'
/home/amd_clmc/team/workspace/src/catkin/core-perception/fl/test/gaussian_filter/sigma_point_quadrature_test.hpp:111:9:   instantiated from 'void SigmaPointQuadratureTests<TestType>::integrate_fx_px() [with TestType = fl::DynamicTest<TestConfiguration<50, 50, fl::MonteCarloTransform<fl::LinearPointCountPolicy<100> > > >]'
/home/amd_clmc/team/workspace/src/catkin/core-perception/fl/test/gaussian_filter/sigma_point_quadrature_test.hpp:409:5:   instantiated from 'void gtest_case_SigmaPointQuadratureTests_::integrate_fx_px<gtest_TypeParam_>::TestBody() [with gtest_TypeParam_ = fl::DynamicTest<TestConfiguration<50, 50, fl::MonteCarloTransform<fl::LinearPointCountPolicy<100> > > >]'
/home/amd_clmc/team/workspace/build/catkin/core-perception/fl/test/gaussian_filter/sigma_point_quadrature_test_DynamicTest_50_50_MonteCarlo.cpp:46:15:   instantiated from here
/home/amd_clmc/team/workspace/src/catkin/core-perception/fl/test/gaussian_filter/sigma_point_quadrature_test.hpp:111:9: error: 'f' was not declared in this scope
/home/amd_clmc/team/workspace/src/catkin/core-perception/fl/test/gaussian_filter/sigma_point_quadrature_test.hpp: In lambda function:
/home/amd_clmc/team/workspace/src/catkin/core-perception/fl/test/gaussian_filter/sigma_point_quadrature_test.hpp:104:62: warning: control reaches end of non-void function [-Wreturn-type]
/home/amd_clmc/team/workspace/src/catkin/core-perception/fl/test/gaussian_filter/sigma_point_quadrature_test.hpp: In lambda function:
/home/amd_clmc/team/workspace/src/catkin/core-perception/fl/test/gaussian_filter/sigma_point_quadrature_test.hpp:111:9: warning: control reaches end of non-void function [-Wreturn-type]
/home/amd_clmc/team/workspace/src/catkin/core-perception/fl/test/gaussian_filter/sigma_point_quadrature_test.hpp: In lambda function:
/home/amd_clmc/team/workspace/src/catkin/core-perception/fl/test/gaussian_filter/sigma_point_quadrature_test.hpp:137:9: warning: control reaches end of non-void function [-Wreturn-type]
/home/amd_clmc/team/workspace/src/catkin/core-perception/fl/test/gaussian_filter/sigma_point_quadrature_test.hpp: In lambda function:
/home/amd_clmc/team/workspace/src/catkin/core-perception/fl/test/gaussian_filter/sigma_point_quadrature_test.hpp:144:9: warning: control reaches end of non-void function [-Wreturn-type]
/home/amd_clmc/team/workspace/src/catkin/core-perception/fl/test/gaussian_filter/sigma_point_quadrature_test.hpp: In lambda function:
/home/amd_clmc/team/workspace/src/catkin/core-perception/fl/test/gaussian_filter/sigma_point_quadrature_test.hpp:164:62: warning: control reaches end of non-void function [-Wreturn-type]
/home/amd_clmc/team/workspace/src/catkin/core-perception/fl/test/gaussian_filter/sigma_point_quadrature_test.hpp: In lambda function:
/home/amd_clmc/team/workspace/src/catkin/core-perception/fl/test/gaussian_filter/sigma_point_quadrature_test.hpp:194:62: warning: control reaches end of non-void function [-Wreturn-type]
/home/amd_clmc/team/workspace/src/catkin/core-perception/fl/test/gaussian_filter/sigma_point_quadrature_test.hpp: In lambda function:
/home/amd_clmc/team/workspace/src/catkin/core-perception/fl/test/gaussian_filter/sigma_point_quadrature_test.hpp:247:9: warning: control reaches end of non-void function [-Wreturn-type]
/home/amd_clmc/team/workspace/src/catkin/core-perception/fl/test/gaussian_filter/sigma_point_quadrature_test.hpp: In lambda function:
/home/amd_clmc/team/workspace/src/catkin/core-perception/fl/test/gaussian_filter/sigma_point_quadrature_test.hpp:283:9: warning: control reaches end of non-void function [-Wreturn-type]
/home/amd_clmc/team/workspace/src/catkin/core-perception/fl/test/gaussian_filter/sigma_point_quadrature_test.hpp: In lambda function:
/home/amd_clmc/team/workspace/src/catkin/core-perception/fl/test/gaussian_filter/sigma_point_quadrature_test.hpp:345:62: warning: control reaches end of non-void function [-Wreturn-type]
/home/amd_clmc/team/workspace/src/catkin/core-perception/fl/test/gaussian_filter/sigma_point_quadrature_test.hpp: In lambda function:
/home/amd_clmc/team/workspace/src/catkin/core-perception/fl/test/gaussian_filter/sigma_point_quadrature_test.hpp:374:9: warning: control reaches end of non-void function [-Wreturn-type]
At global scope:
cc1plus: warning: unrecognized command line option "-Wno-deprecated-register" [enabled by default]
cc1plus: warning: unrecognized command line option "-Wno-unused-local-typedefs" [enabled by default]
make[3]: *** [catkin/core-perception/fl/test/gaussian_filter/CMakeFiles/sigma_point_quadrature_test_DynamicTest_50_50_MonteCarlo_test.dir/sigma_point_quadrature_test_DynamicTest_50_50_MonteCarlo.cpp.o] Error 1
make[2]: *** [catkin/core-perception/fl/test/gaussian_filter/CMakeFiles/sigma_point_quadrature_test_DynamicTest_50_50_MonteCarlo_test.dir/all] Error 2
make[1]: *** [catkin/core-perception/fl/test/CMakeFiles/run_tests_fl.dir/rule] Error 2
make: *** [run_tests_fl] Error 2
Base path: /home/amd_clmc/team/workspace
Source space: /home/amd_clmc/team/workspace/src
Build space: /home/amd_clmc/team/workspace/build
Devel space: /home/amd_clmc/team/workspace/devel
Install space: /home/amd_clmc/team/workspace/install
####
#### Running command: "make cmake_check_build_system" in "/home/amd_clmc/team/workspace/build"
####
Forcing "-j1" for running unit tests.
####
#### Running command: "make -j run_tests_fl -j1" in "/home/amd_clmc/team/workspace/build"
####
Invoking "make" failed
