COMMAND:catkin_make -j install
------------------------------
WARNING: Package name "YAML_CPP" does not follow the naming conventions. It should start with a lower case letter and only contain lower case letters, digits and underscores.
-- The C compiler identification is GNU
-- The CXX compiler identification is GNU
-- Check for working C compiler: /usr/bin/gcc
-- Check for working C compiler: /usr/bin/gcc -- works
-- Detecting C compiler ABI info
-- Detecting C compiler ABI info - done
-- Check for working CXX compiler: /usr/bin/c++
-- Check for working CXX compiler: /usr/bin/c++ -- works
-- Detecting CXX compiler ABI info
-- Detecting CXX compiler ABI info - done
-- Using CATKIN_DEVEL_PREFIX: /home/amd_clmc/team/workspace/devel
-- Using CMAKE_PREFIX_PATH: /opt/ros/groovy
-- This workspace overlays: /opt/ros/groovy
-- Found PythonInterp: /usr/bin/python (found version "2.7.3")
-- Using PYTHON_EXECUTABLE: /usr/bin/python
-- Python version: 2.7
-- Using Debian Python package layout
-- Using CATKIN_ENABLE_TESTING: ON
-- Call enable_testing()
-- Using CATKIN_TEST_RESULTS_DIR: /home/amd_clmc/team/workspace/build/test_results
-- Looking for include files CMAKE_HAVE_PTHREAD_H
-- Looking for include files CMAKE_HAVE_PTHREAD_H - found
-- Looking for pthread_create in pthreads
-- Looking for pthread_create in pthreads - not found
-- Looking for pthread_create in pthread
-- Looking for pthread_create in pthread - found
-- Found Threads: TRUE 
-- Found gtest sources under '/usr/src/gtest': gtests will be built
-- catkin 0.5.89
-- BUILD_SHARED_LIBS is on
WARNING: Package name "YAML_CPP" does not follow the naming conventions. It should start with a lower case letter and only contain lower case letters, digits and underscores.
-- ~~~~~~~~~~~~~~~~~~~~~~~~~~~~~~~~~~~~~~~~~~~~~~~~~
-- ~~  traversing 2 packages in topological order:
-- ~~  - YAML_CPP
-- ~~  - amd_clmc_dmp
-- ~~~~~~~~~~~~~~~~~~~~~~~~~~~~~~~~~~~~~~~~~~~~~~~~~
-- +++ processing catkin package: 'YAML_CPP'
-- ==> add_subdirectory(catkin/third_party/YAML_CPP)
WARNING: Package name "YAML_CPP" does not follow the naming conventions. It should start with a lower case letter and only contain lower case letters, digits and underscores.
-- Boost version: 1.46.1
-- Performing Test FLAG_WEXTRA
-- Performing Test FLAG_WEXTRA - Success
-- +++ processing catkin package: 'amd_clmc_dmp'
-- ==> add_subdirectory(catkin/control/amd_clmc_dmp)
-- checking for module 'eigen3'
--   found eigen3, version 3.0.5
-- Found Eigen: /usr/include/eigen3 
-- Eigen found (include: /usr/include/eigen3)
-- Boost version: 1.46.1
-- Found the following Boost libraries:
--   thread
--   system
--   filesystem
-- Configuring done
-- Generating done
-- Build files have been written to: /home/amd_clmc/team/workspace/build
Scanning dependencies of target yaml-cpp
[  1%] [  2%] [  4%] [  5%] [  6%] [  8%] [  9%] [ 10%] [ 12%] [ 13%] Building CXX object catkin/third_party/YAML_CPP/CMakeFiles/yaml-cpp.dir/src/scantag.cpp.o
[ 14%] [ 16%] [ 17%] [ 18%] [ 20%] [ 21%] [ 22%] [ 25%] [ 26%] [ 26%] [ 28%] [ 29%] [ 30%] [ 32%] Building CXX object catkin/third_party/YAML_CPP/CMakeFiles/yaml-cpp.dir/src/nodebuilder.cpp.o
Building CXX object catkin/third_party/YAML_CPP/CMakeFiles/yaml-cpp.dir/src/binary.cpp.o
[ 33%] Building CXX object catkin/third_party/YAML_CPP/CMakeFiles/yaml-cpp.dir/src/parse.cpp.o
[ 34%] [ 36%] [ 37%] Building CXX object catkin/third_party/YAML_CPP/CMakeFiles/yaml-cpp.dir/src/node.cpp.o
[ 38%] Building CXX object catkin/third_party/YAML_CPP/CMakeFiles/yaml-cpp.dir/src/singledocparser.cpp.o
Building CXX object catkin/third_party/YAML_CPP/CMakeFiles/yaml-cpp.dir/src/emitterstate.cpp.o
Building CXX object catkin/third_party/YAML_CPP/CMakeFiles/yaml-cpp.dir/src/simplekey.cpp.o
Building CXX object catkin/third_party/YAML_CPP/CMakeFiles/yaml-cpp.dir/src/emitter.cpp.o
Building CXX object catkin/third_party/YAML_CPP/CMakeFiles/yaml-cpp.dir/src/node_data.cpp.o
Building CXX object catkin/third_party/YAML_CPP/CMakeFiles/yaml-cpp.dir/src/scantoken.cpp.o
Building CXX object catkin/third_party/YAML_CPP/CMakeFiles/yaml-cpp.dir/src/scanscalar.cpp.o
Building CXX object catkin/third_party/YAML_CPP/CMakeFiles/yaml-cpp.dir/src/emitfromevents.cpp.o
Building CXX object catkin/third_party/YAML_CPP/CMakeFiles/yaml-cpp.dir/src/stream.cpp.o
Building CXX object catkin/third_party/YAML_CPP/CMakeFiles/yaml-cpp.dir/src/null.cpp.o
Building CXX object catkin/third_party/YAML_CPP/CMakeFiles/yaml-cpp.dir/src/emitterutils.cpp.o
Building CXX object catkin/third_party/YAML_CPP/CMakeFiles/yaml-cpp.dir/src/directives.cpp.o
Building CXX object catkin/third_party/YAML_CPP/CMakeFiles/yaml-cpp.dir/src/exp.cpp.o
Building CXX object catkin/third_party/YAML_CPP/CMakeFiles/yaml-cpp.dir/src/tag.cpp.o
Building CXX object catkin/third_party/YAML_CPP/CMakeFiles/yaml-cpp.dir/src/convert.cpp.o
Building CXX object catkin/third_party/YAML_CPP/CMakeFiles/yaml-cpp.dir/src/contrib/graphbuilderadapter.cpp.o
Building CXX object catkin/third_party/YAML_CPP/CMakeFiles/yaml-cpp.dir/src/nodeevents.cpp.o
Building CXX object catkin/third_party/YAML_CPP/CMakeFiles/yaml-cpp.dir/src/parser.cpp.o
Building CXX object catkin/third_party/YAML_CPP/CMakeFiles/yaml-cpp.dir/src/memory.cpp.o
Building CXX object catkin/third_party/YAML_CPP/CMakeFiles/yaml-cpp.dir/src/regex.cpp.o
Building CXX object catkin/third_party/YAML_CPP/CMakeFiles/yaml-cpp.dir/src/scanner.cpp.o
Building CXX object catkin/third_party/YAML_CPP/CMakeFiles/yaml-cpp.dir/src/ostream_wrapper.cpp.o
Building CXX object catkin/third_party/YAML_CPP/CMakeFiles/yaml-cpp.dir/src/emit.cpp.o
Building CXX object catkin/third_party/YAML_CPP/CMakeFiles/yaml-cpp.dir/src/contrib/graphbuilder.cpp.o
Scanning dependencies of target amd_clmc_dmp
[ 40%] Building CXX object catkin/control/amd_clmc_dmp/CMakeFiles/amd_clmc_dmp.dir/src/paths.cpp.o
[ 42%] [ 42%] [ 44%] Building CXX object catkin/control/amd_clmc_dmp/CMakeFiles/amd_clmc_dmp.dir/src/utility/utility.cpp.o
Building CXX object catkin/control/amd_clmc_dmp/CMakeFiles/amd_clmc_dmp.dir/src/utility/DataIO.cpp.o
[ 45%] [ 46%] [ 48%] Building CXX object catkin/control/amd_clmc_dmp/CMakeFiles/amd_clmc_dmp.dir/src/utility/NormalDistributionRandomVectorGenerator.cpp.o
Building CXX object catkin/control/amd_clmc_dmp/CMakeFiles/amd_clmc_dmp.dir/src/dmp_state/DMPState.cpp.o
Building CXX object catkin/control/amd_clmc_dmp/CMakeFiles/amd_clmc_dmp.dir/src/utility/RealTimeAssertor.cpp.o
Building CXX object catkin/control/amd_clmc_dmp/CMakeFiles/amd_clmc_dmp.dir/src/dmp_param/TauSystem.cpp.o
[ 49%] [ 50%] [ 53%] [ 53%] [ 54%] [ 56%] [ 57%] [ 61%] [ 61%] [ 61%] [ 62%] [ 64%] Building CXX object catkin/control/amd_clmc_dmp/CMakeFiles/amd_clmc_dmp.dir/src/dmp_base/FunctionApproximator.cpp.o
[ 65%] Building CXX object catkin/control/amd_clmc_dmp/CMakeFiles/amd_clmc_dmp.dir/src/dmp_base/DMP.cpp.o
Building CXX object catkin/control/amd_clmc_dmp/CMakeFiles/amd_clmc_dmp.dir/src/dmp_param/GoalSystem.cpp.o
Building CXX object catkin/control/amd_clmc_dmp/CMakeFiles/amd_clmc_dmp.dir/src/dmp_base/TransformationSystem.cpp.o
Building CXX object catkin/control/amd_clmc_dmp/CMakeFiles/amd_clmc_dmp.dir/src/dmp_base/CanonicalSystem.cpp.o
[ 66%] Building CXX object catkin/control/amd_clmc_dmp/CMakeFiles/amd_clmc_dmp.dir/src/dmp_discrete/CanonicalSystemDiscrete.cpp.o
Building CXX object catkin/control/amd_clmc_dmp/CMakeFiles/amd_clmc_dmp.dir/src/dmp_base/LoggedDMPVariables.cpp.o
Building CXX object catkin/control/amd_clmc_dmp/CMakeFiles/amd_clmc_dmp.dir/src/dmp_base/LearningSystem.cpp.o
Building CXX object catkin/control/amd_clmc_dmp/CMakeFiles/amd_clmc_dmp.dir/src/dmp_base/DMPDataIO.cpp.o
[ 68%] Building CXX object catkin/control/amd_clmc_dmp/CMakeFiles/amd_clmc_dmp.dir/src/dmp_discrete/LearningSystemDiscrete.cpp.o
Building CXX object catkin/control/amd_clmc_dmp/CMakeFiles/amd_clmc_dmp.dir/src/dmp_discrete/TransformSystemDiscrete.cpp.o
Building CXX object catkin/control/amd_clmc_dmp/CMakeFiles/amd_clmc_dmp.dir/src/dmp_discrete/DMPDiscrete.cpp.o
Building CXX object catkin/control/amd_clmc_dmp/CMakeFiles/amd_clmc_dmp.dir/src/dmp_discrete/FuncApproximatorDiscrete.cpp.o
[ 69%] Building CXX object catkin/control/amd_clmc_dmp/CMakeFiles/amd_clmc_dmp.dir/src/dmp_discrete/DMPDataIODiscrete.cpp.o
Building CXX object catkin/control/amd_clmc_dmp/CMakeFiles/amd_clmc_dmp.dir/src/dmp_discrete/LoggedDMPDiscreteVariables.cpp.o
Building CXX object catkin/control/amd_clmc_dmp/CMakeFiles/amd_clmc_dmp.dir/src/dmp_1D/DMPDiscrete1D.cpp.o
[ 70%] [ 72%] [ 73%] [ 74%] Building CXX object catkin/control/amd_clmc_dmp/CMakeFiles/amd_clmc_dmp.dir/src/cart_dmp/CartesianCoordDMP.cpp.o
[ 76%] Building CXX object catkin/control/amd_clmc_dmp/CMakeFiles/amd_clmc_dmp.dir/src/dmp_coupling/learn_obs_avoid/LearnObsAvoidDataIO.cpp.o
Building CXX object catkin/control/amd_clmc_dmp/CMakeFiles/amd_clmc_dmp.dir/src/cart_dmp/CartesianCoordTransformer.cpp.o
Building CXX object catkin/control/amd_clmc_dmp/CMakeFiles/amd_clmc_dmp.dir/src/dmp_coupling/learn_obs_avoid/TransformCouplingLearnObsAvoid.cpp.o
Building CXX object catkin/control/amd_clmc_dmp/CMakeFiles/amd_clmc_dmp.dir/src/dmp_coupling/learn_obs_avoid/ReinforcementLearningObsAvoid.cpp.o
Linking CXX shared library /home/amd_clmc/team/workspace/devel/lib/libyaml-cpp.so
[ 76%] Built target yaml-cpp
Scanning dependencies of target run-tests
Scanning dependencies of target parse
Scanning dependencies of target sandbox
[ 77%] Scanning dependencies of target read
[ 78%] [ 80%] Building CXX object catkin/third_party/YAML_CPP/util/CMakeFiles/parse.dir/parse.cpp.o
[ 81%] [ 82%] [ 84%] Building CXX object catkin/third_party/YAML_CPP/test/CMakeFiles/run-tests.dir/tests.cpp.o
Building CXX object catkin/third_party/YAML_CPP/test/CMakeFiles/run-tests.dir/spectests.cpp.o
[ 85%] Building CXX object catkin/third_party/YAML_CPP/util/CMakeFiles/read.dir/read.cpp.o
Building CXX object catkin/third_party/YAML_CPP/util/CMakeFiles/sandbox.dir/sandbox.cpp.o
Building CXX object catkin/third_party/YAML_CPP/test/CMakeFiles/run-tests.dir/main.cpp.o
Building CXX object catkin/third_party/YAML_CPP/test/CMakeFiles/run-tests.dir/emittertests.cpp.o
[ 86%] [ 88%] Building CXX object catkin/third_party/YAML_CPP/test/CMakeFiles/run-tests.dir/new-api/spectests.cpp.o
[ 89%] Building CXX object catkin/third_party/YAML_CPP/test/CMakeFiles/run-tests.dir/new-api/parsertests.cpp.o
Building CXX object catkin/third_party/YAML_CPP/test/CMakeFiles/run-tests.dir/new-api/nodetests.cpp.o
Linking CXX executable /home/amd_clmc/team/workspace/devel/lib/YAML_CPP/sandbox
Linking CXX executable /home/amd_clmc/team/workspace/devel/lib/YAML_CPP/read
Linking CXX executable /home/amd_clmc/team/workspace/devel/lib/YAML_CPP/parse
[ 89%] Built target sandbox
/home/amd_clmc/team/workspace/src/catkin/control/amd_clmc_dmp/src/dmp_coupling/learn_obs_avoid/TransformCouplingLearnObsAvoid.cpp: In member function 'bool dmp::TransformCouplingLearnObsAvoid::learnCouplingTerm(const char*, double, dmp::CartesianCoordDMP*, double, bool)':
/home/amd_clmc/team/workspace/src/catkin/control/amd_clmc_dmp/src/dmp_coupling/learn_obs_avoid/TransformCouplingLearnObsAvoid.cpp:505:9: error: 'cart_forcing_term_local_baseline_matrix' was not declared in this scope
[ 89%] Built target read
/home/amd_clmc/team/workspace/src/catkin/control/amd_clmc_dmp/src/dmp_coupling/learn_obs_avoid/TransformCouplingLearnObsAvoid.cpp:575:151: error: 'cart_forcing_term_local_baseline_matrix' was not declared in this scope
[ 89%] Built target parse
Linking CXX executable /home/amd_clmc/team/workspace/devel/lib/YAML_CPP/run-tests
[ 89%] Built target run-tests
make[2]: *** [catkin/control/amd_clmc_dmp/CMakeFiles/amd_clmc_dmp.dir/src/dmp_coupling/learn_obs_avoid/TransformCouplingLearnObsAvoid.cpp.o] Error 1
make[2]: *** Waiting for unfinished jobs....
make[1]: *** [catkin/control/amd_clmc_dmp/CMakeFiles/amd_clmc_dmp.dir/all] Error 2
make: *** [all] Error 2
Base path: /home/amd_clmc/team/workspace
Source space: /home/amd_clmc/team/workspace/src
Build space: /home/amd_clmc/team/workspace/build
Devel space: /home/amd_clmc/team/workspace/devel
Install space: /home/amd_clmc/team/workspace/install
Creating symlink "/home/amd_clmc/team/workspace/src/CMakeLists.txt" pointing to "/opt/ros/groovy/share/catkin/cmake/toplevel.cmake"
####
#### Running command: "cmake /home/amd_clmc/team/workspace/src -DCATKIN_DEVEL_PREFIX=/home/amd_clmc/team/workspace/devel -DCMAKE_INSTALL_PREFIX=/home/amd_clmc/team/workspace/install" in "/home/amd_clmc/team/workspace/build"
####
####
#### Running command: "make -j install" in "/home/amd_clmc/team/workspace/build"
####
Invoking "make" failed
