failed to run unit-tests:
[  0%] Built target lockfree
Scanning dependencies of target gtest
[  0%] Building CXX object gtest/CMakeFiles/gtest.dir/src/gtest-all.cc.o
Linking CXX shared library libgtest.so
[  0%] Built target gtest
Scanning dependencies of target gtest_main
[  5%] Building CXX object gtest/CMakeFiles/gtest_main.dir/src/gtest_main.cc.o
Linking CXX shared library libgtest_main.so
[  5%] Built target gtest_main
Scanning dependencies of target test_freelist
[  5%] Building CXX object catkin/ros/ros_realtime/lockfree/CMakeFiles/test_freelist.dir/test/test_freelist.cpp.o
Linking CXX executable /home/amd_clmc/team/workspace/devel/lib/lockfree/test_freelist
[  5%] Built target test_freelist
Scanning dependencies of target test_object_pool
[  5%] Building CXX object catkin/ros/ros_realtime/lockfree/CMakeFiles/test_object_pool.dir/test/test_object_pool.cpp.o
Linking CXX executable /home/amd_clmc/team/workspace/devel/lib/lockfree/test_object_pool
[  5%] Built target test_object_pool
Scanning dependencies of target t_distribution_test
[  5%] Building CXX object catkin/core-perception/fl/test/CMakeFiles/t_distribution_test.dir/distribution/t_distribution_test.cpp.o
In file included from /home/amd_clmc/team/workspace/src/catkin/core-perception/fl/test/distribution/t_distribution_test.cpp:21:0:
/home/amd_clmc/team/workspace/src/catkin/core-perception/fl/test/distribution/../typecast.hpp:62:38: sorry, unimplemented: cannot expand 'Pairs ...' into a fixed-length argument list
/home/amd_clmc/team/workspace/src/catkin/core-perception/fl/test/distribution/../typecast.hpp:74:70: sorry, unimplemented: cannot expand 'Pairs ...' into a fixed-length argument list
make[3]: *** [catkin/core-perception/fl/test/CMakeFiles/t_distribution_test.dir/distribution/t_distribution_test.cpp.o] Error 1
make[2]: *** [catkin/core-perception/fl/test/CMakeFiles/t_distribution_test.dir/all] Error 2
make[1]: *** [CMakeFiles/run_tests.dir/rule] Error 2
make: *** [run_tests] Error 2
Base path: /home/amd_clmc/team/workspace
Source space: /home/amd_clmc/team/workspace/src
Build space: /home/amd_clmc/team/workspace/build
Devel space: /home/amd_clmc/team/workspace/devel
Install space: /home/amd_clmc/team/workspace/install
####
#### Running command: "make cmake_check_build_system" in "/home/amd_clmc/team/workspace/build"
####
Forcing "-j1" for running unit tests.
####
#### Running command: "make -j run_tests -j1" in "/home/amd_clmc/team/workspace/build"
####
Invoking "make" failed
