COMMAND:catkin_make -j install
------------------------------
WARNING: Package name "YAML_CPP" does not follow the naming conventions. It should start with a lower case letter and only contain lower case letters, digits and underscores.
-- The C compiler identification is GNU
-- The CXX compiler identification is GNU
-- Check for working C compiler: /usr/bin/gcc
-- Check for working C compiler: /usr/bin/gcc -- works
-- Detecting C compiler ABI info
-- Detecting C compiler ABI info - done
-- Check for working CXX compiler: /usr/bin/c++
-- Check for working CXX compiler: /usr/bin/c++ -- works
-- Detecting CXX compiler ABI info
-- Detecting CXX compiler ABI info - done
-- Using CATKIN_DEVEL_PREFIX: /home/amd_clmc/team/workspace/devel
-- Using CMAKE_PREFIX_PATH: /opt/ros/groovy
-- This workspace overlays: /opt/ros/groovy
-- Found PythonInterp: /usr/bin/python (found version "2.7.3")
-- Using PYTHON_EXECUTABLE: /usr/bin/python
-- Python version: 2.7
-- Using Debian Python package layout
-- Using CATKIN_ENABLE_TESTING: ON
-- Call enable_testing()
-- Using CATKIN_TEST_RESULTS_DIR: /home/amd_clmc/team/workspace/build/test_results
-- Looking for include files CMAKE_HAVE_PTHREAD_H
-- Looking for include files CMAKE_HAVE_PTHREAD_H - found
-- Looking for pthread_create in pthreads
-- Looking for pthread_create in pthreads - not found
-- Looking for pthread_create in pthread
-- Looking for pthread_create in pthread - found
-- Found Threads: TRUE 
-- Found gtest sources under '/usr/src/gtest': gtests will be built
-- catkin 0.5.89
-- BUILD_SHARED_LIBS is on
WARNING: Package name "YAML_CPP" does not follow the naming conventions. It should start with a lower case letter and only contain lower case letters, digits and underscores.
-- ~~~~~~~~~~~~~~~~~~~~~~~~~~~~~~~~~~~~~~~~~~~~~~~~~
-- ~~  traversing 2 packages in topological order:
-- ~~  - YAML_CPP
-- ~~  - amd_clmc_dmp
-- ~~~~~~~~~~~~~~~~~~~~~~~~~~~~~~~~~~~~~~~~~~~~~~~~~
-- +++ processing catkin package: 'YAML_CPP'
-- ==> add_subdirectory(catkin/third_party/YAML_CPP)
WARNING: Package name "YAML_CPP" does not follow the naming conventions. It should start with a lower case letter and only contain lower case letters, digits and underscores.
-- Boost version: 1.46.1
-- Performing Test FLAG_WEXTRA
-- Performing Test FLAG_WEXTRA - Success
-- +++ processing catkin package: 'amd_clmc_dmp'
-- ==> add_subdirectory(catkin/control/amd_clmc_dmp)
-- checking for module 'eigen3'
--   found eigen3, version 3.0.5
-- Found Eigen: /usr/include/eigen3 
-- Eigen found (include: /usr/include/eigen3)
-- Boost version: 1.46.1
-- Found the following Boost libraries:
--   thread
--   system
--   filesystem
-- Configuring done
-- Generating done
-- Build files have been written to: /home/amd_clmc/team/workspace/build
Scanning dependencies of target yaml-cpp
[  1%] [  2%] [  4%] [  5%] [  6%] [  8%] [  9%] [ 10%] [ 12%] [ 13%] [ 14%] [ 16%] [ 17%] Building CXX object catkin/third_party/YAML_CPP/CMakeFiles/yaml-cpp.dir/src/scantag.cpp.o
[ 20%] [ 20%] [ 21%] [ 22%] [ 24%] [ 25%] [ 28%] [ 28%] [ 30%] [ 30%] Building CXX object catkin/third_party/YAML_CPP/CMakeFiles/yaml-cpp.dir/src/node.cpp.o
[ 32%] [ 33%] [ 34%] [ 36%] Building CXX object catkin/third_party/YAML_CPP/CMakeFiles/yaml-cpp.dir/src/nodebuilder.cpp.o
Building CXX object catkin/third_party/YAML_CPP/CMakeFiles/yaml-cpp.dir/src/emitter.cpp.o
Building CXX object catkin/third_party/YAML_CPP/CMakeFiles/yaml-cpp.dir/src/scantoken.cpp.o
Building CXX object catkin/third_party/YAML_CPP/CMakeFiles/yaml-cpp.dir/src/singledocparser.cpp.o
[ 37%] Building CXX object catkin/third_party/YAML_CPP/CMakeFiles/yaml-cpp.dir/src/scanner.cpp.o
Building CXX object catkin/third_party/YAML_CPP/CMakeFiles/yaml-cpp.dir/src/scanscalar.cpp.o
Building CXX object catkin/third_party/YAML_CPP/CMakeFiles/yaml-cpp.dir/src/parse.cpp.o
Building CXX object catkin/third_party/YAML_CPP/CMakeFiles/yaml-cpp.dir/src/null.cpp.o
[ 38%] Building CXX object catkin/third_party/YAML_CPP/CMakeFiles/yaml-cpp.dir/src/nodeevents.cpp.o
Building CXX object catkin/third_party/YAML_CPP/CMakeFiles/yaml-cpp.dir/src/tag.cpp.o
Building CXX object catkin/third_party/YAML_CPP/CMakeFiles/yaml-cpp.dir/src/emitterstate.cpp.o
Building CXX object catkin/third_party/YAML_CPP/CMakeFiles/yaml-cpp.dir/src/binary.cpp.o
Building CXX object catkin/third_party/YAML_CPP/CMakeFiles/yaml-cpp.dir/src/parser.cpp.o
Building CXX object catkin/third_party/YAML_CPP/CMakeFiles/yaml-cpp.dir/src/stream.cpp.o
Building CXX object catkin/third_party/YAML_CPP/CMakeFiles/yaml-cpp.dir/src/convert.cpp.o
Building CXX object catkin/third_party/YAML_CPP/CMakeFiles/yaml-cpp.dir/src/exp.cpp.o
Building CXX object catkin/third_party/YAML_CPP/CMakeFiles/yaml-cpp.dir/src/regex.cpp.o
Building CXX object catkin/third_party/YAML_CPP/CMakeFiles/yaml-cpp.dir/src/directives.cpp.o
Building CXX object catkin/third_party/YAML_CPP/CMakeFiles/yaml-cpp.dir/src/emit.cpp.o
Building CXX object catkin/third_party/YAML_CPP/CMakeFiles/yaml-cpp.dir/src/emitfromevents.cpp.o
Building CXX object catkin/third_party/YAML_CPP/CMakeFiles/yaml-cpp.dir/src/simplekey.cpp.o
Building CXX object catkin/third_party/YAML_CPP/CMakeFiles/yaml-cpp.dir/src/ostream_wrapper.cpp.o
Building CXX object catkin/third_party/YAML_CPP/CMakeFiles/yaml-cpp.dir/src/memory.cpp.o
Building CXX object catkin/third_party/YAML_CPP/CMakeFiles/yaml-cpp.dir/src/emitterutils.cpp.o
Building CXX object catkin/third_party/YAML_CPP/CMakeFiles/yaml-cpp.dir/src/node_data.cpp.o
Building CXX object catkin/third_party/YAML_CPP/CMakeFiles/yaml-cpp.dir/src/contrib/graphbuilder.cpp.o
Building CXX object catkin/third_party/YAML_CPP/CMakeFiles/yaml-cpp.dir/src/contrib/graphbuilderadapter.cpp.o
Scanning dependencies of target amd_clmc_dmp
[ 40%] Building CXX object catkin/control/amd_clmc_dmp/CMakeFiles/amd_clmc_dmp.dir/src/paths.cpp.o
[ 41%] [ 42%] [ 44%] Building CXX object catkin/control/amd_clmc_dmp/CMakeFiles/amd_clmc_dmp.dir/src/utility/DataIO.cpp.o
[ 45%] Building CXX object catkin/control/amd_clmc_dmp/CMakeFiles/amd_clmc_dmp.dir/src/utility/utility.cpp.o
[ 46%] Building CXX object catkin/control/amd_clmc_dmp/CMakeFiles/amd_clmc_dmp.dir/src/utility/RealTimeAssertor.cpp.o
[ 48%] Building CXX object catkin/control/amd_clmc_dmp/CMakeFiles/amd_clmc_dmp.dir/src/utility/NormalDistributionRandomVectorGenerator.cpp.o
[ 49%] [ 50%] Building CXX object catkin/control/amd_clmc_dmp/CMakeFiles/amd_clmc_dmp.dir/src/dmp_state/DMPState.cpp.o
Building CXX object catkin/control/amd_clmc_dmp/CMakeFiles/amd_clmc_dmp.dir/src/dmp_param/TauSystem.cpp.o
[ 52%] [ 53%] [ 54%] [ 56%] Building CXX object catkin/control/amd_clmc_dmp/CMakeFiles/amd_clmc_dmp.dir/src/dmp_param/GoalSystem.cpp.o
Building CXX object catkin/control/amd_clmc_dmp/CMakeFiles/amd_clmc_dmp.dir/src/dmp_base/CanonicalSystem.cpp.o
[ 57%] [ 58%] [ 60%] [ 61%] Building CXX object catkin/control/amd_clmc_dmp/CMakeFiles/amd_clmc_dmp.dir/src/dmp_base/FunctionApproximator.cpp.o
Building CXX object catkin/control/amd_clmc_dmp/CMakeFiles/amd_clmc_dmp.dir/src/dmp_base/DMPDataIO.cpp.o
Building CXX object catkin/control/amd_clmc_dmp/CMakeFiles/amd_clmc_dmp.dir/src/dmp_base/DMP.cpp.o
Building CXX object catkin/control/amd_clmc_dmp/CMakeFiles/amd_clmc_dmp.dir/src/dmp_base/LearningSystem.cpp.o
[ 62%] Building CXX object catkin/control/amd_clmc_dmp/CMakeFiles/amd_clmc_dmp.dir/src/dmp_base/TransformationSystem.cpp.o
Building CXX object catkin/control/amd_clmc_dmp/CMakeFiles/amd_clmc_dmp.dir/src/dmp_discrete/CanonicalSystemDiscrete.cpp.o
Building CXX object catkin/control/amd_clmc_dmp/CMakeFiles/amd_clmc_dmp.dir/src/dmp_base/LoggedDMPVariables.cpp.o
Building CXX object catkin/control/amd_clmc_dmp/CMakeFiles/amd_clmc_dmp.dir/src/dmp_discrete/FuncApproximatorDiscrete.cpp.o
[ 64%] [ 65%] [ 66%] Building CXX object catkin/control/amd_clmc_dmp/CMakeFiles/amd_clmc_dmp.dir/src/dmp_discrete/TransformSystemDiscrete.cpp.o
[ 68%] Building CXX object catkin/control/amd_clmc_dmp/CMakeFiles/amd_clmc_dmp.dir/src/dmp_discrete/DMPDataIODiscrete.cpp.o
Building CXX object catkin/control/amd_clmc_dmp/CMakeFiles/amd_clmc_dmp.dir/src/dmp_discrete/LearningSystemDiscrete.cpp.o
[ 69%] [ 70%] Building CXX object catkin/control/amd_clmc_dmp/CMakeFiles/amd_clmc_dmp.dir/src/dmp_discrete/DMPDiscrete.cpp.o
[ 72%] [ 73%] [ 74%] [ 76%] Building CXX object catkin/control/amd_clmc_dmp/CMakeFiles/amd_clmc_dmp.dir/src/dmp_discrete/LoggedDMPDiscreteVariables.cpp.o
Building CXX object catkin/control/amd_clmc_dmp/CMakeFiles/amd_clmc_dmp.dir/src/cart_dmp/CartesianCoordTransformer.cpp.o
Building CXX object catkin/control/amd_clmc_dmp/CMakeFiles/amd_clmc_dmp.dir/src/dmp_1D/DMPDiscrete1D.cpp.o
Building CXX object catkin/control/amd_clmc_dmp/CMakeFiles/amd_clmc_dmp.dir/src/dmp_coupling/learn_obs_avoid/ReinforcementLearningObsAvoid.cpp.o
Building CXX object catkin/control/amd_clmc_dmp/CMakeFiles/amd_clmc_dmp.dir/src/cart_dmp/CartesianCoordDMP.cpp.o
Building CXX object catkin/control/amd_clmc_dmp/CMakeFiles/amd_clmc_dmp.dir/src/dmp_coupling/learn_obs_avoid/LearnObsAvoidDataIO.cpp.o
Building CXX object catkin/control/amd_clmc_dmp/CMakeFiles/amd_clmc_dmp.dir/src/dmp_coupling/learn_obs_avoid/TransformCouplingLearnObsAvoid.cpp.o
In file included from /home/amd_clmc/team/workspace/src/catkin/control/amd_clmc_dmp/include/amd_clmc_dmp/utility/utility.h:26:0,
                 from /home/amd_clmc/team/workspace/src/catkin/control/amd_clmc_dmp/src/utility/utility.cpp:1:
/home/amd_clmc/team/workspace/src/catkin/control/amd_clmc_dmp/include/amd_clmc_dmp/utility/DefinitionsBase.h:55:22: error: 'Vector3' was not declared in this scope
/home/amd_clmc/team/workspace/src/catkin/control/amd_clmc_dmp/include/amd_clmc_dmp/utility/DefinitionsBase.h:55:30: error: template argument 1 is invalid
/home/amd_clmc/team/workspace/src/catkin/control/amd_clmc_dmp/include/amd_clmc_dmp/utility/DefinitionsBase.h:55:30: error: template argument 2 is invalid
/home/amd_clmc/team/workspace/src/catkin/control/amd_clmc_dmp/include/amd_clmc_dmp/utility/DefinitionsBase.h:55:51: error: invalid type in declaration before ';' token
make[2]: *** [catkin/control/amd_clmc_dmp/CMakeFiles/amd_clmc_dmp.dir/src/utility/utility.cpp.o] Error 1
make[2]: *** Waiting for unfinished jobs....
Linking CXX shared library /home/amd_clmc/team/workspace/devel/lib/libyaml-cpp.so
[ 76%] Built target yaml-cpp
Scanning dependencies of target parse
Scanning dependencies of target run-tests
Scanning dependencies of target read
Scanning dependencies of target sandbox
[ 77%] [ 78%] [ 80%] [ 81%] [ 82%] Building CXX object catkin/third_party/YAML_CPP/test/CMakeFiles/run-tests.dir/tests.cpp.o
[ 84%] Building CXX object catkin/third_party/YAML_CPP/util/CMakeFiles/read.dir/read.cpp.o
Building CXX object catkin/third_party/YAML_CPP/test/CMakeFiles/run-tests.dir/spectests.cpp.o
Building CXX object catkin/third_party/YAML_CPP/util/CMakeFiles/parse.dir/parse.cpp.o
Building CXX object catkin/third_party/YAML_CPP/util/CMakeFiles/sandbox.dir/sandbox.cpp.o
Building CXX object catkin/third_party/YAML_CPP/test/CMakeFiles/run-tests.dir/main.cpp.o
[ 85%] [ 86%] Building CXX object catkin/third_party/YAML_CPP/test/CMakeFiles/run-tests.dir/emittertests.cpp.o
[ 88%] Building CXX object catkin/third_party/YAML_CPP/test/CMakeFiles/run-tests.dir/new-api/spectests.cpp.o
Building CXX object catkin/third_party/YAML_CPP/test/CMakeFiles/run-tests.dir/new-api/parsertests.cpp.o
[ 89%] Building CXX object catkin/third_party/YAML_CPP/test/CMakeFiles/run-tests.dir/new-api/nodetests.cpp.o
In file included from /home/amd_clmc/team/workspace/src/catkin/control/amd_clmc_dmp/include/amd_clmc_dmp/dmp_state/DMPState.h:15:0,
                 from /home/amd_clmc/team/workspace/src/catkin/control/amd_clmc_dmp/src/dmp_state/DMPState.cpp:1:
/home/amd_clmc/team/workspace/src/catkin/control/amd_clmc_dmp/include/amd_clmc_dmp/utility/DefinitionsBase.h:55:22: error: 'Vector3' was not declared in this scope
/home/amd_clmc/team/workspace/src/catkin/control/amd_clmc_dmp/include/amd_clmc_dmp/utility/DefinitionsBase.h:55:30: error: template argument 1 is invalid
/home/amd_clmc/team/workspace/src/catkin/control/amd_clmc_dmp/include/amd_clmc_dmp/utility/DefinitionsBase.h:55:30: error: template argument 2 is invalid
/home/amd_clmc/team/workspace/src/catkin/control/amd_clmc_dmp/include/amd_clmc_dmp/utility/DefinitionsBase.h:55:51: error: invalid type in declaration before ';' token
In file included from /home/amd_clmc/team/workspace/src/catkin/control/amd_clmc_dmp/include/amd_clmc_dmp/dmp_base/LoggedDMPVariables.h:15:0,
                 from /home/amd_clmc/team/workspace/src/catkin/control/amd_clmc_dmp/src/dmp_base/LoggedDMPVariables.cpp:1:
/home/amd_clmc/team/workspace/src/catkin/control/amd_clmc_dmp/include/amd_clmc_dmp/utility/DefinitionsBase.h:55:22: error: 'Vector3' was not declared in this scope
/home/amd_clmc/team/workspace/src/catkin/control/amd_clmc_dmp/include/amd_clmc_dmp/utility/DefinitionsBase.h:55:30: error: template argument 1 is invalid
/home/amd_clmc/team/workspace/src/catkin/control/amd_clmc_dmp/include/amd_clmc_dmp/utility/DefinitionsBase.h:55:30: error: template argument 2 is invalid
/home/amd_clmc/team/workspace/src/catkin/control/amd_clmc_dmp/include/amd_clmc_dmp/utility/DefinitionsBase.h:55:51: error: invalid type in declaration before ';' token
In file included from /home/amd_clmc/team/workspace/src/catkin/control/amd_clmc_dmp/include/amd_clmc_dmp/dmp_state/DMPState.h:15:0,
                 from /home/amd_clmc/team/workspace/src/catkin/control/amd_clmc_dmp/include/amd_clmc_dmp/utility/DefinitionsDerived.h:13,
                 from /home/amd_clmc/team/workspace/src/catkin/control/amd_clmc_dmp/include/amd_clmc_dmp/utility/DataIO.h:15,
                 from /home/amd_clmc/team/workspace/src/catkin/control/amd_clmc_dmp/include/amd_clmc_dmp/dmp_coupling/learn_obs_avoid/LearnObsAvoidDataIO.h:15,
                 from /home/amd_clmc/team/workspace/src/catkin/control/amd_clmc_dmp/src/dmp_coupling/learn_obs_avoid/LearnObsAvoidDataIO.cpp:1:
/home/amd_clmc/team/workspace/src/catkin/control/amd_clmc_dmp/include/amd_clmc_dmp/utility/DefinitionsBase.h:55:22: error: 'Vector3' was not declared in this scope
/home/amd_clmc/team/workspace/src/catkin/control/amd_clmc_dmp/include/amd_clmc_dmp/utility/DefinitionsBase.h:55:30: error: template argument 1 is invalid
/home/amd_clmc/team/workspace/src/catkin/control/amd_clmc_dmp/include/amd_clmc_dmp/utility/DefinitionsBase.h:55:30: error: template argument 2 is invalid
/home/amd_clmc/team/workspace/src/catkin/control/amd_clmc_dmp/include/amd_clmc_dmp/utility/DefinitionsBase.h:55:51: error: invalid type in declaration before ';' token
In file included from /home/amd_clmc/team/workspace/src/catkin/control/amd_clmc_dmp/include/amd_clmc_dmp/dmp_state/DMPState.h:15:0,
                 from /home/amd_clmc/team/workspace/src/catkin/control/amd_clmc_dmp/include/amd_clmc_dmp/utility/DefinitionsDerived.h:13,
                 from /home/amd_clmc/team/workspace/src/catkin/control/amd_clmc_dmp/include/amd_clmc_dmp/dmp_param/GoalSystem.h:14,
                 from /home/amd_clmc/team/workspace/src/catkin/control/amd_clmc_dmp/src/dmp_param/GoalSystem.cpp:1:
/home/amd_clmc/team/workspace/src/catkin/control/amd_clmc_dmp/include/amd_clmc_dmp/utility/DefinitionsBase.h:55:22: error: 'Vector3' was not declared in this scope
/home/amd_clmc/team/workspace/src/catkin/control/amd_clmc_dmp/include/amd_clmc_dmp/utility/DefinitionsBase.h:55:30: error: template argument 1 is invalid
/home/amd_clmc/team/workspace/src/catkin/control/amd_clmc_dmp/include/amd_clmc_dmp/utility/DefinitionsBase.h:55:30: error: template argument 2 is invalid
/home/amd_clmc/team/workspace/src/catkin/control/amd_clmc_dmp/include/amd_clmc_dmp/utility/DefinitionsBase.h:55:51: error: invalid type in declaration before ';' token
In file included from /home/amd_clmc/team/workspace/src/catkin/control/amd_clmc_dmp/include/amd_clmc_dmp/utility/utility.h:26:0,
                 from /home/amd_clmc/team/workspace/src/catkin/control/amd_clmc_dmp/include/amd_clmc_dmp/dmp_base/TransformationSystem.h:18,
                 from /home/amd_clmc/team/workspace/src/catkin/control/amd_clmc_dmp/src/dmp_base/TransformationSystem.cpp:1:
/home/amd_clmc/team/workspace/src/catkin/control/amd_clmc_dmp/include/amd_clmc_dmp/utility/DefinitionsBase.h:55:22: error: 'Vector3' was not declared in this scope
/home/amd_clmc/team/workspace/src/catkin/control/amd_clmc_dmp/include/amd_clmc_dmp/utility/DefinitionsBase.h:55:30: error: template argument 1 is invalid
/home/amd_clmc/team/workspace/src/catkin/control/amd_clmc_dmp/include/amd_clmc_dmp/utility/DefinitionsBase.h:55:30: error: template argument 2 is invalid
/home/amd_clmc/team/workspace/src/catkin/control/amd_clmc_dmp/include/amd_clmc_dmp/utility/DefinitionsBase.h:55:51: error: invalid type in declaration before ';' token
In file included from /home/amd_clmc/team/workspace/src/catkin/control/amd_clmc_dmp/include/amd_clmc_dmp/dmp_state/DMPState.h:15:0,
                 from /home/amd_clmc/team/workspace/src/catkin/control/amd_clmc_dmp/include/amd_clmc_dmp/utility/DefinitionsDerived.h:13,
                 from /home/amd_clmc/team/workspace/src/catkin/control/amd_clmc_dmp/include/amd_clmc_dmp/dmp_discrete/LearningSystemDiscrete.h:24,
                 from /home/amd_clmc/team/workspace/src/catkin/control/amd_clmc_dmp/src/dmp_discrete/LearningSystemDiscrete.cpp:1:
/home/amd_clmc/team/workspace/src/catkin/control/amd_clmc_dmp/include/amd_clmc_dmp/utility/DefinitionsBase.h:55:22: error: 'Vector3' was not declared in this scope
/home/amd_clmc/team/workspace/src/catkin/control/amd_clmc_dmp/include/amd_clmc_dmp/utility/DefinitionsBase.h:55:30: error: template argument 1 is invalid
/home/amd_clmc/team/workspace/src/catkin/control/amd_clmc_dmp/include/amd_clmc_dmp/utility/DefinitionsBase.h:55:30: error: template argument 2 is invalid
/home/amd_clmc/team/workspace/src/catkin/control/amd_clmc_dmp/include/amd_clmc_dmp/utility/DefinitionsBase.h:55:51: error: invalid type in declaration before ';' token
In file included from /home/amd_clmc/team/workspace/src/catkin/control/amd_clmc_dmp/include/amd_clmc_dmp/dmp_state/DMPState.h:15:0,
                 from /home/amd_clmc/team/workspace/src/catkin/control/amd_clmc_dmp/include/amd_clmc_dmp/utility/DefinitionsDerived.h:13,
                 from /home/amd_clmc/team/workspace/src/catkin/control/amd_clmc_dmp/include/amd_clmc_dmp/utility/DataIO.h:15,
                 from /home/amd_clmc/team/workspace/src/catkin/control/amd_clmc_dmp/src/utility/DataIO.cpp:1:
/home/amd_clmc/team/workspace/src/catkin/control/amd_clmc_dmp/include/amd_clmc_dmp/utility/DefinitionsBase.h:55:22: error: 'Vector3' was not declared in this scope
/home/amd_clmc/team/workspace/src/catkin/control/amd_clmc_dmp/include/amd_clmc_dmp/utility/DefinitionsBase.h:55:30: error: template argument 1 is invalid
/home/amd_clmc/team/workspace/src/catkin/control/amd_clmc_dmp/include/amd_clmc_dmp/utility/DefinitionsBase.h:55:30: error: template argument 2 is invalid
/home/amd_clmc/team/workspace/src/catkin/control/amd_clmc_dmp/include/amd_clmc_dmp/utility/DefinitionsBase.h:55:51: error: invalid type in declaration before ';' token
In file included from /home/amd_clmc/team/workspace/src/catkin/control/amd_clmc_dmp/include/amd_clmc_dmp/dmp_state/DMPState.h:15:0,
                 from /home/amd_clmc/team/workspace/src/catkin/control/amd_clmc_dmp/include/amd_clmc_dmp/utility/DefinitionsDerived.h:13,
                 from /home/amd_clmc/team/workspace/src/catkin/control/amd_clmc_dmp/include/amd_clmc_dmp/dmp_base/DMP.h:17,
                 from /home/amd_clmc/team/workspace/src/catkin/control/amd_clmc_dmp/include/amd_clmc_dmp/dmp_discrete/DMPDiscrete.h:14,
                 from /home/amd_clmc/team/workspace/src/catkin/control/amd_clmc_dmp/src/dmp_discrete/DMPDiscrete.cpp:1:
/home/amd_clmc/team/workspace/src/catkin/control/amd_clmc_dmp/include/amd_clmc_dmp/utility/DefinitionsBase.h:55:22: error: 'Vector3' was not declared in this scope
/home/amd_clmc/team/workspace/src/catkin/control/amd_clmc_dmp/include/amd_clmc_dmp/utility/DefinitionsBase.h:55:30: error: template argument 1 is invalid
/home/amd_clmc/team/workspace/src/catkin/control/amd_clmc_dmp/include/amd_clmc_dmp/utility/DefinitionsBase.h:55:30: error: template argument 2 is invalid
/home/amd_clmc/team/workspace/src/catkin/control/amd_clmc_dmp/include/amd_clmc_dmp/utility/DefinitionsBase.h:55:51: error: invalid type in declaration before ';' token
In file included from /home/amd_clmc/team/workspace/src/catkin/control/amd_clmc_dmp/include/amd_clmc_dmp/dmp_state/DMPState.h:15:0,
                 from /home/amd_clmc/team/workspace/src/catkin/control/amd_clmc_dmp/include/amd_clmc_dmp/dmp_discrete/FuncApproximatorDiscrete.h:25,
                 from /home/amd_clmc/team/workspace/src/catkin/control/amd_clmc_dmp/src/dmp_discrete/FuncApproximatorDiscrete.cpp:1:
/home/amd_clmc/team/workspace/src/catkin/control/amd_clmc_dmp/include/amd_clmc_dmp/utility/DefinitionsBase.h:55:22: error: 'Vector3' was not declared in this scope
/home/amd_clmc/team/workspace/src/catkin/control/amd_clmc_dmp/include/amd_clmc_dmp/utility/DefinitionsBase.h:55:30: error: template argument 1 is invalid
/home/amd_clmc/team/workspace/src/catkin/control/amd_clmc_dmp/include/amd_clmc_dmp/utility/DefinitionsBase.h:55:30: error: template argument 2 is invalid
/home/amd_clmc/team/workspace/src/catkin/control/amd_clmc_dmp/include/amd_clmc_dmp/utility/DefinitionsBase.h:55:51: error: invalid type in declaration before ';' token
In file included from /home/amd_clmc/team/workspace/src/catkin/control/amd_clmc_dmp/include/amd_clmc_dmp/dmp_state/DMPState.h:15:0,
                 from /home/amd_clmc/team/workspace/src/catkin/control/amd_clmc_dmp/include/amd_clmc_dmp/utility/DefinitionsDerived.h:13,
                 from /home/amd_clmc/team/workspace/src/catkin/control/amd_clmc_dmp/include/amd_clmc_dmp/dmp_base/DMP.h:17,
                 from /home/amd_clmc/team/workspace/src/catkin/control/amd_clmc_dmp/src/dmp_base/DMP.cpp:1:
/home/amd_clmc/team/workspace/src/catkin/control/amd_clmc_dmp/include/amd_clmc_dmp/utility/DefinitionsBase.h:55:22: error: 'Vector3' was not declared in this scope
/home/amd_clmc/team/workspace/src/catkin/control/amd_clmc_dmp/include/amd_clmc_dmp/utility/DefinitionsBase.h:55:30: error: template argument 1 is invalid
/home/amd_clmc/team/workspace/src/catkin/control/amd_clmc_dmp/include/amd_clmc_dmp/utility/DefinitionsBase.h:55:30: error: template argument 2 is invalid
/home/amd_clmc/team/workspace/src/catkin/control/amd_clmc_dmp/include/amd_clmc_dmp/utility/DefinitionsBase.h:55:51: error: invalid type in declaration before ';' token
In file included from /home/amd_clmc/team/workspace/src/catkin/control/amd_clmc_dmp/include/amd_clmc_dmp/utility/utility.h:26:0,
                 from /home/amd_clmc/team/workspace/src/catkin/control/amd_clmc_dmp/include/amd_clmc_dmp/dmp_base/FunctionApproximator.h:23,
                 from /home/amd_clmc/team/workspace/src/catkin/control/amd_clmc_dmp/src/dmp_base/FunctionApproximator.cpp:1:
/home/amd_clmc/team/workspace/src/catkin/control/amd_clmc_dmp/include/amd_clmc_dmp/utility/DefinitionsBase.h:55:22: error: 'Vector3' was not declared in this scope
/home/amd_clmc/team/workspace/src/catkin/control/amd_clmc_dmp/include/amd_clmc_dmp/utility/DefinitionsBase.h:55:30: error: template argument 1 is invalid
/home/amd_clmc/team/workspace/src/catkin/control/amd_clmc_dmp/include/amd_clmc_dmp/utility/DefinitionsBase.h:55:30: error: template argument 2 is invalid
/home/amd_clmc/team/workspace/src/catkin/control/amd_clmc_dmp/include/amd_clmc_dmp/utility/DefinitionsBase.h:55:51: error: invalid type in declaration before ';' token
In file included from /home/amd_clmc/team/workspace/src/catkin/control/amd_clmc_dmp/include/amd_clmc_dmp/dmp_base/LoggedDMPVariables.h:15:0,
                 from /home/amd_clmc/team/workspace/src/catkin/control/amd_clmc_dmp/include/amd_clmc_dmp/dmp_discrete/LoggedDMPDiscreteVariables.h:15,
                 from /home/amd_clmc/team/workspace/src/catkin/control/amd_clmc_dmp/src/dmp_discrete/LoggedDMPDiscreteVariables.cpp:1:
/home/amd_clmc/team/workspace/src/catkin/control/amd_clmc_dmp/include/amd_clmc_dmp/utility/DefinitionsBase.h:55:22: error: 'Vector3' was not declared in this scope
/home/amd_clmc/team/workspace/src/catkin/control/amd_clmc_dmp/include/amd_clmc_dmp/utility/DefinitionsBase.h:55:30: error: template argument 1 is invalid
/home/amd_clmc/team/workspace/src/catkin/control/amd_clmc_dmp/include/amd_clmc_dmp/utility/DefinitionsBase.h:55:30: error: template argument 2 is invalid
/home/amd_clmc/team/workspace/src/catkin/control/amd_clmc_dmp/include/amd_clmc_dmp/utility/DefinitionsBase.h:55:51: error: invalid type in declaration before ';' token
In file included from /home/amd_clmc/team/workspace/src/catkin/control/amd_clmc_dmp/include/amd_clmc_dmp/dmp_state/DMPState.h:15:0,
                 from /home/amd_clmc/team/workspace/src/catkin/control/amd_clmc_dmp/include/amd_clmc_dmp/utility/DefinitionsDerived.h:13,
                 from /home/amd_clmc/team/workspace/src/catkin/control/amd_clmc_dmp/include/amd_clmc_dmp/dmp_base/LearningSystem.h:17,
                 from /home/amd_clmc/team/workspace/src/catkin/control/amd_clmc_dmp/src/dmp_base/LearningSystem.cpp:1:
/home/amd_clmc/team/workspace/src/catkin/control/amd_clmc_dmp/include/amd_clmc_dmp/utility/DefinitionsBase.h:55:22: error: 'Vector3' was not declared in this scope
/home/amd_clmc/team/workspace/src/catkin/control/amd_clmc_dmp/include/amd_clmc_dmp/utility/DefinitionsBase.h:55:30: error: template argument 1 is invalid
/home/amd_clmc/team/workspace/src/catkin/control/amd_clmc_dmp/include/amd_clmc_dmp/utility/DefinitionsBase.h:55:30: error: template argument 2 is invalid
/home/amd_clmc/team/workspace/src/catkin/control/amd_clmc_dmp/include/amd_clmc_dmp/utility/DefinitionsBase.h:55:51: error: invalid type in declaration before ';' token
In file included from /home/amd_clmc/team/workspace/src/catkin/control/amd_clmc_dmp/include/amd_clmc_dmp/utility/utility.h:26:0,
                 from /home/amd_clmc/team/workspace/src/catkin/control/amd_clmc_dmp/include/amd_clmc_dmp/dmp_base/TransformationSystem.h:18,
                 from /home/amd_clmc/team/workspace/src/catkin/control/amd_clmc_dmp/include/amd_clmc_dmp/dmp_discrete/TransformSystemDiscrete.h:18,
                 from /home/amd_clmc/team/workspace/src/catkin/control/amd_clmc_dmp/src/dmp_discrete/TransformSystemDiscrete.cpp:1:
/home/amd_clmc/team/workspace/src/catkin/control/amd_clmc_dmp/include/amd_clmc_dmp/utility/DefinitionsBase.h:55:22: error: 'Vector3' was not declared in this scope
/home/amd_clmc/team/workspace/src/catkin/control/amd_clmc_dmp/include/amd_clmc_dmp/utility/DefinitionsBase.h:55:30: error: template argument 1 is invalid
/home/amd_clmc/team/workspace/src/catkin/control/amd_clmc_dmp/include/amd_clmc_dmp/utility/DefinitionsBase.h:55:30: error: template argument 2 is invalid
/home/amd_clmc/team/workspace/src/catkin/control/amd_clmc_dmp/include/amd_clmc_dmp/utility/DefinitionsBase.h:55:51: error: invalid type in declaration before ';' token
In file included from /home/amd_clmc/team/workspace/src/catkin/control/amd_clmc_dmp/include/amd_clmc_dmp/utility/utility.h:26:0,
                 from /home/amd_clmc/team/workspace/src/catkin/control/amd_clmc_dmp/include/amd_clmc_dmp/utility/NormalDistributionRandomVectorGenerator.h:25,
                 from /home/amd_clmc/team/workspace/src/catkin/control/amd_clmc_dmp/src/utility/NormalDistributionRandomVectorGenerator.cpp:1:
/home/amd_clmc/team/workspace/src/catkin/control/amd_clmc_dmp/include/amd_clmc_dmp/utility/DefinitionsBase.h:55:22: error: 'Vector3' was not declared in this scope
/home/amd_clmc/team/workspace/src/catkin/control/amd_clmc_dmp/include/amd_clmc_dmp/utility/DefinitionsBase.h:55:30: error: template argument 1 is invalid
/home/amd_clmc/team/workspace/src/catkin/control/amd_clmc_dmp/include/amd_clmc_dmp/utility/DefinitionsBase.h:55:30: error: template argument 2 is invalid
/home/amd_clmc/team/workspace/src/catkin/control/amd_clmc_dmp/include/amd_clmc_dmp/utility/DefinitionsBase.h:55:51: error: invalid type in declaration before ';' token
In file included from /home/amd_clmc/team/workspace/src/catkin/control/amd_clmc_dmp/include/amd_clmc_dmp/dmp_state/DMPState.h:15:0,
                 from /home/amd_clmc/team/workspace/src/catkin/control/amd_clmc_dmp/include/amd_clmc_dmp/utility/DefinitionsDerived.h:13,
                 from /home/amd_clmc/team/workspace/src/catkin/control/amd_clmc_dmp/include/amd_clmc_dmp/utility/DataIO.h:15,
                 from /home/amd_clmc/team/workspace/src/catkin/control/amd_clmc_dmp/include/amd_clmc_dmp/dmp_base/DMPDataIO.h:15,
                 from /home/amd_clmc/team/workspace/src/catkin/control/amd_clmc_dmp/src/dmp_base/DMPDataIO.cpp:1:
/home/amd_clmc/team/workspace/src/catkin/control/amd_clmc_dmp/include/amd_clmc_dmp/utility/DefinitionsBase.h:55:22: error: 'Vector3' was not declared in this scope
/home/amd_clmc/team/workspace/src/catkin/control/amd_clmc_dmp/include/amd_clmc_dmp/utility/DefinitionsBase.h:55:30: error: template argument 1 is invalid
/home/amd_clmc/team/workspace/src/catkin/control/amd_clmc_dmp/include/amd_clmc_dmp/utility/DefinitionsBase.h:55:30: error: template argument 2 is invalid
/home/amd_clmc/team/workspace/src/catkin/control/amd_clmc_dmp/include/amd_clmc_dmp/utility/DefinitionsBase.h:55:51: error: invalid type in declaration before ';' token
In file included from /home/amd_clmc/team/workspace/src/catkin/control/amd_clmc_dmp/include/amd_clmc_dmp/dmp_state/DMPState.h:15:0,
                 from /home/amd_clmc/team/workspace/src/catkin/control/amd_clmc_dmp/include/amd_clmc_dmp/utility/DefinitionsDerived.h:13,
                 from /home/amd_clmc/team/workspace/src/catkin/control/amd_clmc_dmp/include/amd_clmc_dmp/dmp_base/DMP.h:17,
                 from /home/amd_clmc/team/workspace/src/catkin/control/amd_clmc_dmp/include/amd_clmc_dmp/dmp_discrete/DMPDiscrete.h:14,
                 from /home/amd_clmc/team/workspace/src/catkin/control/amd_clmc_dmp/include/amd_clmc_dmp/dmp_1D/DMPDiscrete1D.h:13,
                 from /home/amd_clmc/team/workspace/src/catkin/control/amd_clmc_dmp/src/dmp_1D/DMPDiscrete1D.cpp:1:
/home/amd_clmc/team/workspace/src/catkin/control/amd_clmc_dmp/include/amd_clmc_dmp/utility/DefinitionsBase.h:55:22: error: 'Vector3' was not declared in this scope
/home/amd_clmc/team/workspace/src/catkin/control/amd_clmc_dmp/include/amd_clmc_dmp/utility/DefinitionsBase.h:55:30: error: template argument 1 is invalid
/home/amd_clmc/team/workspace/src/catkin/control/amd_clmc_dmp/include/amd_clmc_dmp/utility/DefinitionsBase.h:55:30: error: template argument 2 is invalid
/home/amd_clmc/team/workspace/src/catkin/control/amd_clmc_dmp/include/amd_clmc_dmp/utility/DefinitionsBase.h:55:51: error: invalid type in declaration before ';' token
In file included from /home/amd_clmc/team/workspace/src/catkin/control/amd_clmc_dmp/include/amd_clmc_dmp/utility/utility.h:26:0,
                 from /home/amd_clmc/team/workspace/src/catkin/control/amd_clmc_dmp/include/amd_clmc_dmp/dmp_coupling/learn_obs_avoid/ReinforcementLearningObsAvoid.h:19,
                 from /home/amd_clmc/team/workspace/src/catkin/control/amd_clmc_dmp/src/dmp_coupling/learn_obs_avoid/ReinforcementLearningObsAvoid.cpp:1:
/home/amd_clmc/team/workspace/src/catkin/control/amd_clmc_dmp/include/amd_clmc_dmp/utility/DefinitionsBase.h:55:22: error: 'Vector3' was not declared in this scope
/home/amd_clmc/team/workspace/src/catkin/control/amd_clmc_dmp/include/amd_clmc_dmp/utility/DefinitionsBase.h:55:30: error: template argument 1 is invalid
/home/amd_clmc/team/workspace/src/catkin/control/amd_clmc_dmp/include/amd_clmc_dmp/utility/DefinitionsBase.h:55:30: error: template argument 2 is invalid
/home/amd_clmc/team/workspace/src/catkin/control/amd_clmc_dmp/include/amd_clmc_dmp/utility/DefinitionsBase.h:55:51: error: invalid type in declaration before ';' token
In file included from /home/amd_clmc/team/workspace/src/catkin/control/amd_clmc_dmp/include/amd_clmc_dmp/dmp_state/DMPState.h:15:0,
                 from /home/amd_clmc/team/workspace/src/catkin/control/amd_clmc_dmp/include/amd_clmc_dmp/utility/DefinitionsDerived.h:13,
                 from /home/amd_clmc/team/workspace/src/catkin/control/amd_clmc_dmp/include/amd_clmc_dmp/dmp_base/DMP.h:17,
                 from /home/amd_clmc/team/workspace/src/catkin/control/amd_clmc_dmp/include/amd_clmc_dmp/dmp_discrete/DMPDiscrete.h:14,
                 from /home/amd_clmc/team/workspace/src/catkin/control/amd_clmc_dmp/include/amd_clmc_dmp/cart_dmp/CartesianCoordDMP.h:15,
                 from /home/amd_clmc/team/workspace/src/catkin/control/amd_clmc_dmp/src/cart_dmp/CartesianCoordDMP.cpp:1:
/home/amd_clmc/team/workspace/src/catkin/control/amd_clmc_dmp/include/amd_clmc_dmp/utility/DefinitionsBase.h:55:22: error: 'Vector3' was not declared in this scope
/home/amd_clmc/team/workspace/src/catkin/control/amd_clmc_dmp/include/amd_clmc_dmp/utility/DefinitionsBase.h:55:30: error: template argument 1 is invalid
/home/amd_clmc/team/workspace/src/catkin/control/amd_clmc_dmp/include/amd_clmc_dmp/utility/DefinitionsBase.h:55:30: error: template argument 2 is invalid
/home/amd_clmc/team/workspace/src/catkin/control/amd_clmc_dmp/include/amd_clmc_dmp/utility/DefinitionsBase.h:55:51: error: invalid type in declaration before ';' token
In file included from /home/amd_clmc/team/workspace/src/catkin/control/amd_clmc_dmp/include/amd_clmc_dmp/dmp_state/DMPState.h:15:0,
                 from /home/amd_clmc/team/workspace/src/catkin/control/amd_clmc_dmp/include/amd_clmc_dmp/utility/DefinitionsDerived.h:13,
                 from /home/amd_clmc/team/workspace/src/catkin/control/amd_clmc_dmp/include/amd_clmc_dmp/utility/DataIO.h:15,
                 from /home/amd_clmc/team/workspace/src/catkin/control/amd_clmc_dmp/include/amd_clmc_dmp/dmp_base/DMPDataIO.h:15,
                 from /home/amd_clmc/team/workspace/src/catkin/control/amd_clmc_dmp/include/amd_clmc_dmp/dmp_discrete/DMPDataIODiscrete.h:15,
                 from /home/amd_clmc/team/workspace/src/catkin/control/amd_clmc_dmp/src/dmp_discrete/DMPDataIODiscrete.cpp:1:
/home/amd_clmc/team/workspace/src/catkin/control/amd_clmc_dmp/include/amd_clmc_dmp/utility/DefinitionsBase.h:55:22: error: 'Vector3' was not declared in this scope
/home/amd_clmc/team/workspace/src/catkin/control/amd_clmc_dmp/include/amd_clmc_dmp/utility/DefinitionsBase.h:55:30: error: template argument 1 is invalid
/home/amd_clmc/team/workspace/src/catkin/control/amd_clmc_dmp/include/amd_clmc_dmp/utility/DefinitionsBase.h:55:30: error: template argument 2 is invalid
/home/amd_clmc/team/workspace/src/catkin/control/amd_clmc_dmp/include/amd_clmc_dmp/utility/DefinitionsBase.h:55:51: error: invalid type in declaration before ';' token
In file included from /home/amd_clmc/team/workspace/src/catkin/control/amd_clmc_dmp/include/amd_clmc_dmp/utility/utility.h:26:0,
                 from /home/amd_clmc/team/workspace/src/catkin/control/amd_clmc_dmp/include/amd_clmc_dmp/dmp_coupling/learn_obs_avoid/TransformCouplingLearnObsAvoid.h:23,
                 from /home/amd_clmc/team/workspace/src/catkin/control/amd_clmc_dmp/src/dmp_coupling/learn_obs_avoid/TransformCouplingLearnObsAvoid.cpp:1:
/home/amd_clmc/team/workspace/src/catkin/control/amd_clmc_dmp/include/amd_clmc_dmp/utility/DefinitionsBase.h:55:22: error: 'Vector3' was not declared in this scope
/home/amd_clmc/team/workspace/src/catkin/control/amd_clmc_dmp/include/amd_clmc_dmp/utility/DefinitionsBase.h:55:30: error: template argument 1 is invalid
/home/amd_clmc/team/workspace/src/catkin/control/amd_clmc_dmp/include/amd_clmc_dmp/utility/DefinitionsBase.h:55:30: error: template argument 2 is invalid
/home/amd_clmc/team/workspace/src/catkin/control/amd_clmc_dmp/include/amd_clmc_dmp/utility/DefinitionsBase.h:55:51: error: invalid type in declaration before ';' token
In file included from /home/amd_clmc/team/workspace/src/catkin/control/amd_clmc_dmp/include/amd_clmc_dmp/utility/DataIO.h:15:0,
                 from /home/amd_clmc/team/workspace/src/catkin/control/amd_clmc_dmp/src/utility/DataIO.cpp:1:
/home/amd_clmc/team/workspace/src/catkin/control/amd_clmc_dmp/include/amd_clmc_dmp/utility/DefinitionsDerived.h:33:53: error: conflicting declaration 'typedef dmp::TrajectoryPtr dmp::Demonstration'
/home/amd_clmc/team/workspace/src/catkin/control/amd_clmc_dmp/include/amd_clmc_dmp/utility/DefinitionsDerived.h:32:53: error: 'dmp::Demonstration' has a previous declaration as 'typedef dmp::Trajectory dmp::Demonstration'
In file included from /home/amd_clmc/team/workspace/src/catkin/control/amd_clmc_dmp/include/amd_clmc_dmp/utility/utility.h:26:0,
                 from /home/amd_clmc/team/workspace/src/catkin/control/amd_clmc_dmp/include/amd_clmc_dmp/utility/RealTimeAssertor.h:26,
                 from /home/amd_clmc/team/workspace/src/catkin/control/amd_clmc_dmp/include/amd_clmc_dmp/dmp_param/TauSystem.h:18,
                 from /home/amd_clmc/team/workspace/src/catkin/control/amd_clmc_dmp/src/dmp_param/TauSystem.cpp:1:
/home/amd_clmc/team/workspace/src/catkin/control/amd_clmc_dmp/include/amd_clmc_dmp/utility/DefinitionsBase.h:55:22: error: 'Vector3' was not declared in this scope
/home/amd_clmc/team/workspace/src/catkin/control/amd_clmc_dmp/include/amd_clmc_dmp/utility/DefinitionsBase.h:55:30: error: template argument 1 is invalid
/home/amd_clmc/team/workspace/src/catkin/control/amd_clmc_dmp/include/amd_clmc_dmp/utility/DefinitionsBase.h:55:30: error: template argument 2 is invalid
/home/amd_clmc/team/workspace/src/catkin/control/amd_clmc_dmp/include/amd_clmc_dmp/utility/DefinitionsBase.h:55:51: error: invalid type in declaration before ';' token
In file included from /home/amd_clmc/team/workspace/src/catkin/control/amd_clmc_dmp/include/amd_clmc_dmp/dmp_discrete/LearningSystemDiscrete.h:24:0,
                 from /home/amd_clmc/team/workspace/src/catkin/control/amd_clmc_dmp/src/dmp_discrete/LearningSystemDiscrete.cpp:1:
/home/amd_clmc/team/workspace/src/catkin/control/amd_clmc_dmp/include/amd_clmc_dmp/utility/DefinitionsDerived.h:33:53: error: conflicting declaration 'typedef dmp::TrajectoryPtr dmp::Demonstration'
/home/amd_clmc/team/workspace/src/catkin/control/amd_clmc_dmp/include/amd_clmc_dmp/utility/DefinitionsDerived.h:32:53: error: 'dmp::Demonstration' has a previous declaration as 'typedef dmp::Trajectory dmp::Demonstration'
In file included from /home/amd_clmc/team/workspace/src/catkin/control/amd_clmc_dmp/include/amd_clmc_dmp/dmp_param/GoalSystem.h:14:0,
                 from /home/amd_clmc/team/workspace/src/catkin/control/amd_clmc_dmp/src/dmp_param/GoalSystem.cpp:1:
/home/amd_clmc/team/workspace/src/catkin/control/amd_clmc_dmp/include/amd_clmc_dmp/utility/DefinitionsDerived.h:33:53: error: conflicting declaration 'typedef dmp::TrajectoryPtr dmp::Demonstration'
/home/amd_clmc/team/workspace/src/catkin/control/amd_clmc_dmp/include/amd_clmc_dmp/utility/DefinitionsDerived.h:32:53: error: 'dmp::Demonstration' has a previous declaration as 'typedef dmp::Trajectory dmp::Demonstration'
In file included from /home/amd_clmc/team/workspace/src/catkin/control/amd_clmc_dmp/include/amd_clmc_dmp/utility/utility.h:26:0,
                 from /home/amd_clmc/team/workspace/src/catkin/control/amd_clmc_dmp/include/amd_clmc_dmp/utility/RealTimeAssertor.h:26,
                 from /home/amd_clmc/team/workspace/src/catkin/control/amd_clmc_dmp/src/utility/RealTimeAssertor.cpp:1:
/home/amd_clmc/team/workspace/src/catkin/control/amd_clmc_dmp/include/amd_clmc_dmp/utility/DefinitionsBase.h:55:22: error: 'Vector3' was not declared in this scope
/home/amd_clmc/team/workspace/src/catkin/control/amd_clmc_dmp/include/amd_clmc_dmp/utility/DefinitionsBase.h:55:30: error: template argument 1 is invalid
/home/amd_clmc/team/workspace/src/catkin/control/amd_clmc_dmp/include/amd_clmc_dmp/utility/DefinitionsBase.h:55:30: error: template argument 2 is invalid
/home/amd_clmc/team/workspace/src/catkin/control/amd_clmc_dmp/include/amd_clmc_dmp/utility/DefinitionsBase.h:55:51: error: invalid type in declaration before ';' token
In file included from /home/amd_clmc/team/workspace/src/catkin/control/amd_clmc_dmp/include/amd_clmc_dmp/dmp_base/DMP.h:17:0,
                 from /home/amd_clmc/team/workspace/src/catkin/control/amd_clmc_dmp/src/dmp_base/DMP.cpp:1:
/home/amd_clmc/team/workspace/src/catkin/control/amd_clmc_dmp/include/amd_clmc_dmp/utility/DefinitionsDerived.h:33:53: error: conflicting declaration 'typedef dmp::TrajectoryPtr dmp::Demonstration'
/home/amd_clmc/team/workspace/src/catkin/control/amd_clmc_dmp/include/amd_clmc_dmp/utility/DefinitionsDerived.h:32:53: error: 'dmp::Demonstration' has a previous declaration as 'typedef dmp::Trajectory dmp::Demonstration'
In file included from /home/amd_clmc/team/workspace/src/catkin/control/amd_clmc_dmp/include/amd_clmc_dmp/dmp_param/GoalSystem.h:14:0,
                 from /home/amd_clmc/team/workspace/src/catkin/control/amd_clmc_dmp/include/amd_clmc_dmp/dmp_base/TransformationSystem.h:21,
                 from /home/amd_clmc/team/workspace/src/catkin/control/amd_clmc_dmp/src/dmp_base/TransformationSystem.cpp:1:
/home/amd_clmc/team/workspace/src/catkin/control/amd_clmc_dmp/include/amd_clmc_dmp/utility/DefinitionsDerived.h:33:53: error: conflicting declaration 'typedef dmp::TrajectoryPtr dmp::Demonstration'
/home/amd_clmc/team/workspace/src/catkin/control/amd_clmc_dmp/include/amd_clmc_dmp/utility/DefinitionsDerived.h:32:53: error: 'dmp::Demonstration' has a previous declaration as 'typedef dmp::Trajectory dmp::Demonstration'
In file included from /home/amd_clmc/team/workspace/src/catkin/control/amd_clmc_dmp/include/amd_clmc_dmp/utility/DataIO.h:15:0,
                 from /home/amd_clmc/team/workspace/src/catkin/control/amd_clmc_dmp/include/amd_clmc_dmp/dmp_coupling/learn_obs_avoid/LearnObsAvoidDataIO.h:15,
                 from /home/amd_clmc/team/workspace/src/catkin/control/amd_clmc_dmp/src/dmp_coupling/learn_obs_avoid/LearnObsAvoidDataIO.cpp:1:
/home/amd_clmc/team/workspace/src/catkin/control/amd_clmc_dmp/include/amd_clmc_dmp/utility/DefinitionsDerived.h:33:53: error: conflicting declaration 'typedef dmp::TrajectoryPtr dmp::Demonstration'
/home/amd_clmc/team/workspace/src/catkin/control/amd_clmc_dmp/include/amd_clmc_dmp/utility/DefinitionsDerived.h:32:53: error: 'dmp::Demonstration' has a previous declaration as 'typedef dmp::Trajectory dmp::Demonstration'
In file included from /home/amd_clmc/team/workspace/src/catkin/control/amd_clmc_dmp/include/amd_clmc_dmp/utility/utility.h:26:0,
                 from /home/amd_clmc/team/workspace/src/catkin/control/amd_clmc_dmp/include/amd_clmc_dmp/utility/RealTimeAssertor.h:26,
                 from /home/amd_clmc/team/workspace/src/catkin/control/amd_clmc_dmp/include/amd_clmc_dmp/dmp_base/CanonicalSystem.h:17,
                 from /home/amd_clmc/team/workspace/src/catkin/control/amd_clmc_dmp/src/dmp_base/CanonicalSystem.cpp:1:
/home/amd_clmc/team/workspace/src/catkin/control/amd_clmc_dmp/include/amd_clmc_dmp/utility/DefinitionsBase.h:55:22: error: 'Vector3' was not declared in this scope
/home/amd_clmc/team/workspace/src/catkin/control/amd_clmc_dmp/include/amd_clmc_dmp/utility/DefinitionsBase.h:55:30: error: template argument 1 is invalid
/home/amd_clmc/team/workspace/src/catkin/control/amd_clmc_dmp/include/amd_clmc_dmp/utility/DefinitionsBase.h:55:30: error: template argument 2 is invalid
/home/amd_clmc/team/workspace/src/catkin/control/amd_clmc_dmp/include/amd_clmc_dmp/utility/DefinitionsBase.h:55:51: error: invalid type in declaration before ';' token
/home/amd_clmc/team/workspace/src/catkin/control/amd_clmc_dmp/src/dmp_coupling/learn_obs_avoid/LearnObsAvoidDataIO.cpp: In member function 'bool dmp::LearnObsAvoidDataIO::extractObstacleAvoidanceTrainingDataSphObs(const char*, dmp::DemonstrationGroupSet&, dmp::Points&, dmp::DoubleVector&, double&)':
/home/amd_clmc/team/workspace/src/catkin/control/amd_clmc_dmp/src/dmp_coupling/learn_obs_avoid/LearnObsAvoidDataIO.cpp:123:42: error: request for member 'resize' in 'obs_sph_centers_cart_position_global', which is of non-class type 'dmp::Points {aka int}'
/home/amd_clmc/team/workspace/src/catkin/control/amd_clmc_dmp/src/dmp_coupling/learn_obs_avoid/LearnObsAvoidDataIO.cpp:123:49: error: 'n' was not declared in this scope
/home/amd_clmc/team/workspace/src/catkin/control/amd_clmc_dmp/src/dmp_coupling/learn_obs_avoid/LearnObsAvoidDataIO.cpp:125:9: error: request for member 'size' in 'obs_sph_centers_cart_position_global', which is of non-class type 'dmp::Points {aka int}'
/home/amd_clmc/team/workspace/src/catkin/control/amd_clmc_dmp/src/dmp_coupling/learn_obs_avoid/LearnObsAvoidDataIO.cpp:135:13: error: invalid types 'dmp::Points {aka int}[uint {aka unsigned int}]' for array subscript
In file included from /home/amd_clmc/team/workspace/src/catkin/control/amd_clmc_dmp/include/amd_clmc_dmp/utility/utility.h:26:0,
                 from /home/amd_clmc/team/workspace/src/catkin/control/amd_clmc_dmp/include/amd_clmc_dmp/utility/RealTimeAssertor.h:26,
                 from /home/amd_clmc/team/workspace/src/catkin/control/amd_clmc_dmp/include/amd_clmc_dmp/dmp_base/CanonicalSystem.h:17,
                 from /home/amd_clmc/team/workspace/src/catkin/control/amd_clmc_dmp/include/amd_clmc_dmp/dmp_discrete/CanonicalSystemDiscrete.h:17,
                 from /home/amd_clmc/team/workspace/src/catkin/control/amd_clmc_dmp/src/dmp_discrete/CanonicalSystemDiscrete.cpp:1:
/home/amd_clmc/team/workspace/src/catkin/control/amd_clmc_dmp/include/amd_clmc_dmp/utility/DefinitionsBase.h:55:22: error: 'Vector3' was not declared in this scope
/home/amd_clmc/team/workspace/src/catkin/control/amd_clmc_dmp/include/amd_clmc_dmp/utility/DefinitionsBase.h:55:30: error: template argument 1 is invalid
/home/amd_clmc/team/workspace/src/catkin/control/amd_clmc_dmp/include/amd_clmc_dmp/utility/DefinitionsBase.h:55:30: error: template argument 2 is invalid
/home/amd_clmc/team/workspace/src/catkin/control/amd_clmc_dmp/include/amd_clmc_dmp/utility/DefinitionsBase.h:55:51: error: invalid type in declaration before ';' token
In file included from /home/amd_clmc/team/workspace/src/catkin/control/amd_clmc_dmp/include/amd_clmc_dmp/dmp_base/DMP.h:17:0,
                 from /home/amd_clmc/team/workspace/src/catkin/control/amd_clmc_dmp/include/amd_clmc_dmp/dmp_discrete/DMPDiscrete.h:14,
                 from /home/amd_clmc/team/workspace/src/catkin/control/amd_clmc_dmp/src/dmp_discrete/DMPDiscrete.cpp:1:
/home/amd_clmc/team/workspace/src/catkin/control/amd_clmc_dmp/include/amd_clmc_dmp/utility/DefinitionsDerived.h:33:53: error: conflicting declaration 'typedef dmp::TrajectoryPtr dmp::Demonstration'
/home/amd_clmc/team/workspace/src/catkin/control/amd_clmc_dmp/include/amd_clmc_dmp/utility/DefinitionsDerived.h:32:53: error: 'dmp::Demonstration' has a previous declaration as 'typedef dmp::Trajectory dmp::Demonstration'
In file included from /home/amd_clmc/team/workspace/src/catkin/control/amd_clmc_dmp/include/amd_clmc_dmp/dmp_base/LearningSystem.h:17:0,
                 from /home/amd_clmc/team/workspace/src/catkin/control/amd_clmc_dmp/src/dmp_base/LearningSystem.cpp:1:
/home/amd_clmc/team/workspace/src/catkin/control/amd_clmc_dmp/include/amd_clmc_dmp/utility/DefinitionsDerived.h:33:53: error: conflicting declaration 'typedef dmp::TrajectoryPtr dmp::Demonstration'
/home/amd_clmc/team/workspace/src/catkin/control/amd_clmc_dmp/include/amd_clmc_dmp/utility/DefinitionsDerived.h:32:53: error: 'dmp::Demonstration' has a previous declaration as 'typedef dmp::Trajectory dmp::Demonstration'
In file included from /home/amd_clmc/team/workspace/src/catkin/control/amd_clmc_dmp/include/amd_clmc_dmp/dmp_param/GoalSystem.h:14:0,
                 from /home/amd_clmc/team/workspace/src/catkin/control/amd_clmc_dmp/include/amd_clmc_dmp/dmp_base/TransformationSystem.h:21,
                 from /home/amd_clmc/team/workspace/src/catkin/control/amd_clmc_dmp/include/amd_clmc_dmp/dmp_discrete/TransformSystemDiscrete.h:18,
                 from /home/amd_clmc/team/workspace/src/catkin/control/amd_clmc_dmp/src/dmp_discrete/TransformSystemDiscrete.cpp:1:
/home/amd_clmc/team/workspace/src/catkin/control/amd_clmc_dmp/include/amd_clmc_dmp/utility/DefinitionsDerived.h:33:53: error: conflicting declaration 'typedef dmp::TrajectoryPtr dmp::Demonstration'
/home/amd_clmc/team/workspace/src/catkin/control/amd_clmc_dmp/include/amd_clmc_dmp/utility/DefinitionsDerived.h:32:53: error: 'dmp::Demonstration' has a previous declaration as 'typedef dmp::Trajectory dmp::Demonstration'
In file included from /home/amd_clmc/team/workspace/src/catkin/control/amd_clmc_dmp/include/amd_clmc_dmp/utility/DataIO.h:15:0,
                 from /home/amd_clmc/team/workspace/src/catkin/control/amd_clmc_dmp/include/amd_clmc_dmp/dmp_base/DMPDataIO.h:15,
                 from /home/amd_clmc/team/workspace/src/catkin/control/amd_clmc_dmp/src/dmp_base/DMPDataIO.cpp:1:
/home/amd_clmc/team/workspace/src/catkin/control/amd_clmc_dmp/include/amd_clmc_dmp/utility/DefinitionsDerived.h:33:53: error: conflicting declaration 'typedef dmp::TrajectoryPtr dmp::Demonstration'
/home/amd_clmc/team/workspace/src/catkin/control/amd_clmc_dmp/include/amd_clmc_dmp/utility/DefinitionsDerived.h:32:53: error: 'dmp::Demonstration' has a previous declaration as 'typedef dmp::Trajectory dmp::Demonstration'
In file included from /home/amd_clmc/team/workspace/src/catkin/control/amd_clmc_dmp/include/amd_clmc_dmp/dmp_base/DMP.h:17:0,
                 from /home/amd_clmc/team/workspace/src/catkin/control/amd_clmc_dmp/include/amd_clmc_dmp/dmp_discrete/DMPDiscrete.h:14,
                 from /home/amd_clmc/team/workspace/src/catkin/control/amd_clmc_dmp/include/amd_clmc_dmp/cart_dmp/CartesianCoordDMP.h:15,
                 from /home/amd_clmc/team/workspace/src/catkin/control/amd_clmc_dmp/include/amd_clmc_dmp/dmp_coupling/learn_obs_avoid/ReinforcementLearningObsAvoid.h:24,
                 from /home/amd_clmc/team/workspace/src/catkin/control/amd_clmc_dmp/src/dmp_coupling/learn_obs_avoid/ReinforcementLearningObsAvoid.cpp:1:
/home/amd_clmc/team/workspace/src/catkin/control/amd_clmc_dmp/include/amd_clmc_dmp/utility/DefinitionsDerived.h:33:53: error: conflicting declaration 'typedef dmp::TrajectoryPtr dmp::Demonstration'
/home/amd_clmc/team/workspace/src/catkin/control/amd_clmc_dmp/include/amd_clmc_dmp/utility/DefinitionsDerived.h:32:53: error: 'dmp::Demonstration' has a previous declaration as 'typedef dmp::Trajectory dmp::Demonstration'
In file included from /home/amd_clmc/team/workspace/src/catkin/control/amd_clmc_dmp/include/amd_clmc_dmp/utility/DataIO.h:15:0,
                 from /home/amd_clmc/team/workspace/src/catkin/control/amd_clmc_dmp/include/amd_clmc_dmp/dmp_base/DMPDataIO.h:15,
                 from /home/amd_clmc/team/workspace/src/catkin/control/amd_clmc_dmp/include/amd_clmc_dmp/dmp_discrete/DMPDataIODiscrete.h:15,
                 from /home/amd_clmc/team/workspace/src/catkin/control/amd_clmc_dmp/src/dmp_discrete/DMPDataIODiscrete.cpp:1:
/home/amd_clmc/team/workspace/src/catkin/control/amd_clmc_dmp/include/amd_clmc_dmp/utility/DefinitionsDerived.h:33:53: error: conflicting declaration 'typedef dmp::TrajectoryPtr dmp::Demonstration'
/home/amd_clmc/team/workspace/src/catkin/control/amd_clmc_dmp/include/amd_clmc_dmp/utility/DefinitionsDerived.h:32:53: error: 'dmp::Demonstration' has a previous declaration as 'typedef dmp::Trajectory dmp::Demonstration'
make[2]: *** [catkin/control/amd_clmc_dmp/CMakeFiles/amd_clmc_dmp.dir/src/utility/NormalDistributionRandomVectorGenerator.cpp.o] Error 1
make[2]: *** [catkin/control/amd_clmc_dmp/CMakeFiles/amd_clmc_dmp.dir/src/utility/DataIO.cpp.o] Error 1
In file included from /home/amd_clmc/team/workspace/src/catkin/control/amd_clmc_dmp/include/amd_clmc_dmp/dmp_base/DMP.h:17:0,
                 from /home/amd_clmc/team/workspace/src/catkin/control/amd_clmc_dmp/include/amd_clmc_dmp/dmp_discrete/DMPDiscrete.h:14,
                 from /home/amd_clmc/team/workspace/src/catkin/control/amd_clmc_dmp/include/amd_clmc_dmp/dmp_1D/DMPDiscrete1D.h:13,
                 from /home/amd_clmc/team/workspace/src/catkin/control/amd_clmc_dmp/src/dmp_1D/DMPDiscrete1D.cpp:1:
/home/amd_clmc/team/workspace/src/catkin/control/amd_clmc_dmp/include/amd_clmc_dmp/utility/DefinitionsDerived.h:33:53: error: conflicting declaration 'typedef dmp::TrajectoryPtr dmp::Demonstration'
/home/amd_clmc/team/workspace/src/catkin/control/amd_clmc_dmp/include/amd_clmc_dmp/utility/DefinitionsDerived.h:32:53: error: 'dmp::Demonstration' has a previous declaration as 'typedef dmp::Trajectory dmp::Demonstration'
make[2]: *** [catkin/control/amd_clmc_dmp/CMakeFiles/amd_clmc_dmp.dir/src/dmp_param/TauSystem.cpp.o] Error 1
make[2]: *** [catkin/control/amd_clmc_dmp/CMakeFiles/amd_clmc_dmp.dir/src/dmp_base/DMP.cpp.o] Error 1
make[2]: *** [catkin/control/amd_clmc_dmp/CMakeFiles/amd_clmc_dmp.dir/src/dmp_state/DMPState.cpp.o] Error 1
make[2]: *** [catkin/control/amd_clmc_dmp/CMakeFiles/amd_clmc_dmp.dir/src/utility/RealTimeAssertor.cpp.o] Error 1
In file included from /home/amd_clmc/team/workspace/src/catkin/control/amd_clmc_dmp/include/amd_clmc_dmp/dmp_base/DMP.h:17:0,
                 from /home/amd_clmc/team/workspace/src/catkin/control/amd_clmc_dmp/include/amd_clmc_dmp/dmp_discrete/DMPDiscrete.h:14,
                 from /home/amd_clmc/team/workspace/src/catkin/control/amd_clmc_dmp/include/amd_clmc_dmp/cart_dmp/CartesianCoordDMP.h:15,
                 from /home/amd_clmc/team/workspace/src/catkin/control/amd_clmc_dmp/include/amd_clmc_dmp/dmp_coupling/learn_obs_avoid/TransformCouplingLearnObsAvoid.h:26,
                 from /home/amd_clmc/team/workspace/src/catkin/control/amd_clmc_dmp/src/dmp_coupling/learn_obs_avoid/TransformCouplingLearnObsAvoid.cpp:1:
/home/amd_clmc/team/workspace/src/catkin/control/amd_clmc_dmp/include/amd_clmc_dmp/utility/DefinitionsDerived.h:33:53: error: conflicting declaration 'typedef dmp::TrajectoryPtr dmp::Demonstration'
/home/amd_clmc/team/workspace/src/catkin/control/amd_clmc_dmp/include/amd_clmc_dmp/utility/DefinitionsDerived.h:32:53: error: 'dmp::Demonstration' has a previous declaration as 'typedef dmp::Trajectory dmp::Demonstration'
make[2]: *** [catkin/control/amd_clmc_dmp/CMakeFiles/amd_clmc_dmp.dir/src/dmp_discrete/CanonicalSystemDiscrete.cpp.o] Error 1
make[2]: *** [catkin/control/amd_clmc_dmp/CMakeFiles/amd_clmc_dmp.dir/src/dmp_base/LoggedDMPVariables.cpp.o] Error 1
make[2]: *** [catkin/control/amd_clmc_dmp/CMakeFiles/amd_clmc_dmp.dir/src/dmp_base/CanonicalSystem.cpp.o] Error 1
make[2]: *** [catkin/control/amd_clmc_dmp/CMakeFiles/amd_clmc_dmp.dir/src/dmp_base/LearningSystem.cpp.o] Error 1
In file included from /home/amd_clmc/team/workspace/src/catkin/control/amd_clmc_dmp/include/amd_clmc_dmp/utility/utility.h:26:0,
                 from /home/amd_clmc/team/workspace/src/catkin/control/amd_clmc_dmp/include/amd_clmc_dmp/utility/RealTimeAssertor.h:26,
                 from /home/amd_clmc/team/workspace/src/catkin/control/amd_clmc_dmp/include/amd_clmc_dmp/cart_dmp/CartesianCoordTransformer.h:18,
                 from /home/amd_clmc/team/workspace/src/catkin/control/amd_clmc_dmp/src/cart_dmp/CartesianCoordTransformer.cpp:1:
/home/amd_clmc/team/workspace/src/catkin/control/amd_clmc_dmp/include/amd_clmc_dmp/utility/DefinitionsBase.h:55:22: error: 'Vector3' was not declared in this scope
/home/amd_clmc/team/workspace/src/catkin/control/amd_clmc_dmp/include/amd_clmc_dmp/utility/DefinitionsBase.h:55:30: error: template argument 1 is invalid
/home/amd_clmc/team/workspace/src/catkin/control/amd_clmc_dmp/include/amd_clmc_dmp/utility/DefinitionsBase.h:55:30: error: template argument 2 is invalid
/home/amd_clmc/team/workspace/src/catkin/control/amd_clmc_dmp/include/amd_clmc_dmp/utility/DefinitionsBase.h:55:51: error: invalid type in declaration before ';' token
make[2]: *** [catkin/control/amd_clmc_dmp/CMakeFiles/amd_clmc_dmp.dir/src/dmp_param/GoalSystem.cpp.o] Error 1
make[2]: *** [catkin/control/amd_clmc_dmp/CMakeFiles/amd_clmc_dmp.dir/src/dmp_base/TransformationSystem.cpp.o] Error 1
make[2]: *** [catkin/control/amd_clmc_dmp/CMakeFiles/amd_clmc_dmp.dir/src/dmp_discrete/DMPDiscrete.cpp.o] Error 1
In file included from /home/amd_clmc/team/workspace/src/catkin/control/amd_clmc_dmp/include/amd_clmc_dmp/cart_dmp/CartesianCoordTransformer.h:19:0,
                 from /home/amd_clmc/team/workspace/src/catkin/control/amd_clmc_dmp/src/cart_dmp/CartesianCoordTransformer.cpp:1:
/home/amd_clmc/team/workspace/src/catkin/control/amd_clmc_dmp/include/amd_clmc_dmp/utility/DefinitionsDerived.h:33:53: error: conflicting declaration 'typedef dmp::TrajectoryPtr dmp::Demonstration'
/home/amd_clmc/team/workspace/src/catkin/control/amd_clmc_dmp/include/amd_clmc_dmp/utility/DefinitionsDerived.h:32:53: error: 'dmp::Demonstration' has a previous declaration as 'typedef dmp::Trajectory dmp::Demonstration'
make[2]: *** [catkin/control/amd_clmc_dmp/CMakeFiles/amd_clmc_dmp.dir/src/dmp_base/FunctionApproximator.cpp.o] Error 1
In file included from /home/amd_clmc/team/workspace/src/catkin/control/amd_clmc_dmp/include/amd_clmc_dmp/dmp_base/DMP.h:17:0,
                 from /home/amd_clmc/team/workspace/src/catkin/control/amd_clmc_dmp/include/amd_clmc_dmp/dmp_discrete/DMPDiscrete.h:14,
                 from /home/amd_clmc/team/workspace/src/catkin/control/amd_clmc_dmp/include/amd_clmc_dmp/cart_dmp/CartesianCoordDMP.h:15,
                 from /home/amd_clmc/team/workspace/src/catkin/control/amd_clmc_dmp/src/cart_dmp/CartesianCoordDMP.cpp:1:
/home/amd_clmc/team/workspace/src/catkin/control/amd_clmc_dmp/include/amd_clmc_dmp/utility/DefinitionsDerived.h:33:53: error: conflicting declaration 'typedef dmp::TrajectoryPtr dmp::Demonstration'
/home/amd_clmc/team/workspace/src/catkin/control/amd_clmc_dmp/include/amd_clmc_dmp/utility/DefinitionsDerived.h:32:53: error: 'dmp::Demonstration' has a previous declaration as 'typedef dmp::Trajectory dmp::Demonstration'
make[2]: *** [catkin/control/amd_clmc_dmp/CMakeFiles/amd_clmc_dmp.dir/src/dmp_discrete/FuncApproximatorDiscrete.cpp.o] Error 1
Linking CXX executable /home/amd_clmc/team/workspace/devel/lib/YAML_CPP/read
Linking CXX executable /home/amd_clmc/team/workspace/devel/lib/YAML_CPP/sandbox
make[2]: *** [catkin/control/amd_clmc_dmp/CMakeFiles/amd_clmc_dmp.dir/src/dmp_coupling/learn_obs_avoid/LearnObsAvoidDataIO.cpp.o] Error 1
make[2]: *** [catkin/control/amd_clmc_dmp/CMakeFiles/amd_clmc_dmp.dir/src/dmp_discrete/LoggedDMPDiscreteVariables.cpp.o] Error 1
[ 89%] Built target read
[ 89%] Built target sandbox
Linking CXX executable /home/amd_clmc/team/workspace/devel/lib/YAML_CPP/parse
[ 89%] Built target parse
make[2]: *** [catkin/control/amd_clmc_dmp/CMakeFiles/amd_clmc_dmp.dir/src/dmp_discrete/DMPDataIODiscrete.cpp.o] Error 1
/home/amd_clmc/team/workspace/src/catkin/control/amd_clmc_dmp/src/dmp_coupling/learn_obs_avoid/TransformCouplingLearnObsAvoid.cpp: In member function 'bool dmp::TransformCouplingLearnObsAvoid::learnCouplingTerm(const char*, double, dmp::CartesianCoordDMP*, double, bool)':
/home/amd_clmc/team/workspace/src/catkin/control/amd_clmc_dmp/src/dmp_coupling/learn_obs_avoid/TransformCouplingLearnObsAvoid.cpp:335:9: error: no matching function for call to 'allocateMemoryIfNonRealTime(bool&, dmp::PointsPtr&)'
/home/amd_clmc/team/workspace/src/catkin/control/amd_clmc_dmp/src/dmp_coupling/learn_obs_avoid/TransformCouplingLearnObsAvoid.cpp:335:9: note: candidates are:
/home/amd_clmc/team/workspace/src/catkin/control/amd_clmc_dmp/include/amd_clmc_dmp/utility/utility.h:170:10: note: template<class T> bool dmp::allocateMemoryIfNonRealTime(bool, boost::shared_ptr<T>&, uint, uint)
/home/amd_clmc/team/workspace/src/catkin/control/amd_clmc_dmp/include/amd_clmc_dmp/utility/utility.h:307:10: note: template<class T> bool dmp::allocateMemoryIfNonRealTime(bool, boost::shared_ptr<std::vector<T> >&, uint)
/home/amd_clmc/team/workspace/src/catkin/control/amd_clmc_dmp/src/dmp_coupling/learn_obs_avoid/TransformCouplingLearnObsAvoid.cpp:349:9: error: no matching function for call to 'dmp::LearnObsAvoidDataIO::extractObstacleAvoidanceTrainingDataSphObs(const char*&, std::vector<std::vector<std::vector<dmp::DMPState> > >&, int&, std::vector<double>&, uint&)'
/home/amd_clmc/team/workspace/src/catkin/control/amd_clmc_dmp/src/dmp_coupling/learn_obs_avoid/TransformCouplingLearnObsAvoid.cpp:349:9: note: candidate is:
/home/amd_clmc/team/workspace/src/catkin/control/amd_clmc_dmp/include/amd_clmc_dmp/dmp_coupling/learn_obs_avoid/LearnObsAvoidDataIO.h:79:10: note: bool dmp::LearnObsAvoidDataIO::extractObstacleAvoidanceTrainingDataSphObs(const char*, dmp::DemonstrationGroupSet&, dmp::Points&, dmp::DoubleVector&, double&)
/home/amd_clmc/team/workspace/src/catkin/control/amd_clmc_dmp/include/amd_clmc_dmp/dmp_coupling/learn_obs_avoid/LearnObsAvoidDataIO.h:79:10: note:   no known conversion for argument 5 from 'uint {aka unsigned int}' to 'double&'
/home/amd_clmc/team/workspace/src/catkin/control/amd_clmc_dmp/src/dmp_coupling/learn_obs_avoid/TransformCouplingLearnObsAvoid.cpp:366:78: error: no match for 'operator+=' in 'N_feature_matrix_rows += (&(& input_demo_group_set_obs_avoid.boost::shared_ptr<T>::operator* [with T = std::vector<std::vector<std::vector<dmp::DMPState> > >, boost::shared_ptr<T>::reference = std::vector<std::vector<std::vector<dmp::DMPState> > >&]())->std::vector<_Tp, _Alloc>::operator[] [with _Tp = std::vector<std::vector<dmp::DMPState> >, _Alloc = std::allocator<std::vector<std::vector<dmp::DMPState> > >, std::vector<_Tp, _Alloc>::reference = std::vector<std::vector<dmp::DMPState> >&, std::vector<_Tp, _Alloc>::size_type = long unsigned int](((long unsigned int)n)))->std::vector<_Tp, _Alloc>::operator[] [with _Tp = std::vector<dmp::DMPState>, _Alloc = std::allocator<std::vector<dmp::DMPState> >, std::vector<_Tp, _Alloc>::reference = std::vector<dmp::DMPState>&, std::vector<_Tp, _Alloc>::size_type = long unsigned int](((long unsigned int)i))'
/home/amd_clmc/team/workspace/src/catkin/control/amd_clmc_dmp/src/dmp_coupling/learn_obs_avoid/TransformCouplingLearnObsAvoid.cpp:392:17: error: 'tau_learn' was not declared in this scope
make[2]: *** [catkin/control/amd_clmc_dmp/CMakeFiles/amd_clmc_dmp.dir/src/dmp_1D/DMPDiscrete1D.cpp.o] Error 1
/home/amd_clmc/team/workspace/src/catkin/control/amd_clmc_dmp/src/dmp_coupling/learn_obs_avoid/TransformCouplingLearnObsAvoid.cpp:494:17: error: invalid types 'int[uint {aka unsigned int}]' for array subscript
make[2]: *** [catkin/control/amd_clmc_dmp/CMakeFiles/amd_clmc_dmp.dir/src/dmp_base/DMPDataIO.cpp.o] Error 1
make[2]: *** [catkin/control/amd_clmc_dmp/CMakeFiles/amd_clmc_dmp.dir/src/dmp_discrete/TransformSystemDiscrete.cpp.o] Error 1
/home/amd_clmc/team/workspace/src/catkin/control/amd_clmc_dmp/src/dmp_coupling/learn_obs_avoid/TransformCouplingLearnObsAvoid.cpp: In member function 'bool dmp::TransformCouplingLearnObsAvoid::computeSubFeatureMatrixAndSubTargetCouplingTerm(const Trajectory&, const Vector3&, const double&, const double&, const Trajectory&, dmp::CartesianCoordDMP&, dmp::VectorloaF3&, dmp::MatrixloaTxF3&, dmp::Matrix3xT&)':
/home/amd_clmc/team/workspace/src/catkin/control/amd_clmc_dmp/src/dmp_coupling/learn_obs_avoid/TransformCouplingLearnObsAvoid.cpp:671:9: error: expected ')' before 'transform_sys'
/home/amd_clmc/team/workspace/src/catkin/control/amd_clmc_dmp/src/dmp_coupling/learn_obs_avoid/TransformCouplingLearnObsAvoid.cpp:677:5: error: expected ')' before 'if'
/home/amd_clmc/team/workspace/src/catkin/control/amd_clmc_dmp/src/dmp_coupling/learn_obs_avoid/TransformCouplingLearnObsAvoid.cpp:682:5: error: expected ')' before 'DMPState'
/home/amd_clmc/team/workspace/src/catkin/control/amd_clmc_dmp/src/dmp_coupling/learn_obs_avoid/TransformCouplingLearnObsAvoid.cpp:682:66: error: could not convert 'cart_coord_dmp' from 'dmp::CartesianCoordDMP' to 'bool'
/home/amd_clmc/team/workspace/src/catkin/control/amd_clmc_dmp/src/dmp_coupling/learn_obs_avoid/TransformCouplingLearnObsAvoid.cpp:683:47: error: 'trajectory_set' was not declared in this scope
/home/amd_clmc/team/workspace/src/catkin/control/amd_clmc_dmp/src/dmp_coupling/learn_obs_avoid/TransformCouplingLearnObsAvoid.cpp:683:62: error: 'i' was not declared in this scope
/home/amd_clmc/team/workspace/src/catkin/control/amd_clmc_dmp/src/dmp_coupling/learn_obs_avoid/TransformCouplingLearnObsAvoid.cpp:683:65: error: 'traj_size' was not declared in this scope
/home/amd_clmc/team/workspace/src/catkin/control/amd_clmc_dmp/src/dmp_coupling/learn_obs_avoid/TransformCouplingLearnObsAvoid.cpp:686:9: error: 'transform_sys' was not declared in this scope
/home/amd_clmc/team/workspace/src/catkin/control/amd_clmc_dmp/src/dmp_coupling/learn_obs_avoid/TransformCouplingLearnObsAvoid.cpp:686:9: error: 'start_state_demo' was not declared in this scope
/home/amd_clmc/team/workspace/src/catkin/control/amd_clmc_dmp/src/dmp_coupling/learn_obs_avoid/TransformCouplingLearnObsAvoid.cpp:693:5: error: 'A_learn_average' was not declared in this scope
/home/amd_clmc/team/workspace/src/catkin/control/amd_clmc_dmp/src/dmp_coupling/learn_obs_avoid/TransformCouplingLearnObsAvoid.cpp:693:57: error: 'start_state_demo' was not declared in this scope
/home/amd_clmc/team/workspace/src/catkin/control/amd_clmc_dmp/src/dmp_coupling/learn_obs_avoid/TransformCouplingLearnObsAvoid.cpp:695:5: error: 'max_coord' was not declared in this scope
/home/amd_clmc/team/workspace/src/catkin/control/amd_clmc_dmp/src/dmp_coupling/learn_obs_avoid/TransformCouplingLearnObsAvoid.cpp:696:5: error: 'min_coord' was not declared in this scope
/home/amd_clmc/team/workspace/src/catkin/control/amd_clmc_dmp/src/dmp_coupling/learn_obs_avoid/TransformCouplingLearnObsAvoid.cpp:733:13: error: 'transform_sys' was not declared in this scope
/home/amd_clmc/team/workspace/src/catkin/control/amd_clmc_dmp/src/dmp_coupling/learn_obs_avoid/TransformCouplingLearnObsAvoid.cpp:733:13: error: 'current_f_target' was not declared in this scope
/home/amd_clmc/team/workspace/src/catkin/control/amd_clmc_dmp/src/dmp_coupling/learn_obs_avoid/TransformCouplingLearnObsAvoid.cpp:740:9: error: 'f_target' was not declared in this scope
/home/amd_clmc/team/workspace/src/catkin/control/amd_clmc_dmp/src/dmp_coupling/learn_obs_avoid/TransformCouplingLearnObsAvoid.cpp:740:23: error: 'idx_traj_state' was not declared in this scope
/home/amd_clmc/team/workspace/src/catkin/control/amd_clmc_dmp/src/dmp_coupling/learn_obs_avoid/TransformCouplingLearnObsAvoid.cpp:740:43: error: 'current_f_target' was not declared in this scope
/home/amd_clmc/team/workspace/src/catkin/control/amd_clmc_dmp/src/dmp_coupling/learn_obs_avoid/TransformCouplingLearnObsAvoid.cpp:743:13: error: 'func_approx_discr' was not declared in this scope
/home/amd_clmc/team/workspace/src/catkin/control/amd_clmc_dmp/src/dmp_coupling/learn_obs_avoid/TransformCouplingLearnObsAvoid.cpp:743:13: error: 'current_psi' was not declared in this scope
/home/amd_clmc/team/workspace/src/catkin/control/amd_clmc_dmp/src/dmp_coupling/learn_obs_avoid/TransformCouplingLearnObsAvoid.cpp:743:13: error: 'current_sum_psi' was not declared in this scope
/home/amd_clmc/team/workspace/src/catkin/control/amd_clmc_dmp/src/dmp_coupling/learn_obs_avoid/TransformCouplingLearnObsAvoid.cpp:743:13: error: 'current_xi' was not declared in this scope
/home/amd_clmc/team/workspace/src/catkin/control/amd_clmc_dmp/src/dmp_coupling/learn_obs_avoid/TransformCouplingLearnObsAvoid.cpp:750:9: error: 'Psi' was not declared in this scope
/home/amd_clmc/team/workspace/src/catkin/control/amd_clmc_dmp/src/dmp_coupling/learn_obs_avoid/TransformCouplingLearnObsAvoid.cpp:750:43: error: 'current_psi' was not declared in this scope
/home/amd_clmc/team/workspace/src/catkin/control/amd_clmc_dmp/src/dmp_coupling/learn_obs_avoid/TransformCouplingLearnObsAvoid.cpp:751:11: error: 'Xi' was not declared in this scope
/home/amd_clmc/team/workspace/src/catkin/control/amd_clmc_dmp/src/dmp_coupling/learn_obs_avoid/TransformCouplingLearnObsAvoid.cpp:751:43: error: 'current_xi' was not declared in this scope
/home/amd_clmc/team/workspace/src/catkin/control/amd_clmc_dmp/src/dmp_coupling/learn_obs_avoid/TransformCouplingLearnObsAvoid.cpp:754:9: error: 'Phi' was not declared in this scope
/home/amd_clmc/team/workspace/src/catkin/control/amd_clmc_dmp/src/dmp_coupling/learn_obs_avoid/TransformCouplingLearnObsAvoid.cpp:754:71: error: 'current_sum_psi' was not declared in this scope
/home/amd_clmc/team/workspace/src/catkin/control/amd_clmc_dmp/src/dmp_coupling/learn_obs_avoid/TransformCouplingLearnObsAvoid.cpp:756:13: error: 'transform_sys' was not declared in this scope
/home/amd_clmc/team/workspace/src/catkin/control/amd_clmc_dmp/src/dmp_coupling/learn_obs_avoid/TransformCouplingLearnObsAvoid.cpp:760:13: error: 'transform_sys' was not declared in this scope
/home/amd_clmc/team/workspace/src/catkin/control/amd_clmc_dmp/src/dmp_coupling/learn_obs_avoid/TransformCouplingLearnObsAvoid.cpp:769:9: error: 'tau_learning_unroll' was not declared in this scope
/home/amd_clmc/team/workspace/src/catkin/control/amd_clmc_dmp/src/dmp_coupling/learn_obs_avoid/TransformCouplingLearnObsAvoid.cpp:783:22: error: 'N_unroll_traj_states' was not declared in this scope
/home/amd_clmc/team/workspace/src/catkin/control/amd_clmc_dmp/src/dmp_coupling/learn_obs_avoid/TransformCouplingLearnObsAvoid.cpp:807:9: error: 'sub_dmp_forcing_term_local_w_obstacle' was not declared in this scope
/home/amd_clmc/team/workspace/src/catkin/control/amd_clmc_dmp/src/dmp_coupling/learn_obs_avoid/TransformCouplingLearnObsAvoid.cpp:810:9: error: 'out_data_dir_path' was not declared in this scope
make[2]: *** [catkin/control/amd_clmc_dmp/CMakeFiles/amd_clmc_dmp.dir/src/dmp_coupling/learn_obs_avoid/ReinforcementLearningObsAvoid.cpp.o] Error 1
make[2]: *** [catkin/control/amd_clmc_dmp/CMakeFiles/amd_clmc_dmp.dir/src/cart_dmp/CartesianCoordDMP.cpp.o] Error 1
make[2]: *** [catkin/control/amd_clmc_dmp/CMakeFiles/amd_clmc_dmp.dir/src/cart_dmp/CartesianCoordTransformer.cpp.o] Error 1
make[2]: *** [catkin/control/amd_clmc_dmp/CMakeFiles/amd_clmc_dmp.dir/src/dmp_discrete/LearningSystemDiscrete.cpp.o] Error 1
Linking CXX executable /home/amd_clmc/team/workspace/devel/lib/YAML_CPP/run-tests
[ 89%] Built target run-tests
make[2]: *** [catkin/control/amd_clmc_dmp/CMakeFiles/amd_clmc_dmp.dir/src/dmp_coupling/learn_obs_avoid/TransformCouplingLearnObsAvoid.cpp.o] Error 1
make[1]: *** [catkin/control/amd_clmc_dmp/CMakeFiles/amd_clmc_dmp.dir/all] Error 2
make: *** [all] Error 2
Base path: /home/amd_clmc/team/workspace
Source space: /home/amd_clmc/team/workspace/src
Build space: /home/amd_clmc/team/workspace/build
Devel space: /home/amd_clmc/team/workspace/devel
Install space: /home/amd_clmc/team/workspace/install
Creating symlink "/home/amd_clmc/team/workspace/src/CMakeLists.txt" pointing to "/opt/ros/groovy/share/catkin/cmake/toplevel.cmake"
####
#### Running command: "cmake /home/amd_clmc/team/workspace/src -DCATKIN_DEVEL_PREFIX=/home/amd_clmc/team/workspace/devel -DCMAKE_INSTALL_PREFIX=/home/amd_clmc/team/workspace/install" in "/home/amd_clmc/team/workspace/build"
####
####
#### Running command: "make -j install" in "/home/amd_clmc/team/workspace/build"
####
Invoking "make" failed
