failed to run unit-tests:
Scanning dependencies of target gtest
[  1%] Building CXX object gtest/CMakeFiles/gtest.dir/src/gtest-all.cc.o
Linking CXX shared library libgtest.so
[  1%] Built target gtest
Scanning dependencies of target gtest_main
[  2%] Building CXX object gtest/CMakeFiles/gtest_main.dir/src/gtest_main.cc.o
Linking CXX shared library libgtest_main.so
[  2%] Built target gtest_main
Scanning dependencies of target robust_gaussian_filter_test
[  3%] Building CXX object catkin/core-perception/fl/test/CMakeFiles/robust_gaussian_filter_test.dir/gaussian_filter/robust_gaussian_filter_test.cpp.o
In file included from /Network/Servers/bleyl/Volumes/bleyl/vberenz/continuous_integration/compilation/team/workspace/src/catkin/core-perception/fl/test/gaussian_filter/robust_gaussian_filter_test.cpp:24:0:
/Network/Servers/bleyl/Volumes/bleyl/vberenz/continuous_integration/compilation/team/workspace/src/catkin/core-perception/fl/test/gaussian_filter/../typecast.hpp:62:38: sorry, unimplemented: cannot expand ‘Pairs ...’ into a fixed-length argument list
/Network/Servers/bleyl/Volumes/bleyl/vberenz/continuous_integration/compilation/team/workspace/src/catkin/core-perception/fl/test/gaussian_filter/../typecast.hpp:74:70: sorry, unimplemented: cannot expand ‘Pairs ...’ into a fixed-length argument list
In file included from /Network/Servers/bleyl/Volumes/bleyl/vberenz/continuous_integration/compilation/team/workspace/src/catkin/core-perception/fl/test/gaussian_filter/robust_gaussian_filter_test.cpp:25:0:
/Network/Servers/bleyl/Volumes/bleyl/vberenz/continuous_integration/compilation/team/workspace/src/catkin/core-perception/fl/test/gaussian_filter/gaussian_filter_test_suite.hpp:87:17: error: wrong number of template arguments (2, should be 3)
/Network/Servers/bleyl/Volumes/bleyl/vberenz/continuous_integration/compilation/team/workspace/src/catkin/core-perception/fl/include/fl/model/process/linear_state_transition_model.hpp:42:7: error: provided for ‘template<class State_, class Noise_, class Input_> class fl::LinearStateTransitionModel’
/Network/Servers/bleyl/Volumes/bleyl/vberenz/continuous_integration/compilation/team/workspace/src/catkin/core-perception/fl/test/gaussian_filter/gaussian_filter_test_suite.hpp: In member function ‘GaussianFilterTest<TestType>::ModelFactory::LinearStateTransition GaussianFilterTest<TestType>::ModelFactory::create_linear_state_model()’:
/Network/Servers/bleyl/Volumes/bleyl/vberenz/continuous_integration/compilation/team/workspace/src/catkin/core-perception/fl/test/gaussian_filter/gaussian_filter_test_suite.hpp:97:28: error: request for member ‘create_dynamics_matrix’ in ‘model’, which is of non-class type ‘int’
/Network/Servers/bleyl/Volumes/bleyl/vberenz/continuous_integration/compilation/team/workspace/src/catkin/core-perception/fl/test/gaussian_filter/gaussian_filter_test_suite.hpp:97:51: error: unable to deduce ‘auto’ from ‘<expression error>’
/Network/Servers/bleyl/Volumes/bleyl/vberenz/continuous_integration/compilation/team/workspace/src/catkin/core-perception/fl/test/gaussian_filter/gaussian_filter_test_suite.hpp:98:28: error: request for member ‘create_noise_matrix’ in ‘model’, which is of non-class type ‘int’
/Network/Servers/bleyl/Volumes/bleyl/vberenz/continuous_integration/compilation/team/workspace/src/catkin/core-perception/fl/test/gaussian_filter/gaussian_filter_test_suite.hpp:98:48: error: unable to deduce ‘auto’ from ‘<expression error>’
/Network/Servers/bleyl/Volumes/bleyl/vberenz/continuous_integration/compilation/team/workspace/src/catkin/core-perception/fl/test/gaussian_filter/gaussian_filter_test_suite.hpp:113:19: error: request for member ‘dynamics_matrix’ in ‘model’, which is of non-class type ‘int’
/Network/Servers/bleyl/Volumes/bleyl/vberenz/continuous_integration/compilation/team/workspace/src/catkin/core-perception/fl/test/gaussian_filter/gaussian_filter_test_suite.hpp:114:19: error: request for member ‘noise_matrix’ in ‘model’, which is of non-class type ‘int’
In file included from /Network/Servers/bleyl/Volumes/bleyl/vberenz/continuous_integration/compilation/team/workspace/src/catkin/core-perception/fl/test/gaussian_filter/robust_gaussian_filter_test.cpp:28:0:
/Network/Servers/bleyl/Volumes/bleyl/vberenz/continuous_integration/compilation/team/workspace/src/catkin/core-perception/fl/include/fl/filter/gaussian/robust_gaussian_filter.hpp: At global scope:
/Network/Servers/bleyl/Volumes/bleyl/vberenz/continuous_integration/compilation/team/workspace/src/catkin/core-perception/fl/include/fl/filter/gaussian/robust_gaussian_filter.hpp: In instantiation of ‘fl::Traits<fl::RobustGaussianFilter<int, fl::BodyTailObsrvModel<fl::LinearGaussianObservationModel<Eigen::Matrix<double, 1, 1, 0, 1, 1>, Eigen::Matrix<double, 1, 1, 0, 1, 1> >, fl::LinearCauchyObservationModel<Eigen::Matrix<double, 1, 1, 0, 1, 1>, Eigen::Matrix<double, 1, 1, 0, 1, 1> > >, fl::UnscentedQuadrature> >’:
/Network/Servers/bleyl/Volumes/bleyl/vberenz/continuous_integration/compilation/team/workspace/src/catkin/core-perception/fl/test/gaussian_filter/gaussian_filter_test_suite.hpp:157:40:   instantiated from ‘GaussianFilterTest<fl::StaticTest<RobutGaussianFilterTestConfiguration<1, 1, 1, 30> > >’
/Network/Servers/bleyl/Volumes/bleyl/vberenz/continuous_integration/compilation/team/workspace/src/catkin/core-perception/fl/test/gaussian_filter/gaussian_filter_test_suite.hpp:197:1:   instantiated from ‘gtest_case_GaussianFilterTest_::predict_then_update<fl::StaticTest<RobutGaussianFilterTestConfiguration<1, 1, 1, 30> > >’
/usr/include/gtest/internal/gtest-internal.h:654:5:   instantiated from ‘static bool testing::internal::TypeParameterizedTest<Fixture, TestSel, Types>::Register(const char*, const char*, const char*, int) [with Fixture = GaussianFilterTest, TestSel = testing::internal::TemplateSel<gtest_case_GaussianFilterTest_::predict_then_update>, Types = testing::internal::Types1<fl::StaticTest<RobutGaussianFilterTestConfiguration<1, 1, 1, 30> > >]’
/usr/include/gtest/internal/gtest-internal.h:693:5:   instantiated from ‘static bool testing::internal::TypeParameterizedTestCase<Fixture, Tests, Types>::Register(const char*, const char*, const char*) [with Fixture = GaussianFilterTest, Tests = testing::internal::Templates2<gtest_case_GaussianFilterTest_::predict_then_update, gtest_case_GaussianFilterTest_::predict_loop>, Types = testing::internal::Types1<fl::StaticTest<RobutGaussianFilterTestConfiguration<1, 1, 1, 30> > >]’
/Network/Servers/bleyl/Volumes/bleyl/vberenz/continuous_integration/compilation/team/workspace/src/catkin/core-perception/fl/test/gaussian_filter/robust_gaussian_filter_test.cpp:101:1:   instantiated from here
/Network/Servers/bleyl/Volumes/bleyl/vberenz/continuous_integration/compilation/team/workspace/src/catkin/core-perception/fl/include/fl/filter/gaussian/robust_gaussian_filter.hpp:67:53: error: ‘int’ is not a class, struct, or union type
/Network/Servers/bleyl/Volumes/bleyl/vberenz/continuous_integration/compilation/team/workspace/src/catkin/core-perception/fl/include/fl/filter/gaussian/robust_gaussian_filter.hpp:68:53: error: ‘int’ is not a class, struct, or union type
/Network/Servers/bleyl/Volumes/bleyl/vberenz/continuous_integration/compilation/team/workspace/src/catkin/core-perception/fl/include/fl/filter/gaussian/robust_gaussian_filter.hpp: In instantiation of ‘fl::Traits<fl::RobustGaussianFilter<int, fl::BodyTailObsrvModel<fl::LinearGaussianObservationModel<Eigen::Matrix<double, 1, 1, 0, 1, 1>, Eigen::Matrix<double, 1, 1, 0, 1, 1> >, fl::LinearCauchyObservationModel<Eigen::Matrix<double, 1, 1, 0, 1, 1>, Eigen::Matrix<double, 1, 1, 0, 1, 1> > >, fl::UnscentedQuadrature> >’:
/Network/Servers/bleyl/Volumes/bleyl/vberenz/continuous_integration/compilation/team/workspace/src/catkin/core-perception/fl/test/gaussian_filter/gaussian_filter_test_suite.hpp:157:40:   instantiated from ‘GaussianFilterTest<fl::StaticTest<RobutGaussianFilterTestConfiguration<1, 1, 1, 30> > >’
/Network/Servers/bleyl/Volumes/bleyl/vberenz/continuous_integration/compilation/team/workspace/src/catkin/core-perception/fl/test/gaussian_filter/gaussian_filter_test_suite.hpp:197:1:   instantiated from ‘gtest_case_GaussianFilterTest_::predict_then_update<fl::StaticTest<RobutGaussianFilterTestConfiguration<1, 1, 1, 30> > >’
/usr/include/gtest/internal/gtest-internal.h:654:5:   instantiated from ‘static bool testing::internal::TypeParameterizedTest<Fixture, TestSel, Types>::Register(const char*, const char*, const char*, int) [with Fixture = GaussianFilterTest, TestSel = testing::internal::TemplateSel<gtest_case_GaussianFilterTest_::predict_then_update>, Types = testing::internal::Types1<fl::StaticTest<RobutGaussianFilterTestConfiguration<1, 1, 1, 30> > >]’
/usr/include/gtest/internal/gtest-internal.h:693:5:   instantiated from ‘static bool testing::internal::TypeParameterizedTestCase<Fixture, Tests, Types>::Register(const char*, const char*, const char*) [with Fixture = GaussianFilterTest, Tests = testing::internal::Templates2<gtest_case_GaussianFilterTest_::predict_then_update, gtest_case_GaussianFilterTest_::predict_loop>, Types = testing::internal::Types1<fl::StaticTest<RobutGaussianFilterTestConfiguration<1, 1, 1, 30> > >]’
/Network/Servers/bleyl/Volumes/bleyl/vberenz/continuous_integration/compilation/team/workspace/src/catkin/core-perception/fl/test/gaussian_filter/robust_gaussian_filter_test.cpp:101:1:   instantiated from here
/Network/Servers/bleyl/Volumes/bleyl/vberenz/continuous_integration/compilation/team/workspace/src/catkin/core-perception/fl/include/fl/filter/gaussian/robust_gaussian_filter.hpp:70:29: error: ‘int’ is not a class, struct, or union type
/Network/Servers/bleyl/Volumes/bleyl/vberenz/continuous_integration/compilation/team/workspace/src/catkin/core-perception/fl/include/fl/filter/gaussian/robust_gaussian_filter.hpp: In instantiation of ‘fl::RobustGaussianFilter<int, fl::BodyTailObsrvModel<fl::LinearGaussianObservationModel<Eigen::Matrix<double, 1, 1, 0, 1, 1>, Eigen::Matrix<double, 1, 1, 0, 1, 1> >, fl::LinearCauchyObservationModel<Eigen::Matrix<double, 1, 1, 0, 1, 1>, Eigen::Matrix<double, 1, 1, 0, 1, 1> > >, fl::UnscentedQuadrature>’:
/Network/Servers/bleyl/Volumes/bleyl/vberenz/continuous_integration/compilation/team/workspace/src/catkin/core-perception/fl/test/gaussian_filter/gaussian_filter_test_suite.hpp:245:53:   instantiated from ‘void gtest_case_GaussianFilterTest_::predict_loop<gtest_TypeParam_>::TestBody() [with gtest_TypeParam_ = fl::StaticTest<RobutGaussianFilterTestConfiguration<1, 1, 1, 30> >]’
/Network/Servers/bleyl/Volumes/bleyl/vberenz/continuous_integration/compilation/team/workspace/src/catkin/core-perception/fl/test/gaussian_filter/robust_gaussian_filter_test.cpp:103:41:   instantiated from here
/Network/Servers/bleyl/Volumes/bleyl/vberenz/continuous_integration/compilation/team/workspace/src/catkin/core-perception/fl/include/fl/filter/gaussian/robust_gaussian_filter.hpp:101:53: error: ‘int’ is not a class, struct, or union type
/Network/Servers/bleyl/Volumes/bleyl/vberenz/continuous_integration/compilation/team/workspace/src/catkin/core-perception/fl/include/fl/filter/gaussian/robust_gaussian_filter.hpp:102:53: error: ‘int’ is not a class, struct, or union type
/Network/Servers/bleyl/Volumes/bleyl/vberenz/continuous_integration/compilation/team/workspace/src/catkin/core-perception/fl/include/fl/filter/gaussian/robust_gaussian_filter.hpp:104:29: error: ‘int’ is not a class, struct, or union type
In file included from /Network/Servers/bleyl/Volumes/bleyl/vberenz/continuous_integration/compilation/team/workspace/src/catkin/core-perception/fl/include/fl/util/meta/size_deduction.hpp:23:0,
                 from /Network/Servers/bleyl/Volumes/bleyl/vberenz/continuous_integration/compilation/team/workspace/src/catkin/core-perception/fl/include/fl/util/meta.hpp:23,
                 from /Network/Servers/bleyl/Volumes/bleyl/vberenz/continuous_integration/compilation/team/workspace/src/catkin/core-perception/fl/test/gaussian_filter/../typecast.hpp:23,
                 from /Network/Servers/bleyl/Volumes/bleyl/vberenz/continuous_integration/compilation/team/workspace/src/catkin/core-perception/fl/test/gaussian_filter/robust_gaussian_filter_test.cpp:24:
/Network/Servers/bleyl/Volumes/bleyl/vberenz/continuous_integration/compilation/team/workspace/src/catkin/core-perception/fl/include/fl/util/traits.hpp: In instantiation of ‘fl::AdditivityOf<int>’:
/Network/Servers/bleyl/Volumes/bleyl/vberenz/continuous_integration/compilation/team/workspace/src/catkin/core-perception/fl/include/fl/filter/gaussian/gaussian_filter_nonlinear.hpp:58:7:   instantiated from ‘fl::GaussianFilter<int, fl::RobustFeatureObsrvModel<fl::BodyTailObsrvModel<fl::LinearGaussianObservationModel<Eigen::Matrix<double, 1, 1, 0, 1, 1>, Eigen::Matrix<double, 1, 1, 0, 1, 1> >, fl::LinearCauchyObservationModel<Eigen::Matrix<double, 1, 1, 0, 1, 1>, Eigen::Matrix<double, 1, 1, 0, 1, 1> > > >, fl::UnscentedQuadrature>’
/Network/Servers/bleyl/Volumes/bleyl/vberenz/continuous_integration/compilation/team/workspace/src/catkin/core-perception/fl/include/fl/filter/gaussian/robust_gaussian_filter.hpp:266:24:   instantiated from ‘fl::RobustGaussianFilter<int, fl::BodyTailObsrvModel<fl::LinearGaussianObservationModel<Eigen::Matrix<double, 1, 1, 0, 1, 1>, Eigen::Matrix<double, 1, 1, 0, 1, 1> >, fl::LinearCauchyObservationModel<Eigen::Matrix<double, 1, 1, 0, 1, 1>, Eigen::Matrix<double, 1, 1, 0, 1, 1> > >, fl::UnscentedQuadrature>’
/Network/Servers/bleyl/Volumes/bleyl/vberenz/continuous_integration/compilation/team/workspace/src/catkin/core-perception/fl/test/gaussian_filter/gaussian_filter_test_suite.hpp:245:53:   instantiated from ‘void gtest_case_GaussianFilterTest_::predict_loop<gtest_TypeParam_>::TestBody() [with gtest_TypeParam_ = fl::StaticTest<RobutGaussianFilterTestConfiguration<1, 1, 1, 30> >]’
/Network/Servers/bleyl/Volumes/bleyl/vberenz/continuous_integration/compilation/team/workspace/src/catkin/core-perception/fl/test/gaussian_filter/robust_gaussian_filter_test.cpp:103:41:   instantiated from here
/Network/Servers/bleyl/Volumes/bleyl/vberenz/continuous_integration/compilation/team/workspace/src/catkin/core-perception/fl/include/fl/util/traits.hpp:398:70: error: ‘int’ is not a class, struct, or union type
In file included from /Network/Servers/bleyl/Volumes/bleyl/vberenz/continuous_integration/compilation/team/workspace/src/catkin/core-perception/fl/test/gaussian_filter/robust_gaussian_filter_test.cpp:25:0:
/Network/Servers/bleyl/Volumes/bleyl/vberenz/continuous_integration/compilation/team/workspace/src/catkin/core-perception/fl/test/gaussian_filter/gaussian_filter_test_suite.hpp: In member function ‘void gtest_case_GaussianFilterTest_::predict_loop<gtest_TypeParam_>::TestBody() [with gtest_TypeParam_ = fl::StaticTest<RobutGaussianFilterTestConfiguration<1, 1, 1, 30> >]’:
/Network/Servers/bleyl/Volumes/bleyl/vberenz/continuous_integration/compilation/team/workspace/src/catkin/core-perception/fl/test/gaussian_filter/robust_gaussian_filter_test.cpp:103:41:   instantiated from here
/Network/Servers/bleyl/Volumes/bleyl/vberenz/continuous_integration/compilation/team/workspace/src/catkin/core-perception/fl/test/gaussian_filter/gaussian_filter_test_suite.hpp:246:40: error: ‘class fl::RobustGaussianFilter<int, fl::BodyTailObsrvModel<fl::LinearGaussianObservationModel<Eigen::Matrix<double, 1, 1, 0, 1, 1>, Eigen::Matrix<double, 1, 1, 0, 1, 1> >, fl::LinearCauchyObservationModel<Eigen::Matrix<double, 1, 1, 0, 1, 1>, Eigen::Matrix<double, 1, 1, 0, 1, 1> > >, fl::UnscentedQuadrature>’ has no member named ‘create_belief’
/Network/Servers/bleyl/Volumes/bleyl/vberenz/continuous_integration/compilation/team/workspace/src/catkin/core-perception/fl/test/gaussian_filter/gaussian_filter_test_suite.hpp:246:40: error: unable to deduce ‘auto’ from ‘<expression error>’
/Network/Servers/bleyl/Volumes/bleyl/vberenz/continuous_integration/compilation/team/workspace/src/catkin/core-perception/fl/test/gaussian_filter/gaussian_filter_test_suite.hpp:252:9: error: ‘class fl::RobustGaussianFilter<int, fl::BodyTailObsrvModel<fl::LinearGaussianObservationModel<Eigen::Matrix<double, 1, 1, 0, 1, 1>, Eigen::Matrix<double, 1, 1, 0, 1, 1> >, fl::LinearCauchyObservationModel<Eigen::Matrix<double, 1, 1, 0, 1, 1>, Eigen::Matrix<double, 1, 1, 0, 1, 1> > >, fl::UnscentedQuadrature>’ has no member named ‘predict’
/Network/Servers/bleyl/Volumes/bleyl/vberenz/continuous_integration/compilation/team/workspace/src/catkin/core-perception/fl/test/gaussian_filter/gaussian_filter_test_suite.hpp:252:9: error: ‘zero_input’ is not a member of ‘This {aka GaussianFilterTest<fl::StaticTest<RobutGaussianFilterTestConfiguration<1, 1, 1, 30> > >}’
/Network/Servers/bleyl/Volumes/bleyl/vberenz/continuous_integration/compilation/team/workspace/src/catkin/core-perception/fl/test/gaussian_filter/gaussian_filter_test_suite.hpp: In member function ‘void gtest_case_GaussianFilterTest_::predict_then_update<gtest_TypeParam_>::TestBody() [with gtest_TypeParam_ = fl::StaticTest<RobutGaussianFilterTestConfiguration<1, 1, 1, 30> >]’:
/Network/Servers/bleyl/Volumes/bleyl/vberenz/continuous_integration/compilation/team/workspace/src/catkin/core-perception/fl/test/gaussian_filter/robust_gaussian_filter_test.cpp:103:41:   instantiated from here
/Network/Servers/bleyl/Volumes/bleyl/vberenz/continuous_integration/compilation/team/workspace/src/catkin/core-perception/fl/test/gaussian_filter/gaussian_filter_test_suite.hpp:205:40: error: ‘class fl::RobustGaussianFilter<int, fl::BodyTailObsrvModel<fl::LinearGaussianObservationModel<Eigen::Matrix<double, 1, 1, 0, 1, 1>, Eigen::Matrix<double, 1, 1, 0, 1, 1> >, fl::LinearCauchyObservationModel<Eigen::Matrix<double, 1, 1, 0, 1, 1>, Eigen::Matrix<double, 1, 1, 0, 1, 1> > >, fl::UnscentedQuadrature>’ has no member named ‘create_belief’
/Network/Servers/bleyl/Volumes/bleyl/vberenz/continuous_integration/compilation/team/workspace/src/catkin/core-perception/fl/test/gaussian_filter/gaussian_filter_test_suite.hpp:205:40: error: unable to deduce ‘auto’ from ‘<expression error>’
/Network/Servers/bleyl/Volumes/bleyl/vberenz/continuous_integration/compilation/team/workspace/src/catkin/core-perception/fl/test/gaussian_filter/gaussian_filter_test_suite.hpp:215:9: error: ‘class fl::RobustGaussianFilter<int, fl::BodyTailObsrvModel<fl::LinearGaussianObservationModel<Eigen::Matrix<double, 1, 1, 0, 1, 1>, Eigen::Matrix<double, 1, 1, 0, 1, 1> >, fl::LinearCauchyObservationModel<Eigen::Matrix<double, 1, 1, 0, 1, 1>, Eigen::Matrix<double, 1, 1, 0, 1, 1> > >, fl::UnscentedQuadrature>’ has no member named ‘predict’
/Network/Servers/bleyl/Volumes/bleyl/vberenz/continuous_integration/compilation/team/workspace/src/catkin/core-perception/fl/test/gaussian_filter/gaussian_filter_test_suite.hpp:215:9: error: ‘zero_input’ is not a member of ‘This {aka GaussianFilterTest<fl::StaticTest<RobutGaussianFilterTestConfiguration<1, 1, 1, 30> > >}’
/Network/Servers/bleyl/Volumes/bleyl/vberenz/continuous_integration/compilation/team/workspace/src/catkin/core-perception/fl/test/gaussian_filter/gaussian_filter_test_suite.hpp:226:9: error: ‘class fl::RobustGaussianFilter<int, fl::BodyTailObsrvModel<fl::LinearGaussianObservationModel<Eigen::Matrix<double, 1, 1, 0, 1, 1>, Eigen::Matrix<double, 1, 1, 0, 1, 1> >, fl::LinearCauchyObservationModel<Eigen::Matrix<double, 1, 1, 0, 1, 1>, Eigen::Matrix<double, 1, 1, 0, 1, 1> > >, fl::UnscentedQuadrature>’ has no member named ‘update’
In file included from /Network/Servers/bleyl/Volumes/bleyl/vberenz/continuous_integration/compilation/team/workspace/src/catkin/core-perception/fl/test/gaussian_filter/robust_gaussian_filter_test.cpp:28:0:
/Network/Servers/bleyl/Volumes/bleyl/vberenz/continuous_integration/compilation/team/workspace/src/catkin/core-perception/fl/include/fl/filter/gaussian/robust_gaussian_filter.hpp: In member function ‘std::string fl::RobustGaussianFilter<StateTransitionFunction, ObservationFunction, Quadrature, Policies>::name() const [with StateTransitionFunction = int, ObservationFunction = fl::BodyTailObsrvModel<fl::LinearGaussianObservationModel<Eigen::Matrix<double, 1, 1, 0, 1, 1>, Eigen::Matrix<double, 1, 1, 0, 1, 1> >, fl::LinearCauchyObservationModel<Eigen::Matrix<double, 1, 1, 0, 1, 1>, Eigen::Matrix<double, 1, 1, 0, 1, 1> > >, Quadrature = fl::UnscentedQuadrature, Policies = {}, std::string = std::basic_string<char>]’:
/Network/Servers/bleyl/Volumes/bleyl/vberenz/continuous_integration/compilation/team/workspace/src/catkin/core-perception/fl/test/gaussian_filter/gaussian_filter_test_suite.hpp:203:5:   instantiated from ‘void gtest_case_GaussianFilterTest_::predict_then_update<gtest_TypeParam_>::TestBody() [with gtest_TypeParam_ = fl::StaticTest<RobutGaussianFilterTestConfiguration<1, 1, 1, 30> >]’
/Network/Servers/bleyl/Volumes/bleyl/vberenz/continuous_integration/compilation/team/workspace/src/catkin/core-perception/fl/test/gaussian_filter/robust_gaussian_filter_test.cpp:103:41:   instantiated from here
/Network/Servers/bleyl/Volumes/bleyl/vberenz/continuous_integration/compilation/team/workspace/src/catkin/core-perception/fl/include/fl/filter/gaussian/robust_gaussian_filter.hpp:241:19: error: ‘const BaseGaussianFilter’ has no member named ‘name’
/Network/Servers/bleyl/Volumes/bleyl/vberenz/continuous_integration/compilation/team/workspace/src/catkin/core-perception/fl/include/fl/filter/gaussian/robust_gaussian_filter.hpp: In member function ‘const ObservationFunction& fl::RobustGaussianFilter<StateTransitionFunction, ObservationFunction, Quadrature, Policies>::obsrv_model() const [with StateTransitionFunction = int, ObservationFunction = fl::BodyTailObsrvModel<fl::LinearGaussianObservationModel<Eigen::Matrix<double, 1, 1, 0, 1, 1>, Eigen::Matrix<double, 1, 1, 0, 1, 1> >, fl::LinearCauchyObservationModel<Eigen::Matrix<double, 1, 1, 0, 1, 1>, Eigen::Matrix<double, 1, 1, 0, 1, 1> > >, Quadrature = fl::UnscentedQuadrature, Policies = {}]’:
/Network/Servers/bleyl/Volumes/bleyl/vberenz/continuous_integration/compilation/team/workspace/src/catkin/core-perception/fl/test/gaussian_filter/gaussian_filter_test_suite.hpp:166:51:   instantiated from ‘typename fl::Traits<typename TestType::Parameter::FilterDefinition<GaussianFilterTest<TestType>::ModelFactory>::Type>::Obsrv GaussianFilterTest<TestType>::rand_obsrv(const Filter&) [with TestType = fl::StaticTest<RobutGaussianFilterTestConfiguration<1, 1, 1, 30> >, typename fl::Traits<typename TestType::Parameter::FilterDefinition<GaussianFilterTest<TestType>::ModelFactory>::Type>::Obsrv = Eigen::Matrix<double, 1, 1, 0, 1, 1>, GaussianFilterTest<TestType>::Filter = fl::RobustGaussianFilter<int, fl::BodyTailObsrvModel<fl::LinearGaussianObservationModel<Eigen::Matrix<double, 1, 1, 0, 1, 1>, Eigen::Matrix<double, 1, 1, 0, 1, 1> >, fl::LinearCauchyObservationModel<Eigen::Matrix<double, 1, 1, 0, 1, 1>, Eigen::Matrix<double, 1, 1, 0, 1, 1> > >, fl::UnscentedQuadrature>]’
/Network/Servers/bleyl/Volumes/bleyl/vberenz/continuous_integration/compilation/team/workspace/src/catkin/core-perception/fl/test/gaussian_filter/gaussian_filter_test_suite.hpp:226:9:   instantiated from ‘void gtest_case_GaussianFilterTest_::predict_then_update<gtest_TypeParam_>::TestBody() [with gtest_TypeParam_ = fl::StaticTest<RobutGaussianFilterTestConfiguration<1, 1, 1, 30> >]’
/Network/Servers/bleyl/Volumes/bleyl/vberenz/continuous_integration/compilation/team/workspace/src/catkin/core-perception/fl/test/gaussian_filter/robust_gaussian_filter_test.cpp:103:41:   instantiated from here
/Network/Servers/bleyl/Volumes/bleyl/vberenz/continuous_integration/compilation/team/workspace/src/catkin/core-perception/fl/include/fl/filter/gaussian/robust_gaussian_filter.hpp:228:68: error: ‘const BaseGaussianFilter’ has no member named ‘obsrv_model’
In file included from /Network/Servers/bleyl/Volumes/bleyl/vberenz/continuous_integration/compilation/team/workspace/src/catkin/core-perception/fl/test/gaussian_filter/robust_gaussian_filter_test.cpp:25:0:
/Network/Servers/bleyl/Volumes/bleyl/vberenz/continuous_integration/compilation/team/workspace/src/catkin/core-perception/fl/test/gaussian_filter/gaussian_filter_test_suite.hpp: In member function ‘GaussianFilterTest<TestType>::ModelFactory::LinearStateTransition GaussianFilterTest<TestType>::ModelFactory::create_linear_state_model() [with TestType = fl::StaticTest<RobutGaussianFilterTestConfiguration<1, 1, 1, 30> >, GaussianFilterTest<TestType>::ModelFactory::LinearStateTransition = int]’:
/Network/Servers/bleyl/Volumes/bleyl/vberenz/continuous_integration/compilation/team/workspace/src/catkin/core-perception/fl/test/gaussian_filter/robust_gaussian_filter_test.cpp:92:46:   instantiated from ‘static typename RobutGaussianFilterTestConfiguration<StateDimension, InputDimension, ObsrvDimension, FilterIterations>::FilterDefinition<ModelFactory>::Type RobutGaussianFilterTestConfiguration<StateDimension, InputDimension, ObsrvDimension, FilterIterations>::create_filter(ModelFactory&&) [with ModelFactory = GaussianFilterTest<fl::StaticTest<RobutGaussianFilterTestConfiguration<1, 1, 1, 30> > >::ModelFactory, int StateDimension = 1, int InputDimension = 1, int ObsrvDimension = 1, int FilterIterations = 30, typename RobutGaussianFilterTestConfiguration<StateDimension, InputDimension, ObsrvDimension, FilterIterations>::FilterDefinition<ModelFactory>::Type = fl::RobustGaussianFilter<int, fl::BodyTailObsrvModel<fl::LinearGaussianObservationModel<Eigen::Matrix<double, 1, 1, 0, 1, 1>, Eigen::Matrix<double, 1, 1, 0, 1, 1> >, fl::LinearCauchyObservationModel<Eigen::Matrix<double, 1, 1, 0, 1, 1>, Eigen::Matrix<double, 1, 1, 0, 1, 1> > >, fl::UnscentedQuadrature>]’
/Network/Servers/bleyl/Volumes/bleyl/vberenz/continuous_integration/compilation/team/workspace/src/catkin/core-perception/fl/test/gaussian_filter/gaussian_filter_test_suite.hpp:154:64:   instantiated from ‘GaussianFilterTest<TestType>::Filter GaussianFilterTest<TestType>::create_filter(GaussianFilterTest<TestType>::ModelSetup) const [with TestType = fl::StaticTest<RobutGaussianFilterTestConfiguration<1, 1, 1, 30> >, GaussianFilterTest<TestType>::Filter = fl::RobustGaussianFilter<int, fl::BodyTailObsrvModel<fl::LinearGaussianObservationModel<Eigen::Matrix<double, 1, 1, 0, 1, 1>, Eigen::Matrix<double, 1, 1, 0, 1, 1> >, fl::LinearCauchyObservationModel<Eigen::Matrix<double, 1, 1, 0, 1, 1>, Eigen::Matrix<double, 1, 1, 0, 1, 1> > >, fl::UnscentedQuadrature>]’
/Network/Servers/bleyl/Volumes/bleyl/vberenz/continuous_integration/compilation/team/workspace/src/catkin/core-perception/fl/test/gaussian_filter/gaussian_filter_test_suite.hpp:245:53:   instantiated from ‘void gtest_case_GaussianFilterTest_::predict_loop<gtest_TypeParam_>::TestBody() [with gtest_TypeParam_ = fl::StaticTest<RobutGaussianFilterTestConfiguration<1, 1, 1, 30> >]’
/Network/Servers/bleyl/Volumes/bleyl/vberenz/continuous_integration/compilation/team/workspace/src/catkin/core-perception/fl/test/gaussian_filter/robust_gaussian_filter_test.cpp:103:41:   instantiated from here
/Network/Servers/bleyl/Volumes/bleyl/vberenz/continuous_integration/compilation/team/workspace/src/catkin/core-perception/fl/test/gaussian_filter/gaussian_filter_test_suite.hpp:95:66: error: expression list treated as compound expression in functional cast [-fpermissive]
In file included from /Network/Servers/bleyl/Volumes/bleyl/vberenz/continuous_integration/compilation/team/workspace/src/catkin/core-perception/fl/test/gaussian_filter/robust_gaussian_filter_test.cpp:28:0:
/Network/Servers/bleyl/Volumes/bleyl/vberenz/continuous_integration/compilation/team/workspace/src/catkin/core-perception/fl/include/fl/filter/gaussian/robust_gaussian_filter.hpp: In member function ‘std::string fl::RobustGaussianFilter<StateTransitionFunction, ObservationFunction, Quadrature, Policies>::description() const [with StateTransitionFunction = int, ObservationFunction = fl::BodyTailObsrvModel<fl::LinearGaussianObservationModel<Eigen::Matrix<double, 1, 1, 0, 1, 1>, Eigen::Matrix<double, 1, 1, 0, 1, 1> >, fl::LinearCauchyObservationModel<Eigen::Matrix<double, 1, 1, 0, 1, 1>, Eigen::Matrix<double, 1, 1, 0, 1, 1> > >, Quadrature = fl::UnscentedQuadrature, Policies = {}, std::string = std::basic_string<char>]’:
/Network/Servers/bleyl/Volumes/bleyl/vberenz/continuous_integration/compilation/team/workspace/src/catkin/core-perception/fl/test/gaussian_filter/robust_gaussian_filter_test.cpp:103:41:   instantiated from here
/Network/Servers/bleyl/Volumes/bleyl/vberenz/continuous_integration/compilation/team/workspace/src/catkin/core-perception/fl/include/fl/filter/gaussian/robust_gaussian_filter.hpp:247:73: error: ‘const BaseGaussianFilter’ has no member named ‘description’
/Network/Servers/bleyl/Volumes/bleyl/vberenz/continuous_integration/compilation/team/workspace/src/catkin/core-perception/fl/include/fl/filter/gaussian/robust_gaussian_filter.hpp:248:5: warning: control reaches end of non-void function [-Wreturn-type]
/Network/Servers/bleyl/Volumes/bleyl/vberenz/continuous_integration/compilation/team/workspace/src/catkin/core-perception/fl/include/fl/filter/gaussian/robust_gaussian_filter.hpp: In member function ‘std::string fl::RobustGaussianFilter<StateTransitionFunction, ObservationFunction, Quadrature, Policies>::name() const [with StateTransitionFunction = int, ObservationFunction = fl::BodyTailObsrvModel<fl::LinearGaussianObservationModel<Eigen::Matrix<double, 1, 1, 0, 1, 1>, Eigen::Matrix<double, 1, 1, 0, 1, 1> >, fl::LinearCauchyObservationModel<Eigen::Matrix<double, 1, 1, 0, 1, 1>, Eigen::Matrix<double, 1, 1, 0, 1, 1> > >, Quadrature = fl::UnscentedQuadrature, Policies = {}, std::string = std::basic_string<char>]’:
/Network/Servers/bleyl/Volumes/bleyl/vberenz/continuous_integration/compilation/team/workspace/src/catkin/core-perception/fl/include/fl/filter/gaussian/robust_gaussian_filter.hpp:242:5: warning: control reaches end of non-void function [-Wreturn-type]
At global scope:
cc1plus: warning: unrecognized command line option "-Wno-deprecated-register" [enabled by default]
cc1plus: warning: unrecognized command line option "-Wno-unused-local-typedefs" [enabled by default]
make[3]: *** [catkin/core-perception/fl/test/CMakeFiles/robust_gaussian_filter_test.dir/gaussian_filter/robust_gaussian_filter_test.cpp.o] Error 1
make[2]: *** [catkin/core-perception/fl/test/CMakeFiles/robust_gaussian_filter_test.dir/all] Error 2
make[1]: *** [CMakeFiles/run_tests.dir/rule] Error 2
make: *** [run_tests] Error 2
Base path: /Network/Servers/bleyl/Volumes/bleyl/vberenz/continuous_integration/compilation/team/workspace
Source space: /Network/Servers/bleyl/Volumes/bleyl/vberenz/continuous_integration/compilation/team/workspace/src
Build space: /Network/Servers/bleyl/Volumes/bleyl/vberenz/continuous_integration/compilation/team/workspace/build
Devel space: /Network/Servers/bleyl/Volumes/bleyl/vberenz/continuous_integration/compilation/team/workspace/devel
Install space: /Network/Servers/bleyl/Volumes/bleyl/vberenz/continuous_integration/compilation/team/workspace/install
####
#### Running command: "make cmake_check_build_system" in "/Network/Servers/bleyl/Volumes/bleyl/vberenz/continuous_integration/compilation/team/workspace/build"
####
Forcing "-j1" for running unit tests.
####
#### Running command: "make -j run_tests -j1" in "/Network/Servers/bleyl/Volumes/bleyl/vberenz/continuous_integration/compilation/team/workspace/build"
####
Invoking "make" failed
