<font style="BACKGROUND-COLOR:#E0EBEB" color="#F0B2B2" size="10">job: <b>test</b> host: <b>amd-clmc-12-04-ci</b> (Ubuntu_12.04_precise) <a href='test_amd-clmc-12-04-ci.p'>.</a></font><br><br><table width=95% border=0><tr><td valign=top><b>BRANCHES:<br></b><table width=70%></table><br><br><b>SUMMARY</b><br><br><table width=95% border=0><tr ><td><b><font color='#7A0000'>FL</font></b></td><td><font color='#145214'>[BUILD OK]</font> <font color='#000080'>[NO DEMOS]</font> <b><font color='#7A0000'>[UNIT TESTS ERRORS]</font></b></td><td><a href='#FL'>details</a></td></tr><tr ><td><b><font color='#7A0000'>AMD_CLMC_DMP</font></b></td><td><b><font color='#7A0000'>[BUILD FAILURE]</font></b> <font color='#000080'>[NO DEMOS]</font> <font color='#000080'>[NO UNIT TESTS]</font></td><td><a href='#AMD_CLMC_DMP'>details</a></td></tr></table><br><br><b>FULL REPORT</b><br><br><table width=95% border=0><tr bgcolor='#E0EBEB'><td><a name='FL'>[.]</a> <b>FL</b></td><td><font color='#145214'>[BUILD OK]</font> <font color='#000080'>[NO DEMOS]</font> <b><font color='#7A0000'>[UNIT TESTS ERRORS]</font></b></td><td><a href='catkin_test_project_38701536.txt'>log</a></td></tr><tr><td colspan=3><table width=100% border=0><tr><td colspan=4><font color='#4D4D4D'>catkin</font>: <font color='#000080'>[no tests]</font><font color='#000080'>[no demos]</font></td></tr></table><table width=100% border=0><tr><td colspan=4>fl: <font color='#7A0000'>[some test failed to execute]</font><font color='#000080'>[no demos]</font></td></tr><tr ><td>&nbsp;&nbsp;&nbsp;&nbsp;</td><td><font color='#7A0000'>unit-tests</font></td><td>error while running unit tests</td><td><a href='catkin_test_catkin_package_38828152_ut_.txt'>log</a></td></tr></table></td></tr><tr><td colspan=3>&nbsp;</td></tr><tr><td colspan=3>&nbsp;</td></tr><tr bgcolor='#E0EBEB'><td><a name='AMD_CLMC_DMP'>[.]</a> <b>AMD_CLMC_DMP</b></td><td><b><font color='#7A0000'>[BUILD FAILURE]</font></b> <font color='#000080'>[NO DEMOS]</font> <font color='#000080'>[NO UNIT TESTS]</font></td><td><a href='catkin_test_project_38846688.txt'>log</a></td></tr><tr><td colspan=3></td></tr><tr><td colspan=3>&nbsp;</td></tr><tr><td colspan=3>&nbsp;</td></tr></table></td><td valign=top><b>CATKIN_PACKAGES</b><br><br><table width=100% border=0><tr><td colspan=4><font color='#4D4D4D'>catkin</font>: <font color='#000080'>[no tests]</font><font color='#000080'>[no demos]</font></td></tr></table><table width=100% border=0><tr><td colspan=4>fl: <font color='#7A0000'>[some test failed to execute]</font><font color='#000080'>[no demos]</font></td></tr><tr ><td>&nbsp;&nbsp;&nbsp;&nbsp;</td><td><font color='#7A0000'>unit-tests</font></td><td>error while running unit tests</td><td><a href='catkin_test_catkin_package_38828152_ut_.txt'>log</a></td></tr></table></td></tr></table>