[  0%] Built target findpath

[  1%] Building CXX object catkin/playful/playful-perception/playful_color_detection/playful_color_detection_libs/CMakeFiles/color_enhance.dir/src/color_enhance.cpp.o

In file included from /home/administrator/ci/ci/team/workspace/src/catkin/playful/playful-perception/playful_color_detection/playful_color_detection_libs/src/color_enhance.cpp:1:0:

/home/administrator/ci/ci/team/workspace/src/catkin/playful/playful-perception/playful_color_detection/playful_color_detection_libs/include/playful_color_detection/color_enhance.h:1:36: fatal error: opencv2/core/utility.hpp: No such file or directory

 #include <opencv2/core/utility.hpp>

                                    ^

compilation terminated.

make[2]: *** [catkin/playful/playful-perception/playful_color_detection/playful_color_detection_libs/CMakeFiles/color_enhance.dir/src/color_enhance.cpp.o] Error 1

make[1]: *** [catkin/playful/playful-perception/playful_color_detection/playful_color_detection_libs/CMakeFiles/color_enhance.dir/all] Error 2

make: *** [all] Error 2

Base path: /home/administrator/ci/ci/team/workspace

Source space: /home/administrator/ci/ci/team/workspace/src

Build space: /home/administrator/ci/ci/team/workspace/build

Devel space: /home/administrator/ci/ci/team/workspace/devel

Install space: /home/administrator/ci/ci/team/workspace/install

####

#### Running command: "make cmake_check_build_system" in "/home/administrator/ci/ci/team/workspace/build"

####

####

#### Running command: "make -j1" in "/home/administrator/ci/ci/team/workspace/build"

####

Invoking "make -j1" failed
