failed to compile unit tests:
WARNING: Catkin package name "Eigen" does not follow the naming conventions. It should start with a lower case letter and only contain lower case letters, digits, and underscores.

-- Using CATKIN_DEVEL_PREFIX: /home/administrator/ci/ci/team/workspace/devel

-- Using CMAKE_PREFIX_PATH: /home/administrator/ci/ci/team/workspace/devel;/opt/ros/indigo

-- This workspace overlays: /home/administrator/ci/ci/team/workspace/devel;/opt/ros/indigo

-- Using PYTHON_EXECUTABLE: /usr/bin/python

-- Python version: 2.7

-- Using Debian Python package layout

-- Using CATKIN_ENABLE_TESTING: ON

-- Call enable_testing()

-- Using CATKIN_TEST_RESULTS_DIR: /home/administrator/ci/ci/team/workspace/build/test_results

-- Found gtest sources under '/usr/src/gtest': gtests will be built

-- catkin 0.5.90

-- BUILD_SHARED_LIBS is on

WARNING: Catkin package name "Eigen" does not follow the naming conventions. It should start with a lower case letter and only contain lower case letters, digits, and underscores.

WARNING: Catkin package name "Eigen" does not follow the naming conventions. It should start with a lower case letter and only contain lower case letters, digits, and underscores.

-- ~~~~~~~~~~~~~~~~~~~~~~~~~~~~~~~~~~~~~~~~~~~~~~~~~

-- ~~  traversing 55 packages in topological order:

-- ~~  - Eigen

-- ~~  - apollo_robot_model

-- ~~  - catkin_gflags

-- ~~  - catkin_glog

-- ~~  - cdlbt

-- ~~  - can_control_tools

-- ~~  - conversions

-- ~~  - fl

-- ~~  - dbot

-- ~~  - launch_xtion

-- ~~  - object_meshes

-- ~~  - py_cpp_interface

-- ~~  - qp_oases

-- ~~  - quadprog

-- ~~  - ros_realtime (metapackage)

-- ~~  - allocators

-- ~~  - rosatomic

-- ~~  - lockfree

-- ~~  - rt_timer

-- ~~  - start_robot

-- ~~  - amd_clmc_ros_messages

-- ~~  - ar_track_alvar_msgs

-- ~~  - custom_robot_msgs

-- ~~  - dbot_ros_msgs

-- ~~  - riemo_grasping_msgs

-- ~~  - utilities

-- ~~  - lwpr

-- ~~  - vrpn_vicon_minimum

-- ~~  - vrpn_vicon_objs_tracker

-- ~~  - xenomai_ros

-- ~~  - constrained_inverse_kinematics_msgs

-- ~~  - roscpp_utilities

-- ~~  - rosrt

-- ~~  - ros_rt_test

-- ~~  - sl

-- ~~  - apollo

-- ~~  - apollo_test_task

-- ~~  - sl_ros_servo

-- ~~  - dbot_ros

-- ~~  - python_ros_utils

-- ~~  - table_object_finder

-- ~~  - ros_servo_apollo

-- ~~  - usc_utilities

-- ~~  - learnable_cost_function

-- ~~  - robot_info

-- ~~  - jacobian_utilities

-- ~~  - vicon_bridge

-- ~~  - pole_angle_estimator_vicon

-- ~~  - vicon_core

-- ~~  - vicon_subscriber

-- ~~  - yaml_cpp

-- ~~  - facial_expressions

-- ~~  - pole_balancing_apollo

-- ~~  - apollo_user

-- ~~  - kinect_pole_balancing

-- ~~~~~~~~~~~~~~~~~~~~~~~~~~~~~~~~~~~~~~~~~~~~~~~~~

-- +++ processing catkin package: 'Eigen'

-- ==> add_subdirectory(catkin/third_party/Eigen)

WARNING: Catkin package name "Eigen" does not follow the naming conventions. It should start with a lower case letter and only contain lower case letters, digits, and underscores.

-- +++ processing catkin package: 'apollo_robot_model'

-- ==> add_subdirectory(catkin/robots/apollo_robot_model)

-- +++ processing catkin package: 'catkin_gflags'

-- ==> add_subdirectory(catkin/third_party/catkin-gflags)

-- Found gflags  (include: /usr/include, library: /usr/lib/x86_64-linux-gnu/libgflags.so)

-- +++ processing catkin package: 'catkin_glog'

-- ==> add_subdirectory(catkin/third_party/catkin-glog)

-- Found glog    (include: /usr/include, library: /usr/lib/x86_64-linux-gnu/libglog.so)

-- +++ processing catkin package: 'cdlbt'

-- ==> add_subdirectory(catkin/ros/barrett-ros/cdlbt)

-- MACHTYPE x86_64

Detected MACHTYPE=x86_64

CMake Warning at cmake/sl_cmake_global/LAB.cmake:181 (message):

  HERMES HOSTS SET TO ATHENA-ROBOT IN SRC/CMAKE/SL_CMAKE_GLOBAL/LAB.CMAKE

Call Stack (most recent call first):

  catkin/ros/barrett-ros/cdlbt/CMakeLists.txt:8 (include)





-- HOST_NAME=everest

-- HOST=everest

-- LAB=AMD

-- CMAKE_C_FLAGS=-Wall -Wno-unused -Wno-strict-aliasing 

-- CMAKE_CPP_FLAGS=-Wall -Wno-unused -Wno-strict-aliasing 

-- CMAKE_INCLUDE_PATH=

-- CMAKE_LIBRARY_PATH=

-- LAB_STD_LIBS=pthread;rt;edit;curses;nsl;glut;GL;GLU;X11;Xmu;m

-- LAB_LIBDIR=lib/x86_64

-- LAB_INCLUDES=include

-- LAB_BINDIR=bin/x86_64

-- +++ processing catkin package: 'can_control_tools'

-- ==> add_subdirectory(catkin/ros/barrett-ros/canControlTools)

-- MACHTYPE x86_64

Detected MACHTYPE=x86_64

CMake Warning at cmake/sl_cmake_global/LAB.cmake:181 (message):

  HERMES HOSTS SET TO ATHENA-ROBOT IN SRC/CMAKE/SL_CMAKE_GLOBAL/LAB.CMAKE

Call Stack (most recent call first):

  catkin/ros/barrett-ros/canControlTools/CMakeLists.txt:8 (include)





-- HOST_NAME=everest

-- HOST=everest

-- LAB=AMD

-- CMAKE_C_FLAGS=-Wall -Wno-unused -Wno-strict-aliasing 

-- CMAKE_CPP_FLAGS=-Wall -Wno-unused -Wno-strict-aliasing 

-- CMAKE_INCLUDE_PATH=

-- CMAKE_LIBRARY_PATH=

-- LAB_STD_LIBS=pthread;rt;edit;curses;nsl;glut;GL;GLU;X11;Xmu;m

-- LAB_LIBDIR=lib/x86_64

-- LAB_INCLUDES=include

-- LAB_BINDIR=bin/x86_64

-- Boost version: 1.54.0

-- Found the following Boost libraries:

--   thread

-- +++ processing catkin package: 'conversions'

-- ==> add_subdirectory(catkin/ros/usc-clmc-catkin-pkg/usc_utils/conversions)

-- +++ processing catkin package: 'fl'

-- ==> add_subdirectory(catkin/core-perception/fl)

-- Eigen found (include: /usr/include/eigen3)

-- Boost version: 1.54.0

-- +++ processing catkin package: 'dbot'

-- ==> add_subdirectory(catkin/core-perception/dbot)

-- Eigen found (include: /usr/include/eigen3)

-- Boost version: 1.54.0

-- Found the following Boost libraries:

--   system

--   filesystem

-- Found CUDA version 8.0

-- Using catkin

-- +++ processing catkin package: 'launch_xtion'

-- ==> add_subdirectory(catkin/ros/launch_xtion)

-- +++ processing catkin package: 'object_meshes'

-- ==> add_subdirectory(catkin/ros/object_meshes)

-- +++ processing catkin package: 'py_cpp_interface'

-- ==> add_subdirectory(catkin/utils/py_cpp_interface)

-- Boost version: 1.54.0

-- Found the following Boost libraries:

--   system

--   thread

--   python

-- PYTHON_BIN_LOCATION: /usr/bin/python



-- +++ processing catkin package: 'qp_oases'

-- ==> add_subdirectory(catkin/third_party/qp_oases)

-- +++ processing catkin package: 'quadprog'

-- ==> add_subdirectory(catkin/ros/usc-clmc-catkin-pkg/usc_utils/quadprog)

-- +++ processing catkin metapackage: 'ros_realtime'

-- ==> add_subdirectory(catkin/ros/ros_realtime/ros_realtime)

-- +++ processing catkin package: 'allocators'

-- ==> add_subdirectory(catkin/ros/ros_realtime/allocators)

-- Boost version: 1.54.0

-- +++ processing catkin package: 'rosatomic'

-- ==> add_subdirectory(catkin/ros/ros_realtime/rosatomic)

-- Boost version: 1.54.0

-- +++ processing catkin package: 'lockfree'

-- ==> add_subdirectory(catkin/ros/ros_realtime/lockfree)

-- Boost version: 1.54.0

-- +++ processing catkin package: 'rt_timer'

-- ==> add_subdirectory(catkin/ros/ros_realtime/rt_timer)

-- +++ processing catkin package: 'start_robot'

-- ==> add_subdirectory(catkin/robots/start_robot)

-- +++ processing catkin package: 'amd_clmc_ros_messages'

-- ==> add_subdirectory(catkin/ros/amd_clmc_ros_messages/amd_clmc_ros_messages)

-- Using these message generators: gencpp;genlisp;genpy

-- amd_clmc_ros_messages: 107 messages, 10 services

-- +++ processing catkin package: 'ar_track_alvar_msgs'

-- ==> add_subdirectory(catkin/ros/amd_clmc_ros_messages/ar_track_alvar_msgs)

-- Using these message generators: gencpp;genlisp;genpy

-- ar_track_alvar_msgs: 2 messages, 0 services

-- +++ processing catkin package: 'custom_robot_msgs'

-- ==> add_subdirectory(catkin/ros/amd_clmc_ros_messages/custom_robot_msgs)

-- Using these message generators: gencpp;genlisp;genpy

-- custom_robot_msgs: 1 messages, 1 services

-- +++ processing catkin package: 'dbot_ros_msgs'

-- ==> add_subdirectory(catkin/ros/dbot_ros_msgs)

-- Using these message generators: gencpp;genlisp;genpy

-- dbot_ros_msgs: 3 messages, 3 services

-- +++ processing catkin package: 'riemo_grasping_msgs'

-- ==> add_subdirectory(catkin/ros/amd_clmc_ros_messages/riemo_grasping_msgs)

-- Using these message generators: gencpp;genlisp;genpy

-- riemo_grasping_msgs: 5 messages, 3 services

-- +++ processing catkin package: 'utilities'

-- ==> add_subdirectory(catkin/core-sl/catkin-utilities)

-- MACHTYPE x86_64

Detected MACHTYPE=x86_64

CMake Warning at cmake/sl_cmake_global/LAB.cmake:181 (message):

  HERMES HOSTS SET TO ATHENA-ROBOT IN SRC/CMAKE/SL_CMAKE_GLOBAL/LAB.CMAKE

Call Stack (most recent call first):

  catkin/core-sl/catkin-utilities/CMakeLists.txt:8 (include)





-- HOST_NAME=everest

-- HOST=everest

-- LAB=AMD

-- CMAKE_C_FLAGS=-Wall -Wno-unused -Wno-strict-aliasing 

-- CMAKE_CPP_FLAGS=-Wall -Wno-unused -Wno-strict-aliasing 

-- CMAKE_INCLUDE_PATH=

-- CMAKE_LIBRARY_PATH=

-- LAB_STD_LIBS=pthread;rt;edit;curses;nsl;glut;GL;GLU;X11;Xmu;m

-- LAB_LIBDIR=lib/x86_64

-- LAB_INCLUDES=include

-- LAB_BINDIR=bin/x86_64

-- +++ processing catkin package: 'lwpr'

-- ==> add_subdirectory(catkin/core-sl/catkin-lwpr)

-- MACHTYPE x86_64

Detected MACHTYPE=x86_64

CMake Warning at cmake/sl_cmake_global/LAB.cmake:181 (message):

  HERMES HOSTS SET TO ATHENA-ROBOT IN SRC/CMAKE/SL_CMAKE_GLOBAL/LAB.CMAKE

Call Stack (most recent call first):

  catkin/core-sl/catkin-lwpr/CMakeLists.txt:5 (include)





-- HOST_NAME=everest

-- HOST=everest

-- LAB=AMD

-- CMAKE_C_FLAGS=-Wall -Wno-unused -Wno-strict-aliasing 

-- CMAKE_CPP_FLAGS=-Wall -Wno-unused -Wno-strict-aliasing 

-- CMAKE_INCLUDE_PATH=

-- CMAKE_LIBRARY_PATH=

-- LAB_STD_LIBS=pthread;rt;edit;curses;nsl;glut;GL;GLU;X11;Xmu;m

-- LAB_LIBDIR=lib/x86_64

-- LAB_INCLUDES=include

-- LAB_BINDIR=bin/x86_64

-- +++ processing catkin package: 'vrpn_vicon_minimum'

-- ==> add_subdirectory(catkin/perception/vrpn_vicon_minimum)

-- +++ processing catkin package: 'vrpn_vicon_objs_tracker'

-- ==> add_subdirectory(catkin/perception/vrpn_vicon_objs_tracker)

-- +++ processing catkin package: 'xenomai_ros'

-- ==> add_subdirectory(catkin/ros/xenomai-ros)

-- +++ processing catkin package: 'constrained_inverse_kinematics_msgs'

-- ==> add_subdirectory(catkin/ros/usc-clmc-catkin-pkg/planning/constrained_inverse_kinematics_msgs)

-- Using these message generators: gencpp;genlisp;genpy

-- constrained_inverse_kinematics_msgs: 1 messages, 0 services

-- +++ processing catkin package: 'roscpp_utilities'

-- ==> add_subdirectory(catkin/ros/roscpp_utilities)

-- +++ processing catkin package: 'rosrt'

-- ==> add_subdirectory(catkin/ros/ros_realtime/rosrt)

-- xenomai NOT found. (/usr/local;/usr)

-- Could NOT find Xenomai (missing:  Xenomai_ROOT_DIR Xenomai_LIBRARY_NATIVE Xenomai_LIBRARY_XENOMAI Xenomai_LIBRARY_PTHREAD_RT Xenomai_LIBRARY_RTDM Xenomai_VERSION Xenomai_LIBRARY_RTDK) 

-- Boost version: 1.54.0

-- Found the following Boost libraries:

--   thread

-- +++ processing catkin package: 'ros_rt_test'

-- ==> add_subdirectory(catkin/ros/ros_rt_basic_example)

-- xenomai NOT found. (/usr/local;/usr)

-- Could NOT find Xenomai (missing:  Xenomai_ROOT_DIR Xenomai_LIBRARY_NATIVE Xenomai_LIBRARY_XENOMAI Xenomai_LIBRARY_PTHREAD_RT Xenomai_LIBRARY_RTDM Xenomai_VERSION Xenomai_LIBRARY_RTDK) 

-- +++ processing catkin package: 'sl'

-- ==> add_subdirectory(catkin/core-sl/catkin-sl)

-- MACHTYPE x86_64

Detected MACHTYPE=x86_64

CMake Warning at cmake/sl_cmake_global/LAB.cmake:181 (message):

  HERMES HOSTS SET TO ATHENA-ROBOT IN SRC/CMAKE/SL_CMAKE_GLOBAL/LAB.CMAKE

Call Stack (most recent call first):

  catkin/core-sl/catkin-sl/CMakeLists.txt:8 (include)





-- HOST_NAME=everest

-- HOST=everest

-- LAB=AMD

-- CMAKE_C_FLAGS=-Wall -Wno-unused -Wno-strict-aliasing 

-- CMAKE_CPP_FLAGS=-Wall -Wno-unused -Wno-strict-aliasing 

-- CMAKE_INCLUDE_PATH=

-- CMAKE_LIBRARY_PATH=

-- LAB_STD_LIBS=pthread;rt;edit;curses;nsl;glut;GL;GLU;X11;Xmu;m

-- LAB_LIBDIR=lib/x86_64

-- LAB_INCLUDES=include

-- LAB_BINDIR=bin/x86_64

-- +++ processing catkin package: 'apollo'

-- ==> add_subdirectory(catkin/robots/catkin-apollo)

-- MACHTYPE x86_64

Detected MACHTYPE=x86_64

CMake Warning at cmake/sl_cmake_global/LAB.cmake:181 (message):

  HERMES HOSTS SET TO ATHENA-ROBOT IN SRC/CMAKE/SL_CMAKE_GLOBAL/LAB.CMAKE

Call Stack (most recent call first):

  catkin/robots/catkin-apollo/CMakeLists.txt:9 (include)





-- HOST_NAME=everest

-- HOST=everest

-- LAB=AMD

-- CMAKE_C_FLAGS=-Wall -Wno-unused -Wno-strict-aliasing 

-- CMAKE_CPP_FLAGS=-Wall -Wno-unused -Wno-strict-aliasing 

-- CMAKE_INCLUDE_PATH=

-- CMAKE_LIBRARY_PATH=

-- LAB_STD_LIBS=pthread;rt;edit;curses;nsl;glut;GL;GLU;X11;Xmu;m

-- LAB_LIBDIR=lib/x86_64

-- LAB_INCLUDES=include

-- LAB_BINDIR=bin/x86_64

-- +++ processing catkin package: 'apollo_test_task'

-- ==> add_subdirectory(catkin/robots/catkin-sl-apollo-task-example)

-- MACHTYPE x86_64

Detected MACHTYPE=x86_64

CMake Warning at cmake/sl_cmake_global/LAB.cmake:181 (message):

  HERMES HOSTS SET TO ATHENA-ROBOT IN SRC/CMAKE/SL_CMAKE_GLOBAL/LAB.CMAKE

Call Stack (most recent call first):

  catkin/robots/catkin-sl-apollo-task-example/CMakeLists.txt:8 (include)





-- HOST_NAME=everest

-- HOST=everest

-- LAB=AMD

-- CMAKE_C_FLAGS=-Wall -Wno-unused -Wno-strict-aliasing 

-- CMAKE_CPP_FLAGS=-Wall -Wno-unused -Wno-strict-aliasing 

-- CMAKE_INCLUDE_PATH=

-- CMAKE_LIBRARY_PATH=

-- LAB_STD_LIBS=pthread;rt;edit;curses;nsl;glut;GL;GLU;X11;Xmu;m

-- LAB_LIBDIR=lib/x86_64

-- LAB_INCLUDES=include

-- LAB_BINDIR=bin/x86_64

-- +++ processing catkin package: 'sl_ros_servo'

-- ==> add_subdirectory(catkin/ros/sl_ros_servo)

-- MACHTYPE x86_64

Detected MACHTYPE=x86_64

CMake Warning at cmake/sl_cmake_global/LAB.cmake:181 (message):

  HERMES HOSTS SET TO ATHENA-ROBOT IN SRC/CMAKE/SL_CMAKE_GLOBAL/LAB.CMAKE

Call Stack (most recent call first):

  catkin/ros/sl_ros_servo/CMakeLists.txt:5 (include)





-- HOST_NAME=everest

-- HOST=everest

-- LAB=AMD

-- CMAKE_C_FLAGS=-Wall -Wno-unused -Wno-strict-aliasing 

-- CMAKE_CPP_FLAGS=-Wall -Wno-unused -Wno-strict-aliasing 

-- CMAKE_INCLUDE_PATH=

-- CMAKE_LIBRARY_PATH=

-- LAB_STD_LIBS=pthread;rt;edit;curses;nsl;glut;GL;GLU;X11;Xmu;m

-- LAB_LIBDIR=lib/x86_64

-- LAB_INCLUDES=include

-- LAB_BINDIR=bin/x86_64

-- +++ processing catkin package: 'dbot_ros'

-- ==> add_subdirectory(catkin/ros/dbot_ros)

-- Using these message generators: gencpp;genlisp;genpy

-- Boost version: 1.54.0

-- Eigen found (include: /usr/include/eigen3)

-- +++ processing catkin package: 'python_ros_utils'

-- ==> add_subdirectory(catkin/ros/usc-clmc-catkin-pkg/usc_utils/python_ros_utils)

-- Using these message generators: gencpp;genlisp;genpy

-- +++ processing catkin package: 'table_object_finder'

-- ==> add_subdirectory(catkin/ros/table_object_finder)

-- Using these message generators: gencpp;genlisp;genpy

-- Boost version: 1.54.0

-- Eigen found (include: /usr/include/eigen3)

-- Boost version: 1.54.0

-- Found the following Boost libraries:

--   system

--   filesystem

--   thread

--   date_time

--   iostreams

--   serialization

--   chrono

-- checking for module 'openni-dev'

--   package 'openni-dev' not found

-- checking for module 'openni2-dev'

--   package 'openni2-dev' not found

** WARNING ** io features related to pcap will be disabled

** WARNING ** io features related to png will be disabled

-- checking for module 'openni-dev'

--   package 'openni-dev' not found

-- checking for module 'openni2-dev'

--   package 'openni2-dev' not found

-- looking for PCL_COMMON

-- looking for PCL_KDTREE

-- looking for PCL_OCTREE

-- looking for PCL_SEARCH

-- looking for PCL_SURFACE

-- looking for PCL_SAMPLE_CONSENSUS

-- looking for PCL_FILTERS

-- looking for PCL_FEATURES

-- looking for PCL_KEYPOINTS

-- looking for PCL_GEOMETRY

-- looking for PCL_IO

-- looking for PCL_VISUALIZATION

-- looking for PCL_SEGMENTATION

-- looking for PCL_PEOPLE

-- looking for PCL_REGISTRATION

-- looking for PCL_RECOGNITION

-- looking for PCL_OUTOFCORE

-- looking for PCL_TRACKING

-- +++ processing catkin package: 'ros_servo_apollo'

-- ==> add_subdirectory(catkin/ros/ros_servo_apollo)

-- MACHTYPE x86_64

Detected MACHTYPE=x86_64

CMake Warning at cmake/sl_cmake_global/LAB.cmake:181 (message):

  HERMES HOSTS SET TO ATHENA-ROBOT IN SRC/CMAKE/SL_CMAKE_GLOBAL/LAB.CMAKE

Call Stack (most recent call first):

  catkin/ros/ros_servo_apollo/CMakeLists.txt:5 (include)





-- HOST_NAME=everest

-- HOST=everest

-- LAB=AMD

-- CMAKE_C_FLAGS=-Wall -Wno-unused -Wno-strict-aliasing 

-- CMAKE_CPP_FLAGS=-Wall -Wno-unused -Wno-strict-aliasing 

-- CMAKE_INCLUDE_PATH=

-- CMAKE_LIBRARY_PATH=

-- LAB_STD_LIBS=pthread;rt;edit;curses;nsl;glut;GL;GLU;X11;Xmu;m

-- LAB_LIBDIR=lib/x86_64

-- LAB_INCLUDES=include

-- LAB_BINDIR=bin/x86_64

-- Using these message generators: gencpp;genlisp;genpy

-- +++ processing catkin package: 'usc_utilities'

-- ==> add_subdirectory(catkin/ros/usc-clmc-catkin-pkg/usc_utils/usc_utilities)

-- Using these message generators: gencpp;genlisp;genpy

-- usc_utilities: 1 messages, 0 services

-- +++ processing catkin package: 'learnable_cost_function'

-- ==> add_subdirectory(catkin/ros/usc-clmc-catkin-pkg/planning/learnable_cost_function)

-- +++ processing catkin package: 'robot_info'

-- ==> add_subdirectory(catkin/ros/usc-clmc-catkin-pkg/usc_utils/robot_info)

-- +++ processing catkin package: 'jacobian_utilities'

-- ==> add_subdirectory(catkin/ros/usc-clmc-catkin-pkg/usc_utils/jacobian_utilities)

-- +++ processing catkin package: 'vicon_bridge'

-- ==> add_subdirectory(catkin/perception/vicon_bridge)

-- Using these message generators: gencpp;genlisp;genpy

-- Boost version: 1.54.0

-- Found the following Boost libraries:

--   thread

-- vicon_bridge: 3 messages, 2 services

-- +++ processing catkin package: 'pole_angle_estimator_vicon'

-- ==> add_subdirectory(catkin/pole_balancing/pole_angle_estimator_vicon)

-- +++ processing catkin package: 'vicon_core'

-- ==> add_subdirectory(catkin/sensors/vicon-core)

-- MACHTYPE x86_64

Detected MACHTYPE=x86_64

CMake Warning at cmake/sl_cmake_global/LAB.cmake:181 (message):

  HERMES HOSTS SET TO ATHENA-ROBOT IN SRC/CMAKE/SL_CMAKE_GLOBAL/LAB.CMAKE

Call Stack (most recent call first):

  catkin/sensors/vicon-core/CMakeLists.txt:8 (include)





-- HOST_NAME=everest

-- HOST=everest

-- LAB=AMD

-- CMAKE_C_FLAGS=-Wall -Wno-unused -Wno-strict-aliasing 

-- CMAKE_CPP_FLAGS=-Wall -Wno-unused -Wno-strict-aliasing 

-- CMAKE_INCLUDE_PATH=

-- CMAKE_LIBRARY_PATH=

-- LAB_STD_LIBS=pthread;rt;edit;curses;nsl;glut;GL;GLU;X11;Xmu;m

-- LAB_LIBDIR=lib/x86_64

-- LAB_INCLUDES=include

-- LAB_BINDIR=bin/x86_64

-- xenomai NOT found. (/usr/local;/usr)

-- Could NOT find Xenomai (missing:  Xenomai_ROOT_DIR Xenomai_LIBRARY_NATIVE Xenomai_LIBRARY_XENOMAI Xenomai_LIBRARY_PTHREAD_RT Xenomai_LIBRARY_RTDM Xenomai_VERSION Xenomai_LIBRARY_RTDK) 

-- Using these message generators: gencpp;genlisp;genpy

-- +++ processing catkin package: 'vicon_subscriber'

-- ==> add_subdirectory(catkin/perception/vicon_subscriber)

-- Boost version: 1.54.0

-- +++ processing catkin package: 'yaml_cpp'

-- ==> add_subdirectory(catkin/third_party/YAML_CPP)

-- Boost version: 1.54.0

-- +++ processing catkin package: 'facial_expressions'

-- ==> add_subdirectory(catkin/emotions/facial_expressions)

-- MACHTYPE x86_64

Detected MACHTYPE=x86_64

CMake Warning at cmake/sl_cmake_global/LAB.cmake:181 (message):

  HERMES HOSTS SET TO ATHENA-ROBOT IN SRC/CMAKE/SL_CMAKE_GLOBAL/LAB.CMAKE

Call Stack (most recent call first):

  catkin/emotions/facial_expressions/CMakeLists.txt:6 (include)





-- HOST_NAME=everest

-- HOST=everest

-- LAB=AMD

-- CMAKE_C_FLAGS=-Wall -Wno-unused -Wno-strict-aliasing 

-- CMAKE_CPP_FLAGS=-Wall -Wno-unused -Wno-strict-aliasing 

-- CMAKE_INCLUDE_PATH=

-- CMAKE_LIBRARY_PATH=

-- LAB_STD_LIBS=pthread;rt;edit;curses;nsl;glut;GL;GLU;X11;Xmu;m

-- LAB_LIBDIR=lib/x86_64

-- LAB_INCLUDES=include

-- LAB_BINDIR=bin/x86_64

-- Using these message generators: gencpp;genlisp;genpy

-- facial_expressions: 0 messages, 1 services

-- +++ processing catkin package: 'pole_balancing_apollo'

-- ==> add_subdirectory(catkin/pole_balancing/pole_balancing_apollo)

-- MACHTYPE x86_64

Detected MACHTYPE=x86_64

CMake Warning at cmake/sl_cmake_global/LAB.cmake:181 (message):

  HERMES HOSTS SET TO ATHENA-ROBOT IN SRC/CMAKE/SL_CMAKE_GLOBAL/LAB.CMAKE

Call Stack (most recent call first):

  catkin/pole_balancing/pole_balancing_apollo/CMakeLists.txt:10 (include)





-- HOST_NAME=everest

-- HOST=everest

-- LAB=AMD

-- CMAKE_C_FLAGS=-Wall -Wno-unused -Wno-strict-aliasing 

-- CMAKE_CPP_FLAGS=-Wall -Wno-unused -Wno-strict-aliasing 

-- CMAKE_INCLUDE_PATH=

-- CMAKE_LIBRARY_PATH=

-- LAB_STD_LIBS=pthread;rt;edit;curses;nsl;glut;GL;GLU;X11;Xmu;m

-- LAB_LIBDIR=lib/x86_64

-- LAB_INCLUDES=include

-- LAB_BINDIR=bin/x86_64

-- xenomai NOT found. (/usr/local;/usr)

-- Could NOT find Xenomai (missing:  Xenomai_ROOT_DIR Xenomai_LIBRARY_NATIVE Xenomai_LIBRARY_XENOMAI Xenomai_LIBRARY_PTHREAD_RT Xenomai_LIBRARY_RTDM Xenomai_VERSION Xenomai_LIBRARY_RTDK) 

-- Using these message generators: gencpp;genlisp;genpy

-- +++ processing catkin package: 'apollo_user'

-- ==> add_subdirectory(catkin/robots/catkin-apolloUser)

-- MACHTYPE x86_64

Detected MACHTYPE=x86_64

CMake Warning at cmake/sl_cmake_global/LAB.cmake:181 (message):

  HERMES HOSTS SET TO ATHENA-ROBOT IN SRC/CMAKE/SL_CMAKE_GLOBAL/LAB.CMAKE

Call Stack (most recent call first):

  catkin/robots/catkin-apolloUser/CMakeLists.txt:8 (include)





-- HOST_NAME=everest

-- HOST=everest

-- LAB=AMD

-- CMAKE_C_FLAGS=-Wall -Wno-unused -Wno-strict-aliasing 

-- CMAKE_CPP_FLAGS=-Wall -Wno-unused -Wno-strict-aliasing 

-- CMAKE_INCLUDE_PATH=

-- CMAKE_LIBRARY_PATH=

-- LAB_STD_LIBS=pthread;rt;edit;curses;nsl;glut;GL;GLU;X11;Xmu;m

-- LAB_LIBDIR=lib/x86_64

-- LAB_INCLUDES=include

-- LAB_BINDIR=bin/x86_64

-- xenomai NOT found. (/usr/local;/usr)

-- Could NOT find Xenomai (missing:  Xenomai_ROOT_DIR Xenomai_LIBRARY_NATIVE Xenomai_LIBRARY_XENOMAI Xenomai_LIBRARY_PTHREAD_RT Xenomai_LIBRARY_RTDM Xenomai_VERSION Xenomai_LIBRARY_RTDK) 

-- +++ processing catkin package: 'kinect_pole_balancing'

-- ==> add_subdirectory(catkin/ros/kinect_pole_balancing)

-- Using these message generators: gencpp;genlisp;genpy

-- Boost version: 1.54.0

-- kinect_pole_balancing: 1 messages, 0 services

-- Configuring done

-- Generating done

-- Build files have been written to: /home/administrator/ci/ci/team/workspace/build

Scanning dependencies of target gtest

[  0%] [  0%] Built target lockfree

[ 22%] Building CXX object gtest/CMakeFiles/gtest.dir/src/gtest-all.cc.o

Built target yaml-cpp

[ 22%] Built target vicon_subscriber

Linking CXX shared library /home/administrator/ci/ci/team/workspace/devel/lib/libdbot_gpu.so

[ 27%] Built target rosrt

[ 38%] Built target dbot

[ 38%] Built target feedback_control

[ 38%] Built target dbot_gpu

Linking CXX shared library libgtest.so

[ 38%] Built target gtest

Scanning dependencies of target gtest_main

[ 38%] Building CXX object gtest/CMakeFiles/gtest_main.dir/src/gtest_main.cc.o

Linking CXX shared library libgtest_main.so

[ 38%] Built target gtest_main

Scanning dependencies of target descriptor_test

Scanning dependencies of target options_test

[ 44%] Scanning dependencies of target scalar_matrix_test

Scanning dependencies of target meta_test

[ 44%] [ 44%] [ 44%] Building CXX object catkin/core-perception/fl/test/CMakeFiles/options_test.dir/utils/options_test.cpp.o

Scanning dependencies of target traits_test

Building CXX object catkin/core-perception/fl/test/CMakeFiles/descriptor_test.dir/utils/descriptor_test.cpp.o

Building CXX object catkin/core-perception/fl/test/CMakeFiles/meta_test.dir/utils/meta_test.cpp.o

Scanning dependencies of target la_is_diagonal_test

Scanning dependencies of target la_square_root_test

Scanning dependencies of target la_smw_inversion_test

Scanning dependencies of target join_test

Scanning dependencies of target pole_balancing_ut

Building CXX object catkin/core-perception/fl/test/CMakeFiles/scalar_matrix_test.dir/utils/scalar_matrix_test.cpp.o

Scanning dependencies of target linear_uncorrelated_gaussian_sensor_test

Scanning dependencies of target linear_gaussian_sensor_test

[ 44%] Scanning dependencies of target linear_transition_test

Scanning dependencies of target body_tail_sensor_test

Building CXX object catkin/core-perception/fl/test/CMakeFiles/traits_test.dir/utils/traits_test.cpp.o

Scanning dependencies of target sp_normal_to_uniform_test

[ 44%] Scanning dependencies of target joint_sensor_iid_test

[ 44%] [ 44%] [ 44%] [ 44%] [ 44%] Building CXX object catkin/core-perception/fl/test/CMakeFiles/la_is_diagonal_test.dir/utils/linear_algebra_is_diagonal_test.cpp.o

[ 44%] Building CXX object catkin/core-perception/fl/test/CMakeFiles/linear_uncorrelated_gaussian_sensor_test.dir/model/sensor/linear_uncorrelated_gaussian_sensor_test.cpp.o

[ 44%] [ 50%] [ 50%] Building CXX object catkin/core-perception/fl/test/CMakeFiles/join_test.dir/utils/join_test.cpp.o

Building CXX object catkin/core-perception/fl/test/CMakeFiles/la_square_root_test.dir/utils/linear_algebra_square_root_test.cpp.o

Building CXX object catkin/core-perception/fl/test/CMakeFiles/linear_transition_test.dir/model/transition/linear_transition_test.cpp.o

Building CXX object catkin/core-perception/fl/test/CMakeFiles/body_tail_sensor_test.dir/model/sensor/body_tail_sensor_test.cpp.o

Building CXX object catkin/core-perception/fl/test/CMakeFiles/sp_normal_to_uniform_test.dir/utils/special_functions_normal_to_uniform_test.cpp.o

Building CXX object catkin/core-perception/fl/test/CMakeFiles/la_smw_inversion_test.dir/utils/linear_algebra_smw_inversion_test.cpp.o

Building CXX object catkin/core-perception/fl/test/CMakeFiles/linear_gaussian_sensor_test.dir/model/sensor/linear_gaussian_sensor_test.cpp.o

[ 50%] Building CXX object catkin/pole_balancing/pole_balancing_apollo/CMakeFiles/pole_balancing_ut.dir/tests/main_test.cpp.o

Building CXX object catkin/core-perception/fl/test/CMakeFiles/joint_sensor_iid_test.dir/model/sensor/joint_sensor_iid_test.cpp.o

[ 50%] Building CXX object catkin/pole_balancing/pole_balancing_apollo/CMakeFiles/pole_balancing_ut.dir/tests/test_feedback_control.cpp.o

Linking CXX executable /home/administrator/ci/ci/team/workspace/devel/lib/fl/descriptor_test

Linking CXX executable /home/administrator/ci/ci/team/workspace/devel/lib/fl/options_test

[ 50%] [ 50%] Built target options_test

Built target descriptor_test

Scanning dependencies of target orientation_transition_function_test

Scanning dependencies of target binary_transition_density_test

[ 50%] Building CXX object catkin/core-perception/fl/test/CMakeFiles/orientation_transition_function_test.dir/model/transition/orientation_transition_function_test.cpp.o

[ 50%] Building CXX object catkin/core-perception/fl/test/CMakeFiles/binary_transition_density_test.dir/model/binary_transition_density_test.cpp.o

Linking CXX executable /home/administrator/ci/ci/team/workspace/devel/lib/fl/sp_normal_to_uniform_test

Linking CXX executable /home/administrator/ci/ci/team/workspace/devel/lib/fl/join_test

[ 50%] Built target sp_normal_to_uniform_test

[ 50%] Building CXX object catkin/pole_balancing/pole_balancing_apollo/CMakeFiles/pole_balancing_ut.dir/src/parameters.cpp.o

Linking CXX executable /home/administrator/ci/ci/team/workspace/devel/lib/fl/traits_test

[ 50%] Built target join_test

Scanning dependencies of target filter_interface_test

Linking CXX executable /home/administrator/ci/ci/team/workspace/devel/lib/fl/meta_test

[ 50%] Building CXX object catkin/core-perception/fl/test/CMakeFiles/filter_interface_test.dir/filter_interface/filter_interface_test.cpp.o

[ 50%] Built target traits_test

[ 50%] Built target meta_test

Scanning dependencies of target gaussian_distribution_test

[ 50%] Scanning dependencies of target decorrelated_gaussian_distribution_test

Building CXX object catkin/core-perception/fl/test/CMakeFiles/gaussian_distribution_test.dir/distribution/gaussian_test.cpp.o

[ 50%] Building CXX object catkin/core-perception/fl/test/CMakeFiles/decorrelated_gaussian_distribution_test.dir/distribution/decorrelated_gaussian_test.cpp.o

Linking CXX executable /home/administrator/ci/ci/team/workspace/devel/lib/fl/scalar_matrix_test

[ 50%] Built target scalar_matrix_test

Scanning dependencies of target discrete_distribution_test

[ 50%] Building CXX object catkin/core-perception/fl/test/CMakeFiles/discrete_distribution_test.dir/distribution/discrete_distribution_test.cpp.o

Linking CXX executable /home/administrator/ci/ci/team/workspace/devel/lib/fl/la_is_diagonal_test

Linking CXX executable /home/administrator/ci/ci/team/workspace/devel/lib/fl/orientation_transition_function_test

[ 50%] Built target la_is_diagonal_test

Linking CXX executable /home/administrator/ci/ci/team/workspace/devel/lib/fl/binary_transition_density_test

Scanning dependencies of target chi_squared_distribution_test

[ 50%] Building CXX object catkin/core-perception/fl/test/CMakeFiles/chi_squared_distribution_test.dir/distribution/chi_squared_distribution_test.cpp.o

[ 50%] [ 50%] Built target binary_transition_density_test

Built target orientation_transition_function_test

[ 50%] Building CXX object catkin/pole_balancing/pole_balancing_apollo/CMakeFiles/pole_balancing_ut.dir/tests/test_parameters.cpp.o

Scanning dependencies of target t_distribution_test

[ 50%] Building CXX object catkin/core-perception/fl/test/CMakeFiles/t_distribution_test.dir/distribution/t_distribution_test.cpp.o

Scanning dependencies of target exception_test

[ 50%] Building CXX object catkin/core-perception/fl/test/CMakeFiles/exception_test.dir/exception/exception_test.cpp.o

Linking CXX executable /home/administrator/ci/ci/team/workspace/devel/lib/fl/filter_interface_test

[ 50%] Built target filter_interface_test

Scanning dependencies of target unscented_transform_test_test

[ 50%] Building CXX object catkin/core-perception/fl/test/CMakeFiles/unscented_transform_test_test.dir/gaussian_filter/unscented_transform_test.cpp.o

/home/administrator/ci/ci/team/workspace/src/catkin/pole_balancing/pole_balancing_apollo/tests/test_feedback_control.cpp: In member function ‘virtual void feedback_control_tests_test_reset_gains_lqr_controller_Test::TestBody()’:

/home/administrator/ci/ci/team/workspace/src/catkin/pole_balancing/pole_balancing_apollo/tests/test_feedback_control.cpp:81:14: error: ‘class feedback_control::LQRController’ has no member named ‘set_gains’

   controller.set_gains(new_gains);

              ^

/home/administrator/ci/ci/team/workspace/src/catkin/pole_balancing/pole_balancing_apollo/tests/test_feedback_control.cpp:87:14: error: ‘class feedback_control::LQRController’ has no member named ‘reset_gains’

   controller.reset_gains();

              ^

/home/administrator/ci/ci/team/workspace/src/catkin/pole_balancing/pole_balancing_apollo/tests/test_feedback_control.cpp: In member function ‘virtual void feedback_control_tests_test_basic_pole_balancing_Test::TestBody()’:

/home/administrator/ci/ci/team/workspace/src/catkin/pole_balancing/pole_balancing_apollo/tests/test_feedback_control.cpp:112:19: error: ‘PoleBalancingDefaultController’ is not a member of ‘feedback_control’

   std::shared_ptr<feedback_control::PoleBalancingDefaultController> controller(new feedback_control::PoleBalancingDefaultController(gains));

                   ^

/home/administrator/ci/ci/team/workspace/src/catkin/pole_balancing/pole_balancing_apollo/tests/test_feedback_control.cpp:112:19: error: ‘PoleBalancingDefaultController’ is not a member of ‘feedback_control’

/home/administrator/ci/ci/team/workspace/src/catkin/pole_balancing/pole_balancing_apollo/tests/test_feedback_control.cpp:112:67: error: template argument 1 is invalid

   std::shared_ptr<feedback_control::PoleBalancingDefaultController> controller(new feedback_control::PoleBalancingDefaultController(gains));

                                                                   ^

/home/administrator/ci/ci/team/workspace/src/catkin/pole_balancing/pole_balancing_apollo/tests/test_feedback_control.cpp:112:79: error: invalid type in declaration before ‘(’ token

   std::shared_ptr<feedback_control::PoleBalancingDefaultController> controller(new feedback_control::PoleBalancingDefaultController(gains));

                                                                               ^

/home/administrator/ci/ci/team/workspace/src/catkin/pole_balancing/pole_balancing_apollo/tests/test_feedback_control.cpp:112:84: error: expected type-specifier

   std::shared_ptr<feedback_control::PoleBalancingDefaultController> controller(new feedback_control::PoleBalancingDefaultController(gains));

                                                                                    ^

/home/administrator/ci/ci/team/workspace/src/catkin/pole_balancing/pole_balancing_apollo/tests/test_feedback_control.cpp:114:58: error: ‘compute_default_control’ was not declared in this scope

   double u = compute_default_control(controller,1,1,1,1,1);

                                                          ^

In file included from /usr/include/gtest/gtest.h:57:0,

                 from /home/administrator/ci/ci/team/workspace/src/catkin/pole_balancing/pole_balancing_apollo/tests/test_feedback_control.cpp:2:

/home/administrator/ci/ci/team/workspace/src/catkin/pole_balancing/pole_balancing_apollo/tests/test_feedback_control.cpp: In member function ‘virtual void feedback_control_tests_test_gain_size_pole_balancing_Test::TestBody()’:

/home/administrator/ci/ci/team/workspace/src/catkin/pole_balancing/pole_balancing_apollo/tests/test_feedback_control.cpp:125:32: error: ‘PoleBalancingDefaultController’ is not a member of ‘feedback_control’

   ASSERT_THROW(std::shared_ptr<feedback_control::PoleBalancingDefaultController> controller(new feedback_control::PoleBalancingDefaultController(gains)),

                                ^

/home/administrator/ci/ci/team/workspace/src/catkin/pole_balancing/pole_balancing_apollo/tests/test_feedback_control.cpp:125:32: error: ‘PoleBalancingDefaultController’ is not a member of ‘feedback_control’

/home/administrator/ci/ci/team/workspace/src/catkin/pole_balancing/pole_balancing_apollo/tests/test_feedback_control.cpp:125:80: error: template argument 1 is invalid

   ASSERT_THROW(std::shared_ptr<feedback_control::PoleBalancingDefaultController> controller(new feedback_control::PoleBalancingDefaultController(gains)),

                                                                                ^

/home/administrator/ci/ci/team/workspace/src/catkin/pole_balancing/pole_balancing_apollo/tests/test_feedback_control.cpp:125:92: error: invalid type in declaration before ‘(’ token

   ASSERT_THROW(std::shared_ptr<feedback_control::PoleBalancingDefaultController> controller(new feedback_control::PoleBalancingDefaultController(gains)),

                                                                                            ^

/home/administrator/ci/ci/team/workspace/src/catkin/pole_balancing/pole_balancing_apollo/tests/test_feedback_control.cpp:125:97: error: expected type-specifier

   ASSERT_THROW(std::shared_ptr<feedback_control::PoleBalancingDefaultController> controller(new feedback_control::PoleBalancingDefaultController(gains)),

                                                                                                 ^

/home/administrator/ci/ci/team/workspace/src/catkin/pole_balancing/pole_balancing_apollo/tests/test_feedback_control.cpp: In member function ‘virtual void feedback_control_tests_test_integral_pole_balancing_Test::TestBody()’:

/home/administrator/ci/ci/team/workspace/src/catkin/pole_balancing/pole_balancing_apollo/tests/test_feedback_control.cpp:135:19: error: ‘PoleBalancingDefaultController’ is not a member of ‘feedback_control’

   std::shared_ptr<feedback_control::PoleBalancingDefaultController> controller(new feedback_control::PoleBalancingDefaultController(gains));

                   ^

/home/administrator/ci/ci/team/workspace/src/catkin/pole_balancing/pole_balancing_apollo/tests/test_feedback_control.cpp:135:19: error: ‘PoleBalancingDefaultController’ is not a member of ‘feedback_control’

/home/administrator/ci/ci/team/workspace/src/catkin/pole_balancing/pole_balancing_apollo/tests/test_feedback_control.cpp:135:67: error: template argument 1 is invalid

   std::shared_ptr<feedback_control::PoleBalancingDefaultController> controller(new feedback_control::PoleBalancingDefaultController(gains));

                                                                   ^

/home/administrator/ci/ci/team/workspace/src/catkin/pole_balancing/pole_balancing_apollo/tests/test_feedback_control.cpp:135:79: error: invalid type in declaration before ‘(’ token

   std::shared_ptr<feedback_control::PoleBalancingDefaultController> controller(new feedback_control::PoleBalancingDefaultController(gains));

                                                                               ^

/home/administrator/ci/ci/team/workspace/src/catkin/pole_balancing/pole_balancing_apollo/tests/test_feedback_control.cpp:135:84: error: expected type-specifier

   std::shared_ptr<feedback_control::PoleBalancingDefaultController> controller(new feedback_control::PoleBalancingDefaultController(gains));

                                                                                    ^

/home/administrator/ci/ci/team/workspace/src/catkin/pole_balancing/pole_balancing_apollo/tests/test_feedback_control.cpp:137:59: error: ‘compute_default_control’ was not declared in this scope

   double u1 = compute_default_control(controller,1,1,1,1,1);

                                                           ^

/home/administrator/ci/ci/team/workspace/src/catkin/pole_balancing/pole_balancing_apollo/tests/test_feedback_control.cpp:145:13: error: base operand of ‘->’ is not a pointer

   controller->set_gains(gains);

             ^

/home/administrator/ci/ci/team/workspace/src/catkin/pole_balancing/pole_balancing_apollo/tests/test_feedback_control.cpp:146:13: error: base operand of ‘->’ is not a pointer

   controller->reset();

             ^

/home/administrator/ci/ci/team/workspace/src/catkin/pole_balancing/pole_balancing_apollo/tests/test_feedback_control.cpp:147:15: error: ‘compute_default_control’ is not a member of ‘feedback_control’

   double u3 = feedback_control::compute_default_control(controller,1,1,1,1,1);

               ^

Linking CXX executable /home/administrator/ci/ci/team/workspace/devel/lib/fl/la_smw_inversion_test

[ 50%] Built target la_smw_inversion_test

Scanning dependencies of target gaussian_filter_kalman_filter_test

[ 50%] Building CXX object catkin/core-perception/fl/test/CMakeFiles/gaussian_filter_kalman_filter_test.dir/gaussian_filter/kalman_filter_test.cpp.o

make[3]: *** [catkin/pole_balancing/pole_balancing_apollo/CMakeFiles/pole_balancing_ut.dir/tests/test_feedback_control.cpp.o] Error 1

make[3]: *** Waiting for unfinished jobs....

Scanning dependencies of target gaussian_filter_unscented_kalman_filter_test

[ 50%] Building CXX object catkin/core-perception/fl/test/CMakeFiles/gaussian_filter_unscented_kalman_filter_test.dir/gaussian_filter/unscented_kalman_filter_test.cpp.o

Linking CXX executable /home/administrator/ci/ci/team/workspace/devel/lib/fl/la_square_root_test

make[2]: *** [catkin/pole_balancing/pole_balancing_apollo/CMakeFiles/pole_balancing_ut.dir/all] Error 2

make[2]: *** Waiting for unfinished jobs....

[ 50%] Built target la_square_root_test

In file included from /home/administrator/ci/ci/team/workspace/src/catkin/core-perception/fl/test/gaussian_filter/kalman_filter_test.cpp:25:0:

/home/administrator/ci/ci/team/workspace/src/catkin/core-perception/fl/test/gaussian_filter/gaussian_filter_test_suite.hpp:87:17: error: wrong number of template arguments (2, should be 3)

                 > LinearTransition;

                 ^

In file included from /home/administrator/ci/ci/team/workspace/src/catkin/core-perception/fl/test/gaussian_filter/gaussian_filter_test_suite.hpp:35:0,

                 from /home/administrator/ci/ci/team/workspace/src/catkin/core-perception/fl/test/gaussian_filter/kalman_filter_test.cpp:25:

/home/administrator/ci/ci/team/workspace/src/catkin/core-perception/fl/include/fl/model/transition/linear_transition.hpp:42:7: error: provided for ‘template<class State_, class Noise_, class Input_> class fl::LinearTransition’

 class LinearTransition

       ^

In file included from /home/administrator/ci/ci/team/workspace/src/catkin/core-perception/fl/test/gaussian_filter/kalman_filter_test.cpp:25:0:

/home/administrator/ci/ci/team/workspace/src/catkin/core-perception/fl/test/gaussian_filter/gaussian_filter_test_suite.hpp: In member function ‘GaussianFilterTest<TestType>::ModelFactory::LinearTransition GaussianFilterTest<TestType>::ModelFactory::create_linear_state_model()’:

/home/administrator/ci/ci/team/workspace/src/catkin/core-perception/fl/test/gaussian_filter/gaussian_filter_test_suite.hpp:97:28: error: request for member ‘create_dynamics_matrix’ in ‘model’, which is of non-class type ‘int’

             auto A = model.create_dynamics_matrix();

                            ^

/home/administrator/ci/ci/team/workspace/src/catkin/core-perception/fl/test/gaussian_filter/gaussian_filter_test_suite.hpp:98:28: error: request for member ‘create_noise_matrix’ in ‘model’, which is of non-class type ‘int’

             auto Q = model.create_noise_matrix();

                            ^

/home/administrator/ci/ci/team/workspace/src/catkin/core-perception/fl/test/gaussian_filter/gaussian_filter_test_suite.hpp:113:19: error: request for member ‘dynamics_matrix’ in ‘model’, which is of non-class type ‘int’

             model.dynamics_matrix(A);

                   ^

/home/administrator/ci/ci/team/workspace/src/catkin/core-perception/fl/test/gaussian_filter/gaussian_filter_test_suite.hpp:114:19: error: request for member ‘noise_matrix’ in ‘model’, which is of non-class type ‘int’

             model.noise_matrix(Q);

                   ^

In file included from /home/administrator/ci/ci/team/workspace/src/catkin/core-perception/fl/test/gaussian_filter/kalman_filter_test.cpp:27:0:

/home/administrator/ci/ci/team/workspace/src/catkin/core-perception/fl/include/fl/filter/gaussian/gaussian_filter_linear.hpp: In instantiation of ‘struct fl::Traits<fl::GaussianFilter<int, fl::LinearGaussianSensor<Eigen::Matrix<double, 2, 1, 0, 2, 1>, Eigen::Matrix<double, 3, 1, 0, 3, 1> > > >’:

/home/administrator/ci/ci/team/workspace/src/catkin/core-perception/fl/test/gaussian_filter/gaussian_filter_test_suite.hpp:157:40:   required from ‘class GaussianFilterTest<fl::StaticTest<KalmanFilterTestConfiguration<3, 1, 2> > >’

/home/administrator/ci/ci/team/workspace/src/catkin/core-perception/fl/test/gaussian_filter/gaussian_filter_test_suite.hpp:197:1:   required from ‘class gtest_case_GaussianFilterTest_::predict_then_update<fl::StaticTest<KalmanFilterTestConfiguration<3, 1, 2> > >’

/usr/include/gtest/internal/gtest-internal.h:663:39:   required from ‘static bool testing::internal::TypeParameterizedTest<Fixture, TestSel, Types>::Register(const char*, const char*, const char*, int) [with Fixture = GaussianFilterTest; TestSel = testing::internal::TemplateSel<gtest_case_GaussianFilterTest_::predict_then_update>; Types = testing::internal::Types6<fl::StaticTest<KalmanFilterTestConfiguration<3, 1, 2> >, fl::StaticTest<KalmanFilterTestConfiguration<3, 3, 10> >, fl::StaticTest<KalmanFilterTestConfiguration<10, 10, 20> >, fl::DynamicTest<KalmanFilterTestConfiguration<3, 1, 2> >, fl::DynamicTest<KalmanFilterTestConfiguration<3, 3, 10> >, fl::DynamicTest<KalmanFilterTestConfiguration<10, 10, 20> > >]’

/usr/include/gtest/internal/gtest-internal.h:694:41:   required from ‘static bool testing::internal::TypeParameterizedTestCase<Fixture, Tests, Types>::Register(const char*, const char*, const char*) [with Fixture = GaussianFilterTest; Tests = testing::internal::Templates2<gtest_case_GaussianFilterTest_::predict_then_update, gtest_case_GaussianFilterTest_::predict_loop>; Types = testing::internal::Types6<fl::StaticTest<KalmanFilterTestConfiguration<3, 1, 2> >, fl::StaticTest<KalmanFilterTestConfiguration<3, 3, 10> >, fl::StaticTest<KalmanFilterTestConfiguration<10, 10, 20> >, fl::DynamicTest<KalmanFilterTestConfiguration<3, 1, 2> >, fl::DynamicTest<KalmanFilterTestConfiguration<3, 3, 10> >, fl::DynamicTest<KalmanFilterTestConfiguration<10, 10, 20> > >]’

/home/administrator/ci/ci/team/workspace/src/catkin/core-perception/fl/test/gaussian_filter/kalman_filter_test.cpp:74:1:   required from here

/home/administrator/ci/ci/team/workspace/src/catkin/core-perception/fl/include/fl/filter/gaussian/gaussian_filter_linear.hpp:59:46: error: ‘int’ is not a class, struct, or union type

     typedef typename LinearTransition::State State;

                                              ^

/home/administrator/ci/ci/team/workspace/src/catkin/core-perception/fl/include/fl/filter/gaussian/gaussian_filter_linear.hpp:60:46: error: ‘int’ is not a class, struct, or union type

     typedef typename LinearTransition::Input Input;

                                              ^

In file included from /home/administrator/ci/ci/team/workspace/src/catkin/core-perception/fl/test/gaussian_filter/unscented_kalman_filter_test.cpp:25:0:

/home/administrator/ci/ci/team/workspace/src/catkin/core-perception/fl/test/gaussian_filter/gaussian_filter_test_suite.hpp:87:17: error: wrong number of template arguments (2, should be 3)

                 > LinearTransition;

                 ^

In file included from /home/administrator/ci/ci/team/workspace/src/catkin/core-perception/fl/test/gaussian_filter/gaussian_filter_test_suite.hpp:35:0,

                 from /home/administrator/ci/ci/team/workspace/src/catkin/core-perception/fl/test/gaussian_filter/unscented_kalman_filter_test.cpp:25:

/home/administrator/ci/ci/team/workspace/src/catkin/core-perception/fl/include/fl/model/transition/linear_transition.hpp:42:7: error: provided for ‘template<class State_, class Noise_, class Input_> class fl::LinearTransition’

 class LinearTransition

       ^

In file included from /home/administrator/ci/ci/team/workspace/src/catkin/core-perception/fl/test/gaussian_filter/unscented_kalman_filter_test.cpp:25:0:

/home/administrator/ci/ci/team/workspace/src/catkin/core-perception/fl/test/gaussian_filter/gaussian_filter_test_suite.hpp: In member function ‘GaussianFilterTest<TestType>::ModelFactory::LinearTransition GaussianFilterTest<TestType>::ModelFactory::create_linear_state_model()’:

/home/administrator/ci/ci/team/workspace/src/catkin/core-perception/fl/test/gaussian_filter/gaussian_filter_test_suite.hpp:97:28: error: request for member ‘create_dynamics_matrix’ in ‘model’, which is of non-class type ‘int’

             auto A = model.create_dynamics_matrix();

                            ^

/home/administrator/ci/ci/team/workspace/src/catkin/core-perception/fl/test/gaussian_filter/gaussian_filter_test_suite.hpp:98:28: error: request for member ‘create_noise_matrix’ in ‘model’, which is of non-class type ‘int’

             auto Q = model.create_noise_matrix();

                            ^

/home/administrator/ci/ci/team/workspace/src/catkin/core-perception/fl/test/gaussian_filter/gaussian_filter_test_suite.hpp:113:19: error: request for member ‘dynamics_matrix’ in ‘model’, which is of non-class type ‘int’

             model.dynamics_matrix(A);

                   ^

/home/administrator/ci/ci/team/workspace/src/catkin/core-perception/fl/test/gaussian_filter/gaussian_filter_test_suite.hpp:114:19: error: request for member ‘noise_matrix’ in ‘model’, which is of non-class type ‘int’

             model.noise_matrix(Q);

                   ^

Linking CXX executable /home/administrator/ci/ci/team/workspace/devel/lib/fl/exception_test

/home/administrator/ci/ci/team/workspace/src/catkin/core-perception/fl/include/fl/filter/gaussian/gaussian_filter_linear.hpp:62:29: error: ‘int’ is not a class, struct, or union type

     typedef Gaussian<State> Belief;

                             ^

/home/administrator/ci/ci/team/workspace/src/catkin/core-perception/fl/include/fl/filter/gaussian/gaussian_filter_linear.hpp: In instantiation of ‘struct fl::Traits<fl::GaussianFilter<int, fl::LinearGaussianSensor<Eigen::Matrix<double, 10, 1, 0, 10, 1>, Eigen::Matrix<double, 3, 1, 0, 3, 1> > > >’:

/home/administrator/ci/ci/team/workspace/src/catkin/core-perception/fl/test/gaussian_filter/gaussian_filter_test_suite.hpp:157:40:   required from ‘class GaussianFilterTest<fl::StaticTest<KalmanFilterTestConfiguration<3, 3, 10> > >’

/home/administrator/ci/ci/team/workspace/src/catkin/core-perception/fl/test/gaussian_filter/gaussian_filter_test_suite.hpp:241:1:   required from ‘class gtest_case_GaussianFilterTest_::predict_loop<fl::StaticTest<KalmanFilterTestConfiguration<3, 3, 10> > >’

/usr/include/gtest/internal/gtest-internal.h:663:39:   required from ‘static bool testing::internal::TypeParameterizedTest<Fixture, TestSel, Types>::Register(const char*, const char*, const char*, int) [with Fixture = GaussianFilterTest; TestSel = testing::internal::TemplateSel<gtest_case_GaussianFilterTest_::predict_loop>; Types = testing::internal::Types5<fl::StaticTest<KalmanFilterTestConfiguration<3, 3, 10> >, fl::StaticTest<KalmanFilterTestConfiguration<10, 10, 20> >, fl::DynamicTest<KalmanFilterTestConfiguration<3, 1, 2> >, fl::DynamicTest<KalmanFilterTestConfiguration<3, 3, 10> >, fl::DynamicTest<KalmanFilterTestConfiguration<10, 10, 20> > >]’

/usr/include/gtest/internal/gtest-internal.h:667:60:   required from ‘static bool testing::internal::TypeParameterizedTest<Fixture, TestSel, Types>::Register(const char*, const char*, const char*, int) [with Fixture = GaussianFilterTest; TestSel = testing::internal::TemplateSel<gtest_case_GaussianFilterTest_::predict_loop>; Types = testing::internal::Types6<fl::StaticTest<KalmanFilterTestConfiguration<3, 1, 2> >, fl::StaticTest<KalmanFilterTestConfiguration<3, 3, 10> >, fl::StaticTest<KalmanFilterTestConfiguration<10, 10, 20> >, fl::DynamicTest<KalmanFilterTestConfiguration<3, 1, 2> >, fl::DynamicTest<KalmanFilterTestConfiguration<3, 3, 10> >, fl::DynamicTest<KalmanFilterTestConfiguration<10, 10, 20> > >]’

/usr/include/gtest/internal/gtest-internal.h:694:41:   required from ‘static bool testing::internal::TypeParameterizedTestCase<Fixture, Tests, Types>::Register(const char*, const char*, const char*) [with Fixture = GaussianFilterTest; Tests = testing::internal::Templates1<gtest_case_GaussianFilterTest_::predict_loop>; Types = testing::internal::Types6<fl::StaticTest<KalmanFilterTestConfiguration<3, 1, 2> >, fl::StaticTest<KalmanFilterTestConfiguration<3, 3, 10> >, fl::StaticTest<KalmanFilterTestConfiguration<10, 10, 20> >, fl::DynamicTest<KalmanFilterTestConfiguration<3, 1, 2> >, fl::DynamicTest<KalmanFilterTestConfiguration<3, 3, 10> >, fl::DynamicTest<KalmanFilterTestConfiguration<10, 10, 20> > >]’

/usr/include/gtest/internal/gtest-internal.h:698:60:   required from ‘static bool testing::internal::TypeParameterizedTestCase<Fixture, Tests, Types>::Register(const char*, const char*, const char*) [with Fixture = GaussianFilterTest; Tests = testing::internal::Templates2<gtest_case_GaussianFilterTest_::predict_then_update, gtest_case_GaussianFilterTest_::predict_loop>; Types = testing::internal::Types6<fl::StaticTest<KalmanFilterTestConfiguration<3, 1, 2> >, fl::StaticTest<KalmanFilterTestConfiguration<3, 3, 10> >, fl::StaticTest<KalmanFilterTestConfiguration<10, 10, 20> >, fl::DynamicTest<KalmanFilterTestConfiguration<3, 1, 2> >, fl::DynamicTest<KalmanFilterTestConfiguration<3, 3, 10> >, fl::DynamicTest<KalmanFilterTestConfiguration<10, 10, 20> > >]’

/home/administrator/ci/ci/team/workspace/src/catkin/core-perception/fl/test/gaussian_filter/kalman_filter_test.cpp:74:1:   required from here

/home/administrator/ci/ci/team/workspace/src/catkin/core-perception/fl/include/fl/filter/gaussian/gaussian_filter_linear.hpp:59:46: error: ‘int’ is not a class, struct, or union type

     typedef typename LinearTransition::State State;

                                              ^

/home/administrator/ci/ci/team/workspace/src/catkin/core-perception/fl/include/fl/filter/gaussian/gaussian_filter_linear.hpp:60:46: error: ‘int’ is not a class, struct, or union type

     typedef typename LinearTransition::Input Input;

                                              ^

In file included from /home/administrator/ci/ci/team/workspace/src/catkin/core-perception/fl/include/fl/filter/gaussian/gaussian_filter_nonlinear.hpp:25:0,

                 from /home/administrator/ci/ci/team/workspace/src/catkin/core-perception/fl/include/fl/filter/gaussian/gaussian_filter.hpp:30,

                 from /home/administrator/ci/ci/team/workspace/src/catkin/core-perception/fl/test/gaussian_filter/unscented_kalman_filter_test.cpp:27:

/home/administrator/ci/ci/team/workspace/src/catkin/core-perception/fl/include/fl/filter/gaussian/gaussian_filter_nonlinear_generic.hpp: In instantiation of ‘struct fl::Traits<fl::GaussianFilter<int, fl::LinearGaussianSensor<Eigen::Matrix<double, 2, 1, 0, 2, 1>, Eigen::Matrix<double, 3, 1, 0, 3, 1> >, fl::UnscentedQuadrature> >’:

/home/administrator/ci/ci/team/workspace/src/catkin/core-perception/fl/test/gaussian_filter/gaussian_filter_test_suite.hpp:157:40:   required from ‘class GaussianFilterTest<fl::StaticTest<UnscentedKalmanFilterTestConfiguration<3, 1, 2> > >’

/home/administrator/ci/ci/team/workspace/src/catkin/core-perception/fl/test/gaussian_filter/gaussian_filter_test_suite.hpp:197:1:   required from ‘class gtest_case_GaussianFilterTest_::predict_then_update<fl::StaticTest<UnscentedKalmanFilterTestConfiguration<3, 1, 2> > >’

/usr/include/gtest/internal/gtest-internal.h:663:39:   required from ‘static bool testing::internal::TypeParameterizedTest<Fixture, TestSel, Types>::Register(const char*, const char*, const char*, int) [with Fixture = GaussianFilterTest; TestSel = testing::internal::TemplateSel<gtest_case_GaussianFilterTest_::predict_then_update>; Types = testing::internal::Types6<fl::StaticTest<UnscentedKalmanFilterTestConfiguration<3, 1, 2> >, fl::StaticTest<UnscentedKalmanFilterTestConfiguration<3, 3, 10> >, fl::StaticTest<UnscentedKalmanFilterTestConfiguration<10, 10, 20> >, fl::DynamicTest<UnscentedKalmanFilterTestConfiguration<3, 1, 2> >, fl::DynamicTest<UnscentedKalmanFilterTestConfiguration<3, 3, 10> >, fl::DynamicTest<UnscentedKalmanFilterTestConfiguration<10, 10, 20> > >]’

/usr/include/gtest/internal/gtest-internal.h:694:41:   required from ‘static bool testing::internal::TypeParameterizedTestCase<Fixture, Tests, Types>::Register(const char*, const char*, const char*) [with Fixture = GaussianFilterTest; Tests = testing::internal::Templates2<gtest_case_GaussianFilterTest_::predict_then_update, gtest_case_GaussianFilterTest_::predict_loop>; Types = testing::internal::Types6<fl::StaticTest<UnscentedKalmanFilterTestConfiguration<3, 1, 2> >, fl::StaticTest<UnscentedKalmanFilterTestConfiguration<3, 3, 10> >, fl::StaticTest<UnscentedKalmanFilterTestConfiguration<10, 10, 20> >, fl::DynamicTest<UnscentedKalmanFilterTestConfiguration<3, 1, 2> >, fl::DynamicTest<UnscentedKalmanFilterTestConfiguration<3, 3, 10> >, fl::DynamicTest<UnscentedKalmanFilterTestConfiguration<10, 10, 20> > >]’

/home/administrator/ci/ci/team/workspace/src/catkin/core-perception/fl/test/gaussian_filter/unscented_kalman_filter_test.cpp:79:1:   required from here

/home/administrator/ci/ci/team/workspace/src/catkin/core-perception/fl/include/fl/filter/gaussian/gaussian_filter_nonlinear_generic.hpp:60:40: error: ‘int’ is not a class, struct, or union type

     typedef typename Transition::State State;

                                        ^

/home/administrator/ci/ci/team/workspace/src/catkin/core-perception/fl/include/fl/filter/gaussian/gaussian_filter_nonlinear_generic.hpp:61:40: error: ‘int’ is not a class, struct, or union type

     typedef typename Transition::Input Input;

                                        ^

/home/administrator/ci/ci/team/workspace/src/catkin/core-perception/fl/include/fl/filter/gaussian/gaussian_filter_linear.hpp:62:29: error: ‘int’ is not a class, struct, or union type

     typedef Gaussian<State> Belief;

                             ^

[ 50%] Built target exception_test

In file included from /home/administrator/ci/ci/team/workspace/src/catkin/core-perception/fl/include/fl/util/meta/size_deduction.hpp:23:0,

                 from /home/administrator/ci/ci/team/workspace/src/catkin/core-perception/fl/include/fl/util/meta.hpp:23,

                 from /home/administrator/ci/ci/team/workspace/src/catkin/core-perception/fl/test/gaussian_filter/../typecast.hpp:23,

                 from /home/administrator/ci/ci/team/workspace/src/catkin/core-perception/fl/test/gaussian_filter/kalman_filter_test.cpp:21:

/home/administrator/ci/ci/team/workspace/src/catkin/core-perception/fl/include/fl/util/traits.hpp: In instantiation of ‘struct fl::ForwardLinearModelOnly<int>’:

/home/administrator/ci/ci/team/workspace/src/catkin/core-perception/fl/include/fl/filter/gaussian/gaussian_filter_linear.hpp:82:7:   required from ‘class fl::GaussianFilter<int, fl::LinearGaussianSensor<Eigen::Matrix<double, 10, 1, 0, 10, 1>, Eigen::Matrix<double, 3, 1, 0, 3, 1> > >’

/home/administrator/ci/ci/team/workspace/src/catkin/core-perception/fl/test/gaussian_filter/gaussian_filter_test_suite.hpp:245:53:   required from ‘void gtest_case_GaussianFilterTest_::predict_loop<gtest_TypeParam_>::TestBody() [with gtest_TypeParam_ = fl::StaticTest<KalmanFilterTestConfiguration<3, 3, 10> >]’

/home/administrator/ci/ci/team/workspace/src/catkin/core-perception/fl/test/gaussian_filter/kalman_filter_test.cpp:76:41:   required from here

/home/administrator/ci/ci/team/workspace/src/catkin/core-perception/fl/include/fl/util/traits.hpp:436:5: error: static assertion failed: The specified model is not linear!

     static_assert(std::is_base_of<internal::LinearModelType, Model>::value,

     ^

In file included from /home/administrator/ci/ci/team/workspace/src/catkin/core-perception/fl/test/gaussian_filter/kalman_filter_test.cpp:27:0:

/home/administrator/ci/ci/team/workspace/src/catkin/core-perception/fl/include/fl/filter/gaussian/gaussian_filter_linear.hpp: In instantiation of ‘class fl::GaussianFilter<int, fl::LinearGaussianSensor<Eigen::Matrix<double, 10, 1, 0, 10, 1>, Eigen::Matrix<double, 3, 1, 0, 3, 1> > >’:

/home/administrator/ci/ci/team/workspace/src/catkin/core-perception/fl/test/gaussian_filter/gaussian_filter_test_suite.hpp:245:53:   required from ‘void gtest_case_GaussianFilterTest_::predict_loop<gtest_TypeParam_>::TestBody() [with gtest_TypeParam_ = fl::StaticTest<KalmanFilterTestConfiguration<3, 3, 10> >]’

/home/administrator/ci/ci/team/workspace/src/catkin/core-perception/fl/test/gaussian_filter/kalman_filter_test.cpp:76:41:   required from here

/home/administrator/ci/ci/team/workspace/src/catkin/core-perception/fl/include/fl/filter/gaussian/gaussian_filter_linear.hpp:94:46: error: ‘int’ is not a class, struct, or union type

     typedef typename LinearTransition::State State;

                                              ^

/home/administrator/ci/ci/team/workspace/src/catkin/core-perception/fl/include/fl/filter/gaussian/gaussian_filter_linear.hpp:95:46: error: ‘int’ is not a class, struct, or union type

     typedef typename LinearTransition::Input Input;

                                              ^

/home/administrator/ci/ci/team/workspace/src/catkin/core-perception/fl/include/fl/filter/gaussian/gaussian_filter_linear.hpp:103:29: error: ‘int’ is not a class, struct, or union type

     typedef Gaussian<State> Belief;

                             ^

In file included from /home/administrator/ci/ci/team/workspace/src/catkin/core-perception/fl/test/gaussian_filter/kalman_filter_test.cpp:25:0:

/home/administrator/ci/ci/team/workspace/src/catkin/core-perception/fl/test/gaussian_filter/gaussian_filter_test_suite.hpp: In instantiation of ‘void gtest_case_GaussianFilterTest_::predict_loop<gtest_TypeParam_>::TestBody() [with gtest_TypeParam_ = fl::StaticTest<KalmanFilterTestConfiguration<3, 3, 10> >]’:

/home/administrator/ci/ci/team/workspace/src/catkin/core-perception/fl/test/gaussian_filter/kalman_filter_test.cpp:76:41:   required from here

/home/administrator/ci/ci/team/workspace/src/catkin/core-perception/fl/test/gaussian_filter/gaussian_filter_test_suite.hpp:246:40: error: ‘class fl::GaussianFilter<int, fl::LinearGaussianSensor<Eigen::Matrix<double, 10, 1, 0, 10, 1>, Eigen::Matrix<double, 3, 1, 0, 3, 1> > >’ has no member named ‘create_belief’

     auto belief = filter.create_belief();

                                        ^

/home/administrator/ci/ci/team/workspace/src/catkin/core-perception/fl/test/gaussian_filter/gaussian_filter_test_suite.hpp:252:9: error: ‘class fl::GaussianFilter<int, fl::LinearGaussianSensor<Eigen::Matrix<double, 10, 1, 0, 10, 1>, Eigen::Matrix<double, 3, 1, 0, 3, 1> > >’ has no member named ‘predict’

         filter.predict(belief, This::zero_input(filter), belief);

         ^

/home/administrator/ci/ci/team/workspace/src/catkin/core-perception/fl/test/gaussian_filter/gaussian_filter_test_suite.hpp:252:55: error: ‘zero_input’ is not a member of ‘This {aka GaussianFilterTest<fl::StaticTest<KalmanFilterTestConfiguration<3, 3, 10> > >}’

         filter.predict(belief, This::zero_input(filter), belief);

                                                       ^

In file included from /home/administrator/ci/ci/team/workspace/src/catkin/core-perception/fl/test/gaussian_filter/kalman_filter_test.cpp:27:0:

/home/administrator/ci/ci/team/workspace/src/catkin/core-perception/fl/include/fl/filter/gaussian/gaussian_filter_linear.hpp: In instantiation of ‘class fl::GaussianFilter<int, fl::LinearGaussianSensor<Eigen::Matrix<double, 2, 1, 0, 2, 1>, Eigen::Matrix<double, 3, 1, 0, 3, 1> > >’:

/home/administrator/ci/ci/team/workspace/src/catkin/core-perception/fl/test/gaussian_filter/gaussian_filter_test_suite.hpp:245:53:   required from ‘void gtest_case_GaussianFilterTest_::predict_loop<gtest_TypeParam_>::TestBody() [with gtest_TypeParam_ = fl::StaticTest<KalmanFilterTestConfiguration<3, 1, 2> >]’

/home/administrator/ci/ci/team/workspace/src/catkin/core-perception/fl/test/gaussian_filter/kalman_filter_test.cpp:76:41:   required from here

/home/administrator/ci/ci/team/workspace/src/catkin/core-perception/fl/include/fl/filter/gaussian/gaussian_filter_linear.hpp:94:46: error: ‘int’ is not a class, struct, or union type

     typedef typename LinearTransition::State State;

                                              ^

/home/administrator/ci/ci/team/workspace/src/catkin/core-perception/fl/include/fl/filter/gaussian/gaussian_filter_linear.hpp:95:46: error: ‘int’ is not a class, struct, or union type

     typedef typename LinearTransition::Input Input;

                                              ^

/home/administrator/ci/ci/team/workspace/src/catkin/core-perception/fl/include/fl/filter/gaussian/gaussian_filter_linear.hpp:103:29: error: ‘int’ is not a class, struct, or union type

     typedef Gaussian<State> Belief;

                             ^

/home/administrator/ci/ci/team/workspace/src/catkin/core-perception/fl/include/fl/filter/gaussian/gaussian_filter_nonlinear_generic.hpp:63:29: error: ‘int’ is not a class, struct, or union type

     typedef Gaussian<State> Belief;

                             ^

In file included from /home/administrator/ci/ci/team/workspace/src/catkin/core-perception/fl/test/gaussian_filter/kalman_filter_test.cpp:25:0:

/home/administrator/ci/ci/team/workspace/src/catkin/core-perception/fl/test/gaussian_filter/gaussian_filter_test_suite.hpp: In instantiation of ‘void gtest_case_GaussianFilterTest_::predict_loop<gtest_TypeParam_>::TestBody() [with gtest_TypeParam_ = fl::StaticTest<KalmanFilterTestConfiguration<3, 1, 2> >]’:

/home/administrator/ci/ci/team/workspace/src/catkin/core-perception/fl/test/gaussian_filter/kalman_filter_test.cpp:76:41:   required from here

/home/administrator/ci/ci/team/workspace/src/catkin/core-perception/fl/test/gaussian_filter/gaussian_filter_test_suite.hpp:246:40: error: ‘class fl::GaussianFilter<int, fl::LinearGaussianSensor<Eigen::Matrix<double, 2, 1, 0, 2, 1>, Eigen::Matrix<double, 3, 1, 0, 3, 1> > >’ has no member named ‘create_belief’

     auto belief = filter.create_belief();

                                        ^

/home/administrator/ci/ci/team/workspace/src/catkin/core-perception/fl/test/gaussian_filter/gaussian_filter_test_suite.hpp:252:9: error: ‘class fl::GaussianFilter<int, fl::LinearGaussianSensor<Eigen::Matrix<double, 2, 1, 0, 2, 1>, Eigen::Matrix<double, 3, 1, 0, 3, 1> > >’ has no member named ‘predict’

         filter.predict(belief, This::zero_input(filter), belief);

         ^

/home/administrator/ci/ci/team/workspace/src/catkin/core-perception/fl/test/gaussian_filter/gaussian_filter_test_suite.hpp:252:55: error: ‘zero_input’ is not a member of ‘This {aka GaussianFilterTest<fl::StaticTest<KalmanFilterTestConfiguration<3, 1, 2> > >}’

         filter.predict(belief, This::zero_input(filter), belief);

                                                       ^

/home/administrator/ci/ci/team/workspace/src/catkin/core-perception/fl/test/gaussian_filter/gaussian_filter_test_suite.hpp: In instantiation of ‘void gtest_case_GaussianFilterTest_::predict_then_update<gtest_TypeParam_>::TestBody() [with gtest_TypeParam_ = fl::StaticTest<KalmanFilterTestConfiguration<3, 1, 2> >]’:

/home/administrator/ci/ci/team/workspace/src/catkin/core-perception/fl/test/gaussian_filter/kalman_filter_test.cpp:76:41:   required from here

/home/administrator/ci/ci/team/workspace/src/catkin/core-perception/fl/test/gaussian_filter/gaussian_filter_test_suite.hpp:205:40: error: ‘class fl::GaussianFilter<int, fl::LinearGaussianSensor<Eigen::Matrix<double, 2, 1, 0, 2, 1>, Eigen::Matrix<double, 3, 1, 0, 3, 1> > >’ has no member named ‘create_belief’

     auto belief = filter.create_belief();

                                        ^

/home/administrator/ci/ci/team/workspace/src/catkin/core-perception/fl/test/gaussian_filter/gaussian_filter_test_suite.hpp:215:9: error: ‘class fl::GaussianFilter<int, fl::LinearGaussianSensor<Eigen::Matrix<double, 2, 1, 0, 2, 1>, Eigen::Matrix<double, 3, 1, 0, 3, 1> > >’ has no member named ‘predict’

         filter.predict(belief, This::zero_input(filter), belief);

         ^

/home/administrator/ci/ci/team/workspace/src/catkin/core-perception/fl/test/gaussian_filter/gaussian_filter_test_suite.hpp:215:55: error: ‘zero_input’ is not a member of ‘This {aka GaussianFilterTest<fl::StaticTest<KalmanFilterTestConfiguration<3, 1, 2> > >}’

         filter.predict(belief, This::zero_input(filter), belief);

                                                       ^

/home/administrator/ci/ci/team/workspace/src/catkin/core-perception/fl/test/gaussian_filter/gaussian_filter_test_suite.hpp:226:9: error: ‘class fl::GaussianFilter<int, fl::LinearGaussianSensor<Eigen::Matrix<double, 2, 1, 0, 2, 1>, Eigen::Matrix<double, 3, 1, 0, 3, 1> > >’ has no member named ‘update’

         filter.update(belief, This::rand_obsrv(filter), belief);

         ^

In file included from /home/administrator/ci/ci/team/workspace/src/catkin/core-perception/fl/test/gaussian_filter/kalman_filter_test.cpp:27:0:

/home/administrator/ci/ci/team/workspace/src/catkin/core-perception/fl/include/fl/filter/gaussian/gaussian_filter_linear.hpp: In instantiation of ‘std::string fl::GaussianFilter<LinearTransition, LinearSensor>::name() const [with LinearTransition = int; LinearSensor = fl::LinearGaussianSensor<Eigen::Matrix<double, 2, 1>, Eigen::Matrix<double, 3, 1> >; std::string = std::basic_string<char>]’:

/home/administrator/ci/ci/team/workspace/src/catkin/core-perception/fl/test/gaussian_filter/gaussian_filter_test_suite.hpp:203:5:   required from ‘void gtest_case_GaussianFilterTest_::predict_then_update<gtest_TypeParam_>::TestBody() [with gtest_TypeParam_ = fl::StaticTest<KalmanFilterTestConfiguration<3, 1, 2> >]’

/home/administrator/ci/ci/team/workspace/src/catkin/core-perception/fl/test/gaussian_filter/kalman_filter_test.cpp:76:41:   required from here

/home/administrator/ci/ci/team/workspace/src/catkin/core-perception/fl/include/fl/filter/gaussian/gaussian_filter_linear.hpp:204:17: error: request for member ‘name’ in ‘fl::GaussianFilter<LinearTransition, LinearSensor>::transition<int, fl::LinearGaussianSensor<Eigen::Matrix<double, 2, 1>, Eigen::Matrix<double, 3, 1> > >()’, which is of non-class type ‘const int’

                 + this->list_arguments(

                 ^

In file included from /home/administrator/ci/ci/team/workspace/src/catkin/core-perception/fl/test/gaussian_filter/kalman_filter_test.cpp:25:0:

/home/administrator/ci/ci/team/workspace/src/catkin/core-perception/fl/test/gaussian_filter/gaussian_filter_test_suite.hpp: In instantiation of ‘GaussianFilterTest<TestType>::ModelFactory::LinearTransition GaussianFilterTest<TestType>::ModelFactory::create_linear_state_model() [with TestType = fl::StaticTest<KalmanFilterTestConfiguration<3, 3, 10> >; GaussianFilterTest<TestType>::ModelFactory::LinearTransition = int]’:

/home/administrator/ci/ci/team/workspace/src/catkin/core-perception/fl/test/gaussian_filter/kalman_filter_test.cpp:60:36:   required from ‘static typename KalmanFilterTestConfiguration<StateDimension, InputDimension, ObsrvDimension, FilterIterations>::FilterDefinition<ModelFactory>::Type KalmanFilterTestConfiguration<StateDimension, InputDimension, ObsrvDimension, FilterIterations>::create_filter(ModelFactory&&) [with ModelFactory = GaussianFilterTest<fl::StaticTest<KalmanFilterTestConfiguration<3, 3, 10> > >::ModelFactory; int StateDimension = 3; int InputDimension = 3; int ObsrvDimension = 10; int FilterIterations = 100; typename KalmanFilterTestConfiguration<StateDimension, InputDimension, ObsrvDimension, FilterIterations>::FilterDefinition<ModelFactory>::Type = fl::GaussianFilter<int, fl::LinearGaussianSensor<Eigen::Matrix<double, 10, 1, 0, 10, 1>, Eigen::Matrix<double, 3, 1, 0, 3, 1> > >]’

/home/administrator/ci/ci/team/workspace/src/catkin/core-perception/fl/test/gaussian_filter/gaussian_filter_test_suite.hpp:154:64:   required from ‘GaussianFilterTest<TestType>::Filter GaussianFilterTest<TestType>::create_filter(GaussianFilterTest<TestType>::ModelSetup) const [with TestType = fl::StaticTest<KalmanFilterTestConfiguration<3, 3, 10> >; GaussianFilterTest<TestType>::Filter = fl::GaussianFilter<int, fl::LinearGaussianSensor<Eigen::Matrix<double, 10, 1, 0, 10, 1>, Eigen::Matrix<double, 3, 1, 0, 3, 1> > >]’

/home/administrator/ci/ci/team/workspace/src/catkin/core-perception/fl/test/gaussian_filter/gaussian_filter_test_suite.hpp:245:53:   required from ‘void gtest_case_GaussianFilterTest_::predict_loop<gtest_TypeParam_>::TestBody() [with gtest_TypeParam_ = fl::StaticTest<KalmanFilterTestConfiguration<3, 3, 10> >]’

/home/administrator/ci/ci/team/workspace/src/catkin/core-perception/fl/test/gaussian_filter/kalman_filter_test.cpp:76:41:   required from here

/home/administrator/ci/ci/team/workspace/src/catkin/core-perception/fl/test/gaussian_filter/gaussian_filter_test_suite.hpp:95:61: error: expression list treated as compound expression in functional cast [-fpermissive]

             auto model = LinearTransition(StateDim, InputDim);

                                                             ^

/home/administrator/ci/ci/team/workspace/src/catkin/core-perception/fl/test/gaussian_filter/gaussian_filter_test_suite.hpp:95:61: warning: left operand of comma operator has no effect [-Wunused-value]

/home/administrator/ci/ci/team/workspace/src/catkin/core-perception/fl/test/gaussian_filter/gaussian_filter_test_suite.hpp: In instantiation of ‘GaussianFilterTest<TestType>::ModelFactory::LinearTransition GaussianFilterTest<TestType>::ModelFactory::create_linear_state_model() [with TestType = fl::StaticTest<KalmanFilterTestConfiguration<3, 1, 2> >; GaussianFilterTest<TestType>::ModelFactory::LinearTransition = int]’:

/home/administrator/ci/ci/team/workspace/src/catkin/core-perception/fl/test/gaussian_filter/kalman_filter_test.cpp:60:36:   required from ‘static typename KalmanFilterTestConfiguration<StateDimension, InputDimension, ObsrvDimension, FilterIterations>::FilterDefinition<ModelFactory>::Type KalmanFilterTestConfiguration<StateDimension, InputDimension, ObsrvDimension, FilterIterations>::create_filter(ModelFactory&&) [with ModelFactory = GaussianFilterTest<fl::StaticTest<KalmanFilterTestConfiguration<3, 1, 2> > >::ModelFactory; int StateDimension = 3; int InputDimension = 1; int ObsrvDimension = 2; int FilterIterations = 100; typename KalmanFilterTestConfiguration<StateDimension, InputDimension, ObsrvDimension, FilterIterations>::FilterDefinition<ModelFactory>::Type = fl::GaussianFilter<int, fl::LinearGaussianSensor<Eigen::Matrix<double, 2, 1, 0, 2, 1>, Eigen::Matrix<double, 3, 1, 0, 3, 1> > >]’

/home/administrator/ci/ci/team/workspace/src/catkin/core-perception/fl/test/gaussian_filter/gaussian_filter_test_suite.hpp:154:64:   required from ‘GaussianFilterTest<TestType>::Filter GaussianFilterTest<TestType>::create_filter(GaussianFilterTest<TestType>::ModelSetup) const [with TestType = fl::StaticTest<KalmanFilterTestConfiguration<3, 1, 2> >; GaussianFilterTest<TestType>::Filter = fl::GaussianFilter<int, fl::LinearGaussianSensor<Eigen::Matrix<double, 2, 1, 0, 2, 1>, Eigen::Matrix<double, 3, 1, 0, 3, 1> > >]’

/home/administrator/ci/ci/team/workspace/src/catkin/core-perception/fl/test/gaussian_filter/gaussian_filter_test_suite.hpp:245:53:   required from ‘void gtest_case_GaussianFilterTest_::predict_loop<gtest_TypeParam_>::TestBody() [with gtest_TypeParam_ = fl::StaticTest<KalmanFilterTestConfiguration<3, 1, 2> >]’

/home/administrator/ci/ci/team/workspace/src/catkin/core-perception/fl/test/gaussian_filter/kalman_filter_test.cpp:76:41:   required from here

/home/administrator/ci/ci/team/workspace/src/catkin/core-perception/fl/test/gaussian_filter/gaussian_filter_test_suite.hpp:95:61: error: expression list treated as compound expression in functional cast [-fpermissive]

/home/administrator/ci/ci/team/workspace/src/catkin/core-perception/fl/test/gaussian_filter/gaussian_filter_test_suite.hpp:95:61: warning: left operand of comma operator has no effect [-Wunused-value]

/home/administrator/ci/ci/team/workspace/src/catkin/core-perception/fl/include/fl/filter/gaussian/gaussian_filter_nonlinear_generic.hpp: In instantiation of ‘struct fl::Traits<fl::GaussianFilter<int, fl::LinearGaussianSensor<Eigen::Matrix<double, 10, 1, 0, 10, 1>, Eigen::Matrix<double, 3, 1, 0, 3, 1> >, fl::UnscentedQuadrature> >’:

/home/administrator/ci/ci/team/workspace/src/catkin/core-perception/fl/test/gaussian_filter/gaussian_filter_test_suite.hpp:157:40:   required from ‘class GaussianFilterTest<fl::StaticTest<UnscentedKalmanFilterTestConfiguration<3, 3, 10> > >’

/home/administrator/ci/ci/team/workspace/src/catkin/core-perception/fl/test/gaussian_filter/gaussian_filter_test_suite.hpp:241:1:   required from ‘class gtest_case_GaussianFilterTest_::predict_loop<fl::StaticTest<UnscentedKalmanFilterTestConfiguration<3, 3, 10> > >’

/usr/include/gtest/internal/gtest-internal.h:663:39:   required from ‘static bool testing::internal::TypeParameterizedTest<Fixture, TestSel, Types>::Register(const char*, const char*, const char*, int) [with Fixture = GaussianFilterTest; TestSel = testing::internal::TemplateSel<gtest_case_GaussianFilterTest_::predict_loop>; Types = testing::internal::Types5<fl::StaticTest<UnscentedKalmanFilterTestConfiguration<3, 3, 10> >, fl::StaticTest<UnscentedKalmanFilterTestConfiguration<10, 10, 20> >, fl::DynamicTest<UnscentedKalmanFilterTestConfiguration<3, 1, 2> >, fl::DynamicTest<UnscentedKalmanFilterTestConfiguration<3, 3, 10> >, fl::DynamicTest<UnscentedKalmanFilterTestConfiguration<10, 10, 20> > >]’

/usr/include/gtest/internal/gtest-internal.h:667:60:   required from ‘static bool testing::internal::TypeParameterizedTest<Fixture, TestSel, Types>::Register(const char*, const char*, const char*, int) [with Fixture = GaussianFilterTest; TestSel = testing::internal::TemplateSel<gtest_case_GaussianFilterTest_::predict_loop>; Types = testing::internal::Types6<fl::StaticTest<UnscentedKalmanFilterTestConfiguration<3, 1, 2> >, fl::StaticTest<UnscentedKalmanFilterTestConfiguration<3, 3, 10> >, fl::StaticTest<UnscentedKalmanFilterTestConfiguration<10, 10, 20> >, fl::DynamicTest<UnscentedKalmanFilterTestConfiguration<3, 1, 2> >, fl::DynamicTest<UnscentedKalmanFilterTestConfiguration<3, 3, 10> >, fl::DynamicTest<UnscentedKalmanFilterTestConfiguration<10, 10, 20> > >]’

/usr/include/gtest/internal/gtest-internal.h:694:41:   required from ‘static bool testing::internal::TypeParameterizedTestCase<Fixture, Tests, Types>::Register(const char*, const char*, const char*) [with Fixture = GaussianFilterTest; Tests = testing::internal::Templates1<gtest_case_GaussianFilterTest_::predict_loop>; Types = testing::internal::Types6<fl::StaticTest<UnscentedKalmanFilterTestConfiguration<3, 1, 2> >, fl::StaticTest<UnscentedKalmanFilterTestConfiguration<3, 3, 10> >, fl::StaticTest<UnscentedKalmanFilterTestConfiguration<10, 10, 20> >, fl::DynamicTest<UnscentedKalmanFilterTestConfiguration<3, 1, 2> >, fl::DynamicTest<UnscentedKalmanFilterTestConfiguration<3, 3, 10> >, fl::DynamicTest<UnscentedKalmanFilterTestConfiguration<10, 10, 20> > >]’

/usr/include/gtest/internal/gtest-internal.h:698:60:   required from ‘static bool testing::internal::TypeParameterizedTestCase<Fixture, Tests, Types>::Register(const char*, const char*, const char*) [with Fixture = GaussianFilterTest; Tests = testing::internal::Templates2<gtest_case_GaussianFilterTest_::predict_then_update, gtest_case_GaussianFilterTest_::predict_loop>; Types = testing::internal::Types6<fl::StaticTest<UnscentedKalmanFilterTestConfiguration<3, 1, 2> >, fl::StaticTest<UnscentedKalmanFilterTestConfiguration<3, 3, 10> >, fl::StaticTest<UnscentedKalmanFilterTestConfiguration<10, 10, 20> >, fl::DynamicTest<UnscentedKalmanFilterTestConfiguration<3, 1, 2> >, fl::DynamicTest<UnscentedKalmanFilterTestConfiguration<3, 3, 10> >, fl::DynamicTest<UnscentedKalmanFilterTestConfiguration<10, 10, 20> > >]’

/home/administrator/ci/ci/team/workspace/src/catkin/core-perception/fl/test/gaussian_filter/unscented_kalman_filter_test.cpp:79:1:   required from here

/home/administrator/ci/ci/team/workspace/src/catkin/core-perception/fl/include/fl/filter/gaussian/gaussian_filter_nonlinear_generic.hpp:60:40: error: ‘int’ is not a class, struct, or union type

     typedef typename Transition::State State;

                                        ^

/home/administrator/ci/ci/team/workspace/src/catkin/core-perception/fl/include/fl/filter/gaussian/gaussian_filter_nonlinear_generic.hpp:61:40: error: ‘int’ is not a class, struct, or union type

     typedef typename Transition::Input Input;

                                        ^

/home/administrator/ci/ci/team/workspace/src/catkin/core-perception/fl/include/fl/filter/gaussian/gaussian_filter_nonlinear_generic.hpp:63:29: error: ‘int’ is not a class, struct, or union type

     typedef Gaussian<State> Belief;

                             ^

In file included from /home/administrator/ci/ci/team/workspace/src/catkin/core-perception/fl/include/fl/util/meta/size_deduction.hpp:23:0,

                 from /home/administrator/ci/ci/team/workspace/src/catkin/core-perception/fl/include/fl/util/meta.hpp:23,

                 from /home/administrator/ci/ci/team/workspace/src/catkin/core-perception/fl/test/gaussian_filter/../typecast.hpp:23,

                 from /home/administrator/ci/ci/team/workspace/src/catkin/core-perception/fl/test/gaussian_filter/unscented_kalman_filter_test.cpp:21:

/home/administrator/ci/ci/team/workspace/src/catkin/core-perception/fl/include/fl/util/traits.hpp: In instantiation of ‘struct fl::AdditivityOf<int>’:

/home/administrator/ci/ci/team/workspace/src/catkin/core-perception/fl/include/fl/filter/gaussian/gaussian_filter_nonlinear.hpp:58:7:   required from ‘class fl::GaussianFilter<int, fl::LinearGaussianSensor<Eigen::Matrix<double, 10, 1, 0, 10, 1>, Eigen::Matrix<double, 3, 1, 0, 3, 1> >, fl::UnscentedQuadrature>’

/home/administrator/ci/ci/team/workspace/src/catkin/core-perception/fl/test/gaussian_filter/gaussian_filter_test_suite.hpp:245:53:   required from ‘void gtest_case_GaussianFilterTest_::predict_loop<gtest_TypeParam_>::TestBody() [with gtest_TypeParam_ = fl::StaticTest<UnscentedKalmanFilterTestConfiguration<3, 3, 10> >]’

/home/administrator/ci/ci/team/workspace/src/catkin/core-perception/fl/test/gaussian_filter/unscented_kalman_filter_test.cpp:81:41:   required from here

/home/administrator/ci/ci/team/workspace/src/catkin/core-perception/fl/include/fl/util/traits.hpp:398:70: error: ‘int’ is not a class, struct, or union type

     typedef typename AdditivityOf<Model, typename Model::Type>::Type Type;

                                                                      ^

In file included from /home/administrator/ci/ci/team/workspace/src/catkin/core-perception/fl/test/gaussian_filter/unscented_kalman_filter_test.cpp:25:0:

/home/administrator/ci/ci/team/workspace/src/catkin/core-perception/fl/test/gaussian_filter/gaussian_filter_test_suite.hpp: In instantiation of ‘void gtest_case_GaussianFilterTest_::predict_loop<gtest_TypeParam_>::TestBody() [with gtest_TypeParam_ = fl::StaticTest<UnscentedKalmanFilterTestConfiguration<3, 3, 10> >]’:

/home/administrator/ci/ci/team/workspace/src/catkin/core-perception/fl/test/gaussian_filter/unscented_kalman_filter_test.cpp:81:41:   required from here

/home/administrator/ci/ci/team/workspace/src/catkin/core-perception/fl/test/gaussian_filter/gaussian_filter_test_suite.hpp:246:40: error: ‘class fl::GaussianFilter<int, fl::LinearGaussianSensor<Eigen::Matrix<double, 10, 1, 0, 10, 1>, Eigen::Matrix<double, 3, 1, 0, 3, 1> >, fl::UnscentedQuadrature>’ has no member named ‘create_belief’

     auto belief = filter.create_belief();

                                        ^

/home/administrator/ci/ci/team/workspace/src/catkin/core-perception/fl/test/gaussian_filter/gaussian_filter_test_suite.hpp:252:9: error: ‘class fl::GaussianFilter<int, fl::LinearGaussianSensor<Eigen::Matrix<double, 10, 1, 0, 10, 1>, Eigen::Matrix<double, 3, 1, 0, 3, 1> >, fl::UnscentedQuadrature>’ has no member named ‘predict’

         filter.predict(belief, This::zero_input(filter), belief);

         ^

/home/administrator/ci/ci/team/workspace/src/catkin/core-perception/fl/test/gaussian_filter/gaussian_filter_test_suite.hpp:252:55: error: ‘zero_input’ is not a member of ‘This {aka GaussianFilterTest<fl::StaticTest<UnscentedKalmanFilterTestConfiguration<3, 3, 10> > >}’

         filter.predict(belief, This::zero_input(filter), belief);

                                                       ^

/home/administrator/ci/ci/team/workspace/src/catkin/core-perception/fl/test/gaussian_filter/gaussian_filter_test_suite.hpp: In instantiation of ‘void gtest_case_GaussianFilterTest_::predict_loop<gtest_TypeParam_>::TestBody() [with gtest_TypeParam_ = fl::StaticTest<UnscentedKalmanFilterTestConfiguration<3, 1, 2> >]’:

/home/administrator/ci/ci/team/workspace/src/catkin/core-perception/fl/test/gaussian_filter/unscented_kalman_filter_test.cpp:81:41:   required from here

/home/administrator/ci/ci/team/workspace/src/catkin/core-perception/fl/test/gaussian_filter/gaussian_filter_test_suite.hpp:246:40: error: ‘class fl::GaussianFilter<int, fl::LinearGaussianSensor<Eigen::Matrix<double, 2, 1, 0, 2, 1>, Eigen::Matrix<double, 3, 1, 0, 3, 1> >, fl::UnscentedQuadrature>’ has no member named ‘create_belief’

     auto belief = filter.create_belief();

                                        ^

/home/administrator/ci/ci/team/workspace/src/catkin/core-perception/fl/test/gaussian_filter/gaussian_filter_test_suite.hpp:252:9: error: ‘class fl::GaussianFilter<int, fl::LinearGaussianSensor<Eigen::Matrix<double, 2, 1, 0, 2, 1>, Eigen::Matrix<double, 3, 1, 0, 3, 1> >, fl::UnscentedQuadrature>’ has no member named ‘predict’

         filter.predict(belief, This::zero_input(filter), belief);

         ^

/home/administrator/ci/ci/team/workspace/src/catkin/core-perception/fl/test/gaussian_filter/gaussian_filter_test_suite.hpp:252:55: error: ‘zero_input’ is not a member of ‘This {aka GaussianFilterTest<fl::StaticTest<UnscentedKalmanFilterTestConfiguration<3, 1, 2> > >}’

         filter.predict(belief, This::zero_input(filter), belief);

                                                       ^

In file included from /home/administrator/ci/ci/team/workspace/src/catkin/core-perception/fl/include/fl/util/traits.hpp:26:0,

                 from /home/administrator/ci/ci/team/workspace/src/catkin/core-perception/fl/include/fl/util/meta/size_deduction.hpp:23,

                 from /home/administrator/ci/ci/team/workspace/src/catkin/core-perception/fl/include/fl/util/meta.hpp:23,

                 from /home/administrator/ci/ci/team/workspace/src/catkin/core-perception/fl/test/gaussian_filter/../typecast.hpp:23,

                 from /home/administrator/ci/ci/team/workspace/src/catkin/core-perception/fl/test/gaussian_filter/unscented_kalman_filter_test.cpp:21:

/home/administrator/ci/ci/team/workspace/src/catkin/core-perception/fl/test/gaussian_filter/gaussian_filter_test_suite.hpp: In instantiation of ‘void gtest_case_GaussianFilterTest_::predict_then_update<gtest_TypeParam_>::TestBody() [with gtest_TypeParam_ = fl::StaticTest<UnscentedKalmanFilterTestConfiguration<3, 1, 2> >]’:

/home/administrator/ci/ci/team/workspace/src/catkin/core-perception/fl/test/gaussian_filter/unscented_kalman_filter_test.cpp:81:41:   required from here

/home/administrator/ci/ci/team/workspace/src/catkin/core-perception/fl/include/fl/util/profiling.hpp:61:43: error: ‘class fl::GaussianFilter<int, fl::LinearGaussianSensor<Eigen::Matrix<double, 2, 1, 0, 2, 1>, Eigen::Matrix<double, 3, 1, 0, 3, 1> >, fl::UnscentedQuadrature>’ has no member named ‘name’

 #define PV(mat) std::cout << #mat << "\n" << mat << "\n\n";

                                           ^

/home/administrator/ci/ci/team/workspace/src/catkin/core-perception/fl/test/gaussian_filter/gaussian_filter_test_suite.hpp:203:5: note: in expansion of macro ‘PV’

     PV(filter.name());

     ^

In file included from /home/administrator/ci/ci/team/workspace/src/catkin/core-perception/fl/test/gaussian_filter/unscented_kalman_filter_test.cpp:25:0:

/home/administrator/ci/ci/team/workspace/src/catkin/core-perception/fl/test/gaussian_filter/gaussian_filter_test_suite.hpp:205:40: error: ‘class fl::GaussianFilter<int, fl::LinearGaussianSensor<Eigen::Matrix<double, 2, 1, 0, 2, 1>, Eigen::Matrix<double, 3, 1, 0, 3, 1> >, fl::UnscentedQuadrature>’ has no member named ‘create_belief’

     auto belief = filter.create_belief();

                                        ^

/home/administrator/ci/ci/team/workspace/src/catkin/core-perception/fl/test/gaussian_filter/gaussian_filter_test_suite.hpp:215:9: error: ‘class fl::GaussianFilter<int, fl::LinearGaussianSensor<Eigen::Matrix<double, 2, 1, 0, 2, 1>, Eigen::Matrix<double, 3, 1, 0, 3, 1> >, fl::UnscentedQuadrature>’ has no member named ‘predict’

         filter.predict(belief, This::zero_input(filter), belief);

         ^

/home/administrator/ci/ci/team/workspace/src/catkin/core-perception/fl/test/gaussian_filter/gaussian_filter_test_suite.hpp:215:55: error: ‘zero_input’ is not a member of ‘This {aka GaussianFilterTest<fl::StaticTest<UnscentedKalmanFilterTestConfiguration<3, 1, 2> > >}’

         filter.predict(belief, This::zero_input(filter), belief);

                                                       ^

/home/administrator/ci/ci/team/workspace/src/catkin/core-perception/fl/test/gaussian_filter/gaussian_filter_test_suite.hpp:226:9: error: ‘class fl::GaussianFilter<int, fl::LinearGaussianSensor<Eigen::Matrix<double, 2, 1, 0, 2, 1>, Eigen::Matrix<double, 3, 1, 0, 3, 1> >, fl::UnscentedQuadrature>’ has no member named ‘update’

         filter.update(belief, This::rand_obsrv(filter), belief);

         ^

/home/administrator/ci/ci/team/workspace/src/catkin/core-perception/fl/test/gaussian_filter/gaussian_filter_test_suite.hpp: In instantiation of ‘GaussianFilterTest<TestType>::ModelFactory::LinearTransition GaussianFilterTest<TestType>::ModelFactory::create_linear_state_model() [with TestType = fl::StaticTest<UnscentedKalmanFilterTestConfiguration<3, 3, 10> >; GaussianFilterTest<TestType>::ModelFactory::LinearTransition = int]’:

/home/administrator/ci/ci/team/workspace/src/catkin/core-perception/fl/test/gaussian_filter/unscented_kalman_filter_test.cpp:66:34:   required from ‘static typename UnscentedKalmanFilterTestConfiguration<StateDimension, InputDimension, ObsrvDimension, FilterIterations>::FilterDefinition<ModelFactory>::Type UnscentedKalmanFilterTestConfiguration<StateDimension, InputDimension, ObsrvDimension, FilterIterations>::create_filter(ModelFactory&&) [with ModelFactory = GaussianFilterTest<fl::StaticTest<UnscentedKalmanFilterTestConfiguration<3, 3, 10> > >::ModelFactory; int StateDimension = 3; int InputDimension = 3; int ObsrvDimension = 10; int FilterIterations = 100; typename UnscentedKalmanFilterTestConfiguration<StateDimension, InputDimension, ObsrvDimension, FilterIterations>::FilterDefinition<ModelFactory>::Type = fl::GaussianFilter<int, fl::LinearGaussianSensor<Eigen::Matrix<double, 10, 1, 0, 10, 1>, Eigen::Matrix<double, 3, 1, 0, 3, 1> >, fl::UnscentedQuadrature>]’

/home/administrator/ci/ci/team/workspace/src/catkin/core-perception/fl/test/gaussian_filter/gaussian_filter_test_suite.hpp:154:64:   required from ‘GaussianFilterTest<TestType>::Filter GaussianFilterTest<TestType>::create_filter(GaussianFilterTest<TestType>::ModelSetup) const [with TestType = fl::StaticTest<UnscentedKalmanFilterTestConfiguration<3, 3, 10> >; GaussianFilterTest<TestType>::Filter = fl::GaussianFilter<int, fl::LinearGaussianSensor<Eigen::Matrix<double, 10, 1, 0, 10, 1>, Eigen::Matrix<double, 3, 1, 0, 3, 1> >, fl::UnscentedQuadrature>]’

/home/administrator/ci/ci/team/workspace/src/catkin/core-perception/fl/test/gaussian_filter/gaussian_filter_test_suite.hpp:245:53:   required from ‘void gtest_case_GaussianFilterTest_::predict_loop<gtest_TypeParam_>::TestBody() [with gtest_TypeParam_ = fl::StaticTest<UnscentedKalmanFilterTestConfiguration<3, 3, 10> >]’

/home/administrator/ci/ci/team/workspace/src/catkin/core-perception/fl/test/gaussian_filter/unscented_kalman_filter_test.cpp:81:41:   required from here

/home/administrator/ci/ci/team/workspace/src/catkin/core-perception/fl/test/gaussian_filter/gaussian_filter_test_suite.hpp:95:61: error: expression list treated as compound expression in functional cast [-fpermissive]

             auto model = LinearTransition(StateDim, InputDim);

                                                             ^

/home/administrator/ci/ci/team/workspace/src/catkin/core-perception/fl/test/gaussian_filter/gaussian_filter_test_suite.hpp:95:61: warning: left operand of comma operator has no effect [-Wunused-value]

/home/administrator/ci/ci/team/workspace/src/catkin/core-perception/fl/test/gaussian_filter/gaussian_filter_test_suite.hpp: In instantiation of ‘GaussianFilterTest<TestType>::ModelFactory::LinearTransition GaussianFilterTest<TestType>::ModelFactory::create_linear_state_model() [with TestType = fl::StaticTest<UnscentedKalmanFilterTestConfiguration<3, 1, 2> >; GaussianFilterTest<TestType>::ModelFactory::LinearTransition = int]’:

/home/administrator/ci/ci/team/workspace/src/catkin/core-perception/fl/test/gaussian_filter/unscented_kalman_filter_test.cpp:66:34:   required from ‘static typename UnscentedKalmanFilterTestConfiguration<StateDimension, InputDimension, ObsrvDimension, FilterIterations>::FilterDefinition<ModelFactory>::Type UnscentedKalmanFilterTestConfiguration<StateDimension, InputDimension, ObsrvDimension, FilterIterations>::create_filter(ModelFactory&&) [with ModelFactory = GaussianFilterTest<fl::StaticTest<UnscentedKalmanFilterTestConfiguration<3, 1, 2> > >::ModelFactory; int StateDimension = 3; int InputDimension = 1; int ObsrvDimension = 2; int FilterIterations = 100; typename UnscentedKalmanFilterTestConfiguration<StateDimension, InputDimension, ObsrvDimension, FilterIterations>::FilterDefinition<ModelFactory>::Type = fl::GaussianFilter<int, fl::LinearGaussianSensor<Eigen::Matrix<double, 2, 1, 0, 2, 1>, Eigen::Matrix<double, 3, 1, 0, 3, 1> >, fl::UnscentedQuadrature>]’

/home/administrator/ci/ci/team/workspace/src/catkin/core-perception/fl/test/gaussian_filter/gaussian_filter_test_suite.hpp:154:64:   required from ‘GaussianFilterTest<TestType>::Filter GaussianFilterTest<TestType>::create_filter(GaussianFilterTest<TestType>::ModelSetup) const [with TestType = fl::StaticTest<UnscentedKalmanFilterTestConfiguration<3, 1, 2> >; GaussianFilterTest<TestType>::Filter = fl::GaussianFilter<int, fl::LinearGaussianSensor<Eigen::Matrix<double, 2, 1, 0, 2, 1>, Eigen::Matrix<double, 3, 1, 0, 3, 1> >, fl::UnscentedQuadrature>]’

/home/administrator/ci/ci/team/workspace/src/catkin/core-perception/fl/test/gaussian_filter/gaussian_filter_test_suite.hpp:245:53:   required from ‘void gtest_case_GaussianFilterTest_::predict_loop<gtest_TypeParam_>::TestBody() [with gtest_TypeParam_ = fl::StaticTest<UnscentedKalmanFilterTestConfiguration<3, 1, 2> >]’

/home/administrator/ci/ci/team/workspace/src/catkin/core-perception/fl/test/gaussian_filter/unscented_kalman_filter_test.cpp:81:41:   required from here

/home/administrator/ci/ci/team/workspace/src/catkin/core-perception/fl/test/gaussian_filter/gaussian_filter_test_suite.hpp:95:61: error: expression list treated as compound expression in functional cast [-fpermissive]

/home/administrator/ci/ci/team/workspace/src/catkin/core-perception/fl/test/gaussian_filter/gaussian_filter_test_suite.hpp:95:61: warning: left operand of comma operator has no effect [-Wunused-value]

In file included from /home/administrator/ci/ci/team/workspace/src/catkin/core-perception/fl/test/gaussian_filter/kalman_filter_test.cpp:27:0:

/home/administrator/ci/ci/team/workspace/src/catkin/core-perception/fl/include/fl/filter/gaussian/gaussian_filter_linear.hpp: In instantiation of ‘std::string fl::GaussianFilter<LinearTransition, LinearSensor>::description() const [with LinearTransition = int; LinearSensor = fl::LinearGaussianSensor<Eigen::Matrix<double, 2, 1>, Eigen::Matrix<double, 3, 1> >; std::string = std::basic_string<char>]’:

/home/administrator/ci/ci/team/workspace/src/catkin/core-perception/fl/test/gaussian_filter/kalman_filter_test.cpp:76:41:   required from here

/home/administrator/ci/ci/team/workspace/src/catkin/core-perception/fl/include/fl/filter/gaussian/gaussian_filter_linear.hpp:213:17: error: request for member ‘description’ in ‘fl::GaussianFilter<LinearTransition, LinearSensor>::transition<int, fl::LinearGaussianSensor<Eigen::Matrix<double, 2, 1>, Eigen::Matrix<double, 3, 1> > >()’, which is of non-class type ‘const int’

                 + this->list_descriptions(

                 ^

/home/administrator/ci/ci/team/workspace/src/catkin/core-perception/fl/include/fl/filter/gaussian/gaussian_filter_linear.hpp: In instantiation of ‘std::string fl::GaussianFilter<LinearTransition, LinearSensor>::name() const [with LinearTransition = int; LinearSensor = fl::LinearGaussianSensor<Eigen::Matrix<double, 10, 1, 0, 10, 1>, Eigen::Matrix<double, 3, 1> >; std::string = std::basic_string<char>]’:

/home/administrator/ci/ci/team/workspace/src/catkin/core-perception/fl/test/gaussian_filter/kalman_filter_test.cpp:76:41:   required from here

/home/administrator/ci/ci/team/workspace/src/catkin/core-perception/fl/include/fl/filter/gaussian/gaussian_filter_linear.hpp:204:17: error: request for member ‘name’ in ‘fl::GaussianFilter<LinearTransition, LinearSensor>::transition<int, fl::LinearGaussianSensor<Eigen::Matrix<double, 10, 1, 0, 10, 1>, Eigen::Matrix<double, 3, 1> > >()’, which is of non-class type ‘const int’

                 + this->list_arguments(

                 ^

/home/administrator/ci/ci/team/workspace/src/catkin/core-perception/fl/include/fl/filter/gaussian/gaussian_filter_linear.hpp: In instantiation of ‘std::string fl::GaussianFilter<LinearTransition, LinearSensor>::description() const [with LinearTransition = int; LinearSensor = fl::LinearGaussianSensor<Eigen::Matrix<double, 10, 1, 0, 10, 1>, Eigen::Matrix<double, 3, 1> >; std::string = std::basic_string<char>]’:

/home/administrator/ci/ci/team/workspace/src/catkin/core-perception/fl/test/gaussian_filter/kalman_filter_test.cpp:76:41:   required from here

/home/administrator/ci/ci/team/workspace/src/catkin/core-perception/fl/include/fl/filter/gaussian/gaussian_filter_linear.hpp:213:17: error: request for member ‘description’ in ‘fl::GaussianFilter<LinearTransition, LinearSensor>::transition<int, fl::LinearGaussianSensor<Eigen::Matrix<double, 10, 1, 0, 10, 1>, Eigen::Matrix<double, 3, 1> > >()’, which is of non-class type ‘const int’

                 + this->list_descriptions(

                 ^

Linking CXX executable /home/administrator/ci/ci/team/workspace/devel/lib/fl/chi_squared_distribution_test

[ 50%] Built target chi_squared_distribution_test

Linking CXX executable /home/administrator/ci/ci/team/workspace/devel/lib/fl/decorrelated_gaussian_distribution_test

Linking CXX executable /home/administrator/ci/ci/team/workspace/devel/lib/fl/discrete_distribution_test

[ 50%] Built target decorrelated_gaussian_distribution_test

[ 50%] Built target discrete_distribution_test

At global scope:

cc1plus: warning: unrecognized command line option "-Wno-deprecated-register" [enabled by default]

make[3]: *** [catkin/core-perception/fl/test/CMakeFiles/gaussian_filter_unscented_kalman_filter_test.dir/gaussian_filter/unscented_kalman_filter_test.cpp.o] Error 1

make[2]: *** [catkin/core-perception/fl/test/CMakeFiles/gaussian_filter_unscented_kalman_filter_test.dir/all] Error 2

/home/administrator/ci/ci/team/workspace/src/catkin/core-perception/fl/include/fl/filter/gaussian/gaussian_filter_linear.hpp: In member function ‘std::string fl::GaussianFilter<LinearTransition, LinearSensor>::description() const [with LinearTransition = int; LinearSensor = fl::LinearGaussianSensor<Eigen::Matrix<double, 2, 1>, Eigen::Matrix<double, 3, 1> >; std::string = std::basic_string<char>]’:

/home/administrator/ci/ci/team/workspace/src/catkin/core-perception/fl/include/fl/filter/gaussian/gaussian_filter_linear.hpp:216:5: warning: control reaches end of non-void function [-Wreturn-type]

     }

     ^

/home/administrator/ci/ci/team/workspace/src/catkin/core-perception/fl/include/fl/filter/gaussian/gaussian_filter_linear.hpp: In member function ‘std::string fl::GaussianFilter<LinearTransition, LinearSensor>::name() const [with LinearTransition = int; LinearSensor = fl::LinearGaussianSensor<Eigen::Matrix<double, 2, 1>, Eigen::Matrix<double, 3, 1> >; std::string = std::basic_string<char>]’:

/home/administrator/ci/ci/team/workspace/src/catkin/core-perception/fl/include/fl/filter/gaussian/gaussian_filter_linear.hpp:208:5: warning: control reaches end of non-void function [-Wreturn-type]

     }

     ^

/home/administrator/ci/ci/team/workspace/src/catkin/core-perception/fl/include/fl/filter/gaussian/gaussian_filter_linear.hpp: In member function ‘std::string fl::GaussianFilter<LinearTransition, LinearSensor>::description() const [with LinearTransition = int; LinearSensor = fl::LinearGaussianSensor<Eigen::Matrix<double, 10, 1, 0, 10, 1>, Eigen::Matrix<double, 3, 1> >; std::string = std::basic_string<char>]’:

/home/administrator/ci/ci/team/workspace/src/catkin/core-perception/fl/include/fl/filter/gaussian/gaussian_filter_linear.hpp:216:5: warning: control reaches end of non-void function [-Wreturn-type]

     }

     ^

/home/administrator/ci/ci/team/workspace/src/catkin/core-perception/fl/include/fl/filter/gaussian/gaussian_filter_linear.hpp: In member function ‘std::string fl::GaussianFilter<LinearTransition, LinearSensor>::name() const [with LinearTransition = int; LinearSensor = fl::LinearGaussianSensor<Eigen::Matrix<double, 10, 1, 0, 10, 1>, Eigen::Matrix<double, 3, 1> >; std::string = std::basic_string<char>]’:

/home/administrator/ci/ci/team/workspace/src/catkin/core-perception/fl/include/fl/filter/gaussian/gaussian_filter_linear.hpp:208:5: warning: control reaches end of non-void function [-Wreturn-type]

     }

     ^

At global scope:

cc1plus: warning: unrecognized command line option "-Wno-deprecated-register" [enabled by default]

make[3]: *** [catkin/core-perception/fl/test/CMakeFiles/gaussian_filter_kalman_filter_test.dir/gaussian_filter/kalman_filter_test.cpp.o] Error 1

make[2]: *** [catkin/core-perception/fl/test/CMakeFiles/gaussian_filter_kalman_filter_test.dir/all] Error 2

Linking CXX executable /home/administrator/ci/ci/team/workspace/devel/lib/fl/t_distribution_test

[ 50%] Built target t_distribution_test

Linking CXX executable /home/administrator/ci/ci/team/workspace/devel/lib/fl/linear_uncorrelated_gaussian_sensor_test

[ 50%] Built target linear_uncorrelated_gaussian_sensor_test

Linking CXX executable /home/administrator/ci/ci/team/workspace/devel/lib/fl/unscented_transform_test_test

[ 50%] Built target unscented_transform_test_test

Linking CXX executable /home/administrator/ci/ci/team/workspace/devel/lib/fl/linear_gaussian_sensor_test

Linking CXX executable /home/administrator/ci/ci/team/workspace/devel/lib/fl/body_tail_sensor_test

[ 50%] Built target linear_gaussian_sensor_test

[ 50%] Built target body_tail_sensor_test

Linking CXX executable /home/administrator/ci/ci/team/workspace/devel/lib/fl/joint_sensor_iid_test

Linking CXX executable /home/administrator/ci/ci/team/workspace/devel/lib/fl/linear_transition_test

[ 50%] Built target joint_sensor_iid_test

[ 50%] Built target linear_transition_test

Linking CXX executable /home/administrator/ci/ci/team/workspace/devel/lib/fl/gaussian_distribution_test

[ 50%] Built target gaussian_distribution_test

make[1]: *** [CMakeFiles/tests.dir/rule] Error 2

make: *** [tests] Error 2

Base path: /home/administrator/ci/ci/team/workspace

Source space: /home/administrator/ci/ci/team/workspace/src

Build space: /home/administrator/ci/ci/team/workspace/build

Devel space: /home/administrator/ci/ci/team/workspace/devel

Install space: /home/administrator/ci/ci/team/workspace/install

####

#### Running command: "cmake /home/administrator/ci/ci/team/workspace/src -DCATKIN_DEVEL_PREFIX=/home/administrator/ci/ci/team/workspace/devel -DCMAKE_INSTALL_PREFIX=/home/administrator/ci/ci/team/workspace/install" in "/home/administrator/ci/ci/team/workspace/build"

####

####

#### Running command: "make -j16 tests" in "/home/administrator/ci/ci/team/workspace/build"

####

Invoking "make" failed
