failed to compile unit tests:
WARNING: Catkin package name "Eigen" does not follow the naming conventions. It should start with a lower case letter and only contain lower case letters, digits, and underscores.

-- Using CATKIN_DEVEL_PREFIX: /home/administrator/ci/ci/team/workspace/devel

-- Using CMAKE_PREFIX_PATH: /home/administrator/ci/ci/team/workspace/devel;/opt/ros/indigo

-- This workspace overlays: /home/administrator/ci/ci/team/workspace/devel;/opt/ros/indigo

-- Using PYTHON_EXECUTABLE: /usr/bin/python

-- Python version: 2.7

-- Using Debian Python package layout

-- Using CATKIN_ENABLE_TESTING: ON

-- Call enable_testing()

-- Using CATKIN_TEST_RESULTS_DIR: /home/administrator/ci/ci/team/workspace/build/test_results

-- Found gtest sources under '/usr/src/gtest': gtests will be built

-- catkin 0.5.90

-- BUILD_SHARED_LIBS is on

WARNING: Catkin package name "Eigen" does not follow the naming conventions. It should start with a lower case letter and only contain lower case letters, digits, and underscores.

WARNING: Catkin package name "Eigen" does not follow the naming conventions. It should start with a lower case letter and only contain lower case letters, digits, and underscores.

-- ~~~~~~~~~~~~~~~~~~~~~~~~~~~~~~~~~~~~~~~~~~~~~~~~~

-- ~~  traversing 19 packages in topological order:

-- ~~  - Eigen

-- ~~  - robot_properties

-- ~~  - robot_properties_hermes_lower

-- ~~  - sl_config

-- ~~  - utilities

-- ~~  - lwpr

-- ~~  - sl

-- ~~  - yaml_cpp

-- ~~  - hermes_core

-- ~~  - hermes_lower

-- ~~  - robot_math

-- ~~  - io_tools

-- ~~  - floating_base_tools_hermes_lower

-- ~~  - io_tools_sl

-- ~~  - floating_base_tools_sl_hermes_lower

-- ~~  - footsteps_planner_miqcqp_sl

-- ~~  - generalized_motion_primitives_hermes_lower

-- ~~  - visualization_tools_hermes_lower

-- ~~  - hermes_lower_user

-- ~~~~~~~~~~~~~~~~~~~~~~~~~~~~~~~~~~~~~~~~~~~~~~~~~

-- +++ processing catkin package: 'Eigen'

-- ==> add_subdirectory(catkin/third_party/Eigen)

WARNING: Catkin package name "Eigen" does not follow the naming conventions. It should start with a lower case letter and only contain lower case letters, digits, and underscores.

-- +++ processing catkin package: 'robot_properties'

-- ==> add_subdirectory(catkin/humanoids/humanoid_control_skinny/robot_properties/robot_properties)

-- +++ processing catkin package: 'robot_properties_hermes_lower'

-- ==> add_subdirectory(catkin/humanoids/humanoid_control_skinny/robot_properties/robot_properties_hermes_lower)

-- +++ processing catkin package: 'sl_config'

-- ==> add_subdirectory(catkin/core-sl/sl_config)

-- +++ processing catkin package: 'utilities'

-- ==> add_subdirectory(catkin/core-sl/locomotion-utilities)

-- +++ processing catkin package: 'lwpr'

-- ==> add_subdirectory(catkin/core-sl/locomotion-lwpr)

-- +++ processing catkin package: 'sl'

-- ==> add_subdirectory(catkin/core-sl/locomotion-sl)

-- Found libedit: /usr/lib/x86_64-linux-gnu/libedit.so

-- GLUT_LIBRARIES=/usr/lib/x86_64-linux-gnu/libglut.so;/usr/lib/x86_64-linux-gnu/libXmu.so;/usr/lib/x86_64-linux-gnu/libXi.so

-- GLUT_INCLUDE_DIR=/usr/include

-- GLUT_FOUND: TRUE

-- Libedit_INCLUDE_DIRS=/usr/include

-- Libedit_LIBRARIES=/usr/lib/x86_64-linux-gnu/libedit.so

-- SLros dependencies found; compiling ROS servo.

-- +++ processing catkin package: 'yaml_cpp'

-- ==> add_subdirectory(catkin/third_party/YAML_CPP)

-- Boost version: 1.54.0

-- +++ processing catkin package: 'hermes_core'

-- ==> add_subdirectory(catkin/robots/hermesCore)

-- +++ processing catkin package: 'hermes_lower'

-- ==> add_subdirectory(catkin/robots/hermesLower)

-- Boost version: 1.54.0

-- Found the following Boost libraries:

--   thread

--   system

-- hermes_lower: compiling on everest; simulation only.

-- +++ processing catkin package: 'robot_math'

-- ==> add_subdirectory(catkin/humanoids/humanoid_control_skinny/robot_math)

-- +++ processing catkin package: 'io_tools'

-- ==> add_subdirectory(catkin/humanoids/humanoid_control_skinny/io_tools)

-- +++ processing catkin package: 'floating_base_tools_hermes_lower'

-- ==> add_subdirectory(catkin/humanoids/humanoid_control_skinny/floating_base_tools_common/floating_base_tools_hermes_lower)

-- +++ processing catkin package: 'io_tools_sl'

-- ==> add_subdirectory(catkin/humanoids/humanoid_control_skinny/io_tools_sl)

-- +++ processing catkin package: 'floating_base_tools_sl_hermes_lower'

-- ==> add_subdirectory(catkin/humanoids/humanoid_control_skinny/floating_base_tools_sl/floating_base_tools_sl_hermes_lower)

-- Boost version: 1.54.0

-- Found the following Boost libraries:

--   thread

--   system

--   filesystem

-- +++ processing catkin package: 'footsteps_planner_miqcqp_sl'

-- ==> add_subdirectory(catkin/humanoids/humanoid_control_skinny/contacts_planning_sl/footsteps_planner_MIQCQP_sl)

-- Boost version: 1.54.0

-- Found the following Boost libraries:

--   system

--   program_options

--   filesystem

-- +++ processing catkin package: 'generalized_motion_primitives_hermes_lower'

-- ==> add_subdirectory(catkin/humanoids/generalized_motion_primitives/generalized_motion_primitives_hermes_lower)

-- Boost version: 1.54.0

-- Found the following Boost libraries:

--   system

-- +++ processing catkin package: 'visualization_tools_hermes_lower'

-- ==> add_subdirectory(catkin/humanoids/humanoid_control_skinny/visualization_tools/visualization_tools_hermes_lower)

-- Boost version: 1.54.0

-- Found the following Boost libraries:

--   thread

--   system

--   filesystem

-- +++ processing catkin package: 'hermes_lower_user'

-- ==> add_subdirectory(catkin/robots/hermesLowerUser)

-- Boost version: 1.54.0

-- Found the following Boost libraries:

--   regex

--   filesystem

--   system

--   thread

julia interface not found, not compiling in julia tasks

If you want the julia interface, you need the julia_sl_interface package, and you must set an environment flag called JULIA_PATH, pointing to a directory containing a (properly compiled) julia repository. E.g.:

juliaDir=~/julia; mkdir -p $juliaDir; cd $juliaDir; git clone https://github.com/JuliaLang/julia.git .; git checkout v0.4.2; make -j 8; echo JULIA_PATH="$juliaDir" >> ~/.bashrc; echo "export PATH=\$PATH:" $juliaDir >> ~/.bashrc; source ~/.bashrc

-- Configuring done

-- Generating done

-- Build files have been written to: /home/administrator/ci/ci/team/workspace/build

Scanning dependencies of target gtest

[ 52%] [ 68%] Built target utility

Building CXX object gtest/CMakeFiles/gtest.dir/src/gtest-all.cc.o

[ 73%] Built target geometry_utils

[ 78%] Built target configuration_file_loading

Linking CXX shared library libgtest.so

[ 78%] Built target gtest

Scanning dependencies of target gtest_main

[ 84%] Building CXX object gtest/CMakeFiles/gtest_main.dir/src/gtest_main.cc.o

Linking CXX shared library libgtest_main.so

[ 84%] Built target gtest_main

Scanning dependencies of target configuration_file_loading_tests

Scanning dependencies of target geometry_utils_test

Scanning dependencies of target robot_math_test

[ 84%] [ 89%] [ 89%] Building CXX object catkin/humanoids/humanoid_control_skinny/io_tools/CMakeFiles/configuration_file_loading_tests.dir/src/configuration_file_loading/TestConfigurationFileReader.cpp.o

[ 89%] [ 94%] Building CXX object catkin/humanoids/humanoid_control_skinny/robot_math/CMakeFiles/geometry_utils_test.dir/tests/geometry_utils/main.cpp.o

[ 94%] [ 94%] Building CXX object catkin/humanoids/humanoid_control_skinny/robot_math/CMakeFiles/geometry_utils_test.dir/tests/geometry_utils/geometry_utils_test.cpp.o

[100%] Building CXX object catkin/humanoids/humanoid_control_skinny/robot_math/CMakeFiles/geometry_utils_test.dir/tests/geometry_utils/spatial_algebra_test.cpp.o

Building CXX object catkin/humanoids/humanoid_control_skinny/robot_math/CMakeFiles/geometry_utils_test.dir/tests/geometry_utils/coordinate_transform_test.cpp.o

Building CXX object catkin/humanoids/humanoid_control_skinny/robot_math/CMakeFiles/robot_math_test.dir/tests/robot_math/movable_eigen_matrix_test.cpp.o

Building CXX object catkin/humanoids/humanoid_control_skinny/robot_math/CMakeFiles/robot_math_test.dir/tests/robot_math/TestRtEiquadprog.cpp.o

Building CXX object catkin/humanoids/humanoid_control_skinny/robot_math/CMakeFiles/robot_math_test.dir/tests/robot_math/TestRtWaypointGenerator.cpp.o

/home/administrator/ci/ci/team/workspace/src/catkin/humanoids/humanoid_control_skinny/io_tools/src/configuration_file_loading/TestConfigurationFileReader.cpp: In function ‘void test_configuration_file_loading::changeToDirectoryWithConfigFile()’:

/home/administrator/ci/ci/team/workspace/src/catkin/humanoids/humanoid_control_skinny/io_tools/src/configuration_file_loading/TestConfigurationFileReader.cpp:33:74: warning: ignoring return value of ‘int chdir(const char*)’, declared with attribute warn_unused_result [-Wunused-result]

   chdir("../../../../../src/catkin/humanoids/humanoid_control/io_tools/"); //configuration_file_loading"); //

                                                                          ^

/home/administrator/ci/ci/team/workspace/src/catkin/humanoids/humanoid_control_skinny/robot_math/tests/robot_math/TestRtWaypointGenerator.cpp: In member function ‘virtual void robot_math::RtWaypointGeneration_Test_rt_waypoint_gen_query_Test::TestBody()’:

/home/administrator/ci/ci/team/workspace/src/catkin/humanoids/humanoid_control_skinny/robot_math/tests/robot_math/TestRtWaypointGenerator.cpp:31:23: error: ‘class robot_math::RtWaypointGenerator<3, 10>’ has no member named ‘resize’

       rt_waypoint_gen.resize(num_dim,num_waypoints);

                       ^

/home/administrator/ci/ci/team/workspace/src/catkin/humanoids/humanoid_control_skinny/robot_math/tests/robot_math/TestRtWaypointGenerator.cpp:50:23: error: ‘class robot_math::RtWaypointGenerator<3, 10>’ has no member named ‘initializeWaypoints’

       rt_waypoint_gen.initializeWaypoints(pos, vel, acc, time);

                       ^

In file included from /home/administrator/ci/ci/team/workspace/src/catkin/humanoids/humanoid_control_skinny/robot_math/tests/robot_math/TestRtWaypointGenerator.cpp:3:0:

/home/administrator/ci/ci/team/workspace/src/catkin/humanoids/humanoid_control_skinny/robot_math/include/robot_math/RtWaypointGenerator.h:127:10: error: ‘void robot_math::RtWaypointGenerator<num_dim, max_num_waypoints>::query(robot_math::RtWaypointGenerator<num_dim, max_num_waypoints>::VecNd&, robot_math::RtWaypointGenerator<num_dim, max_num_waypoints>::VecNd&, robot_math::RtWaypointGenerator<num_dim, max_num_waypoints>::VecNd&, double) [with int num_dim = 3; int max_num_waypoints = 10; robot_math::RtWaypointGenerator<num_dim, max_num_waypoints>::VecNd = Eigen::Matrix<double, 3, 1>]’ is private

     void RtWaypointGenerator<num_dim,max_num_waypoints>::query(VecNd &pos, VecNd &vel, VecNd &acc, double time) {

          ^

/home/administrator/ci/ci/team/workspace/src/catkin/humanoids/humanoid_control_skinny/robot_math/tests/robot_math/TestRtWaypointGenerator.cpp:58:69: error: within this context

       rt_waypoint_gen.query(pos_query, vel_query, acc_query, t_query);

                                                                     ^

make[3]: *** [catkin/humanoids/humanoid_control_skinny/robot_math/CMakeFiles/robot_math_test.dir/tests/robot_math/TestRtWaypointGenerator.cpp.o] Error 1

make[3]: *** Waiting for unfinished jobs....

Linking CXX executable /home/administrator/ci/ci/team/workspace/devel/lib/io_tools/configuration_file_loading_tests

[100%] Built target configuration_file_loading_tests

Linking CXX executable /home/administrator/ci/ci/team/workspace/devel/lib/robot_math/geometry_utils_test

[100%] Built target geometry_utils_test

make[2]: *** [catkin/humanoids/humanoid_control_skinny/robot_math/CMakeFiles/robot_math_test.dir/all] Error 2

make[1]: *** [CMakeFiles/tests.dir/rule] Error 2

make: *** [tests] Error 2

Base path: /home/administrator/ci/ci/team/workspace

Source space: /home/administrator/ci/ci/team/workspace/src

Build space: /home/administrator/ci/ci/team/workspace/build

Devel space: /home/administrator/ci/ci/team/workspace/devel

Install space: /home/administrator/ci/ci/team/workspace/install

####

#### Running command: "cmake /home/administrator/ci/ci/team/workspace/src -DCATKIN_DEVEL_PREFIX=/home/administrator/ci/ci/team/workspace/devel -DCMAKE_INSTALL_PREFIX=/home/administrator/ci/ci/team/workspace/install" in "/home/administrator/ci/ci/team/workspace/build"

####

####

#### Running command: "make -j16 tests" in "/home/administrator/ci/ci/team/workspace/build"

####

Invoking "make" failed
