failed to compile unit tests:
-- Using CATKIN_DEVEL_PREFIX: /home/administrator/ci/ci/team/workspace/devel

-- Using CMAKE_PREFIX_PATH: /home/administrator/ci/ci/team/workspace/devel;/opt/ros/indigo

-- This workspace overlays: /home/administrator/ci/ci/team/workspace/devel;/opt/ros/indigo

-- Using PYTHON_EXECUTABLE: /usr/bin/python

-- Python version: 2.7

-- Using Debian Python package layout

-- Using CATKIN_ENABLE_TESTING: ON

-- Call enable_testing()

-- Using CATKIN_TEST_RESULTS_DIR: /home/administrator/ci/ci/team/workspace/build/test_results

-- Found gtest sources under '/usr/src/gtest': gtests will be built

-- catkin 0.5.90

-- BUILD_SHARED_LIBS is on

-- ~~~~~~~~~~~~~~~~~~~~~~~~~~~~~~~~~~~~~~~~~~~~~~~~~

-- ~~  traversing 13 packages in topological order:

-- ~~  - apollo_robot_model

-- ~~  - dbrt_apollo

-- ~~  - dbrt_arm

-- ~~  - fl

-- ~~  - dbot

-- ~~  - launch_xtion

-- ~~  - object_meshes

-- ~~  - start_robot

-- ~~  - dbot_ros_msgs

-- ~~  - dbot_ros

-- ~~  - table_object_finder

-- ~~  - arm_robot_model

-- ~~  - dbrt

-- ~~~~~~~~~~~~~~~~~~~~~~~~~~~~~~~~~~~~~~~~~~~~~~~~~

-- +++ processing catkin package: 'apollo_robot_model'

-- ==> add_subdirectory(catkin/robots/apollo_robot_model)

-- +++ processing catkin package: 'dbrt_apollo'

-- ==> add_subdirectory(catkin/ros/dbrt_apollo)

-- +++ processing catkin package: 'dbrt_arm'

-- ==> add_subdirectory(catkin/ros/dbrt_arm)

-- +++ processing catkin package: 'fl'

-- ==> add_subdirectory(catkin/core-perception/fl)

-- Eigen found (include: /usr/include/eigen3)

-- Boost version: 1.54.0

-- +++ processing catkin package: 'dbot'

-- ==> add_subdirectory(catkin/core-perception/dbot)

-- Eigen found (include: /usr/include/eigen3)

-- Boost version: 1.54.0

-- Found the following Boost libraries:

--   system

--   filesystem

-- Found CUDA version 8.0

-- Using catkin

-- +++ processing catkin package: 'launch_xtion'

-- ==> add_subdirectory(catkin/ros/launch_xtion)

-- +++ processing catkin package: 'object_meshes'

-- ==> add_subdirectory(catkin/ros/object_meshes)

-- +++ processing catkin package: 'start_robot'

-- ==> add_subdirectory(catkin/robots/start_robot)

-- +++ processing catkin package: 'dbot_ros_msgs'

-- ==> add_subdirectory(catkin/ros/dbot_ros_msgs)

-- Using these message generators: gencpp;genlisp;genpy

-- dbot_ros_msgs: 3 messages, 3 services

-- +++ processing catkin package: 'dbot_ros'

-- ==> add_subdirectory(catkin/ros/dbot_ros)

-- Using these message generators: gencpp;genlisp;genpy

-- Boost version: 1.54.0

-- Eigen found (include: /usr/include/eigen3)

-- +++ processing catkin package: 'table_object_finder'

-- ==> add_subdirectory(catkin/ros/table_object_finder)

-- Using these message generators: gencpp;genlisp;genpy

-- Boost version: 1.54.0

-- Eigen found (include: /usr/include/eigen3)

-- Boost version: 1.54.0

-- Found the following Boost libraries:

--   system

--   filesystem

--   thread

--   date_time

--   iostreams

--   serialization

--   chrono

-- checking for module 'openni-dev'

--   package 'openni-dev' not found

-- checking for module 'openni2-dev'

--   package 'openni2-dev' not found

** WARNING ** io features related to pcap will be disabled

** WARNING ** io features related to png will be disabled

-- checking for module 'openni-dev'

--   package 'openni-dev' not found

-- checking for module 'openni2-dev'

--   package 'openni2-dev' not found

-- looking for PCL_COMMON

-- looking for PCL_KDTREE

-- looking for PCL_OCTREE

-- looking for PCL_SEARCH

-- looking for PCL_SURFACE

-- looking for PCL_SAMPLE_CONSENSUS

-- looking for PCL_FILTERS

-- looking for PCL_FEATURES

-- looking for PCL_KEYPOINTS

-- looking for PCL_GEOMETRY

-- looking for PCL_IO

-- looking for PCL_VISUALIZATION

-- looking for PCL_SEGMENTATION

-- looking for PCL_PEOPLE

-- looking for PCL_REGISTRATION

-- looking for PCL_RECOGNITION

-- looking for PCL_OUTOFCORE

-- looking for PCL_TRACKING

-- +++ processing catkin package: 'arm_robot_model'

-- ==> add_subdirectory(catkin/robots/arm_robot_model)

-- +++ processing catkin package: 'dbrt'

-- ==> add_subdirectory(catkin/core-perception/dbrt)

-- Using these message generators: gencpp;genlisp;genpy

-- Boost version: 1.54.0

-- Eigen found (include: /usr/include/eigen3)

-- cimport.h exists. Therefore Assimp V3 must be installed and will be used.

-- Configuring done

-- Generating done

-- Build files have been written to: /home/administrator/ci/ci/team/workspace/build

Scanning dependencies of target gtest

[  0%] Building CXX object gtest/CMakeFiles/gtest.dir/src/gtest-all.cc.o

Linking CXX shared library /home/administrator/ci/ci/team/workspace/devel/lib/libdbot_gpu.so

[ 15%] Built target dbot

[ 18%] Built target dbot_gpu

Linking CXX shared library libgtest.so

[ 18%] Built target gtest

Scanning dependencies of target gtest_main

[ 20%] Building CXX object gtest/CMakeFiles/gtest_main.dir/src/gtest_main.cc.o

Linking CXX shared library libgtest_main.so

[ 20%] Built target gtest_main

Scanning dependencies of target simple_shader_provider_test_test

Scanning dependencies of target options_test

Scanning dependencies of target descriptor_test

[ 20%] [ 21%] Scanning dependencies of target scalar_matrix_test

Building CXX object catkin/core-perception/dbot/CMakeFiles/simple_shader_provider_test_test.dir/source/dbot/simple_shader_provider_test.cpp.o

[ 23%] Scanning dependencies of target join_test

Building CXX object catkin/core-perception/fl/test/CMakeFiles/options_test.dir/utils/options_test.cpp.o

Scanning dependencies of target la_is_diagonal_test

[ 24%] Scanning dependencies of target traits_test

Scanning dependencies of target meta_test

Scanning dependencies of target la_square_root_test

Scanning dependencies of target la_smw_inversion_test

Building CXX object catkin/core-perception/fl/test/CMakeFiles/descriptor_test.dir/utils/descriptor_test.cpp.o

Building CXX object catkin/core-perception/fl/test/CMakeFiles/scalar_matrix_test.dir/utils/scalar_matrix_test.cpp.o

Scanning dependencies of target body_tail_sensor_test

Scanning dependencies of target joint_sensor_iid_test

Scanning dependencies of target sp_normal_to_uniform_test

[ 24%] [ 24%] [ 26%] [ 27%] Building CXX object catkin/core-perception/fl/test/CMakeFiles/traits_test.dir/utils/traits_test.cpp.o

Scanning dependencies of target linear_uncorrelated_gaussian_sensor_test

Building CXX object catkin/core-perception/fl/test/CMakeFiles/la_square_root_test.dir/utils/linear_algebra_square_root_test.cpp.o

Scanning dependencies of target linear_transition_test

[ 27%] Building CXX object catkin/core-perception/fl/test/CMakeFiles/meta_test.dir/utils/meta_test.cpp.o

Building CXX object catkin/core-perception/fl/test/CMakeFiles/join_test.dir/utils/join_test.cpp.o

[ 27%] Scanning dependencies of target linear_gaussian_sensor_test

Building CXX object catkin/core-perception/fl/test/CMakeFiles/sp_normal_to_uniform_test.dir/utils/special_functions_normal_to_uniform_test.cpp.o

[ 30%] [ 30%] [ 32%] Building CXX object catkin/core-perception/fl/test/CMakeFiles/la_is_diagonal_test.dir/utils/linear_algebra_is_diagonal_test.cpp.o

Building CXX object catkin/core-perception/fl/test/CMakeFiles/joint_sensor_iid_test.dir/model/sensor/joint_sensor_iid_test.cpp.o

Building CXX object catkin/core-perception/fl/test/CMakeFiles/body_tail_sensor_test.dir/model/sensor/body_tail_sensor_test.cpp.o

[ 33%] Building CXX object catkin/core-perception/fl/test/CMakeFiles/la_smw_inversion_test.dir/utils/linear_algebra_smw_inversion_test.cpp.o

Building CXX object catkin/core-perception/fl/test/CMakeFiles/linear_transition_test.dir/model/transition/linear_transition_test.cpp.o

[ 33%] Building CXX object catkin/core-perception/fl/test/CMakeFiles/linear_uncorrelated_gaussian_sensor_test.dir/model/sensor/linear_uncorrelated_gaussian_sensor_test.cpp.o

[ 33%] Building CXX object catkin/core-perception/fl/test/CMakeFiles/linear_gaussian_sensor_test.dir/model/sensor/linear_gaussian_sensor_test.cpp.o

Linking CXX executable /home/administrator/ci/ci/team/workspace/devel/lib/dbot/simple_shader_provider_test_test

Linking CXX executable /home/administrator/ci/ci/team/workspace/devel/lib/fl/descriptor_test

Linking CXX executable /home/administrator/ci/ci/team/workspace/devel/lib/fl/options_test

[ 33%] Built target options_test

[ 33%] Built target descriptor_test

Scanning dependencies of target orientation_transition_function_test

Scanning dependencies of target binary_transition_density_test

[ 35%] [ 35%] Building CXX object catkin/core-perception/fl/test/CMakeFiles/orientation_transition_function_test.dir/model/transition/orientation_transition_function_test.cpp.o

Building CXX object catkin/core-perception/fl/test/CMakeFiles/binary_transition_density_test.dir/model/binary_transition_density_test.cpp.o

[ 35%] Built target simple_shader_provider_test_test

Scanning dependencies of target filter_interface_test

[ 36%] Building CXX object catkin/core-perception/fl/test/CMakeFiles/filter_interface_test.dir/filter_interface/filter_interface_test.cpp.o

Linking CXX executable /home/administrator/ci/ci/team/workspace/devel/lib/fl/join_test

Linking CXX executable /home/administrator/ci/ci/team/workspace/devel/lib/fl/sp_normal_to_uniform_test

Linking CXX executable /home/administrator/ci/ci/team/workspace/devel/lib/fl/traits_test

[ 36%] Built target join_test

[ 36%] Built target sp_normal_to_uniform_test

[ 36%] Built target traits_test

Scanning dependencies of target gaussian_distribution_test

[ 38%] Building CXX object catkin/core-perception/fl/test/CMakeFiles/gaussian_distribution_test.dir/distribution/gaussian_test.cpp.o

Scanning dependencies of target decorrelated_gaussian_distribution_test

Scanning dependencies of target discrete_distribution_test

Linking CXX executable /home/administrator/ci/ci/team/workspace/devel/lib/fl/meta_test

[ 38%] [ 40%] Building CXX object catkin/core-perception/fl/test/CMakeFiles/discrete_distribution_test.dir/distribution/discrete_distribution_test.cpp.o

Building CXX object catkin/core-perception/fl/test/CMakeFiles/decorrelated_gaussian_distribution_test.dir/distribution/decorrelated_gaussian_test.cpp.o

[ 40%] Built target meta_test

Linking CXX executable /home/administrator/ci/ci/team/workspace/devel/lib/fl/scalar_matrix_test

Scanning dependencies of target chi_squared_distribution_test

[ 40%] Building CXX object catkin/core-perception/fl/test/CMakeFiles/chi_squared_distribution_test.dir/distribution/chi_squared_distribution_test.cpp.o

[ 40%] Built target scalar_matrix_test

Scanning dependencies of target t_distribution_test

[ 41%] Building CXX object catkin/core-perception/fl/test/CMakeFiles/t_distribution_test.dir/distribution/t_distribution_test.cpp.o

Linking CXX executable /home/administrator/ci/ci/team/workspace/devel/lib/fl/la_is_diagonal_test

Linking CXX executable /home/administrator/ci/ci/team/workspace/devel/lib/fl/orientation_transition_function_test

[ 41%] Built target la_is_diagonal_test

Scanning dependencies of target exception_test

[ 43%] [ 43%] Building CXX object catkin/core-perception/fl/test/CMakeFiles/exception_test.dir/exception/exception_test.cpp.o

Built target orientation_transition_function_test

Scanning dependencies of target unscented_transform_test_test

[ 44%] Linking CXX executable /home/administrator/ci/ci/team/workspace/devel/lib/fl/binary_transition_density_test

Building CXX object catkin/core-perception/fl/test/CMakeFiles/unscented_transform_test_test.dir/gaussian_filter/unscented_transform_test.cpp.o

[ 44%] Built target binary_transition_density_test

Scanning dependencies of target gaussian_filter_kalman_filter_test

[ 44%] Building CXX object catkin/core-perception/fl/test/CMakeFiles/gaussian_filter_kalman_filter_test.dir/gaussian_filter/kalman_filter_test.cpp.o

Linking CXX executable /home/administrator/ci/ci/team/workspace/devel/lib/fl/filter_interface_test

[ 44%] Built target filter_interface_test

Scanning dependencies of target gaussian_filter_unscented_kalman_filter_test

[ 44%] Building CXX object catkin/core-perception/fl/test/CMakeFiles/gaussian_filter_unscented_kalman_filter_test.dir/gaussian_filter/unscented_kalman_filter_test.cpp.o

Linking CXX executable /home/administrator/ci/ci/team/workspace/devel/lib/fl/la_smw_inversion_test

[ 44%] Built target la_smw_inversion_test

In file included from /home/administrator/ci/ci/team/workspace/src/catkin/core-perception/fl/test/gaussian_filter/kalman_filter_test.cpp:25:0:

/home/administrator/ci/ci/team/workspace/src/catkin/core-perception/fl/test/gaussian_filter/gaussian_filter_test_suite.hpp:87:17: error: wrong number of template arguments (2, should be 3)

                 > LinearTransition;

                 ^

In file included from /home/administrator/ci/ci/team/workspace/src/catkin/core-perception/fl/test/gaussian_filter/gaussian_filter_test_suite.hpp:35:0,

                 from /home/administrator/ci/ci/team/workspace/src/catkin/core-perception/fl/test/gaussian_filter/kalman_filter_test.cpp:25:

/home/administrator/ci/ci/team/workspace/src/catkin/core-perception/fl/include/fl/model/transition/linear_transition.hpp:42:7: error: provided for ‘template<class State_, class Noise_, class Input_> class fl::LinearTransition’

 class LinearTransition

       ^

In file included from /home/administrator/ci/ci/team/workspace/src/catkin/core-perception/fl/test/gaussian_filter/kalman_filter_test.cpp:25:0:

/home/administrator/ci/ci/team/workspace/src/catkin/core-perception/fl/test/gaussian_filter/gaussian_filter_test_suite.hpp: In member function ‘GaussianFilterTest<TestType>::ModelFactory::LinearTransition GaussianFilterTest<TestType>::ModelFactory::create_linear_state_model()’:

/home/administrator/ci/ci/team/workspace/src/catkin/core-perception/fl/test/gaussian_filter/gaussian_filter_test_suite.hpp:97:28: error: request for member ‘create_dynamics_matrix’ in ‘model’, which is of non-class type ‘int’

             auto A = model.create_dynamics_matrix();

                            ^

/home/administrator/ci/ci/team/workspace/src/catkin/core-perception/fl/test/gaussian_filter/gaussian_filter_test_suite.hpp:98:28: error: request for member ‘create_noise_matrix’ in ‘model’, which is of non-class type ‘int’

             auto Q = model.create_noise_matrix();

                            ^

/home/administrator/ci/ci/team/workspace/src/catkin/core-perception/fl/test/gaussian_filter/gaussian_filter_test_suite.hpp:113:19: error: request for member ‘dynamics_matrix’ in ‘model’, which is of non-class type ‘int’

             model.dynamics_matrix(A);

                   ^

/home/administrator/ci/ci/team/workspace/src/catkin/core-perception/fl/test/gaussian_filter/gaussian_filter_test_suite.hpp:114:19: error: request for member ‘noise_matrix’ in ‘model’, which is of non-class type ‘int’

             model.noise_matrix(Q);

                   ^

Scanning dependencies of target multi_sensor_gaussian_filter_test

[ 44%] Building CXX object catkin/core-perception/fl/test/CMakeFiles/multi_sensor_gaussian_filter_test.dir/gaussian_filter/multi_sensor_gaussian_filter_test.cpp.o

In file included from /home/administrator/ci/ci/team/workspace/src/catkin/core-perception/fl/test/gaussian_filter/kalman_filter_test.cpp:27:0:

/home/administrator/ci/ci/team/workspace/src/catkin/core-perception/fl/include/fl/filter/gaussian/gaussian_filter_linear.hpp: In instantiation of ‘struct fl::Traits<fl::GaussianFilter<int, fl::LinearGaussianSensor<Eigen::Matrix<double, 2, 1, 0, 2, 1>, Eigen::Matrix<double, 3, 1, 0, 3, 1> > > >’:

/home/administrator/ci/ci/team/workspace/src/catkin/core-perception/fl/test/gaussian_filter/gaussian_filter_test_suite.hpp:157:40:   required from ‘class GaussianFilterTest<fl::StaticTest<KalmanFilterTestConfiguration<3, 1, 2> > >’

/home/administrator/ci/ci/team/workspace/src/catkin/core-perception/fl/test/gaussian_filter/gaussian_filter_test_suite.hpp:197:1:   required from ‘class gtest_case_GaussianFilterTest_::predict_then_update<fl::StaticTest<KalmanFilterTestConfiguration<3, 1, 2> > >’

/usr/include/gtest/internal/gtest-internal.h:663:39:   required from ‘static bool testing::internal::TypeParameterizedTest<Fixture, TestSel, Types>::Register(const char*, const char*, const char*, int) [with Fixture = GaussianFilterTest; TestSel = testing::internal::TemplateSel<gtest_case_GaussianFilterTest_::predict_then_update>; Types = testing::internal::Types6<fl::StaticTest<KalmanFilterTestConfiguration<3, 1, 2> >, fl::StaticTest<KalmanFilterTestConfiguration<3, 3, 10> >, fl::StaticTest<KalmanFilterTestConfiguration<10, 10, 20> >, fl::DynamicTest<KalmanFilterTestConfiguration<3, 1, 2> >, fl::DynamicTest<KalmanFilterTestConfiguration<3, 3, 10> >, fl::DynamicTest<KalmanFilterTestConfiguration<10, 10, 20> > >]’

/usr/include/gtest/internal/gtest-internal.h:694:41:   required from ‘static bool testing::internal::TypeParameterizedTestCase<Fixture, Tests, Types>::Register(const char*, const char*, const char*) [with Fixture = GaussianFilterTest; Tests = testing::internal::Templates2<gtest_case_GaussianFilterTest_::predict_then_update, gtest_case_GaussianFilterTest_::predict_loop>; Types = testing::internal::Types6<fl::StaticTest<KalmanFilterTestConfiguration<3, 1, 2> >, fl::StaticTest<KalmanFilterTestConfiguration<3, 3, 10> >, fl::StaticTest<KalmanFilterTestConfiguration<10, 10, 20> >, fl::DynamicTest<KalmanFilterTestConfiguration<3, 1, 2> >, fl::DynamicTest<KalmanFilterTestConfiguration<3, 3, 10> >, fl::DynamicTest<KalmanFilterTestConfiguration<10, 10, 20> > >]’

/home/administrator/ci/ci/team/workspace/src/catkin/core-perception/fl/test/gaussian_filter/kalman_filter_test.cpp:74:1:   required from here

/home/administrator/ci/ci/team/workspace/src/catkin/core-perception/fl/include/fl/filter/gaussian/gaussian_filter_linear.hpp:59:46: error: ‘int’ is not a class, struct, or union type

     typedef typename LinearTransition::State State;

                                              ^

/home/administrator/ci/ci/team/workspace/src/catkin/core-perception/fl/include/fl/filter/gaussian/gaussian_filter_linear.hpp:60:46: error: ‘int’ is not a class, struct, or union type

     typedef typename LinearTransition::Input Input;

                                              ^

/home/administrator/ci/ci/team/workspace/src/catkin/core-perception/fl/include/fl/filter/gaussian/gaussian_filter_linear.hpp:62:29: error: ‘int’ is not a class, struct, or union type

     typedef Gaussian<State> Belief;

                             ^

/home/administrator/ci/ci/team/workspace/src/catkin/core-perception/fl/include/fl/filter/gaussian/gaussian_filter_linear.hpp: In instantiation of ‘struct fl::Traits<fl::GaussianFilter<int, fl::LinearGaussianSensor<Eigen::Matrix<double, 10, 1, 0, 10, 1>, Eigen::Matrix<double, 3, 1, 0, 3, 1> > > >’:

/home/administrator/ci/ci/team/workspace/src/catkin/core-perception/fl/test/gaussian_filter/gaussian_filter_test_suite.hpp:157:40:   required from ‘class GaussianFilterTest<fl::StaticTest<KalmanFilterTestConfiguration<3, 3, 10> > >’

/home/administrator/ci/ci/team/workspace/src/catkin/core-perception/fl/test/gaussian_filter/gaussian_filter_test_suite.hpp:241:1:   required from ‘class gtest_case_GaussianFilterTest_::predict_loop<fl::StaticTest<KalmanFilterTestConfiguration<3, 3, 10> > >’

/usr/include/gtest/internal/gtest-internal.h:663:39:   required from ‘static bool testing::internal::TypeParameterizedTest<Fixture, TestSel, Types>::Register(const char*, const char*, const char*, int) [with Fixture = GaussianFilterTest; TestSel = testing::internal::TemplateSel<gtest_case_GaussianFilterTest_::predict_loop>; Types = testing::internal::Types5<fl::StaticTest<KalmanFilterTestConfiguration<3, 3, 10> >, fl::StaticTest<KalmanFilterTestConfiguration<10, 10, 20> >, fl::DynamicTest<KalmanFilterTestConfiguration<3, 1, 2> >, fl::DynamicTest<KalmanFilterTestConfiguration<3, 3, 10> >, fl::DynamicTest<KalmanFilterTestConfiguration<10, 10, 20> > >]’

/usr/include/gtest/internal/gtest-internal.h:667:60:   required from ‘static bool testing::internal::TypeParameterizedTest<Fixture, TestSel, Types>::Register(const char*, const char*, const char*, int) [with Fixture = GaussianFilterTest; TestSel = testing::internal::TemplateSel<gtest_case_GaussianFilterTest_::predict_loop>; Types = testing::internal::Types6<fl::StaticTest<KalmanFilterTestConfiguration<3, 1, 2> >, fl::StaticTest<KalmanFilterTestConfiguration<3, 3, 10> >, fl::StaticTest<KalmanFilterTestConfiguration<10, 10, 20> >, fl::DynamicTest<KalmanFilterTestConfiguration<3, 1, 2> >, fl::DynamicTest<KalmanFilterTestConfiguration<3, 3, 10> >, fl::DynamicTest<KalmanFilterTestConfiguration<10, 10, 20> > >]’

/usr/include/gtest/internal/gtest-internal.h:694:41:   required from ‘static bool testing::internal::TypeParameterizedTestCase<Fixture, Tests, Types>::Register(const char*, const char*, const char*) [with Fixture = GaussianFilterTest; Tests = testing::internal::Templates1<gtest_case_GaussianFilterTest_::predict_loop>; Types = testing::internal::Types6<fl::StaticTest<KalmanFilterTestConfiguration<3, 1, 2> >, fl::StaticTest<KalmanFilterTestConfiguration<3, 3, 10> >, fl::StaticTest<KalmanFilterTestConfiguration<10, 10, 20> >, fl::DynamicTest<KalmanFilterTestConfiguration<3, 1, 2> >, fl::DynamicTest<KalmanFilterTestConfiguration<3, 3, 10> >, fl::DynamicTest<KalmanFilterTestConfiguration<10, 10, 20> > >]’

/usr/include/gtest/internal/gtest-internal.h:698:60:   required from ‘static bool testing::internal::TypeParameterizedTestCase<Fixture, Tests, Types>::Register(const char*, const char*, const char*) [with Fixture = GaussianFilterTest; Tests = testing::internal::Templates2<gtest_case_GaussianFilterTest_::predict_then_update, gtest_case_GaussianFilterTest_::predict_loop>; Types = testing::internal::Types6<fl::StaticTest<KalmanFilterTestConfiguration<3, 1, 2> >, fl::StaticTest<KalmanFilterTestConfiguration<3, 3, 10> >, fl::StaticTest<KalmanFilterTestConfiguration<10, 10, 20> >, fl::DynamicTest<KalmanFilterTestConfiguration<3, 1, 2> >, fl::DynamicTest<KalmanFilterTestConfiguration<3, 3, 10> >, fl::DynamicTest<KalmanFilterTestConfiguration<10, 10, 20> > >]’

/home/administrator/ci/ci/team/workspace/src/catkin/core-perception/fl/test/gaussian_filter/kalman_filter_test.cpp:74:1:   required from here

/home/administrator/ci/ci/team/workspace/src/catkin/core-perception/fl/include/fl/filter/gaussian/gaussian_filter_linear.hpp:59:46: error: ‘int’ is not a class, struct, or union type

     typedef typename LinearTransition::State State;

                                              ^

/home/administrator/ci/ci/team/workspace/src/catkin/core-perception/fl/include/fl/filter/gaussian/gaussian_filter_linear.hpp:60:46: error: ‘int’ is not a class, struct, or union type

     typedef typename LinearTransition::Input Input;

                                              ^

/home/administrator/ci/ci/team/workspace/src/catkin/core-perception/fl/include/fl/filter/gaussian/gaussian_filter_linear.hpp:62:29: error: ‘int’ is not a class, struct, or union type

     typedef Gaussian<State> Belief;

                             ^

In file included from /home/administrator/ci/ci/team/workspace/src/catkin/core-perception/fl/test/gaussian_filter/unscented_kalman_filter_test.cpp:25:0:

/home/administrator/ci/ci/team/workspace/src/catkin/core-perception/fl/test/gaussian_filter/gaussian_filter_test_suite.hpp:87:17: error: wrong number of template arguments (2, should be 3)

                 > LinearTransition;

                 ^

In file included from /home/administrator/ci/ci/team/workspace/src/catkin/core-perception/fl/test/gaussian_filter/gaussian_filter_test_suite.hpp:35:0,

                 from /home/administrator/ci/ci/team/workspace/src/catkin/core-perception/fl/test/gaussian_filter/unscented_kalman_filter_test.cpp:25:

/home/administrator/ci/ci/team/workspace/src/catkin/core-perception/fl/include/fl/model/transition/linear_transition.hpp:42:7: error: provided for ‘template<class State_, class Noise_, class Input_> class fl::LinearTransition’

 class LinearTransition

       ^

In file included from /home/administrator/ci/ci/team/workspace/src/catkin/core-perception/fl/test/gaussian_filter/unscented_kalman_filter_test.cpp:25:0:

/home/administrator/ci/ci/team/workspace/src/catkin/core-perception/fl/test/gaussian_filter/gaussian_filter_test_suite.hpp: In member function ‘GaussianFilterTest<TestType>::ModelFactory::LinearTransition GaussianFilterTest<TestType>::ModelFactory::create_linear_state_model()’:

/home/administrator/ci/ci/team/workspace/src/catkin/core-perception/fl/test/gaussian_filter/gaussian_filter_test_suite.hpp:97:28: error: request for member ‘create_dynamics_matrix’ in ‘model’, which is of non-class type ‘int’

             auto A = model.create_dynamics_matrix();

                            ^

/home/administrator/ci/ci/team/workspace/src/catkin/core-perception/fl/test/gaussian_filter/gaussian_filter_test_suite.hpp:98:28: error: request for member ‘create_noise_matrix’ in ‘model’, which is of non-class type ‘int’

             auto Q = model.create_noise_matrix();

                            ^

/home/administrator/ci/ci/team/workspace/src/catkin/core-perception/fl/test/gaussian_filter/gaussian_filter_test_suite.hpp:113:19: error: request for member ‘dynamics_matrix’ in ‘model’, which is of non-class type ‘int’

             model.dynamics_matrix(A);

                   ^

/home/administrator/ci/ci/team/workspace/src/catkin/core-perception/fl/test/gaussian_filter/gaussian_filter_test_suite.hpp:114:19: error: request for member ‘noise_matrix’ in ‘model’, which is of non-class type ‘int’

             model.noise_matrix(Q);

                   ^

In file included from /home/administrator/ci/ci/team/workspace/src/catkin/core-perception/fl/include/fl/util/meta/size_deduction.hpp:23:0,

                 from /home/administrator/ci/ci/team/workspace/src/catkin/core-perception/fl/include/fl/util/meta.hpp:23,

                 from /home/administrator/ci/ci/team/workspace/src/catkin/core-perception/fl/test/gaussian_filter/../typecast.hpp:23,

                 from /home/administrator/ci/ci/team/workspace/src/catkin/core-perception/fl/test/gaussian_filter/kalman_filter_test.cpp:21:

/home/administrator/ci/ci/team/workspace/src/catkin/core-perception/fl/include/fl/util/traits.hpp: In instantiation of ‘struct fl::ForwardLinearModelOnly<int>’:

/home/administrator/ci/ci/team/workspace/src/catkin/core-perception/fl/include/fl/filter/gaussian/gaussian_filter_linear.hpp:82:7:   required from ‘class fl::GaussianFilter<int, fl::LinearGaussianSensor<Eigen::Matrix<double, 10, 1, 0, 10, 1>, Eigen::Matrix<double, 3, 1, 0, 3, 1> > >’

/home/administrator/ci/ci/team/workspace/src/catkin/core-perception/fl/test/gaussian_filter/gaussian_filter_test_suite.hpp:245:53:   required from ‘void gtest_case_GaussianFilterTest_::predict_loop<gtest_TypeParam_>::TestBody() [with gtest_TypeParam_ = fl::StaticTest<KalmanFilterTestConfiguration<3, 3, 10> >]’

/home/administrator/ci/ci/team/workspace/src/catkin/core-perception/fl/test/gaussian_filter/kalman_filter_test.cpp:76:41:   required from here

/home/administrator/ci/ci/team/workspace/src/catkin/core-perception/fl/include/fl/util/traits.hpp:436:5: error: static assertion failed: The specified model is not linear!

     static_assert(std::is_base_of<internal::LinearModelType, Model>::value,

     ^

In file included from /home/administrator/ci/ci/team/workspace/src/catkin/core-perception/fl/test/gaussian_filter/kalman_filter_test.cpp:27:0:

/home/administrator/ci/ci/team/workspace/src/catkin/core-perception/fl/include/fl/filter/gaussian/gaussian_filter_linear.hpp: In instantiation of ‘class fl::GaussianFilter<int, fl::LinearGaussianSensor<Eigen::Matrix<double, 10, 1, 0, 10, 1>, Eigen::Matrix<double, 3, 1, 0, 3, 1> > >’:

/home/administrator/ci/ci/team/workspace/src/catkin/core-perception/fl/test/gaussian_filter/gaussian_filter_test_suite.hpp:245:53:   required from ‘void gtest_case_GaussianFilterTest_::predict_loop<gtest_TypeParam_>::TestBody() [with gtest_TypeParam_ = fl::StaticTest<KalmanFilterTestConfiguration<3, 3, 10> >]’

/home/administrator/ci/ci/team/workspace/src/catkin/core-perception/fl/test/gaussian_filter/kalman_filter_test.cpp:76:41:   required from here

/home/administrator/ci/ci/team/workspace/src/catkin/core-perception/fl/include/fl/filter/gaussian/gaussian_filter_linear.hpp:94:46: error: ‘int’ is not a class, struct, or union type

     typedef typename LinearTransition::State State;

                                              ^

/home/administrator/ci/ci/team/workspace/src/catkin/core-perception/fl/include/fl/filter/gaussian/gaussian_filter_linear.hpp:95:46: error: ‘int’ is not a class, struct, or union type

     typedef typename LinearTransition::Input Input;

                                              ^

/home/administrator/ci/ci/team/workspace/src/catkin/core-perception/fl/include/fl/filter/gaussian/gaussian_filter_linear.hpp:103:29: error: ‘int’ is not a class, struct, or union type

     typedef Gaussian<State> Belief;

                             ^

In file included from /home/administrator/ci/ci/team/workspace/src/catkin/core-perception/fl/test/gaussian_filter/kalman_filter_test.cpp:25:0:

/home/administrator/ci/ci/team/workspace/src/catkin/core-perception/fl/test/gaussian_filter/gaussian_filter_test_suite.hpp: In instantiation of ‘void gtest_case_GaussianFilterTest_::predict_loop<gtest_TypeParam_>::TestBody() [with gtest_TypeParam_ = fl::StaticTest<KalmanFilterTestConfiguration<3, 3, 10> >]’:

/home/administrator/ci/ci/team/workspace/src/catkin/core-perception/fl/test/gaussian_filter/kalman_filter_test.cpp:76:41:   required from here

/home/administrator/ci/ci/team/workspace/src/catkin/core-perception/fl/test/gaussian_filter/gaussian_filter_test_suite.hpp:246:40: error: ‘class fl::GaussianFilter<int, fl::LinearGaussianSensor<Eigen::Matrix<double, 10, 1, 0, 10, 1>, Eigen::Matrix<double, 3, 1, 0, 3, 1> > >’ has no member named ‘create_belief’

     auto belief = filter.create_belief();

                                        ^

/home/administrator/ci/ci/team/workspace/src/catkin/core-perception/fl/test/gaussian_filter/gaussian_filter_test_suite.hpp:252:9: error: ‘class fl::GaussianFilter<int, fl::LinearGaussianSensor<Eigen::Matrix<double, 10, 1, 0, 10, 1>, Eigen::Matrix<double, 3, 1, 0, 3, 1> > >’ has no member named ‘predict’

         filter.predict(belief, This::zero_input(filter), belief);

         ^

/home/administrator/ci/ci/team/workspace/src/catkin/core-perception/fl/test/gaussian_filter/gaussian_filter_test_suite.hpp:252:55: error: ‘zero_input’ is not a member of ‘This {aka GaussianFilterTest<fl::StaticTest<KalmanFilterTestConfiguration<3, 3, 10> > >}’

         filter.predict(belief, This::zero_input(filter), belief);

                                                       ^

In file included from /home/administrator/ci/ci/team/workspace/src/catkin/core-perception/fl/test/gaussian_filter/kalman_filter_test.cpp:27:0:

/home/administrator/ci/ci/team/workspace/src/catkin/core-perception/fl/include/fl/filter/gaussian/gaussian_filter_linear.hpp: In instantiation of ‘class fl::GaussianFilter<int, fl::LinearGaussianSensor<Eigen::Matrix<double, 2, 1, 0, 2, 1>, Eigen::Matrix<double, 3, 1, 0, 3, 1> > >’:

/home/administrator/ci/ci/team/workspace/src/catkin/core-perception/fl/test/gaussian_filter/gaussian_filter_test_suite.hpp:245:53:   required from ‘void gtest_case_GaussianFilterTest_::predict_loop<gtest_TypeParam_>::TestBody() [with gtest_TypeParam_ = fl::StaticTest<KalmanFilterTestConfiguration<3, 1, 2> >]’

/home/administrator/ci/ci/team/workspace/src/catkin/core-perception/fl/test/gaussian_filter/kalman_filter_test.cpp:76:41:   required from here

/home/administrator/ci/ci/team/workspace/src/catkin/core-perception/fl/include/fl/filter/gaussian/gaussian_filter_linear.hpp:94:46: error: ‘int’ is not a class, struct, or union type

     typedef typename LinearTransition::State State;

                                              ^

/home/administrator/ci/ci/team/workspace/src/catkin/core-perception/fl/include/fl/filter/gaussian/gaussian_filter_linear.hpp:95:46: error: ‘int’ is not a class, struct, or union type

     typedef typename LinearTransition::Input Input;

                                              ^

/home/administrator/ci/ci/team/workspace/src/catkin/core-perception/fl/include/fl/filter/gaussian/gaussian_filter_linear.hpp:103:29: error: ‘int’ is not a class, struct, or union type

     typedef Gaussian<State> Belief;

                             ^

In file included from /home/administrator/ci/ci/team/workspace/src/catkin/core-perception/fl/test/gaussian_filter/kalman_filter_test.cpp:25:0:

/home/administrator/ci/ci/team/workspace/src/catkin/core-perception/fl/test/gaussian_filter/gaussian_filter_test_suite.hpp: In instantiation of ‘void gtest_case_GaussianFilterTest_::predict_loop<gtest_TypeParam_>::TestBody() [with gtest_TypeParam_ = fl::StaticTest<KalmanFilterTestConfiguration<3, 1, 2> >]’:

/home/administrator/ci/ci/team/workspace/src/catkin/core-perception/fl/test/gaussian_filter/kalman_filter_test.cpp:76:41:   required from here

/home/administrator/ci/ci/team/workspace/src/catkin/core-perception/fl/test/gaussian_filter/gaussian_filter_test_suite.hpp:246:40: error: ‘class fl::GaussianFilter<int, fl::LinearGaussianSensor<Eigen::Matrix<double, 2, 1, 0, 2, 1>, Eigen::Matrix<double, 3, 1, 0, 3, 1> > >’ has no member named ‘create_belief’

     auto belief = filter.create_belief();

                                        ^

/home/administrator/ci/ci/team/workspace/src/catkin/core-perception/fl/test/gaussian_filter/gaussian_filter_test_suite.hpp:252:9: error: ‘class fl::GaussianFilter<int, fl::LinearGaussianSensor<Eigen::Matrix<double, 2, 1, 0, 2, 1>, Eigen::Matrix<double, 3, 1, 0, 3, 1> > >’ has no member named ‘predict’

         filter.predict(belief, This::zero_input(filter), belief);

         ^

/home/administrator/ci/ci/team/workspace/src/catkin/core-perception/fl/test/gaussian_filter/gaussian_filter_test_suite.hpp:252:55: error: ‘zero_input’ is not a member of ‘This {aka GaussianFilterTest<fl::StaticTest<KalmanFilterTestConfiguration<3, 1, 2> > >}’

         filter.predict(belief, This::zero_input(filter), belief);

                                                       ^

/home/administrator/ci/ci/team/workspace/src/catkin/core-perception/fl/test/gaussian_filter/gaussian_filter_test_suite.hpp: In instantiation of ‘void gtest_case_GaussianFilterTest_::predict_then_update<gtest_TypeParam_>::TestBody() [with gtest_TypeParam_ = fl::StaticTest<KalmanFilterTestConfiguration<3, 1, 2> >]’:

/home/administrator/ci/ci/team/workspace/src/catkin/core-perception/fl/test/gaussian_filter/kalman_filter_test.cpp:76:41:   required from here

/home/administrator/ci/ci/team/workspace/src/catkin/core-perception/fl/test/gaussian_filter/gaussian_filter_test_suite.hpp:205:40: error: ‘class fl::GaussianFilter<int, fl::LinearGaussianSensor<Eigen::Matrix<double, 2, 1, 0, 2, 1>, Eigen::Matrix<double, 3, 1, 0, 3, 1> > >’ has no member named ‘create_belief’

     auto belief = filter.create_belief();

                                        ^

/home/administrator/ci/ci/team/workspace/src/catkin/core-perception/fl/test/gaussian_filter/gaussian_filter_test_suite.hpp:215:9: error: ‘class fl::GaussianFilter<int, fl::LinearGaussianSensor<Eigen::Matrix<double, 2, 1, 0, 2, 1>, Eigen::Matrix<double, 3, 1, 0, 3, 1> > >’ has no member named ‘predict’

         filter.predict(belief, This::zero_input(filter), belief);

         ^

/home/administrator/ci/ci/team/workspace/src/catkin/core-perception/fl/test/gaussian_filter/gaussian_filter_test_suite.hpp:215:55: error: ‘zero_input’ is not a member of ‘This {aka GaussianFilterTest<fl::StaticTest<KalmanFilterTestConfiguration<3, 1, 2> > >}’

         filter.predict(belief, This::zero_input(filter), belief);

                                                       ^

/home/administrator/ci/ci/team/workspace/src/catkin/core-perception/fl/test/gaussian_filter/gaussian_filter_test_suite.hpp:226:9: error: ‘class fl::GaussianFilter<int, fl::LinearGaussianSensor<Eigen::Matrix<double, 2, 1, 0, 2, 1>, Eigen::Matrix<double, 3, 1, 0, 3, 1> > >’ has no member named ‘update’

         filter.update(belief, This::rand_obsrv(filter), belief);

         ^

In file included from /home/administrator/ci/ci/team/workspace/src/catkin/core-perception/fl/test/gaussian_filter/kalman_filter_test.cpp:27:0:

/home/administrator/ci/ci/team/workspace/src/catkin/core-perception/fl/include/fl/filter/gaussian/gaussian_filter_linear.hpp: In instantiation of ‘std::string fl::GaussianFilter<LinearTransition, LinearSensor>::name() const [with LinearTransition = int; LinearSensor = fl::LinearGaussianSensor<Eigen::Matrix<double, 2, 1>, Eigen::Matrix<double, 3, 1> >; std::string = std::basic_string<char>]’:

/home/administrator/ci/ci/team/workspace/src/catkin/core-perception/fl/test/gaussian_filter/gaussian_filter_test_suite.hpp:203:5:   required from ‘void gtest_case_GaussianFilterTest_::predict_then_update<gtest_TypeParam_>::TestBody() [with gtest_TypeParam_ = fl::StaticTest<KalmanFilterTestConfiguration<3, 1, 2> >]’

/home/administrator/ci/ci/team/workspace/src/catkin/core-perception/fl/test/gaussian_filter/kalman_filter_test.cpp:76:41:   required from here

/home/administrator/ci/ci/team/workspace/src/catkin/core-perception/fl/include/fl/filter/gaussian/gaussian_filter_linear.hpp:204:17: error: request for member ‘name’ in ‘fl::GaussianFilter<LinearTransition, LinearSensor>::transition<int, fl::LinearGaussianSensor<Eigen::Matrix<double, 2, 1>, Eigen::Matrix<double, 3, 1> > >()’, which is of non-class type ‘const int’

                 + this->list_arguments(

                 ^

In file included from /home/administrator/ci/ci/team/workspace/src/catkin/core-perception/fl/test/gaussian_filter/kalman_filter_test.cpp:25:0:

/home/administrator/ci/ci/team/workspace/src/catkin/core-perception/fl/test/gaussian_filter/gaussian_filter_test_suite.hpp: In instantiation of ‘GaussianFilterTest<TestType>::ModelFactory::LinearTransition GaussianFilterTest<TestType>::ModelFactory::create_linear_state_model() [with TestType = fl::StaticTest<KalmanFilterTestConfiguration<3, 3, 10> >; GaussianFilterTest<TestType>::ModelFactory::LinearTransition = int]’:

/home/administrator/ci/ci/team/workspace/src/catkin/core-perception/fl/test/gaussian_filter/kalman_filter_test.cpp:60:36:   required from ‘static typename KalmanFilterTestConfiguration<StateDimension, InputDimension, ObsrvDimension, FilterIterations>::FilterDefinition<ModelFactory>::Type KalmanFilterTestConfiguration<StateDimension, InputDimension, ObsrvDimension, FilterIterations>::create_filter(ModelFactory&&) [with ModelFactory = GaussianFilterTest<fl::StaticTest<KalmanFilterTestConfiguration<3, 3, 10> > >::ModelFactory; int StateDimension = 3; int InputDimension = 3; int ObsrvDimension = 10; int FilterIterations = 100; typename KalmanFilterTestConfiguration<StateDimension, InputDimension, ObsrvDimension, FilterIterations>::FilterDefinition<ModelFactory>::Type = fl::GaussianFilter<int, fl::LinearGaussianSensor<Eigen::Matrix<double, 10, 1, 0, 10, 1>, Eigen::Matrix<double, 3, 1, 0, 3, 1> > >]’

/home/administrator/ci/ci/team/workspace/src/catkin/core-perception/fl/test/gaussian_filter/gaussian_filter_test_suite.hpp:154:64:   required from ‘GaussianFilterTest<TestType>::Filter GaussianFilterTest<TestType>::create_filter(GaussianFilterTest<TestType>::ModelSetup) const [with TestType = fl::StaticTest<KalmanFilterTestConfiguration<3, 3, 10> >; GaussianFilterTest<TestType>::Filter = fl::GaussianFilter<int, fl::LinearGaussianSensor<Eigen::Matrix<double, 10, 1, 0, 10, 1>, Eigen::Matrix<double, 3, 1, 0, 3, 1> > >]’

/home/administrator/ci/ci/team/workspace/src/catkin/core-perception/fl/test/gaussian_filter/gaussian_filter_test_suite.hpp:245:53:   required from ‘void gtest_case_GaussianFilterTest_::predict_loop<gtest_TypeParam_>::TestBody() [with gtest_TypeParam_ = fl::StaticTest<KalmanFilterTestConfiguration<3, 3, 10> >]’

/home/administrator/ci/ci/team/workspace/src/catkin/core-perception/fl/test/gaussian_filter/kalman_filter_test.cpp:76:41:   required from here

/home/administrator/ci/ci/team/workspace/src/catkin/core-perception/fl/test/gaussian_filter/gaussian_filter_test_suite.hpp:95:61: error: expression list treated as compound expression in functional cast [-fpermissive]

             auto model = LinearTransition(StateDim, InputDim);

                                                             ^

/home/administrator/ci/ci/team/workspace/src/catkin/core-perception/fl/test/gaussian_filter/gaussian_filter_test_suite.hpp:95:61: warning: left operand of comma operator has no effect [-Wunused-value]

/home/administrator/ci/ci/team/workspace/src/catkin/core-perception/fl/test/gaussian_filter/gaussian_filter_test_suite.hpp: In instantiation of ‘GaussianFilterTest<TestType>::ModelFactory::LinearTransition GaussianFilterTest<TestType>::ModelFactory::create_linear_state_model() [with TestType = fl::StaticTest<KalmanFilterTestConfiguration<3, 1, 2> >; GaussianFilterTest<TestType>::ModelFactory::LinearTransition = int]’:

/home/administrator/ci/ci/team/workspace/src/catkin/core-perception/fl/test/gaussian_filter/kalman_filter_test.cpp:60:36:   required from ‘static typename KalmanFilterTestConfiguration<StateDimension, InputDimension, ObsrvDimension, FilterIterations>::FilterDefinition<ModelFactory>::Type KalmanFilterTestConfiguration<StateDimension, InputDimension, ObsrvDimension, FilterIterations>::create_filter(ModelFactory&&) [with ModelFactory = GaussianFilterTest<fl::StaticTest<KalmanFilterTestConfiguration<3, 1, 2> > >::ModelFactory; int StateDimension = 3; int InputDimension = 1; int ObsrvDimension = 2; int FilterIterations = 100; typename KalmanFilterTestConfiguration<StateDimension, InputDimension, ObsrvDimension, FilterIterations>::FilterDefinition<ModelFactory>::Type = fl::GaussianFilter<int, fl::LinearGaussianSensor<Eigen::Matrix<double, 2, 1, 0, 2, 1>, Eigen::Matrix<double, 3, 1, 0, 3, 1> > >]’

/home/administrator/ci/ci/team/workspace/src/catkin/core-perception/fl/test/gaussian_filter/gaussian_filter_test_suite.hpp:154:64:   required from ‘GaussianFilterTest<TestType>::Filter GaussianFilterTest<TestType>::create_filter(GaussianFilterTest<TestType>::ModelSetup) const [with TestType = fl::StaticTest<KalmanFilterTestConfiguration<3, 1, 2> >; GaussianFilterTest<TestType>::Filter = fl::GaussianFilter<int, fl::LinearGaussianSensor<Eigen::Matrix<double, 2, 1, 0, 2, 1>, Eigen::Matrix<double, 3, 1, 0, 3, 1> > >]’

/home/administrator/ci/ci/team/workspace/src/catkin/core-perception/fl/test/gaussian_filter/gaussian_filter_test_suite.hpp:245:53:   required from ‘void gtest_case_GaussianFilterTest_::predict_loop<gtest_TypeParam_>::TestBody() [with gtest_TypeParam_ = fl::StaticTest<KalmanFilterTestConfiguration<3, 1, 2> >]’

/home/administrator/ci/ci/team/workspace/src/catkin/core-perception/fl/test/gaussian_filter/kalman_filter_test.cpp:76:41:   required from here

/home/administrator/ci/ci/team/workspace/src/catkin/core-perception/fl/test/gaussian_filter/gaussian_filter_test_suite.hpp:95:61: error: expression list treated as compound expression in functional cast [-fpermissive]

/home/administrator/ci/ci/team/workspace/src/catkin/core-perception/fl/test/gaussian_filter/gaussian_filter_test_suite.hpp:95:61: warning: left operand of comma operator has no effect [-Wunused-value]

In file included from /home/administrator/ci/ci/team/workspace/src/catkin/core-perception/fl/include/fl/filter/gaussian/gaussian_filter_nonlinear.hpp:25:0,

                 from /home/administrator/ci/ci/team/workspace/src/catkin/core-perception/fl/include/fl/filter/gaussian/gaussian_filter.hpp:30,

                 from /home/administrator/ci/ci/team/workspace/src/catkin/core-perception/fl/test/gaussian_filter/unscented_kalman_filter_test.cpp:27:

/home/administrator/ci/ci/team/workspace/src/catkin/core-perception/fl/include/fl/filter/gaussian/gaussian_filter_nonlinear_generic.hpp: In instantiation of ‘struct fl::Traits<fl::GaussianFilter<int, fl::LinearGaussianSensor<Eigen::Matrix<double, 2, 1, 0, 2, 1>, Eigen::Matrix<double, 3, 1, 0, 3, 1> >, fl::UnscentedQuadrature> >’:

/home/administrator/ci/ci/team/workspace/src/catkin/core-perception/fl/test/gaussian_filter/gaussian_filter_test_suite.hpp:157:40:   required from ‘class GaussianFilterTest<fl::StaticTest<UnscentedKalmanFilterTestConfiguration<3, 1, 2> > >’

/home/administrator/ci/ci/team/workspace/src/catkin/core-perception/fl/test/gaussian_filter/gaussian_filter_test_suite.hpp:197:1:   required from ‘class gtest_case_GaussianFilterTest_::predict_then_update<fl::StaticTest<UnscentedKalmanFilterTestConfiguration<3, 1, 2> > >’

/usr/include/gtest/internal/gtest-internal.h:663:39:   required from ‘static bool testing::internal::TypeParameterizedTest<Fixture, TestSel, Types>::Register(const char*, const char*, const char*, int) [with Fixture = GaussianFilterTest; TestSel = testing::internal::TemplateSel<gtest_case_GaussianFilterTest_::predict_then_update>; Types = testing::internal::Types6<fl::StaticTest<UnscentedKalmanFilterTestConfiguration<3, 1, 2> >, fl::StaticTest<UnscentedKalmanFilterTestConfiguration<3, 3, 10> >, fl::StaticTest<UnscentedKalmanFilterTestConfiguration<10, 10, 20> >, fl::DynamicTest<UnscentedKalmanFilterTestConfiguration<3, 1, 2> >, fl::DynamicTest<UnscentedKalmanFilterTestConfiguration<3, 3, 10> >, fl::DynamicTest<UnscentedKalmanFilterTestConfiguration<10, 10, 20> > >]’

/usr/include/gtest/internal/gtest-internal.h:694:41:   required from ‘static bool testing::internal::TypeParameterizedTestCase<Fixture, Tests, Types>::Register(const char*, const char*, const char*) [with Fixture = GaussianFilterTest; Tests = testing::internal::Templates2<gtest_case_GaussianFilterTest_::predict_then_update, gtest_case_GaussianFilterTest_::predict_loop>; Types = testing::internal::Types6<fl::StaticTest<UnscentedKalmanFilterTestConfiguration<3, 1, 2> >, fl::StaticTest<UnscentedKalmanFilterTestConfiguration<3, 3, 10> >, fl::StaticTest<UnscentedKalmanFilterTestConfiguration<10, 10, 20> >, fl::DynamicTest<UnscentedKalmanFilterTestConfiguration<3, 1, 2> >, fl::DynamicTest<UnscentedKalmanFilterTestConfiguration<3, 3, 10> >, fl::DynamicTest<UnscentedKalmanFilterTestConfiguration<10, 10, 20> > >]’

/home/administrator/ci/ci/team/workspace/src/catkin/core-perception/fl/test/gaussian_filter/unscented_kalman_filter_test.cpp:79:1:   required from here

/home/administrator/ci/ci/team/workspace/src/catkin/core-perception/fl/include/fl/filter/gaussian/gaussian_filter_nonlinear_generic.hpp:60:40: error: ‘int’ is not a class, struct, or union type

     typedef typename Transition::State State;

                                        ^

/home/administrator/ci/ci/team/workspace/src/catkin/core-perception/fl/include/fl/filter/gaussian/gaussian_filter_nonlinear_generic.hpp:61:40: error: ‘int’ is not a class, struct, or union type

     typedef typename Transition::Input Input;

                                        ^

/home/administrator/ci/ci/team/workspace/src/catkin/core-perception/fl/include/fl/filter/gaussian/gaussian_filter_nonlinear_generic.hpp:63:29: error: ‘int’ is not a class, struct, or union type

     typedef Gaussian<State> Belief;

                             ^

/home/administrator/ci/ci/team/workspace/src/catkin/core-perception/fl/include/fl/filter/gaussian/gaussian_filter_nonlinear_generic.hpp: In instantiation of ‘struct fl::Traits<fl::GaussianFilter<int, fl::LinearGaussianSensor<Eigen::Matrix<double, 10, 1, 0, 10, 1>, Eigen::Matrix<double, 3, 1, 0, 3, 1> >, fl::UnscentedQuadrature> >’:

/home/administrator/ci/ci/team/workspace/src/catkin/core-perception/fl/test/gaussian_filter/gaussian_filter_test_suite.hpp:157:40:   required from ‘class GaussianFilterTest<fl::StaticTest<UnscentedKalmanFilterTestConfiguration<3, 3, 10> > >’

/home/administrator/ci/ci/team/workspace/src/catkin/core-perception/fl/test/gaussian_filter/gaussian_filter_test_suite.hpp:241:1:   required from ‘class gtest_case_GaussianFilterTest_::predict_loop<fl::StaticTest<UnscentedKalmanFilterTestConfiguration<3, 3, 10> > >’

/usr/include/gtest/internal/gtest-internal.h:663:39:   required from ‘static bool testing::internal::TypeParameterizedTest<Fixture, TestSel, Types>::Register(const char*, const char*, const char*, int) [with Fixture = GaussianFilterTest; TestSel = testing::internal::TemplateSel<gtest_case_GaussianFilterTest_::predict_loop>; Types = testing::internal::Types5<fl::StaticTest<UnscentedKalmanFilterTestConfiguration<3, 3, 10> >, fl::StaticTest<UnscentedKalmanFilterTestConfiguration<10, 10, 20> >, fl::DynamicTest<UnscentedKalmanFilterTestConfiguration<3, 1, 2> >, fl::DynamicTest<UnscentedKalmanFilterTestConfiguration<3, 3, 10> >, fl::DynamicTest<UnscentedKalmanFilterTestConfiguration<10, 10, 20> > >]’

/usr/include/gtest/internal/gtest-internal.h:667:60:   required from ‘static bool testing::internal::TypeParameterizedTest<Fixture, TestSel, Types>::Register(const char*, const char*, const char*, int) [with Fixture = GaussianFilterTest; TestSel = testing::internal::TemplateSel<gtest_case_GaussianFilterTest_::predict_loop>; Types = testing::internal::Types6<fl::StaticTest<UnscentedKalmanFilterTestConfiguration<3, 1, 2> >, fl::StaticTest<UnscentedKalmanFilterTestConfiguration<3, 3, 10> >, fl::StaticTest<UnscentedKalmanFilterTestConfiguration<10, 10, 20> >, fl::DynamicTest<UnscentedKalmanFilterTestConfiguration<3, 1, 2> >, fl::DynamicTest<UnscentedKalmanFilterTestConfiguration<3, 3, 10> >, fl::DynamicTest<UnscentedKalmanFilterTestConfiguration<10, 10, 20> > >]’

/usr/include/gtest/internal/gtest-internal.h:694:41:   required from ‘static bool testing::internal::TypeParameterizedTestCase<Fixture, Tests, Types>::Register(const char*, const char*, const char*) [with Fixture = GaussianFilterTest; Tests = testing::internal::Templates1<gtest_case_GaussianFilterTest_::predict_loop>; Types = testing::internal::Types6<fl::StaticTest<UnscentedKalmanFilterTestConfiguration<3, 1, 2> >, fl::StaticTest<UnscentedKalmanFilterTestConfiguration<3, 3, 10> >, fl::StaticTest<UnscentedKalmanFilterTestConfiguration<10, 10, 20> >, fl::DynamicTest<UnscentedKalmanFilterTestConfiguration<3, 1, 2> >, fl::DynamicTest<UnscentedKalmanFilterTestConfiguration<3, 3, 10> >, fl::DynamicTest<UnscentedKalmanFilterTestConfiguration<10, 10, 20> > >]’

/usr/include/gtest/internal/gtest-internal.h:698:60:   required from ‘static bool testing::internal::TypeParameterizedTestCase<Fixture, Tests, Types>::Register(const char*, const char*, const char*) [with Fixture = GaussianFilterTest; Tests = testing::internal::Templates2<gtest_case_GaussianFilterTest_::predict_then_update, gtest_case_GaussianFilterTest_::predict_loop>; Types = testing::internal::Types6<fl::StaticTest<UnscentedKalmanFilterTestConfiguration<3, 1, 2> >, fl::StaticTest<UnscentedKalmanFilterTestConfiguration<3, 3, 10> >, fl::StaticTest<UnscentedKalmanFilterTestConfiguration<10, 10, 20> >, fl::DynamicTest<UnscentedKalmanFilterTestConfiguration<3, 1, 2> >, fl::DynamicTest<UnscentedKalmanFilterTestConfiguration<3, 3, 10> >, fl::DynamicTest<UnscentedKalmanFilterTestConfiguration<10, 10, 20> > >]’

/home/administrator/ci/ci/team/workspace/src/catkin/core-perception/fl/test/gaussian_filter/unscented_kalman_filter_test.cpp:79:1:   required from here

/home/administrator/ci/ci/team/workspace/src/catkin/core-perception/fl/include/fl/filter/gaussian/gaussian_filter_nonlinear_generic.hpp:60:40: error: ‘int’ is not a class, struct, or union type

     typedef typename Transition::State State;

                                        ^

/home/administrator/ci/ci/team/workspace/src/catkin/core-perception/fl/include/fl/filter/gaussian/gaussian_filter_nonlinear_generic.hpp:61:40: error: ‘int’ is not a class, struct, or union type

     typedef typename Transition::Input Input;

                                        ^

/home/administrator/ci/ci/team/workspace/src/catkin/core-perception/fl/include/fl/filter/gaussian/gaussian_filter_nonlinear_generic.hpp:63:29: error: ‘int’ is not a class, struct, or union type

     typedef Gaussian<State> Belief;

                             ^

In file included from /home/administrator/ci/ci/team/workspace/src/catkin/core-perception/fl/include/fl/util/meta/size_deduction.hpp:23:0,

                 from /home/administrator/ci/ci/team/workspace/src/catkin/core-perception/fl/include/fl/util/meta.hpp:23,

                 from /home/administrator/ci/ci/team/workspace/src/catkin/core-perception/fl/test/gaussian_filter/../typecast.hpp:23,

                 from /home/administrator/ci/ci/team/workspace/src/catkin/core-perception/fl/test/gaussian_filter/unscented_kalman_filter_test.cpp:21:

/home/administrator/ci/ci/team/workspace/src/catkin/core-perception/fl/include/fl/util/traits.hpp: In instantiation of ‘struct fl::AdditivityOf<int>’:

/home/administrator/ci/ci/team/workspace/src/catkin/core-perception/fl/include/fl/filter/gaussian/gaussian_filter_nonlinear.hpp:58:7:   required from ‘class fl::GaussianFilter<int, fl::LinearGaussianSensor<Eigen::Matrix<double, 10, 1, 0, 10, 1>, Eigen::Matrix<double, 3, 1, 0, 3, 1> >, fl::UnscentedQuadrature>’

/home/administrator/ci/ci/team/workspace/src/catkin/core-perception/fl/test/gaussian_filter/gaussian_filter_test_suite.hpp:245:53:   required from ‘void gtest_case_GaussianFilterTest_::predict_loop<gtest_TypeParam_>::TestBody() [with gtest_TypeParam_ = fl::StaticTest<UnscentedKalmanFilterTestConfiguration<3, 3, 10> >]’

/home/administrator/ci/ci/team/workspace/src/catkin/core-perception/fl/test/gaussian_filter/unscented_kalman_filter_test.cpp:81:41:   required from here

/home/administrator/ci/ci/team/workspace/src/catkin/core-perception/fl/include/fl/util/traits.hpp:398:70: error: ‘int’ is not a class, struct, or union type

     typedef typename AdditivityOf<Model, typename Model::Type>::Type Type;

                                                                      ^

In file included from /home/administrator/ci/ci/team/workspace/src/catkin/core-perception/fl/test/gaussian_filter/unscented_kalman_filter_test.cpp:25:0:

/home/administrator/ci/ci/team/workspace/src/catkin/core-perception/fl/test/gaussian_filter/gaussian_filter_test_suite.hpp: In instantiation of ‘void gtest_case_GaussianFilterTest_::predict_loop<gtest_TypeParam_>::TestBody() [with gtest_TypeParam_ = fl::StaticTest<UnscentedKalmanFilterTestConfiguration<3, 3, 10> >]’:

/home/administrator/ci/ci/team/workspace/src/catkin/core-perception/fl/test/gaussian_filter/unscented_kalman_filter_test.cpp:81:41:   required from here

/home/administrator/ci/ci/team/workspace/src/catkin/core-perception/fl/test/gaussian_filter/gaussian_filter_test_suite.hpp:246:40: error: ‘class fl::GaussianFilter<int, fl::LinearGaussianSensor<Eigen::Matrix<double, 10, 1, 0, 10, 1>, Eigen::Matrix<double, 3, 1, 0, 3, 1> >, fl::UnscentedQuadrature>’ has no member named ‘create_belief’

     auto belief = filter.create_belief();

                                        ^

/home/administrator/ci/ci/team/workspace/src/catkin/core-perception/fl/test/gaussian_filter/gaussian_filter_test_suite.hpp:252:9: error: ‘class fl::GaussianFilter<int, fl::LinearGaussianSensor<Eigen::Matrix<double, 10, 1, 0, 10, 1>, Eigen::Matrix<double, 3, 1, 0, 3, 1> >, fl::UnscentedQuadrature>’ has no member named ‘predict’

         filter.predict(belief, This::zero_input(filter), belief);

         ^

/home/administrator/ci/ci/team/workspace/src/catkin/core-perception/fl/test/gaussian_filter/gaussian_filter_test_suite.hpp:252:55: error: ‘zero_input’ is not a member of ‘This {aka GaussianFilterTest<fl::StaticTest<UnscentedKalmanFilterTestConfiguration<3, 3, 10> > >}’

         filter.predict(belief, This::zero_input(filter), belief);

                                                       ^

/home/administrator/ci/ci/team/workspace/src/catkin/core-perception/fl/test/gaussian_filter/gaussian_filter_test_suite.hpp: In instantiation of ‘void gtest_case_GaussianFilterTest_::predict_loop<gtest_TypeParam_>::TestBody() [with gtest_TypeParam_ = fl::StaticTest<UnscentedKalmanFilterTestConfiguration<3, 1, 2> >]’:

/home/administrator/ci/ci/team/workspace/src/catkin/core-perception/fl/test/gaussian_filter/unscented_kalman_filter_test.cpp:81:41:   required from here

/home/administrator/ci/ci/team/workspace/src/catkin/core-perception/fl/test/gaussian_filter/gaussian_filter_test_suite.hpp:246:40: error: ‘class fl::GaussianFilter<int, fl::LinearGaussianSensor<Eigen::Matrix<double, 2, 1, 0, 2, 1>, Eigen::Matrix<double, 3, 1, 0, 3, 1> >, fl::UnscentedQuadrature>’ has no member named ‘create_belief’

     auto belief = filter.create_belief();

                                        ^

/home/administrator/ci/ci/team/workspace/src/catkin/core-perception/fl/test/gaussian_filter/gaussian_filter_test_suite.hpp:252:9: error: ‘class fl::GaussianFilter<int, fl::LinearGaussianSensor<Eigen::Matrix<double, 2, 1, 0, 2, 1>, Eigen::Matrix<double, 3, 1, 0, 3, 1> >, fl::UnscentedQuadrature>’ has no member named ‘predict’

         filter.predict(belief, This::zero_input(filter), belief);

         ^

/home/administrator/ci/ci/team/workspace/src/catkin/core-perception/fl/test/gaussian_filter/gaussian_filter_test_suite.hpp:252:55: error: ‘zero_input’ is not a member of ‘This {aka GaussianFilterTest<fl::StaticTest<UnscentedKalmanFilterTestConfiguration<3, 1, 2> > >}’

         filter.predict(belief, This::zero_input(filter), belief);

                                                       ^

In file included from /home/administrator/ci/ci/team/workspace/src/catkin/core-perception/fl/include/fl/util/traits.hpp:26:0,

                 from /home/administrator/ci/ci/team/workspace/src/catkin/core-perception/fl/include/fl/util/meta/size_deduction.hpp:23,

                 from /home/administrator/ci/ci/team/workspace/src/catkin/core-perception/fl/include/fl/util/meta.hpp:23,

                 from /home/administrator/ci/ci/team/workspace/src/catkin/core-perception/fl/test/gaussian_filter/../typecast.hpp:23,

                 from /home/administrator/ci/ci/team/workspace/src/catkin/core-perception/fl/test/gaussian_filter/unscented_kalman_filter_test.cpp:21:

/home/administrator/ci/ci/team/workspace/src/catkin/core-perception/fl/test/gaussian_filter/gaussian_filter_test_suite.hpp: In instantiation of ‘void gtest_case_GaussianFilterTest_::predict_then_update<gtest_TypeParam_>::TestBody() [with gtest_TypeParam_ = fl::StaticTest<UnscentedKalmanFilterTestConfiguration<3, 1, 2> >]’:

/home/administrator/ci/ci/team/workspace/src/catkin/core-perception/fl/test/gaussian_filter/unscented_kalman_filter_test.cpp:81:41:   required from here

/home/administrator/ci/ci/team/workspace/src/catkin/core-perception/fl/include/fl/util/profiling.hpp:61:43: error: ‘class fl::GaussianFilter<int, fl::LinearGaussianSensor<Eigen::Matrix<double, 2, 1, 0, 2, 1>, Eigen::Matrix<double, 3, 1, 0, 3, 1> >, fl::UnscentedQuadrature>’ has no member named ‘name’

 #define PV(mat) std::cout << #mat << "\n" << mat << "\n\n";

                                           ^

/home/administrator/ci/ci/team/workspace/src/catkin/core-perception/fl/test/gaussian_filter/gaussian_filter_test_suite.hpp:203:5: note: in expansion of macro ‘PV’

     PV(filter.name());

     ^

In file included from /home/administrator/ci/ci/team/workspace/src/catkin/core-perception/fl/test/gaussian_filter/unscented_kalman_filter_test.cpp:25:0:

/home/administrator/ci/ci/team/workspace/src/catkin/core-perception/fl/test/gaussian_filter/gaussian_filter_test_suite.hpp:205:40: error: ‘class fl::GaussianFilter<int, fl::LinearGaussianSensor<Eigen::Matrix<double, 2, 1, 0, 2, 1>, Eigen::Matrix<double, 3, 1, 0, 3, 1> >, fl::UnscentedQuadrature>’ has no member named ‘create_belief’

     auto belief = filter.create_belief();

                                        ^

/home/administrator/ci/ci/team/workspace/src/catkin/core-perception/fl/test/gaussian_filter/gaussian_filter_test_suite.hpp:215:9: error: ‘class fl::GaussianFilter<int, fl::LinearGaussianSensor<Eigen::Matrix<double, 2, 1, 0, 2, 1>, Eigen::Matrix<double, 3, 1, 0, 3, 1> >, fl::UnscentedQuadrature>’ has no member named ‘predict’

         filter.predict(belief, This::zero_input(filter), belief);

         ^

/home/administrator/ci/ci/team/workspace/src/catkin/core-perception/fl/test/gaussian_filter/gaussian_filter_test_suite.hpp:215:55: error: ‘zero_input’ is not a member of ‘This {aka GaussianFilterTest<fl::StaticTest<UnscentedKalmanFilterTestConfiguration<3, 1, 2> > >}’

         filter.predict(belief, This::zero_input(filter), belief);

                                                       ^

/home/administrator/ci/ci/team/workspace/src/catkin/core-perception/fl/test/gaussian_filter/gaussian_filter_test_suite.hpp:226:9: error: ‘class fl::GaussianFilter<int, fl::LinearGaussianSensor<Eigen::Matrix<double, 2, 1, 0, 2, 1>, Eigen::Matrix<double, 3, 1, 0, 3, 1> >, fl::UnscentedQuadrature>’ has no member named ‘update’

         filter.update(belief, This::rand_obsrv(filter), belief);

         ^

/home/administrator/ci/ci/team/workspace/src/catkin/core-perception/fl/test/gaussian_filter/gaussian_filter_test_suite.hpp: In instantiation of ‘GaussianFilterTest<TestType>::ModelFactory::LinearTransition GaussianFilterTest<TestType>::ModelFactory::create_linear_state_model() [with TestType = fl::StaticTest<UnscentedKalmanFilterTestConfiguration<3, 3, 10> >; GaussianFilterTest<TestType>::ModelFactory::LinearTransition = int]’:

/home/administrator/ci/ci/team/workspace/src/catkin/core-perception/fl/test/gaussian_filter/unscented_kalman_filter_test.cpp:66:34:   required from ‘static typename UnscentedKalmanFilterTestConfiguration<StateDimension, InputDimension, ObsrvDimension, FilterIterations>::FilterDefinition<ModelFactory>::Type UnscentedKalmanFilterTestConfiguration<StateDimension, InputDimension, ObsrvDimension, FilterIterations>::create_filter(ModelFactory&&) [with ModelFactory = GaussianFilterTest<fl::StaticTest<UnscentedKalmanFilterTestConfiguration<3, 3, 10> > >::ModelFactory; int StateDimension = 3; int InputDimension = 3; int ObsrvDimension = 10; int FilterIterations = 100; typename UnscentedKalmanFilterTestConfiguration<StateDimension, InputDimension, ObsrvDimension, FilterIterations>::FilterDefinition<ModelFactory>::Type = fl::GaussianFilter<int, fl::LinearGaussianSensor<Eigen::Matrix<double, 10, 1, 0, 10, 1>, Eigen::Matrix<double, 3, 1, 0, 3, 1> >, fl::UnscentedQuadrature>]’

/home/administrator/ci/ci/team/workspace/src/catkin/core-perception/fl/test/gaussian_filter/gaussian_filter_test_suite.hpp:154:64:   required from ‘GaussianFilterTest<TestType>::Filter GaussianFilterTest<TestType>::create_filter(GaussianFilterTest<TestType>::ModelSetup) const [with TestType = fl::StaticTest<UnscentedKalmanFilterTestConfiguration<3, 3, 10> >; GaussianFilterTest<TestType>::Filter = fl::GaussianFilter<int, fl::LinearGaussianSensor<Eigen::Matrix<double, 10, 1, 0, 10, 1>, Eigen::Matrix<double, 3, 1, 0, 3, 1> >, fl::UnscentedQuadrature>]’

/home/administrator/ci/ci/team/workspace/src/catkin/core-perception/fl/test/gaussian_filter/gaussian_filter_test_suite.hpp:245:53:   required from ‘void gtest_case_GaussianFilterTest_::predict_loop<gtest_TypeParam_>::TestBody() [with gtest_TypeParam_ = fl::StaticTest<UnscentedKalmanFilterTestConfiguration<3, 3, 10> >]’

/home/administrator/ci/ci/team/workspace/src/catkin/core-perception/fl/test/gaussian_filter/unscented_kalman_filter_test.cpp:81:41:   required from here

/home/administrator/ci/ci/team/workspace/src/catkin/core-perception/fl/test/gaussian_filter/gaussian_filter_test_suite.hpp:95:61: error: expression list treated as compound expression in functional cast [-fpermissive]

             auto model = LinearTransition(StateDim, InputDim);

                                                             ^

/home/administrator/ci/ci/team/workspace/src/catkin/core-perception/fl/test/gaussian_filter/gaussian_filter_test_suite.hpp:95:61: warning: left operand of comma operator has no effect [-Wunused-value]

/home/administrator/ci/ci/team/workspace/src/catkin/core-perception/fl/test/gaussian_filter/gaussian_filter_test_suite.hpp: In instantiation of ‘GaussianFilterTest<TestType>::ModelFactory::LinearTransition GaussianFilterTest<TestType>::ModelFactory::create_linear_state_model() [with TestType = fl::StaticTest<UnscentedKalmanFilterTestConfiguration<3, 1, 2> >; GaussianFilterTest<TestType>::ModelFactory::LinearTransition = int]’:

/home/administrator/ci/ci/team/workspace/src/catkin/core-perception/fl/test/gaussian_filter/unscented_kalman_filter_test.cpp:66:34:   required from ‘static typename UnscentedKalmanFilterTestConfiguration<StateDimension, InputDimension, ObsrvDimension, FilterIterations>::FilterDefinition<ModelFactory>::Type UnscentedKalmanFilterTestConfiguration<StateDimension, InputDimension, ObsrvDimension, FilterIterations>::create_filter(ModelFactory&&) [with ModelFactory = GaussianFilterTest<fl::StaticTest<UnscentedKalmanFilterTestConfiguration<3, 1, 2> > >::ModelFactory; int StateDimension = 3; int InputDimension = 1; int ObsrvDimension = 2; int FilterIterations = 100; typename UnscentedKalmanFilterTestConfiguration<StateDimension, InputDimension, ObsrvDimension, FilterIterations>::FilterDefinition<ModelFactory>::Type = fl::GaussianFilter<int, fl::LinearGaussianSensor<Eigen::Matrix<double, 2, 1, 0, 2, 1>, Eigen::Matrix<double, 3, 1, 0, 3, 1> >, fl::UnscentedQuadrature>]’

/home/administrator/ci/ci/team/workspace/src/catkin/core-perception/fl/test/gaussian_filter/gaussian_filter_test_suite.hpp:154:64:   required from ‘GaussianFilterTest<TestType>::Filter GaussianFilterTest<TestType>::create_filter(GaussianFilterTest<TestType>::ModelSetup) const [with TestType = fl::StaticTest<UnscentedKalmanFilterTestConfiguration<3, 1, 2> >; GaussianFilterTest<TestType>::Filter = fl::GaussianFilter<int, fl::LinearGaussianSensor<Eigen::Matrix<double, 2, 1, 0, 2, 1>, Eigen::Matrix<double, 3, 1, 0, 3, 1> >, fl::UnscentedQuadrature>]’

/home/administrator/ci/ci/team/workspace/src/catkin/core-perception/fl/test/gaussian_filter/gaussian_filter_test_suite.hpp:245:53:   required from ‘void gtest_case_GaussianFilterTest_::predict_loop<gtest_TypeParam_>::TestBody() [with gtest_TypeParam_ = fl::StaticTest<UnscentedKalmanFilterTestConfiguration<3, 1, 2> >]’

/home/administrator/ci/ci/team/workspace/src/catkin/core-perception/fl/test/gaussian_filter/unscented_kalman_filter_test.cpp:81:41:   required from here

/home/administrator/ci/ci/team/workspace/src/catkin/core-perception/fl/test/gaussian_filter/gaussian_filter_test_suite.hpp:95:61: error: expression list treated as compound expression in functional cast [-fpermissive]

/home/administrator/ci/ci/team/workspace/src/catkin/core-perception/fl/test/gaussian_filter/gaussian_filter_test_suite.hpp:95:61: warning: left operand of comma operator has no effect [-Wunused-value]

Linking CXX executable /home/administrator/ci/ci/team/workspace/devel/lib/fl/exception_test

[ 44%] Built target exception_test

Scanning dependencies of target robust_multi_sensor_gaussian_filter_test

[ 46%] Building CXX object catkin/core-perception/fl/test/CMakeFiles/robust_multi_sensor_gaussian_filter_test.dir/gaussian_filter/robust_multi_sensor_gaussian_filter_test.cpp.o

Linking CXX executable /home/administrator/ci/ci/team/workspace/devel/lib/fl/la_square_root_test

[ 46%] Built target la_square_root_test

Scanning dependencies of target gaussian_filter_linear_vs_unscented_kalman_filter_test_StaticTest_2_1_2_GaussianModel_Additive_Additive_test

[ 47%] Building CXX object catkin/core-perception/fl/test/gaussian_filter/CMakeFiles/gaussian_filter_linear_vs_unscented_kalman_filter_test_StaticTest_2_1_2_GaussianModel_Additive_Additive_test.dir/gaussian_filter_linear_vs_unscented_kalman_filter_test_StaticTest_2_1_2_GaussianModel_Additive_Additive.cpp.o

In file included from /home/administrator/ci/ci/team/workspace/src/catkin/core-perception/fl/test/gaussian_filter/multi_sensor_gaussian_filter_test.cpp:25:0:

/home/administrator/ci/ci/team/workspace/src/catkin/core-perception/fl/test/gaussian_filter/gaussian_filter_test_suite.hpp:87:17: error: wrong number of template arguments (2, should be 3)

                 > LinearTransition;

                 ^

In file included from /home/administrator/ci/ci/team/workspace/src/catkin/core-perception/fl/test/gaussian_filter/gaussian_filter_test_suite.hpp:35:0,

                 from /home/administrator/ci/ci/team/workspace/src/catkin/core-perception/fl/test/gaussian_filter/multi_sensor_gaussian_filter_test.cpp:25:

/home/administrator/ci/ci/team/workspace/src/catkin/core-perception/fl/include/fl/model/transition/linear_transition.hpp:42:7: error: provided for ‘template<class State_, class Noise_, class Input_> class fl::LinearTransition’

 class LinearTransition

       ^

In file included from /home/administrator/ci/ci/team/workspace/src/catkin/core-perception/fl/test/gaussian_filter/multi_sensor_gaussian_filter_test.cpp:25:0:

/home/administrator/ci/ci/team/workspace/src/catkin/core-perception/fl/test/gaussian_filter/gaussian_filter_test_suite.hpp: In member function ‘GaussianFilterTest<TestType>::ModelFactory::LinearTransition GaussianFilterTest<TestType>::ModelFactory::create_linear_state_model()’:

/home/administrator/ci/ci/team/workspace/src/catkin/core-perception/fl/test/gaussian_filter/gaussian_filter_test_suite.hpp:97:28: error: request for member ‘create_dynamics_matrix’ in ‘model’, which is of non-class type ‘int’

             auto A = model.create_dynamics_matrix();

                            ^

/home/administrator/ci/ci/team/workspace/src/catkin/core-perception/fl/test/gaussian_filter/gaussian_filter_test_suite.hpp:98:28: error: request for member ‘create_noise_matrix’ in ‘model’, which is of non-class type ‘int’

             auto Q = model.create_noise_matrix();

                            ^

/home/administrator/ci/ci/team/workspace/src/catkin/core-perception/fl/test/gaussian_filter/gaussian_filter_test_suite.hpp:113:19: error: request for member ‘dynamics_matrix’ in ‘model’, which is of non-class type ‘int’

             model.dynamics_matrix(A);

                   ^

/home/administrator/ci/ci/team/workspace/src/catkin/core-perception/fl/test/gaussian_filter/gaussian_filter_test_suite.hpp:114:19: error: request for member ‘noise_matrix’ in ‘model’, which is of non-class type ‘int’

             model.noise_matrix(Q);

                   ^

/home/administrator/ci/ci/team/workspace/src/catkin/core-perception/fl/test/gaussian_filter/multi_sensor_gaussian_filter_test.cpp: At global scope:

/home/administrator/ci/ci/team/workspace/src/catkin/core-perception/fl/test/gaussian_filter/multi_sensor_gaussian_filter_test.cpp:61:19: error: declaration of ‘typedef class fl::JointSensor<fl::MultipleOf<typename ModelFactory::LinearObservation, Size> > MultiSensorGfTestConfiguration<StateDimension, InputDimension, ObsrvDimension, Count, FilterIterations>::FilterDefinition<ModelFactory>::JointSensor’ [-fpermissive]

                 > JointSensor;

                   ^

In file included from /home/administrator/ci/ci/team/workspace/src/catkin/core-perception/fl/include/fl/filter/gaussian/update_policy/multi_sensor_sigma_point_update_policy.hpp:29:0,

                 from /home/administrator/ci/ci/team/workspace/src/catkin/core-perception/fl/include/fl/filter/gaussian/multi_sensor_gaussian_filter.hpp:27,

                 from /home/administrator/ci/ci/team/workspace/src/catkin/core-perception/fl/test/gaussian_filter/multi_sensor_gaussian_filter_test.cpp:28:

/home/administrator/ci/ci/team/workspace/src/catkin/core-perception/fl/include/fl/model/sensor/joint_sensor_iid.hpp:41:36: error: changes meaning of ‘JointSensor’ from ‘class fl::JointSensor<fl::MultipleOf<typename ModelFactory::LinearObservation, Size> >’ [-fpermissive]

 template <typename...Models> class JointSensor;

                                    ^

In file included from /home/administrator/ci/ci/team/workspace/src/catkin/core-perception/fl/test/gaussian_filter/multi_sensor_gaussian_filter_test.cpp:28:0:

/home/administrator/ci/ci/team/workspace/src/catkin/core-perception/fl/include/fl/filter/gaussian/multi_sensor_gaussian_filter.hpp: In instantiation of ‘struct fl::Traits<fl::MultiSensorGaussianFilter<int, fl::JointSensor<fl::MultipleOf<fl::LinearGaussianSensor<Eigen::Matrix<double, 2, 1, 0, 2, 1>, Eigen::Matrix<double, 6, 1, 0, 6, 1> >, 10> >, fl::UnscentedQuadrature> >’:

/home/administrator/ci/ci/team/workspace/src/catkin/core-perception/fl/test/gaussian_filter/gaussian_filter_test_suite.hpp:157:40:   required from ‘class GaussianFilterTest<fl::StaticTest<MultiSensorGfTestConfiguration<6, 1, 2, 10, 10> > >’

/home/administrator/ci/ci/team/workspace/src/catkin/core-perception/fl/test/gaussian_filter/gaussian_filter_test_suite.hpp:197:1:   required from ‘class gtest_case_GaussianFilterTest_::predict_then_update<fl::StaticTest<MultiSensorGfTestConfiguration<6, 1, 2, 10, 10> > >’

/usr/include/gtest/internal/gtest-internal.h:663:39:   required from ‘static bool testing::internal::TypeParameterizedTest<Fixture, TestSel, Types>::Register(const char*, const char*, const char*, int) [with Fixture = GaussianFilterTest; TestSel = testing::internal::TemplateSel<gtest_case_GaussianFilterTest_::predict_then_update>; Types = testing::internal::Types1<fl::StaticTest<MultiSensorGfTestConfiguration<6, 1, 2, 10, 10> > >]’

/usr/include/gtest/internal/gtest-internal.h:694:41:   required from ‘static bool testing::internal::TypeParameterizedTestCase<Fixture, Tests, Types>::Register(const char*, const char*, const char*) [with Fixture = GaussianFilterTest; Tests = testing::internal::Templates2<gtest_case_GaussianFilterTest_::predict_then_update, gtest_case_GaussianFilterTest_::predict_loop>; Types = testing::internal::Types1<fl::StaticTest<MultiSensorGfTestConfiguration<6, 1, 2, 10, 10> > >]’

/home/administrator/ci/ci/team/workspace/src/catkin/core-perception/fl/test/gaussian_filter/multi_sensor_gaussian_filter_test.cpp:90:1:   required from here

/home/administrator/ci/ci/team/workspace/src/catkin/core-perception/fl/include/fl/filter/gaussian/multi_sensor_gaussian_filter.hpp:51:48: error: ‘int’ is not a class, struct, or union type

     typedef typename TransitionFunction::State State;

                                                ^

/home/administrator/ci/ci/team/workspace/src/catkin/core-perception/fl/include/fl/filter/gaussian/multi_sensor_gaussian_filter.hpp:52:48: error: ‘int’ is not a class, struct, or union type

     typedef typename TransitionFunction::Input Input;

                                                ^

/home/administrator/ci/ci/team/workspace/src/catkin/core-perception/fl/include/fl/filter/gaussian/multi_sensor_gaussian_filter.hpp:54:29: error: ‘int’ is not a class, struct, or union type

     typedef Gaussian<State> Belief;

                             ^

In file included from /home/administrator/ci/ci/team/workspace/src/catkin/core-perception/fl/include/fl/util/meta/size_deduction.hpp:23:0,

                 from /home/administrator/ci/ci/team/workspace/src/catkin/core-perception/fl/include/fl/util/meta.hpp:23,

                 from /home/administrator/ci/ci/team/workspace/src/catkin/core-perception/fl/test/gaussian_filter/../typecast.hpp:23,

                 from /home/administrator/ci/ci/team/workspace/src/catkin/core-perception/fl/test/gaussian_filter/multi_sensor_gaussian_filter_test.cpp:21:

/home/administrator/ci/ci/team/workspace/src/catkin/core-perception/fl/include/fl/util/traits.hpp: In instantiation of ‘struct fl::AdditivityOf<int>’:

/home/administrator/ci/ci/team/workspace/src/catkin/core-perception/fl/include/fl/filter/gaussian/multi_sensor_gaussian_filter.hpp:63:7:   required from ‘class fl::MultiSensorGaussianFilter<int, fl::JointSensor<fl::MultipleOf<fl::LinearGaussianSensor<Eigen::Matrix<double, 2, 1, 0, 2, 1>, Eigen::Matrix<double, 6, 1, 0, 6, 1> >, 10> >, fl::UnscentedQuadrature>’

/home/administrator/ci/ci/team/workspace/src/catkin/core-perception/fl/test/gaussian_filter/gaussian_filter_test_suite.hpp:245:53:   required from ‘void gtest_case_GaussianFilterTest_::predict_loop<gtest_TypeParam_>::TestBody() [with gtest_TypeParam_ = fl::StaticTest<MultiSensorGfTestConfiguration<6, 1, 2, 10, 10> >]’

/home/administrator/ci/ci/team/workspace/src/catkin/core-perception/fl/test/gaussian_filter/multi_sensor_gaussian_filter_test.cpp:92:41:   required from here

/home/administrator/ci/ci/team/workspace/src/catkin/core-perception/fl/include/fl/util/traits.hpp:398:70: error: ‘int’ is not a class, struct, or union type

     typedef typename AdditivityOf<Model, typename Model::Type>::Type Type;

                                                                      ^

In file included from /home/administrator/ci/ci/team/workspace/src/catkin/core-perception/fl/test/gaussian_filter/multi_sensor_gaussian_filter_test.cpp:25:0:

/home/administrator/ci/ci/team/workspace/src/catkin/core-perception/fl/test/gaussian_filter/gaussian_filter_test_suite.hpp: In instantiation of ‘void gtest_case_GaussianFilterTest_::predict_loop<gtest_TypeParam_>::TestBody() [with gtest_TypeParam_ = fl::StaticTest<MultiSensorGfTestConfiguration<6, 1, 2, 10, 10> >]’:

/home/administrator/ci/ci/team/workspace/src/catkin/core-perception/fl/test/gaussian_filter/multi_sensor_gaussian_filter_test.cpp:92:41:   required from here

/home/administrator/ci/ci/team/workspace/src/catkin/core-perception/fl/test/gaussian_filter/gaussian_filter_test_suite.hpp:246:40: error: ‘class fl::MultiSensorGaussianFilter<int, fl::JointSensor<fl::MultipleOf<fl::LinearGaussianSensor<Eigen::Matrix<double, 2, 1, 0, 2, 1>, Eigen::Matrix<double, 6, 1, 0, 6, 1> >, 10> >, fl::UnscentedQuadrature>’ has no member named ‘create_belief’

     auto belief = filter.create_belief();

                                        ^

/home/administrator/ci/ci/team/workspace/src/catkin/core-perception/fl/test/gaussian_filter/gaussian_filter_test_suite.hpp:252:9: error: ‘class fl::MultiSensorGaussianFilter<int, fl::JointSensor<fl::MultipleOf<fl::LinearGaussianSensor<Eigen::Matrix<double, 2, 1, 0, 2, 1>, Eigen::Matrix<double, 6, 1, 0, 6, 1> >, 10> >, fl::UnscentedQuadrature>’ has no member named ‘predict’

         filter.predict(belief, This::zero_input(filter), belief);

         ^

/home/administrator/ci/ci/team/workspace/src/catkin/core-perception/fl/test/gaussian_filter/gaussian_filter_test_suite.hpp:252:55: error: ‘zero_input’ is not a member of ‘This {aka GaussianFilterTest<fl::StaticTest<MultiSensorGfTestConfiguration<6, 1, 2, 10, 10> > >}’

         filter.predict(belief, This::zero_input(filter), belief);

                                                       ^

/home/administrator/ci/ci/team/workspace/src/catkin/core-perception/fl/test/gaussian_filter/gaussian_filter_test_suite.hpp: In instantiation of ‘void gtest_case_GaussianFilterTest_::predict_then_update<gtest_TypeParam_>::TestBody() [with gtest_TypeParam_ = fl::StaticTest<MultiSensorGfTestConfiguration<6, 1, 2, 10, 10> >]’:

/home/administrator/ci/ci/team/workspace/src/catkin/core-perception/fl/test/gaussian_filter/multi_sensor_gaussian_filter_test.cpp:92:41:   required from here

/home/administrator/ci/ci/team/workspace/src/catkin/core-perception/fl/test/gaussian_filter/gaussian_filter_test_suite.hpp:205:40: error: ‘class fl::MultiSensorGaussianFilter<int, fl::JointSensor<fl::MultipleOf<fl::LinearGaussianSensor<Eigen::Matrix<double, 2, 1, 0, 2, 1>, Eigen::Matrix<double, 6, 1, 0, 6, 1> >, 10> >, fl::UnscentedQuadrature>’ has no member named ‘create_belief’

     auto belief = filter.create_belief();

                                        ^

/home/administrator/ci/ci/team/workspace/src/catkin/core-perception/fl/test/gaussian_filter/gaussian_filter_test_suite.hpp:215:9: error: ‘class fl::MultiSensorGaussianFilter<int, fl::JointSensor<fl::MultipleOf<fl::LinearGaussianSensor<Eigen::Matrix<double, 2, 1, 0, 2, 1>, Eigen::Matrix<double, 6, 1, 0, 6, 1> >, 10> >, fl::UnscentedQuadrature>’ has no member named ‘predict’

         filter.predict(belief, This::zero_input(filter), belief);

         ^

/home/administrator/ci/ci/team/workspace/src/catkin/core-perception/fl/test/gaussian_filter/gaussian_filter_test_suite.hpp:215:55: error: ‘zero_input’ is not a member of ‘This {aka GaussianFilterTest<fl::StaticTest<MultiSensorGfTestConfiguration<6, 1, 2, 10, 10> > >}’

         filter.predict(belief, This::zero_input(filter), belief);

                                                       ^

/home/administrator/ci/ci/team/workspace/src/catkin/core-perception/fl/test/gaussian_filter/gaussian_filter_test_suite.hpp:226:9: error: ‘class fl::MultiSensorGaussianFilter<int, fl::JointSensor<fl::MultipleOf<fl::LinearGaussianSensor<Eigen::Matrix<double, 2, 1, 0, 2, 1>, Eigen::Matrix<double, 6, 1, 0, 6, 1> >, 10> >, fl::UnscentedQuadrature>’ has no member named ‘update’

         filter.update(belief, This::rand_obsrv(filter), belief);

         ^

In file included from /home/administrator/ci/ci/team/workspace/src/catkin/core-perception/fl/test/gaussian_filter/multi_sensor_gaussian_filter_test.cpp:28:0:

/home/administrator/ci/ci/team/workspace/src/catkin/core-perception/fl/include/fl/filter/gaussian/multi_sensor_gaussian_filter.hpp: In instantiation of ‘std::string fl::MultiSensorGaussianFilter<TransitionFunction, JointSensorFunction, Quadrature>::name() const [with TransitionFunction = int; JointSensorFunction = fl::JointSensor<fl::MultipleOf<fl::LinearGaussianSensor<Eigen::Matrix<double, 2, 1, 0, 2, 1>, Eigen::Matrix<double, 6, 1, 0, 6, 1> >, 10> >; Quadrature = fl::UnscentedQuadrature; std::string = std::basic_string<char>]’:

/home/administrator/ci/ci/team/workspace/src/catkin/core-perception/fl/test/gaussian_filter/gaussian_filter_test_suite.hpp:203:5:   required from ‘void gtest_case_GaussianFilterTest_::predict_then_update<gtest_TypeParam_>::TestBody() [with gtest_TypeParam_ = fl::StaticTest<MultiSensorGfTestConfiguration<6, 1, 2, 10, 10> >]’

/home/administrator/ci/ci/team/workspace/src/catkin/core-perception/fl/test/gaussian_filter/multi_sensor_gaussian_filter_test.cpp:92:41:   required from here

/home/administrator/ci/ci/team/workspace/src/catkin/core-perception/fl/include/fl/filter/gaussian/multi_sensor_gaussian_filter.hpp:113:45: error: ‘const class fl::MultiSensorGaussianFilter<int, fl::JointSensor<fl::MultipleOf<fl::LinearGaussianSensor<Eigen::Matrix<double, 2, 1, 0, 2, 1>, Eigen::Matrix<double, 6, 1, 0, 6, 1> >, 10> >, fl::UnscentedQuadrature>’ has no member named ‘list_arguments’

         return "MultiSensorGaussianFilter<" +

                                             ^

In file included from /home/administrator/ci/ci/team/workspace/src/catkin/core-perception/fl/test/gaussian_filter/multi_sensor_gaussian_filter_test.cpp:25:0:

/home/administrator/ci/ci/team/workspace/src/catkin/core-perception/fl/test/gaussian_filter/gaussian_filter_test_suite.hpp: In instantiation of ‘GaussianFilterTest<TestType>::ModelFactory::LinearTransition GaussianFilterTest<TestType>::ModelFactory::create_linear_state_model() [with TestType = fl::StaticTest<MultiSensorGfTestConfiguration<6, 1, 2, 10, 10> >; GaussianFilterTest<TestType>::ModelFactory::LinearTransition = int]’:

/home/administrator/ci/ci/team/workspace/src/catkin/core-perception/fl/test/gaussian_filter/multi_sensor_gaussian_filter_test.cpp:82:34:   required from ‘static typename MultiSensorGfTestConfiguration<StateDimension, InputDimension, ObsrvDimension, Count, FilterIterations>::FilterDefinition<ModelFactory>::Type MultiSensorGfTestConfiguration<StateDimension, InputDimension, ObsrvDimension, Count, FilterIterations>::create_filter(ModelFactory&&) [with ModelFactory = GaussianFilterTest<fl::StaticTest<MultiSensorGfTestConfiguration<6, 1, 2, 10, 10> > >::ModelFactory; int StateDimension = 6; int InputDimension = 1; int ObsrvDimension = 2; int Count = 10; int FilterIterations = 10; typename MultiSensorGfTestConfiguration<StateDimension, InputDimension, ObsrvDimension, Count, FilterIterations>::FilterDefinition<ModelFactory>::Type = fl::MultiSensorGaussianFilter<int, fl::JointSensor<fl::MultipleOf<fl::LinearGaussianSensor<Eigen::Matrix<double, 2, 1, 0, 2, 1>, Eigen::Matrix<double, 6, 1, 0, 6, 1> >, 10> >, fl::UnscentedQuadrature>]’

/home/administrator/ci/ci/team/workspace/src/catkin/core-perception/fl/test/gaussian_filter/gaussian_filter_test_suite.hpp:154:64:   required from ‘GaussianFilterTest<TestType>::Filter GaussianFilterTest<TestType>::create_filter(GaussianFilterTest<TestType>::ModelSetup) const [with TestType = fl::StaticTest<MultiSensorGfTestConfiguration<6, 1, 2, 10, 10> >; GaussianFilterTest<TestType>::Filter = fl::MultiSensorGaussianFilter<int, fl::JointSensor<fl::MultipleOf<fl::LinearGaussianSensor<Eigen::Matrix<double, 2, 1, 0, 2, 1>, Eigen::Matrix<double, 6, 1, 0, 6, 1> >, 10> >, fl::UnscentedQuadrature>]’

/home/administrator/ci/ci/team/workspace/src/catkin/core-perception/fl/test/gaussian_filter/gaussian_filter_test_suite.hpp:245:53:   required from ‘void gtest_case_GaussianFilterTest_::predict_loop<gtest_TypeParam_>::TestBody() [with gtest_TypeParam_ = fl::StaticTest<MultiSensorGfTestConfiguration<6, 1, 2, 10, 10> >]’

/home/administrator/ci/ci/team/workspace/src/catkin/core-perception/fl/test/gaussian_filter/multi_sensor_gaussian_filter_test.cpp:92:41:   required from here

/home/administrator/ci/ci/team/workspace/src/catkin/core-perception/fl/test/gaussian_filter/gaussian_filter_test_suite.hpp:95:61: error: expression list treated as compound expression in functional cast [-fpermissive]

             auto model = LinearTransition(StateDim, InputDim);

                                                             ^

/home/administrator/ci/ci/team/workspace/src/catkin/core-perception/fl/test/gaussian_filter/gaussian_filter_test_suite.hpp:95:61: warning: left operand of comma operator has no effect [-Wunused-value]

In file included from /home/administrator/ci/ci/team/workspace/src/catkin/core-perception/fl/test/gaussian_filter/multi_sensor_gaussian_filter_test.cpp:28:0:

/home/administrator/ci/ci/team/workspace/src/catkin/core-perception/fl/include/fl/filter/gaussian/multi_sensor_gaussian_filter.hpp: In instantiation of ‘std::string fl::MultiSensorGaussianFilter<TransitionFunction, JointSensorFunction, Quadrature>::description() const [with TransitionFunction = int; JointSensorFunction = fl::JointSensor<fl::MultipleOf<fl::LinearGaussianSensor<Eigen::Matrix<double, 2, 1, 0, 2, 1>, Eigen::Matrix<double, 6, 1, 0, 6, 1> >, 10> >; Quadrature = fl::UnscentedQuadrature; std::string = std::basic_string<char>]’:

/home/administrator/ci/ci/team/workspace/src/catkin/core-perception/fl/test/gaussian_filter/multi_sensor_gaussian_filter_test.cpp:92:41:   required from here

/home/administrator/ci/ci/team/workspace/src/catkin/core-perception/fl/include/fl/filter/gaussian/multi_sensor_gaussian_filter.hpp:119:52: error: ‘const class fl::MultiSensorGaussianFilter<int, fl::JointSensor<fl::MultipleOf<fl::LinearGaussianSensor<Eigen::Matrix<double, 2, 1, 0, 2, 1>, Eigen::Matrix<double, 6, 1, 0, 6, 1> >, 10> >, fl::UnscentedQuadrature>’ has no member named ‘list_descriptions’

         return "Multi-Sensor Gaussian Filter with" +

                                                    ^

In file included from /home/administrator/ci/ci/team/workspace/src/catkin/core-perception/fl/test/gaussian_filter/kalman_filter_test.cpp:27:0:

/home/administrator/ci/ci/team/workspace/src/catkin/core-perception/fl/include/fl/filter/gaussian/gaussian_filter_linear.hpp: In instantiation of ‘std::string fl::GaussianFilter<LinearTransition, LinearSensor>::description() const [with LinearTransition = int; LinearSensor = fl::LinearGaussianSensor<Eigen::Matrix<double, 2, 1>, Eigen::Matrix<double, 3, 1> >; std::string = std::basic_string<char>]’:

/home/administrator/ci/ci/team/workspace/src/catkin/core-perception/fl/test/gaussian_filter/kalman_filter_test.cpp:76:41:   required from here

/home/administrator/ci/ci/team/workspace/src/catkin/core-perception/fl/include/fl/filter/gaussian/gaussian_filter_linear.hpp:213:17: error: request for member ‘description’ in ‘fl::GaussianFilter<LinearTransition, LinearSensor>::transition<int, fl::LinearGaussianSensor<Eigen::Matrix<double, 2, 1>, Eigen::Matrix<double, 3, 1> > >()’, which is of non-class type ‘const int’

                 + this->list_descriptions(

                 ^

/home/administrator/ci/ci/team/workspace/src/catkin/core-perception/fl/include/fl/filter/gaussian/gaussian_filter_linear.hpp: In instantiation of ‘std::string fl::GaussianFilter<LinearTransition, LinearSensor>::name() const [with LinearTransition = int; LinearSensor = fl::LinearGaussianSensor<Eigen::Matrix<double, 10, 1, 0, 10, 1>, Eigen::Matrix<double, 3, 1> >; std::string = std::basic_string<char>]’:

/home/administrator/ci/ci/team/workspace/src/catkin/core-perception/fl/test/gaussian_filter/kalman_filter_test.cpp:76:41:   required from here

/home/administrator/ci/ci/team/workspace/src/catkin/core-perception/fl/include/fl/filter/gaussian/gaussian_filter_linear.hpp:204:17: error: request for member ‘name’ in ‘fl::GaussianFilter<LinearTransition, LinearSensor>::transition<int, fl::LinearGaussianSensor<Eigen::Matrix<double, 10, 1, 0, 10, 1>, Eigen::Matrix<double, 3, 1> > >()’, which is of non-class type ‘const int’

                 + this->list_arguments(

                 ^

/home/administrator/ci/ci/team/workspace/src/catkin/core-perception/fl/include/fl/filter/gaussian/gaussian_filter_linear.hpp: In instantiation of ‘std::string fl::GaussianFilter<LinearTransition, LinearSensor>::description() const [with LinearTransition = int; LinearSensor = fl::LinearGaussianSensor<Eigen::Matrix<double, 10, 1, 0, 10, 1>, Eigen::Matrix<double, 3, 1> >; std::string = std::basic_string<char>]’:

/home/administrator/ci/ci/team/workspace/src/catkin/core-perception/fl/test/gaussian_filter/kalman_filter_test.cpp:76:41:   required from here

/home/administrator/ci/ci/team/workspace/src/catkin/core-perception/fl/include/fl/filter/gaussian/gaussian_filter_linear.hpp:213:17: error: request for member ‘description’ in ‘fl::GaussianFilter<LinearTransition, LinearSensor>::transition<int, fl::LinearGaussianSensor<Eigen::Matrix<double, 10, 1, 0, 10, 1>, Eigen::Matrix<double, 3, 1> > >()’, which is of non-class type ‘const int’

                 + this->list_descriptions(

                 ^

In file included from /home/administrator/ci/ci/team/workspace/src/catkin/core-perception/fl/test/gaussian_filter/robust_multi_sensor_gaussian_filter_test.cpp:25:0:

/home/administrator/ci/ci/team/workspace/src/catkin/core-perception/fl/test/gaussian_filter/gaussian_filter_test_suite.hpp:87:17: error: wrong number of template arguments (2, should be 3)

                 > LinearTransition;

                 ^

In file included from /home/administrator/ci/ci/team/workspace/src/catkin/core-perception/fl/test/gaussian_filter/gaussian_filter_test_suite.hpp:35:0,

                 from /home/administrator/ci/ci/team/workspace/src/catkin/core-perception/fl/test/gaussian_filter/robust_multi_sensor_gaussian_filter_test.cpp:25:

/home/administrator/ci/ci/team/workspace/src/catkin/core-perception/fl/include/fl/model/transition/linear_transition.hpp:42:7: error: provided for ‘template<class State_, class Noise_, class Input_> class fl::LinearTransition’

 class LinearTransition

       ^

In file included from /home/administrator/ci/ci/team/workspace/src/catkin/core-perception/fl/test/gaussian_filter/robust_multi_sensor_gaussian_filter_test.cpp:25:0:

/home/administrator/ci/ci/team/workspace/src/catkin/core-perception/fl/test/gaussian_filter/gaussian_filter_test_suite.hpp: In member function ‘GaussianFilterTest<TestType>::ModelFactory::LinearTransition GaussianFilterTest<TestType>::ModelFactory::create_linear_state_model()’:

/home/administrator/ci/ci/team/workspace/src/catkin/core-perception/fl/test/gaussian_filter/gaussian_filter_test_suite.hpp:97:28: error: request for member ‘create_dynamics_matrix’ in ‘model’, which is of non-class type ‘int’

             auto A = model.create_dynamics_matrix();

                            ^

/home/administrator/ci/ci/team/workspace/src/catkin/core-perception/fl/test/gaussian_filter/gaussian_filter_test_suite.hpp:98:28: error: request for member ‘create_noise_matrix’ in ‘model’, which is of non-class type ‘int’

             auto Q = model.create_noise_matrix();

                            ^

/home/administrator/ci/ci/team/workspace/src/catkin/core-perception/fl/test/gaussian_filter/gaussian_filter_test_suite.hpp:113:19: error: request for member ‘dynamics_matrix’ in ‘model’, which is of non-class type ‘int’

             model.dynamics_matrix(A);

                   ^

/home/administrator/ci/ci/team/workspace/src/catkin/core-perception/fl/test/gaussian_filter/gaussian_filter_test_suite.hpp:114:19: error: request for member ‘noise_matrix’ in ‘model’, which is of non-class type ‘int’

             model.noise_matrix(Q);

                   ^

/home/administrator/ci/ci/team/workspace/src/catkin/core-perception/fl/include/fl/filter/gaussian/multi_sensor_gaussian_filter.hpp: In member function ‘std::string fl::MultiSensorGaussianFilter<TransitionFunction, JointSensorFunction, Quadrature>::description() const [with TransitionFunction = int; JointSensorFunction = fl::JointSensor<fl::MultipleOf<fl::LinearGaussianSensor<Eigen::Matrix<double, 2, 1, 0, 2, 1>, Eigen::Matrix<double, 6, 1, 0, 6, 1> >, 10> >; Quadrature = fl::UnscentedQuadrature; std::string = std::basic_string<char>]’:

/home/administrator/ci/ci/team/workspace/src/catkin/core-perception/fl/include/fl/filter/gaussian/multi_sensor_gaussian_filter.hpp:121:5: warning: control reaches end of non-void function [-Wreturn-type]

     }

     ^

/home/administrator/ci/ci/team/workspace/src/catkin/core-perception/fl/include/fl/filter/gaussian/multi_sensor_gaussian_filter.hpp: In member function ‘std::string fl::MultiSensorGaussianFilter<TransitionFunction, JointSensorFunction, Quadrature>::name() const [with TransitionFunction = int; JointSensorFunction = fl::JointSensor<fl::MultipleOf<fl::LinearGaussianSensor<Eigen::Matrix<double, 2, 1, 0, 2, 1>, Eigen::Matrix<double, 6, 1, 0, 6, 1> >, 10> >; Quadrature = fl::UnscentedQuadrature; std::string = std::basic_string<char>]’:

/home/administrator/ci/ci/team/workspace/src/catkin/core-perception/fl/include/fl/filter/gaussian/multi_sensor_gaussian_filter.hpp:115:5: warning: control reaches end of non-void function [-Wreturn-type]

     }

     ^

At global scope:

cc1plus: warning: unrecognized command line option "-Wno-deprecated-register" [enabled by default]

make[3]: *** [catkin/core-perception/fl/test/CMakeFiles/multi_sensor_gaussian_filter_test.dir/gaussian_filter/multi_sensor_gaussian_filter_test.cpp.o] Error 1

make[2]: *** [catkin/core-perception/fl/test/CMakeFiles/multi_sensor_gaussian_filter_test.dir/all] Error 2

make[2]: *** Waiting for unfinished jobs....

Linking CXX executable /home/administrator/ci/ci/team/workspace/devel/lib/fl/chi_squared_distribution_test

[ 47%] Built target chi_squared_distribution_test

/home/administrator/ci/ci/team/workspace/src/catkin/core-perception/fl/test/gaussian_filter/robust_multi_sensor_gaussian_filter_test.cpp: At global scope:

/home/administrator/ci/ci/team/workspace/src/catkin/core-perception/fl/test/gaussian_filter/robust_multi_sensor_gaussian_filter_test.cpp:85:19: error: declaration of ‘typedef class fl::JointSensor<fl::MultipleOf<fl::BodyTailSensor<typename ModelFactory::LinearObservation, fl::LinearCauchySensor<typename ModelFactory::LinearObservation::Obsrv, typename ModelFactory::LinearObservation::State> >, Size> > RobustMultiSensorGfTestConfiguration<StateDimension, ObsrvDimension, Count, FilterIterations>::FilterDefinition<ModelFactory>::JointSensor’ [-fpermissive]

                 > JointSensor;

                   ^

In file included from /home/administrator/ci/ci/team/workspace/src/catkin/core-perception/fl/include/fl/filter/gaussian/update_policy/multi_sensor_sigma_point_update_policy.hpp:29:0,

                 from /home/administrator/ci/ci/team/workspace/src/catkin/core-perception/fl/include/fl/filter/gaussian/multi_sensor_gaussian_filter.hpp:27,

                 from /home/administrator/ci/ci/team/workspace/src/catkin/core-perception/fl/include/fl/filter/gaussian/robust_multi_sensor_gaussian_filter.hpp:34,

                 from /home/administrator/ci/ci/team/workspace/src/catkin/core-perception/fl/test/gaussian_filter/robust_multi_sensor_gaussian_filter_test.cpp:28:

/home/administrator/ci/ci/team/workspace/src/catkin/core-perception/fl/include/fl/model/sensor/joint_sensor_iid.hpp:41:36: error: changes meaning of ‘JointSensor’ from ‘class fl::JointSensor<fl::MultipleOf<fl::BodyTailSensor<typename ModelFactory::LinearObservation, fl::LinearCauchySensor<typename ModelFactory::LinearObservation::Obsrv, typename ModelFactory::LinearObservation::State> >, Size> >’ [-fpermissive]

 template <typename...Models> class JointSensor;

                                    ^

In file included from /home/administrator/ci/ci/team/workspace/src/catkin/core-perception/fl/include/fl/filter/gaussian/robust_multi_sensor_gaussian_filter.hpp:35:0,

                 from /home/administrator/ci/ci/team/workspace/src/catkin/core-perception/fl/test/gaussian_filter/robust_multi_sensor_gaussian_filter_test.cpp:28:

/home/administrator/ci/ci/team/workspace/src/catkin/core-perception/fl/include/fl/filter/gaussian/X_robust_multi_sensor_gaussian_filter.hpp: In instantiation of ‘struct fl::Traits<fl::RobustMultiSensorGaussianFilter<int, fl::JointSensor<fl::MultipleOf<fl::BodyTailSensor<fl::LinearGaussianSensor<Eigen::Matrix<double, 3, 1, 0, 3, 1>, Eigen::Matrix<double, 6, 1, 0, 6, 1> >, fl::LinearCauchySensor<Eigen::Matrix<double, 3, 1, 0, 3, 1>, Eigen::Matrix<double, 6, 1, 0, 6, 1> > >, 48> >, fl::UnscentedQuadrature> >’:

/home/administrator/ci/ci/team/workspace/src/catkin/core-perception/fl/test/gaussian_filter/gaussian_filter_test_suite.hpp:157:40:   required from ‘class GaussianFilterTest<fl::StaticTest<RobustMultiSensorGfTestConfiguration<6, 3, 48, 30> > >’

/home/administrator/ci/ci/team/workspace/src/catkin/core-perception/fl/test/gaussian_filter/gaussian_filter_test_suite.hpp:197:1:   required from ‘class gtest_case_GaussianFilterTest_::predict_then_update<fl::StaticTest<RobustMultiSensorGfTestConfiguration<6, 3, 48, 30> > >’

/usr/include/gtest/internal/gtest-internal.h:663:39:   required from ‘static bool testing::internal::TypeParameterizedTest<Fixture, TestSel, Types>::Register(const char*, const char*, const char*, int) [with Fixture = GaussianFilterTest; TestSel = testing::internal::TemplateSel<gtest_case_GaussianFilterTest_::predict_then_update>; Types = testing::internal::Types1<fl::StaticTest<RobustMultiSensorGfTestConfiguration<6, 3, 48, 30> > >]’

/usr/include/gtest/internal/gtest-internal.h:694:41:   required from ‘static bool testing::internal::TypeParameterizedTestCase<Fixture, Tests, Types>::Register(const char*, const char*, const char*) [with Fixture = GaussianFilterTest; Tests = testing::internal::Templates2<gtest_case_GaussianFilterTest_::predict_then_update, gtest_case_GaussianFilterTest_::predict_loop>; Types = testing::internal::Types1<fl::StaticTest<RobustMultiSensorGfTestConfiguration<6, 3, 48, 30> > >]’

/home/administrator/ci/ci/team/workspace/src/catkin/core-perception/fl/test/gaussian_filter/robust_multi_sensor_gaussian_filter_test.cpp:126:1:   required from here

/home/administrator/ci/ci/team/workspace/src/catkin/core-perception/fl/include/fl/filter/gaussian/X_robust_multi_sensor_gaussian_filter.hpp:59:48: error: ‘int’ is not a class, struct, or union type

     typedef typename TransitionFunction::State State;

                                                ^

/home/administrator/ci/ci/team/workspace/src/catkin/core-perception/fl/include/fl/filter/gaussian/X_robust_multi_sensor_gaussian_filter.hpp:60:48: error: ‘int’ is not a class, struct, or union type

     typedef typename TransitionFunction::Input Input;

                                                ^

/home/administrator/ci/ci/team/workspace/src/catkin/core-perception/fl/include/fl/filter/gaussian/X_robust_multi_sensor_gaussian_filter.hpp:62:29: error: ‘int’ is not a class, struct, or union type

     typedef Gaussian<State> Belief;

                             ^

/home/administrator/ci/ci/team/workspace/src/catkin/core-perception/fl/include/fl/filter/gaussian/X_robust_multi_sensor_gaussian_filter.hpp: In instantiation of ‘class fl::RobustMultiSensorGaussianFilter<int, fl::JointSensor<fl::MultipleOf<fl::BodyTailSensor<fl::LinearGaussianSensor<Eigen::Matrix<double, 3, 1, 0, 3, 1>, Eigen::Matrix<double, 6, 1, 0, 6, 1> >, fl::LinearCauchySensor<Eigen::Matrix<double, 3, 1, 0, 3, 1>, Eigen::Matrix<double, 6, 1, 0, 6, 1> > >, 48> >, fl::UnscentedQuadrature>’:

/home/administrator/ci/ci/team/workspace/src/catkin/core-perception/fl/test/gaussian_filter/gaussian_filter_test_suite.hpp:245:53:   required from ‘void gtest_case_GaussianFilterTest_::predict_loop<gtest_TypeParam_>::TestBody() [with gtest_TypeParam_ = fl::StaticTest<RobustMultiSensorGfTestConfiguration<6, 3, 48, 30> >]’

/home/administrator/ci/ci/team/workspace/src/catkin/core-perception/fl/test/gaussian_filter/robust_multi_sensor_gaussian_filter_test.cpp:128:41:   required from here

/home/administrator/ci/ci/team/workspace/src/catkin/core-perception/fl/include/fl/filter/gaussian/X_robust_multi_sensor_gaussian_filter.hpp:78:48: error: ‘int’ is not a class, struct, or union type

     typedef typename TransitionFunction::State State;

                                                ^

/home/administrator/ci/ci/team/workspace/src/catkin/core-perception/fl/include/fl/filter/gaussian/X_robust_multi_sensor_gaussian_filter.hpp:79:48: error: ‘int’ is not a class, struct, or union type

     typedef typename TransitionFunction::Input Input;

                                                ^

/home/administrator/ci/ci/team/workspace/src/catkin/core-perception/fl/include/fl/filter/gaussian/X_robust_multi_sensor_gaussian_filter.hpp:81:29: error: ‘int’ is not a class, struct, or union type

     typedef Gaussian<State> Belief;

                             ^

In file included from /home/administrator/ci/ci/team/workspace/src/catkin/core-perception/fl/include/fl/util/meta/size_deduction.hpp:23:0,

                 from /home/administrator/ci/ci/team/workspace/src/catkin/core-perception/fl/include/fl/util/meta.hpp:23,

                 from /home/administrator/ci/ci/team/workspace/src/catkin/core-perception/fl/test/gaussian_filter/../typecast.hpp:23,

                 from /home/administrator/ci/ci/team/workspace/src/catkin/core-perception/fl/test/gaussian_filter/robust_multi_sensor_gaussian_filter_test.cpp:21:

/home/administrator/ci/ci/team/workspace/src/catkin/core-perception/fl/include/fl/util/traits.hpp: In instantiation of ‘struct fl::AdditivityOf<int>’:

/home/administrator/ci/ci/team/workspace/src/catkin/core-perception/fl/include/fl/filter/gaussian/multi_sensor_gaussian_filter.hpp:63:7:   required from ‘class fl::MultiSensorGaussianFilter<int, fl::JointSensor<fl::MultipleOf<fl::MultiRobustSensorFunction<fl::BodyTailSensor<fl::LinearGaussianSensor<Eigen::Matrix<double, 3, 1, 0, 3, 1>, Eigen::Matrix<double, 6, 1, 0, 6, 1> >, fl::LinearCauchySensor<Eigen::Matrix<double, 3, 1, 0, 3, 1>, Eigen::Matrix<double, 6, 1, 0, 6, 1> > >, 48>, 48> >, fl::UnscentedQuadrature>’

/home/administrator/ci/ci/team/workspace/src/catkin/core-perception/fl/include/fl/filter/gaussian/X_robust_multi_sensor_gaussian_filter.hpp:353:39:   required from ‘class fl::RobustMultiSensorGaussianFilter<int, fl::JointSensor<fl::MultipleOf<fl::BodyTailSensor<fl::LinearGaussianSensor<Eigen::Matrix<double, 3, 1, 0, 3, 1>, Eigen::Matrix<double, 6, 1, 0, 6, 1> >, fl::LinearCauchySensor<Eigen::Matrix<double, 3, 1, 0, 3, 1>, Eigen::Matrix<double, 6, 1, 0, 6, 1> > >, 48> >, fl::UnscentedQuadrature>’

/home/administrator/ci/ci/team/workspace/src/catkin/core-perception/fl/test/gaussian_filter/gaussian_filter_test_suite.hpp:245:53:   required from ‘void gtest_case_GaussianFilterTest_::predict_loop<gtest_TypeParam_>::TestBody() [with gtest_TypeParam_ = fl::StaticTest<RobustMultiSensorGfTestConfiguration<6, 3, 48, 30> >]’

/home/administrator/ci/ci/team/workspace/src/catkin/core-perception/fl/test/gaussian_filter/robust_multi_sensor_gaussian_filter_test.cpp:128:41:   required from here

/home/administrator/ci/ci/team/workspace/src/catkin/core-perception/fl/include/fl/util/traits.hpp:398:70: error: ‘int’ is not a class, struct, or union type

     typedef typename AdditivityOf<Model, typename Model::Type>::Type Type;

                                                                      ^

In file included from /home/administrator/ci/ci/team/workspace/src/catkin/core-perception/fl/test/gaussian_filter/robust_multi_sensor_gaussian_filter_test.cpp:25:0:

/home/administrator/ci/ci/team/workspace/src/catkin/core-perception/fl/test/gaussian_filter/gaussian_filter_test_suite.hpp: In instantiation of ‘void gtest_case_GaussianFilterTest_::predict_loop<gtest_TypeParam_>::TestBody() [with gtest_TypeParam_ = fl::StaticTest<RobustMultiSensorGfTestConfiguration<6, 3, 48, 30> >]’:

/home/administrator/ci/ci/team/workspace/src/catkin/core-perception/fl/test/gaussian_filter/robust_multi_sensor_gaussian_filter_test.cpp:128:41:   required from here

/home/administrator/ci/ci/team/workspace/src/catkin/core-perception/fl/test/gaussian_filter/gaussian_filter_test_suite.hpp:246:40: error: ‘class fl::RobustMultiSensorGaussianFilter<int, fl::JointSensor<fl::MultipleOf<fl::BodyTailSensor<fl::LinearGaussianSensor<Eigen::Matrix<double, 3, 1, 0, 3, 1>, Eigen::Matrix<double, 6, 1, 0, 6, 1> >, fl::LinearCauchySensor<Eigen::Matrix<double, 3, 1, 0, 3, 1>, Eigen::Matrix<double, 6, 1, 0, 6, 1> > >, 48> >, fl::UnscentedQuadrature>’ has no member named ‘create_belief’

     auto belief = filter.create_belief();

                                        ^

/home/administrator/ci/ci/team/workspace/src/catkin/core-perception/fl/test/gaussian_filter/gaussian_filter_test_suite.hpp:252:9: error: ‘class fl::RobustMultiSensorGaussianFilter<int, fl::JointSensor<fl::MultipleOf<fl::BodyTailSensor<fl::LinearGaussianSensor<Eigen::Matrix<double, 3, 1, 0, 3, 1>, Eigen::Matrix<double, 6, 1, 0, 6, 1> >, fl::LinearCauchySensor<Eigen::Matrix<double, 3, 1, 0, 3, 1>, Eigen::Matrix<double, 6, 1, 0, 6, 1> > >, 48> >, fl::UnscentedQuadrature>’ has no member named ‘predict’

         filter.predict(belief, This::zero_input(filter), belief);

         ^

/home/administrator/ci/ci/team/workspace/src/catkin/core-perception/fl/test/gaussian_filter/gaussian_filter_test_suite.hpp:252:55: error: ‘zero_input’ is not a member of ‘This {aka GaussianFilterTest<fl::StaticTest<RobustMultiSensorGfTestConfiguration<6, 3, 48, 30> > >}’

         filter.predict(belief, This::zero_input(filter), belief);

                                                       ^

/home/administrator/ci/ci/team/workspace/src/catkin/core-perception/fl/test/gaussian_filter/gaussian_filter_test_suite.hpp: In instantiation of ‘void gtest_case_GaussianFilterTest_::predict_then_update<gtest_TypeParam_>::TestBody() [with gtest_TypeParam_ = fl::StaticTest<RobustMultiSensorGfTestConfiguration<6, 3, 48, 30> >]’:

/home/administrator/ci/ci/team/workspace/src/catkin/core-perception/fl/test/gaussian_filter/robust_multi_sensor_gaussian_filter_test.cpp:128:41:   required from here

/home/administrator/ci/ci/team/workspace/src/catkin/core-perception/fl/test/gaussian_filter/gaussian_filter_test_suite.hpp:205:40: error: ‘class fl::RobustMultiSensorGaussianFilter<int, fl::JointSensor<fl::MultipleOf<fl::BodyTailSensor<fl::LinearGaussianSensor<Eigen::Matrix<double, 3, 1, 0, 3, 1>, Eigen::Matrix<double, 6, 1, 0, 6, 1> >, fl::LinearCauchySensor<Eigen::Matrix<double, 3, 1, 0, 3, 1>, Eigen::Matrix<double, 6, 1, 0, 6, 1> > >, 48> >, fl::UnscentedQuadrature>’ has no member named ‘create_belief’

     auto belief = filter.create_belief();

                                        ^

/home/administrator/ci/ci/team/workspace/src/catkin/core-perception/fl/test/gaussian_filter/gaussian_filter_test_suite.hpp:215:9: error: ‘class fl::RobustMultiSensorGaussianFilter<int, fl::JointSensor<fl::MultipleOf<fl::BodyTailSensor<fl::LinearGaussianSensor<Eigen::Matrix<double, 3, 1, 0, 3, 1>, Eigen::Matrix<double, 6, 1, 0, 6, 1> >, fl::LinearCauchySensor<Eigen::Matrix<double, 3, 1, 0, 3, 1>, Eigen::Matrix<double, 6, 1, 0, 6, 1> > >, 48> >, fl::UnscentedQuadrature>’ has no member named ‘predict’

         filter.predict(belief, This::zero_input(filter), belief);

         ^

/home/administrator/ci/ci/team/workspace/src/catkin/core-perception/fl/test/gaussian_filter/gaussian_filter_test_suite.hpp:215:55: error: ‘zero_input’ is not a member of ‘This {aka GaussianFilterTest<fl::StaticTest<RobustMultiSensorGfTestConfiguration<6, 3, 48, 30> > >}’

         filter.predict(belief, This::zero_input(filter), belief);

                                                       ^

/home/administrator/ci/ci/team/workspace/src/catkin/core-perception/fl/test/gaussian_filter/gaussian_filter_test_suite.hpp:226:9: error: ‘class fl::RobustMultiSensorGaussianFilter<int, fl::JointSensor<fl::MultipleOf<fl::BodyTailSensor<fl::LinearGaussianSensor<Eigen::Matrix<double, 3, 1, 0, 3, 1>, Eigen::Matrix<double, 6, 1, 0, 6, 1> >, fl::LinearCauchySensor<Eigen::Matrix<double, 3, 1, 0, 3, 1>, Eigen::Matrix<double, 6, 1, 0, 6, 1> > >, 48> >, fl::UnscentedQuadrature>’ has no member named ‘update’

         filter.update(belief, This::rand_obsrv(filter), belief);

         ^

In file included from /home/administrator/ci/ci/team/workspace/src/catkin/core-perception/fl/include/fl/filter/gaussian/robust_multi_sensor_gaussian_filter.hpp:34:0,

                 from /home/administrator/ci/ci/team/workspace/src/catkin/core-perception/fl/test/gaussian_filter/robust_multi_sensor_gaussian_filter_test.cpp:28:

/home/administrator/ci/ci/team/workspace/src/catkin/core-perception/fl/include/fl/filter/gaussian/multi_sensor_gaussian_filter.hpp: In instantiation of ‘std::string fl::MultiSensorGaussianFilter<TransitionFunction, JointSensorFunction, Quadrature>::name() const [with TransitionFunction = int; JointSensorFunction = fl::JointSensor<fl::MultipleOf<fl::MultiRobustSensorFunction<fl::BodyTailSensor<fl::LinearGaussianSensor<Eigen::Matrix<double, 3, 1, 0, 3, 1>, Eigen::Matrix<double, 6, 1, 0, 6, 1> >, fl::LinearCauchySensor<Eigen::Matrix<double, 3, 1, 0, 3, 1>, Eigen::Matrix<double, 6, 1, 0, 6, 1> > >, 48>, 48> >; Quadrature = fl::UnscentedQuadrature; std::string = std::basic_string<char>]’:

/home/administrator/ci/ci/team/workspace/src/catkin/core-perception/fl/include/fl/filter/gaussian/X_robust_multi_sensor_gaussian_filter.hpp:333:51:   required from ‘std::string fl::RobustMultiSensorGaussianFilter<TransitionFunction, ActualJointSensor, Quadrature>::name() const [with TransitionFunction = int; ActualJointSensor = fl::JointSensor<fl::MultipleOf<fl::BodyTailSensor<fl::LinearGaussianSensor<Eigen::Matrix<double, 3, 1, 0, 3, 1>, Eigen::Matrix<double, 6, 1, 0, 6, 1> >, fl::LinearCauchySensor<Eigen::Matrix<double, 3, 1, 0, 3, 1>, Eigen::Matrix<double, 6, 1, 0, 6, 1> > >, 48> >; Quadrature = fl::UnscentedQuadrature; std::string = std::basic_string<char>]’

/home/administrator/ci/ci/team/workspace/src/catkin/core-perception/fl/test/gaussian_filter/gaussian_filter_test_suite.hpp:203:5:   required from ‘void gtest_case_GaussianFilterTest_::predict_then_update<gtest_TypeParam_>::TestBody() [with gtest_TypeParam_ = fl::StaticTest<RobustMultiSensorGfTestConfiguration<6, 3, 48, 30> >]’

/home/administrator/ci/ci/team/workspace/src/catkin/core-perception/fl/test/gaussian_filter/robust_multi_sensor_gaussian_filter_test.cpp:128:41:   required from here

/home/administrator/ci/ci/team/workspace/src/catkin/core-perception/fl/include/fl/filter/gaussian/multi_sensor_gaussian_filter.hpp:113:45: error: ‘const class fl::MultiSensorGaussianFilter<int, fl::JointSensor<fl::MultipleOf<fl::MultiRobustSensorFunction<fl::BodyTailSensor<fl::LinearGaussianSensor<Eigen::Matrix<double, 3, 1, 0, 3, 1>, Eigen::Matrix<double, 6, 1, 0, 6, 1> >, fl::LinearCauchySensor<Eigen::Matrix<double, 3, 1, 0, 3, 1>, Eigen::Matrix<double, 6, 1, 0, 6, 1> > >, 48>, 48> >, fl::UnscentedQuadrature>’ has no member named ‘list_arguments’

         return "MultiSensorGaussianFilter<" +

                                             ^

In file included from /home/administrator/ci/ci/team/workspace/src/catkin/core-perception/fl/test/gaussian_filter/robust_multi_sensor_gaussian_filter_test.cpp:25:0:

/home/administrator/ci/ci/team/workspace/src/catkin/core-perception/fl/test/gaussian_filter/gaussian_filter_test_suite.hpp: In instantiation of ‘GaussianFilterTest<TestType>::ModelFactory::LinearTransition GaussianFilterTest<TestType>::ModelFactory::create_linear_state_model() [with TestType = fl::StaticTest<RobustMultiSensorGfTestConfiguration<6, 3, 48, 30> >; GaussianFilterTest<TestType>::ModelFactory::LinearTransition = int]’:

/home/administrator/ci/ci/team/workspace/src/catkin/core-perception/fl/test/gaussian_filter/robust_multi_sensor_gaussian_filter_test.cpp:118:46:   required from ‘static typename RobustMultiSensorGfTestConfiguration<StateDimension, ObsrvDimension, Count, FilterIterations>::FilterDefinition<ModelFactory>::Type RobustMultiSensorGfTestConfiguration<StateDimension, ObsrvDimension, Count, FilterIterations>::create_filter(ModelFactory&&) [with ModelFactory = GaussianFilterTest<fl::StaticTest<RobustMultiSensorGfTestConfiguration<6, 3, 48, 30> > >::ModelFactory; int StateDimension = 6; int ObsrvDimension = 3; int Count = 48; int FilterIterations = 30; typename RobustMultiSensorGfTestConfiguration<StateDimension, ObsrvDimension, Count, FilterIterations>::FilterDefinition<ModelFactory>::Type = fl::RobustMultiSensorGaussianFilter<int, fl::JointSensor<fl::MultipleOf<fl::BodyTailSensor<fl::LinearGaussianSensor<Eigen::Matrix<double, 3, 1, 0, 3, 1>, Eigen::Matrix<double, 6, 1, 0, 6, 1> >, fl::LinearCauchySensor<Eigen::Matrix<double, 3, 1, 0, 3, 1>, Eigen::Matrix<double, 6, 1, 0, 6, 1> > >, 48> >, fl::UnscentedQuadrature>]’

/home/administrator/ci/ci/team/workspace/src/catkin/core-perception/fl/test/gaussian_filter/gaussian_filter_test_suite.hpp:154:64:   required from ‘GaussianFilterTest<TestType>::Filter GaussianFilterTest<TestType>::create_filter(GaussianFilterTest<TestType>::ModelSetup) const [with TestType = fl::StaticTest<RobustMultiSensorGfTestConfiguration<6, 3, 48, 30> >; GaussianFilterTest<TestType>::Filter = fl::RobustMultiSensorGaussianFilter<int, fl::JointSensor<fl::MultipleOf<fl::BodyTailSensor<fl::LinearGaussianSensor<Eigen::Matrix<double, 3, 1, 0, 3, 1>, Eigen::Matrix<double, 6, 1, 0, 6, 1> >, fl::LinearCauchySensor<Eigen::Matrix<double, 3, 1, 0, 3, 1>, Eigen::Matrix<double, 6, 1, 0, 6, 1> > >, 48> >, fl::UnscentedQuadrature>]’

/home/administrator/ci/ci/team/workspace/src/catkin/core-perception/fl/test/gaussian_filter/gaussian_filter_test_suite.hpp:245:53:   required from ‘void gtest_case_GaussianFilterTest_::predict_loop<gtest_TypeParam_>::TestBody() [with gtest_TypeParam_ = fl::StaticTest<RobustMultiSensorGfTestConfiguration<6, 3, 48, 30> >]’

/home/administrator/ci/ci/team/workspace/src/catkin/core-perception/fl/test/gaussian_filter/robust_multi_sensor_gaussian_filter_test.cpp:128:41:   required from here

/home/administrator/ci/ci/team/workspace/src/catkin/core-perception/fl/test/gaussian_filter/gaussian_filter_test_suite.hpp:95:61: error: expression list treated as compound expression in functional cast [-fpermissive]

             auto model = LinearTransition(StateDim, InputDim);

                                                             ^

/home/administrator/ci/ci/team/workspace/src/catkin/core-perception/fl/test/gaussian_filter/gaussian_filter_test_suite.hpp:95:61: warning: left operand of comma operator has no effect [-Wunused-value]

In file included from /home/administrator/ci/ci/team/workspace/src/catkin/core-perception/fl/include/fl/filter/gaussian/robust_multi_sensor_gaussian_filter.hpp:34:0,

                 from /home/administrator/ci/ci/team/workspace/src/catkin/core-perception/fl/test/gaussian_filter/robust_multi_sensor_gaussian_filter_test.cpp:28:

/home/administrator/ci/ci/team/workspace/src/catkin/core-perception/fl/include/fl/filter/gaussian/multi_sensor_gaussian_filter.hpp: In instantiation of ‘std::string fl::MultiSensorGaussianFilter<TransitionFunction, JointSensorFunction, Quadrature>::description() const [with TransitionFunction = int; JointSensorFunction = fl::JointSensor<fl::MultipleOf<fl::MultiRobustSensorFunction<fl::BodyTailSensor<fl::LinearGaussianSensor<Eigen::Matrix<double, 3, 1, 0, 3, 1>, Eigen::Matrix<double, 6, 1, 0, 6, 1> >, fl::LinearCauchySensor<Eigen::Matrix<double, 3, 1, 0, 3, 1>, Eigen::Matrix<double, 6, 1, 0, 6, 1> > >, 48>, 48> >; Quadrature = fl::UnscentedQuadrature; std::string = std::basic_string<char>]’:

/home/administrator/ci/ci/team/workspace/src/catkin/core-perception/fl/test/gaussian_filter/robust_multi_sensor_gaussian_filter_test.cpp:128:41:   required from here

/home/administrator/ci/ci/team/workspace/src/catkin/core-perception/fl/include/fl/filter/gaussian/multi_sensor_gaussian_filter.hpp:119:52: error: ‘const class fl::MultiSensorGaussianFilter<int, fl::JointSensor<fl::MultipleOf<fl::MultiRobustSensorFunction<fl::BodyTailSensor<fl::LinearGaussianSensor<Eigen::Matrix<double, 3, 1, 0, 3, 1>, Eigen::Matrix<double, 6, 1, 0, 6, 1> >, fl::LinearCauchySensor<Eigen::Matrix<double, 3, 1, 0, 3, 1>, Eigen::Matrix<double, 6, 1, 0, 6, 1> > >, 48>, 48> >, fl::UnscentedQuadrature>’ has no member named ‘list_descriptions’

         return "Multi-Sensor Gaussian Filter with" +

                                                    ^

/home/administrator/ci/ci/team/workspace/src/catkin/core-perception/fl/include/fl/filter/gaussian/gaussian_filter_linear.hpp: In member function ‘std::string fl::GaussianFilter<LinearTransition, LinearSensor>::description() const [with LinearTransition = int; LinearSensor = fl::LinearGaussianSensor<Eigen::Matrix<double, 2, 1>, Eigen::Matrix<double, 3, 1> >; std::string = std::basic_string<char>]’:

/home/administrator/ci/ci/team/workspace/src/catkin/core-perception/fl/include/fl/filter/gaussian/gaussian_filter_linear.hpp:216:5: warning: control reaches end of non-void function [-Wreturn-type]

     }

     ^

/home/administrator/ci/ci/team/workspace/src/catkin/core-perception/fl/include/fl/filter/gaussian/gaussian_filter_linear.hpp: In member function ‘std::string fl::GaussianFilter<LinearTransition, LinearSensor>::name() const [with LinearTransition = int; LinearSensor = fl::LinearGaussianSensor<Eigen::Matrix<double, 2, 1>, Eigen::Matrix<double, 3, 1> >; std::string = std::basic_string<char>]’:

/home/administrator/ci/ci/team/workspace/src/catkin/core-perception/fl/include/fl/filter/gaussian/gaussian_filter_linear.hpp:208:5: warning: control reaches end of non-void function [-Wreturn-type]

     }

     ^

/home/administrator/ci/ci/team/workspace/src/catkin/core-perception/fl/include/fl/filter/gaussian/gaussian_filter_linear.hpp: In member function ‘std::string fl::GaussianFilter<LinearTransition, LinearSensor>::description() const [with LinearTransition = int; LinearSensor = fl::LinearGaussianSensor<Eigen::Matrix<double, 10, 1, 0, 10, 1>, Eigen::Matrix<double, 3, 1> >; std::string = std::basic_string<char>]’:

/home/administrator/ci/ci/team/workspace/src/catkin/core-perception/fl/include/fl/filter/gaussian/gaussian_filter_linear.hpp:216:5: warning: control reaches end of non-void function [-Wreturn-type]

     }

     ^

/home/administrator/ci/ci/team/workspace/src/catkin/core-perception/fl/include/fl/filter/gaussian/gaussian_filter_linear.hpp: In member function ‘std::string fl::GaussianFilter<LinearTransition, LinearSensor>::name() const [with LinearTransition = int; LinearSensor = fl::LinearGaussianSensor<Eigen::Matrix<double, 10, 1, 0, 10, 1>, Eigen::Matrix<double, 3, 1> >; std::string = std::basic_string<char>]’:

/home/administrator/ci/ci/team/workspace/src/catkin/core-perception/fl/include/fl/filter/gaussian/gaussian_filter_linear.hpp:208:5: warning: control reaches end of non-void function [-Wreturn-type]

     }

     ^

At global scope:

cc1plus: warning: unrecognized command line option "-Wno-deprecated-register" [enabled by default]

make[3]: *** [catkin/core-perception/fl/test/CMakeFiles/gaussian_filter_kalman_filter_test.dir/gaussian_filter/kalman_filter_test.cpp.o] Error 1

make[2]: *** [catkin/core-perception/fl/test/CMakeFiles/gaussian_filter_kalman_filter_test.dir/all] Error 2

Linking CXX executable /home/administrator/ci/ci/team/workspace/devel/lib/fl/decorrelated_gaussian_distribution_test

Linking CXX executable /home/administrator/ci/ci/team/workspace/devel/lib/fl/discrete_distribution_test

At global scope:

cc1plus: warning: unrecognized command line option "-Wno-deprecated-register" [enabled by default]

make[3]: *** [catkin/core-perception/fl/test/CMakeFiles/gaussian_filter_unscented_kalman_filter_test.dir/gaussian_filter/unscented_kalman_filter_test.cpp.o] Error 1

make[2]: *** [catkin/core-perception/fl/test/CMakeFiles/gaussian_filter_unscented_kalman_filter_test.dir/all] Error 2

[ 47%] Built target decorrelated_gaussian_distribution_test

[ 47%] Built target discrete_distribution_test

/home/administrator/ci/ci/team/workspace/src/catkin/core-perception/fl/include/fl/filter/gaussian/multi_sensor_gaussian_filter.hpp: In member function ‘std::string fl::MultiSensorGaussianFilter<TransitionFunction, JointSensorFunction, Quadrature>::description() const [with TransitionFunction = int; JointSensorFunction = fl::JointSensor<fl::MultipleOf<fl::MultiRobustSensorFunction<fl::BodyTailSensor<fl::LinearGaussianSensor<Eigen::Matrix<double, 3, 1, 0, 3, 1>, Eigen::Matrix<double, 6, 1, 0, 6, 1> >, fl::LinearCauchySensor<Eigen::Matrix<double, 3, 1, 0, 3, 1>, Eigen::Matrix<double, 6, 1, 0, 6, 1> > >, 48>, 48> >; Quadrature = fl::UnscentedQuadrature; std::string = std::basic_string<char>]’:

/home/administrator/ci/ci/team/workspace/src/catkin/core-perception/fl/include/fl/filter/gaussian/multi_sensor_gaussian_filter.hpp:121:5: warning: control reaches end of non-void function [-Wreturn-type]

     }

     ^

/home/administrator/ci/ci/team/workspace/src/catkin/core-perception/fl/include/fl/filter/gaussian/multi_sensor_gaussian_filter.hpp: In member function ‘std::string fl::MultiSensorGaussianFilter<TransitionFunction, JointSensorFunction, Quadrature>::name() const [with TransitionFunction = int; JointSensorFunction = fl::JointSensor<fl::MultipleOf<fl::MultiRobustSensorFunction<fl::BodyTailSensor<fl::LinearGaussianSensor<Eigen::Matrix<double, 3, 1, 0, 3, 1>, Eigen::Matrix<double, 6, 1, 0, 6, 1> >, fl::LinearCauchySensor<Eigen::Matrix<double, 3, 1, 0, 3, 1>, Eigen::Matrix<double, 6, 1, 0, 6, 1> > >, 48>, 48> >; Quadrature = fl::UnscentedQuadrature; std::string = std::basic_string<char>]’:

/home/administrator/ci/ci/team/workspace/src/catkin/core-perception/fl/include/fl/filter/gaussian/multi_sensor_gaussian_filter.hpp:115:5: warning: control reaches end of non-void function [-Wreturn-type]

     }

     ^

At global scope:

cc1plus: warning: unrecognized command line option "-Wno-deprecated-register" [enabled by default]

make[3]: *** [catkin/core-perception/fl/test/CMakeFiles/robust_multi_sensor_gaussian_filter_test.dir/gaussian_filter/robust_multi_sensor_gaussian_filter_test.cpp.o] Error 1

make[2]: *** [catkin/core-perception/fl/test/CMakeFiles/robust_multi_sensor_gaussian_filter_test.dir/all] Error 2

Linking CXX executable /home/administrator/ci/ci/team/workspace/devel/lib/fl/t_distribution_test

[ 47%] Built target t_distribution_test

Linking CXX executable /home/administrator/ci/ci/team/workspace/devel/lib/fl/linear_uncorrelated_gaussian_sensor_test

[ 47%] Built target linear_uncorrelated_gaussian_sensor_test

Linking CXX executable /home/administrator/ci/ci/team/workspace/devel/lib/fl/gaussian_filter_linear_vs_unscented_kalman_filter_test_StaticTest_2_1_2_GaussianModel_Additive_Additive_test

[ 47%] Built target gaussian_filter_linear_vs_unscented_kalman_filter_test_StaticTest_2_1_2_GaussianModel_Additive_Additive_test

Linking CXX executable /home/administrator/ci/ci/team/workspace/devel/lib/fl/unscented_transform_test_test

[ 47%] Built target unscented_transform_test_test

Linking CXX executable /home/administrator/ci/ci/team/workspace/devel/lib/fl/linear_gaussian_sensor_test

[ 47%] Built target linear_gaussian_sensor_test

Linking CXX executable /home/administrator/ci/ci/team/workspace/devel/lib/fl/body_tail_sensor_test

[ 47%] Built target body_tail_sensor_test

Linking CXX executable /home/administrator/ci/ci/team/workspace/devel/lib/fl/joint_sensor_iid_test

Linking CXX executable /home/administrator/ci/ci/team/workspace/devel/lib/fl/linear_transition_test

[ 47%] Built target joint_sensor_iid_test

[ 47%] Built target linear_transition_test

Linking CXX executable /home/administrator/ci/ci/team/workspace/devel/lib/fl/gaussian_distribution_test

[ 47%] Built target gaussian_distribution_test

make[1]: *** [CMakeFiles/tests.dir/rule] Error 2

make: *** [tests] Error 2

Base path: /home/administrator/ci/ci/team/workspace

Source space: /home/administrator/ci/ci/team/workspace/src

Build space: /home/administrator/ci/ci/team/workspace/build

Devel space: /home/administrator/ci/ci/team/workspace/devel

Install space: /home/administrator/ci/ci/team/workspace/install

####

#### Running command: "cmake /home/administrator/ci/ci/team/workspace/src -DCATKIN_DEVEL_PREFIX=/home/administrator/ci/ci/team/workspace/devel -DCMAKE_INSTALL_PREFIX=/home/administrator/ci/ci/team/workspace/install" in "/home/administrator/ci/ci/team/workspace/build"

####

####

#### Running command: "make -j16 tests" in "/home/administrator/ci/ci/team/workspace/build"

####

Invoking "make" failed
