failed to compile unit tests:
WARNING: Catkin package name "Eigen" does not follow the naming conventions. It should start with a lower case letter and only contain lower case letters, digits, and underscores.

-- Using CATKIN_DEVEL_PREFIX: /home/administrator/ci/ci/team/workspace/devel

-- Using CMAKE_PREFIX_PATH: /home/administrator/ci/ci/team/workspace/devel;/opt/ros/indigo

-- This workspace overlays: /home/administrator/ci/ci/team/workspace/devel;/opt/ros/indigo

-- Using PYTHON_EXECUTABLE: /usr/bin/python

-- Python version: 2.7

-- Using Debian Python package layout

-- Using CATKIN_ENABLE_TESTING: ON

-- Call enable_testing()

-- Using CATKIN_TEST_RESULTS_DIR: /home/administrator/ci/ci/team/workspace/build/test_results

-- Found gtest sources under '/usr/src/gtest': gtests will be built

-- catkin 0.5.90

-- BUILD_SHARED_LIBS is on

WARNING: Catkin package name "Eigen" does not follow the naming conventions. It should start with a lower case letter and only contain lower case letters, digits, and underscores.

WARNING: Catkin package name "Eigen" does not follow the naming conventions. It should start with a lower case letter and only contain lower case letters, digits, and underscores.

-- ~~~~~~~~~~~~~~~~~~~~~~~~~~~~~~~~~~~~~~~~~~~~~~~~~

-- ~~  traversing 47 packages in topological order:

-- ~~  - Eigen

-- ~~  - apollo_robot_model

-- ~~  - catkin_gflags

-- ~~  - catkin_glog

-- ~~  - cdlbt

-- ~~  - can_control_tools

-- ~~  - conversions

-- ~~  - py_cpp_interface

-- ~~  - qp_oases

-- ~~  - quadprog

-- ~~  - ros_realtime (metapackage)

-- ~~  - allocators

-- ~~  - rosatomic

-- ~~  - lockfree

-- ~~  - rt_timer

-- ~~  - start_robot

-- ~~  - amd_clmc_ros_messages

-- ~~  - ar_track_alvar_msgs

-- ~~  - custom_robot_msgs

-- ~~  - riemo_grasping_msgs

-- ~~  - utilities

-- ~~  - lwpr

-- ~~  - vrpn_vicon_minimum

-- ~~  - vrpn_vicon_objs_tracker

-- ~~  - xenomai_ros

-- ~~  - constrained_inverse_kinematics_msgs

-- ~~  - roscpp_utilities

-- ~~  - rosrt

-- ~~  - ros_rt_test

-- ~~  - sl

-- ~~  - apollo

-- ~~  - apollo_test_task

-- ~~  - sl_ros_servo

-- ~~  - python_ros_utils

-- ~~  - ros_servo_apollo

-- ~~  - usc_utilities

-- ~~  - learnable_cost_function

-- ~~  - robot_info

-- ~~  - jacobian_utilities

-- ~~  - vicon_bridge

-- ~~  - pole_angle_estimator_vicon

-- ~~  - vicon_core

-- ~~  - vicon_subscriber

-- ~~  - yaml_cpp

-- ~~  - facial_expressions

-- ~~  - pole_balancing_apollo

-- ~~  - apollo_user

-- ~~~~~~~~~~~~~~~~~~~~~~~~~~~~~~~~~~~~~~~~~~~~~~~~~

-- +++ processing catkin package: 'Eigen'

-- ==> add_subdirectory(catkin/third_party/Eigen)

WARNING: Catkin package name "Eigen" does not follow the naming conventions. It should start with a lower case letter and only contain lower case letters, digits, and underscores.

-- +++ processing catkin package: 'apollo_robot_model'

-- ==> add_subdirectory(catkin/robots/apollo_robot_model)

-- +++ processing catkin package: 'catkin_gflags'

-- ==> add_subdirectory(catkin/third_party/catkin-gflags)

-- Found gflags  (include: /usr/include, library: /usr/lib/x86_64-linux-gnu/libgflags.so)

-- +++ processing catkin package: 'catkin_glog'

-- ==> add_subdirectory(catkin/third_party/catkin-glog)

-- Found glog    (include: /usr/include, library: /usr/lib/x86_64-linux-gnu/libglog.so)

-- +++ processing catkin package: 'cdlbt'

-- ==> add_subdirectory(catkin/ros/barrett-ros/cdlbt)

-- MACHTYPE x86_64

Detected MACHTYPE=x86_64

CMake Warning at cmake/sl_cmake_global/LAB.cmake:181 (message):

  HERMES HOSTS SET TO ATHENA-ROBOT IN SRC/CMAKE/SL_CMAKE_GLOBAL/LAB.CMAKE

Call Stack (most recent call first):

  catkin/ros/barrett-ros/cdlbt/CMakeLists.txt:8 (include)





-- HOST_NAME=everest

-- HOST=everest

-- LAB=AMD

-- CMAKE_C_FLAGS=-Wall -Wno-unused -Wno-strict-aliasing 

-- CMAKE_CPP_FLAGS=-Wall -Wno-unused -Wno-strict-aliasing 

-- CMAKE_INCLUDE_PATH=

-- CMAKE_LIBRARY_PATH=

-- LAB_STD_LIBS=pthread;rt;edit;curses;nsl;glut;GL;GLU;X11;Xmu;m

-- LAB_LIBDIR=lib/x86_64

-- LAB_INCLUDES=include

-- LAB_BINDIR=bin/x86_64

-- +++ processing catkin package: 'can_control_tools'

-- ==> add_subdirectory(catkin/ros/barrett-ros/canControlTools)

-- MACHTYPE x86_64

Detected MACHTYPE=x86_64

CMake Warning at cmake/sl_cmake_global/LAB.cmake:181 (message):

  HERMES HOSTS SET TO ATHENA-ROBOT IN SRC/CMAKE/SL_CMAKE_GLOBAL/LAB.CMAKE

Call Stack (most recent call first):

  catkin/ros/barrett-ros/canControlTools/CMakeLists.txt:8 (include)





-- HOST_NAME=everest

-- HOST=everest

-- LAB=AMD

-- CMAKE_C_FLAGS=-Wall -Wno-unused -Wno-strict-aliasing 

-- CMAKE_CPP_FLAGS=-Wall -Wno-unused -Wno-strict-aliasing 

-- CMAKE_INCLUDE_PATH=

-- CMAKE_LIBRARY_PATH=

-- LAB_STD_LIBS=pthread;rt;edit;curses;nsl;glut;GL;GLU;X11;Xmu;m

-- LAB_LIBDIR=lib/x86_64

-- LAB_INCLUDES=include

-- LAB_BINDIR=bin/x86_64

-- Boost version: 1.54.0

-- Found the following Boost libraries:

--   thread

-- +++ processing catkin package: 'conversions'

-- ==> add_subdirectory(catkin/ros/usc-clmc-catkin-pkg/usc_utils/conversions)

-- +++ processing catkin package: 'py_cpp_interface'

-- ==> add_subdirectory(catkin/utils/py_cpp_interface)

-- Boost version: 1.54.0

-- Found the following Boost libraries:

--   system

--   thread

--   python

-- PYTHON_BIN_LOCATION: /usr/bin/python



-- +++ processing catkin package: 'qp_oases'

-- ==> add_subdirectory(catkin/third_party/qp_oases)

-- +++ processing catkin package: 'quadprog'

-- ==> add_subdirectory(catkin/ros/usc-clmc-catkin-pkg/usc_utils/quadprog)

-- +++ processing catkin metapackage: 'ros_realtime'

-- ==> add_subdirectory(catkin/ros/ros_realtime/ros_realtime)

-- +++ processing catkin package: 'allocators'

-- ==> add_subdirectory(catkin/ros/ros_realtime/allocators)

-- Boost version: 1.54.0

-- +++ processing catkin package: 'rosatomic'

-- ==> add_subdirectory(catkin/ros/ros_realtime/rosatomic)

-- Boost version: 1.54.0

-- +++ processing catkin package: 'lockfree'

-- ==> add_subdirectory(catkin/ros/ros_realtime/lockfree)

-- Boost version: 1.54.0

-- +++ processing catkin package: 'rt_timer'

-- ==> add_subdirectory(catkin/ros/ros_realtime/rt_timer)

-- +++ processing catkin package: 'start_robot'

-- ==> add_subdirectory(catkin/robots/start_robot)

-- +++ processing catkin package: 'amd_clmc_ros_messages'

-- ==> add_subdirectory(catkin/ros/amd_clmc_ros_messages/amd_clmc_ros_messages)

-- Using these message generators: gencpp;genlisp;genpy

-- amd_clmc_ros_messages: 107 messages, 10 services

-- +++ processing catkin package: 'ar_track_alvar_msgs'

-- ==> add_subdirectory(catkin/ros/amd_clmc_ros_messages/ar_track_alvar_msgs)

-- Using these message generators: gencpp;genlisp;genpy

-- ar_track_alvar_msgs: 2 messages, 0 services

-- +++ processing catkin package: 'custom_robot_msgs'

-- ==> add_subdirectory(catkin/ros/amd_clmc_ros_messages/custom_robot_msgs)

-- Using these message generators: gencpp;genlisp;genpy

-- custom_robot_msgs: 1 messages, 2 services

-- +++ processing catkin package: 'riemo_grasping_msgs'

-- ==> add_subdirectory(catkin/ros/amd_clmc_ros_messages/riemo_grasping_msgs)

-- Using these message generators: gencpp;genlisp;genpy

-- riemo_grasping_msgs: 5 messages, 3 services

-- +++ processing catkin package: 'utilities'

-- ==> add_subdirectory(catkin/core-sl/catkin-utilities)

-- MACHTYPE x86_64

Detected MACHTYPE=x86_64

CMake Warning at cmake/sl_cmake_global/LAB.cmake:181 (message):

  HERMES HOSTS SET TO ATHENA-ROBOT IN SRC/CMAKE/SL_CMAKE_GLOBAL/LAB.CMAKE

Call Stack (most recent call first):

  catkin/core-sl/catkin-utilities/CMakeLists.txt:8 (include)





-- HOST_NAME=everest

-- HOST=everest

-- LAB=AMD

-- CMAKE_C_FLAGS=-Wall -Wno-unused -Wno-strict-aliasing 

-- CMAKE_CPP_FLAGS=-Wall -Wno-unused -Wno-strict-aliasing 

-- CMAKE_INCLUDE_PATH=

-- CMAKE_LIBRARY_PATH=

-- LAB_STD_LIBS=pthread;rt;edit;curses;nsl;glut;GL;GLU;X11;Xmu;m

-- LAB_LIBDIR=lib/x86_64

-- LAB_INCLUDES=include

-- LAB_BINDIR=bin/x86_64

-- +++ processing catkin package: 'lwpr'

-- ==> add_subdirectory(catkin/core-sl/catkin-lwpr)

-- MACHTYPE x86_64

Detected MACHTYPE=x86_64

CMake Warning at cmake/sl_cmake_global/LAB.cmake:181 (message):

  HERMES HOSTS SET TO ATHENA-ROBOT IN SRC/CMAKE/SL_CMAKE_GLOBAL/LAB.CMAKE

Call Stack (most recent call first):

  catkin/core-sl/catkin-lwpr/CMakeLists.txt:5 (include)





-- HOST_NAME=everest

-- HOST=everest

-- LAB=AMD

-- CMAKE_C_FLAGS=-Wall -Wno-unused -Wno-strict-aliasing 

-- CMAKE_CPP_FLAGS=-Wall -Wno-unused -Wno-strict-aliasing 

-- CMAKE_INCLUDE_PATH=

-- CMAKE_LIBRARY_PATH=

-- LAB_STD_LIBS=pthread;rt;edit;curses;nsl;glut;GL;GLU;X11;Xmu;m

-- LAB_LIBDIR=lib/x86_64

-- LAB_INCLUDES=include

-- LAB_BINDIR=bin/x86_64

-- +++ processing catkin package: 'vrpn_vicon_minimum'

-- ==> add_subdirectory(catkin/perception/vrpn_vicon_minimum)

-- +++ processing catkin package: 'vrpn_vicon_objs_tracker'

-- ==> add_subdirectory(catkin/perception/vrpn_vicon_objs_tracker)

-- +++ processing catkin package: 'xenomai_ros'

-- ==> add_subdirectory(catkin/ros/xenomai-ros)

-- +++ processing catkin package: 'constrained_inverse_kinematics_msgs'

-- ==> add_subdirectory(catkin/ros/usc-clmc-catkin-pkg/planning/constrained_inverse_kinematics_msgs)

-- Using these message generators: gencpp;genlisp;genpy

-- constrained_inverse_kinematics_msgs: 1 messages, 0 services

-- +++ processing catkin package: 'roscpp_utilities'

-- ==> add_subdirectory(catkin/ros/roscpp_utilities)

-- +++ processing catkin package: 'rosrt'

-- ==> add_subdirectory(catkin/ros/ros_realtime/rosrt)

-- xenomai NOT found. (/usr/local;/usr)

-- Could NOT find Xenomai (missing:  Xenomai_ROOT_DIR Xenomai_LIBRARY_NATIVE Xenomai_LIBRARY_XENOMAI Xenomai_LIBRARY_PTHREAD_RT Xenomai_LIBRARY_RTDM Xenomai_VERSION Xenomai_LIBRARY_RTDK) 

-- Boost version: 1.54.0

-- Found the following Boost libraries:

--   thread

-- +++ processing catkin package: 'ros_rt_test'

-- ==> add_subdirectory(catkin/ros/ros_rt_basic_example)

-- xenomai NOT found. (/usr/local;/usr)

-- Could NOT find Xenomai (missing:  Xenomai_ROOT_DIR Xenomai_LIBRARY_NATIVE Xenomai_LIBRARY_XENOMAI Xenomai_LIBRARY_PTHREAD_RT Xenomai_LIBRARY_RTDM Xenomai_VERSION Xenomai_LIBRARY_RTDK) 

-- +++ processing catkin package: 'sl'

-- ==> add_subdirectory(catkin/core-sl/catkin-sl)

-- MACHTYPE x86_64

Detected MACHTYPE=x86_64

CMake Warning at cmake/sl_cmake_global/LAB.cmake:181 (message):

  HERMES HOSTS SET TO ATHENA-ROBOT IN SRC/CMAKE/SL_CMAKE_GLOBAL/LAB.CMAKE

Call Stack (most recent call first):

  catkin/core-sl/catkin-sl/CMakeLists.txt:8 (include)





-- HOST_NAME=everest

-- HOST=everest

-- LAB=AMD

-- CMAKE_C_FLAGS=-Wall -Wno-unused -Wno-strict-aliasing 

-- CMAKE_CPP_FLAGS=-Wall -Wno-unused -Wno-strict-aliasing 

-- CMAKE_INCLUDE_PATH=

-- CMAKE_LIBRARY_PATH=

-- LAB_STD_LIBS=pthread;rt;edit;curses;nsl;glut;GL;GLU;X11;Xmu;m

-- LAB_LIBDIR=lib/x86_64

-- LAB_INCLUDES=include

-- LAB_BINDIR=bin/x86_64

-- +++ processing catkin package: 'apollo'

-- ==> add_subdirectory(catkin/robots/catkin-apollo)

-- MACHTYPE x86_64

Detected MACHTYPE=x86_64

CMake Warning at cmake/sl_cmake_global/LAB.cmake:181 (message):

  HERMES HOSTS SET TO ATHENA-ROBOT IN SRC/CMAKE/SL_CMAKE_GLOBAL/LAB.CMAKE

Call Stack (most recent call first):

  catkin/robots/catkin-apollo/CMakeLists.txt:9 (include)





-- HOST_NAME=everest

-- HOST=everest

-- LAB=AMD

-- CMAKE_C_FLAGS=-Wall -Wno-unused -Wno-strict-aliasing 

-- CMAKE_CPP_FLAGS=-Wall -Wno-unused -Wno-strict-aliasing 

-- CMAKE_INCLUDE_PATH=

-- CMAKE_LIBRARY_PATH=

-- LAB_STD_LIBS=pthread;rt;edit;curses;nsl;glut;GL;GLU;X11;Xmu;m

-- LAB_LIBDIR=lib/x86_64

-- LAB_INCLUDES=include

-- LAB_BINDIR=bin/x86_64

-- +++ processing catkin package: 'apollo_test_task'

-- ==> add_subdirectory(catkin/robots/catkin-sl-apollo-task-example)

-- MACHTYPE x86_64

Detected MACHTYPE=x86_64

CMake Warning at cmake/sl_cmake_global/LAB.cmake:181 (message):

  HERMES HOSTS SET TO ATHENA-ROBOT IN SRC/CMAKE/SL_CMAKE_GLOBAL/LAB.CMAKE

Call Stack (most recent call first):

  catkin/robots/catkin-sl-apollo-task-example/CMakeLists.txt:8 (include)





-- HOST_NAME=everest

-- HOST=everest

-- LAB=AMD

-- CMAKE_C_FLAGS=-Wall -Wno-unused -Wno-strict-aliasing 

-- CMAKE_CPP_FLAGS=-Wall -Wno-unused -Wno-strict-aliasing 

-- CMAKE_INCLUDE_PATH=

-- CMAKE_LIBRARY_PATH=

-- LAB_STD_LIBS=pthread;rt;edit;curses;nsl;glut;GL;GLU;X11;Xmu;m

-- LAB_LIBDIR=lib/x86_64

-- LAB_INCLUDES=include

-- LAB_BINDIR=bin/x86_64

-- +++ processing catkin package: 'sl_ros_servo'

-- ==> add_subdirectory(catkin/ros/sl_ros_servo)

-- MACHTYPE x86_64

Detected MACHTYPE=x86_64

CMake Warning at cmake/sl_cmake_global/LAB.cmake:181 (message):

  HERMES HOSTS SET TO ATHENA-ROBOT IN SRC/CMAKE/SL_CMAKE_GLOBAL/LAB.CMAKE

Call Stack (most recent call first):

  catkin/ros/sl_ros_servo/CMakeLists.txt:5 (include)





-- HOST_NAME=everest

-- HOST=everest

-- LAB=AMD

-- CMAKE_C_FLAGS=-Wall -Wno-unused -Wno-strict-aliasing 

-- CMAKE_CPP_FLAGS=-Wall -Wno-unused -Wno-strict-aliasing 

-- CMAKE_INCLUDE_PATH=

-- CMAKE_LIBRARY_PATH=

-- LAB_STD_LIBS=pthread;rt;edit;curses;nsl;glut;GL;GLU;X11;Xmu;m

-- LAB_LIBDIR=lib/x86_64

-- LAB_INCLUDES=include

-- LAB_BINDIR=bin/x86_64

-- +++ processing catkin package: 'python_ros_utils'

-- ==> add_subdirectory(catkin/ros/usc-clmc-catkin-pkg/usc_utils/python_ros_utils)

-- Using these message generators: gencpp;genlisp;genpy

-- +++ processing catkin package: 'ros_servo_apollo'

-- ==> add_subdirectory(catkin/ros/ros_servo_apollo)

-- MACHTYPE x86_64

Detected MACHTYPE=x86_64

CMake Warning at cmake/sl_cmake_global/LAB.cmake:181 (message):

  HERMES HOSTS SET TO ATHENA-ROBOT IN SRC/CMAKE/SL_CMAKE_GLOBAL/LAB.CMAKE

Call Stack (most recent call first):

  catkin/ros/ros_servo_apollo/CMakeLists.txt:5 (include)





-- HOST_NAME=everest

-- HOST=everest

-- LAB=AMD

-- CMAKE_C_FLAGS=-Wall -Wno-unused -Wno-strict-aliasing 

-- CMAKE_CPP_FLAGS=-Wall -Wno-unused -Wno-strict-aliasing 

-- CMAKE_INCLUDE_PATH=

-- CMAKE_LIBRARY_PATH=

-- LAB_STD_LIBS=pthread;rt;edit;curses;nsl;glut;GL;GLU;X11;Xmu;m

-- LAB_LIBDIR=lib/x86_64

-- LAB_INCLUDES=include

-- LAB_BINDIR=bin/x86_64

-- Using these message generators: gencpp;genlisp;genpy

-- +++ processing catkin package: 'usc_utilities'

-- ==> add_subdirectory(catkin/ros/usc-clmc-catkin-pkg/usc_utils/usc_utilities)

-- Using these message generators: gencpp;genlisp;genpy

-- usc_utilities: 1 messages, 0 services

-- +++ processing catkin package: 'learnable_cost_function'

-- ==> add_subdirectory(catkin/ros/usc-clmc-catkin-pkg/planning/learnable_cost_function)

-- +++ processing catkin package: 'robot_info'

-- ==> add_subdirectory(catkin/ros/usc-clmc-catkin-pkg/usc_utils/robot_info)

-- +++ processing catkin package: 'jacobian_utilities'

-- ==> add_subdirectory(catkin/ros/usc-clmc-catkin-pkg/usc_utils/jacobian_utilities)

-- +++ processing catkin package: 'vicon_bridge'

-- ==> add_subdirectory(catkin/perception/vicon_bridge)

-- Using these message generators: gencpp;genlisp;genpy

-- Boost version: 1.54.0

-- Found the following Boost libraries:

--   thread

-- vicon_bridge: 3 messages, 2 services

-- +++ processing catkin package: 'pole_angle_estimator_vicon'

-- ==> add_subdirectory(catkin/pole_balancing/pole_angle_estimator_vicon)

-- +++ processing catkin package: 'vicon_core'

-- ==> add_subdirectory(catkin/sensors/vicon-core)

-- MACHTYPE x86_64

Detected MACHTYPE=x86_64

CMake Warning at cmake/sl_cmake_global/LAB.cmake:181 (message):

  HERMES HOSTS SET TO ATHENA-ROBOT IN SRC/CMAKE/SL_CMAKE_GLOBAL/LAB.CMAKE

Call Stack (most recent call first):

  catkin/sensors/vicon-core/CMakeLists.txt:8 (include)





-- HOST_NAME=everest

-- HOST=everest

-- LAB=AMD

-- CMAKE_C_FLAGS=-Wall -Wno-unused -Wno-strict-aliasing 

-- CMAKE_CPP_FLAGS=-Wall -Wno-unused -Wno-strict-aliasing 

-- CMAKE_INCLUDE_PATH=

-- CMAKE_LIBRARY_PATH=

-- LAB_STD_LIBS=pthread;rt;edit;curses;nsl;glut;GL;GLU;X11;Xmu;m

-- LAB_LIBDIR=lib/x86_64

-- LAB_INCLUDES=include

-- LAB_BINDIR=bin/x86_64

-- xenomai NOT found. (/usr/local;/usr)

-- Could NOT find Xenomai (missing:  Xenomai_ROOT_DIR Xenomai_LIBRARY_NATIVE Xenomai_LIBRARY_XENOMAI Xenomai_LIBRARY_PTHREAD_RT Xenomai_LIBRARY_RTDM Xenomai_VERSION Xenomai_LIBRARY_RTDK) 

-- Using these message generators: gencpp;genlisp;genpy

-- +++ processing catkin package: 'vicon_subscriber'

-- ==> add_subdirectory(catkin/perception/vicon_subscriber)

-- Boost version: 1.54.0

-- +++ processing catkin package: 'yaml_cpp'

-- ==> add_subdirectory(catkin/third_party/YAML_CPP)

-- Boost version: 1.54.0

-- +++ processing catkin package: 'facial_expressions'

-- ==> add_subdirectory(catkin/emotions/facial_expressions)

-- MACHTYPE x86_64

Detected MACHTYPE=x86_64

CMake Warning at cmake/sl_cmake_global/LAB.cmake:181 (message):

  HERMES HOSTS SET TO ATHENA-ROBOT IN SRC/CMAKE/SL_CMAKE_GLOBAL/LAB.CMAKE

Call Stack (most recent call first):

  catkin/emotions/facial_expressions/CMakeLists.txt:6 (include)





-- HOST_NAME=everest

-- HOST=everest

-- LAB=AMD

-- CMAKE_C_FLAGS=-Wall -Wno-unused -Wno-strict-aliasing 

-- CMAKE_CPP_FLAGS=-Wall -Wno-unused -Wno-strict-aliasing 

-- CMAKE_INCLUDE_PATH=

-- CMAKE_LIBRARY_PATH=

-- LAB_STD_LIBS=pthread;rt;edit;curses;nsl;glut;GL;GLU;X11;Xmu;m

-- LAB_LIBDIR=lib/x86_64

-- LAB_INCLUDES=include

-- LAB_BINDIR=bin/x86_64

-- Using these message generators: gencpp;genlisp;genpy

-- facial_expressions: 0 messages, 1 services

-- +++ processing catkin package: 'pole_balancing_apollo'

-- ==> add_subdirectory(catkin/pole_balancing/pole_balancing_apollo)

-- MACHTYPE x86_64

Detected MACHTYPE=x86_64

CMake Warning at cmake/sl_cmake_global/LAB.cmake:181 (message):

  HERMES HOSTS SET TO ATHENA-ROBOT IN SRC/CMAKE/SL_CMAKE_GLOBAL/LAB.CMAKE

Call Stack (most recent call first):

  catkin/pole_balancing/pole_balancing_apollo/CMakeLists.txt:10 (include)





-- HOST_NAME=everest

-- HOST=everest

-- LAB=AMD

-- CMAKE_C_FLAGS=-Wall -Wno-unused -Wno-strict-aliasing 

-- CMAKE_CPP_FLAGS=-Wall -Wno-unused -Wno-strict-aliasing 

-- CMAKE_INCLUDE_PATH=

-- CMAKE_LIBRARY_PATH=

-- LAB_STD_LIBS=pthread;rt;edit;curses;nsl;glut;GL;GLU;X11;Xmu;m

-- LAB_LIBDIR=lib/x86_64

-- LAB_INCLUDES=include

-- LAB_BINDIR=bin/x86_64

-- xenomai NOT found. (/usr/local;/usr)

-- Could NOT find Xenomai (missing:  Xenomai_ROOT_DIR Xenomai_LIBRARY_NATIVE Xenomai_LIBRARY_XENOMAI Xenomai_LIBRARY_PTHREAD_RT Xenomai_LIBRARY_RTDM Xenomai_VERSION Xenomai_LIBRARY_RTDK) 

-- Using these message generators: gencpp;genlisp;genpy

-- +++ processing catkin package: 'apollo_user'

-- ==> add_subdirectory(catkin/robots/catkin-apolloUser)

-- MACHTYPE x86_64

Detected MACHTYPE=x86_64

CMake Warning at cmake/sl_cmake_global/LAB.cmake:181 (message):

  HERMES HOSTS SET TO ATHENA-ROBOT IN SRC/CMAKE/SL_CMAKE_GLOBAL/LAB.CMAKE

Call Stack (most recent call first):

  catkin/robots/catkin-apolloUser/CMakeLists.txt:8 (include)





-- HOST_NAME=everest

-- HOST=everest

-- LAB=AMD

-- CMAKE_C_FLAGS=-Wall -Wno-unused -Wno-strict-aliasing 

-- CMAKE_CPP_FLAGS=-Wall -Wno-unused -Wno-strict-aliasing 

-- CMAKE_INCLUDE_PATH=

-- CMAKE_LIBRARY_PATH=

-- LAB_STD_LIBS=pthread;rt;edit;curses;nsl;glut;GL;GLU;X11;Xmu;m

-- LAB_LIBDIR=lib/x86_64

-- LAB_INCLUDES=include

-- LAB_BINDIR=bin/x86_64

-- xenomai NOT found. (/usr/local;/usr)

-- Could NOT find Xenomai (missing:  Xenomai_ROOT_DIR Xenomai_LIBRARY_NATIVE Xenomai_LIBRARY_XENOMAI Xenomai_LIBRARY_PTHREAD_RT Xenomai_LIBRARY_RTDM Xenomai_VERSION Xenomai_LIBRARY_RTDK) 

-- Configuring done

-- Generating done

-- Build files have been written to: /home/administrator/ci/ci/team/workspace/build

Scanning dependencies of target gtest

[  0%] [  0%] [ 71%] Built target lockfree

Built target yaml-cpp

Building CXX object gtest/CMakeFiles/gtest.dir/src/gtest-all.cc.o

[ 71%] Built target vicon_subscriber

[ 85%] Built target rosrt

[ 85%] Built target feedback_control

Linking CXX shared library libgtest.so

[ 85%] Built target gtest

Scanning dependencies of target gtest_main

[ 85%] Building CXX object gtest/CMakeFiles/gtest_main.dir/src/gtest_main.cc.o

Linking CXX shared library libgtest_main.so

[ 85%] Built target gtest_main

Scanning dependencies of target test_aligned_alloc

Scanning dependencies of target utest

Scanning dependencies of target test_freelist

Scanning dependencies of target test_object_pool

[ 85%] [ 85%] [ 85%] Building CXX object catkin/ros/ros_realtime/allocators/CMakeFiles/test_aligned_alloc.dir/test/test_aligned_alloc.cpp.o

Building CXX object catkin/ros/ros_realtime/rosatomic/CMakeFiles/utest.dir/test/utest.cpp.o

[ 85%] Building CXX object catkin/ros/ros_realtime/lockfree/CMakeFiles/test_freelist.dir/test/test_freelist.cpp.o

Building CXX object catkin/ros/ros_realtime/lockfree/CMakeFiles/test_object_pool.dir/test/test_object_pool.cpp.o

Scanning dependencies of target pole_balancing_ut

[ 85%] [ 85%] [100%] [100%] Building CXX object catkin/pole_balancing/pole_balancing_apollo/CMakeFiles/pole_balancing_ut.dir/src/parameters.cpp.o

Building CXX object catkin/pole_balancing/pole_balancing_apollo/CMakeFiles/pole_balancing_ut.dir/tests/main_test.cpp.o

Building CXX object catkin/pole_balancing/pole_balancing_apollo/CMakeFiles/pole_balancing_ut.dir/tests/test_feedback_control.cpp.o

Building CXX object catkin/pole_balancing/pole_balancing_apollo/CMakeFiles/pole_balancing_ut.dir/tests/test_parameters.cpp.o

Linking CXX executable /home/administrator/ci/ci/team/workspace/devel/lib/allocators/test_aligned_alloc

[100%] Built target test_aligned_alloc

Linking CXX executable /home/administrator/ci/ci/team/workspace/devel/lib/rosatomic/utest

Linking CXX executable /home/administrator/ci/ci/team/workspace/devel/lib/lockfree/test_object_pool

[100%] Built target utest

[100%] Built target test_object_pool

/home/administrator/ci/ci/team/workspace/src/catkin/pole_balancing/pole_balancing_apollo/tests/test_feedback_control.cpp: In member function ‘virtual void feedback_control_tests_test_reset_gains_lqr_controller_Test::TestBody()’:

/home/administrator/ci/ci/team/workspace/src/catkin/pole_balancing/pole_balancing_apollo/tests/test_feedback_control.cpp:81:14: error: ‘class feedback_control::LQRController’ has no member named ‘set_gains’

   controller.set_gains(new_gains);

              ^

/home/administrator/ci/ci/team/workspace/src/catkin/pole_balancing/pole_balancing_apollo/tests/test_feedback_control.cpp:87:14: error: ‘class feedback_control::LQRController’ has no member named ‘reset_gains’

   controller.reset_gains();

              ^

/home/administrator/ci/ci/team/workspace/src/catkin/pole_balancing/pole_balancing_apollo/tests/test_feedback_control.cpp: In member function ‘virtual void feedback_control_tests_test_basic_pole_balancing_Test::TestBody()’:

/home/administrator/ci/ci/team/workspace/src/catkin/pole_balancing/pole_balancing_apollo/tests/test_feedback_control.cpp:112:19: error: ‘PoleBalancingDefaultController’ is not a member of ‘feedback_control’

   std::shared_ptr<feedback_control::PoleBalancingDefaultController> controller(new feedback_control::PoleBalancingDefaultController(gains));

                   ^

/home/administrator/ci/ci/team/workspace/src/catkin/pole_balancing/pole_balancing_apollo/tests/test_feedback_control.cpp:112:19: error: ‘PoleBalancingDefaultController’ is not a member of ‘feedback_control’

/home/administrator/ci/ci/team/workspace/src/catkin/pole_balancing/pole_balancing_apollo/tests/test_feedback_control.cpp:112:67: error: template argument 1 is invalid

   std::shared_ptr<feedback_control::PoleBalancingDefaultController> controller(new feedback_control::PoleBalancingDefaultController(gains));

                                                                   ^

/home/administrator/ci/ci/team/workspace/src/catkin/pole_balancing/pole_balancing_apollo/tests/test_feedback_control.cpp:112:79: error: invalid type in declaration before ‘(’ token

   std::shared_ptr<feedback_control::PoleBalancingDefaultController> controller(new feedback_control::PoleBalancingDefaultController(gains));

                                                                               ^

/home/administrator/ci/ci/team/workspace/src/catkin/pole_balancing/pole_balancing_apollo/tests/test_feedback_control.cpp:112:84: error: expected type-specifier

   std::shared_ptr<feedback_control::PoleBalancingDefaultController> controller(new feedback_control::PoleBalancingDefaultController(gains));

                                                                                    ^

/home/administrator/ci/ci/team/workspace/src/catkin/pole_balancing/pole_balancing_apollo/tests/test_feedback_control.cpp:114:58: error: ‘compute_default_control’ was not declared in this scope

   double u = compute_default_control(controller,1,1,1,1,1);

                                                          ^

In file included from /usr/include/gtest/gtest.h:57:0,

                 from /home/administrator/ci/ci/team/workspace/src/catkin/pole_balancing/pole_balancing_apollo/tests/test_feedback_control.cpp:2:

/home/administrator/ci/ci/team/workspace/src/catkin/pole_balancing/pole_balancing_apollo/tests/test_feedback_control.cpp: In member function ‘virtual void feedback_control_tests_test_gain_size_pole_balancing_Test::TestBody()’:

/home/administrator/ci/ci/team/workspace/src/catkin/pole_balancing/pole_balancing_apollo/tests/test_feedback_control.cpp:125:32: error: ‘PoleBalancingDefaultController’ is not a member of ‘feedback_control’

   ASSERT_THROW(std::shared_ptr<feedback_control::PoleBalancingDefaultController> controller(new feedback_control::PoleBalancingDefaultController(gains)),

                                ^

/home/administrator/ci/ci/team/workspace/src/catkin/pole_balancing/pole_balancing_apollo/tests/test_feedback_control.cpp:125:32: error: ‘PoleBalancingDefaultController’ is not a member of ‘feedback_control’

/home/administrator/ci/ci/team/workspace/src/catkin/pole_balancing/pole_balancing_apollo/tests/test_feedback_control.cpp:125:80: error: template argument 1 is invalid

   ASSERT_THROW(std::shared_ptr<feedback_control::PoleBalancingDefaultController> controller(new feedback_control::PoleBalancingDefaultController(gains)),

                                                                                ^

/home/administrator/ci/ci/team/workspace/src/catkin/pole_balancing/pole_balancing_apollo/tests/test_feedback_control.cpp:125:92: error: invalid type in declaration before ‘(’ token

   ASSERT_THROW(std::shared_ptr<feedback_control::PoleBalancingDefaultController> controller(new feedback_control::PoleBalancingDefaultController(gains)),

                                                                                            ^

/home/administrator/ci/ci/team/workspace/src/catkin/pole_balancing/pole_balancing_apollo/tests/test_feedback_control.cpp:125:97: error: expected type-specifier

   ASSERT_THROW(std::shared_ptr<feedback_control::PoleBalancingDefaultController> controller(new feedback_control::PoleBalancingDefaultController(gains)),

                                                                                                 ^

/home/administrator/ci/ci/team/workspace/src/catkin/pole_balancing/pole_balancing_apollo/tests/test_feedback_control.cpp: In member function ‘virtual void feedback_control_tests_test_integral_pole_balancing_Test::TestBody()’:

/home/administrator/ci/ci/team/workspace/src/catkin/pole_balancing/pole_balancing_apollo/tests/test_feedback_control.cpp:135:19: error: ‘PoleBalancingDefaultController’ is not a member of ‘feedback_control’

   std::shared_ptr<feedback_control::PoleBalancingDefaultController> controller(new feedback_control::PoleBalancingDefaultController(gains));

                   ^

/home/administrator/ci/ci/team/workspace/src/catkin/pole_balancing/pole_balancing_apollo/tests/test_feedback_control.cpp:135:19: error: ‘PoleBalancingDefaultController’ is not a member of ‘feedback_control’

/home/administrator/ci/ci/team/workspace/src/catkin/pole_balancing/pole_balancing_apollo/tests/test_feedback_control.cpp:135:67: error: template argument 1 is invalid

   std::shared_ptr<feedback_control::PoleBalancingDefaultController> controller(new feedback_control::PoleBalancingDefaultController(gains));

                                                                   ^

/home/administrator/ci/ci/team/workspace/src/catkin/pole_balancing/pole_balancing_apollo/tests/test_feedback_control.cpp:135:79: error: invalid type in declaration before ‘(’ token

   std::shared_ptr<feedback_control::PoleBalancingDefaultController> controller(new feedback_control::PoleBalancingDefaultController(gains));

                                                                               ^

/home/administrator/ci/ci/team/workspace/src/catkin/pole_balancing/pole_balancing_apollo/tests/test_feedback_control.cpp:135:84: error: expected type-specifier

   std::shared_ptr<feedback_control::PoleBalancingDefaultController> controller(new feedback_control::PoleBalancingDefaultController(gains));

                                                                                    ^

/home/administrator/ci/ci/team/workspace/src/catkin/pole_balancing/pole_balancing_apollo/tests/test_feedback_control.cpp:137:59: error: ‘compute_default_control’ was not declared in this scope

   double u1 = compute_default_control(controller,1,1,1,1,1);

                                                           ^

/home/administrator/ci/ci/team/workspace/src/catkin/pole_balancing/pole_balancing_apollo/tests/test_feedback_control.cpp:145:13: error: base operand of ‘->’ is not a pointer

   controller->set_gains(gains);

             ^

/home/administrator/ci/ci/team/workspace/src/catkin/pole_balancing/pole_balancing_apollo/tests/test_feedback_control.cpp:146:13: error: base operand of ‘->’ is not a pointer

   controller->reset();

             ^

/home/administrator/ci/ci/team/workspace/src/catkin/pole_balancing/pole_balancing_apollo/tests/test_feedback_control.cpp:147:15: error: ‘compute_default_control’ is not a member of ‘feedback_control’

   double u3 = feedback_control::compute_default_control(controller,1,1,1,1,1);

               ^

make[3]: *** [catkin/pole_balancing/pole_balancing_apollo/CMakeFiles/pole_balancing_ut.dir/tests/test_feedback_control.cpp.o] Error 1

make[2]: *** [catkin/pole_balancing/pole_balancing_apollo/CMakeFiles/pole_balancing_ut.dir/all] Error 2

make[2]: *** Waiting for unfinished jobs....

Linking CXX executable /home/administrator/ci/ci/team/workspace/devel/lib/lockfree/test_freelist

[100%] Built target test_freelist

make[1]: *** [CMakeFiles/tests.dir/rule] Error 2

make: *** [tests] Error 2

Base path: /home/administrator/ci/ci/team/workspace

Source space: /home/administrator/ci/ci/team/workspace/src

Build space: /home/administrator/ci/ci/team/workspace/build

Devel space: /home/administrator/ci/ci/team/workspace/devel

Install space: /home/administrator/ci/ci/team/workspace/install

####

#### Running command: "cmake /home/administrator/ci/ci/team/workspace/src -DCATKIN_DEVEL_PREFIX=/home/administrator/ci/ci/team/workspace/devel -DCMAKE_INSTALL_PREFIX=/home/administrator/ci/ci/team/workspace/install" in "/home/administrator/ci/ci/team/workspace/build"

####

####

#### Running command: "make -j16 tests" in "/home/administrator/ci/ci/team/workspace/build"

####

Invoking "make" failed
