failed to compile unit tests:
Base path: /home/administrator/ci/ci/team/workspace

Source space: /home/administrator/ci/ci/team/workspace/src

Build space: /home/administrator/ci/ci/team/workspace/build

Devel space: /home/administrator/ci/ci/team/workspace/devel

Install space: /home/administrator/ci/ci/team/workspace/install

WARNING: Catkin package name "Eigen" does not follow the naming conventions. It should start with a lower case letter and only contain lower case letters, digits, and underscores.

-- Using CATKIN_DEVEL_PREFIX: /home/administrator/ci/ci/team/workspace/devel

-- Using CMAKE_PREFIX_PATH: /home/administrator/ci/ci/team/workspace/devel;/opt/ros/indigo

-- This workspace overlays: /home/administrator/ci/ci/team/workspace/devel;/opt/ros/indigo

-- Using PYTHON_EXECUTABLE: /usr/bin/python

-- Python version: 2.7

-- Using Debian Python package layout

-- Using CATKIN_ENABLE_TESTING: ON

-- Call enable_testing()

-- Using CATKIN_TEST_RESULTS_DIR: /home/administrator/ci/ci/team/workspace/build/test_results

-- Found gtest sources under '/usr/src/gtest': gtests will be built

-- catkin 0.5.90

-- BUILD_SHARED_LIBS is on

WARNING: Catkin package name "Eigen" does not follow the naming conventions. It should start with a lower case letter and only contain lower case letters, digits, and underscores.

WARNING: Catkin package name "Eigen" does not follow the naming conventions. It should start with a lower case letter and only contain lower case letters, digits, and underscores.

-- ~~~~~~~~~~~~~~~~~~~~~~~~~~~~~~~~~~~~~~~~~~~~~~~~~

-- ~~  traversing 127 packages in topological order:

-- ~~  - Eigen

-- ~~  - amd_clmc_eigen

-- ~~  - apollo_robot_model

-- ~~  - baxter_common (metapackage)

-- ~~  - baxter_description

-- ~~  - baxter_sdk (metapackage)

-- ~~  - catkin_gflags

-- ~~  - catkin_glog

-- ~~  - cdlbt

-- ~~  - can_control_tools

-- ~~  - controller_communication

-- ~~  - conversions

-- ~~  - dbrt_apollo

-- ~~  - dbrt_arm

-- ~~  - fl

-- ~~  - dbot

-- ~~  - interpolation

-- ~~  - launch_xtion

-- ~~  - lula_doc

-- ~~  - lula_log

-- ~~  - lula_util

-- ~~  - lula_differential_geometry

-- ~~  - lula_optimization

-- ~~  - lula_motion

-- ~~  - lula_workspace

-- ~~  - mpi_system_apollo

-- ~~  - mpi_system_data_bags

-- ~~  - object_meshes

-- ~~  - qp_oases

-- ~~  - quadprog

-- ~~  - rethink_ee_description

-- ~~  - robot_math

-- ~~  - ros_realtime (metapackage)

-- ~~  - graph_search

-- ~~  - allocators

-- ~~  - rosatomic

-- ~~  - lockfree

-- ~~  - rt_timer

-- ~~  - rt_utils

-- ~~  - dmp

-- ~~  - splines

-- ~~  - start_robot

-- ~~  - baxter_maintenance_msgs

-- ~~  - amd_clmc_ros_messages

-- ~~  - ar_track_alvar_msgs

-- ~~  - custom_robot_msgs

-- ~~  - dbot_ros_msgs

-- ~~  - riemo_grasping_msgs

-- ~~  - baxter_core_msgs

-- ~~  - rieef_msgs

-- ~~  - utilities

-- ~~  - lwpr

-- ~~  - vicon_sdk

-- ~~  - xenomai_ros

-- ~~  - amd_clmc_log

-- ~~  - constrained_inverse_kinematics_msgs

-- ~~  - lula_api

-- ~~  - lula_common

-- ~~  - lula_controller_msgs

-- ~~  - lula_ros_util

-- ~~  - lula_rt

-- ~~  - lula_world_msgs

-- ~~  - roscpp_utilities

-- ~~  - rosrt

-- ~~  - ros_rt_test

-- ~~  - sl

-- ~~  - apollo

-- ~~  - apollo_sl_interface

-- ~~  - apollo_test_task

-- ~~  - sl_ros_servo

-- ~~  - baxter_interface

-- ~~  - baxter_tools

-- ~~  - learning_control

-- ~~  - lula_baxter

-- ~~  - ellipsoid_msgs

-- ~~  - dbot_ros

-- ~~  - lula_control_internal

-- ~~  - lula_world

-- ~~  - lula_world_internal

-- ~~  - python_ros_utils

-- ~~  - sl_conversions

-- ~~  - sl_utilities

-- ~~  - sl_controller_manager

-- ~~  - controller_manager_task_apollo

-- ~~  - apollo_user

-- ~~  - sl_barrett_controllers

-- ~~  - sl_controllers

-- ~~  - table_object_finder

-- ~~  - lula_plugins_interface

-- ~~  - arm_robot_model

-- ~~  - dbrt

-- ~~  - lula_kinematics

-- ~~  - ros_servo_apollo

-- ~~  - lula_visualization

-- ~~  - lula_task

-- ~~  - lula_apollo_internal

-- ~~  - lula_apollo

-- ~~  - lula_baxter_internal

-- ~~  - lula_plugins

-- ~~  - lula_plugins_internal

-- ~~  - lula_visualization_internal

-- ~~  - lula_rviz_plugins

-- ~~  - rieef_utils

-- ~~  - usc_utilities

-- ~~  - learnable_cost_function

-- ~~  - robot_info

-- ~~  - jacobian_utilities

-- ~~  - sl_barrett_controller_interface

-- ~~  - sl_controller_interface

-- ~~  - head_look_at_behaviour

-- ~~  - sl_controller_interface_test

-- ~~  - strain_gauge_calibration

-- ~~  - vicon_capture

-- ~~  - visual_servoing

-- ~~  - from_object_to_grasp

-- ~~  - visualization_3d

-- ~~  - geodesic_flow

-- ~~  - moveit_distance_field

-- ~~  - sampling_based_planning

-- ~~  - signed_distance_field

-- ~~  - rieef_ros

-- ~~  - condor_interface

-- ~~  - rieef_programs

-- ~~  - rieef_demos

-- ~~  - baxter_examples

-- ~~  - yaml_cpp

-- ~~  - facial_expressions

-- ~~~~~~~~~~~~~~~~~~~~~~~~~~~~~~~~~~~~~~~~~~~~~~~~~

-- +++ processing catkin package: 'Eigen'

-- ==> add_subdirectory(catkin/third_party/Eigen)

WARNING: Catkin package name "Eigen" does not follow the naming conventions. It should start with a lower case letter and only contain lower case letters, digits, and underscores.

-- +++ processing catkin package: 'amd_clmc_eigen'

-- ==> add_subdirectory(catkin/third_party/amd-clmc-eigen)

-- +++ processing catkin package: 'apollo_robot_model'

-- ==> add_subdirectory(catkin/robots/apollo_robot_model)

-- +++ processing catkin metapackage: 'baxter_common'

-- ==> add_subdirectory(catkin/lula/third_party/baxter_common/baxter_common)

-- +++ processing catkin package: 'baxter_description'

-- ==> add_subdirectory(catkin/lula/third_party/baxter_common/baxter_description)

-- +++ processing catkin metapackage: 'baxter_sdk'

-- ==> add_subdirectory(catkin/lula/third_party/baxter/baxter_sdk)

-- +++ processing catkin package: 'catkin_gflags'

-- ==> add_subdirectory(catkin/third_party/catkin-gflags)

-- Found gflags  (include: /usr/include, library: /usr/lib/x86_64-linux-gnu/libgflags.so)

-- +++ processing catkin package: 'catkin_glog'

-- ==> add_subdirectory(catkin/third_party/catkin-glog)

-- Found glog    (include: /usr/include, library: /usr/lib/x86_64-linux-gnu/libglog.so)

-- +++ processing catkin package: 'cdlbt'

-- ==> add_subdirectory(catkin/ros/barrett-ros/cdlbt)

-- MACHTYPE x86_64

Detected MACHTYPE=x86_64

CMake Warning at cmake/sl_cmake_global/LAB.cmake:181 (message):

  HERMES HOSTS SET TO ATHENA-ROBOT IN SRC/CMAKE/SL_CMAKE_GLOBAL/LAB.CMAKE

Call Stack (most recent call first):

  catkin/ros/barrett-ros/cdlbt/CMakeLists.txt:8 (include)





-- HOST_NAME=everest

-- HOST=everest

-- LAB=AMD

-- CMAKE_C_FLAGS=-Wall -Wno-unused -Wno-strict-aliasing 

-- CMAKE_CPP_FLAGS=-Wall -Wno-unused -Wno-strict-aliasing 

-- CMAKE_INCLUDE_PATH=

-- CMAKE_LIBRARY_PATH=

-- LAB_STD_LIBS=pthread;rt;edit;curses;nsl;glut;GL;GLU;X11;Xmu;m

-- LAB_LIBDIR=lib/x86_64

-- LAB_INCLUDES=include

-- LAB_BINDIR=bin/x86_64

-- +++ processing catkin package: 'can_control_tools'

-- ==> add_subdirectory(catkin/ros/barrett-ros/canControlTools)

-- MACHTYPE x86_64

Detected MACHTYPE=x86_64

CMake Warning at cmake/sl_cmake_global/LAB.cmake:181 (message):

  HERMES HOSTS SET TO ATHENA-ROBOT IN SRC/CMAKE/SL_CMAKE_GLOBAL/LAB.CMAKE

Call Stack (most recent call first):

  catkin/ros/barrett-ros/canControlTools/CMakeLists.txt:8 (include)





-- HOST_NAME=everest

-- HOST=everest

-- LAB=AMD

-- CMAKE_C_FLAGS=-Wall -Wno-unused -Wno-strict-aliasing 

-- CMAKE_CPP_FLAGS=-Wall -Wno-unused -Wno-strict-aliasing 

-- CMAKE_INCLUDE_PATH=

-- CMAKE_LIBRARY_PATH=

-- LAB_STD_LIBS=pthread;rt;edit;curses;nsl;glut;GL;GLU;X11;Xmu;m

-- LAB_LIBDIR=lib/x86_64

-- LAB_INCLUDES=include

-- LAB_BINDIR=bin/x86_64

-- Boost version: 1.54.0

-- Found the following Boost libraries:

--   thread

-- +++ processing catkin package: 'controller_communication'

-- ==> add_subdirectory(catkin/controller_manager/controller_communication)

-- +++ processing catkin package: 'conversions'

-- ==> add_subdirectory(catkin/ros/usc-clmc-catkin-pkg/usc_utils/conversions)

-- +++ processing catkin package: 'dbrt_apollo'

-- ==> add_subdirectory(catkin/ros/dbrt_apollo)

-- +++ processing catkin package: 'dbrt_arm'

-- ==> add_subdirectory(catkin/ros/dbrt_arm)

-- +++ processing catkin package: 'fl'

-- ==> add_subdirectory(catkin/core-perception/fl)

-- Eigen found (include: /usr/include/eigen3)

-- Boost version: 1.54.0

-- +++ processing catkin package: 'dbot'

-- ==> add_subdirectory(catkin/core-perception/dbot)

-- Eigen found (include: /usr/include/eigen3)

-- Boost version: 1.54.0

-- Found the following Boost libraries:

--   system

--   filesystem

-- Found CUDA version 8.0

-- Using catkin

-- +++ processing catkin package: 'interpolation'

-- ==> add_subdirectory(catkin/controller_manager/core-sl-ros/interpolation)

-- +++ processing catkin package: 'launch_xtion'

-- ==> add_subdirectory(catkin/ros/launch_xtion)

-- +++ processing catkin package: 'lula_doc'

-- ==> add_subdirectory(catkin/lula/internal/lula_doc)

-- +++ processing catkin package: 'lula_log'

-- ==> add_subdirectory(catkin/lula/external/lula_log)

-- Boost version: 1.54.0

-- Found the following Boost libraries:

--   filesystem

CMake Warning at catkin/lula/external/lula_log/CMakeLists.txt:55 (message):

  NO log_test





-- +++ processing catkin package: 'lula_util'

-- ==> add_subdirectory(catkin/lula/internal/lula_util)

-- Found glog    (include: /usr/include, library: /usr/lib/x86_64-linux-gnu/libglog.so)

-- Found gflags  (include: /usr/include, library: /usr/lib/x86_64-linux-gnu/libgflags.so)

-- Eigen found (include: /usr/include/eigen3)

CMake Warning at catkin/lula/internal/lula_util/CMakeLists.txt:147 (message):

  DEACTIVATED: caching_utest





CMake Warning at catkin/lula/internal/lula_util/CMakeLists.txt:174 (message):

  DEACTIVATED: file_sequencer_utest





-- +++ processing catkin package: 'lula_differential_geometry'

-- ==> add_subdirectory(catkin/lula/internal/lula_differential_geometry)

-- A library with BLAS API found.

-- A library with LAPACK API found.

-- Lapack: TRUE

-- Lapack required dependencies: f2c atalas-base-dev lapacke-dev lapack-dev

-- Lapack linker flags: 

-- Lapack libraries: /usr/lib/liblapack.so;/usr/lib/libblas.so

-- Lapack 95 libraries: 

CMake Warning at catkin/lula/internal/lula_differential_geometry/CMakeLists.txt:137 (message):

  DEACTIVATED: analytical_grid_utest





CMake Warning at catkin/lula/internal/lula_differential_geometry/CMakeLists.txt:146 (message):

  DEACTIVATED: differentiable_functions_tests_utest





CMake Warning at catkin/lula/internal/lula_differential_geometry/CMakeLists.txt:163 (message):

  DEACTIVATED: function_approximator_timing_utest





CMake Warning at catkin/lula/internal/lula_differential_geometry/CMakeLists.txt:172 (message):

  DEACTIVATED: geometry_utest





CMake Warning at catkin/lula/internal/lula_differential_geometry/CMakeLists.txt:181 (message):

  DEACTIVATED: lapack_interface_utest





CMake Warning at catkin/lula/internal/lula_differential_geometry/CMakeLists.txt:190 (message):

  DEACTIVATED: linear_algebra_benchmarks_utest





CMake Warning at catkin/lula/internal/lula_differential_geometry/CMakeLists.txt:199 (message):

  DEACTIVATED: linear_algebra_utest





-- +++ processing catkin package: 'lula_optimization'

-- ==> add_subdirectory(catkin/lula/internal/lula_optimization)

CMake Warning at catkin/lula/internal/lula_optimization/CMakeLists.txt:86 (message):

  DEACTIVATED: augmented_lagrangian_utest





CMake Warning at catkin/lula/internal/lula_optimization/CMakeLists.txt:95 (message):

  DEACTIVATED: objective_functions_utest





CMake Warning at catkin/lula/internal/lula_optimization/CMakeLists.txt:104 (message):

  DEACTIVATED: omp_parallelization_utest





CMake Warning at catkin/lula/internal/lula_optimization/CMakeLists.txt:113 (message):

  DEACTIVATED: optimization_test_utest





-- +++ processing catkin package: 'lula_motion'

-- ==> add_subdirectory(catkin/lula/internal/lula_motion)

CMake Warning at catkin/lula/internal/lula_motion/CMakeLists.txt:125 (message):

  DEACTIVATED: behavior_utest





CMake Warning at catkin/lula/internal/lula_motion/CMakeLists.txt:139 (message):

  DEACTIVATED: finite_differencing_operators_utest





CMake Warning at catkin/lula/internal/lula_motion/CMakeLists.txt:152 (message):

  DEACTIVATED: optimal_control_utest





CMake Warning at catkin/lula/internal/lula_motion/CMakeLists.txt:184 (message):

  DEACTIVATED: trajectory_function_network_utest





CMake Warning at catkin/lula/internal/lula_motion/CMakeLists.txt:193 (message):

  DEACTIVATED: augmented_position_velocity_map_utest





-- +++ processing catkin package: 'lula_workspace'

-- ==> add_subdirectory(catkin/lula/internal/lula_workspace)

-- +++ processing catkin package: 'mpi_system_apollo'

-- ==> add_subdirectory(catkin/mpi_system_apollo)

-- +++ processing catkin package: 'mpi_system_data_bags'

-- ==> add_subdirectory(catkin/manipulation/riemo_electrical_fields/mpi_system_data_bags)

-- +++ processing catkin package: 'object_meshes'

-- ==> add_subdirectory(catkin/ros/object_meshes)

-- +++ processing catkin package: 'qp_oases'

-- ==> add_subdirectory(catkin/third_party/qp_oases)

-- +++ processing catkin package: 'quadprog'

-- ==> add_subdirectory(catkin/ros/usc-clmc-catkin-pkg/usc_utils/quadprog)

-- +++ processing catkin package: 'rethink_ee_description'

-- ==> add_subdirectory(catkin/lula/third_party/baxter_common/rethink_ee_description)

-- +++ processing catkin package: 'robot_math'

-- ==> add_subdirectory(catkin/utils/robot_math)

-- +++ processing catkin metapackage: 'ros_realtime'

-- ==> add_subdirectory(catkin/ros/ros_realtime/ros_realtime)

-- +++ processing catkin package: 'graph_search'

-- ==> add_subdirectory(catkin/manipulation/riemo_electrical_fields/graph_search)

CMAKE_MODULE_PATH /home/administrator/ci/ci/team/workspace/src/catkin/manipulation/riemo_electrical_fields/graph_search/../cmake/Modules

-- Eigen found (include: /usr/include/eigen3)

GLOG include_dirs: 

GLOG libraries: glog

GLOG version : 0.3.3

GLOG library_dirs : 

catkin_INCLUDE_DIRS : /opt/ros/indigo/include/usr/include

 *** CMAKE_CXX_FLAGS: -std=c++11  

-- +++ processing catkin package: 'allocators'

-- ==> add_subdirectory(catkin/ros/ros_realtime/allocators)

-- Boost version: 1.54.0

-- +++ processing catkin package: 'rosatomic'

-- ==> add_subdirectory(catkin/ros/ros_realtime/rosatomic)

-- Boost version: 1.54.0

-- +++ processing catkin package: 'lockfree'

-- ==> add_subdirectory(catkin/ros/ros_realtime/lockfree)

-- Boost version: 1.54.0

-- +++ processing catkin package: 'rt_timer'

-- ==> add_subdirectory(catkin/ros/ros_realtime/rt_timer)

-- +++ processing catkin package: 'rt_utils'

-- ==> add_subdirectory(catkin/rt_utils)

-- +++ processing catkin package: 'dmp'

-- ==> add_subdirectory(catkin/learning/dmp)

-- +++ processing catkin package: 'splines'

-- ==> add_subdirectory(catkin/controller_manager/core-sl-ros/splines)

-- +++ processing catkin package: 'start_robot'

-- ==> add_subdirectory(catkin/robots/start_robot)

-- +++ processing catkin package: 'baxter_maintenance_msgs'

-- ==> add_subdirectory(catkin/lula/third_party/baxter_common/baxter_maintenance_msgs)

-- Using these message generators: gencpp;genlisp;genpy

-- baxter_maintenance_msgs: 7 messages, 0 services

-- +++ processing catkin package: 'amd_clmc_ros_messages'

-- ==> add_subdirectory(catkin/ros/amd_clmc_ros_messages/amd_clmc_ros_messages)

-- Using these message generators: gencpp;genlisp;genpy

-- amd_clmc_ros_messages: 108 messages, 10 services

-- +++ processing catkin package: 'ar_track_alvar_msgs'

-- ==> add_subdirectory(catkin/ros/amd_clmc_ros_messages/ar_track_alvar_msgs)

-- Using these message generators: gencpp;genlisp;genpy

-- ar_track_alvar_msgs: 2 messages, 0 services

-- +++ processing catkin package: 'custom_robot_msgs'

-- ==> add_subdirectory(catkin/ros/amd_clmc_ros_messages/custom_robot_msgs)

-- Using these message generators: gencpp;genlisp;genpy

-- custom_robot_msgs: 1 messages, 2 services

-- +++ processing catkin package: 'dbot_ros_msgs'

-- ==> add_subdirectory(catkin/ros/dbot_ros_msgs)

-- Using these message generators: gencpp;genlisp;genpy

-- dbot_ros_msgs: 3 messages, 3 services

-- +++ processing catkin package: 'riemo_grasping_msgs'

-- ==> add_subdirectory(catkin/ros/amd_clmc_ros_messages/riemo_grasping_msgs)

-- Using these message generators: gencpp;genlisp;genpy

-- riemo_grasping_msgs: 5 messages, 3 services

-- +++ processing catkin package: 'baxter_core_msgs'

-- ==> add_subdirectory(catkin/lula/third_party/baxter_common/baxter_core_msgs)

-- Using these message generators: gencpp;genlisp;genpy

-- baxter_core_msgs: 25 messages, 4 services

-- +++ processing catkin package: 'rieef_msgs'

-- ==> add_subdirectory(catkin/manipulation/riemo_electrical_fields/rieef_msgs)

-- Using these message generators: gencpp;genlisp;genpy

-- rieef_msgs: 4 messages, 3 services

-- +++ processing catkin package: 'utilities'

-- ==> add_subdirectory(catkin/core-sl/catkin-utilities)

-- MACHTYPE x86_64

Detected MACHTYPE=x86_64

CMake Warning at cmake/sl_cmake_global/LAB.cmake:181 (message):

  HERMES HOSTS SET TO ATHENA-ROBOT IN SRC/CMAKE/SL_CMAKE_GLOBAL/LAB.CMAKE

Call Stack (most recent call first):

  catkin/core-sl/catkin-utilities/CMakeLists.txt:8 (include)





-- HOST_NAME=everest

-- HOST=everest

-- LAB=AMD

-- CMAKE_C_FLAGS=-Wall -Wno-unused -Wno-strict-aliasing 

-- CMAKE_CPP_FLAGS=-Wall -Wno-unused -Wno-strict-aliasing 

-- CMAKE_INCLUDE_PATH=

-- CMAKE_LIBRARY_PATH=

-- LAB_STD_LIBS=pthread;rt;edit;curses;nsl;glut;GL;GLU;X11;Xmu;m

-- LAB_LIBDIR=lib/x86_64

-- LAB_INCLUDES=include

-- LAB_BINDIR=bin/x86_64

-- +++ processing catkin package: 'lwpr'

-- ==> add_subdirectory(catkin/core-sl/catkin-lwpr)

-- MACHTYPE x86_64

Detected MACHTYPE=x86_64

CMake Warning at cmake/sl_cmake_global/LAB.cmake:181 (message):

  HERMES HOSTS SET TO ATHENA-ROBOT IN SRC/CMAKE/SL_CMAKE_GLOBAL/LAB.CMAKE

Call Stack (most recent call first):

  catkin/core-sl/catkin-lwpr/CMakeLists.txt:5 (include)





-- HOST_NAME=everest

-- HOST=everest

-- LAB=AMD

-- CMAKE_C_FLAGS=-Wall -Wno-unused -Wno-strict-aliasing 

-- CMAKE_CPP_FLAGS=-Wall -Wno-unused -Wno-strict-aliasing 

-- CMAKE_INCLUDE_PATH=

-- CMAKE_LIBRARY_PATH=

-- LAB_STD_LIBS=pthread;rt;edit;curses;nsl;glut;GL;GLU;X11;Xmu;m

-- LAB_LIBDIR=lib/x86_64

-- LAB_INCLUDES=include

-- LAB_BINDIR=bin/x86_64

-- +++ processing catkin package: 'vicon_sdk'

-- ==> add_subdirectory(catkin/sensors/vicon_sdk)

-- +++ processing catkin package: 'xenomai_ros'

-- ==> add_subdirectory(catkin/ros/xenomai-ros)

-- +++ processing catkin package: 'amd_clmc_log'

-- ==> add_subdirectory(catkin/utils/amd_clmc_log)

-- MACHTYPE x86_64

Detected MACHTYPE=x86_64

CMake Warning at cmake/sl_cmake_global/LAB.cmake:181 (message):

  HERMES HOSTS SET TO ATHENA-ROBOT IN SRC/CMAKE/SL_CMAKE_GLOBAL/LAB.CMAKE

Call Stack (most recent call first):

  catkin/utils/amd_clmc_log/CMakeLists.txt:8 (include)





-- HOST_NAME=everest

-- HOST=everest

-- LAB=AMD

-- CMAKE_C_FLAGS=-Wall -Wno-unused -Wno-strict-aliasing 

-- CMAKE_CPP_FLAGS=-Wall -Wno-unused -Wno-strict-aliasing 

-- CMAKE_INCLUDE_PATH=

-- CMAKE_LIBRARY_PATH=

-- LAB_STD_LIBS=pthread;rt;edit;curses;nsl;glut;GL;GLU;X11;Xmu;m

-- LAB_LIBDIR=lib/x86_64

-- LAB_INCLUDES=include

-- LAB_BINDIR=bin/x86_64

-- xenomai NOT found. (/usr/local;/usr)

-- Could NOT find Xenomai (missing:  Xenomai_ROOT_DIR Xenomai_LIBRARY_NATIVE Xenomai_LIBRARY_XENOMAI Xenomai_LIBRARY_PTHREAD_RT Xenomai_LIBRARY_RTDM Xenomai_VERSION Xenomai_LIBRARY_RTDK) 

-- +++ processing catkin package: 'constrained_inverse_kinematics_msgs'

-- ==> add_subdirectory(catkin/ros/usc-clmc-catkin-pkg/planning/constrained_inverse_kinematics_msgs)

-- Using these message generators: gencpp;genlisp;genpy

-- constrained_inverse_kinematics_msgs: 1 messages, 0 services

-- +++ processing catkin package: 'lula_api'

-- ==> add_subdirectory(catkin/lula/external/lula_api)

-- Using these message generators: gencpp;genlisp;genpy

-- lula_api: 1 messages, 2 services

-- +++ processing catkin package: 'lula_common'

-- ==> add_subdirectory(catkin/lula/external/lula_common)

-- +++ processing catkin package: 'lula_controller_msgs'

-- ==> add_subdirectory(catkin/lula/internal/ros/lula_controller_msgs)

-- Using these message generators: gencpp;genlisp;genpy

-- lula_controller_msgs: 39 messages, 4 services

-- +++ processing catkin package: 'lula_ros_util'

-- ==> add_subdirectory(catkin/lula/external/lula_ros_util)

-- Using these message generators: gencpp;genlisp;genpy

-- lula_ros_util: 1 messages, 1 services

-- +++ processing catkin package: 'lula_rt'

-- ==> add_subdirectory(catkin/lula/internal/ros/lula_rt)

CMake Warning at catkin/lula/internal/ros/lula_rt/CMakeLists.txt:131 (message):

  DEACTIVATED: time_varying_affine_policy_utest





-- +++ processing catkin package: 'lula_world_msgs'

-- ==> add_subdirectory(catkin/lula/external/lula_world_msgs)

-- Using these message generators: gencpp;genlisp;genpy

-- lula_world_msgs: 5 messages, 5 services

-- +++ processing catkin package: 'roscpp_utilities'

-- ==> add_subdirectory(catkin/ros/roscpp_utilities)

-- +++ processing catkin package: 'rosrt'

-- ==> add_subdirectory(catkin/ros/ros_realtime/rosrt)

-- xenomai NOT found. (/usr/local;/usr)

-- Could NOT find Xenomai (missing:  Xenomai_ROOT_DIR Xenomai_LIBRARY_NATIVE Xenomai_LIBRARY_XENOMAI Xenomai_LIBRARY_PTHREAD_RT Xenomai_LIBRARY_RTDM Xenomai_VERSION Xenomai_LIBRARY_RTDK) 

-- Boost version: 1.54.0

-- Found the following Boost libraries:

--   thread

-- +++ processing catkin package: 'ros_rt_test'

-- ==> add_subdirectory(catkin/ros/ros_rt_basic_example)

-- xenomai NOT found. (/usr/local;/usr)

-- Could NOT find Xenomai (missing:  Xenomai_ROOT_DIR Xenomai_LIBRARY_NATIVE Xenomai_LIBRARY_XENOMAI Xenomai_LIBRARY_PTHREAD_RT Xenomai_LIBRARY_RTDM Xenomai_VERSION Xenomai_LIBRARY_RTDK) 

-- +++ processing catkin package: 'sl'

-- ==> add_subdirectory(catkin/core-sl/catkin-sl)

-- MACHTYPE x86_64

Detected MACHTYPE=x86_64

CMake Warning at cmake/sl_cmake_global/LAB.cmake:181 (message):

  HERMES HOSTS SET TO ATHENA-ROBOT IN SRC/CMAKE/SL_CMAKE_GLOBAL/LAB.CMAKE

Call Stack (most recent call first):

  catkin/core-sl/catkin-sl/CMakeLists.txt:8 (include)





-- HOST_NAME=everest

-- HOST=everest

-- LAB=AMD

-- CMAKE_C_FLAGS=-Wall -Wno-unused -Wno-strict-aliasing 

-- CMAKE_CPP_FLAGS=-Wall -Wno-unused -Wno-strict-aliasing 

-- CMAKE_INCLUDE_PATH=

-- CMAKE_LIBRARY_PATH=

-- LAB_STD_LIBS=pthread;rt;edit;curses;nsl;glut;GL;GLU;X11;Xmu;m

-- LAB_LIBDIR=lib/x86_64

-- LAB_INCLUDES=include

-- LAB_BINDIR=bin/x86_64

-- +++ processing catkin package: 'apollo'

-- ==> add_subdirectory(catkin/robots/catkin-apollo)

-- MACHTYPE x86_64

Detected MACHTYPE=x86_64

CMake Warning at cmake/sl_cmake_global/LAB.cmake:181 (message):

  HERMES HOSTS SET TO ATHENA-ROBOT IN SRC/CMAKE/SL_CMAKE_GLOBAL/LAB.CMAKE

Call Stack (most recent call first):

  catkin/robots/catkin-apollo/CMakeLists.txt:9 (include)





-- HOST_NAME=everest

-- HOST=everest

-- LAB=AMD

-- CMAKE_C_FLAGS=-Wall -Wno-unused -Wno-strict-aliasing 

-- CMAKE_CPP_FLAGS=-Wall -Wno-unused -Wno-strict-aliasing 

-- CMAKE_INCLUDE_PATH=

-- CMAKE_LIBRARY_PATH=

-- LAB_STD_LIBS=pthread;rt;edit;curses;nsl;glut;GL;GLU;X11;Xmu;m

-- LAB_LIBDIR=lib/x86_64

-- LAB_INCLUDES=include

-- LAB_BINDIR=bin/x86_64

-- +++ processing catkin package: 'apollo_sl_interface'

-- ==> add_subdirectory(catkin/robots/apollo-sl-interface)

-- MACHTYPE x86_64

Detected MACHTYPE=x86_64

CMake Warning at cmake/sl_cmake_global/LAB.cmake:181 (message):

  HERMES HOSTS SET TO ATHENA-ROBOT IN SRC/CMAKE/SL_CMAKE_GLOBAL/LAB.CMAKE

Call Stack (most recent call first):

  catkin/robots/apollo-sl-interface/CMakeLists.txt:8 (include)





-- HOST_NAME=everest

-- HOST=everest

-- LAB=AMD

-- CMAKE_C_FLAGS=-Wall -Wno-unused -Wno-strict-aliasing 

-- CMAKE_CPP_FLAGS=-Wall -Wno-unused -Wno-strict-aliasing 

-- CMAKE_INCLUDE_PATH=

-- CMAKE_LIBRARY_PATH=

-- LAB_STD_LIBS=pthread;rt;edit;curses;nsl;glut;GL;GLU;X11;Xmu;m

-- LAB_LIBDIR=lib/x86_64

-- LAB_INCLUDES=include

-- LAB_BINDIR=bin/x86_64

-- xenomai NOT found. (/usr/local;/usr)

-- Could NOT find Xenomai (missing:  Xenomai_ROOT_DIR Xenomai_LIBRARY_NATIVE Xenomai_LIBRARY_XENOMAI Xenomai_LIBRARY_PTHREAD_RT Xenomai_LIBRARY_RTDM Xenomai_VERSION Xenomai_LIBRARY_RTDK) 

-- +++ processing catkin package: 'apollo_test_task'

-- ==> add_subdirectory(catkin/robots/catkin-sl-apollo-task-example)

-- MACHTYPE x86_64

Detected MACHTYPE=x86_64

CMake Warning at cmake/sl_cmake_global/LAB.cmake:181 (message):

  HERMES HOSTS SET TO ATHENA-ROBOT IN SRC/CMAKE/SL_CMAKE_GLOBAL/LAB.CMAKE

Call Stack (most recent call first):

  catkin/robots/catkin-sl-apollo-task-example/CMakeLists.txt:8 (include)





-- HOST_NAME=everest

-- HOST=everest

-- LAB=AMD

-- CMAKE_C_FLAGS=-Wall -Wno-unused -Wno-strict-aliasing 

-- CMAKE_CPP_FLAGS=-Wall -Wno-unused -Wno-strict-aliasing 

-- CMAKE_INCLUDE_PATH=

-- CMAKE_LIBRARY_PATH=

-- LAB_STD_LIBS=pthread;rt;edit;curses;nsl;glut;GL;GLU;X11;Xmu;m

-- LAB_LIBDIR=lib/x86_64

-- LAB_INCLUDES=include

-- LAB_BINDIR=bin/x86_64

-- +++ processing catkin package: 'sl_ros_servo'

-- ==> add_subdirectory(catkin/ros/sl_ros_servo)

-- MACHTYPE x86_64

Detected MACHTYPE=x86_64

CMake Warning at cmake/sl_cmake_global/LAB.cmake:181 (message):

  HERMES HOSTS SET TO ATHENA-ROBOT IN SRC/CMAKE/SL_CMAKE_GLOBAL/LAB.CMAKE

Call Stack (most recent call first):

  catkin/ros/sl_ros_servo/CMakeLists.txt:5 (include)





-- HOST_NAME=everest

-- HOST=everest

-- LAB=AMD

-- CMAKE_C_FLAGS=-Wall -Wno-unused -Wno-strict-aliasing 

-- CMAKE_CPP_FLAGS=-Wall -Wno-unused -Wno-strict-aliasing 

-- CMAKE_INCLUDE_PATH=

-- CMAKE_LIBRARY_PATH=

-- LAB_STD_LIBS=pthread;rt;edit;curses;nsl;glut;GL;GLU;X11;Xmu;m

-- LAB_LIBDIR=lib/x86_64

-- LAB_INCLUDES=include

-- LAB_BINDIR=bin/x86_64

-- +++ processing catkin package: 'baxter_interface'

-- ==> add_subdirectory(catkin/lula/third_party/baxter_interface)

-- Using these message generators: gencpp;genlisp;genpy

-- +++ processing catkin package: 'baxter_tools'

-- ==> add_subdirectory(catkin/lula/third_party/baxter_tools)

-- Using these message generators: gencpp;genlisp;genpy

-- +++ processing catkin package: 'learning_control'

-- ==> add_subdirectory(catkin/learning/learning_control)

-- MACHTYPE x86_64

Detected MACHTYPE=x86_64

CMake Warning at cmake/sl_cmake_global/LAB.cmake:181 (message):

  HERMES HOSTS SET TO ATHENA-ROBOT IN SRC/CMAKE/SL_CMAKE_GLOBAL/LAB.CMAKE

Call Stack (most recent call first):

  catkin/learning/learning_control/CMakeLists.txt:10 (include)





-- HOST_NAME=everest

-- HOST=everest

-- LAB=AMD

-- CMAKE_C_FLAGS=-Wall -Wno-unused -Wno-strict-aliasing 

-- CMAKE_CPP_FLAGS=-Wall -Wno-unused -Wno-strict-aliasing 

-- CMAKE_INCLUDE_PATH=

-- CMAKE_LIBRARY_PATH=

-- LAB_STD_LIBS=pthread;rt;edit;curses;nsl;glut;GL;GLU;X11;Xmu;m

-- LAB_LIBDIR=lib/x86_64

-- LAB_INCLUDES=include

-- LAB_BINDIR=bin/x86_64

-- xenomai NOT found. (/usr/local;/usr)

-- Could NOT find Xenomai (missing:  Xenomai_ROOT_DIR Xenomai_LIBRARY_NATIVE Xenomai_LIBRARY_XENOMAI Xenomai_LIBRARY_PTHREAD_RT Xenomai_LIBRARY_RTDM Xenomai_VERSION Xenomai_LIBRARY_RTDK) 

-- +++ processing catkin package: 'lula_baxter'

-- ==> add_subdirectory(catkin/lula/external/lula_baxter)

-- Using these message generators: gencpp;genlisp;genpy

-- lula_baxter: 3 messages, 0 services

-- +++ processing catkin package: 'ellipsoid_msgs'

-- ==> add_subdirectory(catkin/manipulation/riemo_electrical_fields/ellipsoid_msgs)

-- Using these message generators: gencpp;genlisp;genpy

-- ellipsoid_msgs: 2 messages, 0 services

-- Eigen found (include: /usr/include/eigen3)

-- +++ processing catkin package: 'dbot_ros'

-- ==> add_subdirectory(catkin/ros/dbot_ros)

-- Using these message generators: gencpp;genlisp;genpy

-- Boost version: 1.54.0

-- Eigen found (include: /usr/include/eigen3)

-- +++ processing catkin package: 'lula_control_internal'

-- ==> add_subdirectory(catkin/lula/internal/ros/lula_control_internal)

-- Using these message generators: gencpp;genlisp;genpy

-- +++ processing catkin package: 'lula_world'

-- ==> add_subdirectory(catkin/lula/external/lula_world)

-- Using these message generators: gencpp;genlisp;genpy

-- +++ processing catkin package: 'lula_world_internal'

-- ==> add_subdirectory(catkin/lula/internal/ros/lula_world_internal)

-- Using these message generators: gencpp;genlisp;genpy

CMake Warning at catkin/lula/internal/ros/lula_world_internal/CMakeLists.txt:116 (message):

  DEACTIVATED: world_model_rostest





CMake Warning at catkin/lula/internal/ros/lula_world_internal/CMakeLists.txt:124 (message):

  DEACTIVATED: world_model_rostest





CMake Warning at catkin/lula/internal/ros/lula_world_internal/CMakeLists.txt:132 (message):

  DEACTIVATED: world_model_proxy_rostest





CMake Warning at catkin/lula/internal/ros/lula_world_internal/CMakeLists.txt:140 (message):

  DEACTIVATED: yaml_world_model_loader_rostest





CMake Warning at catkin/lula/internal/ros/lula_world_internal/CMakeLists.txt:149 (message):

  DEACTIVATED: xml_rpc_world_model_loader_rostest





CMake Warning at catkin/lula/internal/ros/lula_world_internal/CMakeLists.txt:158 (message):

  DEACTIVATED: rosparam_world_model_loader_rostest





CMake Warning at catkin/lula/internal/ros/lula_world_internal/CMakeLists.txt:167 (message):

  DEACTIVATED: object_trackers_handler_rostest





CMake Warning at catkin/lula/internal/ros/lula_world_internal/CMakeLists.txt:175 (message):

  DEACTIVATED: world_util_utest





CMake Warning at catkin/lula/internal/ros/lula_world_internal/CMakeLists.txt:180 (message):

  DEACTIVATED: object_view_rostest





CMake Warning at catkin/lula/internal/ros/lula_world_internal/CMakeLists.txt:188 (message):

  DEACTIVATED: world_model_view_rostest





-- +++ processing catkin package: 'python_ros_utils'

-- ==> add_subdirectory(catkin/ros/usc-clmc-catkin-pkg/usc_utils/python_ros_utils)

-- Using these message generators: gencpp;genlisp;genpy

-- +++ processing catkin package: 'sl_conversions'

-- ==> add_subdirectory(catkin/controller_manager/core-sl-ros/sl_conversions)

-- Using these message generators: gencpp;genlisp;genpy

-- +++ processing catkin package: 'sl_utilities'

-- ==> add_subdirectory(catkin/controller_manager/core-sl-ros/sl_utilities)

-- xenomai NOT found. (/usr/local;/usr)

-- Could NOT find Xenomai (missing:  Xenomai_ROOT_DIR Xenomai_LIBRARY_NATIVE Xenomai_LIBRARY_XENOMAI Xenomai_LIBRARY_PTHREAD_RT Xenomai_LIBRARY_RTDM Xenomai_VERSION Xenomai_LIBRARY_RTDK) 

-- Using these message generators: gencpp;genlisp;genpy

-- +++ processing catkin package: 'sl_controller_manager'

-- ==> add_subdirectory(catkin/controller_manager/core-sl-ros/sl_controller_manager)

-- MACHTYPE x86_64

Detected MACHTYPE=x86_64

CMake Warning at cmake/sl_cmake_global/LAB.cmake:181 (message):

  HERMES HOSTS SET TO ATHENA-ROBOT IN SRC/CMAKE/SL_CMAKE_GLOBAL/LAB.CMAKE

Call Stack (most recent call first):

  catkin/controller_manager/core-sl-ros/sl_controller_manager/CMakeLists.txt:5 (include)





-- HOST_NAME=everest

-- HOST=everest

-- LAB=AMD

-- CMAKE_C_FLAGS=-Wall -Wno-unused -Wno-strict-aliasing 

-- CMAKE_CPP_FLAGS=-Wall -Wno-unused -Wno-strict-aliasing 

-- CMAKE_INCLUDE_PATH=

-- CMAKE_LIBRARY_PATH=

-- LAB_STD_LIBS=pthread;rt;edit;curses;nsl;glut;GL;GLU;X11;Xmu;m

-- LAB_LIBDIR=lib/x86_64

-- LAB_INCLUDES=include

-- LAB_BINDIR=bin/x86_64

-- xenomai NOT found. (/usr/local;/usr)

-- Could NOT find Xenomai (missing:  Xenomai_ROOT_DIR Xenomai_LIBRARY_NATIVE Xenomai_LIBRARY_XENOMAI Xenomai_LIBRARY_PTHREAD_RT Xenomai_LIBRARY_RTDM Xenomai_VERSION Xenomai_LIBRARY_RTDK) 

-- Using these message generators: gencpp;genlisp;genpy

-- +++ processing catkin package: 'controller_manager_task_apollo'

-- ==> add_subdirectory(catkin/controller_manager/controller_manager_apollo/controller_manager_task_apollo)

-- MACHTYPE x86_64

Detected MACHTYPE=x86_64

CMake Warning at cmake/sl_cmake_global/LAB.cmake:181 (message):

  HERMES HOSTS SET TO ATHENA-ROBOT IN SRC/CMAKE/SL_CMAKE_GLOBAL/LAB.CMAKE

Call Stack (most recent call first):

  catkin/controller_manager/controller_manager_apollo/controller_manager_task_apollo/CMakeLists.txt:5 (include)





-- HOST_NAME=everest

-- HOST=everest

-- LAB=AMD

-- CMAKE_C_FLAGS=-Wall -Wno-unused -Wno-strict-aliasing 

-- CMAKE_CPP_FLAGS=-Wall -Wno-unused -Wno-strict-aliasing 

-- CMAKE_INCLUDE_PATH=

-- CMAKE_LIBRARY_PATH=

-- LAB_STD_LIBS=pthread;rt;edit;curses;nsl;glut;GL;GLU;X11;Xmu;m

-- LAB_LIBDIR=lib/x86_64

-- LAB_INCLUDES=include

-- LAB_BINDIR=bin/x86_64

-- xenomai NOT found. (/usr/local;/usr)

-- Could NOT find Xenomai (missing:  Xenomai_ROOT_DIR Xenomai_LIBRARY_NATIVE Xenomai_LIBRARY_XENOMAI Xenomai_LIBRARY_PTHREAD_RT Xenomai_LIBRARY_RTDM Xenomai_VERSION Xenomai_LIBRARY_RTDK) 

-- Using these message generators: gencpp;genlisp;genpy

-- +++ processing catkin package: 'apollo_user'

-- ==> add_subdirectory(catkin/robots/catkin-apolloUser)

-- MACHTYPE x86_64

Detected MACHTYPE=x86_64

CMake Warning at cmake/sl_cmake_global/LAB.cmake:181 (message):

  HERMES HOSTS SET TO ATHENA-ROBOT IN SRC/CMAKE/SL_CMAKE_GLOBAL/LAB.CMAKE

Call Stack (most recent call first):

  catkin/robots/catkin-apolloUser/CMakeLists.txt:8 (include)





-- HOST_NAME=everest

-- HOST=everest

-- LAB=AMD

-- CMAKE_C_FLAGS=-Wall -Wno-unused -Wno-strict-aliasing 

-- CMAKE_CPP_FLAGS=-Wall -Wno-unused -Wno-strict-aliasing 

-- CMAKE_INCLUDE_PATH=

-- CMAKE_LIBRARY_PATH=

-- LAB_STD_LIBS=pthread;rt;edit;curses;nsl;glut;GL;GLU;X11;Xmu;m

-- LAB_LIBDIR=lib/x86_64

-- LAB_INCLUDES=include

-- LAB_BINDIR=bin/x86_64

-- xenomai NOT found. (/usr/local;/usr)

-- Could NOT find Xenomai (missing:  Xenomai_ROOT_DIR Xenomai_LIBRARY_NATIVE Xenomai_LIBRARY_XENOMAI Xenomai_LIBRARY_PTHREAD_RT Xenomai_LIBRARY_RTDM Xenomai_VERSION Xenomai_LIBRARY_RTDK) 

-- Using these message generators: gencpp;genlisp;genpy

-- +++ processing catkin package: 'sl_barrett_controllers'

-- ==> add_subdirectory(catkin/controller_manager/sl_barrett_controllers/sl_barrett_controllers)

-- xenomai NOT found. (/usr/local;/usr)

-- Could NOT find Xenomai (missing:  Xenomai_ROOT_DIR Xenomai_LIBRARY_NATIVE Xenomai_LIBRARY_XENOMAI Xenomai_LIBRARY_PTHREAD_RT Xenomai_LIBRARY_RTDM Xenomai_VERSION Xenomai_LIBRARY_RTDK) 

-- Using these message generators: gencpp;genlisp;genpy

-- +++ processing catkin package: 'sl_controllers'

-- ==> add_subdirectory(catkin/controller_manager/core-sl-ros/sl_controllers)

-- xenomai NOT found. (/usr/local;/usr)

-- Could NOT find Xenomai (missing:  Xenomai_ROOT_DIR Xenomai_LIBRARY_NATIVE Xenomai_LIBRARY_XENOMAI Xenomai_LIBRARY_PTHREAD_RT Xenomai_LIBRARY_RTDM Xenomai_VERSION Xenomai_LIBRARY_RTDK) 

-- Using these message generators: gencpp;genlisp;genpy

-- Boost version: 1.54.0

-- Found the following Boost libraries:

--   random

-- +++ processing catkin package: 'table_object_finder'

-- ==> add_subdirectory(catkin/ros/table_object_finder)

-- Using these message generators: gencpp;genlisp;genpy

-- Boost version: 1.54.0

-- Eigen found (include: /usr/include/eigen3)

-- Boost version: 1.54.0

-- Found the following Boost libraries:

--   system

--   filesystem

--   thread

--   date_time

--   iostreams

--   serialization

--   chrono

-- checking for module 'openni-dev'

--   package 'openni-dev' not found

-- checking for module 'openni2-dev'

--   package 'openni2-dev' not found

** WARNING ** io features related to pcap will be disabled

** WARNING ** io features related to png will be disabled

-- checking for module 'openni-dev'

--   package 'openni-dev' not found

-- checking for module 'openni2-dev'

--   package 'openni2-dev' not found

-- looking for PCL_COMMON

-- looking for PCL_KDTREE

-- looking for PCL_OCTREE

-- looking for PCL_SEARCH

-- looking for PCL_SURFACE

-- looking for PCL_SAMPLE_CONSENSUS

-- looking for PCL_FILTERS

-- looking for PCL_FEATURES

-- looking for PCL_KEYPOINTS

-- looking for PCL_GEOMETRY

-- looking for PCL_IO

-- looking for PCL_VISUALIZATION

-- looking for PCL_SEGMENTATION

-- looking for PCL_PEOPLE

-- looking for PCL_REGISTRATION

-- looking for PCL_RECOGNITION

-- looking for PCL_OUTOFCORE

-- looking for PCL_TRACKING

-- Found PCL: /usr/lib/x86_64-linux-gnu/libboost_system.so;/usr/lib/x86_64-linux-gnu/libboost_filesystem.so;/usr/lib/x86_64-linux-gnu/libboost_thread.so;/usr/lib/x86_64-linux-gnu/libboost_date_time.so;/usr/lib/x86_64-linux-gnu/libboost_iostreams.so;/usr/lib/x86_64-linux-gnu/libboost_serialization.so;/usr/lib/x86_64-linux-gnu/libboost_chrono.so;/usr/lib/x86_64-linux-gnu/libpthread.so;optimized;/usr/local/lib/libpcl_common.so;debug;/usr/local/lib/libpcl_common.so;optimized;/usr/lib/x86_64-linux-gnu/libflann_cpp_s.a;debug;/usr/lib/x86_64-linux-gnu/libflann_cpp_s.a;optimized;/usr/local/lib/libpcl_kdtree.so;debug;/usr/local/lib/libpcl_kdtree.so;optimized;/usr/local/lib/libpcl_octree.so;debug;/usr/local/lib/libpcl_octree.so;optimized;/usr/local/lib/libpcl_search.so;debug;/usr/local/lib/libpcl_search.so;optimized;/usr/lib/x86_64-linux-gnu/libqhull.so;debug;/usr/lib/x86_64-linux-gnu/libqhull.so;optimized;/usr/local/lib/libpcl_surface.so;debug;/usr/local/lib/libpcl_surface.so;optimized;/usr/local/lib/libpcl_sample_consensus.so;debug;/usr/local/lib/libpcl_sample_consensus.so;optimized;/usr/local/lib/libpcl_filters.so;debug;/usr/local/lib/libpcl_filters.so;optimized;/usr/local/lib/libpcl_features.so;debug;/usr/local/lib/libpcl_features.so;optimized;/usr/local/lib/libpcl_keypoints.so;debug;/usr/local/lib/libpcl_keypoints.so;/usr/lib/libOpenNI.so;/usr/lib/libOpenNI2.so;vtkCommon;vtkFiltering;vtkImaging;vtkGraphics;vtkGenericFiltering;vtkIO;vtkRendering;vtkVolumeRendering;vtkHybrid;vtkWidgets;vtkParallel;vtkInfovis;vtkGeovis;vtkViews;vtkCharts;optimized;/usr/local/lib/libpcl_io.so;debug;/usr/local/lib/libpcl_io.so;optimized;/usr/local/lib/libpcl_visualization.so;debug;/usr/local/lib/libpcl_visualization.so;optimized;/usr/local/lib/libpcl_segmentation.so;debug;/usr/local/lib/libpcl_segmentation.so;optimized;/usr/local/lib/libpcl_people.so;debug;/usr/local/lib/libpcl_people.so;optimized;/usr/local/lib/libpcl_registration.so;debug;/usr/local/lib/libpcl_registration.so;optimized;/usr/local/lib/libpcl_recognition.so;debug;/usr/local/lib/libpcl_recognition.so;optimized;/usr/local/lib/libpcl_outofcore.so;debug;/usr/local/lib/libpcl_outofcore.so;optimized;/usr/local/lib/libpcl_tracking.so;debug;/usr/local/lib/libpcl_tracking.so;/usr/lib/x86_64-linux-gnu/libboost_system.so;/usr/lib/x86_64-linux-gnu/libboost_filesystem.so;/usr/lib/x86_64-linux-gnu/libboost_thread.so;/usr/lib/x86_64-linux-gnu/libboost_date_time.so;/usr/lib/x86_64-linux-gnu/libboost_iostreams.so;/usr/lib/x86_64-linux-gnu/libboost_serialization.so;/usr/lib/x86_64-linux-gnu/libboost_chrono.so;/usr/lib/x86_64-linux-gnu/libpthread.so;optimized;/usr/lib/x86_64-linux-gnu/libqhull.so;debug;/usr/lib/x86_64-linux-gnu/libqhull.so;/usr/lib/libOpenNI.so;/usr/lib/libOpenNI2.so;optimized;/usr/lib/x86_64-linux-gnu/libflann_cpp_s.a;debug;/usr/lib/x86_64-linux-gnu/libflann_cpp_s.a;vtkCommon;vtkFiltering;vtkImaging;vtkGraphics;vtkGenericFiltering;vtkIO;vtkRendering;vtkVolumeRendering;vtkHybrid;vtkWidgets;vtkParallel;vtkInfovis;vtkGeovis;vtkViews;vtkCharts (Required is at least version "1.3") 

-- +++ processing catkin package: 'lula_plugins_interface'

-- ==> add_subdirectory(catkin/lula/internal/ros/lula_visualization_internal/lula_plugins_interface)

-- +++ processing catkin package: 'arm_robot_model'

-- ==> add_subdirectory(catkin/robots/arm_robot_model)

-- +++ processing catkin package: 'dbrt'

-- ==> add_subdirectory(catkin/core-perception/dbrt)

-- Using these message generators: gencpp;genlisp;genpy

-- Boost version: 1.54.0

-- Eigen found (include: /usr/include/eigen3)

-- cimport.h exists. Therefore Assimp V3 must be installed and will be used.

-- +++ processing catkin package: 'lula_kinematics'

-- ==> add_subdirectory(catkin/lula/internal/ros/lula_kinematics)

---------------------------------------------------------------

Building with dart

---------------------------------------------------------------

-- Using these message generators: gencpp;genlisp;genpy

CMake Warning at catkin/lula/internal/ros/lula_kinematics/CMakeLists.txt:184 (message):

  DEACTIVATED: dart_baxter_test_utest





CMake Warning at catkin/lula/internal/ros/lula_kinematics/CMakeLists.txt:210 (message):

  DEACTIVATED: cspace_riemo_robot_utest





CMake Warning at catkin/lula/internal/ros/lula_kinematics/CMakeLists.txt:225 (message):

  DEACTIVATED: flattened_tree_kinematics_utest





CMake Warning at catkin/lula/internal/ros/lula_kinematics/CMakeLists.txt:233 (message):

  DEACTIVATED: flattened_tree_riemo_robot_utest





CMake Warning at catkin/lula/internal/ros/lula_kinematics/CMakeLists.txt:241 (message):

  DEACTIVATED: flattened_tree_unconstrained_robot_utest





CMake Warning at catkin/lula/internal/ros/lula_kinematics/CMakeLists.txt:249 (message):

  DEACTIVATED: flattened_trees_utest





CMake Warning at catkin/lula/internal/ros/lula_kinematics/CMakeLists.txt:257 (message):

  DEACTIVATED: kdl_kinematics_solver_utest





CMake Warning at catkin/lula/internal/ros/lula_kinematics/CMakeLists.txt:265 (message):

  DEACTIVATED: kdl_riemo_robot_test_utest





CMake Warning at catkin/lula/internal/ros/lula_kinematics/CMakeLists.txt:280 (message):

  DEACTIVATED: riemo_format_parser_test_utest





-- +++ processing catkin package: 'ros_servo_apollo'

-- ==> add_subdirectory(catkin/ros/ros_servo_apollo)

-- MACHTYPE x86_64

Detected MACHTYPE=x86_64

CMake Warning at cmake/sl_cmake_global/LAB.cmake:181 (message):

  HERMES HOSTS SET TO ATHENA-ROBOT IN SRC/CMAKE/SL_CMAKE_GLOBAL/LAB.CMAKE

Call Stack (most recent call first):

  catkin/ros/ros_servo_apollo/CMakeLists.txt:5 (include)





-- HOST_NAME=everest

-- HOST=everest

-- LAB=AMD

-- CMAKE_C_FLAGS=-Wall -Wno-unused -Wno-strict-aliasing 

-- CMAKE_CPP_FLAGS=-Wall -Wno-unused -Wno-strict-aliasing 

-- CMAKE_INCLUDE_PATH=

-- CMAKE_LIBRARY_PATH=

-- LAB_STD_LIBS=pthread;rt;edit;curses;nsl;glut;GL;GLU;X11;Xmu;m

-- LAB_LIBDIR=lib/x86_64

-- LAB_INCLUDES=include

-- LAB_BINDIR=bin/x86_64

-- Using these message generators: gencpp;genlisp;genpy

-- +++ processing catkin package: 'lula_visualization'

-- ==> add_subdirectory(catkin/lula/external/lula_visualization)

-- Using these message generators: gencpp;genlisp;genpy

-- lula_visualization: 9 messages, 1 services

-- +++ processing catkin package: 'lula_task'

-- ==> add_subdirectory(catkin/lula/internal/ros/lula_task)

-- Building with dart

-- Using these message generators: gencpp;genlisp;genpy

-- +++ processing catkin package: 'lula_apollo_internal'

-- ==> add_subdirectory(catkin/lula/internal/ros/lula_apollo_internal)

-- Using these message generators: gencpp;genlisp;genpy

-- lula_apollo_internal: 0 messages, 1 services

-- +++ processing catkin package: 'lula_apollo'

-- ==> add_subdirectory(catkin/robots/lula_apollo)

-- +++ processing catkin package: 'lula_baxter_internal'

-- ==> add_subdirectory(catkin/lula/internal/ros/lula_baxter_internal)

-- Using these message generators: gencpp;genlisp;genpy

-- Generating .msg files for action lula_baxter_internal/MoveToConfig /home/administrator/ci/ci/team/workspace/src/catkin/lula/internal/ros/lula_baxter_internal/action/MoveToConfig.action

-- lula_baxter_internal: 8 messages, 0 services

CMake Warning at catkin/lula/internal/ros/lula_baxter_internal/CMakeLists.txt:255 (message):

  DEACTIVATED: coulomb_friction_feature_utest





CMake Warning at catkin/lula/internal/ros/lula_baxter_internal/CMakeLists.txt:260 (message):

  DEACTIVATED: friction_model_utest





CMake Warning at catkin/lula/internal/ros/lula_baxter_internal/CMakeLists.txt:265 (message):

  DEACTIVATED: radial_basis_function_utest





CMake Warning at catkin/lula/internal/ros/lula_baxter_internal/CMakeLists.txt:270 (message):

  DEACTIVATED: stiction_feature_utest





CMake Warning at catkin/lula/internal/ros/lula_baxter_internal/CMakeLists.txt:275 (message):

  DEACTIVATED: synchronized_rate_utest





CMake Warning at catkin/lula/internal/ros/lula_baxter_internal/CMakeLists.txt:280 (message):

  DEACTIVATED: viscous_friction_feature_utest





-- +++ processing catkin package: 'lula_plugins'

-- ==> add_subdirectory(catkin/lula/internal/ros/lula_visualization_internal/lula_plugins)

-- Using these message generators: gencpp;genlisp;genpy

-- +++ processing catkin package: 'lula_plugins_internal'

-- ==> add_subdirectory(catkin/lula/internal/ros/lula_visualization_internal/lula_plugins_internal)

-- Using these message generators: gencpp;genlisp;genpy

CMake Warning at catkin/lula/internal/ros/lula_visualization_internal/lula_plugins_internal/CMakeLists.txt:87 (message):

  DEACTIVATED: lula_plugin_ftk_robot_state_provider_utest





-- +++ processing catkin package: 'lula_visualization_internal'

-- ==> add_subdirectory(catkin/lula/internal/ros/lula_visualization_internal/lula_visualization_internal)

-- Using these message generators: gencpp;genlisp;genpy

-- +++ processing catkin package: 'lula_rviz_plugins'

-- ==> add_subdirectory(catkin/lula/internal/ros/lula_visualization_internal/lula_rviz_plugins)

-- Using these message generators: gencpp;genlisp;genpy

-- +++ processing catkin package: 'rieef_utils'

-- ==> add_subdirectory(catkin/manipulation/riemo_electrical_fields/rieef_utils)

-- Using these message generators: gencpp;genlisp;genpy

-- Eigen found (include: /usr/include/eigen3)

Eigen include_dirs: /usr/include/eigen3

Eigen libraries: 

Eigen version : 

-- Boost version: 1.54.0

-- Found the following Boost libraries:

--   filesystem

HDF5 include_dirs: /usr/include

HDF5 libraries: /usr/lib/x86_64-linux-gnu/libhdf5.so/usr/lib/x86_64-linux-gnu/libpthread.so/usr/lib/x86_64-linux-gnu/libz.so/usr/lib/x86_64-linux-gnu/libdl.so/usr/lib/x86_64-linux-gnu/libm.so

HDF5 version : 

catkin_INCLUDE_DIRS : /home/administrator/ci/ci/team/workspace/devel/include/home/administrator/ci/ci/team/workspace/src/catkin/lula/internal/lula_motion/home/administrator/ci/ci/team/workspace/src/catkin/lula/internal/lula_util/home/administrator/ci/ci/team/workspace/src/catkin/lula/internal/lula_util/external/home/administrator/ci/ci/team/workspace/src/catkin/lula/internal/lula_differential_geometry/home/administrator/ci/ci/team/workspace/src/catkin/lula/internal/lula_optimization/home/administrator/ci/ci/team/workspace/src/catkin/lula/internal/ros/lula_task/home/administrator/ci/ci/team/workspace/src/catkin/lula/internal/ros/lula_kinematics/home/administrator/ci/ci/team/workspace/src/catkin/lula/external/lula_ros_util/home/administrator/ci/ci/team/workspace/src/catkin/lula/external/lula_common/home/administrator/ci/ci/team/workspace/src/catkin/lula/internal/ros/lula_rt/home/administrator/ci/ci/team/workspace/src/catkin/lula/external/lula_world/home/administrator/ci/ci/team/workspace/src/catkin/lula/internal/ros/lula_world_internal/home/administrator/ci/ci/team/workspace/src/catkin/lula/internal/ros/lula_apollo_internal/opt/ros/indigo/include/usr/include/usr/include/eigen3

 *** CMAKE_CXX_FLAGS: -std=c++11  -g 

-- +++ processing catkin package: 'usc_utilities'

-- ==> add_subdirectory(catkin/ros/usc-clmc-catkin-pkg/usc_utils/usc_utilities)

-- Using these message generators: gencpp;genlisp;genpy

-- usc_utilities: 1 messages, 0 services

-- +++ processing catkin package: 'learnable_cost_function'

-- ==> add_subdirectory(catkin/ros/usc-clmc-catkin-pkg/planning/learnable_cost_function)

-- +++ processing catkin package: 'robot_info'

-- ==> add_subdirectory(catkin/ros/usc-clmc-catkin-pkg/usc_utils/robot_info)

-- +++ processing catkin package: 'jacobian_utilities'

-- ==> add_subdirectory(catkin/ros/usc-clmc-catkin-pkg/usc_utils/jacobian_utilities)

-- +++ processing catkin package: 'sl_barrett_controller_interface'

-- ==> add_subdirectory(catkin/controller_manager/sl_barrett_controllers/sl_barrett_controller_interface)

-- xenomai NOT found. (/usr/local;/usr)

-- Could NOT find Xenomai (missing:  Xenomai_ROOT_DIR Xenomai_LIBRARY_NATIVE Xenomai_LIBRARY_XENOMAI Xenomai_LIBRARY_PTHREAD_RT Xenomai_LIBRARY_RTDM Xenomai_VERSION Xenomai_LIBRARY_RTDK) 

-- Using these message generators: gencpp;genlisp;genpy

-- +++ processing catkin package: 'sl_controller_interface'

-- ==> add_subdirectory(catkin/controller_manager/core-sl-ros/sl_controller_interface)

-- Using these message generators: gencpp;genlisp;genpy

-- +++ processing catkin package: 'head_look_at_behaviour'

-- ==> add_subdirectory(catkin/ros/head_look_at_behaviour)

-- Using these message generators: gencpp;genlisp;genpy

-- +++ processing catkin package: 'sl_controller_interface_test'

-- ==> add_subdirectory(catkin/controller_manager/controller_manager_examples_apollo)

-- Using these message generators: gencpp;genlisp;genpy

-- xenomai NOT found. (/usr/local;/usr)

-- Could NOT find Xenomai (missing:  Xenomai_ROOT_DIR Xenomai_LIBRARY_NATIVE Xenomai_LIBRARY_XENOMAI Xenomai_LIBRARY_PTHREAD_RT Xenomai_LIBRARY_RTDM Xenomai_VERSION Xenomai_LIBRARY_RTDK) 

-- +++ processing catkin package: 'strain_gauge_calibration'

-- ==> add_subdirectory(catkin/controller_manager/core-sl-ros/strain_gauge_calibration)

-- Using these message generators: gencpp;genlisp;genpy

-- xenomai NOT found. (/usr/local;/usr)

-- Could NOT find Xenomai (missing:  Xenomai_ROOT_DIR Xenomai_LIBRARY_NATIVE Xenomai_LIBRARY_XENOMAI Xenomai_LIBRARY_PTHREAD_RT Xenomai_LIBRARY_RTDM Xenomai_VERSION Xenomai_LIBRARY_RTDK) 

-- +++ processing catkin package: 'vicon_capture'

-- ==> add_subdirectory(catkin/sensors/vicon_capture)

-- Using these message generators: gencpp;genlisp;genpy

-- Boost version: 1.54.0

-- +++ processing catkin package: 'visual_servoing'

-- ==> add_subdirectory(catkin/manipulation/visual_servoing)

-- MACHTYPE x86_64

Detected MACHTYPE=x86_64

CMake Warning at cmake/sl_cmake_global/LAB.cmake:181 (message):

  HERMES HOSTS SET TO ATHENA-ROBOT IN SRC/CMAKE/SL_CMAKE_GLOBAL/LAB.CMAKE

Call Stack (most recent call first):

  catkin/manipulation/visual_servoing/CMakeLists.txt:8 (include)





-- HOST_NAME=everest

-- HOST=everest

-- LAB=AMD

-- CMAKE_C_FLAGS=-Wall -Wno-unused -Wno-strict-aliasing 

-- CMAKE_CPP_FLAGS=-Wall -Wno-unused -Wno-strict-aliasing 

-- CMAKE_INCLUDE_PATH=

-- CMAKE_LIBRARY_PATH=

-- LAB_STD_LIBS=pthread;rt;edit;curses;nsl;glut;GL;GLU;X11;Xmu;m

-- LAB_LIBDIR=lib/x86_64

-- LAB_INCLUDES=include

-- LAB_BINDIR=bin/x86_64

-- xenomai NOT found. (/usr/local;/usr)

-- Could NOT find Xenomai (missing:  Xenomai_ROOT_DIR Xenomai_LIBRARY_NATIVE Xenomai_LIBRARY_XENOMAI Xenomai_LIBRARY_PTHREAD_RT Xenomai_LIBRARY_RTDM Xenomai_VERSION Xenomai_LIBRARY_RTDK) 

-- +++ processing catkin package: 'from_object_to_grasp'

-- ==> add_subdirectory(catkin/manipulation/from-object-to-grasp)

-- xenomai NOT found. (/usr/local;/usr)

-- Could NOT find Xenomai (missing:  Xenomai_ROOT_DIR Xenomai_LIBRARY_NATIVE Xenomai_LIBRARY_XENOMAI Xenomai_LIBRARY_PTHREAD_RT Xenomai_LIBRARY_RTDM Xenomai_VERSION Xenomai_LIBRARY_RTDK) 

-- Using these message generators: gencpp;genlisp;genpy

-- +++ processing catkin package: 'visualization_3d'

-- ==> add_subdirectory(catkin/manipulation/riemo_electrical_fields/visualization_3d)

-- Using these message generators: gencpp;genlisp;genpy

CMAKE_MODULE_PATH /home/administrator/ci/ci/team/workspace/src/catkin/manipulation/riemo_electrical_fields/visualization_3d/../cmake/Modules

-- Eigen found (include: /usr/include/eigen3)

Eigen include_dirs: /usr/include/eigen3

Eigen libraries: 

Eigen version : 

-- Found gflags: /usr/lib/x86_64-linux-gnu/libgflags.so

-- Found headers: /usr/include

-- +++ processing catkin package: 'geodesic_flow'

-- ==> add_subdirectory(catkin/manipulation/riemo_electrical_fields/geodesic_flow)

-- Using these message generators: gencpp;genlisp;genpy

CMAKE_MODULE_PATH /home/administrator/ci/ci/team/workspace/src/catkin/manipulation/riemo_electrical_fields/geodesic_flow/../cmake/Modules

-- Eigen found (include: /usr/include/eigen3)

Eigen include_dirs: /usr/include/eigen3

Eigen libraries: 

Eigen version : 

OMPL include_dirs: /opt/ros/indigo/include

OMPL libraries: /opt/ros/indigo/lib/x86_64-linux-gnu/libompl.so

OMPL version : 1.0.0

OMPL library_dirs : 

LIBXML2 include_dirs: /usr/include/libxml2

LIBXML2 libraries: /usr/lib/x86_64-linux-gnu/libxml2.so

LIBXML2 version : 

LIBXML2 library_dirs : 

GLOG include_dirs: 

GLOG libraries: glog

GLOG version : 0.3.3

GLOG library_dirs : 

-- Found gflags: /usr/lib/x86_64-linux-gnu/libgflags.so

-- Found headers: /usr/include

GFLAGS include_dirs: 

GFLAGS libraries: 

GFLAGS version : 

GFLAGS library_dirs : 

einspline include_dirs: 

einspline libraries: einspline

einspline version : 0.9.2

einspline library_dirs : 

catkin_INCLUDE_DIRS : /home/administrator/ci/ci/team/workspace/devel/include/home/administrator/ci/ci/team/workspace/src/catkin/lula/internal/lula_motion/home/administrator/ci/ci/team/workspace/src/catkin/lula/internal/lula_util/home/administrator/ci/ci/team/workspace/src/catkin/lula/internal/lula_util/external/home/administrator/ci/ci/team/workspace/src/catkin/lula/internal/lula_differential_geometry/home/administrator/ci/ci/team/workspace/src/catkin/lula/internal/lula_optimization/home/administrator/ci/ci/team/workspace/src/catkin/lula/internal/lula_workspace/home/administrator/ci/ci/team/workspace/src/catkin/manipulation/riemo_electrical_fields/visualization_3d/include/home/administrator/ci/ci/team/workspace/src/catkin/lula/internal/ros/lula_kinematics/home/administrator/ci/ci/team/workspace/src/catkin/lula/external/lula_ros_util/home/administrator/ci/ci/team/workspace/src/catkin/lula/external/lula_common/home/administrator/ci/ci/team/workspace/src/catkin/lula/internal/ros/lula_rt/home/administrator/ci/ci/team/workspace/src/catkin/manipulation/riemo_electrical_fields/rieef_utils/include/home/administrator/ci/ci/team/workspace/src/catkin/lula/internal/ros/lula_task/home/administrator/ci/ci/team/workspace/src/catkin/lula/external/lula_world/home/administrator/ci/ci/team/workspace/src/catkin/lula/internal/ros/lula_world_internal/home/administrator/ci/ci/team/workspace/src/catkin/lula/internal/ros/lula_apollo_internal/opt/ros/indigo/include/usr/include/usr/include/eigen3

/home/administrator/ci/ci/team/workspace/src/catkin/manipulation/riemo_electrical_fields/geodesic_flow/include/geodesic_flow/potential_fields/contours.hpp/home/administrator/ci/ci/team/workspace/src/catkin/manipulation/riemo_electrical_fields/geodesic_flow/include/geodesic_flow/potential_fields/charged_surface.hpp/home/administrator/ci/ci/team/workspace/src/catkin/manipulation/riemo_electrical_fields/geodesic_flow/include/geodesic_flow/potential_fields/regressed_coordinates.hpp/home/administrator/ci/ci/team/workspace/src/catkin/manipulation/riemo_electrical_fields/geodesic_flow/include/geodesic_flow/voxel_grid/ThreeDGrid.hpp/home/administrator/ci/ci/team/workspace/src/catkin/manipulation/riemo_electrical_fields/geodesic_flow/include/geodesic_flow/voxel_grid/BaseGrid.hpp/home/administrator/ci/ci/team/workspace/src/catkin/manipulation/riemo_electrical_fields/geodesic_flow/include/geodesic_flow/voxel_grid/DistancePropagation.hpp/home/administrator/ci/ci/team/workspace/src/catkin/manipulation/riemo_electrical_fields/geodesic_flow/include/geodesic_flow/analytical_collision_checker.hpp/home/administrator/ci/ci/team/workspace/src/catkin/manipulation/riemo_electrical_fields/geodesic_flow/include/geodesic_flow/class_foward.hpp/home/administrator/ci/ci/team/workspace/src/catkin/manipulation/riemo_electrical_fields/geodesic_flow/include/geodesic_flow/ompl_motion_planner.hpp/home/administrator/ci/ci/team/workspace/src/catkin/manipulation/riemo_electrical_fields/geodesic_flow/include/geodesic_flow/analytical_voxel_grid.hpp/home/administrator/ci/ci/team/workspace/src/catkin/manipulation/riemo_electrical_fields/geodesic_flow/include/geodesic_flow/geodesic_flow.hpp/home/administrator/ci/ci/team/workspace/src/catkin/manipulation/riemo_electrical_fields/geodesic_flow/include/geodesic_flow/mesh_importer.hpp

/home/administrator/ci/ci/team/workspace/src/catkin/manipulation/riemo_electrical_fields/geodesic_flow/include/geodesic_flow/voxel_grid/ThreeDGrid.hpp/home/administrator/ci/ci/team/workspace/src/catkin/manipulation/riemo_electrical_fields/geodesic_flow/include/geodesic_flow/voxel_grid/BaseGrid.hpp/home/administrator/ci/ci/team/workspace/src/catkin/manipulation/riemo_electrical_fields/geodesic_flow/include/geodesic_flow/voxel_grid/DistancePropagation.hpp

-- +++ processing catkin package: 'moveit_distance_field'

-- ==> add_subdirectory(catkin/manipulation/riemo_electrical_fields/moveit_distance_field)

-- Using these message generators: gencpp;genlisp;genpy

-- Eigen found (include: /usr/include/eigen3)

Eigen include_dirs: /usr/include/eigen3

Eigen libraries: 

Eigen version : 

-- Boost version: 1.54.0

-- Found the following Boost libraries:

--   system

--   filesystem

--   thread

--   date_time

--   iostreams

--   serialization

--   chrono

-- checking for module 'openni-dev'

--   package 'openni-dev' not found

-- checking for module 'openni2-dev'

--   package 'openni2-dev' not found

** WARNING ** io features related to pcap will be disabled

** WARNING ** io features related to png will be disabled

-- checking for module 'openni-dev'

--   package 'openni-dev' not found

-- checking for module 'openni2-dev'

--   package 'openni2-dev' not found

-- looking for PCL_COMMON

-- looking for PCL_KDTREE

-- looking for PCL_OCTREE

-- looking for PCL_SEARCH

-- looking for PCL_SURFACE

-- looking for PCL_SAMPLE_CONSENSUS

-- looking for PCL_FILTERS

-- looking for PCL_FEATURES

-- looking for PCL_KEYPOINTS

-- looking for PCL_GEOMETRY

-- looking for PCL_IO

-- looking for PCL_VISUALIZATION

-- looking for PCL_SEGMENTATION

-- looking for PCL_PEOPLE

-- looking for PCL_REGISTRATION

-- looking for PCL_RECOGNITION

-- looking for PCL_OUTOFCORE

-- looking for PCL_TRACKING

-- Found PCL: /usr/lib/x86_64-linux-gnu/libboost_system.so;/usr/lib/x86_64-linux-gnu/libboost_filesystem.so;/usr/lib/x86_64-linux-gnu/libboost_thread.so;/usr/lib/x86_64-linux-gnu/libboost_date_time.so;/usr/lib/x86_64-linux-gnu/libboost_iostreams.so;/usr/lib/x86_64-linux-gnu/libboost_serialization.so;/usr/lib/x86_64-linux-gnu/libboost_chrono.so;/usr/lib/x86_64-linux-gnu/libpthread.so;optimized;/usr/local/lib/libpcl_common.so;debug;/usr/local/lib/libpcl_common.so;optimized;/usr/lib/x86_64-linux-gnu/libflann_cpp_s.a;debug;/usr/lib/x86_64-linux-gnu/libflann_cpp_s.a;optimized;/usr/local/lib/libpcl_kdtree.so;debug;/usr/local/lib/libpcl_kdtree.so;optimized;/usr/local/lib/libpcl_octree.so;debug;/usr/local/lib/libpcl_octree.so;optimized;/usr/local/lib/libpcl_search.so;debug;/usr/local/lib/libpcl_search.so;optimized;/usr/lib/x86_64-linux-gnu/libqhull.so;debug;/usr/lib/x86_64-linux-gnu/libqhull.so;optimized;/usr/local/lib/libpcl_surface.so;debug;/usr/local/lib/libpcl_surface.so;optimized;/usr/local/lib/libpcl_sample_consensus.so;debug;/usr/local/lib/libpcl_sample_consensus.so;optimized;/usr/local/lib/libpcl_filters.so;debug;/usr/local/lib/libpcl_filters.so;optimized;/usr/local/lib/libpcl_features.so;debug;/usr/local/lib/libpcl_features.so;optimized;/usr/local/lib/libpcl_keypoints.so;debug;/usr/local/lib/libpcl_keypoints.so;/usr/lib/libOpenNI.so;/usr/lib/libOpenNI2.so;vtkCommon;vtkFiltering;vtkImaging;vtkGraphics;vtkGenericFiltering;vtkIO;vtkRendering;vtkVolumeRendering;vtkHybrid;vtkWidgets;vtkParallel;vtkInfovis;vtkGeovis;vtkViews;vtkCharts;optimized;/usr/local/lib/libpcl_io.so;debug;/usr/local/lib/libpcl_io.so;optimized;/usr/local/lib/libpcl_visualization.so;debug;/usr/local/lib/libpcl_visualization.so;optimized;/usr/local/lib/libpcl_segmentation.so;debug;/usr/local/lib/libpcl_segmentation.so;optimized;/usr/local/lib/libpcl_people.so;debug;/usr/local/lib/libpcl_people.so;optimized;/usr/local/lib/libpcl_registration.so;debug;/usr/local/lib/libpcl_registration.so;optimized;/usr/local/lib/libpcl_recognition.so;debug;/usr/local/lib/libpcl_recognition.so;optimized;/usr/local/lib/libpcl_outofcore.so;debug;/usr/local/lib/libpcl_outofcore.so;optimized;/usr/local/lib/libpcl_tracking.so;debug;/usr/local/lib/libpcl_tracking.so;/usr/lib/x86_64-linux-gnu/libboost_system.so;/usr/lib/x86_64-linux-gnu/libboost_filesystem.so;/usr/lib/x86_64-linux-gnu/libboost_thread.so;/usr/lib/x86_64-linux-gnu/libboost_date_time.so;/usr/lib/x86_64-linux-gnu/libboost_iostreams.so;/usr/lib/x86_64-linux-gnu/libboost_serialization.so;/usr/lib/x86_64-linux-gnu/libboost_chrono.so;/usr/lib/x86_64-linux-gnu/libpthread.so;optimized;/usr/lib/x86_64-linux-gnu/libqhull.so;debug;/usr/lib/x86_64-linux-gnu/libqhull.so;/usr/lib/libOpenNI.so;/usr/lib/libOpenNI2.so;optimized;/usr/lib/x86_64-linux-gnu/libflann_cpp_s.a;debug;/usr/lib/x86_64-linux-gnu/libflann_cpp_s.a;vtkCommon;vtkFiltering;vtkImaging;vtkGraphics;vtkGenericFiltering;vtkIO;vtkRendering;vtkVolumeRendering;vtkHybrid;vtkWidgets;vtkParallel;vtkInfovis;vtkGeovis;vtkViews;vtkCharts  

PCL version : 1.7.2

PCL include_dirs: /usr/local/include/pcl-1.7/usr/include/eigen3/usr/include/usr/include/ni/usr/include/openni2/usr/include/vtk-5.8

PCL libraries: /usr/lib/x86_64-linux-gnu/libboost_system.so/usr/lib/x86_64-linux-gnu/libboost_filesystem.so/usr/lib/x86_64-linux-gnu/libboost_thread.so/usr/lib/x86_64-linux-gnu/libboost_date_time.so/usr/lib/x86_64-linux-gnu/libboost_iostreams.so/usr/lib/x86_64-linux-gnu/libboost_serialization.so/usr/lib/x86_64-linux-gnu/libboost_chrono.so/usr/lib/x86_64-linux-gnu/libpthread.sooptimized/usr/local/lib/libpcl_common.sodebug/usr/local/lib/libpcl_common.sooptimized/usr/lib/x86_64-linux-gnu/libflann_cpp_s.adebug/usr/lib/x86_64-linux-gnu/libflann_cpp_s.aoptimized/usr/local/lib/libpcl_kdtree.sodebug/usr/local/lib/libpcl_kdtree.sooptimized/usr/local/lib/libpcl_octree.sodebug/usr/local/lib/libpcl_octree.sooptimized/usr/local/lib/libpcl_search.sodebug/usr/local/lib/libpcl_search.sooptimized/usr/lib/x86_64-linux-gnu/libqhull.sodebug/usr/lib/x86_64-linux-gnu/libqhull.sooptimized/usr/local/lib/libpcl_surface.sodebug/usr/local/lib/libpcl_surface.sooptimized/usr/local/lib/libpcl_sample_consensus.sodebug/usr/local/lib/libpcl_sample_consensus.sooptimized/usr/local/lib/libpcl_filters.sodebug/usr/local/lib/libpcl_filters.sooptimized/usr/local/lib/libpcl_features.sodebug/usr/local/lib/libpcl_features.sooptimized/usr/local/lib/libpcl_keypoints.sodebug/usr/local/lib/libpcl_keypoints.so/usr/lib/libOpenNI.so/usr/lib/libOpenNI2.sovtkCommonvtkFilteringvtkImagingvtkGraphicsvtkGenericFilteringvtkIOvtkRenderingvtkVolumeRenderingvtkHybridvtkWidgetsvtkParallelvtkInfovisvtkGeovisvtkViewsvtkChartsoptimized/usr/local/lib/libpcl_io.sodebug/usr/local/lib/libpcl_io.sooptimized/usr/local/lib/libpcl_visualization.sodebug/usr/local/lib/libpcl_visualization.sooptimized/usr/local/lib/libpcl_segmentation.sodebug/usr/local/lib/libpcl_segmentation.sooptimized/usr/local/lib/libpcl_people.sodebug/usr/local/lib/libpcl_people.sooptimized/usr/local/lib/libpcl_registration.sodebug/usr/local/lib/libpcl_registration.sooptimized/usr/local/lib/libpcl_recognition.sodebug/usr/local/lib/libpcl_recognition.sooptimized/usr/local/lib/libpcl_outofcore.sodebug/usr/local/lib/libpcl_outofcore.sooptimized/usr/local/lib/libpcl_tracking.sodebug/usr/local/lib/libpcl_tracking.so/usr/lib/x86_64-linux-gnu/libboost_system.so/usr/lib/x86_64-linux-gnu/libboost_filesystem.so/usr/lib/x86_64-linux-gnu/libboost_thread.so/usr/lib/x86_64-linux-gnu/libboost_date_time.so/usr/lib/x86_64-linux-gnu/libboost_iostreams.so/usr/lib/x86_64-linux-gnu/libboost_serialization.so/usr/lib/x86_64-linux-gnu/libboost_chrono.so/usr/lib/x86_64-linux-gnu/libpthread.sooptimized/usr/lib/x86_64-linux-gnu/libqhull.sodebug/usr/lib/x86_64-linux-gnu/libqhull.so/usr/lib/libOpenNI.so/usr/lib/libOpenNI2.sooptimized/usr/lib/x86_64-linux-gnu/libflann_cpp_s.adebug/usr/lib/x86_64-linux-gnu/libflann_cpp_s.avtkCommonvtkFilteringvtkImagingvtkGraphicsvtkGenericFilteringvtkIOvtkRenderingvtkVolumeRenderingvtkHybridvtkWidgetsvtkParallelvtkInfovisvtkGeovisvtkViewsvtkCharts

catkin_INCLUDE_DIRS : /home/administrator/ci/ci/team/workspace/devel/include/home/administrator/ci/ci/team/workspace/src/catkin/manipulation/riemo_electrical_fields/visualization_3d/include/home/administrator/ci/ci/team/workspace/src/catkin/lula/internal/lula_motion/home/administrator/ci/ci/team/workspace/src/catkin/lula/internal/lula_util/home/administrator/ci/ci/team/workspace/src/catkin/lula/internal/lula_util/external/home/administrator/ci/ci/team/workspace/src/catkin/lula/internal/lula_differential_geometry/home/administrator/ci/ci/team/workspace/src/catkin/lula/internal/lula_optimization/home/administrator/ci/ci/team/workspace/src/catkin/lula/internal/ros/lula_kinematics/home/administrator/ci/ci/team/workspace/src/catkin/lula/external/lula_ros_util/home/administrator/ci/ci/team/workspace/src/catkin/lula/external/lula_common/home/administrator/ci/ci/team/workspace/src/catkin/lula/internal/ros/lula_rt/home/administrator/ci/ci/team/workspace/src/catkin/manipulation/riemo_electrical_fields/geodesic_flow/include/home/administrator/ci/ci/team/workspace/src/catkin/lula/internal/lula_workspace/home/administrator/ci/ci/team/workspace/src/catkin/manipulation/riemo_electrical_fields/rieef_utils/include/home/administrator/ci/ci/team/workspace/src/catkin/lula/internal/ros/lula_task/home/administrator/ci/ci/team/workspace/src/catkin/lula/external/lula_world/home/administrator/ci/ci/team/workspace/src/catkin/lula/internal/ros/lula_world_internal/home/administrator/ci/ci/team/workspace/src/catkin/lula/internal/ros/lula_apollo_internal/opt/ros/indigo/include/usr/include/usr/include/eigen3/usr/include/pcl-1.7

-- +++ processing catkin package: 'sampling_based_planning'

-- ==> add_subdirectory(catkin/manipulation/riemo_electrical_fields/sampling_based_planning)

-- Using these message generators: gencpp;genlisp;genpy

-- Eigen found (include: /usr/include/eigen3)

Eigen include_dirs: /usr/include/eigen3

Eigen libraries: 

Eigen version : 

OMPL include_dirs: /opt/ros/indigo/include

OMPL libraries: /opt/ros/indigo/lib/x86_64-linux-gnu/libompl.so

OMPL version : 1.0.0

OMPL library_dirs : 

catkin_INCLUDE_DIRS : /home/administrator/ci/ci/team/workspace/devel/include/home/administrator/ci/ci/team/workspace/src/catkin/lula/internal/lula_optimization/home/administrator/ci/ci/team/workspace/src/catkin/lula/internal/lula_util/home/administrator/ci/ci/team/workspace/src/catkin/lula/internal/lula_util/external/home/administrator/ci/ci/team/workspace/src/catkin/lula/internal/lula_differential_geometry/home/administrator/ci/ci/team/workspace/src/catkin/lula/internal/ros/lula_task/home/administrator/ci/ci/team/workspace/src/catkin/lula/internal/ros/lula_kinematics/home/administrator/ci/ci/team/workspace/src/catkin/lula/external/lula_ros_util/home/administrator/ci/ci/team/workspace/src/catkin/lula/external/lula_common/home/administrator/ci/ci/team/workspace/src/catkin/lula/internal/ros/lula_rt/home/administrator/ci/ci/team/workspace/src/catkin/lula/internal/lula_motion/home/administrator/ci/ci/team/workspace/src/catkin/lula/external/lula_world/home/administrator/ci/ci/team/workspace/src/catkin/lula/internal/ros/lula_world_internal/home/administrator/ci/ci/team/workspace/src/catkin/manipulation/riemo_electrical_fields/visualization_3d/include/home/administrator/ci/ci/team/workspace/src/catkin/manipulation/riemo_electrical_fields/rieef_utils/include/home/administrator/ci/ci/team/workspace/src/catkin/lula/internal/ros/lula_apollo_internal/opt/ros/indigo/include/usr/include/usr/include/eigen3

 *** CMAKE_CXX_FLAGS: -std=c++11  -g 

-- +++ processing catkin package: 'signed_distance_field'

-- ==> add_subdirectory(catkin/manipulation/riemo_electrical_fields/signed_distance_field)

-- Using these message generators: gencpp;genlisp;genpy

-- Eigen found (include: /usr/include/eigen3)

Eigen include_dirs: /usr/include/eigen3

Eigen libraries: 

Eigen version : 

-- Boost version: 1.54.0

-- Found the following Boost libraries:

--   system

--   filesystem

--   thread

--   date_time

--   iostreams

--   serialization

--   chrono

-- checking for module 'openni-dev'

--   package 'openni-dev' not found

-- checking for module 'openni2-dev'

--   package 'openni2-dev' not found

** WARNING ** io features related to pcap will be disabled

** WARNING ** io features related to png will be disabled

-- checking for module 'openni-dev'

--   package 'openni-dev' not found

-- checking for module 'openni2-dev'

--   package 'openni2-dev' not found

-- looking for PCL_COMMON

-- looking for PCL_KDTREE

-- looking for PCL_OCTREE

-- looking for PCL_SEARCH

-- looking for PCL_SURFACE

-- looking for PCL_SAMPLE_CONSENSUS

-- looking for PCL_FILTERS

-- looking for PCL_FEATURES

-- looking for PCL_KEYPOINTS

-- looking for PCL_GEOMETRY

-- looking for PCL_IO

-- looking for PCL_VISUALIZATION

-- looking for PCL_SEGMENTATION

-- looking for PCL_PEOPLE

-- looking for PCL_REGISTRATION

-- looking for PCL_RECOGNITION

-- looking for PCL_OUTOFCORE

-- looking for PCL_TRACKING

PCL version : 1.7.2

PCL include_dirs: /usr/local/include/pcl-1.7/usr/include/eigen3/usr/include/usr/include/ni/usr/include/openni2/usr/include/vtk-5.8

PCL libraries: /usr/lib/x86_64-linux-gnu/libboost_system.so/usr/lib/x86_64-linux-gnu/libboost_filesystem.so/usr/lib/x86_64-linux-gnu/libboost_thread.so/usr/lib/x86_64-linux-gnu/libboost_date_time.so/usr/lib/x86_64-linux-gnu/libboost_iostreams.so/usr/lib/x86_64-linux-gnu/libboost_serialization.so/usr/lib/x86_64-linux-gnu/libboost_chrono.so/usr/lib/x86_64-linux-gnu/libpthread.sooptimized/usr/local/lib/libpcl_common.sodebug/usr/local/lib/libpcl_common.sooptimized/usr/lib/x86_64-linux-gnu/libflann_cpp_s.adebug/usr/lib/x86_64-linux-gnu/libflann_cpp_s.aoptimized/usr/local/lib/libpcl_kdtree.sodebug/usr/local/lib/libpcl_kdtree.sooptimized/usr/local/lib/libpcl_octree.sodebug/usr/local/lib/libpcl_octree.sooptimized/usr/local/lib/libpcl_search.sodebug/usr/local/lib/libpcl_search.sooptimized/usr/lib/x86_64-linux-gnu/libqhull.sodebug/usr/lib/x86_64-linux-gnu/libqhull.sooptimized/usr/local/lib/libpcl_surface.sodebug/usr/local/lib/libpcl_surface.sooptimized/usr/local/lib/libpcl_sample_consensus.sodebug/usr/local/lib/libpcl_sample_consensus.sooptimized/usr/local/lib/libpcl_filters.sodebug/usr/local/lib/libpcl_filters.sooptimized/usr/local/lib/libpcl_features.sodebug/usr/local/lib/libpcl_features.sooptimized/usr/local/lib/libpcl_keypoints.sodebug/usr/local/lib/libpcl_keypoints.so/usr/lib/libOpenNI.so/usr/lib/libOpenNI2.sovtkCommonvtkFilteringvtkImagingvtkGraphicsvtkGenericFilteringvtkIOvtkRenderingvtkVolumeRenderingvtkHybridvtkWidgetsvtkParallelvtkInfovisvtkGeovisvtkViewsvtkChartsoptimized/usr/local/lib/libpcl_io.sodebug/usr/local/lib/libpcl_io.sooptimized/usr/local/lib/libpcl_visualization.sodebug/usr/local/lib/libpcl_visualization.sooptimized/usr/local/lib/libpcl_segmentation.sodebug/usr/local/lib/libpcl_segmentation.sooptimized/usr/local/lib/libpcl_people.sodebug/usr/local/lib/libpcl_people.sooptimized/usr/local/lib/libpcl_registration.sodebug/usr/local/lib/libpcl_registration.sooptimized/usr/local/lib/libpcl_recognition.sodebug/usr/local/lib/libpcl_recognition.sooptimized/usr/local/lib/libpcl_outofcore.sodebug/usr/local/lib/libpcl_outofcore.sooptimized/usr/local/lib/libpcl_tracking.sodebug/usr/local/lib/libpcl_tracking.so/usr/lib/x86_64-linux-gnu/libboost_system.so/usr/lib/x86_64-linux-gnu/libboost_filesystem.so/usr/lib/x86_64-linux-gnu/libboost_thread.so/usr/lib/x86_64-linux-gnu/libboost_date_time.so/usr/lib/x86_64-linux-gnu/libboost_iostreams.so/usr/lib/x86_64-linux-gnu/libboost_serialization.so/usr/lib/x86_64-linux-gnu/libboost_chrono.so/usr/lib/x86_64-linux-gnu/libpthread.sooptimized/usr/lib/x86_64-linux-gnu/libqhull.sodebug/usr/lib/x86_64-linux-gnu/libqhull.so/usr/lib/libOpenNI.so/usr/lib/libOpenNI2.sooptimized/usr/lib/x86_64-linux-gnu/libflann_cpp_s.adebug/usr/lib/x86_64-linux-gnu/libflann_cpp_s.avtkCommonvtkFilteringvtkImagingvtkGraphicsvtkGenericFilteringvtkIOvtkRenderingvtkVolumeRenderingvtkHybridvtkWidgetsvtkParallelvtkInfovisvtkGeovisvtkViewsvtkCharts

catkin_INCLUDE_DIRS : /home/administrator/ci/ci/team/workspace/devel/include/home/administrator/ci/ci/team/workspace/src/catkin/manipulation/riemo_electrical_fields/visualization_3d/include/home/administrator/ci/ci/team/workspace/src/catkin/lula/internal/lula_motion/home/administrator/ci/ci/team/workspace/src/catkin/lula/internal/lula_util/home/administrator/ci/ci/team/workspace/src/catkin/lula/internal/lula_util/external/home/administrator/ci/ci/team/workspace/src/catkin/lula/internal/lula_differential_geometry/home/administrator/ci/ci/team/workspace/src/catkin/lula/internal/lula_optimization/home/administrator/ci/ci/team/workspace/src/catkin/lula/internal/ros/lula_kinematics/home/administrator/ci/ci/team/workspace/src/catkin/lula/external/lula_ros_util/home/administrator/ci/ci/team/workspace/src/catkin/lula/external/lula_common/home/administrator/ci/ci/team/workspace/src/catkin/lula/internal/ros/lula_rt/home/administrator/ci/ci/team/workspace/src/catkin/lula/internal/ros/lula_task/home/administrator/ci/ci/team/workspace/src/catkin/lula/external/lula_world/home/administrator/ci/ci/team/workspace/src/catkin/lula/internal/ros/lula_world_internal/home/administrator/ci/ci/team/workspace/src/catkin/lula/internal/lula_workspace/home/administrator/ci/ci/team/workspace/src/catkin/manipulation/riemo_electrical_fields/geodesic_flow/include/home/administrator/ci/ci/team/workspace/src/catkin/manipulation/riemo_electrical_fields/rieef_utils/include/home/administrator/ci/ci/team/workspace/src/catkin/lula/internal/ros/lula_apollo_internal/home/administrator/ci/ci/team/workspace/src/catkin/manipulation/riemo_electrical_fields/moveit_distance_field/include/opt/ros/indigo/include/usr/include/usr/include/eigen3/usr/include/pcl-1.7

-- +++ processing catkin package: 'rieef_ros'

-- ==> add_subdirectory(catkin/manipulation/riemo_electrical_fields/rieef_ros)

-- Using these message generators: gencpp;genlisp;genpy

-- Eigen found (include: /usr/include/eigen3)

Eigen include_dirs: /usr/include/eigen3

Eigen libraries: 

Eigen version : 

catkin_INCLUDE_DIRS : /home/administrator/ci/ci/team/workspace/devel/include/home/administrator/ci/ci/team/workspace/src/catkin/manipulation/riemo_electrical_fields/sampling_based_planning/include/home/administrator/ci/ci/team/workspace/src/catkin/lula/internal/lula_optimization/home/administrator/ci/ci/team/workspace/src/catkin/lula/internal/lula_util/home/administrator/ci/ci/team/workspace/src/catkin/lula/internal/lula_util/external/home/administrator/ci/ci/team/workspace/src/catkin/lula/internal/lula_differential_geometry/home/administrator/ci/ci/team/workspace/src/catkin/lula/internal/ros/lula_task/home/administrator/ci/ci/team/workspace/src/catkin/lula/internal/ros/lula_kinematics/home/administrator/ci/ci/team/workspace/src/catkin/lula/external/lula_ros_util/home/administrator/ci/ci/team/workspace/src/catkin/lula/external/lula_common/home/administrator/ci/ci/team/workspace/src/catkin/lula/internal/ros/lula_rt/home/administrator/ci/ci/team/workspace/src/catkin/lula/internal/lula_motion/home/administrator/ci/ci/team/workspace/src/catkin/lula/external/lula_world/home/administrator/ci/ci/team/workspace/src/catkin/lula/internal/ros/lula_world_internal/home/administrator/ci/ci/team/workspace/src/catkin/manipulation/riemo_electrical_fields/rieef_utils/include/home/administrator/ci/ci/team/workspace/src/catkin/lula/internal/ros/lula_apollo_internal/home/administrator/ci/ci/team/workspace/src/catkin/manipulation/riemo_electrical_fields/geodesic_flow/include/home/administrator/ci/ci/team/workspace/src/catkin/lula/internal/lula_workspace/home/administrator/ci/ci/team/workspace/src/catkin/manipulation/riemo_electrical_fields/visualization_3d/include/home/administrator/ci/ci/team/workspace/src/catkin/manipulation/riemo_electrical_fields/signed_distance_field/include/home/administrator/ci/ci/team/workspace/src/catkin/manipulation/riemo_electrical_fields/moveit_distance_field/include/opt/ros/indigo/include/usr/include/usr/include/eigen3/usr/include/pcl-1.7

*** CMAKE_CXX_FLAGS : -std=c++11  -O3 ***

-- +++ processing catkin package: 'condor_interface'

-- ==> add_subdirectory(catkin/manipulation/riemo_electrical_fields/condor_interface)

-- Using these message generators: gencpp;genlisp;genpy

CMAKE_MODULE_PATH = /home/administrator/ci/ci/team/workspace/src/catkin/manipulation/riemo_electrical_fields/condor_interface/../cmake/Modules

GLOG include_dirs: 

GLOG libraries: glog

GLOG version : 0.3.3

GLOG library_dirs : 

-- Found gflags: /usr/lib/x86_64-linux-gnu/libgflags.so

-- Found headers: /usr/include

GFLAGS include_dirs: /usr/include

GFLAGS libraries: /usr/lib/x86_64-linux-gnu/libgflags.so

GFLAGS version : 

GFLAGS library_dirs : 

-- Boost version: 1.54.0

-- Found the following Boost libraries:

--   filesystem

--   serialization

HT_CONDOR_ORCHEST_FOUND : FALSE

HT_CONDOR_ORCHEST include_dirs: HT_CONDOR_ORCHEST_INCLUDE_DIRS-NOTFOUND

HT_CONDOR_ORCHEST libraries : HT_CONDOR_ORCHEST_LIBRARIES-NOTFOUND

HT_CONDOR_ORCHEST version : 

HT_CONDOR_ORCHEST library_dirs : 

-- Does not use htcondor

catkin_INCLUDE_DIRS : /opt/ros/indigo/include/usr/include

 *** CMAKE_CXX_FLAGS: -std=c++11  

-- +++ processing catkin package: 'rieef_programs'

-- ==> add_subdirectory(catkin/manipulation/riemo_electrical_fields/rieef_programs)

-- Using these message generators: gencpp;genlisp;genpy

-- Eigen found (include: /usr/include/eigen3)

Eigen include_dirs: /usr/include/eigen3

Eigen libraries: 

Eigen version : 

catkin_INCLUDE_DIRS : /home/administrator/ci/ci/team/workspace/devel/include/home/administrator/ci/ci/team/workspace/src/catkin/manipulation/riemo_electrical_fields/sampling_based_planning/include/home/administrator/ci/ci/team/workspace/src/catkin/lula/internal/lula_optimization/home/administrator/ci/ci/team/workspace/src/catkin/lula/internal/lula_util/home/administrator/ci/ci/team/workspace/src/catkin/lula/internal/lula_util/external/home/administrator/ci/ci/team/workspace/src/catkin/lula/internal/lula_differential_geometry/home/administrator/ci/ci/team/workspace/src/catkin/lula/internal/ros/lula_task/home/administrator/ci/ci/team/workspace/src/catkin/lula/internal/ros/lula_kinematics/home/administrator/ci/ci/team/workspace/src/catkin/lula/external/lula_ros_util/home/administrator/ci/ci/team/workspace/src/catkin/lula/external/lula_common/home/administrator/ci/ci/team/workspace/src/catkin/lula/internal/ros/lula_rt/home/administrator/ci/ci/team/workspace/src/catkin/lula/internal/lula_motion/home/administrator/ci/ci/team/workspace/src/catkin/lula/external/lula_world/home/administrator/ci/ci/team/workspace/src/catkin/lula/internal/ros/lula_world_internal/home/administrator/ci/ci/team/workspace/src/catkin/manipulation/riemo_electrical_fields/rieef_utils/include/home/administrator/ci/ci/team/workspace/src/catkin/lula/internal/ros/lula_apollo_internal/home/administrator/ci/ci/team/workspace/src/catkin/manipulation/riemo_electrical_fields/geodesic_flow/include/home/administrator/ci/ci/team/workspace/src/catkin/lula/internal/lula_workspace/home/administrator/ci/ci/team/workspace/src/catkin/manipulation/riemo_electrical_fields/visualization_3d/include/home/administrator/ci/ci/team/workspace/src/catkin/manipulation/riemo_electrical_fields/signed_distance_field/include/home/administrator/ci/ci/team/workspace/src/catkin/manipulation/riemo_electrical_fields/moveit_distance_field/include/home/administrator/ci/ci/team/workspace/src/catkin/manipulation/riemo_electrical_fields/rieef_ros/include/opt/ros/indigo/include/usr/include/usr/include/eigen3/usr/include/pcl-1.7

*** CMAKE_CXX_FLAGS : -std=c++11  -O3 ***

-- +++ processing catkin package: 'rieef_demos'

-- ==> add_subdirectory(catkin/manipulation/riemo_electrical_fields/rieef_demos)

-- Using these message generators: gencpp;genlisp;genpy

-- Eigen found (include: /usr/include/eigen3)

Eigen include_dirs: /usr/include/eigen3

Eigen libraries: 

Eigen version : 

-- +++ processing catkin package: 'baxter_examples'

-- ==> add_subdirectory(catkin/lula/third_party/baxter_examples)

-- Using these message generators: gencpp;genlisp;genpy

-- +++ processing catkin package: 'yaml_cpp'

-- ==> add_subdirectory(catkin/third_party/YAML_CPP)

-- Boost version: 1.54.0

-- +++ processing catkin package: 'facial_expressions'

-- ==> add_subdirectory(catkin/emotions/facial_expressions)

-- MACHTYPE x86_64

Detected MACHTYPE=x86_64

CMake Warning at cmake/sl_cmake_global/LAB.cmake:181 (message):

  HERMES HOSTS SET TO ATHENA-ROBOT IN SRC/CMAKE/SL_CMAKE_GLOBAL/LAB.CMAKE

Call Stack (most recent call first):

  catkin/emotions/facial_expressions/CMakeLists.txt:6 (include)





-- HOST_NAME=everest

-- HOST=everest

-- LAB=AMD

-- CMAKE_C_FLAGS=-Wall -Wno-unused -Wno-strict-aliasing 

-- CMAKE_CPP_FLAGS=-Wall -Wno-unused -Wno-strict-aliasing 

-- CMAKE_INCLUDE_PATH=

-- CMAKE_LIBRARY_PATH=

-- LAB_STD_LIBS=pthread;rt;edit;curses;nsl;glut;GL;GLU;X11;Xmu;m

-- LAB_LIBDIR=lib/x86_64

-- LAB_INCLUDES=include

-- LAB_BINDIR=bin/x86_64

-- Using these message generators: gencpp;genlisp;genpy

-- facial_expressions: 0 messages, 1 services

-- Configuring done

-- Generating done

-- Build files have been written to: /home/administrator/ci/ci/team/workspace/build

Scanning dependencies of target gtest

[  0%] [  0%] [  0%] [  0%] Built target std_msgs_generate_messages_cpp

Built target _catkin_empty_exported_target

Built target std_msgs_generate_messages_lisp

Building CXX object gtest/CMakeFiles/gtest.dir/src/gtest-all.cc.o

[  0%] [  0%] [  0%] [  1%] [  3%] [  3%] Built target moveit_msgs_generate_messages_py

Built target geometry_msgs_generate_messages_py

Built target std_msgs_generate_messages_py

Built target geometry_msgs_generate_messages_lisp

Built target yaml-cpp

Built target geometry_msgs_generate_messages_cpp

[  3%] Built target sensor_msgs_generate_messages_lisp

[  3%] [  3%] Built target sensor_msgs_generate_messages_cpp

Built target sensor_msgs_generate_messages_py

[  3%] [  3%] [  3%] [  3%] [  3%] [  3%] Built target _dbot_ros_msgs_generate_messages_check_deps_FindObject

Built target _dbot_ros_msgs_generate_messages_check_deps_TrackObject

Built target _dbot_ros_msgs_generate_messages_check_deps_ObjectsState

Built target _dbot_ros_msgs_generate_messages_check_deps_ObjectState

Built target _dbot_ros_msgs_generate_messages_check_deps_ObjectOri

Built target _dbot_ros_msgs_generate_messages_check_deps_RunObjectTracker

[  3%] Built target _amd_clmc_ros_messages_generate_messages_check_deps_NavigationTarget

[  3%] Built target _amd_clmc_ros_messages_generate_messages_check_deps_ResetBreakaway

[  3%] [  3%] Built target _amd_clmc_ros_messages_generate_messages_check_deps_AccelerationFeedbackExperimentStatus

Built target _amd_clmc_ros_messages_generate_messages_check_deps_BoundingPoints

[  3%] [  3%] Built target _amd_clmc_ros_messages_generate_messages_check_deps_DriftingControllerDataStatus

Built target _amd_clmc_ros_messages_generate_messages_check_deps_OfflineLearningControl

[  3%] [  3%] Built target _amd_clmc_ros_messages_generate_messages_check_deps_Goto_command

Built target _amd_clmc_ros_messages_generate_messages_check_deps_RtNetwork

[  3%] [  3%] Built target _amd_clmc_ros_messages_generate_messages_check_deps_PolicyControllerParamsService

Built target _amd_clmc_ros_messages_generate_messages_check_deps_CalibratePressureSensorsStatus

[  3%] [  3%] Built target _amd_clmc_ros_messages_generate_messages_check_deps_ExperimentParams

Built target _amd_clmc_ros_messages_generate_messages_check_deps_GraspControllerStatus

[  3%] Built target _amd_clmc_ros_messages_generate_messages_check_deps_BiotacData

[  3%] Built target _amd_clmc_ros_messages_generate_messages_check_deps_SwitchControllerStack

[  3%] [  3%] Built target _amd_clmc_ros_messages_generate_messages_check_deps_Volumes

Built target _amd_clmc_ros_messages_generate_messages_check_deps_AvgPressureSensors

[  3%] Built target _amd_clmc_ros_messages_generate_messages_check_deps_QueryControllerStatus

[  3%] [  3%] Built target _amd_clmc_ros_messages_generate_messages_check_deps_UpdateStrainGagesCalibration

Built target _amd_clmc_ros_messages_generate_messages_check_deps_IncreaseMaxFingerTorque

[  3%] Built target _amd_clmc_ros_messages_generate_messages_check_deps_ImageCoordinates

[  3%] Built target _amd_clmc_ros_messages_generate_messages_check_deps_LqrControllerDataStatus

[  3%] Built target _amd_clmc_ros_messages_generate_messages_check_deps_Preshape

[  3%] Built target _amd_clmc_ros_messages_generate_messages_check_deps_LabeledPoint

[  3%] Built target _amd_clmc_ros_messages_generate_messages_check_deps_PressureSensors

[  3%] [  3%] Built target _amd_clmc_ros_messages_generate_messages_check_deps_Acceleration

[  3%] Built target _amd_clmc_ros_messages_generate_messages_check_deps_CartesianTrajectory

[  3%] Built target _amd_clmc_ros_messages_generate_messages_check_deps_CalibrateForceTorqueSensor

Built target _amd_clmc_ros_messages_generate_messages_check_deps_ObstaclePoints

[  3%] Built target _amd_clmc_ros_messages_generate_messages_check_deps_PolicyControllerDataStatus

[  3%] [  3%] Built target _amd_clmc_ros_messages_generate_messages_check_deps_GraspPoses

Built target _amd_clmc_ros_messages_generate_messages_check_deps_DriftingControllerParamsService

[  3%] Built target _amd_clmc_ros_messages_generate_messages_check_deps_TrajectoryStatus

[  3%] [  3%] [  3%] Built target _amd_clmc_ros_messages_generate_messages_check_deps_ExperimentGeneratorParamsService

Built target _amd_clmc_ros_messages_generate_messages_check_deps_DriftingControllerStatus

[  3%] Built target _amd_clmc_ros_messages_generate_messages_check_deps_CartesianTrajectoryPoint

[  3%] Built target _amd_clmc_ros_messages_generate_messages_check_deps_PointArrayArray

Built target _amd_clmc_ros_messages_generate_messages_check_deps_LookAtParams

[  3%] [  3%] [  3%] [  3%] [  3%] Built target _amd_clmc_ros_messages_generate_messages_check_deps_ColorRange

Built target _amd_clmc_ros_messages_generate_messages_check_deps_BiotacFingerData

Built target _amd_clmc_ros_messages_generate_messages_check_deps_LookAtStatus

Built target _amd_clmc_ros_messages_generate_messages_check_deps_CollectDataStatus

Built target _amd_clmc_ros_messages_generate_messages_check_deps_DMPControllerStatus

[  3%] [  3%] Built target _amd_clmc_ros_messages_generate_messages_check_deps_RtNetworkLayer

Built target _amd_clmc_ros_messages_generate_messages_check_deps_OfflineNetwork

[  3%] Built target _amd_clmc_ros_messages_generate_messages_check_deps_CalibratePressureSensors

[  3%] Built target _amd_clmc_ros_messages_generate_messages_check_deps_Extrems

[  3%] Built target _amd_clmc_ros_messages_generate_messages_check_deps_NetworkLayer

[  3%] Built target _amd_clmc_ros_messages_generate_messages_check_deps_DMPCommand

[  3%] Built target _amd_clmc_ros_messages_generate_messages_check_deps_ScaledLqr

[  3%] Built target _amd_clmc_ros_messages_generate_messages_check_deps_ViconQuery

[  3%] [  3%] [  3%] Built target _amd_clmc_ros_messages_generate_messages_check_deps_TrajectoryPoint

[  3%] [  3%] Built target _amd_clmc_ros_messages_generate_messages_check_deps_UpdateStrainGagesCalibrationStatus

Built target _amd_clmc_ros_messages_generate_messages_check_deps_GraspControllerParams

Built target _amd_clmc_ros_messages_generate_messages_check_deps_DMPControllerParams

Built target _amd_clmc_ros_messages_generate_messages_check_deps_SetPoses

[  3%] [  3%] Built target _amd_clmc_ros_messages_generate_messages_check_deps_Path

Built target _amd_clmc_ros_messages_generate_messages_check_deps_SetVisualToolTracking

[  3%] Built target _amd_clmc_ros_messages_generate_messages_check_deps_ContinuousTrajectoryStatus

[  3%] [  3%] Built target _amd_clmc_ros_messages_generate_messages_check_deps_ContinuousTrajectoryPoint

Built target _amd_clmc_ros_messages_generate_messages_check_deps_BoundingPointsArray

[  3%] Built target _amd_clmc_ros_messages_generate_messages_check_deps_SetObjectOri

[  3%] Built target _amd_clmc_ros_messages_generate_messages_check_deps_EndEffectorPosition

[  3%] Built target _amd_clmc_ros_messages_generate_messages_check_deps_Imu

[  3%] [  3%] [  3%] Built target _amd_clmc_ros_messages_generate_messages_check_deps_AffinePolicy

Built target _amd_clmc_ros_messages_generate_messages_check_deps_DistanceFieldEval

Built target _amd_clmc_ros_messages_generate_messages_check_deps_FingerJointEncoderOffsetsStatus

[  3%] [  3%] [  3%] Built target _amd_clmc_ros_messages_generate_messages_check_deps_GraspStatus

[  3%] [  3%] [  3%] Built target _amd_clmc_ros_messages_generate_messages_check_deps_CalibrateAccelerometerSensorStatus

Built target _amd_clmc_ros_messages_generate_messages_check_deps_InverseDynamicsBatchNetworkControllerStatus

Built target _amd_clmc_ros_messages_generate_messages_check_deps_OfflineDataStatus

Built target _amd_clmc_ros_messages_generate_messages_check_deps_DriftingControllerParams

Built target _amd_clmc_ros_messages_generate_messages_check_deps_CartesianGains

[  3%] Built target _amd_clmc_ros_messages_generate_messages_check_deps_LqrControllerParams

[  3%] Built target _amd_clmc_ros_messages_generate_messages_check_deps_OnlineDataStatus

[  3%] Built target _amd_clmc_ros_messages_generate_messages_check_deps_ChordEllipsoid

[  3%] [  3%] Built target _amd_clmc_ros_messages_generate_messages_check_deps_DistanceFieldQueries

Built target _amd_clmc_ros_messages_generate_messages_check_deps_FingerJointEncoderOffsets

[  3%] Built target _amd_clmc_ros_messages_generate_messages_check_deps_OfflineLearningControlService

[  3%] [  3%] Built target _amd_clmc_ros_messages_generate_messages_check_deps_LinearQuadraticRegulatorParams

Built target _amd_clmc_ros_messages_generate_messages_check_deps_KeyPointBodyApprox

[  3%] Built target _amd_clmc_ros_messages_generate_messages_check_deps_Sphere

[  3%] Built target _amd_clmc_ros_messages_generate_messages_check_deps_Grasp

[  3%] [  3%] Built target _amd_clmc_ros_messages_generate_messages_check_deps_LqrControllerParamsService

Built target _amd_clmc_ros_messages_generate_messages_check_deps_EndEffectorState

[  3%] [  3%] [  3%] Built target _amd_clmc_ros_messages_generate_messages_check_deps_CalibrateBiotacSensorsStatus

Built target _amd_clmc_ros_messages_generate_messages_check_deps_FingerForceControlGains

Built target _amd_clmc_ros_messages_generate_messages_check_deps_ExtremsArray

[  3%] Built target _amd_clmc_ros_messages_generate_messages_check_deps_RectangularBox

[  3%] Built target _amd_clmc_ros_messages_generate_messages_check_deps_StrainGauge

[  3%] Built target _amd_clmc_ros_messages_generate_messages_check_deps_SpeedChange

[  3%] Built target _amd_clmc_ros_messages_generate_messages_check_deps_TaskFrame

[  3%] Built target _amd_clmc_ros_messages_generate_messages_check_deps_CalibrateAccelerometerSensor

[  3%] Built target _amd_clmc_ros_messages_generate_messages_check_deps_ViconData

[  3%] [  3%] Built target _amd_clmc_ros_messages_generate_messages_check_deps_RectangularBoxArray

Built target _amd_clmc_ros_messages_generate_messages_check_deps_ResetBreakawayStatus

[  3%] Built target _amd_clmc_ros_messages_generate_messages_check_deps_ControllerStatus

[  3%] Built target _amd_clmc_ros_messages_generate_messages_check_deps_CalibrateBiotacSensors

[  3%] [  3%] Built target _amd_clmc_ros_messages_generate_messages_check_deps_EnvironmentalObject

Built target _amd_clmc_ros_messages_generate_messages_check_deps_LinearQuadraticRegulatorStatus

[  3%] [  3%] [  3%] Built target _amd_clmc_ros_messages_generate_messages_check_deps_ObjectMass

Built target _amd_clmc_ros_messages_generate_messages_check_deps_OfflineParams

Built target _amd_clmc_ros_messages_generate_messages_check_deps_Matrix32

[  3%] Built target _amd_clmc_ros_messages_generate_messages_check_deps_PointArray

[  3%] [  4%] [  4%] Built target trajectory_msgs_generate_messages_py

Built target dbot_ros_msgs_generate_messages_py

Built target actionlib_msgs_generate_messages_cpp

[  4%] [  4%] [  4%] [  4%] [  4%] [  4%] Built target _amd_clmc_ros_messages_generate_messages_check_deps_Trajectory

Built target _amd_clmc_ros_messages_generate_messages_check_deps_ImageCoordinatesArray

Built target trajectory_msgs_generate_messages_cpp

Built target roscpp_generate_messages_lisp

Built target roscpp_generate_messages_py

Built target _amd_clmc_ros_messages_generate_messages_check_deps_Gains

[  4%] [  4%] [  4%] [  4%] [  4%] Built target _amd_clmc_ros_messages_generate_messages_check_deps_CalibrateForceTorqueSensorStatus

Built target shape_msgs_generate_messages_py

Built target _amd_clmc_ros_messages_generate_messages_check_deps_LinearQuadraticRegulator

Built target rosgraph_msgs_generate_messages_py

Built target roscpp_generate_messages_cpp

[  4%] [  4%] Built target _amd_clmc_ros_messages_generate_messages_check_deps_TrackingPose

Built target _amd_clmc_ros_messages_generate_messages_check_deps_InverseDynamicsBatchNetworkControllerParams

[  4%] [  4%] [  4%] [  4%] [  4%] [  4%] [  4%] [  4%] Built target rosgraph_msgs_generate_messages_lisp

Built target _amd_clmc_ros_messages_generate_messages_check_deps_OfflineParamsService

Built target octomap_msgs_generate_messages_cpp

Built target rosgraph_msgs_generate_messages_cpp

Built target shape_msgs_generate_messages_lisp

Built target actionlib_msgs_generate_messages_py

Built target _amd_clmc_ros_messages_generate_messages_check_deps_CollectData

Built target shape_msgs_generate_messages_cpp

[  4%] [  4%] [  4%] [  4%] [  4%] Built target trajectory_msgs_generate_messages_lisp

Built target octomap_msgs_generate_messages_py

[  4%] Built target object_recognition_msgs_generate_messages_cpp

Built target octomap_msgs_generate_messages_lisp

[  4%] Built target moveit_msgs_generate_messages_lisp

Built target object_recognition_msgs_generate_messages_py

Built target moveit_msgs_generate_messages_cpp

[  4%] Built target object_recognition_msgs_generate_messages_lisp

[  4%] Built target actionlib_msgs_generate_messages_lisp

[  4%] Built target _lula_ros_util_generate_messages_check_deps_RosVectorService

[  4%] [  4%] [  4%] [  4%] [  4%] [  4%] Built target _lula_controller_msgs_generate_messages_check_deps_ExperimentParams

[  4%] [  4%] [  4%] Built target _lula_controller_msgs_generate_messages_check_deps_KeyPointBodyApprox

Built target _lula_controller_msgs_generate_messages_check_deps_Detach

Built target _lula_controller_msgs_generate_messages_check_deps_IndexedControllersObstaclePoints

Built target _lula_controller_msgs_generate_messages_check_deps_State

Built target _lula_controller_msgs_generate_messages_check_deps_TaskSpaceCommand

[  4%] [  4%] Built target _lula_controller_msgs_generate_messages_check_deps_Lqr

Built target _lula_controller_msgs_generate_messages_check_deps_Sphere

Built target _lula_controller_msgs_generate_messages_check_deps_ActivationRequest

Built target _lula_ros_util_generate_messages_check_deps_RosVector

Built target _lula_controller_msgs_generate_messages_check_deps_JointPosVelAccCommand

[  4%] Built target _lula_controller_msgs_generate_messages_check_deps_SpeedChange

[  4%] Built target _lula_controller_msgs_generate_messages_check_deps_PosVelAccControllerParams

[  4%] [  4%] Built target _lula_controller_msgs_generate_messages_check_deps_PhaseLqr

Built target _lula_controller_msgs_generate_messages_check_deps_AffinePolicy

[  4%] Built target _lula_controller_msgs_generate_messages_check_deps_ControllersObstaclePoints

[  4%] [  4%] Built target _lula_controller_msgs_generate_messages_check_deps_AdaptiveControlData

Built target _lula_controller_msgs_generate_messages_check_deps_TaskSpaceStatus

[  4%] [  4%] Built target _lula_controller_msgs_generate_messages_check_deps_ScaledLqr

Built target _lula_controller_msgs_generate_messages_check_deps_LqrProblem

[  4%] [  4%] [  4%] [  4%] Built target _lula_controller_msgs_generate_messages_check_deps_ObstaclePoints

[  4%] Built target _lula_controller_msgs_generate_messages_check_deps_AttachmentStatus

Built target _lula_controller_msgs_generate_messages_check_deps_Attach

Built target _lula_controller_msgs_generate_messages_check_deps_DistanceFieldQueries

Built target _lula_controller_msgs_generate_messages_check_deps_Matrix32

[  4%] Built target _lula_controller_msgs_generate_messages_check_deps_EndEffectorPosition

[  4%] Built target _lula_controller_msgs_generate_messages_check_deps_ChordEllipsoid

[  4%] Built target _lula_controller_msgs_generate_messages_check_deps_LinearQuadraticRegulatorStatus

[  4%] Built target _lula_controller_msgs_generate_messages_check_deps_ExperimentGeneratorParamsService

[  4%] [  4%] [  4%] Built target _lula_controller_msgs_generate_messages_check_deps_StateTrajectory

Built target _lula_controller_msgs_generate_messages_check_deps_LinearQuadraticRegulatorParams

Built target _lula_controller_msgs_generate_messages_check_deps_AccelerationFeedbackExperimentStatus

[  4%] [  4%] Built target _lula_controller_msgs_generate_messages_check_deps_SwitchControllerStack

Built target _lula_controller_msgs_generate_messages_check_deps_EnvironmentalObject

[  4%] Built target _lula_controller_msgs_generate_messages_check_deps_LqrProblemOld

[  4%] [  4%] Built target _lula_controller_msgs_generate_messages_check_deps_StatePrediction

Built target _lula_controller_msgs_generate_messages_check_deps_TimeIndexedAffinePolicy

[  4%] [  4%] [  4%] Built target _lula_controller_msgs_generate_messages_check_deps_DistanceFieldEval

Built target _lula_controller_msgs_generate_messages_check_deps_LinearQuadraticRegulator

Built target _lula_controller_msgs_generate_messages_check_deps_SymmetricMatrix32

[  4%] Built target lula_ros_util_generate_messages_cpp

[  4%] [  4%] Built target _lula_controller_msgs_generate_messages_check_deps_LinearQuadraticRegulatorOld

Built target _lula_controller_msgs_generate_messages_check_deps_PartialPose

[  4%] [  4%] Built target _lula_controller_msgs_generate_messages_check_deps_LqrPhaseTrajectorySnippet

Built target topic_tools_generate_messages_py

[  4%] Built target _lula_controller_msgs_generate_messages_check_deps_TrackedObject

[  4%] [  4%] Built target _ellipsoid_msgs_generate_messages_check_deps_Ellipsoid

Built target _ellipsoid_msgs_generate_messages_check_deps_EllipsoidArray

[  4%] [  4%] [  4%] Built target actionlib_generate_messages_cpp

Built target _lula_world_msgs_generate_messages_check_deps_Object

[  4%] [  4%] Built target topic_tools_generate_messages_cpp

Built target _lula_world_msgs_generate_messages_check_deps_GetObject

Built target actionlib_generate_messages_lisp

[  4%] [  4%] Built target _lula_world_msgs_generate_messages_check_deps_News

Built target _lula_world_msgs_generate_messages_check_deps_GetObjects

[  4%] [  4%] Built target control_msgs_generate_messages_cpp

Built target actionlib_generate_messages_py

[  4%] Built target _lula_world_msgs_generate_messages_check_deps_RemoveObject

[  4%] [  4%] [  4%] Built target _lula_world_msgs_generate_messages_check_deps_DistanceFunctionDescriptor

[  4%] [  4%] [  4%] [  4%] [  4%] [  6%] Built target _lula_world_msgs_generate_messages_check_deps_ControlFrame

Built target _lula_world_msgs_generate_messages_check_deps_HasObject

Built target _lula_world_msgs_generate_messages_check_deps_AddObject

Built target control_msgs_generate_messages_lisp

Built target control_msgs_generate_messages_py

Built target tf2_msgs_generate_messages_py

Built target tf2_msgs_generate_messages_lisp

Built target ellipsoid_msgs_generate_messages_py

[  6%] [  6%] [  6%] Built target _lula_world_msgs_generate_messages_check_deps_Model

[  6%] [  6%] [  6%] Built target topic_tools_generate_messages_lisp

Built target ellipsoid_msgs_generate_messages_lisp

Built target tf_generate_messages_lisp

Built target visualization_msgs_generate_messages_py

Built target tf_generate_messages_cpp

[  6%] [  6%] [  6%] [  6%] [  6%] [  6%] [  6%] Built target pcl_msgs_generate_messages_py

Built target visualization_msgs_generate_messages_cpp

Built target visualization_msgs_generate_messages_lisp

Built target tf2_msgs_generate_messages_cpp

Built target pcl_msgs_generate_messages_cpp

Built target pcl_msgs_generate_messages_lisp

Built target tf_generate_messages_py

[  6%] Built target dstar

[  6%] [  6%] [  6%] [  9%] [  9%] [  9%] [  9%] Built target rt_utils

Built target nav_msgs_generate_messages_cpp

Built target map_msgs_generate_messages_lisp

Built target utility

Built target map_msgs_generate_messages_cpp

Built target nav_msgs_generate_messages_lisp

Built target map_msgs_generate_messages_py

[  9%] [  9%] Built target lockfree

Linking CXX shared library /home/administrator/ci/ci/team/workspace/devel/lib/libdbot_gpu.so

Built target nav_msgs_generate_messages_py

[  9%] Built target geometry_utils

[  9%] Built target dbot_ros_msgs_generate_messages_cpp

[  9%] [  9%] Built target roscpp_utilities

[  9%] [ 18%] [ 18%] [ 18%] Built target dbot_ros_msgs_generate_messages_lisp

Built target lula_ros_util_generate_messages_lisp

Built target _lula_apollo_internal_generate_messages_check_deps_GraspCommander

Built target lula_ros_util_generate_messages_py

Built target amd_clmc_ros_messages_generate_messages_cpp

[ 32%] [ 36%] [ 38%] [ 43%] [ 43%] Built target amd_clmc_ros_messages_generate_messages_lisp

Built target amd_clmc_ros_messages_generate_messages_py

Built target lula_util

Built target lula_controller_msgs_generate_messages_cpp

Built target ellipsoid_msgs_generate_messages_cpp

[ 43%] [ 50%] [ 50%] Built target _usc_utilities_generate_messages_check_deps_AccumulatedTrialStatistics

Built target lula_controller_msgs_generate_messages_py

[ 50%] [ 50%] [ 52%] [ 52%] Built target lula_controller_msgs_generate_messages_lisp

Built target lula_apollo_internal_generate_messages_cpp

Built target lula_world_msgs_generate_messages_cpp

Built target lula_world_msgs_generate_messages_lisp

Built target lula_world_msgs_generate_messages_py

[ 52%] [ 52%] [ 53%] Built target lula_apollo_internal_generate_messages_py

[ 55%] Built target lwpr

Built target lula_apollo_internal_generate_messages_lisp

Built target dbot

[ 55%] [ 55%] [ 55%] Built target usc_utilities_generate_messages_lisp

Built target graph_search

[ 55%] Built target usc_utilities_generate_messages_py

[ 55%] Built target usc_utilities_generate_messages_cpp

[ 55%] Built target rosrt

Built target amd_clmc_log

Scanning dependencies of target test_sl_conversions

[ 55%] Built target lula_testing

[ 55%] Building CXX object catkin/controller_manager/core-sl-ros/sl_conversions/CMakeFiles/test_sl_conversions.dir/test/test_sl_conversions.cpp.o

[ 56%] Built target usc_utilities

[ 56%] [ 56%] [ 56%] Built target learning_control

Built target lula_common

Built target lula_world

[ 58%] Built target lula_rt

[ 58%] Built target dbot_gpu

[ 58%] Built target robot_info

[ 60%] Built target visual_servoing

[ 60%] Built target lula_ros_util

[ 63%] Built target lula_differential_geometry

[ 64%] Built target sl_controller_interface

[ 64%] Built target lula_differential_geometry_testing

[ 66%] Built target lula_optimization

[ 67%] Built target lula_world_internal

[ 69%] Built target lula_motion

[ 70%] Built target lula_kinematics

[ 70%] Built target lula_workspace

[ 75%] Built target lula_visualization

[ 81%] Built target lula_task

[ 81%] Built target lula_apollo_internal

[ 81%] Built target rieef_utils

[ 81%] Built target visualization_3d

[ 83%] Built target geodesic_flow

[ 84%] Built target moveit_distance_field

[ 84%] Built target sampling_based_planning

Linking CXX executable /home/administrator/ci/ci/team/workspace/devel/lib/sl_conversions/test_sl_conversions

[ 84%] Built target signed_distance_field

[ 84%] Built target test_sl_conversions

Linking CXX shared library libgtest.so

[ 84%] Built target gtest

Scanning dependencies of target gtest_main

[ 86%] Building CXX object gtest/CMakeFiles/gtest_main.dir/src/gtest_main.cc.o

Linking CXX shared library libgtest_main.so

[ 86%] Built target gtest_main

Scanning dependencies of target test_shared_pointers

Scanning dependencies of target options_test

Scanning dependencies of target descriptor_test

Scanning dependencies of target scalar_matrix_test

[ 86%] Scanning dependencies of target exponential_scalar_smoother_utest

[ 86%] [ 86%] [ 86%] Building CXX object catkin/core-perception/fl/test/CMakeFiles/descriptor_test.dir/utils/descriptor_test.cpp.o

Scanning dependencies of target meta_test

Building CXX object catkin/core-perception/fl/test/CMakeFiles/scalar_matrix_test.dir/utils/scalar_matrix_test.cpp.o

Building CXX object catkin/manipulation/riemo_electrical_fields/signed_distance_field/CMakeFiles/test_shared_pointers.dir/test/test_shared_pointers.cpp.o

Scanning dependencies of target traits_test

[ 86%] [ 86%] Building CXX object catkin/core-perception/fl/test/CMakeFiles/options_test.dir/utils/options_test.cpp.o

Building CXX object catkin/lula/internal/lula_util/CMakeFiles/exponential_scalar_smoother_utest.dir/lula/util/estimation/exponential_scalar_smoother_utest.cpp.o

Scanning dependencies of target la_square_root_test

Scanning dependencies of target la_smw_inversion_test

Scanning dependencies of target join_test

Scanning dependencies of target la_is_diagonal_test

[ 86%] Scanning dependencies of target sp_normal_to_uniform_test

Scanning dependencies of target linear_gaussian_sensor_test

Scanning dependencies of target linear_uncorrelated_gaussian_sensor_test

Building CXX object catkin/core-perception/fl/test/CMakeFiles/meta_test.dir/utils/meta_test.cpp.o

[ 86%] [ 86%] [ 86%] [ 86%] Scanning dependencies of target body_tail_sensor_test

Building CXX object catkin/core-perception/fl/test/CMakeFiles/traits_test.dir/utils/traits_test.cpp.o

Building CXX object catkin/core-perception/fl/test/CMakeFiles/la_smw_inversion_test.dir/utils/linear_algebra_smw_inversion_test.cpp.o

Building CXX object catkin/core-perception/fl/test/CMakeFiles/la_square_root_test.dir/utils/linear_algebra_square_root_test.cpp.o

[ 86%] Building CXX object catkin/core-perception/fl/test/CMakeFiles/join_test.dir/utils/join_test.cpp.o

Building CXX object catkin/core-perception/fl/test/CMakeFiles/la_is_diagonal_test.dir/utils/linear_algebra_is_diagonal_test.cpp.o

[ 86%] [ 86%] Linking CXX executable /home/administrator/ci/ci/team/workspace/devel/lib/signed_distance_field/test_shared_pointers

Scanning dependencies of target joint_sensor_iid_test

Building CXX object catkin/core-perception/fl/test/CMakeFiles/linear_uncorrelated_gaussian_sensor_test.dir/model/sensor/linear_uncorrelated_gaussian_sensor_test.cpp.o

Building CXX object catkin/core-perception/fl/test/CMakeFiles/linear_gaussian_sensor_test.dir/model/sensor/linear_gaussian_sensor_test.cpp.o

Building CXX object catkin/core-perception/fl/test/CMakeFiles/sp_normal_to_uniform_test.dir/utils/special_functions_normal_to_uniform_test.cpp.o

[ 86%] Building CXX object catkin/core-perception/fl/test/CMakeFiles/body_tail_sensor_test.dir/model/sensor/body_tail_sensor_test.cpp.o

[ 86%] Building CXX object catkin/core-perception/fl/test/CMakeFiles/joint_sensor_iid_test.dir/model/sensor/joint_sensor_iid_test.cpp.o

Linking CXX executable /home/administrator/ci/ci/team/workspace/devel/lib/fl/descriptor_test

[ 86%] Built target test_shared_pointers

Linking CXX executable /home/administrator/ci/ci/team/workspace/devel/lib/fl/options_test

Scanning dependencies of target linear_transition_test

[ 86%] [ 86%] Built target descriptor_test

Building CXX object catkin/core-perception/fl/test/CMakeFiles/linear_transition_test.dir/model/transition/linear_transition_test.cpp.o

[ 86%] Built target options_test

Scanning dependencies of target orientation_transition_function_test

[ 86%] Building CXX object catkin/core-perception/fl/test/CMakeFiles/orientation_transition_function_test.dir/model/transition/orientation_transition_function_test.cpp.o

Scanning dependencies of target binary_transition_density_test

[ 86%] Building CXX object catkin/core-perception/fl/test/CMakeFiles/binary_transition_density_test.dir/model/binary_transition_density_test.cpp.o

Linking CXX executable /home/administrator/ci/ci/team/workspace/devel/lib/fl/join_test

Linking CXX executable /home/administrator/ci/ci/team/workspace/devel/lib/fl/sp_normal_to_uniform_test

[ 86%] Built target sp_normal_to_uniform_test

Linking CXX executable /home/administrator/ci/ci/team/workspace/devel/lib/fl/traits_test

[ 86%] Built target join_test

Scanning dependencies of target filter_interface_test

Scanning dependencies of target gaussian_distribution_test

[ 86%] Building CXX object catkin/core-perception/fl/test/CMakeFiles/filter_interface_test.dir/filter_interface/filter_interface_test.cpp.o

[ 86%] Building CXX object catkin/core-perception/fl/test/CMakeFiles/gaussian_distribution_test.dir/distribution/gaussian_test.cpp.o

[ 86%] Built target traits_test

Linking CXX executable /home/administrator/ci/ci/team/workspace/devel/lib/fl/meta_test

Scanning dependencies of target decorrelated_gaussian_distribution_test

[ 86%] Building CXX object catkin/core-perception/fl/test/CMakeFiles/decorrelated_gaussian_distribution_test.dir/distribution/decorrelated_gaussian_test.cpp.o

Linking CXX executable /home/administrator/ci/ci/team/workspace/devel/lib/fl/scalar_matrix_test

[ 86%] Built target meta_test

Scanning dependencies of target discrete_distribution_test

[ 86%] Building CXX object catkin/core-perception/fl/test/CMakeFiles/discrete_distribution_test.dir/distribution/discrete_distribution_test.cpp.o

[ 86%] Built target scalar_matrix_test

Scanning dependencies of target chi_squared_distribution_test

[ 86%] Building CXX object catkin/core-perception/fl/test/CMakeFiles/chi_squared_distribution_test.dir/distribution/chi_squared_distribution_test.cpp.o

Linking CXX executable /home/administrator/ci/ci/team/workspace/devel/lib/fl/la_is_diagonal_test

Linking CXX executable /home/administrator/ci/ci/team/workspace/devel/lib/fl/orientation_transition_function_test

[ 86%] Built target la_is_diagonal_test

Scanning dependencies of target t_distribution_test

[ 86%] Building CXX object catkin/core-perception/fl/test/CMakeFiles/t_distribution_test.dir/distribution/t_distribution_test.cpp.o

[ 86%] Built target orientation_transition_function_test

Scanning dependencies of target exception_test

Linking CXX executable /home/administrator/ci/ci/team/workspace/devel/lib/fl/binary_transition_density_test

[ 86%] Building CXX object catkin/core-perception/fl/test/CMakeFiles/exception_test.dir/exception/exception_test.cpp.o

[ 86%] Built target binary_transition_density_test

Scanning dependencies of target unscented_transform_test_test

[ 86%] Building CXX object catkin/core-perception/fl/test/CMakeFiles/unscented_transform_test_test.dir/gaussian_filter/unscented_transform_test.cpp.o

Linking CXX executable /home/administrator/ci/ci/team/workspace/devel/lib/fl/filter_interface_test

[ 86%] Built target filter_interface_test

Scanning dependencies of target gaussian_filter_kalman_filter_test

[ 86%] Building CXX object catkin/core-perception/fl/test/CMakeFiles/gaussian_filter_kalman_filter_test.dir/gaussian_filter/kalman_filter_test.cpp.o

Linking CXX executable /home/administrator/ci/ci/team/workspace/devel/lib/fl/la_smw_inversion_test

[ 86%] Built target la_smw_inversion_test

Scanning dependencies of target gaussian_filter_unscented_kalman_filter_test

[ 86%] Building CXX object catkin/core-perception/fl/test/CMakeFiles/gaussian_filter_unscented_kalman_filter_test.dir/gaussian_filter/unscented_kalman_filter_test.cpp.o

Linking CXX executable /home/administrator/ci/ci/team/workspace/devel/lib/fl/exception_test

Linking CXX executable /home/administrator/ci/ci/team/workspace/devel/lib/lula_util/exponential_scalar_smoother_utest

[ 86%] Built target exception_test

Scanning dependencies of target multi_sensor_gaussian_filter_test

[ 86%] Building CXX object catkin/core-perception/fl/test/CMakeFiles/multi_sensor_gaussian_filter_test.dir/gaussian_filter/multi_sensor_gaussian_filter_test.cpp.o

Linking CXX executable /home/administrator/ci/ci/team/workspace/devel/lib/fl/la_square_root_test

[ 86%] Built target exponential_scalar_smoother_utest

Scanning dependencies of target robust_multi_sensor_gaussian_filter_test

[ 86%] Building CXX object catkin/core-perception/fl/test/CMakeFiles/robust_multi_sensor_gaussian_filter_test.dir/gaussian_filter/robust_multi_sensor_gaussian_filter_test.cpp.o

In file included from /home/administrator/ci/ci/team/workspace/src/catkin/core-perception/fl/test/gaussian_filter/kalman_filter_test.cpp:25:0:

/home/administrator/ci/ci/team/workspace/src/catkin/core-perception/fl/test/gaussian_filter/gaussian_filter_test_suite.hpp:87:17: error: wrong number of template arguments (2, should be 3)

                 > LinearTransition;

                 ^

In file included from /home/administrator/ci/ci/team/workspace/src/catkin/core-perception/fl/test/gaussian_filter/gaussian_filter_test_suite.hpp:35:0,

                 from /home/administrator/ci/ci/team/workspace/src/catkin/core-perception/fl/test/gaussian_filter/kalman_filter_test.cpp:25:

/home/administrator/ci/ci/team/workspace/src/catkin/core-perception/fl/include/fl/model/transition/linear_transition.hpp:42:7: error: provided for template<class State_, class Noise_, class Input_> class fl::LinearTransition

 class LinearTransition

       ^

In file included from /home/administrator/ci/ci/team/workspace/src/catkin/core-perception/fl/test/gaussian_filter/kalman_filter_test.cpp:25:0:

/home/administrator/ci/ci/team/workspace/src/catkin/core-perception/fl/test/gaussian_filter/gaussian_filter_test_suite.hpp: In member function GaussianFilterTest<TestType>::ModelFactory::LinearTransition GaussianFilterTest<TestType>::ModelFactory::create_linear_state_model():

/home/administrator/ci/ci/team/workspace/src/catkin/core-perception/fl/test/gaussian_filter/gaussian_filter_test_suite.hpp:97:28: error: request for member create_dynamics_matrix in model, which is of non-class type int

             auto A = model.create_dynamics_matrix();

                            ^

/home/administrator/ci/ci/team/workspace/src/catkin/core-perception/fl/test/gaussian_filter/gaussian_filter_test_suite.hpp:98:28: error: request for member create_noise_matrix in model, which is of non-class type int

             auto Q = model.create_noise_matrix();

                            ^

/home/administrator/ci/ci/team/workspace/src/catkin/core-perception/fl/test/gaussian_filter/gaussian_filter_test_suite.hpp:113:19: error: request for member dynamics_matrix in model, which is of non-class type int

             model.dynamics_matrix(A);

                   ^

/home/administrator/ci/ci/team/workspace/src/catkin/core-perception/fl/test/gaussian_filter/gaussian_filter_test_suite.hpp:114:19: error: request for member noise_matrix in model, which is of non-class type int

             model.noise_matrix(Q);

                   ^

In file included from /home/administrator/ci/ci/team/workspace/src/catkin/core-perception/fl/test/gaussian_filter/kalman_filter_test.cpp:27:0:

/home/administrator/ci/ci/team/workspace/src/catkin/core-perception/fl/include/fl/filter/gaussian/gaussian_filter_linear.hpp: In instantiation of struct fl::Traits<fl::GaussianFilter<int, fl::LinearGaussianSensor<Eigen::Matrix<double, 2, 1, 0, 2, 1>, Eigen::Matrix<double, 3, 1, 0, 3, 1> > > >:

/home/administrator/ci/ci/team/workspace/src/catkin/core-perception/fl/test/gaussian_filter/gaussian_filter_test_suite.hpp:157:40:   required from class GaussianFilterTest<fl::StaticTest<KalmanFilterTestConfiguration<3, 1, 2> > >

/home/administrator/ci/ci/team/workspace/src/catkin/core-perception/fl/test/gaussian_filter/gaussian_filter_test_suite.hpp:197:1:   required from class gtest_case_GaussianFilterTest_::predict_then_update<fl::StaticTest<KalmanFilterTestConfiguration<3, 1, 2> > >

/usr/include/gtest/internal/gtest-internal.h:663:39:   required from static bool testing::internal::TypeParameterizedTest<Fixture, TestSel, Types>::Register(const char*, const char*, const char*, int) [with Fixture = GaussianFilterTest; TestSel = testing::internal::TemplateSel<gtest_case_GaussianFilterTest_::predict_then_update>; Types = testing::internal::Types6<fl::StaticTest<KalmanFilterTestConfiguration<3, 1, 2> >, fl::StaticTest<KalmanFilterTestConfiguration<3, 3, 10> >, fl::StaticTest<KalmanFilterTestConfiguration<10, 10, 20> >, fl::DynamicTest<KalmanFilterTestConfiguration<3, 1, 2> >, fl::DynamicTest<KalmanFilterTestConfiguration<3, 3, 10> >, fl::DynamicTest<KalmanFilterTestConfiguration<10, 10, 20> > >]

/usr/include/gtest/internal/gtest-internal.h:694:41:   required from static bool testing::internal::TypeParameterizedTestCase<Fixture, Tests, Types>::Register(const char*, const char*, const char*) [with Fixture = GaussianFilterTest; Tests = testing::internal::Templates2<gtest_case_GaussianFilterTest_::predict_then_update, gtest_case_GaussianFilterTest_::predict_loop>; Types = testing::internal::Types6<fl::StaticTest<KalmanFilterTestConfiguration<3, 1, 2> >, fl::StaticTest<KalmanFilterTestConfiguration<3, 3, 10> >, fl::StaticTest<KalmanFilterTestConfiguration<10, 10, 20> >, fl::DynamicTest<KalmanFilterTestConfiguration<3, 1, 2> >, fl::DynamicTest<KalmanFilterTestConfiguration<3, 3, 10> >, fl::DynamicTest<KalmanFilterTestConfiguration<10, 10, 20> > >]

/home/administrator/ci/ci/team/workspace/src/catkin/core-perception/fl/test/gaussian_filter/kalman_filter_test.cpp:74:1:   required from here

/home/administrator/ci/ci/team/workspace/src/catkin/core-perception/fl/include/fl/filter/gaussian/gaussian_filter_linear.hpp:59:46: error: int is not a class, struct, or union type

     typedef typename LinearTransition::State State;

                                              ^

/home/administrator/ci/ci/team/workspace/src/catkin/core-perception/fl/include/fl/filter/gaussian/gaussian_filter_linear.hpp:60:46: error: int is not a class, struct, or union type

     typedef typename LinearTransition::Input Input;

                                              ^

[ 86%] /home/administrator/ci/ci/team/workspace/src/catkin/core-perception/fl/include/fl/filter/gaussian/gaussian_filter_linear.hpp:62:29: error: int is not a class, struct, or union type

     typedef Gaussian<State> Belief;

                             ^

Built target la_square_root_test

/home/administrator/ci/ci/team/workspace/src/catkin/core-perception/fl/include/fl/filter/gaussian/gaussian_filter_linear.hpp: In instantiation of struct fl::Traits<fl::GaussianFilter<int, fl::LinearGaussianSensor<Eigen::Matrix<double, 10, 1, 0, 10, 1>, Eigen::Matrix<double, 3, 1, 0, 3, 1> > > >:

/home/administrator/ci/ci/team/workspace/src/catkin/core-perception/fl/test/gaussian_filter/gaussian_filter_test_suite.hpp:157:40:   required from class GaussianFilterTest<fl::StaticTest<KalmanFilterTestConfiguration<3, 3, 10> > >

/home/administrator/ci/ci/team/workspace/src/catkin/core-perception/fl/test/gaussian_filter/gaussian_filter_test_suite.hpp:241:1:   required from class gtest_case_GaussianFilterTest_::predict_loop<fl::StaticTest<KalmanFilterTestConfiguration<3, 3, 10> > >

/usr/include/gtest/internal/gtest-internal.h:663:39:   required from static bool testing::internal::TypeParameterizedTest<Fixture, TestSel, Types>::Register(const char*, const char*, const char*, int) [with Fixture = GaussianFilterTest; TestSel = testing::internal::TemplateSel<gtest_case_GaussianFilterTest_::predict_loop>; Types = testing::internal::Types5<fl::StaticTest<KalmanFilterTestConfiguration<3, 3, 10> >, fl::StaticTest<KalmanFilterTestConfiguration<10, 10, 20> >, fl::DynamicTest<KalmanFilterTestConfiguration<3, 1, 2> >, fl::DynamicTest<KalmanFilterTestConfiguration<3, 3, 10> >, fl::DynamicTest<KalmanFilterTestConfiguration<10, 10, 20> > >]

/usr/include/gtest/internal/gtest-internal.h:667:60:   required from static bool testing::internal::TypeParameterizedTest<Fixture, TestSel, Types>::Register(const char*, const char*, const char*, int) [with Fixture = GaussianFilterTest; TestSel = testing::internal::TemplateSel<gtest_case_GaussianFilterTest_::predict_loop>; Types = testing::internal::Types6<fl::StaticTest<KalmanFilterTestConfiguration<3, 1, 2> >, fl::StaticTest<KalmanFilterTestConfiguration<3, 3, 10> >, fl::StaticTest<KalmanFilterTestConfiguration<10, 10, 20> >, fl::DynamicTest<KalmanFilterTestConfiguration<3, 1, 2> >, fl::DynamicTest<KalmanFilterTestConfiguration<3, 3, 10> >, fl::DynamicTest<KalmanFilterTestConfiguration<10, 10, 20> > >]

/usr/include/gtest/internal/gtest-internal.h:694:41:   required from static bool testing::internal::TypeParameterizedTestCase<Fixture, Tests, Types>::Register(const char*, const char*, const char*) [with Fixture = GaussianFilterTest; Tests = testing::internal::Templates1<gtest_case_GaussianFilterTest_::predict_loop>; Types = testing::internal::Types6<fl::StaticTest<KalmanFilterTestConfiguration<3, 1, 2> >, fl::StaticTest<KalmanFilterTestConfiguration<3, 3, 10> >, fl::StaticTest<KalmanFilterTestConfiguration<10, 10, 20> >, fl::DynamicTest<KalmanFilterTestConfiguration<3, 1, 2> >, fl::DynamicTest<KalmanFilterTestConfiguration<3, 3, 10> >, fl::DynamicTest<KalmanFilterTestConfiguration<10, 10, 20> > >]

/usr/include/gtest/internal/gtest-internal.h:698:60:   required from static bool testing::internal::TypeParameterizedTestCase<Fixture, Tests, Types>::Register(const char*, const char*, const char*) [with Fixture = GaussianFilterTest; Tests = testing::internal::Templates2<gtest_case_GaussianFilterTest_::predict_then_update, gtest_case_GaussianFilterTest_::predict_loop>; Types = testing::internal::Types6<fl::StaticTest<KalmanFilterTestConfiguration<3, 1, 2> >, fl::StaticTest<KalmanFilterTestConfiguration<3, 3, 10> >, fl::StaticTest<KalmanFilterTestConfiguration<10, 10, 20> >, fl::DynamicTest<KalmanFilterTestConfiguration<3, 1, 2> >, fl::DynamicTest<KalmanFilterTestConfiguration<3, 3, 10> >, fl::DynamicTest<KalmanFilterTestConfiguration<10, 10, 20> > >]

/home/administrator/ci/ci/team/workspace/src/catkin/core-perception/fl/test/gaussian_filter/kalman_filter_test.cpp:74:1:   required from here

/home/administrator/ci/ci/team/workspace/src/catkin/core-perception/fl/include/fl/filter/gaussian/gaussian_filter_linear.hpp:59:46: error: int is not a class, struct, or union type

     typedef typename LinearTransition::State State;

                                              ^

/home/administrator/ci/ci/team/workspace/src/catkin/core-perception/fl/include/fl/filter/gaussian/gaussian_filter_linear.hpp:60:46: error: int is not a class, struct, or union type

     typedef typename LinearTransition::Input Input;

                                              ^

Scanning dependencies of target gaussian_filter_linear_vs_unscented_kalman_filter_test_StaticTest_20_2_2_GaussianModel_NonAdditive_NonAdditive_test

[ 86%] Building CXX object catkin/core-perception/fl/test/gaussian_filter/CMakeFiles/gaussian_filter_linear_vs_unscented_kalman_filter_test_StaticTest_20_2_2_GaussianModel_NonAdditive_NonAdditive_test.dir/gaussian_filter_linear_vs_unscented_kalman_filter_test_StaticTest_20_2_2_GaussianModel_NonAdditive_NonAdditive.cpp.o

/home/administrator/ci/ci/team/workspace/src/catkin/core-perception/fl/include/fl/filter/gaussian/gaussian_filter_linear.hpp:62:29: error: int is not a class, struct, or union type

     typedef Gaussian<State> Belief;

                             ^

In file included from /home/administrator/ci/ci/team/workspace/src/catkin/core-perception/fl/include/fl/util/meta/size_deduction.hpp:23:0,

                 from /home/administrator/ci/ci/team/workspace/src/catkin/core-perception/fl/include/fl/util/meta.hpp:23,

                 from /home/administrator/ci/ci/team/workspace/src/catkin/core-perception/fl/test/gaussian_filter/../typecast.hpp:23,

                 from /home/administrator/ci/ci/team/workspace/src/catkin/core-perception/fl/test/gaussian_filter/kalman_filter_test.cpp:21:

/home/administrator/ci/ci/team/workspace/src/catkin/core-perception/fl/include/fl/util/traits.hpp: In instantiation of struct fl::ForwardLinearModelOnly<int>:

/home/administrator/ci/ci/team/workspace/src/catkin/core-perception/fl/include/fl/filter/gaussian/gaussian_filter_linear.hpp:82:7:   required from class fl::GaussianFilter<int, fl::LinearGaussianSensor<Eigen::Matrix<double, 10, 1, 0, 10, 1>, Eigen::Matrix<double, 3, 1, 0, 3, 1> > >

/home/administrator/ci/ci/team/workspace/src/catkin/core-perception/fl/test/gaussian_filter/gaussian_filter_test_suite.hpp:245:53:   required from void gtest_case_GaussianFilterTest_::predict_loop<gtest_TypeParam_>::TestBody() [with gtest_TypeParam_ = fl::StaticTest<KalmanFilterTestConfiguration<3, 3, 10> >]

/home/administrator/ci/ci/team/workspace/src/catkin/core-perception/fl/test/gaussian_filter/kalman_filter_test.cpp:76:41:   required from here

/home/administrator/ci/ci/team/workspace/src/catkin/core-perception/fl/include/fl/util/traits.hpp:436:5: error: static assertion failed: The specified model is not linear!

     static_assert(std::is_base_of<internal::LinearModelType, Model>::value,

     ^

In file included from /home/administrator/ci/ci/team/workspace/src/catkin/core-perception/fl/test/gaussian_filter/kalman_filter_test.cpp:27:0:

/home/administrator/ci/ci/team/workspace/src/catkin/core-perception/fl/include/fl/filter/gaussian/gaussian_filter_linear.hpp: In instantiation of class fl::GaussianFilter<int, fl::LinearGaussianSensor<Eigen::Matrix<double, 10, 1, 0, 10, 1>, Eigen::Matrix<double, 3, 1, 0, 3, 1> > >:

/home/administrator/ci/ci/team/workspace/src/catkin/core-perception/fl/test/gaussian_filter/gaussian_filter_test_suite.hpp:245:53:   required from void gtest_case_GaussianFilterTest_::predict_loop<gtest_TypeParam_>::TestBody() [with gtest_TypeParam_ = fl::StaticTest<KalmanFilterTestConfiguration<3, 3, 10> >]

/home/administrator/ci/ci/team/workspace/src/catkin/core-perception/fl/test/gaussian_filter/kalman_filter_test.cpp:76:41:   required from here

/home/administrator/ci/ci/team/workspace/src/catkin/core-perception/fl/include/fl/filter/gaussian/gaussian_filter_linear.hpp:94:46: error: int is not a class, struct, or union type

     typedef typename LinearTransition::State State;

                                              ^

/home/administrator/ci/ci/team/workspace/src/catkin/core-perception/fl/include/fl/filter/gaussian/gaussian_filter_linear.hpp:95:46: error: int is not a class, struct, or union type

     typedef typename LinearTransition::Input Input;

                                              ^

/home/administrator/ci/ci/team/workspace/src/catkin/core-perception/fl/include/fl/filter/gaussian/gaussian_filter_linear.hpp:103:29: error: int is not a class, struct, or union type

     typedef Gaussian<State> Belief;

                             ^

In file included from /home/administrator/ci/ci/team/workspace/src/catkin/core-perception/fl/test/gaussian_filter/kalman_filter_test.cpp:25:0:

/home/administrator/ci/ci/team/workspace/src/catkin/core-perception/fl/test/gaussian_filter/gaussian_filter_test_suite.hpp: In instantiation of void gtest_case_GaussianFilterTest_::predict_loop<gtest_TypeParam_>::TestBody() [with gtest_TypeParam_ = fl::StaticTest<KalmanFilterTestConfiguration<3, 3, 10> >]:

/home/administrator/ci/ci/team/workspace/src/catkin/core-perception/fl/test/gaussian_filter/kalman_filter_test.cpp:76:41:   required from here

/home/administrator/ci/ci/team/workspace/src/catkin/core-perception/fl/test/gaussian_filter/gaussian_filter_test_suite.hpp:246:40: error: class fl::GaussianFilter<int, fl::LinearGaussianSensor<Eigen::Matrix<double, 10, 1, 0, 10, 1>, Eigen::Matrix<double, 3, 1, 0, 3, 1> > > has no member named create_belief

     auto belief = filter.create_belief();

                                        ^

/home/administrator/ci/ci/team/workspace/src/catkin/core-perception/fl/test/gaussian_filter/gaussian_filter_test_suite.hpp:252:9: error: class fl::GaussianFilter<int, fl::LinearGaussianSensor<Eigen::Matrix<double, 10, 1, 0, 10, 1>, Eigen::Matrix<double, 3, 1, 0, 3, 1> > > has no member named predict

         filter.predict(belief, This::zero_input(filter), belief);

         ^

/home/administrator/ci/ci/team/workspace/src/catkin/core-perception/fl/test/gaussian_filter/gaussian_filter_test_suite.hpp:252:55: error: zero_input is not a member of This {aka GaussianFilterTest<fl::StaticTest<KalmanFilterTestConfiguration<3, 3, 10> > >}

         filter.predict(belief, This::zero_input(filter), belief);

                                                       ^

In file included from /home/administrator/ci/ci/team/workspace/src/catkin/core-perception/fl/test/gaussian_filter/kalman_filter_test.cpp:27:0:

/home/administrator/ci/ci/team/workspace/src/catkin/core-perception/fl/include/fl/filter/gaussian/gaussian_filter_linear.hpp: In instantiation of class fl::GaussianFilter<int, fl::LinearGaussianSensor<Eigen::Matrix<double, 2, 1, 0, 2, 1>, Eigen::Matrix<double, 3, 1, 0, 3, 1> > >:

/home/administrator/ci/ci/team/workspace/src/catkin/core-perception/fl/test/gaussian_filter/gaussian_filter_test_suite.hpp:245:53:   required from void gtest_case_GaussianFilterTest_::predict_loop<gtest_TypeParam_>::TestBody() [with gtest_TypeParam_ = fl::StaticTest<KalmanFilterTestConfiguration<3, 1, 2> >]

/home/administrator/ci/ci/team/workspace/src/catkin/core-perception/fl/test/gaussian_filter/kalman_filter_test.cpp:76:41:   required from here

/home/administrator/ci/ci/team/workspace/src/catkin/core-perception/fl/include/fl/filter/gaussian/gaussian_filter_linear.hpp:94:46: error: int is not a class, struct, or union type

     typedef typename LinearTransition::State State;

                                              ^

/home/administrator/ci/ci/team/workspace/src/catkin/core-perception/fl/include/fl/filter/gaussian/gaussian_filter_linear.hpp:95:46: error: int is not a class, struct, or union type

     typedef typename LinearTransition::Input Input;

                                              ^

/home/administrator/ci/ci/team/workspace/src/catkin/core-perception/fl/include/fl/filter/gaussian/gaussian_filter_linear.hpp:103:29: error: int is not a class, struct, or union type

     typedef Gaussian<State> Belief;

                             ^

In file included from /home/administrator/ci/ci/team/workspace/src/catkin/core-perception/fl/test/gaussian_filter/kalman_filter_test.cpp:25:0:

/home/administrator/ci/ci/team/workspace/src/catkin/core-perception/fl/test/gaussian_filter/gaussian_filter_test_suite.hpp: In instantiation of void gtest_case_GaussianFilterTest_::predict_loop<gtest_TypeParam_>::TestBody() [with gtest_TypeParam_ = fl::StaticTest<KalmanFilterTestConfiguration<3, 1, 2> >]:

/home/administrator/ci/ci/team/workspace/src/catkin/core-perception/fl/test/gaussian_filter/kalman_filter_test.cpp:76:41:   required from here

/home/administrator/ci/ci/team/workspace/src/catkin/core-perception/fl/test/gaussian_filter/gaussian_filter_test_suite.hpp:246:40: error: class fl::GaussianFilter<int, fl::LinearGaussianSensor<Eigen::Matrix<double, 2, 1, 0, 2, 1>, Eigen::Matrix<double, 3, 1, 0, 3, 1> > > has no member named create_belief

     auto belief = filter.create_belief();

                                        ^

/home/administrator/ci/ci/team/workspace/src/catkin/core-perception/fl/test/gaussian_filter/gaussian_filter_test_suite.hpp:252:9: error: class fl::GaussianFilter<int, fl::LinearGaussianSensor<Eigen::Matrix<double, 2, 1, 0, 2, 1>, Eigen::Matrix<double, 3, 1, 0, 3, 1> > > has no member named predict

         filter.predict(belief, This::zero_input(filter), belief);

         ^

/home/administrator/ci/ci/team/workspace/src/catkin/core-perception/fl/test/gaussian_filter/gaussian_filter_test_suite.hpp:252:55: error: zero_input is not a member of This {aka GaussianFilterTest<fl::StaticTest<KalmanFilterTestConfiguration<3, 1, 2> > >}

         filter.predict(belief, This::zero_input(filter), belief);

                                                       ^

/home/administrator/ci/ci/team/workspace/src/catkin/core-perception/fl/test/gaussian_filter/gaussian_filter_test_suite.hpp: In instantiation of void gtest_case_GaussianFilterTest_::predict_then_update<gtest_TypeParam_>::TestBody() [with gtest_TypeParam_ = fl::StaticTest<KalmanFilterTestConfiguration<3, 1, 2> >]:

/home/administrator/ci/ci/team/workspace/src/catkin/core-perception/fl/test/gaussian_filter/kalman_filter_test.cpp:76:41:   required from here

/home/administrator/ci/ci/team/workspace/src/catkin/core-perception/fl/test/gaussian_filter/gaussian_filter_test_suite.hpp:205:40: error: class fl::GaussianFilter<int, fl::LinearGaussianSensor<Eigen::Matrix<double, 2, 1, 0, 2, 1>, Eigen::Matrix<double, 3, 1, 0, 3, 1> > > has no member named create_belief

     auto belief = filter.create_belief();

                                        ^

/home/administrator/ci/ci/team/workspace/src/catkin/core-perception/fl/test/gaussian_filter/gaussian_filter_test_suite.hpp:215:9: error: class fl::GaussianFilter<int, fl::LinearGaussianSensor<Eigen::Matrix<double, 2, 1, 0, 2, 1>, Eigen::Matrix<double, 3, 1, 0, 3, 1> > > has no member named predict

         filter.predict(belief, This::zero_input(filter), belief);

         ^

/home/administrator/ci/ci/team/workspace/src/catkin/core-perception/fl/test/gaussian_filter/gaussian_filter_test_suite.hpp:215:55: error: zero_input is not a member of This {aka GaussianFilterTest<fl::StaticTest<KalmanFilterTestConfiguration<3, 1, 2> > >}

         filter.predict(belief, This::zero_input(filter), belief);

                                                       ^

/home/administrator/ci/ci/team/workspace/src/catkin/core-perception/fl/test/gaussian_filter/gaussian_filter_test_suite.hpp:226:9: error: class fl::GaussianFilter<int, fl::LinearGaussianSensor<Eigen::Matrix<double, 2, 1, 0, 2, 1>, Eigen::Matrix<double, 3, 1, 0, 3, 1> > > has no member named update

         filter.update(belief, This::rand_obsrv(filter), belief);

         ^

In file included from /home/administrator/ci/ci/team/workspace/src/catkin/core-perception/fl/test/gaussian_filter/kalman_filter_test.cpp:27:0:

/home/administrator/ci/ci/team/workspace/src/catkin/core-perception/fl/include/fl/filter/gaussian/gaussian_filter_linear.hpp: In instantiation of std::string fl::GaussianFilter<LinearTransition, LinearSensor>::name() const [with LinearTransition = int; LinearSensor = fl::LinearGaussianSensor<Eigen::Matrix<double, 2, 1>, Eigen::Matrix<double, 3, 1> >; std::string = std::basic_string<char>]:

/home/administrator/ci/ci/team/workspace/src/catkin/core-perception/fl/test/gaussian_filter/gaussian_filter_test_suite.hpp:203:5:   required from void gtest_case_GaussianFilterTest_::predict_then_update<gtest_TypeParam_>::TestBody() [with gtest_TypeParam_ = fl::StaticTest<KalmanFilterTestConfiguration<3, 1, 2> >]

/home/administrator/ci/ci/team/workspace/src/catkin/core-perception/fl/test/gaussian_filter/kalman_filter_test.cpp:76:41:   required from here

/home/administrator/ci/ci/team/workspace/src/catkin/core-perception/fl/include/fl/filter/gaussian/gaussian_filter_linear.hpp:204:17: error: request for member name in fl::GaussianFilter<LinearTransition, LinearSensor>::transition<int, fl::LinearGaussianSensor<Eigen::Matrix<double, 2, 1>, Eigen::Matrix<double, 3, 1> > >(), which is of non-class type const int

                 + this->list_arguments(

                 ^

In file included from /home/administrator/ci/ci/team/workspace/src/catkin/core-perception/fl/test/gaussian_filter/kalman_filter_test.cpp:25:0:

/home/administrator/ci/ci/team/workspace/src/catkin/core-perception/fl/test/gaussian_filter/gaussian_filter_test_suite.hpp: In instantiation of GaussianFilterTest<TestType>::ModelFactory::LinearTransition GaussianFilterTest<TestType>::ModelFactory::create_linear_state_model() [with TestType = fl::StaticTest<KalmanFilterTestConfiguration<3, 3, 10> >; GaussianFilterTest<TestType>::ModelFactory::LinearTransition = int]:

/home/administrator/ci/ci/team/workspace/src/catkin/core-perception/fl/test/gaussian_filter/kalman_filter_test.cpp:60:36:   required from static typename KalmanFilterTestConfiguration<StateDimension, InputDimension, ObsrvDimension, FilterIterations>::FilterDefinition<ModelFactory>::Type KalmanFilterTestConfiguration<StateDimension, InputDimension, ObsrvDimension, FilterIterations>::create_filter(ModelFactory&&) [with ModelFactory = GaussianFilterTest<fl::StaticTest<KalmanFilterTestConfiguration<3, 3, 10> > >::ModelFactory; int StateDimension = 3; int InputDimension = 3; int ObsrvDimension = 10; int FilterIterations = 100; typename KalmanFilterTestConfiguration<StateDimension, InputDimension, ObsrvDimension, FilterIterations>::FilterDefinition<ModelFactory>::Type = fl::GaussianFilter<int, fl::LinearGaussianSensor<Eigen::Matrix<double, 10, 1, 0, 10, 1>, Eigen::Matrix<double, 3, 1, 0, 3, 1> > >]

/home/administrator/ci/ci/team/workspace/src/catkin/core-perception/fl/test/gaussian_filter/gaussian_filter_test_suite.hpp:154:64:   required from GaussianFilterTest<TestType>::Filter GaussianFilterTest<TestType>::create_filter(GaussianFilterTest<TestType>::ModelSetup) const [with TestType = fl::StaticTest<KalmanFilterTestConfiguration<3, 3, 10> >; GaussianFilterTest<TestType>::Filter = fl::GaussianFilter<int, fl::LinearGaussianSensor<Eigen::Matrix<double, 10, 1, 0, 10, 1>, Eigen::Matrix<double, 3, 1, 0, 3, 1> > >]

/home/administrator/ci/ci/team/workspace/src/catkin/core-perception/fl/test/gaussian_filter/gaussian_filter_test_suite.hpp:245:53:   required from void gtest_case_GaussianFilterTest_::predict_loop<gtest_TypeParam_>::TestBody() [with gtest_TypeParam_ = fl::StaticTest<KalmanFilterTestConfiguration<3, 3, 10> >]

/home/administrator/ci/ci/team/workspace/src/catkin/core-perception/fl/test/gaussian_filter/kalman_filter_test.cpp:76:41:   required from here

/home/administrator/ci/ci/team/workspace/src/catkin/core-perception/fl/test/gaussian_filter/gaussian_filter_test_suite.hpp:95:61: error: expression list treated as compound expression in functional cast [-fpermissive]

             auto model = LinearTransition(StateDim, InputDim);

                                                             ^

/home/administrator/ci/ci/team/workspace/src/catkin/core-perception/fl/test/gaussian_filter/gaussian_filter_test_suite.hpp:95:61: warning: left operand of comma operator has no effect [-Wunused-value]

/home/administrator/ci/ci/team/workspace/src/catkin/core-perception/fl/test/gaussian_filter/gaussian_filter_test_suite.hpp: In instantiation of GaussianFilterTest<TestType>::ModelFactory::LinearTransition GaussianFilterTest<TestType>::ModelFactory::create_linear_state_model() [with TestType = fl::StaticTest<KalmanFilterTestConfiguration<3, 1, 2> >; GaussianFilterTest<TestType>::ModelFactory::LinearTransition = int]:

/home/administrator/ci/ci/team/workspace/src/catkin/core-perception/fl/test/gaussian_filter/kalman_filter_test.cpp:60:36:   required from static typename KalmanFilterTestConfiguration<StateDimension, InputDimension, ObsrvDimension, FilterIterations>::FilterDefinition<ModelFactory>::Type KalmanFilterTestConfiguration<StateDimension, InputDimension, ObsrvDimension, FilterIterations>::create_filter(ModelFactory&&) [with ModelFactory = GaussianFilterTest<fl::StaticTest<KalmanFilterTestConfiguration<3, 1, 2> > >::ModelFactory; int StateDimension = 3; int InputDimension = 1; int ObsrvDimension = 2; int FilterIterations = 100; typename KalmanFilterTestConfiguration<StateDimension, InputDimension, ObsrvDimension, FilterIterations>::FilterDefinition<ModelFactory>::Type = fl::GaussianFilter<int, fl::LinearGaussianSensor<Eigen::Matrix<double, 2, 1, 0, 2, 1>, Eigen::Matrix<double, 3, 1, 0, 3, 1> > >]

/home/administrator/ci/ci/team/workspace/src/catkin/core-perception/fl/test/gaussian_filter/gaussian_filter_test_suite.hpp:154:64:   required from GaussianFilterTest<TestType>::Filter GaussianFilterTest<TestType>::create_filter(GaussianFilterTest<TestType>::ModelSetup) const [with TestType = fl::StaticTest<KalmanFilterTestConfiguration<3, 1, 2> >; GaussianFilterTest<TestType>::Filter = fl::GaussianFilter<int, fl::LinearGaussianSensor<Eigen::Matrix<double, 2, 1, 0, 2, 1>, Eigen::Matrix<double, 3, 1, 0, 3, 1> > >]

/home/administrator/ci/ci/team/workspace/src/catkin/core-perception/fl/test/gaussian_filter/gaussian_filter_test_suite.hpp:245:53:   required from void gtest_case_GaussianFilterTest_::predict_loop<gtest_TypeParam_>::TestBody() [with gtest_TypeParam_ = fl::StaticTest<KalmanFilterTestConfiguration<3, 1, 2> >]

/home/administrator/ci/ci/team/workspace/src/catkin/core-perception/fl/test/gaussian_filter/kalman_filter_test.cpp:76:41:   required from here

/home/administrator/ci/ci/team/workspace/src/catkin/core-perception/fl/test/gaussian_filter/gaussian_filter_test_suite.hpp:95:61: error: expression list treated as compound expression in functional cast [-fpermissive]

/home/administrator/ci/ci/team/workspace/src/catkin/core-perception/fl/test/gaussian_filter/gaussian_filter_test_suite.hpp:95:61: warning: left operand of comma operator has no effect [-Wunused-value]

In file included from /home/administrator/ci/ci/team/workspace/src/catkin/core-perception/fl/test/gaussian_filter/unscented_kalman_filter_test.cpp:25:0:

/home/administrator/ci/ci/team/workspace/src/catkin/core-perception/fl/test/gaussian_filter/gaussian_filter_test_suite.hpp:87:17: error: wrong number of template arguments (2, should be 3)

                 > LinearTransition;

                 ^

In file included from /home/administrator/ci/ci/team/workspace/src/catkin/core-perception/fl/test/gaussian_filter/gaussian_filter_test_suite.hpp:35:0,

                 from /home/administrator/ci/ci/team/workspace/src/catkin/core-perception/fl/test/gaussian_filter/unscented_kalman_filter_test.cpp:25:

/home/administrator/ci/ci/team/workspace/src/catkin/core-perception/fl/include/fl/model/transition/linear_transition.hpp:42:7: error: provided for template<class State_, class Noise_, class Input_> class fl::LinearTransition

 class LinearTransition

       ^

In file included from /home/administrator/ci/ci/team/workspace/src/catkin/core-perception/fl/test/gaussian_filter/unscented_kalman_filter_test.cpp:25:0:

/home/administrator/ci/ci/team/workspace/src/catkin/core-perception/fl/test/gaussian_filter/gaussian_filter_test_suite.hpp: In member function GaussianFilterTest<TestType>::ModelFactory::LinearTransition GaussianFilterTest<TestType>::ModelFactory::create_linear_state_model():

/home/administrator/ci/ci/team/workspace/src/catkin/core-perception/fl/test/gaussian_filter/gaussian_filter_test_suite.hpp:97:28: error: request for member create_dynamics_matrix in model, which is of non-class type int

             auto A = model.create_dynamics_matrix();

                            ^

/home/administrator/ci/ci/team/workspace/src/catkin/core-perception/fl/test/gaussian_filter/gaussian_filter_test_suite.hpp:98:28: error: request for member create_noise_matrix in model, which is of non-class type int

             auto Q = model.create_noise_matrix();

                            ^

/home/administrator/ci/ci/team/workspace/src/catkin/core-perception/fl/test/gaussian_filter/gaussian_filter_test_suite.hpp:113:19: error: request for member dynamics_matrix in model, which is of non-class type int

             model.dynamics_matrix(A);

                   ^

/home/administrator/ci/ci/team/workspace/src/catkin/core-perception/fl/test/gaussian_filter/gaussian_filter_test_suite.hpp:114:19: error: request for member noise_matrix in model, which is of non-class type int

             model.noise_matrix(Q);

                   ^

In file included from /home/administrator/ci/ci/team/workspace/src/catkin/core-perception/fl/include/fl/filter/gaussian/gaussian_filter_nonlinear.hpp:25:0,

                 from /home/administrator/ci/ci/team/workspace/src/catkin/core-perception/fl/include/fl/filter/gaussian/gaussian_filter.hpp:30,

                 from /home/administrator/ci/ci/team/workspace/src/catkin/core-perception/fl/test/gaussian_filter/unscented_kalman_filter_test.cpp:27:

/home/administrator/ci/ci/team/workspace/src/catkin/core-perception/fl/include/fl/filter/gaussian/gaussian_filter_nonlinear_generic.hpp: In instantiation of struct fl::Traits<fl::GaussianFilter<int, fl::LinearGaussianSensor<Eigen::Matrix<double, 2, 1, 0, 2, 1>, Eigen::Matrix<double, 3, 1, 0, 3, 1> >, fl::UnscentedQuadrature> >:

/home/administrator/ci/ci/team/workspace/src/catkin/core-perception/fl/test/gaussian_filter/gaussian_filter_test_suite.hpp:157:40:   required from class GaussianFilterTest<fl::StaticTest<UnscentedKalmanFilterTestConfiguration<3, 1, 2> > >

/home/administrator/ci/ci/team/workspace/src/catkin/core-perception/fl/test/gaussian_filter/gaussian_filter_test_suite.hpp:197:1:   required from class gtest_case_GaussianFilterTest_::predict_then_update<fl::StaticTest<UnscentedKalmanFilterTestConfiguration<3, 1, 2> > >

/usr/include/gtest/internal/gtest-internal.h:663:39:   required from static bool testing::internal::TypeParameterizedTest<Fixture, TestSel, Types>::Register(const char*, const char*, const char*, int) [with Fixture = GaussianFilterTest; TestSel = testing::internal::TemplateSel<gtest_case_GaussianFilterTest_::predict_then_update>; Types = testing::internal::Types6<fl::StaticTest<UnscentedKalmanFilterTestConfiguration<3, 1, 2> >, fl::StaticTest<UnscentedKalmanFilterTestConfiguration<3, 3, 10> >, fl::StaticTest<UnscentedKalmanFilterTestConfiguration<10, 10, 20> >, fl::DynamicTest<UnscentedKalmanFilterTestConfiguration<3, 1, 2> >, fl::DynamicTest<UnscentedKalmanFilterTestConfiguration<3, 3, 10> >, fl::DynamicTest<UnscentedKalmanFilterTestConfiguration<10, 10, 20> > >]

/usr/include/gtest/internal/gtest-internal.h:694:41:   required from static bool testing::internal::TypeParameterizedTestCase<Fixture, Tests, Types>::Register(const char*, const char*, const char*) [with Fixture = GaussianFilterTest; Tests = testing::internal::Templates2<gtest_case_GaussianFilterTest_::predict_then_update, gtest_case_GaussianFilterTest_::predict_loop>; Types = testing::internal::Types6<fl::StaticTest<UnscentedKalmanFilterTestConfiguration<3, 1, 2> >, fl::StaticTest<UnscentedKalmanFilterTestConfiguration<3, 3, 10> >, fl::StaticTest<UnscentedKalmanFilterTestConfiguration<10, 10, 20> >, fl::DynamicTest<UnscentedKalmanFilterTestConfiguration<3, 1, 2> >, fl::DynamicTest<UnscentedKalmanFilterTestConfiguration<3, 3, 10> >, fl::DynamicTest<UnscentedKalmanFilterTestConfiguration<10, 10, 20> > >]

/home/administrator/ci/ci/team/workspace/src/catkin/core-perception/fl/test/gaussian_filter/unscented_kalman_filter_test.cpp:79:1:   required from here

/home/administrator/ci/ci/team/workspace/src/catkin/core-perception/fl/include/fl/filter/gaussian/gaussian_filter_nonlinear_generic.hpp:60:40: error: int is not a class, struct, or union type

     typedef typename Transition::State State;

                                        ^

/home/administrator/ci/ci/team/workspace/src/catkin/core-perception/fl/include/fl/filter/gaussian/gaussian_filter_nonlinear_generic.hpp:61:40: error: int is not a class, struct, or union type

     typedef typename Transition::Input Input;

                                        ^

/home/administrator/ci/ci/team/workspace/src/catkin/core-perception/fl/include/fl/filter/gaussian/gaussian_filter_nonlinear_generic.hpp:63:29: error: int is not a class, struct, or union type

     typedef Gaussian<State> Belief;

                             ^

/home/administrator/ci/ci/team/workspace/src/catkin/core-perception/fl/include/fl/filter/gaussian/gaussian_filter_nonlinear_generic.hpp: In instantiation of struct fl::Traits<fl::GaussianFilter<int, fl::LinearGaussianSensor<Eigen::Matrix<double, 10, 1, 0, 10, 1>, Eigen::Matrix<double, 3, 1, 0, 3, 1> >, fl::UnscentedQuadrature> >:

/home/administrator/ci/ci/team/workspace/src/catkin/core-perception/fl/test/gaussian_filter/gaussian_filter_test_suite.hpp:157:40:   required from class GaussianFilterTest<fl::StaticTest<UnscentedKalmanFilterTestConfiguration<3, 3, 10> > >

/home/administrator/ci/ci/team/workspace/src/catkin/core-perception/fl/test/gaussian_filter/gaussian_filter_test_suite.hpp:241:1:   required from class gtest_case_GaussianFilterTest_::predict_loop<fl::StaticTest<UnscentedKalmanFilterTestConfiguration<3, 3, 10> > >

/usr/include/gtest/internal/gtest-internal.h:663:39:   required from static bool testing::internal::TypeParameterizedTest<Fixture, TestSel, Types>::Register(const char*, const char*, const char*, int) [with Fixture = GaussianFilterTest; TestSel = testing::internal::TemplateSel<gtest_case_GaussianFilterTest_::predict_loop>; Types = testing::internal::Types5<fl::StaticTest<UnscentedKalmanFilterTestConfiguration<3, 3, 10> >, fl::StaticTest<UnscentedKalmanFilterTestConfiguration<10, 10, 20> >, fl::DynamicTest<UnscentedKalmanFilterTestConfiguration<3, 1, 2> >, fl::DynamicTest<UnscentedKalmanFilterTestConfiguration<3, 3, 10> >, fl::DynamicTest<UnscentedKalmanFilterTestConfiguration<10, 10, 20> > >]

/usr/include/gtest/internal/gtest-internal.h:667:60:   required from static bool testing::internal::TypeParameterizedTest<Fixture, TestSel, Types>::Register(const char*, const char*, const char*, int) [with Fixture = GaussianFilterTest; TestSel = testing::internal::TemplateSel<gtest_case_GaussianFilterTest_::predict_loop>; Types = testing::internal::Types6<fl::StaticTest<UnscentedKalmanFilterTestConfiguration<3, 1, 2> >, fl::StaticTest<UnscentedKalmanFilterTestConfiguration<3, 3, 10> >, fl::StaticTest<UnscentedKalmanFilterTestConfiguration<10, 10, 20> >, fl::DynamicTest<UnscentedKalmanFilterTestConfiguration<3, 1, 2> >, fl::DynamicTest<UnscentedKalmanFilterTestConfiguration<3, 3, 10> >, fl::DynamicTest<UnscentedKalmanFilterTestConfiguration<10, 10, 20> > >]

/usr/include/gtest/internal/gtest-internal.h:694:41:   required from static bool testing::internal::TypeParameterizedTestCase<Fixture, Tests, Types>::Register(const char*, const char*, const char*) [with Fixture = GaussianFilterTest; Tests = testing::internal::Templates1<gtest_case_GaussianFilterTest_::predict_loop>; Types = testing::internal::Types6<fl::StaticTest<UnscentedKalmanFilterTestConfiguration<3, 1, 2> >, fl::StaticTest<UnscentedKalmanFilterTestConfiguration<3, 3, 10> >, fl::StaticTest<UnscentedKalmanFilterTestConfiguration<10, 10, 20> >, fl::DynamicTest<UnscentedKalmanFilterTestConfiguration<3, 1, 2> >, fl::DynamicTest<UnscentedKalmanFilterTestConfiguration<3, 3, 10> >, fl::DynamicTest<UnscentedKalmanFilterTestConfiguration<10, 10, 20> > >]

/usr/include/gtest/internal/gtest-internal.h:698:60:   required from static bool testing::internal::TypeParameterizedTestCase<Fixture, Tests, Types>::Register(const char*, const char*, const char*) [with Fixture = GaussianFilterTest; Tests = testing::internal::Templates2<gtest_case_GaussianFilterTest_::predict_then_update, gtest_case_GaussianFilterTest_::predict_loop>; Types = testing::internal::Types6<fl::StaticTest<UnscentedKalmanFilterTestConfiguration<3, 1, 2> >, fl::StaticTest<UnscentedKalmanFilterTestConfiguration<3, 3, 10> >, fl::StaticTest<UnscentedKalmanFilterTestConfiguration<10, 10, 20> >, fl::DynamicTest<UnscentedKalmanFilterTestConfiguration<3, 1, 2> >, fl::DynamicTest<UnscentedKalmanFilterTestConfiguration<3, 3, 10> >, fl::DynamicTest<UnscentedKalmanFilterTestConfiguration<10, 10, 20> > >]

/home/administrator/ci/ci/team/workspace/src/catkin/core-perception/fl/test/gaussian_filter/unscented_kalman_filter_test.cpp:79:1:   required from here

/home/administrator/ci/ci/team/workspace/src/catkin/core-perception/fl/include/fl/filter/gaussian/gaussian_filter_nonlinear_generic.hpp:60:40: error: int is not a class, struct, or union type

     typedef typename Transition::State State;

                                        ^

/home/administrator/ci/ci/team/workspace/src/catkin/core-perception/fl/include/fl/filter/gaussian/gaussian_filter_nonlinear_generic.hpp:61:40: error: int is not a class, struct, or union type

     typedef typename Transition::Input Input;

                                        ^

/home/administrator/ci/ci/team/workspace/src/catkin/core-perception/fl/include/fl/filter/gaussian/gaussian_filter_nonlinear_generic.hpp:63:29: error: int is not a class, struct, or union type

     typedef Gaussian<State> Belief;

                             ^

In file included from /home/administrator/ci/ci/team/workspace/src/catkin/core-perception/fl/include/fl/util/meta/size_deduction.hpp:23:0,

                 from /home/administrator/ci/ci/team/workspace/src/catkin/core-perception/fl/include/fl/util/meta.hpp:23,

                 from /home/administrator/ci/ci/team/workspace/src/catkin/core-perception/fl/test/gaussian_filter/../typecast.hpp:23,

                 from /home/administrator/ci/ci/team/workspace/src/catkin/core-perception/fl/test/gaussian_filter/unscented_kalman_filter_test.cpp:21:

/home/administrator/ci/ci/team/workspace/src/catkin/core-perception/fl/include/fl/util/traits.hpp: In instantiation of struct fl::AdditivityOf<int>:

/home/administrator/ci/ci/team/workspace/src/catkin/core-perception/fl/include/fl/filter/gaussian/gaussian_filter_nonlinear.hpp:58:7:   required from class fl::GaussianFilter<int, fl::LinearGaussianSensor<Eigen::Matrix<double, 10, 1, 0, 10, 1>, Eigen::Matrix<double, 3, 1, 0, 3, 1> >, fl::UnscentedQuadrature>

/home/administrator/ci/ci/team/workspace/src/catkin/core-perception/fl/test/gaussian_filter/gaussian_filter_test_suite.hpp:245:53:   required from void gtest_case_GaussianFilterTest_::predict_loop<gtest_TypeParam_>::TestBody() [with gtest_TypeParam_ = fl::StaticTest<UnscentedKalmanFilterTestConfiguration<3, 3, 10> >]

/home/administrator/ci/ci/team/workspace/src/catkin/core-perception/fl/test/gaussian_filter/unscented_kalman_filter_test.cpp:81:41:   required from here

/home/administrator/ci/ci/team/workspace/src/catkin/core-perception/fl/include/fl/util/traits.hpp:398:70: error: int is not a class, struct, or union type

     typedef typename AdditivityOf<Model, typename Model::Type>::Type Type;

                                                                      ^

In file included from /home/administrator/ci/ci/team/workspace/src/catkin/core-perception/fl/test/gaussian_filter/unscented_kalman_filter_test.cpp:25:0:

/home/administrator/ci/ci/team/workspace/src/catkin/core-perception/fl/test/gaussian_filter/gaussian_filter_test_suite.hpp: In instantiation of void gtest_case_GaussianFilterTest_::predict_loop<gtest_TypeParam_>::TestBody() [with gtest_TypeParam_ = fl::StaticTest<UnscentedKalmanFilterTestConfiguration<3, 3, 10> >]:

/home/administrator/ci/ci/team/workspace/src/catkin/core-perception/fl/test/gaussian_filter/unscented_kalman_filter_test.cpp:81:41:   required from here

/home/administrator/ci/ci/team/workspace/src/catkin/core-perception/fl/test/gaussian_filter/gaussian_filter_test_suite.hpp:246:40: error: class fl::GaussianFilter<int, fl::LinearGaussianSensor<Eigen::Matrix<double, 10, 1, 0, 10, 1>, Eigen::Matrix<double, 3, 1, 0, 3, 1> >, fl::UnscentedQuadrature> has no member named create_belief

     auto belief = filter.create_belief();

                                        ^

/home/administrator/ci/ci/team/workspace/src/catkin/core-perception/fl/test/gaussian_filter/gaussian_filter_test_suite.hpp:252:9: error: class fl::GaussianFilter<int, fl::LinearGaussianSensor<Eigen::Matrix<double, 10, 1, 0, 10, 1>, Eigen::Matrix<double, 3, 1, 0, 3, 1> >, fl::UnscentedQuadrature> has no member named predict

         filter.predict(belief, This::zero_input(filter), belief);

         ^

/home/administrator/ci/ci/team/workspace/src/catkin/core-perception/fl/test/gaussian_filter/gaussian_filter_test_suite.hpp:252:55: error: zero_input is not a member of This {aka GaussianFilterTest<fl::StaticTest<UnscentedKalmanFilterTestConfiguration<3, 3, 10> > >}

         filter.predict(belief, This::zero_input(filter), belief);

                                                       ^

/home/administrator/ci/ci/team/workspace/src/catkin/core-perception/fl/test/gaussian_filter/gaussian_filter_test_suite.hpp: In instantiation of void gtest_case_GaussianFilterTest_::predict_loop<gtest_TypeParam_>::TestBody() [with gtest_TypeParam_ = fl::StaticTest<UnscentedKalmanFilterTestConfiguration<3, 1, 2> >]:

/home/administrator/ci/ci/team/workspace/src/catkin/core-perception/fl/test/gaussian_filter/unscented_kalman_filter_test.cpp:81:41:   required from here

/home/administrator/ci/ci/team/workspace/src/catkin/core-perception/fl/test/gaussian_filter/gaussian_filter_test_suite.hpp:246:40: error: class fl::GaussianFilter<int, fl::LinearGaussianSensor<Eigen::Matrix<double, 2, 1, 0, 2, 1>, Eigen::Matrix<double, 3, 1, 0, 3, 1> >, fl::UnscentedQuadrature> has no member named create_belief

     auto belief = filter.create_belief();

                                        ^

/home/administrator/ci/ci/team/workspace/src/catkin/core-perception/fl/test/gaussian_filter/gaussian_filter_test_suite.hpp:252:9: error: class fl::GaussianFilter<int, fl::LinearGaussianSensor<Eigen::Matrix<double, 2, 1, 0, 2, 1>, Eigen::Matrix<double, 3, 1, 0, 3, 1> >, fl::UnscentedQuadrature> has no member named predict

         filter.predict(belief, This::zero_input(filter), belief);

         ^

/home/administrator/ci/ci/team/workspace/src/catkin/core-perception/fl/test/gaussian_filter/gaussian_filter_test_suite.hpp:252:55: error: zero_input is not a member of This {aka GaussianFilterTest<fl::StaticTest<UnscentedKalmanFilterTestConfiguration<3, 1, 2> > >}

         filter.predict(belief, This::zero_input(filter), belief);

                                                       ^

In file included from /home/administrator/ci/ci/team/workspace/src/catkin/core-perception/fl/include/fl/util/traits.hpp:26:0,

                 from /home/administrator/ci/ci/team/workspace/src/catkin/core-perception/fl/include/fl/util/meta/size_deduction.hpp:23,

                 from /home/administrator/ci/ci/team/workspace/src/catkin/core-perception/fl/include/fl/util/meta.hpp:23,

                 from /home/administrator/ci/ci/team/workspace/src/catkin/core-perception/fl/test/gaussian_filter/../typecast.hpp:23,

                 from /home/administrator/ci/ci/team/workspace/src/catkin/core-perception/fl/test/gaussian_filter/unscented_kalman_filter_test.cpp:21:

/home/administrator/ci/ci/team/workspace/src/catkin/core-perception/fl/test/gaussian_filter/gaussian_filter_test_suite.hpp: In instantiation of void gtest_case_GaussianFilterTest_::predict_then_update<gtest_TypeParam_>::TestBody() [with gtest_TypeParam_ = fl::StaticTest<UnscentedKalmanFilterTestConfiguration<3, 1, 2> >]:

/home/administrator/ci/ci/team/workspace/src/catkin/core-perception/fl/test/gaussian_filter/unscented_kalman_filter_test.cpp:81:41:   required from here

/home/administrator/ci/ci/team/workspace/src/catkin/core-perception/fl/include/fl/util/profiling.hpp:61:43: error: class fl::GaussianFilter<int, fl::LinearGaussianSensor<Eigen::Matrix<double, 2, 1, 0, 2, 1>, Eigen::Matrix<double, 3, 1, 0, 3, 1> >, fl::UnscentedQuadrature> has no member named name

 #define PV(mat) std::cout << #mat << "\n" << mat << "\n\n";

                                           ^

/home/administrator/ci/ci/team/workspace/src/catkin/core-perception/fl/test/gaussian_filter/gaussian_filter_test_suite.hpp:203:5: note: in expansion of macro PV

     PV(filter.name());

     ^

In file included from /home/administrator/ci/ci/team/workspace/src/catkin/core-perception/fl/test/gaussian_filter/unscented_kalman_filter_test.cpp:25:0:

/home/administrator/ci/ci/team/workspace/src/catkin/core-perception/fl/test/gaussian_filter/gaussian_filter_test_suite.hpp:205:40: error: class fl::GaussianFilter<int, fl::LinearGaussianSensor<Eigen::Matrix<double, 2, 1, 0, 2, 1>, Eigen::Matrix<double, 3, 1, 0, 3, 1> >, fl::UnscentedQuadrature> has no member named create_belief

     auto belief = filter.create_belief();

                                        ^

/home/administrator/ci/ci/team/workspace/src/catkin/core-perception/fl/test/gaussian_filter/gaussian_filter_test_suite.hpp:215:9: error: class fl::GaussianFilter<int, fl::LinearGaussianSensor<Eigen::Matrix<double, 2, 1, 0, 2, 1>, Eigen::Matrix<double, 3, 1, 0, 3, 1> >, fl::UnscentedQuadrature> has no member named predict

         filter.predict(belief, This::zero_input(filter), belief);

         ^

/home/administrator/ci/ci/team/workspace/src/catkin/core-perception/fl/test/gaussian_filter/gaussian_filter_test_suite.hpp:215:55: error: zero_input is not a member of This {aka GaussianFilterTest<fl::StaticTest<UnscentedKalmanFilterTestConfiguration<3, 1, 2> > >}

         filter.predict(belief, This::zero_input(filter), belief);

                                                       ^

/home/administrator/ci/ci/team/workspace/src/catkin/core-perception/fl/test/gaussian_filter/gaussian_filter_test_suite.hpp:226:9: error: class fl::GaussianFilter<int, fl::LinearGaussianSensor<Eigen::Matrix<double, 2, 1, 0, 2, 1>, Eigen::Matrix<double, 3, 1, 0, 3, 1> >, fl::UnscentedQuadrature> has no member named update

         filter.update(belief, This::rand_obsrv(filter), belief);

         ^

/home/administrator/ci/ci/team/workspace/src/catkin/core-perception/fl/test/gaussian_filter/gaussian_filter_test_suite.hpp: In instantiation of GaussianFilterTest<TestType>::ModelFactory::LinearTransition GaussianFilterTest<TestType>::ModelFactory::create_linear_state_model() [with TestType = fl::StaticTest<UnscentedKalmanFilterTestConfiguration<3, 3, 10> >; GaussianFilterTest<TestType>::ModelFactory::LinearTransition = int]:

/home/administrator/ci/ci/team/workspace/src/catkin/core-perception/fl/test/gaussian_filter/unscented_kalman_filter_test.cpp:66:34:   required from static typename UnscentedKalmanFilterTestConfiguration<StateDimension, InputDimension, ObsrvDimension, FilterIterations>::FilterDefinition<ModelFactory>::Type UnscentedKalmanFilterTestConfiguration<StateDimension, InputDimension, ObsrvDimension, FilterIterations>::create_filter(ModelFactory&&) [with ModelFactory = GaussianFilterTest<fl::StaticTest<UnscentedKalmanFilterTestConfiguration<3, 3, 10> > >::ModelFactory; int StateDimension = 3; int InputDimension = 3; int ObsrvDimension = 10; int FilterIterations = 100; typename UnscentedKalmanFilterTestConfiguration<StateDimension, InputDimension, ObsrvDimension, FilterIterations>::FilterDefinition<ModelFactory>::Type = fl::GaussianFilter<int, fl::LinearGaussianSensor<Eigen::Matrix<double, 10, 1, 0, 10, 1>, Eigen::Matrix<double, 3, 1, 0, 3, 1> >, fl::UnscentedQuadrature>]

/home/administrator/ci/ci/team/workspace/src/catkin/core-perception/fl/test/gaussian_filter/gaussian_filter_test_suite.hpp:154:64:   required from GaussianFilterTest<TestType>::Filter GaussianFilterTest<TestType>::create_filter(GaussianFilterTest<TestType>::ModelSetup) const [with TestType = fl::StaticTest<UnscentedKalmanFilterTestConfiguration<3, 3, 10> >; GaussianFilterTest<TestType>::Filter = fl::GaussianFilter<int, fl::LinearGaussianSensor<Eigen::Matrix<double, 10, 1, 0, 10, 1>, Eigen::Matrix<double, 3, 1, 0, 3, 1> >, fl::UnscentedQuadrature>]

/home/administrator/ci/ci/team/workspace/src/catkin/core-perception/fl/test/gaussian_filter/gaussian_filter_test_suite.hpp:245:53:   required from void gtest_case_GaussianFilterTest_::predict_loop<gtest_TypeParam_>::TestBody() [with gtest_TypeParam_ = fl::StaticTest<UnscentedKalmanFilterTestConfiguration<3, 3, 10> >]

/home/administrator/ci/ci/team/workspace/src/catkin/core-perception/fl/test/gaussian_filter/unscented_kalman_filter_test.cpp:81:41:   required from here

/home/administrator/ci/ci/team/workspace/src/catkin/core-perception/fl/test/gaussian_filter/gaussian_filter_test_suite.hpp:95:61: error: expression list treated as compound expression in functional cast [-fpermissive]

             auto model = LinearTransition(StateDim, InputDim);

                                                             ^

/home/administrator/ci/ci/team/workspace/src/catkin/core-perception/fl/test/gaussian_filter/gaussian_filter_test_suite.hpp:95:61: warning: left operand of comma operator has no effect [-Wunused-value]

/home/administrator/ci/ci/team/workspace/src/catkin/core-perception/fl/test/gaussian_filter/gaussian_filter_test_suite.hpp: In instantiation of GaussianFilterTest<TestType>::ModelFactory::LinearTransition GaussianFilterTest<TestType>::ModelFactory::create_linear_state_model() [with TestType = fl::StaticTest<UnscentedKalmanFilterTestConfiguration<3, 1, 2> >; GaussianFilterTest<TestType>::ModelFactory::LinearTransition = int]:

/home/administrator/ci/ci/team/workspace/src/catkin/core-perception/fl/test/gaussian_filter/unscented_kalman_filter_test.cpp:66:34:   required from static typename UnscentedKalmanFilterTestConfiguration<StateDimension, InputDimension, ObsrvDimension, FilterIterations>::FilterDefinition<ModelFactory>::Type UnscentedKalmanFilterTestConfiguration<StateDimension, InputDimension, ObsrvDimension, FilterIterations>::create_filter(ModelFactory&&) [with ModelFactory = GaussianFilterTest<fl::StaticTest<UnscentedKalmanFilterTestConfiguration<3, 1, 2> > >::ModelFactory; int StateDimension = 3; int InputDimension = 1; int ObsrvDimension = 2; int FilterIterations = 100; typename UnscentedKalmanFilterTestConfiguration<StateDimension, InputDimension, ObsrvDimension, FilterIterations>::FilterDefinition<ModelFactory>::Type = fl::GaussianFilter<int, fl::LinearGaussianSensor<Eigen::Matrix<double, 2, 1, 0, 2, 1>, Eigen::Matrix<double, 3, 1, 0, 3, 1> >, fl::UnscentedQuadrature>]

/home/administrator/ci/ci/team/workspace/src/catkin/core-perception/fl/test/gaussian_filter/gaussian_filter_test_suite.hpp:154:64:   required from GaussianFilterTest<TestType>::Filter GaussianFilterTest<TestType>::create_filter(GaussianFilterTest<TestType>::ModelSetup) const [with TestType = fl::StaticTest<UnscentedKalmanFilterTestConfiguration<3, 1, 2> >; GaussianFilterTest<TestType>::Filter = fl::GaussianFilter<int, fl::LinearGaussianSensor<Eigen::Matrix<double, 2, 1, 0, 2, 1>, Eigen::Matrix<double, 3, 1, 0, 3, 1> >, fl::UnscentedQuadrature>]

/home/administrator/ci/ci/team/workspace/src/catkin/core-perception/fl/test/gaussian_filter/gaussian_filter_test_suite.hpp:245:53:   required from void gtest_case_GaussianFilterTest_::predict_loop<gtest_TypeParam_>::TestBody() [with gtest_TypeParam_ = fl::StaticTest<UnscentedKalmanFilterTestConfiguration<3, 1, 2> >]

/home/administrator/ci/ci/team/workspace/src/catkin/core-perception/fl/test/gaussian_filter/unscented_kalman_filter_test.cpp:81:41:   required from here

/home/administrator/ci/ci/team/workspace/src/catkin/core-perception/fl/test/gaussian_filter/gaussian_filter_test_suite.hpp:95:61: error: expression list treated as compound expression in functional cast [-fpermissive]

/home/administrator/ci/ci/team/workspace/src/catkin/core-perception/fl/test/gaussian_filter/gaussian_filter_test_suite.hpp:95:61: warning: left operand of comma operator has no effect [-Wunused-value]

In file included from /home/administrator/ci/ci/team/workspace/src/catkin/core-perception/fl/test/gaussian_filter/multi_sensor_gaussian_filter_test.cpp:25:0:

/home/administrator/ci/ci/team/workspace/src/catkin/core-perception/fl/test/gaussian_filter/gaussian_filter_test_suite.hpp:87:17: error: wrong number of template arguments (2, should be 3)

                 > LinearTransition;

                 ^

In file included from /home/administrator/ci/ci/team/workspace/src/catkin/core-perception/fl/test/gaussian_filter/gaussian_filter_test_suite.hpp:35:0,

                 from /home/administrator/ci/ci/team/workspace/src/catkin/core-perception/fl/test/gaussian_filter/multi_sensor_gaussian_filter_test.cpp:25:

/home/administrator/ci/ci/team/workspace/src/catkin/core-perception/fl/include/fl/model/transition/linear_transition.hpp:42:7: error: provided for template<class State_, class Noise_, class Input_> class fl::LinearTransition

 class LinearTransition

       ^

In file included from /home/administrator/ci/ci/team/workspace/src/catkin/core-perception/fl/test/gaussian_filter/multi_sensor_gaussian_filter_test.cpp:25:0:

/home/administrator/ci/ci/team/workspace/src/catkin/core-perception/fl/test/gaussian_filter/gaussian_filter_test_suite.hpp: In member function GaussianFilterTest<TestType>::ModelFactory::LinearTransition GaussianFilterTest<TestType>::ModelFactory::create_linear_state_model():

/home/administrator/ci/ci/team/workspace/src/catkin/core-perception/fl/test/gaussian_filter/gaussian_filter_test_suite.hpp:97:28: error: request for member create_dynamics_matrix in model, which is of non-class type int

             auto A = model.create_dynamics_matrix();

                            ^

/home/administrator/ci/ci/team/workspace/src/catkin/core-perception/fl/test/gaussian_filter/gaussian_filter_test_suite.hpp:98:28: error: request for member create_noise_matrix in model, which is of non-class type int

             auto Q = model.create_noise_matrix();

                            ^

/home/administrator/ci/ci/team/workspace/src/catkin/core-perception/fl/test/gaussian_filter/gaussian_filter_test_suite.hpp:113:19: error: request for member dynamics_matrix in model, which is of non-class type int

             model.dynamics_matrix(A);

                   ^

/home/administrator/ci/ci/team/workspace/src/catkin/core-perception/fl/test/gaussian_filter/gaussian_filter_test_suite.hpp:114:19: error: request for member noise_matrix in model, which is of non-class type int

             model.noise_matrix(Q);

                   ^

/home/administrator/ci/ci/team/workspace/src/catkin/core-perception/fl/test/gaussian_filter/multi_sensor_gaussian_filter_test.cpp: At global scope:

/home/administrator/ci/ci/team/workspace/src/catkin/core-perception/fl/test/gaussian_filter/multi_sensor_gaussian_filter_test.cpp:61:19: error: declaration of typedef class fl::JointSensor<fl::MultipleOf<typename ModelFactory::LinearObservation, Size> > MultiSensorGfTestConfiguration<StateDimension, InputDimension, ObsrvDimension, Count, FilterIterations>::FilterDefinition<ModelFactory>::JointSensor [-fpermissive]

                 > JointSensor;

                   ^

In file included from /home/administrator/ci/ci/team/workspace/src/catkin/core-perception/fl/include/fl/filter/gaussian/update_policy/multi_sensor_sigma_point_update_policy.hpp:29:0,

                 from /home/administrator/ci/ci/team/workspace/src/catkin/core-perception/fl/include/fl/filter/gaussian/multi_sensor_gaussian_filter.hpp:27,

                 from /home/administrator/ci/ci/team/workspace/src/catkin/core-perception/fl/test/gaussian_filter/multi_sensor_gaussian_filter_test.cpp:28:

/home/administrator/ci/ci/team/workspace/src/catkin/core-perception/fl/include/fl/model/sensor/joint_sensor_iid.hpp:41:36: error: changes meaning of JointSensor from class fl::JointSensor<fl::MultipleOf<typename ModelFactory::LinearObservation, Size> > [-fpermissive]

 template <typename...Models> class JointSensor;

                                    ^

In file included from /home/administrator/ci/ci/team/workspace/src/catkin/core-perception/fl/test/gaussian_filter/multi_sensor_gaussian_filter_test.cpp:28:0:

/home/administrator/ci/ci/team/workspace/src/catkin/core-perception/fl/include/fl/filter/gaussian/multi_sensor_gaussian_filter.hpp: In instantiation of struct fl::Traits<fl::MultiSensorGaussianFilter<int, fl::JointSensor<fl::MultipleOf<fl::LinearGaussianSensor<Eigen::Matrix<double, 2, 1, 0, 2, 1>, Eigen::Matrix<double, 6, 1, 0, 6, 1> >, 10> >, fl::UnscentedQuadrature> >:

/home/administrator/ci/ci/team/workspace/src/catkin/core-perception/fl/test/gaussian_filter/gaussian_filter_test_suite.hpp:157:40:   required from class GaussianFilterTest<fl::StaticTest<MultiSensorGfTestConfiguration<6, 1, 2, 10, 10> > >

/home/administrator/ci/ci/team/workspace/src/catkin/core-perception/fl/test/gaussian_filter/gaussian_filter_test_suite.hpp:197:1:   required from class gtest_case_GaussianFilterTest_::predict_then_update<fl::StaticTest<MultiSensorGfTestConfiguration<6, 1, 2, 10, 10> > >

/usr/include/gtest/internal/gtest-internal.h:663:39:   required from static bool testing::internal::TypeParameterizedTest<Fixture, TestSel, Types>::Register(const char*, const char*, const char*, int) [with Fixture = GaussianFilterTest; TestSel = testing::internal::TemplateSel<gtest_case_GaussianFilterTest_::predict_then_update>; Types = testing::internal::Types1<fl::StaticTest<MultiSensorGfTestConfiguration<6, 1, 2, 10, 10> > >]

/usr/include/gtest/internal/gtest-internal.h:694:41:   required from static bool testing::internal::TypeParameterizedTestCase<Fixture, Tests, Types>::Register(const char*, const char*, const char*) [with Fixture = GaussianFilterTest; Tests = testing::internal::Templates2<gtest_case_GaussianFilterTest_::predict_then_update, gtest_case_GaussianFilterTest_::predict_loop>; Types = testing::internal::Types1<fl::StaticTest<MultiSensorGfTestConfiguration<6, 1, 2, 10, 10> > >]

/home/administrator/ci/ci/team/workspace/src/catkin/core-perception/fl/test/gaussian_filter/multi_sensor_gaussian_filter_test.cpp:90:1:   required from here

/home/administrator/ci/ci/team/workspace/src/catkin/core-perception/fl/include/fl/filter/gaussian/multi_sensor_gaussian_filter.hpp:51:48: error: int is not a class, struct, or union type

     typedef typename TransitionFunction::State State;

                                                ^

/home/administrator/ci/ci/team/workspace/src/catkin/core-perception/fl/include/fl/filter/gaussian/multi_sensor_gaussian_filter.hpp:52:48: error: int is not a class, struct, or union type

     typedef typename TransitionFunction::Input Input;

                                                ^

/home/administrator/ci/ci/team/workspace/src/catkin/core-perception/fl/include/fl/filter/gaussian/multi_sensor_gaussian_filter.hpp:54:29: error: int is not a class, struct, or union type

     typedef Gaussian<State> Belief;

                             ^

In file included from /home/administrator/ci/ci/team/workspace/src/catkin/core-perception/fl/include/fl/util/meta/size_deduction.hpp:23:0,

                 from /home/administrator/ci/ci/team/workspace/src/catkin/core-perception/fl/include/fl/util/meta.hpp:23,

                 from /home/administrator/ci/ci/team/workspace/src/catkin/core-perception/fl/test/gaussian_filter/../typecast.hpp:23,

                 from /home/administrator/ci/ci/team/workspace/src/catkin/core-perception/fl/test/gaussian_filter/multi_sensor_gaussian_filter_test.cpp:21:

/home/administrator/ci/ci/team/workspace/src/catkin/core-perception/fl/include/fl/util/traits.hpp: In instantiation of struct fl::AdditivityOf<int>:

/home/administrator/ci/ci/team/workspace/src/catkin/core-perception/fl/include/fl/filter/gaussian/multi_sensor_gaussian_filter.hpp:63:7:   required from class fl::MultiSensorGaussianFilter<int, fl::JointSensor<fl::MultipleOf<fl::LinearGaussianSensor<Eigen::Matrix<double, 2, 1, 0, 2, 1>, Eigen::Matrix<double, 6, 1, 0, 6, 1> >, 10> >, fl::UnscentedQuadrature>

/home/administrator/ci/ci/team/workspace/src/catkin/core-perception/fl/test/gaussian_filter/gaussian_filter_test_suite.hpp:245:53:   required from void gtest_case_GaussianFilterTest_::predict_loop<gtest_TypeParam_>::TestBody() [with gtest_TypeParam_ = fl::StaticTest<MultiSensorGfTestConfiguration<6, 1, 2, 10, 10> >]

/home/administrator/ci/ci/team/workspace/src/catkin/core-perception/fl/test/gaussian_filter/multi_sensor_gaussian_filter_test.cpp:92:41:   required from here

/home/administrator/ci/ci/team/workspace/src/catkin/core-perception/fl/include/fl/util/traits.hpp:398:70: error: int is not a class, struct, or union type

     typedef typename AdditivityOf<Model, typename Model::Type>::Type Type;

                                                                      ^

In file included from /home/administrator/ci/ci/team/workspace/src/catkin/core-perception/fl/test/gaussian_filter/multi_sensor_gaussian_filter_test.cpp:25:0:

/home/administrator/ci/ci/team/workspace/src/catkin/core-perception/fl/test/gaussian_filter/gaussian_filter_test_suite.hpp: In instantiation of void gtest_case_GaussianFilterTest_::predict_loop<gtest_TypeParam_>::TestBody() [with gtest_TypeParam_ = fl::StaticTest<MultiSensorGfTestConfiguration<6, 1, 2, 10, 10> >]:

/home/administrator/ci/ci/team/workspace/src/catkin/core-perception/fl/test/gaussian_filter/multi_sensor_gaussian_filter_test.cpp:92:41:   required from here

/home/administrator/ci/ci/team/workspace/src/catkin/core-perception/fl/test/gaussian_filter/gaussian_filter_test_suite.hpp:246:40: error: class fl::MultiSensorGaussianFilter<int, fl::JointSensor<fl::MultipleOf<fl::LinearGaussianSensor<Eigen::Matrix<double, 2, 1, 0, 2, 1>, Eigen::Matrix<double, 6, 1, 0, 6, 1> >, 10> >, fl::UnscentedQuadrature> has no member named create_belief

     auto belief = filter.create_belief();

                                        ^

/home/administrator/ci/ci/team/workspace/src/catkin/core-perception/fl/test/gaussian_filter/gaussian_filter_test_suite.hpp:252:9: error: class fl::MultiSensorGaussianFilter<int, fl::JointSensor<fl::MultipleOf<fl::LinearGaussianSensor<Eigen::Matrix<double, 2, 1, 0, 2, 1>, Eigen::Matrix<double, 6, 1, 0, 6, 1> >, 10> >, fl::UnscentedQuadrature> has no member named predict

         filter.predict(belief, This::zero_input(filter), belief);

         ^

/home/administrator/ci/ci/team/workspace/src/catkin/core-perception/fl/test/gaussian_filter/gaussian_filter_test_suite.hpp:252:55: error: zero_input is not a member of This {aka GaussianFilterTest<fl::StaticTest<MultiSensorGfTestConfiguration<6, 1, 2, 10, 10> > >}

         filter.predict(belief, This::zero_input(filter), belief);

                                                       ^

/home/administrator/ci/ci/team/workspace/src/catkin/core-perception/fl/test/gaussian_filter/gaussian_filter_test_suite.hpp: In instantiation of void gtest_case_GaussianFilterTest_::predict_then_update<gtest_TypeParam_>::TestBody() [with gtest_TypeParam_ = fl::StaticTest<MultiSensorGfTestConfiguration<6, 1, 2, 10, 10> >]:

/home/administrator/ci/ci/team/workspace/src/catkin/core-perception/fl/test/gaussian_filter/multi_sensor_gaussian_filter_test.cpp:92:41:   required from here

/home/administrator/ci/ci/team/workspace/src/catkin/core-perception/fl/test/gaussian_filter/gaussian_filter_test_suite.hpp:205:40: error: class fl::MultiSensorGaussianFilter<int, fl::JointSensor<fl::MultipleOf<fl::LinearGaussianSensor<Eigen::Matrix<double, 2, 1, 0, 2, 1>, Eigen::Matrix<double, 6, 1, 0, 6, 1> >, 10> >, fl::UnscentedQuadrature> has no member named create_belief

     auto belief = filter.create_belief();

                                        ^

/home/administrator/ci/ci/team/workspace/src/catkin/core-perception/fl/test/gaussian_filter/gaussian_filter_test_suite.hpp:215:9: error: class fl::MultiSensorGaussianFilter<int, fl::JointSensor<fl::MultipleOf<fl::LinearGaussianSensor<Eigen::Matrix<double, 2, 1, 0, 2, 1>, Eigen::Matrix<double, 6, 1, 0, 6, 1> >, 10> >, fl::UnscentedQuadrature> has no member named predict

         filter.predict(belief, This::zero_input(filter), belief);

         ^

/home/administrator/ci/ci/team/workspace/src/catkin/core-perception/fl/test/gaussian_filter/gaussian_filter_test_suite.hpp:215:55: error: zero_input is not a member of This {aka GaussianFilterTest<fl::StaticTest<MultiSensorGfTestConfiguration<6, 1, 2, 10, 10> > >}

         filter.predict(belief, This::zero_input(filter), belief);

                                                       ^

/home/administrator/ci/ci/team/workspace/src/catkin/core-perception/fl/test/gaussian_filter/gaussian_filter_test_suite.hpp:226:9: error: class fl::MultiSensorGaussianFilter<int, fl::JointSensor<fl::MultipleOf<fl::LinearGaussianSensor<Eigen::Matrix<double, 2, 1, 0, 2, 1>, Eigen::Matrix<double, 6, 1, 0, 6, 1> >, 10> >, fl::UnscentedQuadrature> has no member named update

         filter.update(belief, This::rand_obsrv(filter), belief);

         ^

In file included from /home/administrator/ci/ci/team/workspace/src/catkin/core-perception/fl/test/gaussian_filter/multi_sensor_gaussian_filter_test.cpp:28:0:

/home/administrator/ci/ci/team/workspace/src/catkin/core-perception/fl/include/fl/filter/gaussian/multi_sensor_gaussian_filter.hpp: In instantiation of std::string fl::MultiSensorGaussianFilter<TransitionFunction, JointSensorFunction, Quadrature>::name() const [with TransitionFunction = int; JointSensorFunction = fl::JointSensor<fl::MultipleOf<fl::LinearGaussianSensor<Eigen::Matrix<double, 2, 1, 0, 2, 1>, Eigen::Matrix<double, 6, 1, 0, 6, 1> >, 10> >; Quadrature = fl::UnscentedQuadrature; std::string = std::basic_string<char>]:

/home/administrator/ci/ci/team/workspace/src/catkin/core-perception/fl/test/gaussian_filter/gaussian_filter_test_suite.hpp:203:5:   required from void gtest_case_GaussianFilterTest_::predict_then_update<gtest_TypeParam_>::TestBody() [with gtest_TypeParam_ = fl::StaticTest<MultiSensorGfTestConfiguration<6, 1, 2, 10, 10> >]

/home/administrator/ci/ci/team/workspace/src/catkin/core-perception/fl/test/gaussian_filter/multi_sensor_gaussian_filter_test.cpp:92:41:   required from here

/home/administrator/ci/ci/team/workspace/src/catkin/core-perception/fl/include/fl/filter/gaussian/multi_sensor_gaussian_filter.hpp:113:45: error: const class fl::MultiSensorGaussianFilter<int, fl::JointSensor<fl::MultipleOf<fl::LinearGaussianSensor<Eigen::Matrix<double, 2, 1, 0, 2, 1>, Eigen::Matrix<double, 6, 1, 0, 6, 1> >, 10> >, fl::UnscentedQuadrature> has no member named list_arguments

         return "MultiSensorGaussianFilter<" +

                                             ^

In file included from /home/administrator/ci/ci/team/workspace/src/catkin/core-perception/fl/test/gaussian_filter/multi_sensor_gaussian_filter_test.cpp:25:0:

/home/administrator/ci/ci/team/workspace/src/catkin/core-perception/fl/test/gaussian_filter/gaussian_filter_test_suite.hpp: In instantiation of GaussianFilterTest<TestType>::ModelFactory::LinearTransition GaussianFilterTest<TestType>::ModelFactory::create_linear_state_model() [with TestType = fl::StaticTest<MultiSensorGfTestConfiguration<6, 1, 2, 10, 10> >; GaussianFilterTest<TestType>::ModelFactory::LinearTransition = int]:

/home/administrator/ci/ci/team/workspace/src/catkin/core-perception/fl/test/gaussian_filter/multi_sensor_gaussian_filter_test.cpp:82:34:   required from static typename MultiSensorGfTestConfiguration<StateDimension, InputDimension, ObsrvDimension, Count, FilterIterations>::FilterDefinition<ModelFactory>::Type MultiSensorGfTestConfiguration<StateDimension, InputDimension, ObsrvDimension, Count, FilterIterations>::create_filter(ModelFactory&&) [with ModelFactory = GaussianFilterTest<fl::StaticTest<MultiSensorGfTestConfiguration<6, 1, 2, 10, 10> > >::ModelFactory; int StateDimension = 6; int InputDimension = 1; int ObsrvDimension = 2; int Count = 10; int FilterIterations = 10; typename MultiSensorGfTestConfiguration<StateDimension, InputDimension, ObsrvDimension, Count, FilterIterations>::FilterDefinition<ModelFactory>::Type = fl::MultiSensorGaussianFilter<int, fl::JointSensor<fl::MultipleOf<fl::LinearGaussianSensor<Eigen::Matrix<double, 2, 1, 0, 2, 1>, Eigen::Matrix<double, 6, 1, 0, 6, 1> >, 10> >, fl::UnscentedQuadrature>]

/home/administrator/ci/ci/team/workspace/src/catkin/core-perception/fl/test/gaussian_filter/gaussian_filter_test_suite.hpp:154:64:   required from GaussianFilterTest<TestType>::Filter GaussianFilterTest<TestType>::create_filter(GaussianFilterTest<TestType>::ModelSetup) const [with TestType = fl::StaticTest<MultiSensorGfTestConfiguration<6, 1, 2, 10, 10> >; GaussianFilterTest<TestType>::Filter = fl::MultiSensorGaussianFilter<int, fl::JointSensor<fl::MultipleOf<fl::LinearGaussianSensor<Eigen::Matrix<double, 2, 1, 0, 2, 1>, Eigen::Matrix<double, 6, 1, 0, 6, 1> >, 10> >, fl::UnscentedQuadrature>]

/home/administrator/ci/ci/team/workspace/src/catkin/core-perception/fl/test/gaussian_filter/gaussian_filter_test_suite.hpp:245:53:   required from void gtest_case_GaussianFilterTest_::predict_loop<gtest_TypeParam_>::TestBody() [with gtest_TypeParam_ = fl::StaticTest<MultiSensorGfTestConfiguration<6, 1, 2, 10, 10> >]

/home/administrator/ci/ci/team/workspace/src/catkin/core-perception/fl/test/gaussian_filter/multi_sensor_gaussian_filter_test.cpp:92:41:   required from here

/home/administrator/ci/ci/team/workspace/src/catkin/core-perception/fl/test/gaussian_filter/gaussian_filter_test_suite.hpp:95:61: error: expression list treated as compound expression in functional cast [-fpermissive]

             auto model = LinearTransition(StateDim, InputDim);

                                                             ^

/home/administrator/ci/ci/team/workspace/src/catkin/core-perception/fl/test/gaussian_filter/gaussian_filter_test_suite.hpp:95:61: warning: left operand of comma operator has no effect [-Wunused-value]

In file included from /home/administrator/ci/ci/team/workspace/src/catkin/core-perception/fl/test/gaussian_filter/multi_sensor_gaussian_filter_test.cpp:28:0:

/home/administrator/ci/ci/team/workspace/src/catkin/core-perception/fl/include/fl/filter/gaussian/multi_sensor_gaussian_filter.hpp: In instantiation of std::string fl::MultiSensorGaussianFilter<TransitionFunction, JointSensorFunction, Quadrature>::description() const [with TransitionFunction = int; JointSensorFunction = fl::JointSensor<fl::MultipleOf<fl::LinearGaussianSensor<Eigen::Matrix<double, 2, 1, 0, 2, 1>, Eigen::Matrix<double, 6, 1, 0, 6, 1> >, 10> >; Quadrature = fl::UnscentedQuadrature; std::string = std::basic_string<char>]:

/home/administrator/ci/ci/team/workspace/src/catkin/core-perception/fl/test/gaussian_filter/multi_sensor_gaussian_filter_test.cpp:92:41:   required from here

/home/administrator/ci/ci/team/workspace/src/catkin/core-perception/fl/include/fl/filter/gaussian/multi_sensor_gaussian_filter.hpp:119:52: error: const class fl::MultiSensorGaussianFilter<int, fl::JointSensor<fl::MultipleOf<fl::LinearGaussianSensor<Eigen::Matrix<double, 2, 1, 0, 2, 1>, Eigen::Matrix<double, 6, 1, 0, 6, 1> >, 10> >, fl::UnscentedQuadrature> has no member named list_descriptions

         return "Multi-Sensor Gaussian Filter with" +

                                                    ^

In file included from /home/administrator/ci/ci/team/workspace/src/catkin/core-perception/fl/test/gaussian_filter/robust_multi_sensor_gaussian_filter_test.cpp:25:0:

/home/administrator/ci/ci/team/workspace/src/catkin/core-perception/fl/test/gaussian_filter/gaussian_filter_test_suite.hpp:87:17: error: wrong number of template arguments (2, should be 3)

                 > LinearTransition;

                 ^

In file included from /home/administrator/ci/ci/team/workspace/src/catkin/core-perception/fl/test/gaussian_filter/gaussian_filter_test_suite.hpp:35:0,

                 from /home/administrator/ci/ci/team/workspace/src/catkin/core-perception/fl/test/gaussian_filter/robust_multi_sensor_gaussian_filter_test.cpp:25:

/home/administrator/ci/ci/team/workspace/src/catkin/core-perception/fl/include/fl/model/transition/linear_transition.hpp:42:7: error: provided for template<class State_, class Noise_, class Input_> class fl::LinearTransition

 class LinearTransition

       ^

In file included from /home/administrator/ci/ci/team/workspace/src/catkin/core-perception/fl/test/gaussian_filter/robust_multi_sensor_gaussian_filter_test.cpp:25:0:

/home/administrator/ci/ci/team/workspace/src/catkin/core-perception/fl/test/gaussian_filter/gaussian_filter_test_suite.hpp: In member function GaussianFilterTest<TestType>::ModelFactory::LinearTransition GaussianFilterTest<TestType>::ModelFactory::create_linear_state_model():

/home/administrator/ci/ci/team/workspace/src/catkin/core-perception/fl/test/gaussian_filter/gaussian_filter_test_suite.hpp:97:28: error: request for member create_dynamics_matrix in model, which is of non-class type int

             auto A = model.create_dynamics_matrix();

                            ^

/home/administrator/ci/ci/team/workspace/src/catkin/core-perception/fl/test/gaussian_filter/gaussian_filter_test_suite.hpp:98:28: error: request for member create_noise_matrix in model, which is of non-class type int

             auto Q = model.create_noise_matrix();

                            ^

/home/administrator/ci/ci/team/workspace/src/catkin/core-perception/fl/test/gaussian_filter/gaussian_filter_test_suite.hpp:113:19: error: request for member dynamics_matrix in model, which is of non-class type int

             model.dynamics_matrix(A);

                   ^

/home/administrator/ci/ci/team/workspace/src/catkin/core-perception/fl/test/gaussian_filter/gaussian_filter_test_suite.hpp:114:19: error: request for member noise_matrix in model, which is of non-class type int

             model.noise_matrix(Q);

                   ^

In file included from /home/administrator/ci/ci/team/workspace/src/catkin/core-perception/fl/test/gaussian_filter/kalman_filter_test.cpp:27:0:

/home/administrator/ci/ci/team/workspace/src/catkin/core-perception/fl/include/fl/filter/gaussian/gaussian_filter_linear.hpp: In instantiation of std::string fl::GaussianFilter<LinearTransition, LinearSensor>::description() const [with LinearTransition = int; LinearSensor = fl::LinearGaussianSensor<Eigen::Matrix<double, 2, 1>, Eigen::Matrix<double, 3, 1> >; std::string = std::basic_string<char>]:

/home/administrator/ci/ci/team/workspace/src/catkin/core-perception/fl/test/gaussian_filter/kalman_filter_test.cpp:76:41:   required from here

/home/administrator/ci/ci/team/workspace/src/catkin/core-perception/fl/include/fl/filter/gaussian/gaussian_filter_linear.hpp:213:17: error: request for member description in fl::GaussianFilter<LinearTransition, LinearSensor>::transition<int, fl::LinearGaussianSensor<Eigen::Matrix<double, 2, 1>, Eigen::Matrix<double, 3, 1> > >(), which is of non-class type const int

                 + this->list_descriptions(

                 ^

/home/administrator/ci/ci/team/workspace/src/catkin/core-perception/fl/include/fl/filter/gaussian/gaussian_filter_linear.hpp: In instantiation of std::string fl::GaussianFilter<LinearTransition, LinearSensor>::name() const [with LinearTransition = int; LinearSensor = fl::LinearGaussianSensor<Eigen::Matrix<double, 10, 1, 0, 10, 1>, Eigen::Matrix<double, 3, 1> >; std::string = std::basic_string<char>]:

/home/administrator/ci/ci/team/workspace/src/catkin/core-perception/fl/test/gaussian_filter/kalman_filter_test.cpp:76:41:   required from here

/home/administrator/ci/ci/team/workspace/src/catkin/core-perception/fl/include/fl/filter/gaussian/gaussian_filter_linear.hpp:204:17: error: request for member name in fl::GaussianFilter<LinearTransition, LinearSensor>::transition<int, fl::LinearGaussianSensor<Eigen::Matrix<double, 10, 1, 0, 10, 1>, Eigen::Matrix<double, 3, 1> > >(), which is of non-class type const int

                 + this->list_arguments(

                 ^

/home/administrator/ci/ci/team/workspace/src/catkin/core-perception/fl/include/fl/filter/gaussian/gaussian_filter_linear.hpp: In instantiation of std::string fl::GaussianFilter<LinearTransition, LinearSensor>::description() const [with LinearTransition = int; LinearSensor = fl::LinearGaussianSensor<Eigen::Matrix<double, 10, 1, 0, 10, 1>, Eigen::Matrix<double, 3, 1> >; std::string = std::basic_string<char>]:

/home/administrator/ci/ci/team/workspace/src/catkin/core-perception/fl/test/gaussian_filter/kalman_filter_test.cpp:76:41:   required from here

/home/administrator/ci/ci/team/workspace/src/catkin/core-perception/fl/include/fl/filter/gaussian/gaussian_filter_linear.hpp:213:17: error: request for member description in fl::GaussianFilter<LinearTransition, LinearSensor>::transition<int, fl::LinearGaussianSensor<Eigen::Matrix<double, 10, 1, 0, 10, 1>, Eigen::Matrix<double, 3, 1> > >(), which is of non-class type const int

                 + this->list_descriptions(

                 ^

Linking CXX executable /home/administrator/ci/ci/team/workspace/devel/lib/fl/chi_squared_distribution_test

/home/administrator/ci/ci/team/workspace/src/catkin/core-perception/fl/test/gaussian_filter/robust_multi_sensor_gaussian_filter_test.cpp: At global scope:

/home/administrator/ci/ci/team/workspace/src/catkin/core-perception/fl/test/gaussian_filter/robust_multi_sensor_gaussian_filter_test.cpp:85:19: error: declaration of typedef class fl::JointSensor<fl::MultipleOf<fl::BodyTailSensor<typename ModelFactory::LinearObservation, fl::LinearCauchySensor<typename ModelFactory::LinearObservation::Obsrv, typename ModelFactory::LinearObservation::State> >, Size> > RobustMultiSensorGfTestConfiguration<StateDimension, ObsrvDimension, Count, FilterIterations>::FilterDefinition<ModelFactory>::JointSensor [-fpermissive]

                 > JointSensor;

                   ^

In file included from /home/administrator/ci/ci/team/workspace/src/catkin/core-perception/fl/include/fl/filter/gaussian/update_policy/multi_sensor_sigma_point_update_policy.hpp:29:0,

                 from /home/administrator/ci/ci/team/workspace/src/catkin/core-perception/fl/include/fl/filter/gaussian/multi_sensor_gaussian_filter.hpp:27,

                 from /home/administrator/ci/ci/team/workspace/src/catkin/core-perception/fl/include/fl/filter/gaussian/robust_multi_sensor_gaussian_filter.hpp:34,

                 from /home/administrator/ci/ci/team/workspace/src/catkin/core-perception/fl/test/gaussian_filter/robust_multi_sensor_gaussian_filter_test.cpp:28:

/home/administrator/ci/ci/team/workspace/src/catkin/core-perception/fl/include/fl/model/sensor/joint_sensor_iid.hpp:41:36: error: changes meaning of JointSensor from class fl::JointSensor<fl::MultipleOf<fl::BodyTailSensor<typename ModelFactory::LinearObservation, fl::LinearCauchySensor<typename ModelFactory::LinearObservation::Obsrv, typename ModelFactory::LinearObservation::State> >, Size> > [-fpermissive]

 template <typename...Models> class JointSensor;

                                    ^

[ 86%] Built target chi_squared_distribution_test

Scanning dependencies of target sigma_point_quadrature_test_StaticTest_1_1_Unscented_test

[ 86%] Building CXX object catkin/core-perception/fl/test/gaussian_filter/CMakeFiles/sigma_point_quadrature_test_StaticTest_1_1_Unscented_test.dir/sigma_point_quadrature_test_StaticTest_1_1_Unscented.cpp.o

In file included from /home/administrator/ci/ci/team/workspace/src/catkin/core-perception/fl/include/fl/filter/gaussian/robust_multi_sensor_gaussian_filter.hpp:35:0,

                 from /home/administrator/ci/ci/team/workspace/src/catkin/core-perception/fl/test/gaussian_filter/robust_multi_sensor_gaussian_filter_test.cpp:28:

/home/administrator/ci/ci/team/workspace/src/catkin/core-perception/fl/include/fl/filter/gaussian/X_robust_multi_sensor_gaussian_filter.hpp: In instantiation of struct fl::Traits<fl::RobustMultiSensorGaussianFilter<int, fl::JointSensor<fl::MultipleOf<fl::BodyTailSensor<fl::LinearGaussianSensor<Eigen::Matrix<double, 3, 1, 0, 3, 1>, Eigen::Matrix<double, 6, 1, 0, 6, 1> >, fl::LinearCauchySensor<Eigen::Matrix<double, 3, 1, 0, 3, 1>, Eigen::Matrix<double, 6, 1, 0, 6, 1> > >, 48> >, fl::UnscentedQuadrature> >:

/home/administrator/ci/ci/team/workspace/src/catkin/core-perception/fl/test/gaussian_filter/gaussian_filter_test_suite.hpp:157:40:   required from class GaussianFilterTest<fl::StaticTest<RobustMultiSensorGfTestConfiguration<6, 3, 48, 30> > >

/home/administrator/ci/ci/team/workspace/src/catkin/core-perception/fl/test/gaussian_filter/gaussian_filter_test_suite.hpp:197:1:   required from class gtest_case_GaussianFilterTest_::predict_then_update<fl::StaticTest<RobustMultiSensorGfTestConfiguration<6, 3, 48, 30> > >

/usr/include/gtest/internal/gtest-internal.h:663:39:   required from static bool testing::internal::TypeParameterizedTest<Fixture, TestSel, Types>::Register(const char*, const char*, const char*, int) [with Fixture = GaussianFilterTest; TestSel = testing::internal::TemplateSel<gtest_case_GaussianFilterTest_::predict_then_update>; Types = testing::internal::Types1<fl::StaticTest<RobustMultiSensorGfTestConfiguration<6, 3, 48, 30> > >]

/usr/include/gtest/internal/gtest-internal.h:694:41:   required from static bool testing::internal::TypeParameterizedTestCase<Fixture, Tests, Types>::Register(const char*, const char*, const char*) [with Fixture = GaussianFilterTest; Tests = testing::internal::Templates2<gtest_case_GaussianFilterTest_::predict_then_update, gtest_case_GaussianFilterTest_::predict_loop>; Types = testing::internal::Types1<fl::StaticTest<RobustMultiSensorGfTestConfiguration<6, 3, 48, 30> > >]

/home/administrator/ci/ci/team/workspace/src/catkin/core-perception/fl/test/gaussian_filter/robust_multi_sensor_gaussian_filter_test.cpp:126:1:   required from here

/home/administrator/ci/ci/team/workspace/src/catkin/core-perception/fl/include/fl/filter/gaussian/X_robust_multi_sensor_gaussian_filter.hpp:59:48: error: int is not a class, struct, or union type

     typedef typename TransitionFunction::State State;

                                                ^

/home/administrator/ci/ci/team/workspace/src/catkin/core-perception/fl/include/fl/filter/gaussian/X_robust_multi_sensor_gaussian_filter.hpp:60:48: error: int is not a class, struct, or union type

     typedef typename TransitionFunction::Input Input;

                                                ^

/home/administrator/ci/ci/team/workspace/src/catkin/core-perception/fl/include/fl/filter/gaussian/X_robust_multi_sensor_gaussian_filter.hpp:62:29: error: int is not a class, struct, or union type

     typedef Gaussian<State> Belief;

                             ^

/home/administrator/ci/ci/team/workspace/src/catkin/core-perception/fl/include/fl/filter/gaussian/multi_sensor_gaussian_filter.hpp: In member function std::string fl::MultiSensorGaussianFilter<TransitionFunction, JointSensorFunction, Quadrature>::description() const [with TransitionFunction = int; JointSensorFunction = fl::JointSensor<fl::MultipleOf<fl::LinearGaussianSensor<Eigen::Matrix<double, 2, 1, 0, 2, 1>, Eigen::Matrix<double, 6, 1, 0, 6, 1> >, 10> >; Quadrature = fl::UnscentedQuadrature; std::string = std::basic_string<char>]:

/home/administrator/ci/ci/team/workspace/src/catkin/core-perception/fl/include/fl/filter/gaussian/multi_sensor_gaussian_filter.hpp:121:5: warning: control reaches end of non-void function [-Wreturn-type]

     }

     ^

/home/administrator/ci/ci/team/workspace/src/catkin/core-perception/fl/include/fl/filter/gaussian/multi_sensor_gaussian_filter.hpp: In member function std::string fl::MultiSensorGaussianFilter<TransitionFunction, JointSensorFunction, Quadrature>::name() const [with TransitionFunction = int; JointSensorFunction = fl::JointSensor<fl::MultipleOf<fl::LinearGaussianSensor<Eigen::Matrix<double, 2, 1, 0, 2, 1>, Eigen::Matrix<double, 6, 1, 0, 6, 1> >, 10> >; Quadrature = fl::UnscentedQuadrature; std::string = std::basic_string<char>]:

/home/administrator/ci/ci/team/workspace/src/catkin/core-perception/fl/include/fl/filter/gaussian/multi_sensor_gaussian_filter.hpp:115:5: warning: control reaches end of non-void function [-Wreturn-type]

     }

     ^

At global scope:

cc1plus: warning: unrecognized command line option "-Wno-deprecated-register" [enabled by default]

make[3]: *** [catkin/core-perception/fl/test/CMakeFiles/multi_sensor_gaussian_filter_test.dir/gaussian_filter/multi_sensor_gaussian_filter_test.cpp.o] Error 1

make[2]: *** [catkin/core-perception/fl/test/CMakeFiles/multi_sensor_gaussian_filter_test.dir/all] Error 2

make[2]: *** Waiting for unfinished jobs....

/home/administrator/ci/ci/team/workspace/src/catkin/core-perception/fl/include/fl/filter/gaussian/X_robust_multi_sensor_gaussian_filter.hpp: In instantiation of class fl::RobustMultiSensorGaussianFilter<int, fl::JointSensor<fl::MultipleOf<fl::BodyTailSensor<fl::LinearGaussianSensor<Eigen::Matrix<double, 3, 1, 0, 3, 1>, Eigen::Matrix<double, 6, 1, 0, 6, 1> >, fl::LinearCauchySensor<Eigen::Matrix<double, 3, 1, 0, 3, 1>, Eigen::Matrix<double, 6, 1, 0, 6, 1> > >, 48> >, fl::UnscentedQuadrature>:

/home/administrator/ci/ci/team/workspace/src/catkin/core-perception/fl/test/gaussian_filter/gaussian_filter_test_suite.hpp:245:53:   required from void gtest_case_GaussianFilterTest_::predict_loop<gtest_TypeParam_>::TestBody() [with gtest_TypeParam_ = fl::StaticTest<RobustMultiSensorGfTestConfiguration<6, 3, 48, 30> >]

/home/administrator/ci/ci/team/workspace/src/catkin/core-perception/fl/test/gaussian_filter/robust_multi_sensor_gaussian_filter_test.cpp:128:41:   required from here

/home/administrator/ci/ci/team/workspace/src/catkin/core-perception/fl/include/fl/filter/gaussian/X_robust_multi_sensor_gaussian_filter.hpp:78:48: error: int is not a class, struct, or union type

     typedef typename TransitionFunction::State State;

                                                ^

/home/administrator/ci/ci/team/workspace/src/catkin/core-perception/fl/include/fl/filter/gaussian/X_robust_multi_sensor_gaussian_filter.hpp:79:48: error: int is not a class, struct, or union type

     typedef typename TransitionFunction::Input Input;

                                                ^

/home/administrator/ci/ci/team/workspace/src/catkin/core-perception/fl/include/fl/filter/gaussian/X_robust_multi_sensor_gaussian_filter.hpp:81:29: error: int is not a class, struct, or union type

     typedef Gaussian<State> Belief;

                             ^

In file included from /home/administrator/ci/ci/team/workspace/src/catkin/core-perception/fl/include/fl/util/meta/size_deduction.hpp:23:0,

                 from /home/administrator/ci/ci/team/workspace/src/catkin/core-perception/fl/include/fl/util/meta.hpp:23,

                 from /home/administrator/ci/ci/team/workspace/src/catkin/core-perception/fl/test/gaussian_filter/../typecast.hpp:23,

                 from /home/administrator/ci/ci/team/workspace/src/catkin/core-perception/fl/test/gaussian_filter/robust_multi_sensor_gaussian_filter_test.cpp:21:

/home/administrator/ci/ci/team/workspace/src/catkin/core-perception/fl/include/fl/util/traits.hpp: In instantiation of struct fl::AdditivityOf<int>:

/home/administrator/ci/ci/team/workspace/src/catkin/core-perception/fl/include/fl/filter/gaussian/multi_sensor_gaussian_filter.hpp:63:7:   required from class fl::MultiSensorGaussianFilter<int, fl::JointSensor<fl::MultipleOf<fl::MultiRobustSensorFunction<fl::BodyTailSensor<fl::LinearGaussianSensor<Eigen::Matrix<double, 3, 1, 0, 3, 1>, Eigen::Matrix<double, 6, 1, 0, 6, 1> >, fl::LinearCauchySensor<Eigen::Matrix<double, 3, 1, 0, 3, 1>, Eigen::Matrix<double, 6, 1, 0, 6, 1> > >, 48>, 48> >, fl::UnscentedQuadrature>

/home/administrator/ci/ci/team/workspace/src/catkin/core-perception/fl/include/fl/filter/gaussian/X_robust_multi_sensor_gaussian_filter.hpp:353:39:   required from class fl::RobustMultiSensorGaussianFilter<int, fl::JointSensor<fl::MultipleOf<fl::BodyTailSensor<fl::LinearGaussianSensor<Eigen::Matrix<double, 3, 1, 0, 3, 1>, Eigen::Matrix<double, 6, 1, 0, 6, 1> >, fl::LinearCauchySensor<Eigen::Matrix<double, 3, 1, 0, 3, 1>, Eigen::Matrix<double, 6, 1, 0, 6, 1> > >, 48> >, fl::UnscentedQuadrature>

/home/administrator/ci/ci/team/workspace/src/catkin/core-perception/fl/test/gaussian_filter/gaussian_filter_test_suite.hpp:245:53:   required from void gtest_case_GaussianFilterTest_::predict_loop<gtest_TypeParam_>::TestBody() [with gtest_TypeParam_ = fl::StaticTest<RobustMultiSensorGfTestConfiguration<6, 3, 48, 30> >]

/home/administrator/ci/ci/team/workspace/src/catkin/core-perception/fl/test/gaussian_filter/robust_multi_sensor_gaussian_filter_test.cpp:128:41:   required from here

/home/administrator/ci/ci/team/workspace/src/catkin/core-perception/fl/include/fl/util/traits.hpp:398:70: error: int is not a class, struct, or union type

     typedef typename AdditivityOf<Model, typename Model::Type>::Type Type;

                                                                      ^

In file included from /home/administrator/ci/ci/team/workspace/src/catkin/core-perception/fl/test/gaussian_filter/robust_multi_sensor_gaussian_filter_test.cpp:25:0:

/home/administrator/ci/ci/team/workspace/src/catkin/core-perception/fl/test/gaussian_filter/gaussian_filter_test_suite.hpp: In instantiation of void gtest_case_GaussianFilterTest_::predict_loop<gtest_TypeParam_>::TestBody() [with gtest_TypeParam_ = fl::StaticTest<RobustMultiSensorGfTestConfiguration<6, 3, 48, 30> >]:

/home/administrator/ci/ci/team/workspace/src/catkin/core-perception/fl/test/gaussian_filter/robust_multi_sensor_gaussian_filter_test.cpp:128:41:   required from here

/home/administrator/ci/ci/team/workspace/src/catkin/core-perception/fl/test/gaussian_filter/gaussian_filter_test_suite.hpp:246:40: error: class fl::RobustMultiSensorGaussianFilter<int, fl::JointSensor<fl::MultipleOf<fl::BodyTailSensor<fl::LinearGaussianSensor<Eigen::Matrix<double, 3, 1, 0, 3, 1>, Eigen::Matrix<double, 6, 1, 0, 6, 1> >, fl::LinearCauchySensor<Eigen::Matrix<double, 3, 1, 0, 3, 1>, Eigen::Matrix<double, 6, 1, 0, 6, 1> > >, 48> >, fl::UnscentedQuadrature> has no member named create_belief

     auto belief = filter.create_belief();

                                        ^

/home/administrator/ci/ci/team/workspace/src/catkin/core-perception/fl/test/gaussian_filter/gaussian_filter_test_suite.hpp:252:9: error: class fl::RobustMultiSensorGaussianFilter<int, fl::JointSensor<fl::MultipleOf<fl::BodyTailSensor<fl::LinearGaussianSensor<Eigen::Matrix<double, 3, 1, 0, 3, 1>, Eigen::Matrix<double, 6, 1, 0, 6, 1> >, fl::LinearCauchySensor<Eigen::Matrix<double, 3, 1, 0, 3, 1>, Eigen::Matrix<double, 6, 1, 0, 6, 1> > >, 48> >, fl::UnscentedQuadrature> has no member named predict

         filter.predict(belief, This::zero_input(filter), belief);

         ^

/home/administrator/ci/ci/team/workspace/src/catkin/core-perception/fl/test/gaussian_filter/gaussian_filter_test_suite.hpp:252:55: error: zero_input is not a member of This {aka GaussianFilterTest<fl::StaticTest<RobustMultiSensorGfTestConfiguration<6, 3, 48, 30> > >}

         filter.predict(belief, This::zero_input(filter), belief);

                                                       ^

/home/administrator/ci/ci/team/workspace/src/catkin/core-perception/fl/test/gaussian_filter/gaussian_filter_test_suite.hpp: In instantiation of void gtest_case_GaussianFilterTest_::predict_then_update<gtest_TypeParam_>::TestBody() [with gtest_TypeParam_ = fl::StaticTest<RobustMultiSensorGfTestConfiguration<6, 3, 48, 30> >]:

/home/administrator/ci/ci/team/workspace/src/catkin/core-perception/fl/test/gaussian_filter/robust_multi_sensor_gaussian_filter_test.cpp:128:41:   required from here

/home/administrator/ci/ci/team/workspace/src/catkin/core-perception/fl/test/gaussian_filter/gaussian_filter_test_suite.hpp:205:40: error: class fl::RobustMultiSensorGaussianFilter<int, fl::JointSensor<fl::MultipleOf<fl::BodyTailSensor<fl::LinearGaussianSensor<Eigen::Matrix<double, 3, 1, 0, 3, 1>, Eigen::Matrix<double, 6, 1, 0, 6, 1> >, fl::LinearCauchySensor<Eigen::Matrix<double, 3, 1, 0, 3, 1>, Eigen::Matrix<double, 6, 1, 0, 6, 1> > >, 48> >, fl::UnscentedQuadrature> has no member named create_belief

     auto belief = filter.create_belief();

                                        ^

/home/administrator/ci/ci/team/workspace/src/catkin/core-perception/fl/test/gaussian_filter/gaussian_filter_test_suite.hpp:215:9: error: class fl::RobustMultiSensorGaussianFilter<int, fl::JointSensor<fl::MultipleOf<fl::BodyTailSensor<fl::LinearGaussianSensor<Eigen::Matrix<double, 3, 1, 0, 3, 1>, Eigen::Matrix<double, 6, 1, 0, 6, 1> >, fl::LinearCauchySensor<Eigen::Matrix<double, 3, 1, 0, 3, 1>, Eigen::Matrix<double, 6, 1, 0, 6, 1> > >, 48> >, fl::UnscentedQuadrature> has no member named predict

         filter.predict(belief, This::zero_input(filter), belief);

         ^

/home/administrator/ci/ci/team/workspace/src/catkin/core-perception/fl/test/gaussian_filter/gaussian_filter_test_suite.hpp:215:55: error: zero_input is not a member of This {aka GaussianFilterTest<fl::StaticTest<RobustMultiSensorGfTestConfiguration<6, 3, 48, 30> > >}

         filter.predict(belief, This::zero_input(filter), belief);

                                                       ^

/home/administrator/ci/ci/team/workspace/src/catkin/core-perception/fl/test/gaussian_filter/gaussian_filter_test_suite.hpp:226:9: error: class fl::RobustMultiSensorGaussianFilter<int, fl::JointSensor<fl::MultipleOf<fl::BodyTailSensor<fl::LinearGaussianSensor<Eigen::Matrix<double, 3, 1, 0, 3, 1>, Eigen::Matrix<double, 6, 1, 0, 6, 1> >, fl::LinearCauchySensor<Eigen::Matrix<double, 3, 1, 0, 3, 1>, Eigen::Matrix<double, 6, 1, 0, 6, 1> > >, 48> >, fl::UnscentedQuadrature> has no member named update

         filter.update(belief, This::rand_obsrv(filter), belief);

         ^

In file included from /home/administrator/ci/ci/team/workspace/src/catkin/core-perception/fl/include/fl/filter/gaussian/robust_multi_sensor_gaussian_filter.hpp:34:0,

                 from /home/administrator/ci/ci/team/workspace/src/catkin/core-perception/fl/test/gaussian_filter/robust_multi_sensor_gaussian_filter_test.cpp:28:

/home/administrator/ci/ci/team/workspace/src/catkin/core-perception/fl/include/fl/filter/gaussian/multi_sensor_gaussian_filter.hpp: In instantiation of std::string fl::MultiSensorGaussianFilter<TransitionFunction, JointSensorFunction, Quadrature>::name() const [with TransitionFunction = int; JointSensorFunction = fl::JointSensor<fl::MultipleOf<fl::MultiRobustSensorFunction<fl::BodyTailSensor<fl::LinearGaussianSensor<Eigen::Matrix<double, 3, 1, 0, 3, 1>, Eigen::Matrix<double, 6, 1, 0, 6, 1> >, fl::LinearCauchySensor<Eigen::Matrix<double, 3, 1, 0, 3, 1>, Eigen::Matrix<double, 6, 1, 0, 6, 1> > >, 48>, 48> >; Quadrature = fl::UnscentedQuadrature; std::string = std::basic_string<char>]:

/home/administrator/ci/ci/team/workspace/src/catkin/core-perception/fl/include/fl/filter/gaussian/X_robust_multi_sensor_gaussian_filter.hpp:333:51:   required from std::string fl::RobustMultiSensorGaussianFilter<TransitionFunction, ActualJointSensor, Quadrature>::name() const [with TransitionFunction = int; ActualJointSensor = fl::JointSensor<fl::MultipleOf<fl::BodyTailSensor<fl::LinearGaussianSensor<Eigen::Matrix<double, 3, 1, 0, 3, 1>, Eigen::Matrix<double, 6, 1, 0, 6, 1> >, fl::LinearCauchySensor<Eigen::Matrix<double, 3, 1, 0, 3, 1>, Eigen::Matrix<double, 6, 1, 0, 6, 1> > >, 48> >; Quadrature = fl::UnscentedQuadrature; std::string = std::basic_string<char>]

/home/administrator/ci/ci/team/workspace/src/catkin/core-perception/fl/test/gaussian_filter/gaussian_filter_test_suite.hpp:203:5:   required from void gtest_case_GaussianFilterTest_::predict_then_update<gtest_TypeParam_>::TestBody() [with gtest_TypeParam_ = fl::StaticTest<RobustMultiSensorGfTestConfiguration<6, 3, 48, 30> >]

/home/administrator/ci/ci/team/workspace/src/catkin/core-perception/fl/test/gaussian_filter/robust_multi_sensor_gaussian_filter_test.cpp:128:41:   required from here

/home/administrator/ci/ci/team/workspace/src/catkin/core-perception/fl/include/fl/filter/gaussian/multi_sensor_gaussian_filter.hpp:113:45: error: const class fl::MultiSensorGaussianFilter<int, fl::JointSensor<fl::MultipleOf<fl::MultiRobustSensorFunction<fl::BodyTailSensor<fl::LinearGaussianSensor<Eigen::Matrix<double, 3, 1, 0, 3, 1>, Eigen::Matrix<double, 6, 1, 0, 6, 1> >, fl::LinearCauchySensor<Eigen::Matrix<double, 3, 1, 0, 3, 1>, Eigen::Matrix<double, 6, 1, 0, 6, 1> > >, 48>, 48> >, fl::UnscentedQuadrature> has no member named list_arguments

         return "MultiSensorGaussianFilter<" +

                                             ^

In file included from /home/administrator/ci/ci/team/workspace/src/catkin/core-perception/fl/test/gaussian_filter/robust_multi_sensor_gaussian_filter_test.cpp:25:0:

/home/administrator/ci/ci/team/workspace/src/catkin/core-perception/fl/test/gaussian_filter/gaussian_filter_test_suite.hpp: In instantiation of GaussianFilterTest<TestType>::ModelFactory::LinearTransition GaussianFilterTest<TestType>::ModelFactory::create_linear_state_model() [with TestType = fl::StaticTest<RobustMultiSensorGfTestConfiguration<6, 3, 48, 30> >; GaussianFilterTest<TestType>::ModelFactory::LinearTransition = int]:

/home/administrator/ci/ci/team/workspace/src/catkin/core-perception/fl/test/gaussian_filter/robust_multi_sensor_gaussian_filter_test.cpp:118:46:   required from static typename RobustMultiSensorGfTestConfiguration<StateDimension, ObsrvDimension, Count, FilterIterations>::FilterDefinition<ModelFactory>::Type RobustMultiSensorGfTestConfiguration<StateDimension, ObsrvDimension, Count, FilterIterations>::create_filter(ModelFactory&&) [with ModelFactory = GaussianFilterTest<fl::StaticTest<RobustMultiSensorGfTestConfiguration<6, 3, 48, 30> > >::ModelFactory; int StateDimension = 6; int ObsrvDimension = 3; int Count = 48; int FilterIterations = 30; typename RobustMultiSensorGfTestConfiguration<StateDimension, ObsrvDimension, Count, FilterIterations>::FilterDefinition<ModelFactory>::Type = fl::RobustMultiSensorGaussianFilter<int, fl::JointSensor<fl::MultipleOf<fl::BodyTailSensor<fl::LinearGaussianSensor<Eigen::Matrix<double, 3, 1, 0, 3, 1>, Eigen::Matrix<double, 6, 1, 0, 6, 1> >, fl::LinearCauchySensor<Eigen::Matrix<double, 3, 1, 0, 3, 1>, Eigen::Matrix<double, 6, 1, 0, 6, 1> > >, 48> >, fl::UnscentedQuadrature>]

/home/administrator/ci/ci/team/workspace/src/catkin/core-perception/fl/test/gaussian_filter/gaussian_filter_test_suite.hpp:154:64:   required from GaussianFilterTest<TestType>::Filter GaussianFilterTest<TestType>::create_filter(GaussianFilterTest<TestType>::ModelSetup) const [with TestType = fl::StaticTest<RobustMultiSensorGfTestConfiguration<6, 3, 48, 30> >; GaussianFilterTest<TestType>::Filter = fl::RobustMultiSensorGaussianFilter<int, fl::JointSensor<fl::MultipleOf<fl::BodyTailSensor<fl::LinearGaussianSensor<Eigen::Matrix<double, 3, 1, 0, 3, 1>, Eigen::Matrix<double, 6, 1, 0, 6, 1> >, fl::LinearCauchySensor<Eigen::Matrix<double, 3, 1, 0, 3, 1>, Eigen::Matrix<double, 6, 1, 0, 6, 1> > >, 48> >, fl::UnscentedQuadrature>]

/home/administrator/ci/ci/team/workspace/src/catkin/core-perception/fl/test/gaussian_filter/gaussian_filter_test_suite.hpp:245:53:   required from void gtest_case_GaussianFilterTest_::predict_loop<gtest_TypeParam_>::TestBody() [with gtest_TypeParam_ = fl::StaticTest<RobustMultiSensorGfTestConfiguration<6, 3, 48, 30> >]

/home/administrator/ci/ci/team/workspace/src/catkin/core-perception/fl/test/gaussian_filter/robust_multi_sensor_gaussian_filter_test.cpp:128:41:   required from here

/home/administrator/ci/ci/team/workspace/src/catkin/core-perception/fl/test/gaussian_filter/gaussian_filter_test_suite.hpp:95:61: error: expression list treated as compound expression in functional cast [-fpermissive]

             auto model = LinearTransition(StateDim, InputDim);

                                                             ^

/home/administrator/ci/ci/team/workspace/src/catkin/core-perception/fl/test/gaussian_filter/gaussian_filter_test_suite.hpp:95:61: warning: left operand of comma operator has no effect [-Wunused-value]

In file included from /home/administrator/ci/ci/team/workspace/src/catkin/core-perception/fl/include/fl/filter/gaussian/robust_multi_sensor_gaussian_filter.hpp:34:0,

                 from /home/administrator/ci/ci/team/workspace/src/catkin/core-perception/fl/test/gaussian_filter/robust_multi_sensor_gaussian_filter_test.cpp:28:

/home/administrator/ci/ci/team/workspace/src/catkin/core-perception/fl/include/fl/filter/gaussian/multi_sensor_gaussian_filter.hpp: In instantiation of std::string fl::MultiSensorGaussianFilter<TransitionFunction, JointSensorFunction, Quadrature>::description() const [with TransitionFunction = int; JointSensorFunction = fl::JointSensor<fl::MultipleOf<fl::MultiRobustSensorFunction<fl::BodyTailSensor<fl::LinearGaussianSensor<Eigen::Matrix<double, 3, 1, 0, 3, 1>, Eigen::Matrix<double, 6, 1, 0, 6, 1> >, fl::LinearCauchySensor<Eigen::Matrix<double, 3, 1, 0, 3, 1>, Eigen::Matrix<double, 6, 1, 0, 6, 1> > >, 48>, 48> >; Quadrature = fl::UnscentedQuadrature; std::string = std::basic_string<char>]:

/home/administrator/ci/ci/team/workspace/src/catkin/core-perception/fl/test/gaussian_filter/robust_multi_sensor_gaussian_filter_test.cpp:128:41:   required from here

/home/administrator/ci/ci/team/workspace/src/catkin/core-perception/fl/include/fl/filter/gaussian/multi_sensor_gaussian_filter.hpp:119:52: error: const class fl::MultiSensorGaussianFilter<int, fl::JointSensor<fl::MultipleOf<fl::MultiRobustSensorFunction<fl::BodyTailSensor<fl::LinearGaussianSensor<Eigen::Matrix<double, 3, 1, 0, 3, 1>, Eigen::Matrix<double, 6, 1, 0, 6, 1> >, fl::LinearCauchySensor<Eigen::Matrix<double, 3, 1, 0, 3, 1>, Eigen::Matrix<double, 6, 1, 0, 6, 1> > >, 48>, 48> >, fl::UnscentedQuadrature> has no member named list_descriptions

         return "Multi-Sensor Gaussian Filter with" +

                                                    ^

Linking CXX executable /home/administrator/ci/ci/team/workspace/devel/lib/fl/decorrelated_gaussian_distribution_test

Linking CXX executable /home/administrator/ci/ci/team/workspace/devel/lib/fl/discrete_distribution_test

[ 86%] Built target decorrelated_gaussian_distribution_test

[ 86%] Built target discrete_distribution_test

/home/administrator/ci/ci/team/workspace/src/catkin/core-perception/fl/include/fl/filter/gaussian/gaussian_filter_linear.hpp: In member function std::string fl::GaussianFilter<LinearTransition, LinearSensor>::description() const [with LinearTransition = int; LinearSensor = fl::LinearGaussianSensor<Eigen::Matrix<double, 2, 1>, Eigen::Matrix<double, 3, 1> >; std::string = std::basic_string<char>]:

/home/administrator/ci/ci/team/workspace/src/catkin/core-perception/fl/include/fl/filter/gaussian/gaussian_filter_linear.hpp:216:5: warning: control reaches end of non-void function [-Wreturn-type]

     }

     ^

/home/administrator/ci/ci/team/workspace/src/catkin/core-perception/fl/include/fl/filter/gaussian/gaussian_filter_linear.hpp: In member function std::string fl::GaussianFilter<LinearTransition, LinearSensor>::name() const [with LinearTransition = int; LinearSensor = fl::LinearGaussianSensor<Eigen::Matrix<double, 2, 1>, Eigen::Matrix<double, 3, 1> >; std::string = std::basic_string<char>]:

/home/administrator/ci/ci/team/workspace/src/catkin/core-perception/fl/include/fl/filter/gaussian/gaussian_filter_linear.hpp:208:5: warning: control reaches end of non-void function [-Wreturn-type]

     }

     ^

/home/administrator/ci/ci/team/workspace/src/catkin/core-perception/fl/include/fl/filter/gaussian/gaussian_filter_linear.hpp: In member function std::string fl::GaussianFilter<LinearTransition, LinearSensor>::description() const [with LinearTransition = int; LinearSensor = fl::LinearGaussianSensor<Eigen::Matrix<double, 10, 1, 0, 10, 1>, Eigen::Matrix<double, 3, 1> >; std::string = std::basic_string<char>]:

/home/administrator/ci/ci/team/workspace/src/catkin/core-perception/fl/include/fl/filter/gaussian/gaussian_filter_linear.hpp:216:5: warning: control reaches end of non-void function [-Wreturn-type]

     }

     ^

/home/administrator/ci/ci/team/workspace/src/catkin/core-perception/fl/include/fl/filter/gaussian/gaussian_filter_linear.hpp: In member function std::string fl::GaussianFilter<LinearTransition, LinearSensor>::name() const [with LinearTransition = int; LinearSensor = fl::LinearGaussianSensor<Eigen::Matrix<double, 10, 1, 0, 10, 1>, Eigen::Matrix<double, 3, 1> >; std::string = std::basic_string<char>]:

/home/administrator/ci/ci/team/workspace/src/catkin/core-perception/fl/include/fl/filter/gaussian/gaussian_filter_linear.hpp:208:5: warning: control reaches end of non-void function [-Wreturn-type]

     }

     ^

At global scope:

cc1plus: warning: unrecognized command line option "-Wno-deprecated-register" [enabled by default]

make[3]: *** [catkin/core-perception/fl/test/CMakeFiles/gaussian_filter_kalman_filter_test.dir/gaussian_filter/kalman_filter_test.cpp.o] Error 1

make[2]: *** [catkin/core-perception/fl/test/CMakeFiles/gaussian_filter_kalman_filter_test.dir/all] Error 2

At global scope:

cc1plus: warning: unrecognized command line option "-Wno-deprecated-register" [enabled by default]

make[3]: *** [catkin/core-perception/fl/test/CMakeFiles/gaussian_filter_unscented_kalman_filter_test.dir/gaussian_filter/unscented_kalman_filter_test.cpp.o] Error 1

make[2]: *** [catkin/core-perception/fl/test/CMakeFiles/gaussian_filter_unscented_kalman_filter_test.dir/all] Error 2

Linking CXX executable /home/administrator/ci/ci/team/workspace/devel/lib/fl/t_distribution_test

/home/administrator/ci/ci/team/workspace/src/catkin/core-perception/fl/include/fl/filter/gaussian/multi_sensor_gaussian_filter.hpp: In member function std::string fl::MultiSensorGaussianFilter<TransitionFunction, JointSensorFunction, Quadrature>::description() const [with TransitionFunction = int; JointSensorFunction = fl::JointSensor<fl::MultipleOf<fl::MultiRobustSensorFunction<fl::BodyTailSensor<fl::LinearGaussianSensor<Eigen::Matrix<double, 3, 1, 0, 3, 1>, Eigen::Matrix<double, 6, 1, 0, 6, 1> >, fl::LinearCauchySensor<Eigen::Matrix<double, 3, 1, 0, 3, 1>, Eigen::Matrix<double, 6, 1, 0, 6, 1> > >, 48>, 48> >; Quadrature = fl::UnscentedQuadrature; std::string = std::basic_string<char>]:

/home/administrator/ci/ci/team/workspace/src/catkin/core-perception/fl/include/fl/filter/gaussian/multi_sensor_gaussian_filter.hpp:121:5: warning: control reaches end of non-void function [-Wreturn-type]

     }

     ^

/home/administrator/ci/ci/team/workspace/src/catkin/core-perception/fl/include/fl/filter/gaussian/multi_sensor_gaussian_filter.hpp: In member function std::string fl::MultiSensorGaussianFilter<TransitionFunction, JointSensorFunction, Quadrature>::name() const [with TransitionFunction = int; JointSensorFunction = fl::JointSensor<fl::MultipleOf<fl::MultiRobustSensorFunction<fl::BodyTailSensor<fl::LinearGaussianSensor<Eigen::Matrix<double, 3, 1, 0, 3, 1>, Eigen::Matrix<double, 6, 1, 0, 6, 1> >, fl::LinearCauchySensor<Eigen::Matrix<double, 3, 1, 0, 3, 1>, Eigen::Matrix<double, 6, 1, 0, 6, 1> > >, 48>, 48> >; Quadrature = fl::UnscentedQuadrature; std::string = std::basic_string<char>]:

/home/administrator/ci/ci/team/workspace/src/catkin/core-perception/fl/include/fl/filter/gaussian/multi_sensor_gaussian_filter.hpp:115:5: warning: control reaches end of non-void function [-Wreturn-type]

     }

     ^

At global scope:

cc1plus: warning: unrecognized command line option "-Wno-deprecated-register" [enabled by default]

make[3]: *** [catkin/core-perception/fl/test/CMakeFiles/robust_multi_sensor_gaussian_filter_test.dir/gaussian_filter/robust_multi_sensor_gaussian_filter_test.cpp.o] Error 1

make[2]: *** [catkin/core-perception/fl/test/CMakeFiles/robust_multi_sensor_gaussian_filter_test.dir/all] Error 2

[ 86%] Built target t_distribution_test

Linking CXX executable /home/administrator/ci/ci/team/workspace/devel/lib/fl/linear_uncorrelated_gaussian_sensor_test

[ 86%] Built target linear_uncorrelated_gaussian_sensor_test

Linking CXX executable /home/administrator/ci/ci/team/workspace/devel/lib/fl/sigma_point_quadrature_test_StaticTest_1_1_Unscented_test

[ 86%] Built target sigma_point_quadrature_test_StaticTest_1_1_Unscented_test

Linking CXX executable /home/administrator/ci/ci/team/workspace/devel/lib/fl/unscented_transform_test_test

[ 86%] Built target unscented_transform_test_test

Linking CXX executable /home/administrator/ci/ci/team/workspace/devel/lib/fl/gaussian_filter_linear_vs_unscented_kalman_filter_test_StaticTest_20_2_2_GaussianModel_NonAdditive_NonAdditive_test

[ 86%] Built target gaussian_filter_linear_vs_unscented_kalman_filter_test_StaticTest_20_2_2_GaussianModel_NonAdditive_NonAdditive_test

Linking CXX executable /home/administrator/ci/ci/team/workspace/devel/lib/fl/linear_gaussian_sensor_test

Linking CXX executable /home/administrator/ci/ci/team/workspace/devel/lib/fl/body_tail_sensor_test

[ 86%] Built target linear_gaussian_sensor_test

[ 86%] Built target body_tail_sensor_test

Linking CXX executable /home/administrator/ci/ci/team/workspace/devel/lib/fl/joint_sensor_iid_test

Linking CXX executable /home/administrator/ci/ci/team/workspace/devel/lib/fl/linear_transition_test

[ 86%] Built target joint_sensor_iid_test

[ 86%] Built target linear_transition_test

Linking CXX executable /home/administrator/ci/ci/team/workspace/devel/lib/fl/gaussian_distribution_test

[ 86%] Built target gaussian_distribution_test

make[1]: *** [CMakeFiles/tests.dir/rule] Error 2

make: *** [tests] Error 2

####

#### Running command: "cmake /home/administrator/ci/ci/team/workspace/src -DCATKIN_DEVEL_PREFIX=/home/administrator/ci/ci/team/workspace/devel -DCMAKE_INSTALL_PREFIX=/home/administrator/ci/ci/team/workspace/install" in "/home/administrator/ci/ci/team/workspace/build"

####

####

#### Running command: "make -j16 tests" in "/home/administrator/ci/ci/team/workspace/build"

####

Invoking "make" failed
