failed to compile unit tests:
WARNING: Catkin package name "Eigen" does not follow the naming conventions. It should start with a lower case letter and only contain lower case letters, digits, and underscores.

-- Using CATKIN_DEVEL_PREFIX: /home/administrator/ci/ci/team/workspace/devel

-- Using CMAKE_PREFIX_PATH: /home/administrator/ci/ci/team/workspace/devel;/opt/ros/indigo

-- This workspace overlays: /home/administrator/ci/ci/team/workspace/devel;/opt/ros/indigo

-- Using PYTHON_EXECUTABLE: /usr/bin/python

-- Python version: 2.7

-- Using Debian Python package layout

-- Using CATKIN_ENABLE_TESTING: ON

-- Call enable_testing()

-- Using CATKIN_TEST_RESULTS_DIR: /home/administrator/ci/ci/team/workspace/build/test_results

-- Found gtest sources under '/usr/src/gtest': gtests will be built

-- catkin 0.5.90

-- BUILD_SHARED_LIBS is on

WARNING: Catkin package name "Eigen" does not follow the naming conventions. It should start with a lower case letter and only contain lower case letters, digits, and underscores.

WARNING: Catkin package name "Eigen" does not follow the naming conventions. It should start with a lower case letter and only contain lower case letters, digits, and underscores.

-- ~~~~~~~~~~~~~~~~~~~~~~~~~~~~~~~~~~~~~~~~~~~~~~~~~

-- ~~  traversing 49 packages in topological order:

-- ~~  - Eigen

-- ~~  - apollo_robot_model

-- ~~  - catkin_gflags

-- ~~  - catkin_glog

-- ~~  - cdlbt

-- ~~  - can_control_tools

-- ~~  - conversions

-- ~~  - py_cpp_interface

-- ~~  - pyplot

-- ~~  - qp_oases

-- ~~  - quadprog

-- ~~  - ros_realtime (metapackage)

-- ~~  - allocators

-- ~~  - rosatomic

-- ~~  - lockfree

-- ~~  - rt_timer

-- ~~  - start_robot

-- ~~  - amd_clmc_ros_messages

-- ~~  - ar_track_alvar_msgs

-- ~~  - custom_robot_msgs

-- ~~  - riemo_grasping_msgs

-- ~~  - utilities

-- ~~  - lwpr

-- ~~  - vrpn_vicon_minimum

-- ~~  - vrpn_vicon_objs_tracker

-- ~~  - xenomai_ros

-- ~~  - constrained_inverse_kinematics_msgs

-- ~~  - roscpp_utilities

-- ~~  - rosrt

-- ~~  - ros_rt_test

-- ~~  - sl

-- ~~  - apollo

-- ~~  - apollo_test_task

-- ~~  - sl_python_core

-- ~~  - sl_python_apollo

-- ~~  - sl_ros_servo

-- ~~  - python_ros_utils

-- ~~  - ros_servo_apollo

-- ~~  - usc_utilities

-- ~~  - learnable_cost_function

-- ~~  - robot_info

-- ~~  - jacobian_utilities

-- ~~  - vicon_bridge

-- ~~  - vicon_core

-- ~~  - vicon_subscriber

-- ~~  - yaml_cpp

-- ~~  - facial_expressions

-- ~~  - pole_balancing_apollo

-- ~~  - apollo_user

-- ~~~~~~~~~~~~~~~~~~~~~~~~~~~~~~~~~~~~~~~~~~~~~~~~~

-- +++ processing catkin package: 'Eigen'

-- ==> add_subdirectory(catkin/third_party/Eigen)

WARNING: Catkin package name "Eigen" does not follow the naming conventions. It should start with a lower case letter and only contain lower case letters, digits, and underscores.

-- +++ processing catkin package: 'apollo_robot_model'

-- ==> add_subdirectory(catkin/robots/apollo_robot_model)

-- +++ processing catkin package: 'catkin_gflags'

-- ==> add_subdirectory(catkin/third_party/catkin-gflags)

-- Found gflags  (include: /usr/include, library: /usr/lib/x86_64-linux-gnu/libgflags.so)

-- +++ processing catkin package: 'catkin_glog'

-- ==> add_subdirectory(catkin/third_party/catkin-glog)

-- Found glog    (include: /usr/include, library: /usr/lib/x86_64-linux-gnu/libglog.so)

-- +++ processing catkin package: 'cdlbt'

-- ==> add_subdirectory(catkin/ros/barrett-ros/cdlbt)

-- MACHTYPE x86_64

Detected MACHTYPE=x86_64

CMake Warning at cmake/sl_cmake_global/LAB.cmake:181 (message):

  HERMES HOSTS SET TO ATHENA-ROBOT IN SRC/CMAKE/SL_CMAKE_GLOBAL/LAB.CMAKE

Call Stack (most recent call first):

  catkin/ros/barrett-ros/cdlbt/CMakeLists.txt:8 (include)





-- HOST_NAME=everest

-- HOST=everest

-- LAB=AMD

-- CMAKE_C_FLAGS=-Wall -Wno-unused -Wno-strict-aliasing 

-- CMAKE_CPP_FLAGS=-Wall -Wno-unused -Wno-strict-aliasing 

-- CMAKE_INCLUDE_PATH=

-- CMAKE_LIBRARY_PATH=

-- LAB_STD_LIBS=pthread;rt;edit;curses;nsl;glut;GL;GLU;X11;Xmu;m

-- LAB_LIBDIR=lib/x86_64

-- LAB_INCLUDES=include

-- LAB_BINDIR=bin/x86_64

-- +++ processing catkin package: 'can_control_tools'

-- ==> add_subdirectory(catkin/ros/barrett-ros/canControlTools)

-- MACHTYPE x86_64

Detected MACHTYPE=x86_64

CMake Warning at cmake/sl_cmake_global/LAB.cmake:181 (message):

  HERMES HOSTS SET TO ATHENA-ROBOT IN SRC/CMAKE/SL_CMAKE_GLOBAL/LAB.CMAKE

Call Stack (most recent call first):

  catkin/ros/barrett-ros/canControlTools/CMakeLists.txt:8 (include)





-- HOST_NAME=everest

-- HOST=everest

-- LAB=AMD

-- CMAKE_C_FLAGS=-Wall -Wno-unused -Wno-strict-aliasing 

-- CMAKE_CPP_FLAGS=-Wall -Wno-unused -Wno-strict-aliasing 

-- CMAKE_INCLUDE_PATH=

-- CMAKE_LIBRARY_PATH=

-- LAB_STD_LIBS=pthread;rt;edit;curses;nsl;glut;GL;GLU;X11;Xmu;m

-- LAB_LIBDIR=lib/x86_64

-- LAB_INCLUDES=include

-- LAB_BINDIR=bin/x86_64

-- Boost version: 1.54.0

-- Found the following Boost libraries:

--   thread

-- +++ processing catkin package: 'conversions'

-- ==> add_subdirectory(catkin/ros/usc-clmc-catkin-pkg/usc_utils/conversions)

-- +++ processing catkin package: 'py_cpp_interface'

-- ==> add_subdirectory(catkin/utils/py_cpp_interface)

-- Boost version: 1.54.0

-- Found the following Boost libraries:

--   system

--   thread

--   python

-- PYTHON_BIN_LOCATION: /usr/bin/python



-- +++ processing catkin package: 'pyplot'

-- ==> add_subdirectory(catkin/utilities/pyplot)

-- +++ processing catkin package: 'qp_oases'

-- ==> add_subdirectory(catkin/third_party/qp_oases)

-- +++ processing catkin package: 'quadprog'

-- ==> add_subdirectory(catkin/ros/usc-clmc-catkin-pkg/usc_utils/quadprog)

-- +++ processing catkin metapackage: 'ros_realtime'

-- ==> add_subdirectory(catkin/ros/ros_realtime/ros_realtime)

-- +++ processing catkin package: 'allocators'

-- ==> add_subdirectory(catkin/ros/ros_realtime/allocators)

-- Boost version: 1.54.0

-- +++ processing catkin package: 'rosatomic'

-- ==> add_subdirectory(catkin/ros/ros_realtime/rosatomic)

-- Boost version: 1.54.0

-- +++ processing catkin package: 'lockfree'

-- ==> add_subdirectory(catkin/ros/ros_realtime/lockfree)

-- Boost version: 1.54.0

-- +++ processing catkin package: 'rt_timer'

-- ==> add_subdirectory(catkin/ros/ros_realtime/rt_timer)

-- +++ processing catkin package: 'start_robot'

-- ==> add_subdirectory(catkin/robots/start_robot)

-- +++ processing catkin package: 'amd_clmc_ros_messages'

-- ==> add_subdirectory(catkin/ros/amd_clmc_ros_messages/amd_clmc_ros_messages)

-- Using these message generators: gencpp;genlisp;genpy

-- amd_clmc_ros_messages: 108 messages, 10 services

-- +++ processing catkin package: 'ar_track_alvar_msgs'

-- ==> add_subdirectory(catkin/ros/amd_clmc_ros_messages/ar_track_alvar_msgs)

-- Using these message generators: gencpp;genlisp;genpy

-- ar_track_alvar_msgs: 2 messages, 0 services

-- +++ processing catkin package: 'custom_robot_msgs'

-- ==> add_subdirectory(catkin/ros/amd_clmc_ros_messages/custom_robot_msgs)

-- Using these message generators: gencpp;genlisp;genpy

-- custom_robot_msgs: 1 messages, 2 services

-- +++ processing catkin package: 'riemo_grasping_msgs'

-- ==> add_subdirectory(catkin/ros/amd_clmc_ros_messages/riemo_grasping_msgs)

-- Using these message generators: gencpp;genlisp;genpy

-- riemo_grasping_msgs: 5 messages, 3 services

-- +++ processing catkin package: 'utilities'

-- ==> add_subdirectory(catkin/core-sl/catkin-utilities)

-- MACHTYPE x86_64

Detected MACHTYPE=x86_64

CMake Warning at cmake/sl_cmake_global/LAB.cmake:181 (message):

  HERMES HOSTS SET TO ATHENA-ROBOT IN SRC/CMAKE/SL_CMAKE_GLOBAL/LAB.CMAKE

Call Stack (most recent call first):

  catkin/core-sl/catkin-utilities/CMakeLists.txt:8 (include)





-- HOST_NAME=everest

-- HOST=everest

-- LAB=AMD

-- CMAKE_C_FLAGS=-Wall -Wno-unused -Wno-strict-aliasing 

-- CMAKE_CPP_FLAGS=-Wall -Wno-unused -Wno-strict-aliasing 

-- CMAKE_INCLUDE_PATH=

-- CMAKE_LIBRARY_PATH=

-- LAB_STD_LIBS=pthread;rt;edit;curses;nsl;glut;GL;GLU;X11;Xmu;m

-- LAB_LIBDIR=lib/x86_64

-- LAB_INCLUDES=include

-- LAB_BINDIR=bin/x86_64

-- +++ processing catkin package: 'lwpr'

-- ==> add_subdirectory(catkin/core-sl/catkin-lwpr)

-- MACHTYPE x86_64

Detected MACHTYPE=x86_64

CMake Warning at cmake/sl_cmake_global/LAB.cmake:181 (message):

  HERMES HOSTS SET TO ATHENA-ROBOT IN SRC/CMAKE/SL_CMAKE_GLOBAL/LAB.CMAKE

Call Stack (most recent call first):

  catkin/core-sl/catkin-lwpr/CMakeLists.txt:5 (include)





-- HOST_NAME=everest

-- HOST=everest

-- LAB=AMD

-- CMAKE_C_FLAGS=-Wall -Wno-unused -Wno-strict-aliasing 

-- CMAKE_CPP_FLAGS=-Wall -Wno-unused -Wno-strict-aliasing 

-- CMAKE_INCLUDE_PATH=

-- CMAKE_LIBRARY_PATH=

-- LAB_STD_LIBS=pthread;rt;edit;curses;nsl;glut;GL;GLU;X11;Xmu;m

-- LAB_LIBDIR=lib/x86_64

-- LAB_INCLUDES=include

-- LAB_BINDIR=bin/x86_64

-- +++ processing catkin package: 'vrpn_vicon_minimum'

-- ==> add_subdirectory(catkin/perception/vrpn_vicon_minimum)

-- +++ processing catkin package: 'vrpn_vicon_objs_tracker'

-- ==> add_subdirectory(catkin/perception/vrpn_vicon_objs_tracker)

-- +++ processing catkin package: 'xenomai_ros'

-- ==> add_subdirectory(catkin/ros/xenomai-ros)

-- +++ processing catkin package: 'constrained_inverse_kinematics_msgs'

-- ==> add_subdirectory(catkin/ros/usc-clmc-catkin-pkg/planning/constrained_inverse_kinematics_msgs)

-- Using these message generators: gencpp;genlisp;genpy

-- constrained_inverse_kinematics_msgs: 1 messages, 0 services

-- +++ processing catkin package: 'roscpp_utilities'

-- ==> add_subdirectory(catkin/ros/roscpp_utilities)

-- +++ processing catkin package: 'rosrt'

-- ==> add_subdirectory(catkin/ros/ros_realtime/rosrt)

-- xenomai NOT found. (/usr/local;/usr)

-- Could NOT find Xenomai (missing:  Xenomai_ROOT_DIR Xenomai_LIBRARY_NATIVE Xenomai_LIBRARY_XENOMAI Xenomai_LIBRARY_PTHREAD_RT Xenomai_LIBRARY_RTDM Xenomai_VERSION Xenomai_LIBRARY_RTDK) 

-- Boost version: 1.54.0

-- Found the following Boost libraries:

--   thread

-- +++ processing catkin package: 'ros_rt_test'

-- ==> add_subdirectory(catkin/ros/ros_rt_basic_example)

-- xenomai NOT found. (/usr/local;/usr)

-- Could NOT find Xenomai (missing:  Xenomai_ROOT_DIR Xenomai_LIBRARY_NATIVE Xenomai_LIBRARY_XENOMAI Xenomai_LIBRARY_PTHREAD_RT Xenomai_LIBRARY_RTDM Xenomai_VERSION Xenomai_LIBRARY_RTDK) 

-- +++ processing catkin package: 'sl'

-- ==> add_subdirectory(catkin/core-sl/catkin-sl)

-- MACHTYPE x86_64

Detected MACHTYPE=x86_64

CMake Warning at cmake/sl_cmake_global/LAB.cmake:181 (message):

  HERMES HOSTS SET TO ATHENA-ROBOT IN SRC/CMAKE/SL_CMAKE_GLOBAL/LAB.CMAKE

Call Stack (most recent call first):

  catkin/core-sl/catkin-sl/CMakeLists.txt:8 (include)





-- HOST_NAME=everest

-- HOST=everest

-- LAB=AMD

-- CMAKE_C_FLAGS=-Wall -Wno-unused -Wno-strict-aliasing 

-- CMAKE_CPP_FLAGS=-Wall -Wno-unused -Wno-strict-aliasing 

-- CMAKE_INCLUDE_PATH=

-- CMAKE_LIBRARY_PATH=

-- LAB_STD_LIBS=pthread;rt;edit;curses;nsl;glut;GL;GLU;X11;Xmu;m

-- LAB_LIBDIR=lib/x86_64

-- LAB_INCLUDES=include

-- LAB_BINDIR=bin/x86_64

-- +++ processing catkin package: 'apollo'

-- ==> add_subdirectory(catkin/robots/catkin-apollo)

-- MACHTYPE x86_64

Detected MACHTYPE=x86_64

CMake Warning at cmake/sl_cmake_global/LAB.cmake:181 (message):

  HERMES HOSTS SET TO ATHENA-ROBOT IN SRC/CMAKE/SL_CMAKE_GLOBAL/LAB.CMAKE

Call Stack (most recent call first):

  catkin/robots/catkin-apollo/CMakeLists.txt:9 (include)





-- HOST_NAME=everest

-- HOST=everest

-- LAB=AMD

-- CMAKE_C_FLAGS=-Wall -Wno-unused -Wno-strict-aliasing 

-- CMAKE_CPP_FLAGS=-Wall -Wno-unused -Wno-strict-aliasing 

-- CMAKE_INCLUDE_PATH=

-- CMAKE_LIBRARY_PATH=

-- LAB_STD_LIBS=pthread;rt;edit;curses;nsl;glut;GL;GLU;X11;Xmu;m

-- LAB_LIBDIR=lib/x86_64

-- LAB_INCLUDES=include

-- LAB_BINDIR=bin/x86_64

-- +++ processing catkin package: 'apollo_test_task'

-- ==> add_subdirectory(catkin/robots/catkin-sl-apollo-task-example)

-- MACHTYPE x86_64

Detected MACHTYPE=x86_64

CMake Warning at cmake/sl_cmake_global/LAB.cmake:181 (message):

  HERMES HOSTS SET TO ATHENA-ROBOT IN SRC/CMAKE/SL_CMAKE_GLOBAL/LAB.CMAKE

Call Stack (most recent call first):

  catkin/robots/catkin-sl-apollo-task-example/CMakeLists.txt:8 (include)





-- HOST_NAME=everest

-- HOST=everest

-- LAB=AMD

-- CMAKE_C_FLAGS=-Wall -Wno-unused -Wno-strict-aliasing 

-- CMAKE_CPP_FLAGS=-Wall -Wno-unused -Wno-strict-aliasing 

-- CMAKE_INCLUDE_PATH=

-- CMAKE_LIBRARY_PATH=

-- LAB_STD_LIBS=pthread;rt;edit;curses;nsl;glut;GL;GLU;X11;Xmu;m

-- LAB_LIBDIR=lib/x86_64

-- LAB_INCLUDES=include

-- LAB_BINDIR=bin/x86_64

-- +++ processing catkin package: 'sl_python_core'

-- ==> add_subdirectory(catkin/wrappers/sl_python/sl_python_core)

-- MACHTYPE x86_64

Detected MACHTYPE=x86_64

CMake Warning at cmake/sl_cmake_global/LAB.cmake:181 (message):

  HERMES HOSTS SET TO ATHENA-ROBOT IN SRC/CMAKE/SL_CMAKE_GLOBAL/LAB.CMAKE

Call Stack (most recent call first):

  catkin/wrappers/sl_python/sl_python_core/CMakeLists.txt:6 (include)





-- HOST_NAME=everest

-- HOST=everest

-- LAB=AMD

-- CMAKE_C_FLAGS=-Wall -Wno-unused -Wno-strict-aliasing 

-- CMAKE_CPP_FLAGS=-Wall -Wno-unused -Wno-strict-aliasing 

-- CMAKE_INCLUDE_PATH=

-- CMAKE_LIBRARY_PATH=

-- LAB_STD_LIBS=pthread;rt;edit;curses;nsl;glut;GL;GLU;X11;Xmu;m

-- LAB_LIBDIR=lib/x86_64

-- LAB_INCLUDES=include

-- LAB_BINDIR=bin/x86_64

-- xenomai NOT found. (/usr/local;/usr)

-- Could NOT find Xenomai (missing:  Xenomai_ROOT_DIR Xenomai_LIBRARY_NATIVE Xenomai_LIBRARY_XENOMAI Xenomai_LIBRARY_PTHREAD_RT Xenomai_LIBRARY_RTDM Xenomai_VERSION Xenomai_LIBRARY_RTDK) 

-- Boost version: 1.54.0

-- Found the following Boost libraries:

--   system

-- +++ processing catkin package: 'sl_python_apollo'

-- ==> add_subdirectory(catkin/wrappers/sl_python/sl_python_apollo)

-- MACHTYPE x86_64

Detected MACHTYPE=x86_64

CMake Warning at cmake/sl_cmake_global/LAB.cmake:181 (message):

  HERMES HOSTS SET TO ATHENA-ROBOT IN SRC/CMAKE/SL_CMAKE_GLOBAL/LAB.CMAKE

Call Stack (most recent call first):

  catkin/wrappers/sl_python/sl_python_apollo/CMakeLists.txt:6 (include)





-- HOST_NAME=everest

-- HOST=everest

-- LAB=AMD

-- CMAKE_C_FLAGS=-Wall -Wno-unused -Wno-strict-aliasing 

-- CMAKE_CPP_FLAGS=-Wall -Wno-unused -Wno-strict-aliasing 

-- CMAKE_INCLUDE_PATH=

-- CMAKE_LIBRARY_PATH=

-- LAB_STD_LIBS=pthread;rt;edit;curses;nsl;glut;GL;GLU;X11;Xmu;m

-- LAB_LIBDIR=lib/x86_64

-- LAB_INCLUDES=include

-- LAB_BINDIR=bin/x86_64

-- xenomai NOT found. (/usr/local;/usr)

-- Could NOT find Xenomai (missing:  Xenomai_ROOT_DIR Xenomai_LIBRARY_NATIVE Xenomai_LIBRARY_XENOMAI Xenomai_LIBRARY_PTHREAD_RT Xenomai_LIBRARY_RTDM Xenomai_VERSION Xenomai_LIBRARY_RTDK) 

-- Boost version: 1.54.0

-- Found the following Boost libraries:

--   system

-- +++ processing catkin package: 'sl_ros_servo'

-- ==> add_subdirectory(catkin/ros/sl_ros_servo)

-- MACHTYPE x86_64

Detected MACHTYPE=x86_64

CMake Warning at cmake/sl_cmake_global/LAB.cmake:181 (message):

  HERMES HOSTS SET TO ATHENA-ROBOT IN SRC/CMAKE/SL_CMAKE_GLOBAL/LAB.CMAKE

Call Stack (most recent call first):

  catkin/ros/sl_ros_servo/CMakeLists.txt:5 (include)





-- HOST_NAME=everest

-- HOST=everest

-- LAB=AMD

-- CMAKE_C_FLAGS=-Wall -Wno-unused -Wno-strict-aliasing 

-- CMAKE_CPP_FLAGS=-Wall -Wno-unused -Wno-strict-aliasing 

-- CMAKE_INCLUDE_PATH=

-- CMAKE_LIBRARY_PATH=

-- LAB_STD_LIBS=pthread;rt;edit;curses;nsl;glut;GL;GLU;X11;Xmu;m

-- LAB_LIBDIR=lib/x86_64

-- LAB_INCLUDES=include

-- LAB_BINDIR=bin/x86_64

-- +++ processing catkin package: 'python_ros_utils'

-- ==> add_subdirectory(catkin/ros/usc-clmc-catkin-pkg/usc_utils/python_ros_utils)

-- Using these message generators: gencpp;genlisp;genpy

-- +++ processing catkin package: 'ros_servo_apollo'

-- ==> add_subdirectory(catkin/ros/ros_servo_apollo)

-- MACHTYPE x86_64

Detected MACHTYPE=x86_64

CMake Warning at cmake/sl_cmake_global/LAB.cmake:181 (message):

  HERMES HOSTS SET TO ATHENA-ROBOT IN SRC/CMAKE/SL_CMAKE_GLOBAL/LAB.CMAKE

Call Stack (most recent call first):

  catkin/ros/ros_servo_apollo/CMakeLists.txt:5 (include)





-- HOST_NAME=everest

-- HOST=everest

-- LAB=AMD

-- CMAKE_C_FLAGS=-Wall -Wno-unused -Wno-strict-aliasing 

-- CMAKE_CPP_FLAGS=-Wall -Wno-unused -Wno-strict-aliasing 

-- CMAKE_INCLUDE_PATH=

-- CMAKE_LIBRARY_PATH=

-- LAB_STD_LIBS=pthread;rt;edit;curses;nsl;glut;GL;GLU;X11;Xmu;m

-- LAB_LIBDIR=lib/x86_64

-- LAB_INCLUDES=include

-- LAB_BINDIR=bin/x86_64

-- Using these message generators: gencpp;genlisp;genpy

-- +++ processing catkin package: 'usc_utilities'

-- ==> add_subdirectory(catkin/ros/usc-clmc-catkin-pkg/usc_utils/usc_utilities)

-- Using these message generators: gencpp;genlisp;genpy

-- usc_utilities: 1 messages, 0 services

-- +++ processing catkin package: 'learnable_cost_function'

-- ==> add_subdirectory(catkin/ros/usc-clmc-catkin-pkg/planning/learnable_cost_function)

-- +++ processing catkin package: 'robot_info'

-- ==> add_subdirectory(catkin/ros/usc-clmc-catkin-pkg/usc_utils/robot_info)

-- +++ processing catkin package: 'jacobian_utilities'

-- ==> add_subdirectory(catkin/ros/usc-clmc-catkin-pkg/usc_utils/jacobian_utilities)

-- +++ processing catkin package: 'vicon_bridge'

-- ==> add_subdirectory(catkin/perception/vicon_bridge)

-- Using these message generators: gencpp;genlisp;genpy

-- Boost version: 1.54.0

-- Found the following Boost libraries:

--   thread

-- vicon_bridge: 3 messages, 2 services

-- +++ processing catkin package: 'vicon_core'

-- ==> add_subdirectory(catkin/sensors/vicon-core)

-- MACHTYPE x86_64

Detected MACHTYPE=x86_64

CMake Warning at cmake/sl_cmake_global/LAB.cmake:181 (message):

  HERMES HOSTS SET TO ATHENA-ROBOT IN SRC/CMAKE/SL_CMAKE_GLOBAL/LAB.CMAKE

Call Stack (most recent call first):

  catkin/sensors/vicon-core/CMakeLists.txt:8 (include)





-- HOST_NAME=everest

-- HOST=everest

-- LAB=AMD

-- CMAKE_C_FLAGS=-Wall -Wno-unused -Wno-strict-aliasing 

-- CMAKE_CPP_FLAGS=-Wall -Wno-unused -Wno-strict-aliasing 

-- CMAKE_INCLUDE_PATH=

-- CMAKE_LIBRARY_PATH=

-- LAB_STD_LIBS=pthread;rt;edit;curses;nsl;glut;GL;GLU;X11;Xmu;m

-- LAB_LIBDIR=lib/x86_64

-- LAB_INCLUDES=include

-- LAB_BINDIR=bin/x86_64

-- xenomai NOT found. (/usr/local;/usr)

-- Could NOT find Xenomai (missing:  Xenomai_ROOT_DIR Xenomai_LIBRARY_NATIVE Xenomai_LIBRARY_XENOMAI Xenomai_LIBRARY_PTHREAD_RT Xenomai_LIBRARY_RTDM Xenomai_VERSION Xenomai_LIBRARY_RTDK) 

-- Using these message generators: gencpp;genlisp;genpy

-- +++ processing catkin package: 'vicon_subscriber'

-- ==> add_subdirectory(catkin/perception/vicon_subscriber)

-- Boost version: 1.54.0

-- +++ processing catkin package: 'yaml_cpp'

-- ==> add_subdirectory(catkin/third_party/YAML_CPP)

-- Boost version: 1.54.0

-- +++ processing catkin package: 'facial_expressions'

-- ==> add_subdirectory(catkin/emotions/facial_expressions)

-- MACHTYPE x86_64

Detected MACHTYPE=x86_64

CMake Warning at cmake/sl_cmake_global/LAB.cmake:181 (message):

  HERMES HOSTS SET TO ATHENA-ROBOT IN SRC/CMAKE/SL_CMAKE_GLOBAL/LAB.CMAKE

Call Stack (most recent call first):

  catkin/emotions/facial_expressions/CMakeLists.txt:6 (include)





-- HOST_NAME=everest

-- HOST=everest

-- LAB=AMD

-- CMAKE_C_FLAGS=-Wall -Wno-unused -Wno-strict-aliasing 

-- CMAKE_CPP_FLAGS=-Wall -Wno-unused -Wno-strict-aliasing 

-- CMAKE_INCLUDE_PATH=

-- CMAKE_LIBRARY_PATH=

-- LAB_STD_LIBS=pthread;rt;edit;curses;nsl;glut;GL;GLU;X11;Xmu;m

-- LAB_LIBDIR=lib/x86_64

-- LAB_INCLUDES=include

-- LAB_BINDIR=bin/x86_64

-- Using these message generators: gencpp;genlisp;genpy

-- facial_expressions: 0 messages, 1 services

-- +++ processing catkin package: 'pole_balancing_apollo'

-- ==> add_subdirectory(catkin/learning/pole_balancing_apollo)

-- MACHTYPE x86_64

Detected MACHTYPE=x86_64

CMake Warning at cmake/sl_cmake_global/LAB.cmake:181 (message):

  HERMES HOSTS SET TO ATHENA-ROBOT IN SRC/CMAKE/SL_CMAKE_GLOBAL/LAB.CMAKE

Call Stack (most recent call first):

  catkin/learning/pole_balancing_apollo/CMakeLists.txt:10 (include)





-- HOST_NAME=everest

-- HOST=everest

-- LAB=AMD

-- CMAKE_C_FLAGS=-Wall -Wno-unused -Wno-strict-aliasing 

-- CMAKE_CPP_FLAGS=-Wall -Wno-unused -Wno-strict-aliasing 

-- CMAKE_INCLUDE_PATH=

-- CMAKE_LIBRARY_PATH=

-- LAB_STD_LIBS=pthread;rt;edit;curses;nsl;glut;GL;GLU;X11;Xmu;m

-- LAB_LIBDIR=lib/x86_64

-- LAB_INCLUDES=include

-- LAB_BINDIR=bin/x86_64

-- Using these message generators: gencpp;genlisp;genpy

-- xenomai NOT found. (/usr/local;/usr)

-- Could NOT find Xenomai (missing:  Xenomai_ROOT_DIR Xenomai_LIBRARY_NATIVE Xenomai_LIBRARY_XENOMAI Xenomai_LIBRARY_PTHREAD_RT Xenomai_LIBRARY_RTDM Xenomai_VERSION Xenomai_LIBRARY_RTDK) 

-- pole_balancing_apollo: 2 messages, 0 services

-- +++ processing catkin package: 'apollo_user'

-- ==> add_subdirectory(catkin/robots/catkin-apolloUser)

-- MACHTYPE x86_64

Detected MACHTYPE=x86_64

CMake Warning at cmake/sl_cmake_global/LAB.cmake:181 (message):

  HERMES HOSTS SET TO ATHENA-ROBOT IN SRC/CMAKE/SL_CMAKE_GLOBAL/LAB.CMAKE

Call Stack (most recent call first):

  catkin/robots/catkin-apolloUser/CMakeLists.txt:8 (include)





-- HOST_NAME=everest

-- HOST=everest

-- LAB=AMD

-- CMAKE_C_FLAGS=-Wall -Wno-unused -Wno-strict-aliasing 

-- CMAKE_CPP_FLAGS=-Wall -Wno-unused -Wno-strict-aliasing 

-- CMAKE_INCLUDE_PATH=

-- CMAKE_LIBRARY_PATH=

-- LAB_STD_LIBS=pthread;rt;edit;curses;nsl;glut;GL;GLU;X11;Xmu;m

-- LAB_LIBDIR=lib/x86_64

-- LAB_INCLUDES=include

-- LAB_BINDIR=bin/x86_64

-- xenomai NOT found. (/usr/local;/usr)

-- Could NOT find Xenomai (missing:  Xenomai_ROOT_DIR Xenomai_LIBRARY_NATIVE Xenomai_LIBRARY_XENOMAI Xenomai_LIBRARY_PTHREAD_RT Xenomai_LIBRARY_RTDM Xenomai_VERSION Xenomai_LIBRARY_RTDK) 

-- Configuring done

-- Generating done

-- Build files have been written to: /home/administrator/ci/ci/team/workspace/build

Scanning dependencies of target gtest

[  0%] [  0%] Built target lockfree

Building CXX object gtest/CMakeFiles/gtest.dir/src/gtest-all.cc.o

Linking CXX shared library libgtest.so

[  0%] Built target gtest

Scanning dependencies of target gtest_main

[  0%] Building CXX object gtest/CMakeFiles/gtest_main.dir/src/gtest_main.cc.o

Linking CXX shared library libgtest_main.so

[  0%] Built target gtest_main

Scanning dependencies of target test_aligned_alloc

Scanning dependencies of target test_freelist

Scanning dependencies of target test_object_pool

Scanning dependencies of target utest

[  0%] [  0%] [  0%] Building CXX object catkin/ros/ros_realtime/allocators/CMakeFiles/test_aligned_alloc.dir/test/test_aligned_alloc.cpp.o

[100%] Building CXX object catkin/ros/ros_realtime/lockfree/CMakeFiles/test_object_pool.dir/test/test_object_pool.cpp.o

Building CXX object catkin/ros/ros_realtime/lockfree/CMakeFiles/test_freelist.dir/test/test_freelist.cpp.o

Building CXX object catkin/ros/ros_realtime/rosatomic/CMakeFiles/utest.dir/test/utest.cpp.o

Scanning dependencies of target pole_balancing_ut

[100%] [100%] [100%] Building CXX object catkin/learning/pole_balancing_apollo/CMakeFiles/pole_balancing_ut.dir/tests/main_test.cpp.o

Building CXX object catkin/learning/pole_balancing_apollo/CMakeFiles/pole_balancing_ut.dir/src/pole_balancing_apollo/parameters.cpp.o

Building CXX object catkin/learning/pole_balancing_apollo/CMakeFiles/pole_balancing_ut.dir/tests/test_parameters.cpp.o

Linking CXX executable /home/administrator/ci/ci/team/workspace/devel/lib/allocators/test_aligned_alloc

[100%] Built target test_aligned_alloc

Linking CXX executable /home/administrator/ci/ci/team/workspace/devel/lib/rosatomic/utest

Linking CXX executable /home/administrator/ci/ci/team/workspace/devel/lib/lockfree/test_object_pool

[100%] Built target utest

[100%] Built target test_object_pool

Linking CXX executable /home/administrator/ci/ci/team/workspace/devel/lib/pole_balancing_apollo/pole_balancing_ut

CMakeFiles/pole_balancing_ut.dir/src/pole_balancing_apollo/parameters.cpp.o: In function `parameters::YAML_pole_balancing_config::YAML_pole_balancing_config(std::string)':

parameters.cpp:(.text+0x4e): undefined reference to `YAML::LoadFile(std::string const&)'

CMakeFiles/pole_balancing_ut.dir/src/pole_balancing_apollo/parameters.cpp.o: In function `YAML::detail::memory_holder::create_node()':

parameters.cpp:(.text._ZN4YAML6detail13memory_holder11create_nodeEv[_ZN4YAML6detail13memory_holder11create_nodeEv]+0x1c): undefined reference to `YAML::detail::memory::create_node()'

CMakeFiles/pole_balancing_ut.dir/src/pole_balancing_apollo/parameters.cpp.o: In function `YAML::detail::node_ref::mark_defined()':

parameters.cpp:(.text._ZN4YAML6detail8node_ref12mark_definedEv[_ZN4YAML6detail8node_ref12mark_definedEv]+0x1c): undefined reference to `YAML::detail::node_data::mark_defined()'

CMakeFiles/pole_balancing_ut.dir/src/pole_balancing_apollo/parameters.cpp.o: In function `YAML::detail::node_ref::set_null()':

parameters.cpp:(.text._ZN4YAML6detail8node_ref8set_nullEv[_ZN4YAML6detail8node_ref8set_nullEv]+0x1c): undefined reference to `YAML::detail::node_data::set_null()'

CMakeFiles/pole_balancing_ut.dir/src/pole_balancing_apollo/parameters.cpp.o: In function `YAML::Node::AssignNode(YAML::Node const&)':

parameters.cpp:(.text._ZN4YAML4Node10AssignNodeERKS0_[_ZN4YAML4Node10AssignNodeERKS0_]+0xe1): undefined reference to `YAML::detail::memory_holder::merge(YAML::detail::memory_holder&)'

CMakeFiles/pole_balancing_ut.dir/tests/test_parameters.cpp.o: In function `YAML::detail::node_ref::set_scalar(std::string const&)':

test_parameters.cpp:(.text._ZN4YAML6detail8node_ref10set_scalarERKSs[_ZN4YAML6detail8node_ref10set_scalarERKSs]+0x27): undefined reference to `YAML::detail::node_data::set_scalar(std::string const&)'

CMakeFiles/pole_balancing_ut.dir/tests/test_parameters.cpp.o: In function `YAML::detail::node_ref::begin()':

test_parameters.cpp:(.text._ZN4YAML6detail8node_ref5beginEv[_ZN4YAML6detail8node_ref5beginEv]+0x2a): undefined reference to `YAML::detail::node_data::begin()'

CMakeFiles/pole_balancing_ut.dir/tests/test_parameters.cpp.o: In function `YAML::detail::node_ref::end()':

test_parameters.cpp:(.text._ZN4YAML6detail8node_ref3endEv[_ZN4YAML6detail8node_ref3endEv]+0x2a): undefined reference to `YAML::detail::node_data::end()'

CMakeFiles/pole_balancing_ut.dir/tests/test_parameters.cpp.o: In function `YAML::detail::node_ref::push_back(YAML::detail::node&, boost::shared_ptr<YAML::detail::memory_holder>)':

test_parameters.cpp:(.text._ZN4YAML6detail8node_ref9push_backERNS0_4nodeEN5boost10shared_ptrINS0_13memory_holderEEE[_ZN4YAML6detail8node_ref9push_backERNS0_4nodeEN5boost10shared_ptrINS0_13memory_holderEEE]+0x43): undefined reference to `YAML::detail::node_data::push_back(YAML::detail::node&, boost::shared_ptr<YAML::detail::memory_holder>)'

CMakeFiles/pole_balancing_ut.dir/tests/test_parameters.cpp.o: In function `YAML::Node::Scalar() const':

test_parameters.cpp:(.text._ZNK4YAML4Node6ScalarEv[_ZNK4YAML4Node6ScalarEv]+0x64): undefined reference to `YAML::detail::node_data::empty_scalar'

CMakeFiles/pole_balancing_ut.dir/tests/test_parameters.cpp.o: In function `YAML::Node::AssignData(YAML::Node const&)':

test_parameters.cpp:(.text._ZN4YAML4Node10AssignDataERKS0_[_ZN4YAML4Node10AssignDataERKS0_]+0xb3): undefined reference to `YAML::detail::memory_holder::merge(YAML::detail::memory_holder&)'

CMakeFiles/pole_balancing_ut.dir/tests/test_parameters.cpp.o: In function `YAML::Node::push_back(YAML::Node const&)':

test_parameters.cpp:(.text._ZN4YAML4Node9push_backERKS0_[_ZN4YAML4Node9push_backERKS0_]+0xda): undefined reference to `YAML::detail::memory_holder::merge(YAML::detail::memory_holder&)'

CMakeFiles/pole_balancing_ut.dir/tests/test_parameters.cpp.o: In function `parameters_tests::SetUp()':

test_parameters.cpp:(.text._ZN16parameters_tests5SetUpEv[_ZN16parameters_tests5SetUpEv]+0x2fc): undefined reference to `YAML::operator<<(std::ostream&, YAML::Node const&)'

CMakeFiles/pole_balancing_ut.dir/tests/test_parameters.cpp.o: In function `YAML::detail::node& YAML::detail::node_data::get<std::string>(std::string const&, boost::shared_ptr<YAML::detail::memory_holder>)':

test_parameters.cpp:(.text._ZN4YAML6detail9node_data3getISsEERNS0_4nodeERKT_N5boost10shared_ptrINS0_13memory_holderEEE[_ZN4YAML6detail9node_data3getISsEERNS0_4nodeERKT_N5boost10shared_ptrINS0_13memory_holderEEE]+0xae): undefined reference to `YAML::detail::node_data::convert_to_map(boost::shared_ptr<YAML::detail::memory_holder>)'

test_parameters.cpp:(.text._ZN4YAML6detail9node_data3getISsEERNS0_4nodeERKT_N5boost10shared_ptrINS0_13memory_holderEEE[_ZN4YAML6detail9node_data3getISsEERNS0_4nodeERKT_N5boost10shared_ptrINS0_13memory_holderEEE]+0x21c): undefined reference to `YAML::detail::node_data::insert_map_pair(YAML::detail::node&, YAML::detail::node&)'

CMakeFiles/pole_balancing_ut.dir/tests/test_parameters.cpp.o: In function `YAML::as_if<bool, void>::operator()() const':

test_parameters.cpp:(.text._ZNK4YAML5as_ifIbvEclEv[_ZNK4YAML5as_ifIbvEclEv]+0x58): undefined reference to `YAML::convert<bool>::decode(YAML::Node const&, bool&)'

CMakeFiles/pole_balancing_ut.dir/tests/test_parameters.cpp.o: In function `YAML::detail::node& YAML::detail::node_data::convert_to_node<std::string>(std::string const&, boost::shared_ptr<YAML::detail::memory_holder>)':

test_parameters.cpp:(.text._ZN4YAML6detail9node_data15convert_to_nodeISsEERNS0_4nodeERKT_N5boost10shared_ptrINS0_13memory_holderEEE[_ZN4YAML6detail9node_data15convert_to_nodeISsEERNS0_4nodeERKT_N5boost10shared_ptrINS0_13memory_holderEEE]+0x56): undefined reference to `YAML::detail::memory_holder::merge(YAML::detail::memory_holder&)'

collect2: error: ld returned 1 exit status

make[3]: *** [/home/administrator/ci/ci/team/workspace/devel/lib/pole_balancing_apollo/pole_balancing_ut] Error 1

make[2]: *** [catkin/learning/pole_balancing_apollo/CMakeFiles/pole_balancing_ut.dir/all] Error 2

make[2]: *** Waiting for unfinished jobs....

Linking CXX executable /home/administrator/ci/ci/team/workspace/devel/lib/lockfree/test_freelist

[100%] Built target test_freelist

make[1]: *** [CMakeFiles/tests.dir/rule] Error 2

make: *** [tests] Error 2

Base path: /home/administrator/ci/ci/team/workspace

Source space: /home/administrator/ci/ci/team/workspace/src

Build space: /home/administrator/ci/ci/team/workspace/build

Devel space: /home/administrator/ci/ci/team/workspace/devel

Install space: /home/administrator/ci/ci/team/workspace/install

####

#### Running command: "cmake /home/administrator/ci/ci/team/workspace/src -DCATKIN_DEVEL_PREFIX=/home/administrator/ci/ci/team/workspace/devel -DCMAKE_INSTALL_PREFIX=/home/administrator/ci/ci/team/workspace/install" in "/home/administrator/ci/ci/team/workspace/build"

####

####

#### Running command: "make -j16 tests" in "/home/administrator/ci/ci/team/workspace/build"

####

Invoking "make" failed
