[  0%] Built target _pointcloud_msgs_generate_messages_check_deps_HypothesisVerify

[  0%] Built target sensor_msgs_generate_messages_py

[  0%] Built target _pointcloud_msgs_generate_messages_check_deps_PointCloudClassified

[  0%] Built target geometry_msgs_generate_messages_py

[ 14%] Built target pointcloud_msgs_generate_messages_py

[ 14%] Built target sensor_msgs_generate_messages_cpp

[ 14%] Built target geometry_msgs_generate_messages_cpp

[ 21%] Built target pointcloud_msgs_generate_messages_cpp

[ 21%] Built target geometry_msgs_generate_messages_lisp

[ 21%] Built target sensor_msgs_generate_messages_lisp

[ 28%] Built target pointcloud_msgs_generate_messages_lisp

[ 28%] Built target pointcloud_msgs_generate_messages

[ 42%] Built target global_recognizer

[ 46%] Built target global_classification

[ 50%] Building CXX object catkin/perception/3d_classification/recognition_3d/CMakeFiles/global_recognition.dir/src/global_recognition_test.cpp.o

In file included from /home/administrator/ci/ci/team/workspace/src/catkin/perception/3d_classification/recognition_3d/src/global_recognition_test.cpp:58:0:

/usr/include/pcl-1.7/pcl/recognition/hv/hv_go.h:14:52: fatal error: pcl/recognition/3rdparty/metslib/mets.hh: No such file or directory

 #include "pcl/recognition/3rdparty/metslib/mets.hh"

                                                    ^

compilation terminated.

make[2]: *** [catkin/perception/3d_classification/recognition_3d/CMakeFiles/global_recognition.dir/src/global_recognition_test.cpp.o] Error 1

make[1]: *** [catkin/perception/3d_classification/recognition_3d/CMakeFiles/global_recognition.dir/all] Error 2

make: *** [all] Error 2

Base path: /home/administrator/ci/ci/team/workspace

Source space: /home/administrator/ci/ci/team/workspace/src

Build space: /home/administrator/ci/ci/team/workspace/build

Devel space: /home/administrator/ci/ci/team/workspace/devel

Install space: /home/administrator/ci/ci/team/workspace/install

####

#### Running command: "make cmake_check_build_system" in "/home/administrator/ci/ci/team/workspace/build"

####

####

#### Running command: "make -j1" in "/home/administrator/ci/ci/team/workspace/build"

####

Invoking "make -j1" failed
