WARNING: Catkin package name "Eigen" does not follow the naming conventions. It should start with a lower case letter and only contain lower case letters, digits, and underscores.

[  0%] Built target PyShell

[  1%] Built target hello_world

[  1%] Built target py_converter_test

[  1%] Built target test_py_shell

[  2%] Built target rbdl

[  2%] Built target rbdl_urdfreader

Scanning dependencies of target rbdl_urdfreader_util

[  2%] Building CXX object catkin/third_party/rbdl/addons/urdfreader/CMakeFiles/rbdl_urdfreader_util.dir/rbdl_urdfreader_util.cc.o

Linking CXX executable /home/administrator/ci/ci/team/workspace/devel/lib/rbdl/rbdl_urdfreader_util

[  2%] Built target rbdl_urdfreader_util

[  3%] Built target lockfree

[  3%] Built target snopt_extern

[  4%] Built target snopt_interface_extern

Scanning dependencies of target snopt_cpp

[  5%] Building CXX object catkin/third_party/snopt_cpp/CMakeFiles/snopt_cpp.dir/src/snopt_cpp/empty.cpp.o

Linking CXX shared library /home/administrator/ci/ci/team/workspace/devel/lib/libsnopt_cpp.so

[  5%] Built target snopt_cpp

Scanning dependencies of target sntoya

[  5%] Building CXX object catkin/third_party/snopt_cpp/CMakeFiles/sntoya.dir/snopt-interface/cppexamples/sntoya.cpp.o

Linking CXX executable /home/administrator/ci/ci/team/workspace/devel/lib/snopt_cpp/sntoya

[  5%] Built target sntoya

[  5%] Built target testing_tools

[  8%] Built target utility

[  8%] Built target lwpr

[  9%] Built target xascii2mrplot

[  9%] Built target xlwpr

[  9%] Built target xlwprstat

[ 10%] Built target rosrt

[ 10%] Built target ros_rt_test_publisher

[ 10%] Built target ros_rt_test_subscriber

[ 10%] Built target SLcommon

[ 11%] Built target SLmotor

[ 11%] Built target SLopenGL

[ 11%] Built target SLros

[ 12%] Built target SLsimulation

[ 12%] Built target SLtask

[ 13%] Built target SLvision

[ 13%] Built target _vicon_bridge_generate_messages_check_deps_Markers

[ 13%] Built target _vicon_bridge_generate_messages_check_deps_Marker

[ 13%] Built target geometry_msgs_generate_messages_cpp

[ 13%] Built target _vicon_bridge_generate_messages_check_deps_TfDistortInfo

[ 13%] Built target _vicon_bridge_generate_messages_check_deps_viconCalibrateSegment

[ 13%] Built target _vicon_bridge_generate_messages_check_deps_viconGrabPose

[ 13%] Built target vicon_bridge_generate_messages_cpp

[ 13%] Built target vicon_bridge_gencpp

[ 13%] Built target calibrate

[ 13%] Built target msvc_bridge

[ 13%] Built target testclient

[ 13%] Built target vicon_bridge_gencfg

Scanning dependencies of target tf_distort

[ 13%] Building CXX object catkin/perception/vicon_bridge/CMakeFiles/tf_distort.dir/src/tf_distort.cpp.o

Linking CXX executable /home/administrator/ci/ci/team/workspace/devel/lib/vicon_bridge/tf_distort

[ 13%] Built target tf_distort

Scanning dependencies of target vicon_bridge

[ 13%] Building CXX object catkin/perception/vicon_bridge/CMakeFiles/vicon_bridge.dir/src/vicon_bridge.cpp.o

Linking CXX executable /home/administrator/ci/ci/team/workspace/devel/lib/vicon_bridge/vicon_bridge

[ 13%] Built target vicon_bridge

[ 13%] Built target geometry_msgs_generate_messages_py

[ 13%] Built target vicon_bridge_generate_messages_py

[ 13%] Built target geometry_msgs_generate_messages_lisp

[ 14%] Built target vicon_bridge_generate_messages_lisp

[ 14%] Built target vicon_bridge_generate_messages

[ 16%] Built target yaml-cpp

[ 16%] Built target run-tests

[ 16%] Built target parse

[ 16%] Built target read

[ 16%] Built target sandbox

[ 16%] Built target _hermes_communication_tools_generate_messages_check_deps_gdc_state_msg

[ 16%] Built target _hermes_communication_tools_generate_messages_check_deps_gdc_states_vector_msg

[ 16%] Built target hermes_communication_tools_generate_messages_lisp

[ 16%] Built target hermes_communication_tools_generate_messages_cpp

[ 16%] Built target hermes_communication_tools_generate_messages_py

[ 16%] Built target hermes_communication_tools_generate_messages

[ 17%] Built target athena

Scanning dependencies of target athena_openGL

[ 17%] Building C object catkin/robots/athena/CMakeFiles/athena_openGL.dir/src/SL_user_openGL.c.o

Linking C shared library /home/administrator/ci/ci/team/workspace/devel/lib/libathena_openGL.so

[ 17%] Built target athena_openGL

Scanning dependencies of target athena_simulation

[ 17%] Building C object catkin/robots/athena/CMakeFiles/athena_simulation.dir/__/hermesCore/src/SL_user_simulation.c.o

[ 17%] Building C object catkin/robots/athena/CMakeFiles/athena_simulation.dir/src/SL_athena_simulation.c.o

Linking C shared library /home/administrator/ci/ci/team/workspace/devel/lib/libathena_simulation.so

[ 17%] Built target athena_simulation

Scanning dependencies of target athena_task

[ 17%] Building CXX object catkin/robots/athena/CMakeFiles/athena_task.dir/__/hermesCore/src/SL_user_task.cpp.o

/home/administrator/ci/ci/team/workspace/src/catkin/robots/hermesCore/src/SL_user_task.cpp: In function ‘void drawPhantomFromCurrentState()’:

/home/administrator/ci/ci/team/workspace/src/catkin/robots/hermesCore/src/SL_user_task.cpp:410:69: warning: deprecated conversion from string constant to ‘char*’ [-Wwrite-strings]

   sendUserGraphics("phantom",b, (N_CART+N_QUAT+N_DOFS)*sizeof(float));

                                                                     ^

/home/administrator/ci/ci/team/workspace/src/catkin/robots/hermesCore/src/SL_user_task.cpp: In function ‘void drawPhantomFromDesiredState()’:

/home/administrator/ci/ci/team/workspace/src/catkin/robots/hermesCore/src/SL_user_task.cpp:444:69: warning: deprecated conversion from string constant to ‘char*’ [-Wwrite-strings]

   sendUserGraphics("phantom",b, (N_CART+N_QUAT+N_DOFS)*sizeof(float));

                                                                     ^

Linking CXX shared library /home/administrator/ci/ci/team/workspace/devel/lib/libathena_task.so

[ 17%] Built target athena_task

[ 17%] Built target xathena

Scanning dependencies of target xmotor_athena

[ 17%] Building C object catkin/robots/athena/CMakeFiles/xmotor_athena.dir/__/hermesCore/src/SL_user_motor.c.o

[ 18%] Building CXX object catkin/robots/athena/CMakeFiles/xmotor_athena.dir/__/hermesCore/src/SL_user_sensor_proc_unix.cpp.o

Linking CXX executable /home/administrator/ci/ci/team/workspace/src/catkin/robots/athena/x86_64/xmotor

[ 18%] Built target xmotor_athena

[ 18%] Generating src/SL_parm_estimate.c

Scanning dependencies of target xpest_athena

[ 18%] Building C object catkin/robots/athena/CMakeFiles/xpest_athena.dir/src/SL_parm_estimate.c.o

Linking C executable /home/administrator/ci/ci/team/workspace/src/catkin/robots/athena/x86_64/xpest

[ 18%] Built target xpest_athena

Scanning dependencies of target xvision_athena

[ 18%] Building C object catkin/robots/athena/CMakeFiles/xvision_athena.dir/__/hermesCore/src/SL_user_vision.c.o

Linking C executable /home/administrator/ci/ci/team/workspace/src/catkin/robots/athena/x86_64/xvision

[ 18%] Built target xvision_athena

[ 19%] Built target hermes_full

Scanning dependencies of target hermes_full_openGL

[ 19%] Building C object catkin/robots/hermesFull/CMakeFiles/hermes_full_openGL.dir/src/SL_user_openGL.c.o

Linking C shared library /home/administrator/ci/ci/team/workspace/devel/lib/libhermes_full_openGL.so

[ 19%] Built target hermes_full_openGL

Scanning dependencies of target hermes_full_simulation

[ 19%] Building C object catkin/robots/hermesFull/CMakeFiles/hermes_full_simulation.dir/__/hermesCore/src/SL_user_simulation.c.o

[ 19%] Building C object catkin/robots/hermesFull/CMakeFiles/hermes_full_simulation.dir/__/hermesCore/src/SL_hermes_simulation.c.o

Linking C shared library /home/administrator/ci/ci/team/workspace/devel/lib/libhermes_full_simulation.so

[ 19%] Built target hermes_full_simulation

Scanning dependencies of target hermes_full_task

[ 19%] Building CXX object catkin/robots/hermesFull/CMakeFiles/hermes_full_task.dir/__/hermesCore/src/SL_user_task.cpp.o

/home/administrator/ci/ci/team/workspace/src/catkin/robots/hermesCore/src/SL_user_task.cpp: In function ‘void drawPhantomFromCurrentState()’:

/home/administrator/ci/ci/team/workspace/src/catkin/robots/hermesCore/src/SL_user_task.cpp:410:69: warning: deprecated conversion from string constant to ‘char*’ [-Wwrite-strings]

   sendUserGraphics("phantom",b, (N_CART+N_QUAT+N_DOFS)*sizeof(float));

                                                                     ^

/home/administrator/ci/ci/team/workspace/src/catkin/robots/hermesCore/src/SL_user_task.cpp: In function ‘void drawPhantomFromDesiredState()’:

/home/administrator/ci/ci/team/workspace/src/catkin/robots/hermesCore/src/SL_user_task.cpp:444:69: warning: deprecated conversion from string constant to ‘char*’ [-Wwrite-strings]

   sendUserGraphics("phantom",b, (N_CART+N_QUAT+N_DOFS)*sizeof(float));

                                                                     ^

Linking CXX shared library /home/administrator/ci/ci/team/workspace/devel/lib/libhermes_full_task.so

[ 19%] Built target hermes_full_task

[ 19%] Built target xhermes_full

Scanning dependencies of target xmotor_hermes_full

[ 19%] Building C object catkin/robots/hermesFull/CMakeFiles/xmotor_hermes_full.dir/__/hermesCore/src/SL_user_motor.c.o

[ 19%] Building CXX object catkin/robots/hermesFull/CMakeFiles/xmotor_hermes_full.dir/__/hermesCore/src/SL_user_sensor_proc_unix.cpp.o

Linking CXX executable /home/administrator/ci/ci/team/workspace/src/catkin/robots/hermesFull/x86_64/xmotor

[ 19%] Built target xmotor_hermes_full

[ 19%] Generating src/SL_parm_estimate.c

Scanning dependencies of target xpest_hermes_full

[ 19%] Building C object catkin/robots/hermesFull/CMakeFiles/xpest_hermes_full.dir/src/SL_parm_estimate.c.o

Linking C executable /home/administrator/ci/ci/team/workspace/src/catkin/robots/hermesFull/x86_64/xpest

[ 19%] Built target xpest_hermes_full

Scanning dependencies of target xvision_hermes_full

[ 19%] Building C object catkin/robots/hermesFull/CMakeFiles/xvision_hermes_full.dir/__/hermesCore/src/SL_user_vision.c.o

Linking C executable /home/administrator/ci/ci/team/workspace/src/catkin/robots/hermesFull/x86_64/xvision

[ 19%] Built target xvision_hermes_full

[ 20%] Built target hermes_lower

Scanning dependencies of target hermes_lower_openGL

[ 20%] Building C object catkin/robots/hermesLower/CMakeFiles/hermes_lower_openGL.dir/src/SL_user_openGL.c.o

Linking C shared library /home/administrator/ci/ci/team/workspace/devel/lib/libhermes_lower_openGL.so

[ 20%] Built target hermes_lower_openGL

Scanning dependencies of target hermes_lower_simulation

[ 21%] Building C object catkin/robots/hermesLower/CMakeFiles/hermes_lower_simulation.dir/__/hermesCore/src/SL_user_simulation.c.o

[ 21%] Building C object catkin/robots/hermesLower/CMakeFiles/hermes_lower_simulation.dir/__/hermesCore/src/SL_hermes_simulation.c.o

Linking C shared library /home/administrator/ci/ci/team/workspace/devel/lib/libhermes_lower_simulation.so

[ 21%] Built target hermes_lower_simulation

Scanning dependencies of target hermes_lower_task

[ 21%] Building CXX object catkin/robots/hermesLower/CMakeFiles/hermes_lower_task.dir/__/hermesCore/src/SL_user_task.cpp.o

/home/administrator/ci/ci/team/workspace/src/catkin/robots/hermesCore/src/SL_user_task.cpp: In function ‘void drawPhantomFromCurrentState()’:

/home/administrator/ci/ci/team/workspace/src/catkin/robots/hermesCore/src/SL_user_task.cpp:410:69: warning: deprecated conversion from string constant to ‘char*’ [-Wwrite-strings]

   sendUserGraphics("phantom",b, (N_CART+N_QUAT+N_DOFS)*sizeof(float));

                                                                     ^

/home/administrator/ci/ci/team/workspace/src/catkin/robots/hermesCore/src/SL_user_task.cpp: In function ‘void drawPhantomFromDesiredState()’:

/home/administrator/ci/ci/team/workspace/src/catkin/robots/hermesCore/src/SL_user_task.cpp:444:69: warning: deprecated conversion from string constant to ‘char*’ [-Wwrite-strings]

   sendUserGraphics("phantom",b, (N_CART+N_QUAT+N_DOFS)*sizeof(float));

                                                                     ^

Linking CXX shared library /home/administrator/ci/ci/team/workspace/devel/lib/libhermes_lower_task.so

[ 21%] Built target hermes_lower_task

[ 21%] Built target xhermes_lower

Scanning dependencies of target xmotor_hermes_lower

[ 21%] Building C object catkin/robots/hermesLower/CMakeFiles/xmotor_hermes_lower.dir/__/hermesCore/src/SL_user_motor.c.o

[ 21%] Building CXX object catkin/robots/hermesLower/CMakeFiles/xmotor_hermes_lower.dir/__/hermesCore/src/SL_user_sensor_proc_unix.cpp.o

Linking CXX executable /home/administrator/ci/ci/team/workspace/src/catkin/robots/hermesLower/x86_64/xmotor

[ 21%] Built target xmotor_hermes_lower

[ 22%] Generating src/SL_parm_estimate.c

Scanning dependencies of target xpest_hermes_lower

[ 22%] Building C object catkin/robots/hermesLower/CMakeFiles/xpest_hermes_lower.dir/src/SL_parm_estimate.c.o

Linking C executable /home/administrator/ci/ci/team/workspace/src/catkin/robots/hermesLower/x86_64/xpest

[ 22%] Built target xpest_hermes_lower

Scanning dependencies of target xvision_hermes_lower

[ 22%] Building C object catkin/robots/hermesLower/CMakeFiles/xvision_hermes_lower.dir/__/hermesCore/src/SL_user_vision.c.o

Linking C executable /home/administrator/ci/ci/team/workspace/src/catkin/robots/hermesLower/x86_64/xvision

[ 22%] Built target xvision_hermes_lower

[ 22%] Built target eiquadprog_tester_app

[ 22%] Built target geometry_utils

[ 22%] Built target io_utils_lib

[ 23%] Built target robot_math

[ 23%] Built target lqr_example_app

[ 23%] Built target math_utils_lib

[ 23%] Built target configuration_file_loading

[ 24%] Built target data_collection

[ 24%] Built target io_tools_OTHER_FILES

[ 25%] Built target yaml_example

[ 25%] Built target capture_points

Scanning dependencies of target capture_points_app

[ 25%] Building CXX object catkin/humanoids/humanoid_control/capture_points/capture_points/CMakeFiles/capture_points_app.dir/src/capture_points/cp_test_app.cpp.o

Linking CXX executable /home/administrator/ci/ci/team/workspace/devel/lib/capture_points/capture_points_app

[ 25%] Built target capture_points_app

[ 26%] Building CXX object catkin/humanoids/humanoid_control/floating_base_tools_common/floating_base_tools_athena/CMakeFiles/floating_base_tools_athena.dir/__/template/src/floating_base_tools/contact_helper.cpp.o

In file included from /home/administrator/ci/ci/team/workspace/src/catkin/third_party/YAML_CPP/include/yaml-cpp/yaml.h:14:0,

                 from /home/administrator/ci/ci/team/workspace/src/catkin/humanoids/humanoid_control/floating_base_tools_common/floating_base_tools_athena/../template/include/floating_base_tools/contact_helper.h:18,

                 from /home/administrator/ci/ci/team/workspace/src/catkin/humanoids/humanoid_control/floating_base_tools_common/template/src/floating_base_tools/contact_helper.cpp:21:

/home/administrator/ci/ci/team/workspace/src/catkin/third_party/YAML_CPP/include/yaml-cpp/node/impl.h: In instantiation of ‘void YAML::Node::Assign(const T&) [with T = Eigen::Matrix<double, 3, 1>]’:

/home/administrator/ci/ci/team/workspace/src/catkin/third_party/YAML_CPP/include/yaml-cpp/node/impl.h:191:3:   required from ‘YAML::Node& YAML::Node::operator=(const T&) [with T = Eigen::Matrix<double, 3, 1>]’

/home/administrator/ci/ci/team/workspace/src/catkin/humanoids/humanoid_control/floating_base_tools_common/floating_base_tools_athena/../template/include/floating_base_tools/contact_helper.h:40:35:   required from here

/home/administrator/ci/ci/team/workspace/src/catkin/third_party/YAML_CPP/include/yaml-cpp/node/impl.h:208:36: error: incomplete type ‘YAML::convert<Eigen::Matrix<double, 3, 1> >’ used in nested name specifier

   AssignData(convert<T>::encode(rhs));

                                    ^

/home/administrator/ci/ci/team/workspace/src/catkin/third_party/YAML_CPP/include/yaml-cpp/node/impl.h: In instantiation of ‘const T YAML::as_if<T, void>::operator()() const [with T = Eigen::Matrix<double, 3, 1>]’:

/home/administrator/ci/ci/team/workspace/src/catkin/third_party/YAML_CPP/include/yaml-cpp/node/impl.h:143:38:   required from ‘const T YAML::Node::as() const [with T = Eigen::Matrix<double, 3, 1>]’

/home/administrator/ci/ci/team/workspace/src/catkin/humanoids/humanoid_control/floating_base_tools_common/template/src/floating_base_tools/contact_helper.cpp:32:68:   required from here

/home/administrator/ci/ci/team/workspace/src/catkin/third_party/YAML_CPP/include/yaml-cpp/node/impl.h:119:42: error: incomplete type ‘YAML::convert<Eigen::Matrix<double, 3, 1> >’ used in nested name specifier

             if(convert<T>::decode(node, t))

                                          ^

make[2]: *** [catkin/humanoids/humanoid_control/floating_base_tools_common/floating_base_tools_athena/CMakeFiles/floating_base_tools_athena.dir/__/template/src/floating_base_tools/contact_helper.cpp.o] Error 1

make[1]: *** [catkin/humanoids/humanoid_control/floating_base_tools_common/floating_base_tools_athena/CMakeFiles/floating_base_tools_athena.dir/all] Error 2

make: *** [all] Error 2

Base path: /home/administrator/ci/ci/team/workspace

Source space: /home/administrator/ci/ci/team/workspace/src

Build space: /home/administrator/ci/ci/team/workspace/build

Devel space: /home/administrator/ci/ci/team/workspace/devel

Install space: /home/administrator/ci/ci/team/workspace/install

####

#### Running command: "make cmake_check_build_system" in "/home/administrator/ci/ci/team/workspace/build"

####

####

#### Running command: "make -j1" in "/home/administrator/ci/ci/team/workspace/build"

####

Invoking "make -j1" failed
