WARNING: Catkin package name "Eigen" does not follow the naming conventions. It should start with a lower case letter and only contain lower case letters, digits, and underscores.

[  0%] Built target PyShell

[  0%] Built target hello_world

[  0%] Built target py_converter_test

[  0%] Built target test_py_shell

[  1%] Built target rbdl

[  1%] Built target rbdl_urdfreader

[  1%] Built target rbdl_urdfreader_util

[  1%] Built target lockfree

[  2%] Built target snopt_extern

[  2%] Built target snopt_interface_extern

[  2%] Built target snopt_cpp

[  3%] Built target sntoya

[  3%] Built target testing_tools

[  6%] Built target utility

[  7%] Built target lwpr

[  8%] Built target xascii2mrplot

[  8%] Built target xlwpr

[  8%] Built target xlwprstat

[  8%] Built target rosrt

[  8%] Built target ros_rt_test_publisher

[  8%] Built target ros_rt_test_subscriber

[  8%] Built target SLcommon

[  9%] Built target SLmotor

[  9%] Built target SLopenGL

[  9%] Built target SLros

[ 10%] Built target SLsimulation

[ 10%] Built target SLtask

[ 11%] Built target SLvision

[ 11%] Built target _vicon_bridge_generate_messages_check_deps_Marker

[ 11%] Built target _vicon_bridge_generate_messages_check_deps_Markers

[ 11%] Built target _vicon_bridge_generate_messages_check_deps_viconCalibrateSegment

[ 11%] Built target _vicon_bridge_generate_messages_check_deps_viconGrabPose

[ 11%] Built target geometry_msgs_generate_messages_cpp

[ 11%] Built target _vicon_bridge_generate_messages_check_deps_TfDistortInfo

[ 11%] Built target vicon_bridge_generate_messages_cpp

[ 11%] Built target vicon_bridge_gencpp

[ 11%] Built target calibrate

[ 11%] Built target msvc_bridge

[ 11%] Built target testclient

[ 11%] Built target vicon_bridge_gencfg

[ 11%] Built target tf_distort

[ 11%] Built target vicon_bridge

[ 11%] Built target geometry_msgs_generate_messages_lisp

[ 12%] Built target vicon_bridge_generate_messages_lisp

[ 12%] Built target geometry_msgs_generate_messages_py

[ 12%] Built target vicon_bridge_generate_messages_py

[ 12%] Built target vicon_bridge_generate_messages

[ 14%] Built target yaml-cpp

[ 14%] Built target _hermes_communication_tools_generate_messages_check_deps_gdc_state_msg

[ 14%] Built target _hermes_communication_tools_generate_messages_check_deps_gdc_states_vector_msg

[ 14%] Built target hermes_communication_tools_generate_messages_lisp

[ 14%] Built target hermes_communication_tools_generate_messages_cpp

[ 15%] Built target hermes_communication_tools_generate_messages_py

[ 15%] Built target hermes_communication_tools_generate_messages

[ 16%] Built target athena

[ 16%] Built target athena_openGL

[ 16%] Built target athena_simulation

[ 16%] Built target athena_task

[ 16%] Built target xathena

[ 16%] Built target xmotor_athena

[ 16%] Built target xpest_athena

[ 16%] Built target xvision_athena

[ 17%] Built target hermes_full

[ 17%] Built target hermes_full_openGL

[ 17%] Built target hermes_full_simulation

[ 17%] Built target hermes_full_task

[ 17%] Built target xhermes_full

[ 18%] Built target xmotor_hermes_full

[ 18%] Built target xpest_hermes_full

[ 18%] Built target xvision_hermes_full

[ 19%] Built target hermes_lower

[ 19%] Built target hermes_lower_openGL

[ 19%] Built target hermes_lower_simulation

[ 19%] Built target hermes_lower_task

[ 19%] Built target xhermes_lower

[ 19%] Built target xmotor_hermes_lower

[ 20%] Built target xpest_hermes_lower

[ 20%] Built target xvision_hermes_lower

[ 20%] Built target eiquadprog_tester_app

[ 20%] Built target geometry_utils

[ 20%] Built target io_utils_lib

[ 21%] Built target robot_math

[ 21%] Built target lqr_example_app

[ 21%] Built target math_utils_lib

[ 21%] Built target configuration_file_loading

[ 22%] Built target data_collection

[ 22%] Built target io_tools_OTHER_FILES

[ 23%] Built target yaml_example

[ 23%] Built target capture_points

[ 23%] Built target capture_points_app

[ 26%] Built target floating_base_tools_athena

[ 26%] Built target momentum_lqr_example_app

[ 27%] Built target floating_base_tools_hermes_full

[ 28%] Built target floating_base_tools_hermes_lower

[ 30%] Built target floating_base_tools_hopper

[ 30%] Built target data_collectionSL

[ 31%] Built target floating_base_tools_sl_athena

[ 32%] Built target biped_locomotion_athena

[ 32%] Built target gtest

[ 32%] Built target biped_locomotion_tests_athena

[ 32%] Built target hinvdyn_dcm_gait_athena

[ 33%] Built target floating_base_tools_sl_hermes_full

[ 34%] Built target biped_locomotion_hermes_full

Scanning dependencies of target biped_locomotion_tests_hermes_full

[ 34%] Building CXX object catkin/humanoids/humanoid_control/biped_locomotion/biped_locomotion_hermes_full/CMakeFiles/biped_locomotion_tests_hermes_full.dir/__/template/src/biped_locomotion/tests/hinvdyn_example_tester.cpp.o

[ 35%] Building CXX object catkin/humanoids/humanoid_control/biped_locomotion/biped_locomotion_hermes_full/CMakeFiles/biped_locomotion_tests_hermes_full.dir/__/template/src/biped_locomotion/tests/kinematics_sl_tester.cpp.o

Linking CXX shared library /home/administrator/ci/ci/team/workspace/devel/lib/libbiped_locomotion_tests_hermes_full.so

[ 35%] Built target biped_locomotion_tests_hermes_full

[ 35%] Built target floating_base_tools_sl_hermes_lower

[ 36%] Built target biped_locomotion_hermes_lower

[ 36%] Built target biped_locomotion_tests_hermes_lower

[ 37%] Built target hinvdyn_dcm_gait_hermes_lower

[ 37%] Built target lqr_hermes_lower

[ 37%] Built target rigid_body_dynamics

[ 37%] Built target identification_test

[ 38%] Built target solver

[ 39%] Built target solverlqr

[ 40%] Built target momentumopt

[ 40%] Built target demoMomentumopt

[ 40%] Built target testing_tests_athena

[ 40%] Built target testing_tests_hermes_lower

[ 40%] Built target vicon_kinematics_athena

[ 40%] Built target vicon_kinematics_hermes_full

[ 41%] Built target vicon_kinematics_hermes_lower

[ 42%] Built target visualization_tools_opengl_athena

[ 42%] Built target visualization_tools_task_athena

[ 42%] Built target filtering_tools_athena

[ 42%] Built target filtering_tools_sl_athena

[ 42%] Built target humanoid_tests_athena

[ 43%] Built target momentumopt_athena

[ 43%] Built target vicon_kinematics_sl_athena

[ 43%] Built target visualization_tools_opengl_hermes_full

[ 44%] Built target visualization_tools_task_hermes_full

Scanning dependencies of target filtering_tools_hermes_full

[ 44%] Building CXX object catkin/humanoids/humanoid_control/filtering_tools/filtering_tools_hermes_full/CMakeFiles/filtering_tools_hermes_full.dir/__/template/src/base_state_estimators/BaseEstEKF.cpp.o

[ 44%] Building CXX object catkin/humanoids/humanoid_control/filtering_tools/filtering_tools_hermes_full/CMakeFiles/filtering_tools_hermes_full.dir/__/template/src/base_state_estimators/IMUQuaternionFilter.cpp.o

[ 45%] Building CXX object catkin/humanoids/humanoid_control/filtering_tools/filtering_tools_hermes_full/CMakeFiles/filtering_tools_hermes_full.dir/__/template/src/joint_state_estimators/AthenaAnkleEstimator.cpp.o

[ 45%] Building CXX object catkin/humanoids/humanoid_control/filtering_tools/filtering_tools_hermes_full/CMakeFiles/filtering_tools_hermes_full.dir/__/template/src/noise_simulator/NoiseSimulator.cpp.o

Linking CXX shared library /home/administrator/ci/ci/team/workspace/devel/lib/libfiltering_tools_hermes_full.so

[ 45%] Built target filtering_tools_hermes_full

Scanning dependencies of target filtering_tools_sl_hermes_full

[ 45%] Building CXX object catkin/humanoids/humanoid_control/filtering_tools_sl/filtering_tools_sl_hermes_full/CMakeFiles/filtering_tools_sl_hermes_full.dir/__/template/src/noise_simulator/NoiseSimulatorSL.cpp.o

In file included from /home/administrator/ci/ci/team/workspace/src/catkin/humanoids/humanoid_control/filtering_tools_sl/filtering_tools_sl_hermes_full/../template/include/../include/noise_simulator/NoiseSimulatorSL.h:4:0,

                 from /home/administrator/ci/ci/team/workspace/src/catkin/humanoids/humanoid_control/filtering_tools_sl/template/src/noise_simulator/NoiseSimulatorSL.cpp:1:

/home/administrator/ci/ci/team/workspace/src/catkin/humanoids/humanoid_control/filtering_tools/filtering_tools_hermes_full/../template/include/noise_simulator/NoiseSimulator.h: In constructor ‘NoiseSimulator::NoiseSimulator(double, YAML::Node)’:

/home/administrator/ci/ci/team/workspace/src/catkin/humanoids/humanoid_control/filtering_tools/filtering_tools_hermes_full/../template/include/noise_simulator/NoiseSimulator.h:145:14: warning: ‘NoiseSimulator::config_’ will be initialized after [-Wreorder]

   YAML::Node config_;

              ^

/home/administrator/ci/ci/team/workspace/src/catkin/humanoids/humanoid_control/filtering_tools/filtering_tools_hermes_full/../template/include/noise_simulator/NoiseSimulator.h:143:10: warning:   ‘double NoiseSimulator::update_freq_’ [-Wreorder]

   double update_freq_; // frequency

          ^

/home/administrator/ci/ci/team/workspace/src/catkin/humanoids/humanoid_control/filtering_tools/filtering_tools_hermes_full/../template/include/noise_simulator/NoiseSimulator.h:18:3: warning:   when initialized here [-Wreorder]

   NoiseSimulator(double update_freq, YAML::Node config = YAML::Node()) :

   ^

/home/administrator/ci/ci/team/workspace/src/catkin/humanoids/humanoid_control/filtering_tools/filtering_tools_hermes_full/../template/include/noise_simulator/NoiseSimulator.h: In member function ‘void NoiseSimulator::initialize(floating_base_tools::RobotPosture&, floating_base_tools::RobotVelocity&, floating_base_tools::RobotAcceleration&, floating_base_tools::IMUData&, floating_base_tools::FTSensorData (&)[4], floating_base_tools::IMUData (&)[4])’:

/home/administrator/ci/ci/team/workspace/src/catkin/humanoids/humanoid_control/filtering_tools/filtering_tools_hermes_full/../template/include/noise_simulator/NoiseSimulator.h:78:32: warning: comparison between signed and unsigned integer expressions [-Wsign-compare]

     for (int i = 0; i < Robot::n_endeffs_; ++i) {

                                ^

/home/administrator/ci/ci/team/workspace/src/catkin/humanoids/humanoid_control/filtering_tools/filtering_tools_hermes_full/../template/include/noise_simulator/NoiseSimulator.h: In member function ‘virtual void NoiseSimulator::setUpDataCollection()’:

/home/administrator/ci/ci/team/workspace/src/catkin/humanoids/humanoid_control/filtering_tools/filtering_tools_hermes_full/../template/include/noise_simulator/NoiseSimulator.h:88:32: warning: comparison between signed and unsigned integer expressions [-Wsign-compare]

     for (int i = 0; i < Robot::n_endeffs_; ++i) {

                                ^

/home/administrator/ci/ci/team/workspace/src/catkin/humanoids/humanoid_control/filtering_tools/filtering_tools_hermes_full/../template/include/noise_simulator/NoiseSimulator.h: In member function ‘void NoiseSimulator::update(floating_base_tools::RobotPosture&, floating_base_tools::RobotVelocity&, floating_base_tools::RobotAcceleration&, floating_base_tools::IMUData&, floating_base_tools::FTSensorData (&)[4], floating_base_tools::IMUData (&)[4])’:

/home/administrator/ci/ci/team/workspace/src/catkin/humanoids/humanoid_control/filtering_tools/filtering_tools_hermes_full/../template/include/noise_simulator/NoiseSimulator.h:118:32: warning: comparison between signed and unsigned integer expressions [-Wsign-compare]

     for (int i = 0; i < Robot::n_endeffs_; ++i) {

                                ^

/home/administrator/ci/ci/team/workspace/src/catkin/humanoids/humanoid_control/filtering_tools_sl/template/src/noise_simulator/NoiseSimulatorSL.cpp: In constructor ‘NoiseSimulatorSL::NoiseSimulatorSL(double, YAML::Node)’:

/home/administrator/ci/ci/team/workspace/src/catkin/humanoids/humanoid_control/filtering_tools_sl/template/src/noise_simulator/NoiseSimulatorSL.cpp:11:30: warning: comparison between signed and unsigned integer expressions [-Wsign-compare]

   for (int i = 0; i < Robot::n_endeffs_; ++i) {

                              ^

/home/administrator/ci/ci/team/workspace/src/catkin/humanoids/humanoid_control/filtering_tools_sl/template/src/noise_simulator/NoiseSimulatorSL.cpp: In member function ‘virtual void NoiseSimulatorSL::setUpDataCollection()’:

/home/administrator/ci/ci/team/workspace/src/catkin/humanoids/humanoid_control/filtering_tools_sl/template/src/noise_simulator/NoiseSimulatorSL.cpp:25:30: warning: comparison between signed and unsigned integer expressions [-Wsign-compare]

   for (int i = 0; i < Robot::n_dofs_; ++i) {

                              ^

/home/administrator/ci/ci/team/workspace/src/catkin/humanoids/humanoid_control/filtering_tools_sl/template/src/noise_simulator/NoiseSimulatorSL.cpp:63:30: warning: comparison between signed and unsigned integer expressions [-Wsign-compare]

   for (int i = 0; i < Robot::n_endeffs_; ++i) {

                              ^

Linking CXX shared library /home/administrator/ci/ci/team/workspace/devel/lib/libfiltering_tools_sl_hermes_full.so

[ 45%] Built target filtering_tools_sl_hermes_full

Scanning dependencies of target momentumopt_hermes_full

[ 45%] Building C object catkin/humanoids/humanoid_control/motion_planning/momentumopt_sl/momentumopt_hermes_full/CMakeFiles/momentumopt_hermes_full.dir/src/momentumopt_hermes_full/InitUserTasksMomentumopt.c.o

[ 45%] Building CXX object catkin/humanoids/humanoid_control/motion_planning/momentumopt_sl/momentumopt_hermes_full/CMakeFiles/momentumopt_hermes_full.dir/src/momentumopt_hermes_full/motion_display/MotionDisplay.cpp.o

[ 45%] Building CXX object catkin/humanoids/humanoid_control/motion_planning/momentumopt_sl/momentumopt_hermes_full/CMakeFiles/momentumopt_hermes_full.dir/src/momentumopt_hermes_full/motion_display/HumanoidDisplay.cpp.o

/home/administrator/ci/ci/team/workspace/src/catkin/humanoids/humanoid_control/motion_planning/momentumopt_sl/momentumopt_hermes_full/src/momentumopt_hermes_full/motion_display/HumanoidDisplay.cpp: In member function ‘void motion_display::EndeffectorDisplayTool::display(const Eigen::Matrix<double, 3, 5>&)’:

/home/administrator/ci/ci/team/workspace/src/catkin/humanoids/humanoid_control/motion_planning/momentumopt_sl/momentumopt_hermes_full/src/momentumopt_hermes_full/motion_display/HumanoidDisplay.cpp:31:73: warning: deprecated conversion from string constant to ‘char*’ [-Wwrite-strings]

     sendUserGraphics("draw_balls_opengl", &balls_info, sizeof(BallsInfo));

                                                                         ^

/home/administrator/ci/ci/team/workspace/src/catkin/humanoids/humanoid_control/motion_planning/momentumopt_sl/momentumopt_hermes_full/src/momentumopt_hermes_full/motion_display/HumanoidDisplay.cpp: In function ‘void motion_display::draw_ball(const Vector3d&, const motion_display::NamedColor&, const double&, const double&)’:

/home/administrator/ci/ci/team/workspace/src/catkin/humanoids/humanoid_control/motion_planning/momentumopt_sl/momentumopt_hermes_full/src/momentumopt_hermes_full/motion_display/HumanoidDisplay.cpp:40:73: warning: deprecated conversion from string constant to ‘char*’ [-Wwrite-strings]

     sendUserGraphics("draw_balls_opengl", &balls_info, sizeof(BallsInfo));

                                                                         ^

/home/administrator/ci/ci/team/workspace/src/catkin/humanoids/humanoid_control/motion_planning/momentumopt_sl/momentumopt_hermes_full/src/momentumopt_hermes_full/motion_display/HumanoidDisplay.cpp: In function ‘void motion_display::draw_ball(const std::vector<Eigen::Matrix<double, 3, 1> >&, const motion_display::NamedColor&, const double&, const double&)’:

/home/administrator/ci/ci/team/workspace/src/catkin/humanoids/humanoid_control/motion_planning/momentumopt_sl/momentumopt_hermes_full/src/momentumopt_hermes_full/motion_display/HumanoidDisplay.cpp:50:73: warning: deprecated conversion from string constant to ‘char*’ [-Wwrite-strings]

     sendUserGraphics("draw_balls_opengl", &balls_info, sizeof(BallsInfo));

                                                                         ^

/home/administrator/ci/ci/team/workspace/src/catkin/humanoids/humanoid_control/motion_planning/momentumopt_sl/momentumopt_hermes_full/src/momentumopt_hermes_full/motion_display/HumanoidDisplay.cpp: In function ‘void motion_display::draw_ball(const std::vector<Eigen::Matrix<double, 3, 1> >&, const std::vector<motion_display::NamedColor>&, const double&, const double&)’:

/home/administrator/ci/ci/team/workspace/src/catkin/humanoids/humanoid_control/motion_planning/momentumopt_sl/momentumopt_hermes_full/src/momentumopt_hermes_full/motion_display/HumanoidDisplay.cpp:60:73: warning: deprecated conversion from string constant to ‘char*’ [-Wwrite-strings]

     sendUserGraphics("draw_balls_opengl", &balls_info, sizeof(BallsInfo));

                                                                         ^

At global scope:

cc1plus: warning: unrecognized command line option "-Wno-writable-strings" [enabled by default]

cc1plus: warning: unrecognized command line option "-Wno-string-compare" [enabled by default]

[ 45%] Building CXX object catkin/humanoids/humanoid_control/motion_planning/momentumopt_sl/momentumopt_hermes_full/CMakeFiles/momentumopt_hermes_full.dir/src/momentumopt_hermes_full/motion_display/MotionDisplayTask.cpp.o

[ 45%] Building CXX object catkin/humanoids/humanoid_control/motion_planning/momentumopt_sl/momentumopt_hermes_full/CMakeFiles/momentumopt_hermes_full.dir/src/momentumopt_hermes_full/motion_optimization/MotionReplayTask.cpp.o

[ 45%] Building CXX object catkin/humanoids/humanoid_control/motion_planning/momentumopt_sl/momentumopt_hermes_full/CMakeFiles/momentumopt_hermes_full.dir/src/momentumopt_hermes_full/motion_optimization/MotionOptimizationSl.cpp.o

[ 45%] Building CXX object catkin/humanoids/humanoid_control/motion_planning/momentumopt_sl/momentumopt_hermes_full/CMakeFiles/momentumopt_hermes_full.dir/src/momentumopt_hermes_full/motion_optimization/KinematicsInterfaceSl.cpp.o

[ 45%] Building CXX object catkin/humanoids/humanoid_control/motion_planning/momentumopt_sl/momentumopt_hermes_full/CMakeFiles/momentumopt_hermes_full.dir/src/momentumopt_hermes_full/motion_optimization/MotionOptimizationTask.cpp.o

[ 45%] Building CXX object catkin/humanoids/humanoid_control/motion_planning/momentumopt_sl/momentumopt_hermes_full/CMakeFiles/momentumopt_hermes_full.dir/src/momentumopt_hermes_full/motion_execution/MotionExecution.cpp.o

[ 45%] Building CXX object catkin/humanoids/humanoid_control/motion_planning/momentumopt_sl/momentumopt_hermes_full/CMakeFiles/momentumopt_hermes_full.dir/src/momentumopt_hermes_full/motion_execution/MotionExecutionTask.cpp.o

Linking CXX shared library /home/administrator/ci/ci/team/workspace/devel/lib/libmomentumopt_hermes_full.so

[ 45%] Built target momentumopt_hermes_full

Scanning dependencies of target vicon_kinematics_sl_hermes_full

[ 45%] Building CXX object catkin/humanoids/humanoid_control/vicon_kinematics_sl/vicon_kinematics_sl_hermes_full/CMakeFiles/vicon_kinematics_sl_hermes_full.dir/__/template/src/vicon_kinematics_sl/vicon_calibration_motion.cpp.o

In file included from /home/administrator/ci/ci/team/workspace/src/catkin/humanoids/humanoid_control/vicon_kinematics_sl/vicon_kinematics_sl_hermes_full/../template/include/vicon_kinematics_sl/vicon_calibration_motion.h:22:0,

                 from /home/administrator/ci/ci/team/workspace/src/catkin/humanoids/humanoid_control/vicon_kinematics_sl/template/src/vicon_kinematics_sl/vicon_calibration_motion.cpp:16:

/home/administrator/ci/ci/team/workspace/src/catkin/humanoids/humanoid_control/vicon_kinematics/vicon_kinematics_hermes_full/../template/include/vicon_kinematics/athena_vicon_collect.h: In member function ‘vicon_kinematics::ViconFrame vicon_kinematics::AthenaViconCollect::get_base_measurement(vicon_kinematics::AthenaViconCollect::PostureVector) const’:

/home/administrator/ci/ci/team/workspace/src/catkin/humanoids/humanoid_control/vicon_kinematics/vicon_kinematics_hermes_full/../template/include/vicon_kinematics/athena_vicon_collect.h:43:38: warning: comparison between signed and unsigned integer expressions [-Wsign-compare]

    for(int i=0; i<vicon_frames_.size(); ++i){

                                      ^

/home/administrator/ci/ci/team/workspace/src/catkin/humanoids/humanoid_control/vicon_kinematics/vicon_kinematics_hermes_full/../template/include/vicon_kinematics/athena_vicon_collect.h: In member function ‘bool vicon_kinematics::AthenaViconCollect::get_base_measurement(vicon_kinematics::AthenaViconCollect::PostureVector, vicon_kinematics::ViconFrame&) const’:

/home/administrator/ci/ci/team/workspace/src/catkin/humanoids/humanoid_control/vicon_kinematics/vicon_kinematics_hermes_full/../template/include/vicon_kinematics/athena_vicon_collect.h:61:37: warning: comparison between signed and unsigned integer expressions [-Wsign-compare]

   for(int i=0; i<vicon_frames_.size(); ++i){

                                     ^

[ 45%] Building CXX object catkin/humanoids/humanoid_control/vicon_kinematics_sl/vicon_kinematics_sl_hermes_full/CMakeFiles/vicon_kinematics_sl_hermes_full.dir/__/template/src/vicon_kinematics_sl/vicon_calibration_motion_task.cpp.o

In file included from /home/administrator/ci/ci/team/workspace/src/catkin/humanoids/humanoid_control/vicon_kinematics_sl/vicon_kinematics_sl_hermes_full/../template/include/vicon_kinematics_sl/vicon_calibration_motion.h:22:0,

                 from /home/administrator/ci/ci/team/workspace/src/catkin/humanoids/humanoid_control/vicon_kinematics_sl/template/src/vicon_kinematics_sl/vicon_calibration_motion_task.cpp:16:

/home/administrator/ci/ci/team/workspace/src/catkin/humanoids/humanoid_control/vicon_kinematics/vicon_kinematics_hermes_full/../template/include/vicon_kinematics/athena_vicon_collect.h: In member function ‘vicon_kinematics::ViconFrame vicon_kinematics::AthenaViconCollect::get_base_measurement(vicon_kinematics::AthenaViconCollect::PostureVector) const’:

/home/administrator/ci/ci/team/workspace/src/catkin/humanoids/humanoid_control/vicon_kinematics/vicon_kinematics_hermes_full/../template/include/vicon_kinematics/athena_vicon_collect.h:43:38: warning: comparison between signed and unsigned integer expressions [-Wsign-compare]

    for(int i=0; i<vicon_frames_.size(); ++i){

                                      ^

/home/administrator/ci/ci/team/workspace/src/catkin/humanoids/humanoid_control/vicon_kinematics/vicon_kinematics_hermes_full/../template/include/vicon_kinematics/athena_vicon_collect.h: In member function ‘bool vicon_kinematics::AthenaViconCollect::get_base_measurement(vicon_kinematics::AthenaViconCollect::PostureVector, vicon_kinematics::ViconFrame&) const’:

/home/administrator/ci/ci/team/workspace/src/catkin/humanoids/humanoid_control/vicon_kinematics/vicon_kinematics_hermes_full/../template/include/vicon_kinematics/athena_vicon_collect.h:61:37: warning: comparison between signed and unsigned integer expressions [-Wsign-compare]

   for(int i=0; i<vicon_frames_.size(); ++i){

                                     ^

[ 45%] Building CXX object catkin/humanoids/humanoid_control/vicon_kinematics_sl/vicon_kinematics_sl_hermes_full/CMakeFiles/vicon_kinematics_sl_hermes_full.dir/__/template/src/vicon_kinematics_sl/ViconTestTask.cpp.o

In file included from /home/administrator/ci/ci/team/workspace/src/catkin/humanoids/humanoid_control/vicon_kinematics_sl/template/src/vicon_kinematics_sl/ViconTestTask.cpp:17:0:

/home/administrator/ci/ci/team/workspace/src/catkin/humanoids/humanoid_control/vicon_kinematics_sl/vicon_kinematics_sl_hermes_full/../template/include/vicon_kinematics_sl/ViconInterfaceHermesLower.h: In constructor ‘vicon_kinematics::ViconInterfaceHermesLower::ViconInterfaceHermesLower(const YAML::Node&, std::unique_ptr<floating_base_tools::RobotInterface>&&, std::unique_ptr<floating_base_tools::RobotProperties>&&, std::unique_ptr<floating_base_tools::Kinematics>&&, std::unique_ptr<data_collection::DataCollector>&&, std::unique_ptr<VisualizationToolsInterface>&&)’:

/home/administrator/ci/ci/team/workspace/src/catkin/humanoids/humanoid_control/vicon_kinematics_sl/vicon_kinematics_sl_hermes_full/../template/include/vicon_kinematics_sl/ViconInterfaceHermesLower.h:89:50: warning: ‘vicon_kinematics::ViconInterfaceHermesLower::vis_tools_interface_’ will be initialized after [-Wreorder]

     std::unique_ptr<VisualizationToolsInterface> vis_tools_interface_;

                                                  ^

/home/administrator/ci/ci/team/workspace/src/catkin/humanoids/humanoid_control/vicon_kinematics_sl/vicon_kinematics_sl_hermes_full/../template/include/vicon_kinematics_sl/ViconInterfaceHermesLower.h:55:35: warning:   ‘vicon_kinematics::DataCollect vicon_kinematics::ViconInterfaceHermesLower::vicon_data_collect_’ [-Wreorder]

     vicon_kinematics::DataCollect vicon_data_collect_;

                                   ^

/home/administrator/ci/ci/team/workspace/src/catkin/humanoids/humanoid_control/vicon_kinematics_sl/vicon_kinematics_sl_hermes_full/../template/include/vicon_kinematics_sl/ViconInterfaceHermesLower.h:23:5: warning:   when initialized here [-Wreorder]

     ViconInterfaceHermesLower(const YAML::Node& config,

     ^

[ 45%] Building CXX object catkin/humanoids/humanoid_control/vicon_kinematics_sl/vicon_kinematics_sl_hermes_full/CMakeFiles/vicon_kinematics_sl_hermes_full.dir/__/template/src/vicon_kinematics_sl/ViconObjectCalibrationTask.cpp.o

In file included from /home/administrator/ci/ci/team/workspace/src/catkin/humanoids/humanoid_control/vicon_kinematics_sl/template/src/vicon_kinematics_sl/ViconObjectCalibrationTask.cpp:17:0:

/home/administrator/ci/ci/team/workspace/src/catkin/humanoids/humanoid_control/vicon_kinematics_sl/vicon_kinematics_sl_hermes_full/../template/include/vicon_kinematics_sl/ViconInterfaceHermesLower.h: In constructor ‘vicon_kinematics::ViconInterfaceHermesLower::ViconInterfaceHermesLower(const YAML::Node&, std::unique_ptr<floating_base_tools::RobotInterface>&&, std::unique_ptr<floating_base_tools::RobotProperties>&&, std::unique_ptr<floating_base_tools::Kinematics>&&, std::unique_ptr<data_collection::DataCollector>&&, std::unique_ptr<VisualizationToolsInterface>&&)’:

/home/administrator/ci/ci/team/workspace/src/catkin/humanoids/humanoid_control/vicon_kinematics_sl/vicon_kinematics_sl_hermes_full/../template/include/vicon_kinematics_sl/ViconInterfaceHermesLower.h:89:50: warning: ‘vicon_kinematics::ViconInterfaceHermesLower::vis_tools_interface_’ will be initialized after [-Wreorder]

     std::unique_ptr<VisualizationToolsInterface> vis_tools_interface_;

                                                  ^

/home/administrator/ci/ci/team/workspace/src/catkin/humanoids/humanoid_control/vicon_kinematics_sl/vicon_kinematics_sl_hermes_full/../template/include/vicon_kinematics_sl/ViconInterfaceHermesLower.h:55:35: warning:   ‘vicon_kinematics::DataCollect vicon_kinematics::ViconInterfaceHermesLower::vicon_data_collect_’ [-Wreorder]

     vicon_kinematics::DataCollect vicon_data_collect_;

                                   ^

/home/administrator/ci/ci/team/workspace/src/catkin/humanoids/humanoid_control/vicon_kinematics_sl/vicon_kinematics_sl_hermes_full/../template/include/vicon_kinematics_sl/ViconInterfaceHermesLower.h:23:5: warning:   when initialized here [-Wreorder]

     ViconInterfaceHermesLower(const YAML::Node& config,

     ^

/home/administrator/ci/ci/team/workspace/src/catkin/humanoids/humanoid_control/vicon_kinematics_sl/template/src/vicon_kinematics_sl/ViconObjectCalibrationTask.cpp: In member function ‘int vicon_test_task::ViconObjectCalibrationTask::run()’:

/home/administrator/ci/ci/team/workspace/src/catkin/humanoids/humanoid_control/vicon_kinematics_sl/template/src/vicon_kinematics_sl/ViconObjectCalibrationTask.cpp:75:30: warning: comparison between signed and unsigned integer expressions [-Wsign-compare]

       if(joint_id_ <= Robot::n_dofs_) {

                              ^

[ 46%] Building CXX object catkin/humanoids/humanoid_control/vicon_kinematics_sl/vicon_kinematics_sl_hermes_full/CMakeFiles/vicon_kinematics_sl_hermes_full.dir/__/template/src/vicon_kinematics_sl/ViconInterfaceHermesLower.cpp.o

In file included from /home/administrator/ci/ci/team/workspace/src/catkin/humanoids/humanoid_control/vicon_kinematics_sl/template/src/vicon_kinematics_sl/ViconInterfaceHermesLower.cpp:3:0:

/home/administrator/ci/ci/team/workspace/src/catkin/humanoids/humanoid_control/vicon_kinematics_sl/vicon_kinematics_sl_hermes_full/../template/include/vicon_kinematics_sl/ViconInterfaceHermesLower.h: In constructor ‘vicon_kinematics::ViconInterfaceHermesLower::ViconInterfaceHermesLower(const YAML::Node&, std::unique_ptr<floating_base_tools::RobotInterface>&&, std::unique_ptr<floating_base_tools::RobotProperties>&&, std::unique_ptr<floating_base_tools::Kinematics>&&, std::unique_ptr<data_collection::DataCollector>&&, std::unique_ptr<VisualizationToolsInterface>&&)’:

/home/administrator/ci/ci/team/workspace/src/catkin/humanoids/humanoid_control/vicon_kinematics_sl/vicon_kinematics_sl_hermes_full/../template/include/vicon_kinematics_sl/ViconInterfaceHermesLower.h:89:50: warning: ‘vicon_kinematics::ViconInterfaceHermesLower::vis_tools_interface_’ will be initialized after [-Wreorder]

     std::unique_ptr<VisualizationToolsInterface> vis_tools_interface_;

                                                  ^

/home/administrator/ci/ci/team/workspace/src/catkin/humanoids/humanoid_control/vicon_kinematics_sl/vicon_kinematics_sl_hermes_full/../template/include/vicon_kinematics_sl/ViconInterfaceHermesLower.h:55:35: warning:   ‘vicon_kinematics::DataCollect vicon_kinematics::ViconInterfaceHermesLower::vicon_data_collect_’ [-Wreorder]

     vicon_kinematics::DataCollect vicon_data_collect_;

                                   ^

/home/administrator/ci/ci/team/workspace/src/catkin/humanoids/humanoid_control/vicon_kinematics_sl/vicon_kinematics_sl_hermes_full/../template/include/vicon_kinematics_sl/ViconInterfaceHermesLower.h:23:5: warning:   when initialized here [-Wreorder]

     ViconInterfaceHermesLower(const YAML::Node& config,

     ^

/home/administrator/ci/ci/team/workspace/src/catkin/humanoids/humanoid_control/vicon_kinematics_sl/template/src/vicon_kinematics_sl/ViconInterfaceHermesLower.cpp: In member function ‘bool vicon_kinematics::ViconInterfaceHermesLower::initialize()’:

/home/administrator/ci/ci/team/workspace/src/catkin/humanoids/humanoid_control/vicon_kinematics_sl/template/src/vicon_kinematics_sl/ViconInterfaceHermesLower.cpp:44:32: warning: comparison between signed and unsigned integer expressions [-Wsign-compare]

     for (int i = 0; i < Robot::n_dofs_; ++i) {

                                ^

/home/administrator/ci/ci/team/workspace/src/catkin/humanoids/humanoid_control/vicon_kinematics_sl/template/src/vicon_kinematics_sl/ViconInterfaceHermesLower.cpp:83:32: warning: comparison between signed and unsigned integer expressions [-Wsign-compare]

     for (int i = 0; i < Robot::n_endeffs_; ++i) {

                                ^

/home/administrator/ci/ci/team/workspace/src/catkin/humanoids/humanoid_control/vicon_kinematics_sl/template/src/vicon_kinematics_sl/ViconInterfaceHermesLower.cpp: In member function ‘bool vicon_kinematics::ViconInterfaceHermesLower::update()’:

/home/administrator/ci/ci/team/workspace/src/catkin/humanoids/humanoid_control/vicon_kinematics_sl/template/src/vicon_kinematics_sl/ViconInterfaceHermesLower.cpp:166:41: warning: comparison between signed and unsigned integer expressions [-Wsign-compare]

     for(int i = 0; i < Robot::n_dofs_ + 6; i++){

                                         ^

/home/administrator/ci/ci/team/workspace/src/catkin/humanoids/humanoid_control/vicon_kinematics_sl/template/src/vicon_kinematics_sl/ViconInterfaceHermesLower.cpp:181:3: warning: no return statement in function returning non-void [-Wreturn-type]

   }

   ^

/home/administrator/ci/ci/team/workspace/src/catkin/humanoids/humanoid_control/vicon_kinematics_sl/template/src/vicon_kinematics_sl/ViconInterfaceHermesLower.cpp: In member function ‘bool vicon_kinematics::ViconInterfaceHermesLower::initialize()’:

/home/administrator/ci/ci/team/workspace/src/catkin/humanoids/humanoid_control/vicon_kinematics_sl/template/src/vicon_kinematics_sl/ViconInterfaceHermesLower.cpp:94:3: warning: control reaches end of non-void function [-Wreturn-type]

   }

   ^

[ 46%] Building C object catkin/humanoids/humanoid_control/vicon_kinematics_sl/vicon_kinematics_sl_hermes_full/CMakeFiles/vicon_kinematics_sl_hermes_full.dir/__/template/src/vicon_kinematics_sl/initUserTasks_slVicon.c.o

Linking CXX shared library /home/administrator/ci/ci/team/workspace/devel/lib/libvicon_kinematics_sl_hermes_full.so

[ 46%] Built target vicon_kinematics_sl_hermes_full

[ 47%] Built target visualization_tools_opengl_hermes_lower

[ 48%] Built target visualization_tools_task_hermes_lower

[ 48%] Built target filtering_tools_hermes_lower

[ 48%] Built target filtering_tools_sl_hermes_lower

[ 50%] Built target humanoid_tests_hermes_lower

[ 50%] Built target vicon_kinematics_sl_hermes_lower

[ 51%] Built target walking_tools_athena

[ 51%] Built target _walking_tools_athena_generate_messages_check_deps_GaussPolicyUpdateResult

[ 51%] Built target std_msgs_generate_messages_lisp

[ 51%] Built target _walking_tools_athena_generate_messages_check_deps_GaussPolicyUpdateActionResult

[ 51%] Built target _walking_tools_athena_generate_messages_check_deps_GaussPolicyUpdateFeedback

[ 51%] Built target _walking_tools_athena_generate_messages_check_deps_GaussPolicyUpdateAction

[ 51%] Built target _walking_tools_athena_generate_messages_check_deps_GaussPolicyUpdateActionGoal

[ 51%] Built target actionlib_msgs_generate_messages_lisp

[ 51%] Built target _walking_tools_athena_generate_messages_check_deps_GaussPolicyUpdateGoal

[ 51%] Built target _walking_tools_athena_generate_messages_check_deps_vector3d_array

[ 51%] Built target _walking_tools_athena_generate_messages_check_deps_GaussPolicyUpdateActionFeedback

[ 52%] Built target walking_tools_athena_generate_messages_lisp

[ 52%] Built target std_msgs_generate_messages_py

[ 52%] Built target actionlib_msgs_generate_messages_py

[ 52%] Built target walking_tools_athena_generate_messages_py

[ 52%] Built target std_msgs_generate_messages_cpp

[ 52%] Built target actionlib_msgs_generate_messages_cpp

[ 53%] Built target walking_tools_athena_generate_messages_cpp

[ 53%] Built target walking_tools_athena_generate_messages

[ 53%] Building CXX object catkin/humanoids/humanoid_control/example_tasks/example_tasks_athena/CMakeFiles/example_tasks_athena.dir/__/template/src/example_tasks/InverseDynamicsQPTestTask.cpp.o

In file included from /home/administrator/ci/ci/team/workspace/src/catkin/core-sl/locomotion-sl/include/SL.h:19:0,

                 from /home/administrator/ci/ci/team/workspace/src/catkin/humanoids/humanoid_control/floating_base_tools_sl/floating_base_tools_sl_athena/../template/include/floating_base_tools_sl/kinematics_sl.h:23,

                 from /home/administrator/ci/ci/team/workspace/src/catkin/humanoids/humanoid_control/filtering_tools_sl/filtering_tools_sl_athena/../template/include/noise_simulator/NoiseSimulatorSL.h:8,

                 from /home/administrator/ci/ci/team/workspace/src/catkin/humanoids/humanoid_control/example_tasks/template/src/example_tasks/InverseDynamicsQPTestTask.cpp:6:

/home/administrator/ci/ci/team/workspace/src/catkin/core-sl/locomotion-utilities/include/utility.h:103:12: error: expected identifier before numeric constant

 #define E  2.71828182845905

            ^

/home/administrator/ci/ci/team/workspace/src/catkin/core-sl/locomotion-utilities/include/utility.h:103:12: error: expected ‘>’ before numeric constant

/home/administrator/ci/ci/team/workspace/src/catkin/core-sl/locomotion-utilities/include/utility.h:103:12: error: expected unqualified-id before numeric constant

 #define E  2.71828182845905

            ^

/home/administrator/ci/ci/team/workspace/src/catkin/core-sl/locomotion-utilities/include/utility.h:103:12: error: expected identifier before numeric constant

 #define E  2.71828182845905

            ^

/home/administrator/ci/ci/team/workspace/src/catkin/core-sl/locomotion-utilities/include/utility.h:103:12: error: expected ‘>’ before numeric constant

/home/administrator/ci/ci/team/workspace/src/catkin/core-sl/locomotion-utilities/include/utility.h:103:12: error: expected unqualified-id before numeric constant

 #define E  2.71828182845905

            ^

/home/administrator/ci/ci/team/workspace/src/catkin/core-sl/locomotion-utilities/include/utility.h:103:12: error: expected identifier before numeric constant

 #define E  2.71828182845905

            ^

/home/administrator/ci/ci/team/workspace/src/catkin/core-sl/locomotion-utilities/include/utility.h:103:12: error: expected ‘>’ before numeric constant

/home/administrator/ci/ci/team/workspace/src/catkin/core-sl/locomotion-utilities/include/utility.h:103:12: error: expected unqualified-id before numeric constant

 #define E  2.71828182845905

            ^

/home/administrator/ci/ci/team/workspace/src/catkin/core-sl/locomotion-utilities/include/utility.h:103:12: error: expected identifier before numeric constant

 #define E  2.71828182845905

            ^

/home/administrator/ci/ci/team/workspace/src/catkin/core-sl/locomotion-utilities/include/utility.h:103:12: error: expected ‘>’ before numeric constant

/home/administrator/ci/ci/team/workspace/src/catkin/core-sl/locomotion-utilities/include/utility.h:103:12: error: expected unqualified-id before numeric constant

 #define E  2.71828182845905

            ^

/home/administrator/ci/ci/team/workspace/src/catkin/core-sl/locomotion-utilities/include/utility.h:103:12: error: expected identifier before numeric constant

 #define E  2.71828182845905

            ^

/home/administrator/ci/ci/team/workspace/src/catkin/core-sl/locomotion-utilities/include/utility.h:103:12: error: expected ‘>’ before numeric constant

/home/administrator/ci/ci/team/workspace/src/catkin/core-sl/locomotion-utilities/include/utility.h:103:12: error: expected unqualified-id before numeric constant

 #define E  2.71828182845905

            ^

/home/administrator/ci/ci/team/workspace/src/catkin/core-sl/locomotion-utilities/include/utility.h:103:12: error: expected identifier before numeric constant

 #define E  2.71828182845905

            ^

/home/administrator/ci/ci/team/workspace/src/catkin/core-sl/locomotion-utilities/include/utility.h:103:12: error: expected ‘>’ before numeric constant

/home/administrator/ci/ci/team/workspace/src/catkin/core-sl/locomotion-utilities/include/utility.h:103:12: error: expected unqualified-id before numeric constant

 #define E  2.71828182845905

            ^

/home/administrator/ci/ci/team/workspace/src/catkin/core-sl/locomotion-utilities/include/utility.h:103:12: error: expected identifier before numeric constant

 #define E  2.71828182845905

            ^

/home/administrator/ci/ci/team/workspace/src/catkin/core-sl/locomotion-utilities/include/utility.h:103:12: error: expected ‘>’ before numeric constant

/home/administrator/ci/ci/team/workspace/src/catkin/core-sl/locomotion-utilities/include/utility.h:103:12: error: expected unqualified-id before numeric constant

 #define E  2.71828182845905

            ^

/home/administrator/ci/ci/team/workspace/src/catkin/core-sl/locomotion-utilities/include/utility.h:103:12: error: expected identifier before numeric constant

 #define E  2.71828182845905

            ^

/home/administrator/ci/ci/team/workspace/src/catkin/core-sl/locomotion-utilities/include/utility.h:103:12: error: expected ‘>’ before numeric constant

/home/administrator/ci/ci/team/workspace/src/catkin/core-sl/locomotion-utilities/include/utility.h:103:12: error: expected unqualified-id before numeric constant

 #define E  2.71828182845905

            ^

/home/administrator/ci/ci/team/workspace/src/catkin/core-sl/locomotion-utilities/include/utility.h:103:12: error: expected identifier before numeric constant

 #define E  2.71828182845905

            ^

/home/administrator/ci/ci/team/workspace/src/catkin/core-sl/locomotion-utilities/include/utility.h:103:12: error: expected ‘>’ before numeric constant

/home/administrator/ci/ci/team/workspace/src/catkin/core-sl/locomotion-utilities/include/utility.h:103:12: error: expected unqualified-id before numeric constant

 #define E  2.71828182845905

            ^

/home/administrator/ci/ci/team/workspace/src/catkin/core-sl/locomotion-utilities/include/utility.h:103:12: error: expected identifier before numeric constant

 #define E  2.71828182845905

            ^

/home/administrator/ci/ci/team/workspace/src/catkin/core-sl/locomotion-utilities/include/utility.h:103:12: error: expected ‘>’ before numeric constant

/home/administrator/ci/ci/team/workspace/src/catkin/core-sl/locomotion-utilities/include/utility.h:103:12: error: expected unqualified-id before numeric constant

 #define E  2.71828182845905

            ^

/home/administrator/ci/ci/team/workspace/src/catkin/core-sl/locomotion-utilities/include/utility.h:103:12: error: expected identifier before numeric constant

 #define E  2.71828182845905

            ^

/home/administrator/ci/ci/team/workspace/src/catkin/core-sl/locomotion-utilities/include/utility.h:103:12: error: expected ‘>’ before numeric constant

/home/administrator/ci/ci/team/workspace/src/catkin/core-sl/locomotion-utilities/include/utility.h:103:12: error: expected unqualified-id before numeric constant

 #define E  2.71828182845905

            ^

/home/administrator/ci/ci/team/workspace/src/catkin/core-sl/locomotion-utilities/include/utility.h:103:12: error: expected identifier before numeric constant

 #define E  2.71828182845905

            ^

/home/administrator/ci/ci/team/workspace/src/catkin/core-sl/locomotion-utilities/include/utility.h:103:12: error: expected ‘>’ before numeric constant

In file included from /usr/include/boost/array.hpp:49:0,

                 from /home/administrator/ci/ci/team/workspace/src/catkin/humanoids/humanoid_control/floating_base_tools_common/floating_base_tools_athena/../template/include/floating_base_tools/InverseDynamicsQP.h:24,

                 from /home/administrator/ci/ci/team/workspace/src/catkin/humanoids/humanoid_control/example_tasks/template/src/example_tasks/InverseDynamicsQPTestTask.cpp:9:

/usr/include/boost/throw_exception.hpp:60:71: error: variable or field ‘throw_exception’ declared void

 template<class E> BOOST_ATTRIBUTE_NORETURN inline void throw_exception( E const & e )

                                                                       ^

/usr/include/boost/throw_exception.hpp:60:75: error: expected ‘)’ before ‘const’

 template<class E> BOOST_ATTRIBUTE_NORETURN inline void throw_exception( E const & e )

                                                                           ^

In file included from /home/administrator/ci/ci/team/workspace/src/catkin/core-sl/locomotion-sl/include/SL.h:19:0,

                 from /home/administrator/ci/ci/team/workspace/src/catkin/humanoids/humanoid_control/floating_base_tools_sl/floating_base_tools_sl_athena/../template/include/floating_base_tools_sl/kinematics_sl.h:23,

                 from /home/administrator/ci/ci/team/workspace/src/catkin/humanoids/humanoid_control/filtering_tools_sl/filtering_tools_sl_athena/../template/include/noise_simulator/NoiseSimulatorSL.h:8,

                 from /home/administrator/ci/ci/team/workspace/src/catkin/humanoids/humanoid_control/example_tasks/template/src/example_tasks/InverseDynamicsQPTestTask.cpp:6:

/home/administrator/ci/ci/team/workspace/src/catkin/core-sl/locomotion-utilities/include/utility.h:103:12: error: expected identifier before numeric constant

 #define E  2.71828182845905

            ^

/home/administrator/ci/ci/team/workspace/src/catkin/core-sl/locomotion-utilities/include/utility.h:103:12: error: expected ‘>’ before numeric constant

In file included from /usr/include/boost/array.hpp:49:0,

                 from /home/administrator/ci/ci/team/workspace/src/catkin/humanoids/humanoid_control/floating_base_tools_common/floating_base_tools_athena/../template/include/floating_base_tools/InverseDynamicsQP.h:24,

                 from /home/administrator/ci/ci/team/workspace/src/catkin/humanoids/humanoid_control/example_tasks/template/src/example_tasks/InverseDynamicsQPTestTask.cpp:9:

/usr/include/boost/throw_exception.hpp:82:25: error: variable or field ‘throw_exception_’ declared void

         throw_exception_( E const & x, char const * current_function, char const * file, int line )

                         ^

/usr/include/boost/throw_exception.hpp:82:29: error: expected ‘)’ before ‘const’

         throw_exception_( E const & x, char const * current_function, char const * file, int line )

                             ^

/usr/include/boost/throw_exception.hpp:82:40: error: expected primary-expression before ‘char’

         throw_exception_( E const & x, char const * current_function, char const * file, int line )

                                        ^

/usr/include/boost/throw_exception.hpp:82:71: error: expected primary-expression before ‘char’

         throw_exception_( E const & x, char const * current_function, char const * file, int line )

                                                                       ^

/usr/include/boost/throw_exception.hpp:82:90: error: expected primary-expression before ‘int’

         throw_exception_( E const & x, char const * current_function, char const * file, int line )

                                                                                          ^

In file included from /home/administrator/ci/ci/team/workspace/src/catkin/humanoids/humanoid_control/floating_base_tools_common/floating_base_tools_athena/../template/include/floating_base_tools/InverseDynamicsQP.h:24:0,

                 from /home/administrator/ci/ci/team/workspace/src/catkin/humanoids/humanoid_control/example_tasks/template/src/example_tasks/InverseDynamicsQPTestTask.cpp:9:

/usr/include/boost/array.hpp: In static member function ‘static void boost::array<T, N>::rangecheck(boost::array<T, N>::size_type)’:

/usr/include/boost/array.hpp:195:17: error: ‘throw_exception’ is not a member of ‘boost’

                 boost::throw_exception(e);

                 ^

/usr/include/boost/array.hpp: In static member function ‘static T& boost::array<T, 0ul>::failed_rangecheck()’:

/usr/include/boost/array.hpp:326:17: error: ‘throw_exception’ is not a member of ‘boost’

                 boost::throw_exception(e);

                 ^

/home/administrator/ci/ci/team/workspace/src/catkin/humanoids/humanoid_control/example_tasks/template/src/example_tasks/InverseDynamicsQPTestTask.cpp: In function ‘void runInvDynQPTestTask()’:

/home/administrator/ci/ci/team/workspace/src/catkin/humanoids/humanoid_control/example_tasks/template/src/example_tasks/InverseDynamicsQPTestTask.cpp:584:41: warning: deprecated conversion from string constant to ‘char*’ [-Wwrite-strings]

   setTaskByName("InverseDynamicsQP Test");

                                         ^

make[2]: *** [catkin/humanoids/humanoid_control/example_tasks/example_tasks_athena/CMakeFiles/example_tasks_athena.dir/__/template/src/example_tasks/InverseDynamicsQPTestTask.cpp.o] Error 1

make[1]: *** [catkin/humanoids/humanoid_control/example_tasks/example_tasks_athena/CMakeFiles/example_tasks_athena.dir/all] Error 2

make: *** [all] Error 2

Base path: /home/administrator/ci/ci/team/workspace

Source space: /home/administrator/ci/ci/team/workspace/src

Build space: /home/administrator/ci/ci/team/workspace/build

Devel space: /home/administrator/ci/ci/team/workspace/devel

Install space: /home/administrator/ci/ci/team/workspace/install

####

#### Running command: "make cmake_check_build_system" in "/home/administrator/ci/ci/team/workspace/build"

####

####

#### Running command: "make -j1" in "/home/administrator/ci/ci/team/workspace/build"

####

Invoking "make -j1" failed
