WARNING: Catkin package name "Eigen" does not follow the naming conventions. It should start with a lower case letter and only contain lower case letters, digits, and underscores.

[  0%] Built target findpath

[  0%] Built target test_conversions

[  1%] Built target playful_color_detection

[  1%] Built target playful_profiler

[  3%] Built target qp_oases

[  3%] Built target quadprog

[  3%] Built target lockfree

[  3%] Built target soma

[  3%] Built target test_soma

[  3%] Built target _amd_clmc_ros_messages_generate_messages_check_deps_AccelerationFeedbackExperimentStatus

[  3%] Built target _amd_clmc_ros_messages_generate_messages_check_deps_BoundingPoints

[  3%] Built target _amd_clmc_ros_messages_generate_messages_check_deps_OfflineLearningControl

[  3%] Built target geometry_msgs_generate_messages_py

[  3%] Built target _amd_clmc_ros_messages_generate_messages_check_deps_CalibratePressureSensorsStatus

[  3%] Built target _amd_clmc_ros_messages_generate_messages_check_deps_DriftingControllerDataStatus

[  3%] Built target _amd_clmc_ros_messages_generate_messages_check_deps_Goto_command

[  3%] Built target _amd_clmc_ros_messages_generate_messages_check_deps_RtNetwork

[  3%] Built target _amd_clmc_ros_messages_generate_messages_check_deps_PolicyControllerParamsService

[  3%] Built target _amd_clmc_ros_messages_generate_messages_check_deps_NavigationTarget

[  3%] Built target _amd_clmc_ros_messages_generate_messages_check_deps_ResetBreakaway

[  3%] Built target _amd_clmc_ros_messages_generate_messages_check_deps_SwitchControllerStack

[  3%] Built target _amd_clmc_ros_messages_generate_messages_check_deps_GraspControllerStatus

[  3%] Built target _amd_clmc_ros_messages_generate_messages_check_deps_BiotacData

[  3%] Built target _amd_clmc_ros_messages_generate_messages_check_deps_ExperimentParams

[  3%] Built target _amd_clmc_ros_messages_generate_messages_check_deps_AvgPressureSensors

[  3%] Built target _amd_clmc_ros_messages_generate_messages_check_deps_QueryControllerStatus

[  3%] Built target _amd_clmc_ros_messages_generate_messages_check_deps_Volumes

[  3%] Built target _amd_clmc_ros_messages_generate_messages_check_deps_UpdateStrainGagesCalibration

[  3%] Built target _amd_clmc_ros_messages_generate_messages_check_deps_ImageCoordinates

[  3%] Built target _amd_clmc_ros_messages_generate_messages_check_deps_LabeledPoint

[  3%] Built target _amd_clmc_ros_messages_generate_messages_check_deps_IncreaseMaxFingerTorque

[  3%] Built target _amd_clmc_ros_messages_generate_messages_check_deps_Preshape

[  3%] Built target _amd_clmc_ros_messages_generate_messages_check_deps_LqrControllerDataStatus

[  3%] Built target _amd_clmc_ros_messages_generate_messages_check_deps_PressureSensors

[  3%] Built target _amd_clmc_ros_messages_generate_messages_check_deps_ObstaclePoints

[  3%] Built target _amd_clmc_ros_messages_generate_messages_check_deps_CalibrateForceTorqueSensor

[  3%] Built target _amd_clmc_ros_messages_generate_messages_check_deps_CartesianTrajectory

[  3%] Built target _amd_clmc_ros_messages_generate_messages_check_deps_Acceleration

[  3%] Built target _amd_clmc_ros_messages_generate_messages_check_deps_PolicyControllerDataStatus

[  3%] Built target _amd_clmc_ros_messages_generate_messages_check_deps_DriftingControllerParamsService

[  3%] Built target _amd_clmc_ros_messages_generate_messages_check_deps_GraspPoses

[  3%] Built target _amd_clmc_ros_messages_generate_messages_check_deps_TrajectoryStatus

[  3%] Built target _amd_clmc_ros_messages_generate_messages_check_deps_ExperimentGeneratorParamsService

[  3%] Built target _amd_clmc_ros_messages_generate_messages_check_deps_PointArrayArray

[  3%] Built target _amd_clmc_ros_messages_generate_messages_check_deps_DriftingControllerStatus

[  3%] Built target _amd_clmc_ros_messages_generate_messages_check_deps_CartesianTrajectoryPoint

[  3%] Built target _amd_clmc_ros_messages_generate_messages_check_deps_LookAtParams

[  3%] Built target _amd_clmc_ros_messages_generate_messages_check_deps_OfflineNetwork

[  3%] Built target _amd_clmc_ros_messages_generate_messages_check_deps_BiotacFingerData

[  3%] Built target _amd_clmc_ros_messages_generate_messages_check_deps_CollectDataStatus

[  3%] Built target _amd_clmc_ros_messages_generate_messages_check_deps_ColorRange

[  3%] Built target _amd_clmc_ros_messages_generate_messages_check_deps_LookAtStatus

[  3%] Built target _amd_clmc_ros_messages_generate_messages_check_deps_DMPControllerStatus

[  3%] Built target _amd_clmc_ros_messages_generate_messages_check_deps_RtNetworkLayer

[  3%] Built target _amd_clmc_ros_messages_generate_messages_check_deps_CalibratePressureSensors

[  3%] Built target _amd_clmc_ros_messages_generate_messages_check_deps_Extrems

[  3%] Built target _amd_clmc_ros_messages_generate_messages_check_deps_DMPCommand

[  3%] Built target _amd_clmc_ros_messages_generate_messages_check_deps_NetworkLayer

[  3%] Built target _amd_clmc_ros_messages_generate_messages_check_deps_ScaledLqr

[  3%] Built target _amd_clmc_ros_messages_generate_messages_check_deps_ViconQuery

[  3%] Built target _amd_clmc_ros_messages_generate_messages_check_deps_GraspControllerParams

[  3%] Built target _amd_clmc_ros_messages_generate_messages_check_deps_TrajectoryPoint

[  3%] Built target _amd_clmc_ros_messages_generate_messages_check_deps_SetPoses

[  3%] Built target _amd_clmc_ros_messages_generate_messages_check_deps_UpdateStrainGagesCalibrationStatus

[  3%] Built target _amd_clmc_ros_messages_generate_messages_check_deps_DMPControllerParams

[  3%] Built target _amd_clmc_ros_messages_generate_messages_check_deps_Path

[  3%] Built target _amd_clmc_ros_messages_generate_messages_check_deps_SetVisualToolTracking

[  3%] Built target _amd_clmc_ros_messages_generate_messages_check_deps_ContinuousTrajectoryStatus

[  3%] Built target _amd_clmc_ros_messages_generate_messages_check_deps_ContinuousTrajectoryPoint

[  3%] Built target _amd_clmc_ros_messages_generate_messages_check_deps_BoundingPointsArray

[  3%] Built target _amd_clmc_ros_messages_generate_messages_check_deps_SetObjectOri

[  3%] Built target _amd_clmc_ros_messages_generate_messages_check_deps_EndEffectorPosition

[  3%] Built target _amd_clmc_ros_messages_generate_messages_check_deps_InverseDynamicsBatchNetworkControllerStatus

[  3%] Built target _amd_clmc_ros_messages_generate_messages_check_deps_Imu

[  3%] Built target _amd_clmc_ros_messages_generate_messages_check_deps_FingerJointEncoderOffsetsStatus

[  3%] Built target _amd_clmc_ros_messages_generate_messages_check_deps_DriftingControllerParams

[  3%] Built target _amd_clmc_ros_messages_generate_messages_check_deps_OfflineDataStatus

[  3%] Built target _amd_clmc_ros_messages_generate_messages_check_deps_AffinePolicy

[  3%] Built target _amd_clmc_ros_messages_generate_messages_check_deps_CalibrateAccelerometerSensorStatus

[  3%] Built target _amd_clmc_ros_messages_generate_messages_check_deps_GraspStatus

[  3%] Built target _amd_clmc_ros_messages_generate_messages_check_deps_DistanceFieldEval

[  3%] Built target _amd_clmc_ros_messages_generate_messages_check_deps_LqrControllerParams

[  3%] Built target _amd_clmc_ros_messages_generate_messages_check_deps_CartesianGains

[  3%] Built target _amd_clmc_ros_messages_generate_messages_check_deps_ChordEllipsoid

[  3%] Built target _amd_clmc_ros_messages_generate_messages_check_deps_OnlineDataStatus

[  3%] Built target _amd_clmc_ros_messages_generate_messages_check_deps_DistanceFieldQueries

[  3%] Built target _amd_clmc_ros_messages_generate_messages_check_deps_FingerJointEncoderOffsets

[  3%] Built target _amd_clmc_ros_messages_generate_messages_check_deps_KeyPointBodyApprox

[  3%] Built target _amd_clmc_ros_messages_generate_messages_check_deps_OfflineLearningControlService

[  3%] Built target _amd_clmc_ros_messages_generate_messages_check_deps_LinearQuadraticRegulatorParams

[  3%] Built target _amd_clmc_ros_messages_generate_messages_check_deps_LqrControllerParamsService

[  3%] Built target _amd_clmc_ros_messages_generate_messages_check_deps_Grasp

[  3%] Built target _amd_clmc_ros_messages_generate_messages_check_deps_FingerForceControlGains

[  3%] Built target _amd_clmc_ros_messages_generate_messages_check_deps_CalibrateBiotacSensorsStatus

[  3%] Built target _amd_clmc_ros_messages_generate_messages_check_deps_StrainGauge

[  3%] Built target _amd_clmc_ros_messages_generate_messages_check_deps_ExtremsArray

[  3%] Built target _amd_clmc_ros_messages_generate_messages_check_deps_TaskFrame

[  3%] Built target _amd_clmc_ros_messages_generate_messages_check_deps_Sphere

[  3%] Built target _amd_clmc_ros_messages_generate_messages_check_deps_EndEffectorState

[  3%] Built target _amd_clmc_ros_messages_generate_messages_check_deps_RectangularBox

[  3%] Built target _amd_clmc_ros_messages_generate_messages_check_deps_ViconData

[  3%] Built target _amd_clmc_ros_messages_generate_messages_check_deps_SpeedChange

[  3%] Built target _amd_clmc_ros_messages_generate_messages_check_deps_CalibrateAccelerometerSensor

[  3%] Built target _amd_clmc_ros_messages_generate_messages_check_deps_ResetBreakawayStatus

[  3%] Built target _amd_clmc_ros_messages_generate_messages_check_deps_RectangularBoxArray

[  3%] Built target _amd_clmc_ros_messages_generate_messages_check_deps_ControllerStatus

[  3%] Built target _amd_clmc_ros_messages_generate_messages_check_deps_CalibrateBiotacSensors

[  3%] Built target _amd_clmc_ros_messages_generate_messages_check_deps_OfflineParams

[  3%] Built target _amd_clmc_ros_messages_generate_messages_check_deps_LinearQuadraticRegulatorStatus

[  3%] Built target _amd_clmc_ros_messages_generate_messages_check_deps_EnvironmentalObject

[  3%] Built target _amd_clmc_ros_messages_generate_messages_check_deps_Matrix32

[  3%] Built target _amd_clmc_ros_messages_generate_messages_check_deps_ObjectMass

[  3%] Built target _amd_clmc_ros_messages_generate_messages_check_deps_Gains

[  3%] Built target _amd_clmc_ros_messages_generate_messages_check_deps_PointArray

[  3%] Built target _amd_clmc_ros_messages_generate_messages_check_deps_Trajectory

[  3%] Built target _amd_clmc_ros_messages_generate_messages_check_deps_ImageCoordinatesArray

[  3%] Built target _amd_clmc_ros_messages_generate_messages_check_deps_CalibrateForceTorqueSensorStatus

[  3%] Built target _amd_clmc_ros_messages_generate_messages_check_deps_LinearQuadraticRegulator

[  3%] Built target _amd_clmc_ros_messages_generate_messages_check_deps_InverseDynamicsBatchNetworkControllerParams

[  3%] Built target _amd_clmc_ros_messages_generate_messages_check_deps_TrackingPose

[  3%] Built target _amd_clmc_ros_messages_generate_messages_check_deps_OfflineParamsService

[  3%] Built target _amd_clmc_ros_messages_generate_messages_check_deps_CollectData

[ 19%] Built target amd_clmc_ros_messages_generate_messages_py

[ 19%] Built target geometry_msgs_generate_messages_cpp

[ 35%] Built target amd_clmc_ros_messages_generate_messages_cpp

[ 35%] Built target geometry_msgs_generate_messages_lisp

[ 52%] Built target amd_clmc_ros_messages_generate_messages_lisp

[ 52%] Built target amd_clmc_ros_messages_generate_messages

[ 52%] Built target _ar_track_alvar_msgs_generate_messages_check_deps_AlvarMarkers

[ 52%] Built target std_msgs_generate_messages_py

[ 52%] Built target _ar_track_alvar_msgs_generate_messages_check_deps_AlvarMarker

[ 53%] Built target ar_track_alvar_msgs_generate_messages_py

[ 53%] Built target std_msgs_generate_messages_lisp

[ 53%] Built target ar_track_alvar_msgs_generate_messages_lisp

[ 53%] Built target std_msgs_generate_messages_cpp

[ 54%] Built target ar_track_alvar_msgs_generate_messages_cpp

[ 54%] Built target ar_track_alvar_msgs_generate_messages

[ 54%] Built target _custom_robot_msgs_generate_messages_check_deps_PredictAssembly

[ 54%] Built target _custom_robot_msgs_generate_messages_check_deps_assembly_phase

[ 54%] Built target _custom_robot_msgs_generate_messages_check_deps_PolicyInterface

[ 55%] Built target custom_robot_msgs_generate_messages_py

[ 55%] Built target custom_robot_msgs_generate_messages_lisp

[ 56%] Built target custom_robot_msgs_generate_messages_cpp

[ 56%] Built target custom_robot_msgs_generate_messages

[ 56%] Built target _riemo_grasping_msgs_generate_messages_check_deps_Preshape

[ 56%] Built target _riemo_grasping_msgs_generate_messages_check_deps_GraspProblemInfo

[ 56%] Built target _riemo_grasping_msgs_generate_messages_check_deps_LatestGraspProblemInfo

[ 56%] Built target _riemo_grasping_msgs_generate_messages_check_deps_GraspPose

[ 56%] Built target _riemo_grasping_msgs_generate_messages_check_deps_RenderGraspProblemService

[ 56%] Built target _riemo_grasping_msgs_generate_messages_check_deps_UpdateGraspProblem

[ 56%] Built target _riemo_grasping_msgs_generate_messages_check_deps_GraspableObject

[ 56%] Built target _riemo_grasping_msgs_generate_messages_check_deps_MpiGraspPoses

[ 58%] Built target riemo_grasping_msgs_generate_messages_py

[ 59%] Built target riemo_grasping_msgs_generate_messages_cpp

[ 60%] Built target riemo_grasping_msgs_generate_messages_lisp

[ 60%] Built target riemo_grasping_msgs_generate_messages

[ 64%] Built target utility

[ 64%] Built target lwpr

[ 64%] Built target xascii2clmcplot

[ 65%] Built target xlwpr

[ 65%] Built target xlwprstat

[ 65%] Built target _constrained_inverse_kinematics_msgs_generate_messages_check_deps_InverseKinematicsRequest

[ 65%] Built target shape_msgs_generate_messages_cpp

[ 65%] Built target constrained_inverse_kinematics_msgs_generate_messages_cpp

[ 65%] Built target shape_msgs_generate_messages_py

[ 65%] Built target constrained_inverse_kinematics_msgs_generate_messages_py

[ 65%] Built target shape_msgs_generate_messages_lisp

[ 65%] Built target constrained_inverse_kinematics_msgs_generate_messages_lisp

[ 65%] Built target constrained_inverse_kinematics_msgs_generate_messages

[ 65%] Built target _playful_navigation_msgs_generate_messages_check_deps_Move_target_out_of_obstacles

[ 65%] Built target _playful_navigation_msgs_generate_messages_check_deps_Move_robot_out_of_obstacles

[ 65%] Built target playful_navigation_msgs_generate_messages_lisp

[ 65%] Built target playful_navigation_msgs_generate_messages_cpp

[ 66%] Built target playful_navigation_msgs_generate_messages_py

[ 66%] Built target playful_navigation_msgs_generate_messages

[ 67%] Built target playful_pcl

[ 68%] Built target playful_histograms

[ 68%] Built target roscpp_utilities

[ 69%] Built target playful_cloud_color_filtering_node

[ 69%] Built target playful_color_detection_node

[ 70%] Built target rosrt

[ 70%] Built target ros_rt_test_publisher

[ 71%] Built target ros_rt_test_subscriber

[ 72%] Built target SLcommon

[ 72%] Built target SLmotor

[ 73%] Built target SLopenGL

[ 74%] Built target SLsimulation

[ 75%] Built target SLtask

[ 76%] Built target SLvision

[ 77%] Built target apollo

[ 77%] Built target apollo_openGL

[ 77%] Built target apollo_simulation

[ 77%] Built target apollo_task

[ 77%] Built target xapollo

[ 79%] Built target xmotor

[ 80%] Built target xpest

[ 80%] Built target apollo_test_task

[ 80%] Built target sl_python_core

[ 80%] Built target sl_python_apollo

[ 80%] Built target fc_task

[ 80%] Built target sample_task

[ 80%] Built target sample_task_cpp

[ 80%] Built target xopengl_apollo

[ 80%] Built target xsimulation_apollo

[ 80%] Built target xtask_apollo

[ 81%] Built target sl_ros_servo

[ 81%] Building CXX object catkin/playful/playful-navigation/navigation_libs/CMakeFiles/playful_navigation.dir/src/map.cpp.o

In file included from /home/administrator/ci/ci/team/workspace/src/catkin/playful/playful-navigation/navigation_libs/src/map.cpp:1:0:

/home/administrator/ci/ci/team/workspace/src/catkin/playful/playful-navigation/navigation_libs/include/playful_navigation/map.h:53:22: error: expected ‘)’ before ‘&’ token

     Map_iterator(Map &map);

                      ^

/home/administrator/ci/ci/team/workspace/src/catkin/playful/playful-navigation/navigation_libs/include/playful_navigation/map.h:62:5: error: ‘Map’ does not name a type

     Map *map;

     ^

/home/administrator/ci/ci/team/workspace/src/catkin/playful/playful-navigation/navigation_libs/src/map.cpp:83:3: error: prototype for ‘playful_navigation::Map_iterator::Map_iterator(playful_navigation::Map&)’ does not match any in class ‘playful_navigation::Map_iterator’

   Map_iterator::Map_iterator(Map &map){

   ^

In file included from /home/administrator/ci/ci/team/workspace/src/catkin/playful/playful-navigation/navigation_libs/src/map.cpp:1:0:

/home/administrator/ci/ci/team/workspace/src/catkin/playful/playful-navigation/navigation_libs/include/playful_navigation/map.h:49:9: error: candidates are: playful_navigation::Map_iterator::Map_iterator(const playful_navigation::Map_iterator&)

   class Map_iterator {

         ^

/home/administrator/ci/ci/team/workspace/src/catkin/playful/playful-navigation/navigation_libs/include/playful_navigation/map.h:49:9: error:                 playful_navigation::Map_iterator::Map_iterator()

/home/administrator/ci/ci/team/workspace/src/catkin/playful/playful-navigation/navigation_libs/src/map.cpp: In member function ‘void playful_navigation::Map_iterator::update()’:

/home/administrator/ci/ci/team/workspace/src/catkin/playful/playful-navigation/navigation_libs/src/map.cpp:111:32: error: ‘class playful_navigation::Map_iterator’ has no member named ‘map’

     if(this->iterator_x==this->map->memory.end()) {

                                ^

In file included from /home/administrator/ci/ci/team/workspace/src/catkin/playful/playful-navigation/navigation_libs/src/map.cpp:1:0:

/home/administrator/ci/ci/team/workspace/src/catkin/playful/playful-navigation/navigation_libs/include/playful_navigation/map.h: In function ‘void playful_navigation::_expend(int, int, playful_navigation::Cell&)’:

/home/administrator/ci/ci/team/workspace/src/catkin/playful/playful-navigation/navigation_libs/include/playful_navigation/map.h:118:11: error: ‘playful_navigation::Cell* playful_navigation::Map::get_cell(int, int, bool, bool&)’ is private

     Cell* get_cell(int index_x, int index_y, bool create, bool &found);

           ^

/home/administrator/ci/ci/team/workspace/src/catkin/playful/playful-navigation/navigation_libs/src/map.cpp:258:47: error: within this context

  EXPEND_MAP->get_cell(t_.x, t_.y, false, found);

                                               ^

/home/administrator/ci/ci/team/workspace/src/catkin/playful/playful-navigation/navigation_libs/src/map.cpp: In member function ‘void playful_navigation::Map::get_min_max_indexes(int&, int&, int&, int&)’:

/home/administrator/ci/ci/team/workspace/src/catkin/playful/playful-navigation/navigation_libs/src/map.cpp:463:32: error: no matching function for call to ‘playful_navigation::Map_iterator::Map_iterator(playful_navigation::Map&)’

     Map_iterator iterator(*this); 

                                ^

/home/administrator/ci/ci/team/workspace/src/catkin/playful/playful-navigation/navigation_libs/src/map.cpp:463:32: note: candidates are:

In file included from /home/administrator/ci/ci/team/workspace/src/catkin/playful/playful-navigation/navigation_libs/src/map.cpp:1:0:

/home/administrator/ci/ci/team/workspace/src/catkin/playful/playful-navigation/navigation_libs/include/playful_navigation/map.h:49:9: note: playful_navigation::Map_iterator::Map_iterator()

   class Map_iterator {

         ^

/home/administrator/ci/ci/team/workspace/src/catkin/playful/playful-navigation/navigation_libs/include/playful_navigation/map.h:49:9: note:   candidate expects 0 arguments, 1 provided

/home/administrator/ci/ci/team/workspace/src/catkin/playful/playful-navigation/navigation_libs/include/playful_navigation/map.h:49:9: note: playful_navigation::Map_iterator::Map_iterator(const playful_navigation::Map_iterator&)

/home/administrator/ci/ci/team/workspace/src/catkin/playful/playful-navigation/navigation_libs/include/playful_navigation/map.h:49:9: note:   no known conversion for argument 1 from ‘playful_navigation::Map’ to ‘const playful_navigation::Map_iterator&’

/home/administrator/ci/ci/team/workspace/src/catkin/playful/playful-navigation/navigation_libs/src/map.cpp: In function ‘void playful_navigation::_fuse(int, int, playful_navigation::Cell&)’:

/home/administrator/ci/ci/team/workspace/src/catkin/playful/playful-navigation/navigation_libs/src/map.cpp:509:9: error: ‘playful_navigation::Cell* playful_navigation::Map::set(const pcl::PointXYZ&)’ is private

   Cell* Map::set(const pcl::PointXYZ &point){

         ^

/home/administrator/ci/ci/team/workspace/src/catkin/playful/playful-navigation/navigation_libs/src/map.cpp:535:22: error: within this context

     FUSED_MAP->set(pt);

                      ^

/home/administrator/ci/ci/team/workspace/src/catkin/playful/playful-navigation/navigation_libs/src/map.cpp: In member function ‘void playful_navigation::Map::reset_astar_grid(float, pcl::PointXYZ, pcl::PointXYZ)’:

/home/administrator/ci/ci/team/workspace/src/catkin/playful/playful-navigation/navigation_libs/src/map.cpp:588:32: error: no matching function for call to ‘playful_navigation::Map_iterator::Map_iterator(playful_navigation::Map&)’

     Map_iterator iterator(*this);

                                ^

/home/administrator/ci/ci/team/workspace/src/catkin/playful/playful-navigation/navigation_libs/src/map.cpp:588:32: note: candidates are:

In file included from /home/administrator/ci/ci/team/workspace/src/catkin/playful/playful-navigation/navigation_libs/src/map.cpp:1:0:

/home/administrator/ci/ci/team/workspace/src/catkin/playful/playful-navigation/navigation_libs/include/playful_navigation/map.h:49:9: note: playful_navigation::Map_iterator::Map_iterator()

   class Map_iterator {

         ^

/home/administrator/ci/ci/team/workspace/src/catkin/playful/playful-navigation/navigation_libs/include/playful_navigation/map.h:49:9: note:   candidate expects 0 arguments, 1 provided

/home/administrator/ci/ci/team/workspace/src/catkin/playful/playful-navigation/navigation_libs/include/playful_navigation/map.h:49:9: note: playful_navigation::Map_iterator::Map_iterator(const playful_navigation::Map_iterator&)

/home/administrator/ci/ci/team/workspace/src/catkin/playful/playful-navigation/navigation_libs/include/playful_navigation/map.h:49:9: note:   no known conversion for argument 1 from ‘playful_navigation::Map’ to ‘const playful_navigation::Map_iterator&’

make[2]: *** [catkin/playful/playful-navigation/navigation_libs/CMakeFiles/playful_navigation.dir/src/map.cpp.o] Error 1

make[1]: *** [catkin/playful/playful-navigation/navigation_libs/CMakeFiles/playful_navigation.dir/all] Error 2

make: *** [all] Error 2

Base path: /home/administrator/ci/ci/team/workspace

Source space: /home/administrator/ci/ci/team/workspace/src

Build space: /home/administrator/ci/ci/team/workspace/build

Devel space: /home/administrator/ci/ci/team/workspace/devel

Install space: /home/administrator/ci/ci/team/workspace/install

####

#### Running command: "make cmake_check_build_system" in "/home/administrator/ci/ci/team/workspace/build"

####

####

#### Running command: "make -j1" in "/home/administrator/ci/ci/team/workspace/build"

####

Invoking "make -j1" failed
