WARNING: Catkin package name "Eigen" does not follow the naming conventions. It should start with a lower case letter and only contain lower case letters, digits, and underscores.

[  4%] Built target amd_clmc_dmp

Scanning dependencies of target amd_clmc_dmp_1D_demo

[  4%] Building CXX object catkin/planning/amd_clmc_dmp/CMakeFiles/amd_clmc_dmp_1D_demo.dir/src/dmp_test/dmp_1D/dmp_1D_test.cpp.o

Linking CXX executable /home/administrator/ci/ci/team/workspace/devel/lib/amd_clmc_dmp/amd_clmc_dmp_1D_demo

[  4%] Built target amd_clmc_dmp_1D_demo

Scanning dependencies of target amd_clmc_dmp_cart_coord_dmp_multi_traj_training_demo

[  4%] Building CXX object catkin/planning/amd_clmc_dmp/CMakeFiles/amd_clmc_dmp_cart_coord_dmp_multi_traj_training_demo.dir/src/dmp_test/cart_dmp/cart_coord_dmp/cart_coord_dmp_multi_traj_training_test.cpp.o

Linking CXX executable /home/administrator/ci/ci/team/workspace/devel/lib/amd_clmc_dmp/amd_clmc_dmp_cart_coord_dmp_multi_traj_training_demo

[  4%] Built target amd_clmc_dmp_cart_coord_dmp_multi_traj_training_demo

Scanning dependencies of target amd_clmc_dmp_cart_coord_dmp_single_traj_training_demo

[  5%] Building CXX object catkin/planning/amd_clmc_dmp/CMakeFiles/amd_clmc_dmp_cart_coord_dmp_single_traj_training_demo.dir/src/dmp_test/cart_dmp/cart_coord_dmp/cart_coord_dmp_single_traj_training_test.cpp.o

Linking CXX executable /home/administrator/ci/ci/team/workspace/devel/lib/amd_clmc_dmp/amd_clmc_dmp_cart_coord_dmp_single_traj_training_demo

[  5%] Built target amd_clmc_dmp_cart_coord_dmp_single_traj_training_demo

Scanning dependencies of target amd_clmc_dmp_cart_dmp_pmnn_fitted_ct_unroll_demo

[  5%] Building CXX object catkin/planning/amd_clmc_dmp/CMakeFiles/amd_clmc_dmp_cart_dmp_pmnn_fitted_ct_unroll_demo.dir/src/dmp_test/dmp_coupling/learn_tactile_feedback/scraping/neural_nets/pmnn/cart_dmp_pmnn_fitted_ct_unroll_test.cpp.o

Linking CXX executable /home/administrator/ci/ci/team/workspace/devel/lib/amd_clmc_dmp/amd_clmc_dmp_cart_dmp_pmnn_fitted_ct_unroll_demo

[  5%] Built target amd_clmc_dmp_cart_dmp_pmnn_fitted_ct_unroll_demo

Scanning dependencies of target amd_clmc_dmp_ct_loa_learn_algo_verification_demo

[  5%] Building CXX object catkin/planning/amd_clmc_dmp/CMakeFiles/amd_clmc_dmp_ct_loa_learn_algo_verification_demo.dir/src/dmp_test/dmp_coupling/learn_obs_avoid/learning_algo_verification/ct_loa_learn_algo_verification.cpp.o

Linking CXX executable /home/administrator/ci/ci/team/workspace/devel/lib/amd_clmc_dmp/amd_clmc_dmp_ct_loa_learn_algo_verification_demo

[  5%] Built target amd_clmc_dmp_ct_loa_learn_algo_verification_demo

Scanning dependencies of target amd_clmc_dmp_ct_loa_so_sb_multi_demo_vicon_NN_unrolling_demo

[  5%] Building CXX object catkin/planning/amd_clmc_dmp/CMakeFiles/amd_clmc_dmp_ct_loa_so_sb_multi_demo_vicon_NN_unrolling_demo.dir/src/dmp_test/dmp_coupling/learn_obs_avoid/static_obs/single_baseline/ct_loa_so_sb_multi_demo_vicon_NN_unrolling_test.cpp.o

Linking CXX executable /home/administrator/ci/ci/team/workspace/devel/lib/amd_clmc_dmp/amd_clmc_dmp_ct_loa_so_sb_multi_demo_vicon_NN_unrolling_demo

[  5%] Built target amd_clmc_dmp_ct_loa_so_sb_multi_demo_vicon_NN_unrolling_demo

Scanning dependencies of target amd_clmc_dmp_ct_loa_so_sb_multi_demo_vicon_PMNN_unrolling_demo

[  5%] Building CXX object catkin/planning/amd_clmc_dmp/CMakeFiles/amd_clmc_dmp_ct_loa_so_sb_multi_demo_vicon_PMNN_unrolling_demo.dir/src/dmp_test/dmp_coupling/learn_obs_avoid/static_obs/single_baseline/ct_loa_so_sb_multi_demo_vicon_PMNN_unrolling_test.cpp.o

Linking CXX executable /home/administrator/ci/ci/team/workspace/devel/lib/amd_clmc_dmp/amd_clmc_dmp_ct_loa_so_sb_multi_demo_vicon_PMNN_unrolling_demo

[  5%] Built target amd_clmc_dmp_ct_loa_so_sb_multi_demo_vicon_PMNN_unrolling_demo

Scanning dependencies of target amd_clmc_dmp_ct_loa_so_sb_multi_demo_vicon_learning_demo

[  5%] Building CXX object catkin/planning/amd_clmc_dmp/CMakeFiles/amd_clmc_dmp_ct_loa_so_sb_multi_demo_vicon_learning_demo.dir/src/dmp_test/dmp_coupling/learn_obs_avoid/static_obs/single_baseline/ct_loa_so_sb_multi_demo_vicon_learning_test.cpp.o

Linking CXX executable /home/administrator/ci/ci/team/workspace/devel/lib/amd_clmc_dmp/amd_clmc_dmp_ct_loa_so_sb_multi_demo_vicon_learning_demo

[  5%] Built target amd_clmc_dmp_ct_loa_so_sb_multi_demo_vicon_learning_demo

Scanning dependencies of target amd_clmc_dmp_ct_loa_so_sb_multi_demo_vicon_unrolling_demo

[  5%] Building CXX object catkin/planning/amd_clmc_dmp/CMakeFiles/amd_clmc_dmp_ct_loa_so_sb_multi_demo_vicon_unrolling_demo.dir/src/dmp_test/dmp_coupling/learn_obs_avoid/static_obs/single_baseline/ct_loa_so_sb_multi_demo_vicon_unrolling_test.cpp.o

Linking CXX executable /home/administrator/ci/ci/team/workspace/devel/lib/amd_clmc_dmp/amd_clmc_dmp_ct_loa_so_sb_multi_demo_vicon_unrolling_demo

[  5%] Built target amd_clmc_dmp_ct_loa_so_sb_multi_demo_vicon_unrolling_demo

Scanning dependencies of target amd_clmc_dmp_dc_loa_so_sb_multi_demo_demo

[  5%] Building CXX object catkin/planning/amd_clmc_dmp/CMakeFiles/amd_clmc_dmp_dc_loa_so_sb_multi_demo_demo.dir/src/dmp_test/dmp_coupling/learn_obs_avoid/static_obs/single_baseline/dc_loa_so_sb_multi_demo_test.cpp.o

Linking CXX executable /home/administrator/ci/ci/team/workspace/devel/lib/amd_clmc_dmp/amd_clmc_dmp_dc_loa_so_sb_multi_demo_demo

[  5%] Built target amd_clmc_dmp_dc_loa_so_sb_multi_demo_demo

Scanning dependencies of target amd_clmc_dmp_dc_loa_so_sb_single_demo_demo

[  5%] Building CXX object catkin/planning/amd_clmc_dmp/CMakeFiles/amd_clmc_dmp_dc_loa_so_sb_single_demo_demo.dir/src/dmp_test/dmp_coupling/learn_obs_avoid/static_obs/single_baseline/dc_loa_so_sb_single_demo_test.cpp.o

Linking CXX executable /home/administrator/ci/ci/team/workspace/devel/lib/amd_clmc_dmp/amd_clmc_dmp_dc_loa_so_sb_single_demo_demo

[  5%] Built target amd_clmc_dmp_dc_loa_so_sb_single_demo_demo

Scanning dependencies of target amd_clmc_dmp_pmnn_demo

[  6%] Building CXX object catkin/planning/amd_clmc_dmp/CMakeFiles/amd_clmc_dmp_pmnn_demo.dir/src/dmp_test/dmp_coupling/learn_tactile_feedback/scraping/neural_nets/pmnn/pmnn_test.cpp.o

Linking CXX executable /home/administrator/ci/ci/team/workspace/devel/lib/amd_clmc_dmp/amd_clmc_dmp_pmnn_demo

[  6%] Built target amd_clmc_dmp_pmnn_demo

Scanning dependencies of target amd_clmc_dmp_quat_dmp_unroll_demo

[  6%] Building CXX object catkin/planning/amd_clmc_dmp/CMakeFiles/amd_clmc_dmp_quat_dmp_unroll_demo.dir/src/dmp_test/cart_dmp/quat_dmp/quat_dmp_unroll_test.cpp.o

Linking CXX executable /home/administrator/ci/ci/team/workspace/devel/lib/amd_clmc_dmp/amd_clmc_dmp_quat_dmp_unroll_demo

[  6%] Built target amd_clmc_dmp_quat_dmp_unroll_demo

[  6%] Built target arm_cdlbt

[  6%] Built target arm_can_control_tools

[  6%] Built target biotac_cheetah

[  6%] Building CXX object catkin/sensors/biotac-core/CMakeFiles/biotac_core.dir/src/biotac_reader.cpp.o

/home/administrator/ci/ci/team/workspace/src/catkin/sensors/biotac-core/src/biotac_reader.cpp: In member function ‘void biotac_core::Biotac_hand_feedback_debug::set(biotac_hand_feedback*)’:

/home/administrator/ci/ci/team/workspace/src/catkin/sensors/biotac-core/src/biotac_reader.cpp:24:11: error: ‘class biotac_core::Biotac_hand_feedback_debug’ has no member named ‘mutex’

     this->mutex.unlock();

           ^

/home/administrator/ci/ci/team/workspace/src/catkin/sensors/biotac-core/src/biotac_reader.cpp: In member function ‘void biotac_core::Biotac_hand_feedback_debug::get(biotac_hand_feedback*)’:

/home/administrator/ci/ci/team/workspace/src/catkin/sensors/biotac-core/src/biotac_reader.cpp:29:11: error: ‘class biotac_core::Biotac_hand_feedback_debug’ has no member named ‘mutex’

     this->mutex.unlock();

           ^

make[2]: *** [catkin/sensors/biotac-core/CMakeFiles/biotac_core.dir/src/biotac_reader.cpp.o] Error 1

make[1]: *** [catkin/sensors/biotac-core/CMakeFiles/biotac_core.dir/all] Error 2

make: *** [all] Error 2

Base path: /home/administrator/ci/ci/team/workspace

Source space: /home/administrator/ci/ci/team/workspace/src

Build space: /home/administrator/ci/ci/team/workspace/build

Devel space: /home/administrator/ci/ci/team/workspace/devel

Install space: /home/administrator/ci/ci/team/workspace/install

####

#### Running command: "make cmake_check_build_system" in "/home/administrator/ci/ci/team/workspace/build"

####

####

#### Running command: "make -j1" in "/home/administrator/ci/ci/team/workspace/build"

####

Invoking "make -j1" failed
