WARNING: Catkin package name "Eigen" does not follow the naming conventions. It should start with a lower case letter and only contain lower case letters, digits, and underscores.

[  1%] Built target lockfree

[ 18%] Built target utility

[ 20%] Built target lwpr

[ 20%] Built target xascii2mrplot

[ 22%] Built target xlwpr

[ 23%] Built target xlwprstat

[ 26%] Built target rosrt

[ 31%] Built target SLcommon

[ 33%] Built target SLmotor

[ 36%] Built target SLopenGL

[ 38%] Built target SLros

[ 42%] Built target SLsimulation

[ 46%] Built target SLtask

[ 49%] Built target SLvision

[ 55%] Built target quadruped

[ 56%] Built target quadruped_openGL

[ 56%] Built target quadruped_simulation

[ 57%] Built target quadruped_task

[ 58%] Built target xmotor_quadruped

[ 61%] Built target xpest_quadruped

[ 62%] Built target xquadruped

[ 63%] Built target install_machtype_xmotor_quadruped

[ 63%] Built target install_machtype_xquadruped

[ 63%] Built target _quadruped_user_generate_messages_check_deps_DynamicsLinearizationRequest

[ 63%] Built target _quadruped_user_generate_messages_check_deps_DynamicsLinearizationResponse

[ 63%] Built target _quadruped_user_generate_messages_check_deps_AffinePolicyParams

[ 63%] Built target _quadruped_user_generate_messages_check_deps_SimulatePolicy

[ 63%] Built target _quadruped_user_generate_messages_check_deps_SampledTrajectory

[ 63%] Built target _quadruped_user_generate_messages_check_deps_NetworkPolicyParams

[ 63%] Built target _quadruped_user_generate_messages_check_deps_ResetCommand

[ 67%] Built target quadruped_user_generate_messages_py

[ 71%] Built target quadruped_user_generate_messages_lisp

[ 75%] Built target quadruped_user_generate_messages_cpp

[ 75%] Built target quadruped_user_generate_messages

[ 75%] Built target xopengl_quadruped

[ 75%] Built target xsimulation_quadruped

Linking CXX executable /home/administrator/ci/ci/team/workspace/src/catkin/robots/quadrupedUser/x86_64/xtask

/usr/bin/ld: cannot find -ltensorflow

collect2: error: ld returned 1 exit status

make[2]: *** [/home/administrator/ci/ci/team/workspace/src/catkin/robots/quadrupedUser/x86_64/xtask] Error 1

make[1]: *** [catkin/robots/quadrupedUser/CMakeFiles/xtask_quadruped.dir/all] Error 2

make: *** [all] Error 2

Base path: /home/administrator/ci/ci/team/workspace

Source space: /home/administrator/ci/ci/team/workspace/src

Build space: /home/administrator/ci/ci/team/workspace/build

Devel space: /home/administrator/ci/ci/team/workspace/devel

Install space: /home/administrator/ci/ci/team/workspace/install

####

#### Running command: "make cmake_check_build_system" in "/home/administrator/ci/ci/team/workspace/build"

####

####

#### Running command: "make -j1" in "/home/administrator/ci/ci/team/workspace/build"

####

Invoking "make -j1" failed
