WARNING: Catkin package name "Eigen" does not follow the naming conventions. It should start with a lower case letter and only contain lower case letters, digits, and underscores.

[  0%] Built target findpath

[  0%] Built target test_conversions

[  1%] Built target playful_color_detection

[  1%] Built target playful_profiler

[  3%] Built target qp_oases

[  4%] Built target quadprog

[  4%] Built target lockfree

[  4%] Built target soma

[  4%] Built target soma_example

[  4%] Built target _amd_clmc_ros_messages_generate_messages_check_deps_AccelerationFeedbackExperimentStatus

[  4%] Built target _amd_clmc_ros_messages_generate_messages_check_deps_OfflineLearningControl

[  4%] Built target geometry_msgs_generate_messages_py

[  4%] Built target _amd_clmc_ros_messages_generate_messages_check_deps_ResetBreakaway

[  4%] Built target _amd_clmc_ros_messages_generate_messages_check_deps_BoundingPoints

[  4%] Built target _amd_clmc_ros_messages_generate_messages_check_deps_CalibratePressureSensorsStatus

[  4%] Built target _amd_clmc_ros_messages_generate_messages_check_deps_PolicyControllerParamsService

[  4%] Built target _amd_clmc_ros_messages_generate_messages_check_deps_SwitchControllerStack

[  4%] Built target _amd_clmc_ros_messages_generate_messages_check_deps_NavigationTarget

[  4%] Built target _amd_clmc_ros_messages_generate_messages_check_deps_DriftingControllerDataStatus

[  4%] Built target _amd_clmc_ros_messages_generate_messages_check_deps_RtNetwork

[  4%] Built target _amd_clmc_ros_messages_generate_messages_check_deps_Goto_command

[  4%] Built target _amd_clmc_ros_messages_generate_messages_check_deps_GraspControllerStatus

[  4%] Built target _amd_clmc_ros_messages_generate_messages_check_deps_BiotacData

[  4%] Built target _amd_clmc_ros_messages_generate_messages_check_deps_ExperimentParams

[  4%] Built target _amd_clmc_ros_messages_generate_messages_check_deps_AvgPressureSensors

[  4%] Built target _amd_clmc_ros_messages_generate_messages_check_deps_QueryControllerStatus

[  4%] Built target _amd_clmc_ros_messages_generate_messages_check_deps_Volumes

[  4%] Built target _amd_clmc_ros_messages_generate_messages_check_deps_UpdateStrainGagesCalibration

[  4%] Built target _amd_clmc_ros_messages_generate_messages_check_deps_ImageCoordinates

[  4%] Built target _amd_clmc_ros_messages_generate_messages_check_deps_LabeledPoint

[  4%] Built target _amd_clmc_ros_messages_generate_messages_check_deps_IncreaseMaxFingerTorque

[  4%] Built target _amd_clmc_ros_messages_generate_messages_check_deps_Preshape

[  4%] Built target _amd_clmc_ros_messages_generate_messages_check_deps_LqrControllerDataStatus

[  4%] Built target _amd_clmc_ros_messages_generate_messages_check_deps_PressureSensors

[  4%] Built target _amd_clmc_ros_messages_generate_messages_check_deps_ObstaclePoints

[  4%] Built target _amd_clmc_ros_messages_generate_messages_check_deps_CalibrateForceTorqueSensor

[  4%] Built target _amd_clmc_ros_messages_generate_messages_check_deps_CartesianTrajectory

[  4%] Built target _amd_clmc_ros_messages_generate_messages_check_deps_Acceleration

[  4%] Built target _amd_clmc_ros_messages_generate_messages_check_deps_PolicyControllerDataStatus

[  4%] Built target _amd_clmc_ros_messages_generate_messages_check_deps_DriftingControllerParamsService

[  4%] Built target _amd_clmc_ros_messages_generate_messages_check_deps_GraspPoses

[  4%] Built target _amd_clmc_ros_messages_generate_messages_check_deps_TrajectoryStatus

[  4%] Built target _amd_clmc_ros_messages_generate_messages_check_deps_ExperimentGeneratorParamsService

[  4%] Built target _amd_clmc_ros_messages_generate_messages_check_deps_PointArrayArray

[  4%] Built target _amd_clmc_ros_messages_generate_messages_check_deps_DriftingControllerStatus

[  4%] Built target _amd_clmc_ros_messages_generate_messages_check_deps_CartesianTrajectoryPoint

[  4%] Built target _amd_clmc_ros_messages_generate_messages_check_deps_LookAtParams

[  4%] Built target _amd_clmc_ros_messages_generate_messages_check_deps_OfflineNetwork

[  4%] Built target _amd_clmc_ros_messages_generate_messages_check_deps_BiotacFingerData

[  4%] Built target _amd_clmc_ros_messages_generate_messages_check_deps_CollectDataStatus

[  4%] Built target _amd_clmc_ros_messages_generate_messages_check_deps_ColorRange

[  4%] Built target _amd_clmc_ros_messages_generate_messages_check_deps_LookAtStatus

[  4%] Built target _amd_clmc_ros_messages_generate_messages_check_deps_DMPControllerStatus

[  4%] Built target _amd_clmc_ros_messages_generate_messages_check_deps_RtNetworkLayer

[  4%] Built target _amd_clmc_ros_messages_generate_messages_check_deps_CalibratePressureSensors

[  4%] Built target _amd_clmc_ros_messages_generate_messages_check_deps_Extrems

[  4%] Built target _amd_clmc_ros_messages_generate_messages_check_deps_DMPCommand

[  4%] Built target _amd_clmc_ros_messages_generate_messages_check_deps_NetworkLayer

[  4%] Built target _amd_clmc_ros_messages_generate_messages_check_deps_ScaledLqr

[  4%] Built target _amd_clmc_ros_messages_generate_messages_check_deps_ViconQuery

[  4%] Built target _amd_clmc_ros_messages_generate_messages_check_deps_GraspControllerParams

[  4%] Built target _amd_clmc_ros_messages_generate_messages_check_deps_TrajectoryPoint

[  4%] Built target _amd_clmc_ros_messages_generate_messages_check_deps_SetPoses

[  4%] Built target _amd_clmc_ros_messages_generate_messages_check_deps_UpdateStrainGagesCalibrationStatus

[  4%] Built target _amd_clmc_ros_messages_generate_messages_check_deps_DMPControllerParams

[  4%] Built target _amd_clmc_ros_messages_generate_messages_check_deps_Path

[  4%] Built target _amd_clmc_ros_messages_generate_messages_check_deps_SetVisualToolTracking

[  4%] Built target _amd_clmc_ros_messages_generate_messages_check_deps_ContinuousTrajectoryStatus

[  4%] Built target _amd_clmc_ros_messages_generate_messages_check_deps_ContinuousTrajectoryPoint

[  4%] Built target _amd_clmc_ros_messages_generate_messages_check_deps_BoundingPointsArray

[  4%] Built target _amd_clmc_ros_messages_generate_messages_check_deps_SetObjectOri

[  4%] Built target _amd_clmc_ros_messages_generate_messages_check_deps_EndEffectorPosition

[  4%] Built target _amd_clmc_ros_messages_generate_messages_check_deps_InverseDynamicsBatchNetworkControllerStatus

[  4%] Built target _amd_clmc_ros_messages_generate_messages_check_deps_Imu

[  4%] Built target _amd_clmc_ros_messages_generate_messages_check_deps_FingerJointEncoderOffsetsStatus

[  4%] Built target _amd_clmc_ros_messages_generate_messages_check_deps_DriftingControllerParams

[  4%] Built target _amd_clmc_ros_messages_generate_messages_check_deps_OfflineDataStatus

[  4%] Built target _amd_clmc_ros_messages_generate_messages_check_deps_AffinePolicy

[  4%] Built target _amd_clmc_ros_messages_generate_messages_check_deps_CalibrateAccelerometerSensorStatus

[  4%] Built target _amd_clmc_ros_messages_generate_messages_check_deps_GraspStatus

[  4%] Built target _amd_clmc_ros_messages_generate_messages_check_deps_DistanceFieldEval

[  4%] Built target _amd_clmc_ros_messages_generate_messages_check_deps_LqrControllerParams

[  4%] Built target _amd_clmc_ros_messages_generate_messages_check_deps_CartesianGains

[  4%] Built target _amd_clmc_ros_messages_generate_messages_check_deps_ChordEllipsoid

[  4%] Built target _amd_clmc_ros_messages_generate_messages_check_deps_OnlineDataStatus

[  4%] Built target _amd_clmc_ros_messages_generate_messages_check_deps_DistanceFieldQueries

[  4%] Built target _amd_clmc_ros_messages_generate_messages_check_deps_FingerJointEncoderOffsets

[  4%] Built target _amd_clmc_ros_messages_generate_messages_check_deps_KeyPointBodyApprox

[  4%] Built target _amd_clmc_ros_messages_generate_messages_check_deps_OfflineLearningControlService

[  4%] Built target _amd_clmc_ros_messages_generate_messages_check_deps_LinearQuadraticRegulatorParams

[  4%] Built target _amd_clmc_ros_messages_generate_messages_check_deps_LqrControllerParamsService

[  4%] Built target _amd_clmc_ros_messages_generate_messages_check_deps_Grasp

[  4%] Built target _amd_clmc_ros_messages_generate_messages_check_deps_FingerForceControlGains

[  4%] Built target _amd_clmc_ros_messages_generate_messages_check_deps_CalibrateBiotacSensorsStatus

[  4%] Built target _amd_clmc_ros_messages_generate_messages_check_deps_StrainGauge

[  4%] Built target _amd_clmc_ros_messages_generate_messages_check_deps_ExtremsArray

[  4%] Built target _amd_clmc_ros_messages_generate_messages_check_deps_TaskFrame

[  4%] Built target _amd_clmc_ros_messages_generate_messages_check_deps_Sphere

[  4%] Built target _amd_clmc_ros_messages_generate_messages_check_deps_EndEffectorState

[  4%] Built target _amd_clmc_ros_messages_generate_messages_check_deps_RectangularBox

[  4%] Built target _amd_clmc_ros_messages_generate_messages_check_deps_ViconData

[  4%] Built target _amd_clmc_ros_messages_generate_messages_check_deps_SpeedChange

[  4%] Built target _amd_clmc_ros_messages_generate_messages_check_deps_CalibrateAccelerometerSensor

[  4%] Built target _amd_clmc_ros_messages_generate_messages_check_deps_ResetBreakawayStatus

[  4%] Built target _amd_clmc_ros_messages_generate_messages_check_deps_RectangularBoxArray

[  4%] Built target _amd_clmc_ros_messages_generate_messages_check_deps_ControllerStatus

[  4%] Built target _amd_clmc_ros_messages_generate_messages_check_deps_CalibrateBiotacSensors

[  4%] Built target _amd_clmc_ros_messages_generate_messages_check_deps_OfflineParams

[  4%] Built target _amd_clmc_ros_messages_generate_messages_check_deps_LinearQuadraticRegulatorStatus

[  4%] Built target _amd_clmc_ros_messages_generate_messages_check_deps_EnvironmentalObject

[  4%] Built target _amd_clmc_ros_messages_generate_messages_check_deps_Matrix32

[  4%] Built target _amd_clmc_ros_messages_generate_messages_check_deps_ObjectMass

[  4%] Built target _amd_clmc_ros_messages_generate_messages_check_deps_Gains

[  4%] Built target _amd_clmc_ros_messages_generate_messages_check_deps_PointArray

[  4%] Built target _amd_clmc_ros_messages_generate_messages_check_deps_Trajectory

[  4%] Built target _amd_clmc_ros_messages_generate_messages_check_deps_ImageCoordinatesArray

[  4%] Built target _amd_clmc_ros_messages_generate_messages_check_deps_CalibrateForceTorqueSensorStatus

[  4%] Built target _amd_clmc_ros_messages_generate_messages_check_deps_LinearQuadraticRegulator

[  4%] Built target _amd_clmc_ros_messages_generate_messages_check_deps_InverseDynamicsBatchNetworkControllerParams

[  4%] Built target _amd_clmc_ros_messages_generate_messages_check_deps_TrackingPose

[  4%] Built target _amd_clmc_ros_messages_generate_messages_check_deps_OfflineParamsService

[  4%] Built target _amd_clmc_ros_messages_generate_messages_check_deps_CollectData

[ 21%] Built target amd_clmc_ros_messages_generate_messages_py

[ 21%] Built target geometry_msgs_generate_messages_cpp

[ 37%] Built target amd_clmc_ros_messages_generate_messages_cpp

[ 37%] Built target geometry_msgs_generate_messages_lisp

[ 55%] Built target amd_clmc_ros_messages_generate_messages_lisp

Scanning dependencies of target amd_clmc_ros_messages_generate_messages

[ 55%] Built target amd_clmc_ros_messages_generate_messages

[ 55%] Built target _ar_track_alvar_msgs_generate_messages_check_deps_AlvarMarkers

[ 55%] Built target std_msgs_generate_messages_lisp

[ 55%] Built target _ar_track_alvar_msgs_generate_messages_check_deps_AlvarMarker

[ 56%] Built target ar_track_alvar_msgs_generate_messages_lisp

[ 56%] Built target std_msgs_generate_messages_py

[ 56%] Built target ar_track_alvar_msgs_generate_messages_py

[ 56%] Built target std_msgs_generate_messages_cpp

[ 56%] Built target ar_track_alvar_msgs_generate_messages_cpp

Scanning dependencies of target ar_track_alvar_msgs_generate_messages

[ 56%] Built target ar_track_alvar_msgs_generate_messages

[ 56%] Built target _custom_robot_msgs_generate_messages_check_deps_PolicyInterface

[ 56%] Built target _custom_robot_msgs_generate_messages_check_deps_PredictAssembly

[ 56%] Built target _custom_robot_msgs_generate_messages_check_deps_assembly_phase

[ 56%] Built target custom_robot_msgs_generate_messages_cpp

[ 57%] Built target custom_robot_msgs_generate_messages_lisp

[ 57%] Built target custom_robot_msgs_generate_messages_py

Scanning dependencies of target custom_robot_msgs_generate_messages

[ 57%] Built target custom_robot_msgs_generate_messages

[ 57%] Built target _riemo_grasping_msgs_generate_messages_check_deps_GraspPose

[ 57%] Built target _riemo_grasping_msgs_generate_messages_check_deps_LatestGraspProblemInfo

[ 57%] Built target _riemo_grasping_msgs_generate_messages_check_deps_RenderGraspProblemService

[ 57%] Built target _riemo_grasping_msgs_generate_messages_check_deps_GraspableObject

[ 57%] Built target _riemo_grasping_msgs_generate_messages_check_deps_UpdateGraspProblem

[ 57%] Built target _riemo_grasping_msgs_generate_messages_check_deps_GraspProblemInfo

[ 57%] Built target _riemo_grasping_msgs_generate_messages_check_deps_Preshape

[ 57%] Built target _riemo_grasping_msgs_generate_messages_check_deps_MpiGraspPoses

[ 59%] Built target riemo_grasping_msgs_generate_messages_py

[ 60%] Built target riemo_grasping_msgs_generate_messages_lisp

[ 61%] Built target riemo_grasping_msgs_generate_messages_cpp

Scanning dependencies of target riemo_grasping_msgs_generate_messages

[ 61%] Built target riemo_grasping_msgs_generate_messages

[ 65%] Built target utility

[ 65%] Built target lwpr

[ 65%] Built target xascii2clmcplot

[ 65%] Built target xlwpr

[ 66%] Built target xlwprstat

[ 66%] Built target _constrained_inverse_kinematics_msgs_generate_messages_check_deps_InverseKinematicsRequest

[ 66%] Built target shape_msgs_generate_messages_cpp

Scanning dependencies of target constrained_inverse_kinematics_msgs_generate_messages_cpp

[ 66%] Generating C++ code from constrained_inverse_kinematics_msgs/InverseKinematicsRequest.msg

[ 66%] Built target constrained_inverse_kinematics_msgs_generate_messages_cpp

[ 66%] Built target shape_msgs_generate_messages_py

Scanning dependencies of target constrained_inverse_kinematics_msgs_generate_messages_py

[ 67%] Generating Python from MSG constrained_inverse_kinematics_msgs/InverseKinematicsRequest

[ 67%] Generating Python msg __init__.py for constrained_inverse_kinematics_msgs

[ 67%] Built target constrained_inverse_kinematics_msgs_generate_messages_py

[ 67%] Built target shape_msgs_generate_messages_lisp

Scanning dependencies of target constrained_inverse_kinematics_msgs_generate_messages_lisp

[ 67%] Generating Lisp code from constrained_inverse_kinematics_msgs/InverseKinematicsRequest.msg

[ 67%] Built target constrained_inverse_kinematics_msgs_generate_messages_lisp

Scanning dependencies of target constrained_inverse_kinematics_msgs_generate_messages

[ 67%] Built target constrained_inverse_kinematics_msgs_generate_messages

[ 67%] Built target _playful_navigation_msgs_generate_messages_check_deps_Move_target_out_of_obstacles

[ 67%] Built target _playful_navigation_msgs_generate_messages_check_deps_Move_robot_out_of_obstacles

Scanning dependencies of target playful_navigation_msgs_generate_messages_lisp

[ 67%] Generating Lisp code from playful_navigation_msgs/Move_target_out_of_obstacles.srv

[ 67%] Generating Lisp code from playful_navigation_msgs/Move_robot_out_of_obstacles.srv

[ 67%] Built target playful_navigation_msgs_generate_messages_lisp

Scanning dependencies of target playful_navigation_msgs_generate_messages_cpp

[ 67%] Generating C++ code from playful_navigation_msgs/Move_target_out_of_obstacles.srv

[ 67%] Generating C++ code from playful_navigation_msgs/Move_robot_out_of_obstacles.srv

[ 67%] Built target playful_navigation_msgs_generate_messages_cpp

Scanning dependencies of target playful_navigation_msgs_generate_messages_py

[ 68%] Generating Python code from SRV playful_navigation_msgs/Move_target_out_of_obstacles

[ 68%] Generating Python code from SRV playful_navigation_msgs/Move_robot_out_of_obstacles

[ 68%] Generating Python srv __init__.py for playful_navigation_msgs

[ 68%] Built target playful_navigation_msgs_generate_messages_py

Scanning dependencies of target playful_navigation_msgs_generate_messages

[ 68%] Built target playful_navigation_msgs_generate_messages

[ 69%] Built target playful_pcl

Scanning dependencies of target playful_histograms

[ 69%] Building CXX object catkin/playful/playful-perception/playful_histograms/CMakeFiles/playful_histograms.dir/src/histograms_2d.cpp.o

[ 70%] Building CXX object catkin/playful/playful-perception/playful_histograms/CMakeFiles/playful_histograms.dir/src/cloud_histograms.cpp.o

[ 70%] Building CXX object catkin/playful/playful-perception/playful_histograms/CMakeFiles/playful_histograms.dir/src/histograms_uv_colors.cpp.o

Linking CXX shared library /home/administrator/ci/ci/team/workspace/devel/lib/libplayful_histograms.so

[ 70%] Built target playful_histograms

[ 70%] Built target roscpp_utilities

Scanning dependencies of target playful_cloud_color_filtering_node

[ 70%] Building CXX object catkin/playful/playful-perception/playful_color_detection/playful_color_detection_nodes/CMakeFiles/playful_cloud_color_filtering_node.dir/src/cloud_color_filtering_node.cpp.o

Linking CXX executable playful_cloud_color_filtering_node

[ 70%] Built target playful_cloud_color_filtering_node

Scanning dependencies of target playful_color_detection_node

[ 70%] Building CXX object catkin/playful/playful-perception/playful_color_detection/playful_color_detection_nodes/CMakeFiles/playful_color_detection_node.dir/src/color_detection_node.cpp.o

Linking CXX executable playful_color_detection_node

[ 70%] Built target playful_color_detection_node

[ 71%] Built target rosrt

Scanning dependencies of target ros_rt_test_publisher

[ 71%] Building CXX object catkin/ros/ros_rt_basic_example/CMakeFiles/ros_rt_test_publisher.dir/src/ros_rt_test_publisher.cpp.o

Linking CXX executable /home/administrator/ci/ci/team/workspace/devel/lib/ros_rt_test/ros_rt_test_publisher

[ 71%] Built target ros_rt_test_publisher

Scanning dependencies of target ros_rt_test_subscriber

[ 71%] Building CXX object catkin/ros/ros_rt_basic_example/CMakeFiles/ros_rt_test_subscriber.dir/src/ros_rt_test_subscriber.cpp.o

Linking CXX executable /home/administrator/ci/ci/team/workspace/devel/lib/ros_rt_test/ros_rt_test_subscriber

[ 71%] Built target ros_rt_test_subscriber

[ 72%] Built target SLcommon

[ 72%] Built target SLmotor

[ 73%] Built target SLopenGL

[ 74%] Built target SLsimulation

[ 75%] Built target SLtask

[ 76%] Built target SLvision

[ 77%] Built target apollo

[ 78%] Built target apollo_openGL

[ 78%] Built target apollo_simulation

[ 78%] Built target apollo_task

Scanning dependencies of target xapollo

[ 79%] Building C object catkin/robots/catkin-apollo/tmp_catkin_apollo/CMakeFiles/xapollo.dir/src/SL_main.c.o

In file included from /home/administrator/ci/ci/team/workspace/src/cmake/apollo/src/SL_main.c:54:0:

/home/administrator/ci/ci/team/workspace/src/cmake/sl/include/SL_user_main_core.h: In function ‘main’:

/home/administrator/ci/ci/team/workspace/src/cmake/sl/include/SL_user_main_core.h:60:7: warning: ‘return’ with no value, in function returning non-void [-Wreturn-type]

       return;

       ^

/home/administrator/ci/ci/team/workspace/src/cmake/sl/include/SL_user_main_core.h:62:7: warning: format not a string literal and no format arguments [-Wformat-security]

       sprintf(start_task,argv[i+1]);

       ^

/home/administrator/ci/ci/team/workspace/src/cmake/sl/include/SL_user_main_core.h:118:3: warning: format not a string literal and no format arguments [-Wformat-security]

   sprintf(argv_array[c++],start_task);

   ^

[ 79%] Building C object catkin/robots/catkin-apollo/tmp_catkin_apollo/CMakeFiles/xapollo.dir/src/SL_user_common.c.o

Linking C executable xapollo

[ 79%] Built target xapollo

Scanning dependencies of target xmotor

[ 79%] Building C object catkin/robots/catkin-apollo/tmp_catkin_apollo/CMakeFiles/xmotor.dir/src/SL_user_motor.c.o

[ 79%] Building C object catkin/robots/catkin-apollo/tmp_catkin_apollo/CMakeFiles/xmotor.dir/src/SL_user_sensor_proc_unix.c.o

[ 80%] Building C object catkin/robots/catkin-apollo/tmp_catkin_apollo/CMakeFiles/xmotor.dir/src/SL_user_commands.c.o

[ 80%] Building C object catkin/robots/catkin-apollo/tmp_catkin_apollo/CMakeFiles/xmotor.dir/src/SL_user_common.c.o

[ 80%] Building C object catkin/robots/catkin-apollo/tmp_catkin_apollo/CMakeFiles/xmotor.dir/__/sl/src/SL_kinematics.c.o

[ 80%] Building C object catkin/robots/catkin-apollo/tmp_catkin_apollo/CMakeFiles/xmotor.dir/__/sl/src/SL_dynamics.c.o

[ 80%] Building CXX object catkin/robots/catkin-apollo/tmp_catkin_apollo/CMakeFiles/xmotor.dir/__/sl/src/SL_invDynNE.cpp.o

[ 80%] Building CXX object catkin/robots/catkin-apollo/tmp_catkin_apollo/CMakeFiles/xmotor.dir/__/sl/src/SL_invDynArt.cpp.o

[ 80%] Building CXX object catkin/robots/catkin-apollo/tmp_catkin_apollo/CMakeFiles/xmotor.dir/__/sl/src/SL_forDynComp.cpp.o

[ 81%] Building CXX object catkin/robots/catkin-apollo/tmp_catkin_apollo/CMakeFiles/xmotor.dir/__/sl/src/SL_forDynArt.cpp.o

Linking CXX executable xmotor

[ 81%] Built target xmotor

Scanning dependencies of target xpest

[ 81%] Building C object catkin/robots/catkin-apollo/tmp_catkin_apollo/CMakeFiles/xpest.dir/__/sl/src/SL_parm_estimate.c.o

[ 81%] Building C object catkin/robots/catkin-apollo/tmp_catkin_apollo/CMakeFiles/xpest.dir/src/SL_user_commands.c.o

[ 81%] Building C object catkin/robots/catkin-apollo/tmp_catkin_apollo/CMakeFiles/xpest.dir/src/SL_user_common.c.o

[ 81%] Building C object catkin/robots/catkin-apollo/tmp_catkin_apollo/CMakeFiles/xpest.dir/__/sl/src/SL_kinematics.c.o

[ 81%] Building C object catkin/robots/catkin-apollo/tmp_catkin_apollo/CMakeFiles/xpest.dir/__/sl/src/SL_dynamics.c.o

[ 82%] Building CXX object catkin/robots/catkin-apollo/tmp_catkin_apollo/CMakeFiles/xpest.dir/__/sl/src/SL_invDynNE.cpp.o

[ 82%] Building CXX object catkin/robots/catkin-apollo/tmp_catkin_apollo/CMakeFiles/xpest.dir/__/sl/src/SL_invDynArt.cpp.o

[ 82%] Building CXX object catkin/robots/catkin-apollo/tmp_catkin_apollo/CMakeFiles/xpest.dir/__/sl/src/SL_forDynComp.cpp.o

[ 82%] Building CXX object catkin/robots/catkin-apollo/tmp_catkin_apollo/CMakeFiles/xpest.dir/__/sl/src/SL_forDynArt.cpp.o

Linking CXX executable xpest

[ 82%] Built target xpest

Scanning dependencies of target apollo_test_task

[ 82%] Building CXX object catkin/robots/catkin-sl-apollo-task-example/CMakeFiles/apollo_test_task.dir/src/apollo_test_task.cpp.o

Linking CXX shared library /home/administrator/ci/ci/team/workspace/devel/lib/libapollo_test_task.so

[ 82%] Built target apollo_test_task

Scanning dependencies of target sl_python_core

[ 82%] Building CXX object catkin/wrappers/sl_python/sl_python_core/CMakeFiles/sl_python_core.dir/src/goto.cpp.o

Linking CXX shared library /home/administrator/ci/ci/team/workspace/devel/lib/libsl_python_core.so

[ 82%] Built target sl_python_core

Scanning dependencies of target sl_python_apollo

[ 83%] Building CXX object catkin/wrappers/sl_python/sl_python_apollo/CMakeFiles/sl_python_apollo.dir/src/sl_python_task.cpp.o

Linking CXX shared library /home/administrator/ci/ci/team/workspace/devel/lib/libsl_python_apollo.so

[ 83%] Built target sl_python_apollo

Scanning dependencies of target fc_task

[ 83%] Building C object catkin/robots/catkin-apolloUser/tmp_catkin_apollo_user/CMakeFiles/fc_task.dir/src/fc_task.c.o

Linking C shared library /home/administrator/ci/ci/team/workspace/devel/lib/libfc_task.so

[ 83%] Built target fc_task

Scanning dependencies of target sample_task

[ 83%] Building C object catkin/robots/catkin-apolloUser/tmp_catkin_apollo_user/CMakeFiles/sample_task.dir/src/sample_task.c.o

Linking C shared library /home/administrator/ci/ci/team/workspace/devel/lib/libsample_task.so

[ 83%] Built target sample_task

[ 83%] Built target sample_task_cpp

Scanning dependencies of target xopengl_apollo

[ 83%] Building C object catkin/robots/catkin-apolloUser/tmp_catkin_apollo_user/CMakeFiles/xopengl_apollo.dir/src/initUserGraphics.c.o

/home/administrator/ci/ci/team/workspace/src/cmake/apolloUser/src/initUserGraphics.c: In function ‘display_pole’:

/home/administrator/ci/ci/team/workspace/src/cmake/apolloUser/src/initUserGraphics.c:89:5: warning: implicit declaration of function ‘memcpy’ [-Wimplicit-function-declaration]

     memcpy(&pole,b,sizeof(pole));

     ^

/home/administrator/ci/ci/team/workspace/src/cmake/apolloUser/src/initUserGraphics.c:89:5: warning: incompatible implicit declaration of built-in function ‘memcpy’ [enabled by default]

Linking C executable /home/administrator/ci/ci/team/workspace/devel/lib/apollo_user/xopengl

[ 83%] Built target xopengl_apollo

Scanning dependencies of target xsimulation_apollo

[ 83%] Building C object catkin/robots/catkin-apolloUser/tmp_catkin_apollo_user/CMakeFiles/xsimulation_apollo.dir/src/initUserSimulation.c.o

Linking C executable /home/administrator/ci/ci/team/workspace/devel/lib/apollo_user/xsimulation

[ 83%] Built target xsimulation_apollo

Scanning dependencies of target xtask_apollo

[ 83%] Building C object catkin/robots/catkin-apolloUser/tmp_catkin_apollo_user/CMakeFiles/xtask_apollo.dir/src/initUserTasks.c.o

Linking C executable /home/administrator/ci/ci/team/workspace/devel/lib/apollo_user/xtask

[ 83%] Built target xtask_apollo

Scanning dependencies of target sl_ros_servo

[ 83%] Building CXX object catkin/ros/sl_ros_servo/CMakeFiles/sl_ros_servo.dir/src/SL_ros_servo_unix.cpp.o

[ 83%] Building CXX object catkin/ros/sl_ros_servo/CMakeFiles/sl_ros_servo.dir/src/SL_ros_servo.cpp.o

[ 83%] Building CXX object catkin/ros/sl_ros_servo/CMakeFiles/sl_ros_servo.dir/src/SL_ros_communicator.cpp.o

Linking CXX shared library /home/administrator/ci/ci/team/workspace/devel/lib/libsl_ros_servo.so

[ 83%] Built target sl_ros_servo

Scanning dependencies of target playful_navigation

[ 83%] Building CXX object catkin/playful/playful-navigation/navigation_libs/CMakeFiles/playful_navigation.dir/src/distance_memory.cpp.o

[ 83%] Building CXX object catkin/playful/playful-navigation/navigation_libs/CMakeFiles/playful_navigation.dir/src/transform.cpp.o

[ 83%] Building CXX object catkin/playful/playful-navigation/navigation_libs/CMakeFiles/playful_navigation.dir/src/pose_getter.cpp.o

[ 83%] Building CXX object catkin/playful/playful-navigation/navigation_libs/CMakeFiles/playful_navigation.dir/src/astar_grid.cpp.o

[ 84%] Building CXX object catkin/playful/playful-navigation/navigation_libs/CMakeFiles/playful_navigation.dir/src/map.cpp.o

[ 84%] Building CXX object catkin/playful/playful-navigation/navigation_libs/CMakeFiles/playful_navigation.dir/src/path_planning.cpp.o

[ 84%] Building CXX object catkin/playful/playful-navigation/navigation_libs/CMakeFiles/playful_navigation.dir/src/fov_manager.cpp.o

Linking CXX shared library /home/administrator/ci/ci/team/workspace/devel/lib/libplayful_navigation.so

[ 84%] Built target playful_navigation

Scanning dependencies of target test_clustering

[ 84%] Building CXX object catkin/playful/playful-navigation/navigation_libs/CMakeFiles/test_clustering.dir/src/tests/test_clustering.cpp.o

/home/administrator/ci/ci/team/workspace/src/catkin/playful/playful-navigation/navigation_libs/src/tests/test_clustering.cpp: In function ‘int main()’:

/home/administrator/ci/ci/team/workspace/src/catkin/playful/playful-navigation/navigation_libs/src/tests/test_clustering.cpp:49:49: warning: format ‘%d’ expects argument of type ‘int’, but argument 2 has type ‘std::vector<boost::shared_ptr<pcl::PointCloud<pcl::PointXYZ> > >::size_type {aka long unsigned int}’ [-Wformat=]

   printf("\nfound %d clusters\n",clusters.size());

                                                 ^

/home/administrator/ci/ci/team/workspace/src/catkin/playful/playful-navigation/navigation_libs/src/tests/test_clustering.cpp:51:49: warning: format ‘%d’ expects argument of type ‘int’, but argument 2 has type ‘std::vector<pcl::PointXYZ, Eigen::aligned_allocator_indirection<pcl::PointXYZ> >::size_type {aka long unsigned int}’ [-Wformat=]

     printf("--- %d\n",clusters[i]->points.size());

                                                 ^

Linking CXX executable /home/administrator/ci/ci/team/workspace/devel/lib/playful_navigation/test_clustering

[ 84%] Built target test_clustering

Scanning dependencies of target playful_navigation_nodes

[ 84%] Building CXX object catkin/playful/playful-navigation/navigation_nodes/CMakeFiles/playful_navigation_nodes.dir/src/ros_interface.cpp.o

[ 84%] Building CXX object catkin/playful/playful-navigation/navigation_nodes/CMakeFiles/playful_navigation_nodes.dir/src/target_getter.cpp.o

Linking CXX shared library /home/administrator/ci/ci/team/workspace/devel/lib/libplayful_navigation_nodes.so

[ 84%] Built target playful_navigation_nodes

Scanning dependencies of target playful_navigation_node

[ 84%] Building CXX object catkin/playful/playful-navigation/navigation_nodes/CMakeFiles/playful_navigation_node.dir/src/navigation_node.cpp.o

Linking CXX executable /home/administrator/ci/ci/team/workspace/devel/lib/playful_navigation_nodes/playful_navigation_node

[ 84%] Built target playful_navigation_node

Scanning dependencies of target point_cloud_crop_node

[ 85%] Building CXX object catkin/playful/playful-perception/playful_nodes/CMakeFiles/point_cloud_crop_node.dir/src/point_cloud_crop_node.cpp.o

Linking CXX executable /home/administrator/ci/ci/team/workspace/devel/lib/playful_nodes/point_cloud_crop_node

[ 85%] Built target point_cloud_crop_node

Scanning dependencies of target point_cloud_downsample_node

[ 85%] Building CXX object catkin/playful/playful-perception/playful_nodes/CMakeFiles/point_cloud_downsample_node.dir/src/point_cloud_downsample_node.cpp.o

Linking CXX executable /home/administrator/ci/ci/team/workspace/devel/lib/playful_nodes/point_cloud_downsample_node

[ 85%] Built target point_cloud_downsample_node

Scanning dependencies of target point_cloud_fusion_node

[ 85%] Building CXX object catkin/playful/playful-perception/playful_nodes/CMakeFiles/point_cloud_fusion_node.dir/src/point_cloud_fusion_node.cpp.o

Linking CXX executable /home/administrator/ci/ci/team/workspace/devel/lib/playful_nodes/point_cloud_fusion_node

[ 85%] Built target point_cloud_fusion_node

Scanning dependencies of target point_cloud_transform_node

[ 85%] Building CXX object catkin/playful/playful-perception/playful_nodes/CMakeFiles/point_cloud_transform_node.dir/src/point_cloud_transform_node.cpp.o

Linking CXX executable /home/administrator/ci/ci/team/workspace/devel/lib/playful_nodes/point_cloud_transform_node

[ 85%] Built target point_cloud_transform_node

Scanning dependencies of target point_cloud_translate_node

[ 85%] Building CXX object catkin/playful/playful-perception/playful_nodes/CMakeFiles/point_cloud_translate_node.dir/src/point_cloud_translate_node.cpp.o

Linking CXX executable /home/administrator/ci/ci/team/workspace/devel/lib/playful_nodes/point_cloud_translate_node

[ 85%] Built target point_cloud_translate_node

Scanning dependencies of target scan_to_point_cloud_node

[ 85%] Building CXX object catkin/playful/playful-perception/playful_nodes/CMakeFiles/scan_to_point_cloud_node.dir/src/scan_to_point_cloud_node.cpp.o

Linking CXX executable /home/administrator/ci/ci/team/workspace/devel/lib/playful_nodes/scan_to_point_cloud_node

[ 85%] Built target scan_to_point_cloud_node

Scanning dependencies of target tf_transform

[ 85%] Building CXX object catkin/playful/playful-perception/playful_nodes/CMakeFiles/tf_transform.dir/src/tf_transform.cpp.o

Linking CXX executable /home/administrator/ci/ci/team/workspace/devel/lib/playful_nodes/tf_transform

[ 85%] Built target tf_transform

Scanning dependencies of target virtual_point_cloud_publish

[ 85%] Building CXX object catkin/playful/playful-perception/playful_nodes/CMakeFiles/virtual_point_cloud_publish.dir/src/virtual_point_cloud_publish.cpp.o

Linking CXX executable /home/administrator/ci/ci/team/workspace/devel/lib/playful_nodes/virtual_point_cloud_publish

[ 85%] Built target virtual_point_cloud_publish

Scanning dependencies of target playful_balloon_position_node

[ 86%] Building CXX object catkin/playful/playful-table-setting/CMakeFiles/playful_balloon_position_node.dir/src/balloon_position_node.cpp.o

Linking CXX executable playful_balloon_position_node

[ 86%] Built target playful_balloon_position_node

Scanning dependencies of target playful_colored_cup_grasp_position_node

[ 86%] Building CXX object catkin/playful/playful-table-setting/CMakeFiles/playful_colored_cup_grasp_position_node.dir/src/colored_cup_grasp_position_node.cpp.o

In file included from /opt/ros/indigo/include/ros/ros.h:40:0,

                 from /home/administrator/ci/ci/team/workspace/src/catkin/playful/playful-table-setting/src/colored_cup_grasp_position_node.cpp:2:

/home/administrator/ci/ci/team/workspace/src/catkin/playful/playful-table-setting/src/colored_cup_grasp_position_node.cpp: In function ‘void filtered_cloud_callback(pcl::PointCloud<pcl::PointXYZ>::Ptr)’:

/opt/ros/indigo/include/ros/console.h:343:176: warning: format ‘%d’ expects argument of type ‘int’, but argument 8 has type ‘std::vector<pcl::PointXYZ, Eigen::aligned_allocator_indirection<pcl::PointXYZ> >::size_type {aka long unsigned int}’ [-Wformat=]

     ::ros::console::print(filter, __rosconsole_define_location__loc.logger_, __rosconsole_define_location__loc.level_, __FILE__, __LINE__, __ROSCONSOLE_FUNCTION__, __VA_ARGS__)

                                                                                                                                                                                ^

/opt/ros/indigo/include/ros/console.h:346:5: note: in expansion of macro ‘ROSCONSOLE_PRINT_AT_LOCATION_WITH_FILTER’

     ROSCONSOLE_PRINT_AT_LOCATION_WITH_FILTER(0, __VA_ARGS__)

     ^

/opt/ros/indigo/include/ros/console.h:376:7: note: in expansion of macro ‘ROSCONSOLE_PRINT_AT_LOCATION’

       ROSCONSOLE_PRINT_AT_LOCATION(__VA_ARGS__); \

       ^

/opt/ros/indigo/include/ros/console.h:558:35: note: in expansion of macro ‘ROS_LOG_COND’

 #define ROS_LOG(level, name, ...) ROS_LOG_COND(true, level, name, __VA_ARGS__)

                                   ^

/opt/ros/indigo/include/rosconsole/macros_generated.h:214:24: note: in expansion of macro ‘ROS_LOG’

 #define ROS_ERROR(...) ROS_LOG(::ros::console::levels::Error, ROSCONSOLE_DEFAULT_NAME, __VA_ARGS__)

                        ^

/home/administrator/ci/ci/team/workspace/src/catkin/playful/playful-table-setting/src/colored_cup_grasp_position_node.cpp:19:3: note: in expansion of macro ‘ROS_ERROR’

   ROS_ERROR("received: %d points (min: %d)",msg->points.size(),MIN_POINTS);

   ^

Linking CXX executable playful_colored_cup_grasp_position_node

[ 86%] Built target playful_colored_cup_grasp_position_node

Scanning dependencies of target playful_filter_colored_cup_from_cloud_node

[ 86%] Building CXX object catkin/playful/playful-table-setting/CMakeFiles/playful_filter_colored_cup_from_cloud_node.dir/src/filter_colored_cup_from_cloud_node.cpp.o

Linking CXX executable playful_filter_colored_cup_from_cloud_node

[ 86%] Built target playful_filter_colored_cup_from_cloud_node

Scanning dependencies of target playful_find_humans_and_arms_node

[ 86%] Building CXX object catkin/playful/playful-table-setting/CMakeFiles/playful_find_humans_and_arms_node.dir/src/find_humans_and_arms_node.cpp.o

Linking CXX executable playful_find_humans_and_arms_node

[ 86%] Built target playful_find_humans_and_arms_node

Scanning dependencies of target playful_find_humans_node

[ 86%] Building CXX object catkin/playful/playful-table-setting/CMakeFiles/playful_find_humans_node.dir/src/find_humans_node.cpp.o

Linking CXX executable playful_find_humans_node

[ 86%] Built target playful_find_humans_node

Scanning dependencies of target playful_publish_working_space_node

[ 86%] Building CXX object catkin/playful/playful-table-setting/CMakeFiles/playful_publish_working_space_node.dir/src/publish_working_space_node.cpp.o

Linking CXX executable playful_publish_working_space_node

[ 86%] Built target playful_publish_working_space_node

Scanning dependencies of target playful_trim_cloud_to_above_robot_arm_node

[ 86%] Building CXX object catkin/playful/playful-table-setting/CMakeFiles/playful_trim_cloud_to_above_robot_arm_node.dir/src/trim_cloud_to_above_robot_arm_node.cpp.o

Linking CXX executable playful_trim_cloud_to_above_robot_arm_node

[ 86%] Built target playful_trim_cloud_to_above_robot_arm_node

Scanning dependencies of target playful_trim_cloud_to_beyond_robot_node

[ 86%] Building CXX object catkin/playful/playful-table-setting/CMakeFiles/playful_trim_cloud_to_beyond_robot_node.dir/src/trim_cloud_to_beyond_robot_node.cpp.o

Linking CXX executable playful_trim_cloud_to_beyond_robot_node

[ 86%] Built target playful_trim_cloud_to_beyond_robot_node

[ 86%] Building CXX object catkin/playful/playful-kinematics/CMakeFiles/apollo_kinematics.dir/src/ik.cpp.o

/home/administrator/ci/ci/team/workspace/src/catkin/playful/playful-kinematics/src/ik.cpp: In function ‘bool ik_8dofs(bool, float, float, float, float, float, float, float*, float*, float*, float*, float*, float*, float*, float*, float*, float*)’:

/home/administrator/ci/ci/team/workspace/src/catkin/playful/playful-kinematics/src/ik.cpp:117:66: error: too many arguments to function ‘void playful_kinematics::set_kinematics_joints(std::vector<float>)’

     playful_kinematics::set_kinematics_joints(fk_joints,ik_joints);

                                                                  ^

In file included from /home/administrator/ci/ci/team/workspace/src/catkin/playful/playful-kinematics/include/playful_kinematics/score_functions.h:6:0,

                 from /home/administrator/ci/ci/team/workspace/src/catkin/playful/playful-kinematics/include/playful_kinematics/ik.h:3,

                 from /home/administrator/ci/ci/team/workspace/src/catkin/playful/playful-kinematics/src/ik.cpp:1:

/home/administrator/ci/ci/team/workspace/src/catkin/playful/playful-kinematics/include/playful_kinematics/kinematic_config.h:31:8: note: declared here

   void set_kinematics_joints(std::vector<float> reference_ik_joints);

        ^

/home/administrator/ci/ci/team/workspace/src/catkin/playful/playful-kinematics/src/ik.cpp: In function ‘bool ik_7dofs(bool, float, float, float, float, float, float, float*, float*, float*, float*, float*, float*, float*, float*, float*)’:

/home/administrator/ci/ci/team/workspace/src/catkin/playful/playful-kinematics/src/ik.cpp:156:66: error: too many arguments to function ‘void playful_kinematics::set_kinematics_joints(std::vector<float>)’

     playful_kinematics::set_kinematics_joints(fk_joints,ik_joints);

                                                                  ^

In file included from /home/administrator/ci/ci/team/workspace/src/catkin/playful/playful-kinematics/include/playful_kinematics/score_functions.h:6:0,

                 from /home/administrator/ci/ci/team/workspace/src/catkin/playful/playful-kinematics/include/playful_kinematics/ik.h:3,

                 from /home/administrator/ci/ci/team/workspace/src/catkin/playful/playful-kinematics/src/ik.cpp:1:

/home/administrator/ci/ci/team/workspace/src/catkin/playful/playful-kinematics/include/playful_kinematics/kinematic_config.h:31:8: note: declared here

   void set_kinematics_joints(std::vector<float> reference_ik_joints);

        ^

/home/administrator/ci/ci/team/workspace/src/catkin/playful/playful-kinematics/src/ik.cpp: In function ‘bool ik_6dofs(bool, float, float, float, float, float, float, float*, float*, float*, float*, float*, float*, float*, float*)’:

/home/administrator/ci/ci/team/workspace/src/catkin/playful/playful-kinematics/src/ik.cpp:194:66: error: too many arguments to function ‘void playful_kinematics::set_kinematics_joints(std::vector<float>)’

     playful_kinematics::set_kinematics_joints(fk_joints,ik_joints);

                                                                  ^

In file included from /home/administrator/ci/ci/team/workspace/src/catkin/playful/playful-kinematics/include/playful_kinematics/score_functions.h:6:0,

                 from /home/administrator/ci/ci/team/workspace/src/catkin/playful/playful-kinematics/include/playful_kinematics/ik.h:3,

                 from /home/administrator/ci/ci/team/workspace/src/catkin/playful/playful-kinematics/src/ik.cpp:1:

/home/administrator/ci/ci/team/workspace/src/catkin/playful/playful-kinematics/include/playful_kinematics/kinematic_config.h:31:8: note: declared here

   void set_kinematics_joints(std::vector<float> reference_ik_joints);

        ^

/home/administrator/ci/ci/team/workspace/src/catkin/playful/playful-kinematics/src/ik.cpp: In function ‘bool ik_5dofs(bool, float, float, float, float, float, float, float*, float*, float*, float*, float*, float*, float*)’:

/home/administrator/ci/ci/team/workspace/src/catkin/playful/playful-kinematics/src/ik.cpp:230:66: error: too many arguments to function ‘void playful_kinematics::set_kinematics_joints(std::vector<float>)’

     playful_kinematics::set_kinematics_joints(fk_joints,ik_joints);

                                                                  ^

In file included from /home/administrator/ci/ci/team/workspace/src/catkin/playful/playful-kinematics/include/playful_kinematics/score_functions.h:6:0,

                 from /home/administrator/ci/ci/team/workspace/src/catkin/playful/playful-kinematics/include/playful_kinematics/ik.h:3,

                 from /home/administrator/ci/ci/team/workspace/src/catkin/playful/playful-kinematics/src/ik.cpp:1:

/home/administrator/ci/ci/team/workspace/src/catkin/playful/playful-kinematics/include/playful_kinematics/kinematic_config.h:31:8: note: declared here

   void set_kinematics_joints(std::vector<float> reference_ik_joints);

        ^

make[2]: *** [catkin/playful/playful-kinematics/CMakeFiles/apollo_kinematics.dir/src/ik.cpp.o] Error 1

make[1]: *** [catkin/playful/playful-kinematics/CMakeFiles/apollo_kinematics.dir/all] Error 2

make: *** [all] Error 2

Base path: /home/administrator/ci/ci/team/workspace

Source space: /home/administrator/ci/ci/team/workspace/src

Build space: /home/administrator/ci/ci/team/workspace/build

Devel space: /home/administrator/ci/ci/team/workspace/devel

Install space: /home/administrator/ci/ci/team/workspace/install

####

#### Running command: "make cmake_check_build_system" in "/home/administrator/ci/ci/team/workspace/build"

####

####

#### Running command: "make -j1" in "/home/administrator/ci/ci/team/workspace/build"

####

Invoking "make -j1" failed
