failed to run unit-tests:
[  0%] [  0%] Built target clean_test_results
Built target gtest
[  1%] Built target gtest_main
[  2%] Built target options_test
[  2%] Built target descriptor_test
[ 19%] Built target dbot
[ 20%] Built target traits_test
[ 21%] Built target la_square_root_test
[ 21%] [ 23%] [ 24%] Built target simple_shader_provider_test_test
Built target file_shader_provider_test_test
Built target scalar_matrix_test
[ 26%] Built target object_resource_identifier_test
[ 26%] Built target la_smw_inversion_test
[ 26%] [ 27%] Built target join_test
Built target meta_test
[ 28%] [ 30%] [ 30%] Built target linear_gaussian_observation_model_test
Built target binary_transition_density_test
Built target sp_normal_to_uniform_test
[ 31%] Built target la_is_diagonal_test
[ 31%] Built target orientation_transition_function_test
[ 32%] Built target joint_observation_model_iid_test
[ 34%] Built target filter_interface_test
[ 35%] Built target linear_uncorrelated_gaussian_observation_model_test
[ 36%] [ 38%] [ 39%] Built target gaussian_distribution_test
Built target decorrelated_gaussian_distribution_test
[ 41%] Built target body_tail_observation_model_test
[ 42%] Built target gaussian_filter_linear_vs_unscented_kalman_filter_test_StaticTest_2_2_2_GaussianModel_Additive_Additive_test
[ 42%] [ 43%] Building CXX object catkin/core-perception/fl/test/CMakeFiles/gaussian_filter_unscented_kalman_filter_test.dir/gaussian_filter/unscented_kalman_filter_test.cpp.o
Built target discrete_distribution_test
[ 45%] Built target gaussian_filter_linear_vs_unscented_kalman_filter_test_StaticTest_2_4_20_GaussianModel_NonAdditive_NonAdditive_test
[ 45%] [ 46%] [ 46%] Built target exception_test
Built target t_distribution_test
[ 47%] Building CXX object catkin/core-perception/fl/test/CMakeFiles/gaussian_filter_kalman_filter_test.dir/gaussian_filter/kalman_filter_test.cpp.o
Built target gaussian_filter_linear_vs_unscented_kalman_filter_test_DynamicTest_20_4_200_DecorrelatedGaussianModel_NonAdditive_AdditiveUncorrelated_test
[ 49%] [ 49%] Built target gaussian_filter_linear_vs_unscented_kalman_filter_test_StaticTest_20_4_20_GaussianModel_NonAdditive_NonAdditive_test
[ 50%] [ 52%] Built target gaussian_filter_linear_vs_unscented_kalman_filter_test_StaticTest_2_1_2_GaussianModel_NonAdditive_NonAdditive_test
Built target gaussian_filter_linear_vs_unscented_kalman_filter_test_StaticTest_20_4_20_GaussianModel_Additive_Additive_test
[ 53%] [ 54%] Built target chi_squared_distribution_test
Building CXX object catkin/core-perception/fl/test/CMakeFiles/multi_sensor_gaussian_filter_test.dir/gaussian_filter/multi_sensor_gaussian_filter_test.cpp.o
Built target unscented_transform_test_test
[ 56%] Built target gaussian_filter_linear_vs_unscented_kalman_filter_test_DynamicTest_20_4_20_GaussianModel_NonAdditive_NonAdditive_test
Building CXX object catkin/core-perception/fl/test/CMakeFiles/robust_multi_sensor_gaussian_filter_test.dir/gaussian_filter/robust_multi_sensor_gaussian_filter_test.cpp.o
[ 56%] [ 56%] Built target linear_state_transition_model_test
Built target gaussian_filter_linear_vs_unscented_kalman_filter_test_DynamicTest_2_1_2_GaussianModel_NonAdditive_NonAdditive_test
[ 57%] [ 58%] Built target gaussian_filter_linear_vs_unscented_kalman_filter_test_DynamicTest_20_4_2_GaussianModel_NonAdditive_NonAdditive_test
[ 60%] Built target gaussian_filter_linear_vs_unscented_kalman_filter_test_DynamicTest_20_4_20_GaussianModel_Additive_Additive_test
[ 61%] Built target sigma_point_quadrature_test_StaticTest_24_3_Unscented_test
[ 63%] [ 64%] [ 65%] Built target gaussian_filter_linear_vs_unscented_kalman_filter_test_DynamicTest_20_4_2_GaussianModel_Additive_Additive_test
Built target sigma_point_quadrature_test_StaticTest_2_2_Unscented_test
Built target gaussian_filter_linear_vs_unscented_kalman_filter_test_StaticTest_3_4_3_GaussianModel_Additive_Additive_test
[ 65%] [ 67%] Built target sigma_point_quadrature_test_StaticTest_1_1_Unscented_test
Built target sigma_point_quadrature_test_StaticTest_3_3_MonteCarlo_test
[ 68%] Built target gaussian_filter_linear_vs_unscented_kalman_filter_test_DynamicTest_20_4_200_DecorrelatedGaussianModel_Additive_AdditiveUncorrelated_test
[ 69%] Built target gaussian_filter_linear_vs_unscented_kalman_filter_test_StaticTest_2_4_20_GaussianModel_Additive_Additive_test
[ 69%] Built target sigma_point_quadrature_test_DynamicTest_24_3_Unscented_test
Building CXX object catkin/core-perception/fl/test/gaussian_filter/CMakeFiles/sigma_point_quadrature_test_StaticTest_24_3_MonteCarlo_test.dir/sigma_point_quadrature_test_StaticTest_24_3_MonteCarlo.cpp.o
[ 71%] Built target sigma_point_quadrature_test_StaticTest_1_1_MonteCarlo_test
[ 75%] [ 75%] [ 75%] [ 76%] [ 76%] [ 78%] [ 78%] [ 78%] [ 79%] [ 79%] [ 80%] Built target sigma_point_quadrature_test_DynamicTest_6_3_Unscented_test
Built target gaussian_filter_linear_vs_unscented_kalman_filter_test_StaticTest_20_4_2_DecorrelatedGaussianModel_NonAdditive_NonAdditive_test
[ 82%] Built target gaussian_filter_linear_vs_unscented_kalman_filter_test_StaticTest_20_2_2_GaussianModel_NonAdditive_NonAdditive_test
Built target gaussian_filter_linear_vs_unscented_kalman_filter_test_StaticTest_3_4_2_DecorrelatedGaussianModel_Additive_AdditiveUncorrelated_test
[ 82%] [ 83%] Built target gaussian_filter_linear_vs_unscented_kalman_filter_test_DynamicTest_2_4_200_DecorrelatedGaussianModel_NonAdditive_AdditiveUncorrelated_test
Built target gaussian_filter_linear_vs_unscented_kalman_filter_test_StaticTest_20_4_2_GaussianModel_Additive_Additive_test
Built target sigma_point_quadrature_test_StaticTest_3_6_Unscented_test
Built target sigma_point_quadrature_test_StaticTest_50_50_Unscented_test
Built target sigma_point_quadrature_test_StaticTest_2_2_MonteCarlo_test
Built target gaussian_filter_linear_vs_unscented_kalman_filter_test_StaticTest_2_1_2_GaussianModel_Additive_Additive_test
Built target sigma_point_quadrature_test_StaticTest_3_6_MonteCarlo_test
[ 83%] [ 83%] [ 83%] Built target sigma_point_quadrature_test_DynamicTest_3_3_Unscented_test
[ 84%] Built target sigma_point_quadrature_test_DynamicTest_3_6_MonteCarlo_test
Built target sigma_point_quadrature_test_DynamicTest_1_1_MonteCarlo_test
Built target sigma_point_quadrature_test_DynamicTest_2_2_Unscented_test
[ 84%] Built target gaussian_filter_linear_vs_unscented_kalman_filter_test_DynamicTest_20_4_2_DecorrelatedGaussianModel_NonAdditive_NonAdditive_test
[ 84%] [ 87%] [ 87%] Built target gaussian_filter_linear_vs_unscented_kalman_filter_test_DynamicTest_20_4_20_DecorrelatedGaussianModel_NonAdditive_NonAdditive_test
[ 87%] Built target sigma_point_quadrature_test_StaticTest_3_3_Unscented_test
Built target sigma_point_quadrature_test_DynamicTest_2_2_MonteCarlo_test
[ 89%] [ 90%] [ 91%] [ 91%] [ 93%] Built target gaussian_filter_linear_vs_unscented_kalman_filter_test_DynamicTest_2_4_200_DecorrelatedGaussianModel_Additive_AdditiveUncorrelated_test
Built target sigma_point_quadrature_test_DynamicTest_24_3_MonteCarlo_test
Built target sigma_point_quadrature_test_DynamicTest_6_3_MonteCarlo_test
Built target sigma_point_quadrature_test_DynamicTest_1_1_Unscented_test
Built target gaussian_filter_linear_vs_unscented_kalman_filter_test_StaticTest_10_4_2_DecorrelatedGaussianModel_Additive_AdditiveUncorrelated_test
[ 93%] Built target sigma_point_quadrature_test_DynamicTest_3_6_Unscented_test
[ 95%] [ 95%] Built target gaussian_filter_linear_vs_unscented_kalman_filter_test_DynamicTest_4_4_4_DecorrelatedGaussianModel_Additive_AdditiveUncorrelated_test
[ 95%] [ 97%] Built target sigma_point_quadrature_test_DynamicTest_50_50_Unscented_test
Built target sigma_point_quadrature_test_StaticTest_6_3_Unscented_test
Building CXX object catkin/core-perception/fl/test/gaussian_filter/CMakeFiles/sigma_point_quadrature_test_StaticTest_50_50_MonteCarlo_test.dir/sigma_point_quadrature_test_StaticTest_50_50_MonteCarlo.cpp.o
[ 98%] Built target sigma_point_quadrature_test_StaticTest_6_3_MonteCarlo_test
[100%] [100%] [100%] Built target sigma_point_quadrature_test_DynamicTest_50_50_MonteCarlo_test
Built target gaussian_filter_linear_vs_unscented_kalman_filter_test_DynamicTest_2_4_20_GaussianModel_Additive_Additive_test
Built target sigma_point_quadrature_test_DynamicTest_3_3_MonteCarlo_test
Building CXX object catkin/core-perception/fl/test/CMakeFiles/robust_gaussian_filter_test.dir/gaussian_filter/robust_gaussian_filter_test.cpp.o
Building CXX object catkin/core-perception/fl/test/gaussian_filter/CMakeFiles/gaussian_filter_linear_vs_unscented_kalman_filter_test_StaticTest_2_4_200_DecorrelatedGaussianModel_NonAdditive_NonAdditive_test.dir/gaussian_filter_linear_vs_unscented_kalman_filter_test_StaticTest_2_4_200_DecorrelatedGaussianModel_NonAdditive_NonAdditive.cpp.o
Building CXX object catkin/core-perception/fl/test/CMakeFiles/particle_filter_fixture_test.dir/particle_filter/particle_filter_fixture_test.cpp.o
Building CXX object catkin/core-perception/fl/test/gaussian_filter/CMakeFiles/gaussian_filter_linear_vs_unscented_kalman_filter_test_StaticTest_20_4_200_DecorrelatedGaussianModel_NonAdditive_AdditiveUncorrelated_test.dir/gaussian_filter_linear_vs_unscented_kalman_filter_test_StaticTest_20_4_200_DecorrelatedGaussianModel_NonAdditive_AdditiveUncorrelated.cpp.o
In file included from /home/amd_clmc/team/workspace/src/catkin/core-perception/fl/test/gaussian_filter/multi_sensor_gaussian_filter_test.cpp:25:0:
/home/amd_clmc/team/workspace/src/catkin/core-perception/fl/test/gaussian_filter/gaussian_filter_test_suite.hpp:87:17: error: wrong number of template arguments (2, should be 3)
                 > LinearStateTransition;
                 ^
In file included from /home/amd_clmc/team/workspace/src/catkin/core-perception/fl/test/gaussian_filter/gaussian_filter_test_suite.hpp:35:0,
                 from /home/amd_clmc/team/workspace/src/catkin/core-perception/fl/test/gaussian_filter/multi_sensor_gaussian_filter_test.cpp:25:
/home/amd_clmc/team/workspace/src/catkin/core-perception/fl/include/fl/model/process/linear_state_transition_model.hpp:42:7: error: provided for 'template<class State_, class Noise_, class Input_> class fl::LinearStateTransitionModel'
 class LinearStateTransitionModel
       ^
In file included from /home/amd_clmc/team/workspace/src/catkin/core-perception/fl/test/gaussian_filter/multi_sensor_gaussian_filter_test.cpp:25:0:
/home/amd_clmc/team/workspace/src/catkin/core-perception/fl/test/gaussian_filter/gaussian_filter_test_suite.hpp: In member function 'GaussianFilterTest<TestType>::ModelFactory::LinearStateTransition GaussianFilterTest<TestType>::ModelFactory::create_linear_state_model()':
/home/amd_clmc/team/workspace/src/catkin/core-perception/fl/test/gaussian_filter/gaussian_filter_test_suite.hpp:97:28: error: request for member 'create_dynamics_matrix' in 'model', which is of non-class type 'int'
             auto A = model.create_dynamics_matrix();
                            ^
/home/amd_clmc/team/workspace/src/catkin/core-perception/fl/test/gaussian_filter/gaussian_filter_test_suite.hpp:98:28: error: request for member 'create_noise_matrix' in 'model', which is of non-class type 'int'
             auto Q = model.create_noise_matrix();
                            ^
/home/amd_clmc/team/workspace/src/catkin/core-perception/fl/test/gaussian_filter/gaussian_filter_test_suite.hpp:113:19: error: request for member 'dynamics_matrix' in 'model', which is of non-class type 'int'
             model.dynamics_matrix(A);
                   ^
/home/amd_clmc/team/workspace/src/catkin/core-perception/fl/test/gaussian_filter/gaussian_filter_test_suite.hpp:114:19: error: request for member 'noise_matrix' in 'model', which is of non-class type 'int'
             model.noise_matrix(Q);
                   ^
In file included from /home/amd_clmc/team/workspace/src/catkin/core-perception/fl/test/gaussian_filter/unscented_kalman_filter_test.cpp:25:0:
/home/amd_clmc/team/workspace/src/catkin/core-perception/fl/test/gaussian_filter/gaussian_filter_test_suite.hpp:87:17: error: wrong number of template arguments (2, should be 3)
                 > LinearStateTransition;
                 ^
In file included from /home/amd_clmc/team/workspace/src/catkin/core-perception/fl/test/gaussian_filter/gaussian_filter_test_suite.hpp:35:0,
                 from /home/amd_clmc/team/workspace/src/catkin/core-perception/fl/test/gaussian_filter/unscented_kalman_filter_test.cpp:25:
/home/amd_clmc/team/workspace/src/catkin/core-perception/fl/include/fl/model/process/linear_state_transition_model.hpp:42:7: error: provided for 'template<class State_, class Noise_, class Input_> class fl::LinearStateTransitionModel'
 class LinearStateTransitionModel
       ^
In file included from /home/amd_clmc/team/workspace/src/catkin/core-perception/fl/test/gaussian_filter/unscented_kalman_filter_test.cpp:25:0:
/home/amd_clmc/team/workspace/src/catkin/core-perception/fl/test/gaussian_filter/gaussian_filter_test_suite.hpp: In member function 'GaussianFilterTest<TestType>::ModelFactory::LinearStateTransition GaussianFilterTest<TestType>::ModelFactory::create_linear_state_model()':
/home/amd_clmc/team/workspace/src/catkin/core-perception/fl/test/gaussian_filter/gaussian_filter_test_suite.hpp:97:28: error: request for member 'create_dynamics_matrix' in 'model', which is of non-class type 'int'
             auto A = model.create_dynamics_matrix();
                            ^
/home/amd_clmc/team/workspace/src/catkin/core-perception/fl/test/gaussian_filter/gaussian_filter_test_suite.hpp:98:28: error: request for member 'create_noise_matrix' in 'model', which is of non-class type 'int'
             auto Q = model.create_noise_matrix();
                            ^
/home/amd_clmc/team/workspace/src/catkin/core-perception/fl/test/gaussian_filter/gaussian_filter_test_suite.hpp:113:19: error: request for member 'dynamics_matrix' in 'model', which is of non-class type 'int'
             model.dynamics_matrix(A);
                   ^
/home/amd_clmc/team/workspace/src/catkin/core-perception/fl/test/gaussian_filter/gaussian_filter_test_suite.hpp:114:19: error: request for member 'noise_matrix' in 'model', which is of non-class type 'int'
             model.noise_matrix(Q);
                   ^
In file included from /home/amd_clmc/team/workspace/src/catkin/core-perception/fl/test/gaussian_filter/kalman_filter_test.cpp:25:0:
/home/amd_clmc/team/workspace/src/catkin/core-perception/fl/test/gaussian_filter/gaussian_filter_test_suite.hpp:87:17: error: wrong number of template arguments (2, should be 3)
                 > LinearStateTransition;
                 ^
In file included from /home/amd_clmc/team/workspace/src/catkin/core-perception/fl/test/gaussian_filter/gaussian_filter_test_suite.hpp:35:0,
                 from /home/amd_clmc/team/workspace/src/catkin/core-perception/fl/test/gaussian_filter/kalman_filter_test.cpp:25:
/home/amd_clmc/team/workspace/src/catkin/core-perception/fl/include/fl/model/process/linear_state_transition_model.hpp:42:7: error: provided for 'template<class State_, class Noise_, class Input_> class fl::LinearStateTransitionModel'
 class LinearStateTransitionModel
       ^
In file included from /home/amd_clmc/team/workspace/src/catkin/core-perception/fl/test/gaussian_filter/kalman_filter_test.cpp:25:0:
/home/amd_clmc/team/workspace/src/catkin/core-perception/fl/test/gaussian_filter/gaussian_filter_test_suite.hpp: In member function 'GaussianFilterTest<TestType>::ModelFactory::LinearStateTransition GaussianFilterTest<TestType>::ModelFactory::create_linear_state_model()':
/home/amd_clmc/team/workspace/src/catkin/core-perception/fl/test/gaussian_filter/gaussian_filter_test_suite.hpp:97:28: error: request for member 'create_dynamics_matrix' in 'model', which is of non-class type 'int'
             auto A = model.create_dynamics_matrix();
                            ^
/home/amd_clmc/team/workspace/src/catkin/core-perception/fl/test/gaussian_filter/gaussian_filter_test_suite.hpp:98:28: error: request for member 'create_noise_matrix' in 'model', which is of non-class type 'int'
             auto Q = model.create_noise_matrix();
                            ^
/home/amd_clmc/team/workspace/src/catkin/core-perception/fl/test/gaussian_filter/gaussian_filter_test_suite.hpp:113:19: error: request for member 'dynamics_matrix' in 'model', which is of non-class type 'int'
             model.dynamics_matrix(A);
                   ^
/home/amd_clmc/team/workspace/src/catkin/core-perception/fl/test/gaussian_filter/gaussian_filter_test_suite.hpp:114:19: error: request for member 'noise_matrix' in 'model', which is of non-class type 'int'
             model.noise_matrix(Q);
                   ^
In file included from /home/amd_clmc/team/workspace/src/catkin/core-perception/fl/test/gaussian_filter/multi_sensor_gaussian_filter_test.cpp:28:0:
/home/amd_clmc/team/workspace/src/catkin/core-perception/fl/include/fl/filter/gaussian/multi_sensor_gaussian_filter.hpp: In instantiation of 'struct fl::Traits<fl::MultiSensorGaussianFilter<int, fl::JointObservationModel<fl::MultipleOf<fl::LinearGaussianObservationModel<Eigen::Matrix<double, 2, 1, 0, 2, 1>, Eigen::Matrix<double, 6, 1, 0, 6, 1> >, 10> >, fl::UnscentedQuadrature> >':
/home/amd_clmc/team/workspace/src/catkin/core-perception/fl/test/gaussian_filter/gaussian_filter_test_suite.hpp:157:40:   required from 'class GaussianFilterTest<fl::StaticTest<MultiSensorGfTestConfiguration<6, 1, 2, 10, 10> > >'
/home/amd_clmc/team/workspace/src/catkin/core-perception/fl/test/gaussian_filter/gaussian_filter_test_suite.hpp:197:1:   required from 'class gtest_case_GaussianFilterTest_::predict_then_update<fl::StaticTest<MultiSensorGfTestConfiguration<6, 1, 2, 10, 10> > >'
/usr/include/gtest/internal/gtest-internal.h:663:39:   required from 'static bool testing::internal::TypeParameterizedTest<Fixture, TestSel, Types>::Register(const char*, const char*, const char*, int) [with Fixture = GaussianFilterTest; TestSel = testing::internal::TemplateSel<gtest_case_GaussianFilterTest_::predict_then_update>; Types = testing::internal::Types1<fl::StaticTest<MultiSensorGfTestConfiguration<6, 1, 2, 10, 10> > >]'
/usr/include/gtest/internal/gtest-internal.h:694:41:   required from 'static bool testing::internal::TypeParameterizedTestCase<Fixture, Tests, Types>::Register(const char*, const char*, const char*) [with Fixture = GaussianFilterTest; Tests = testing::internal::Templates2<gtest_case_GaussianFilterTest_::predict_then_update, gtest_case_GaussianFilterTest_::predict_loop>; Types = testing::internal::Types1<fl::StaticTest<MultiSensorGfTestConfiguration<6, 1, 2, 10, 10> > >]'
/home/amd_clmc/team/workspace/src/catkin/core-perception/fl/test/gaussian_filter/multi_sensor_gaussian_filter_test.cpp:90:1:   required from here
/home/amd_clmc/team/workspace/src/catkin/core-perception/fl/include/fl/filter/gaussian/multi_sensor_gaussian_filter.hpp:51:53: error: 'int' is not a class, struct, or union type
     typedef typename StateTransitionFunction::State State;
                                                     ^
/home/amd_clmc/team/workspace/src/catkin/core-perception/fl/include/fl/filter/gaussian/multi_sensor_gaussian_filter.hpp:52:53: error: 'int' is not a class, struct, or union type
     typedef typename StateTransitionFunction::Input Input;
                                                     ^
In file included from /home/amd_clmc/team/workspace/src/catkin/core-perception/fl/include/fl/filter/gaussian/gaussian_filter_nonlinear.hpp:25:0,
                 from /home/amd_clmc/team/workspace/src/catkin/core-perception/fl/include/fl/filter/gaussian/gaussian_filter.hpp:30,
                 from /home/amd_clmc/team/workspace/src/catkin/core-perception/fl/test/gaussian_filter/unscented_kalman_filter_test.cpp:27:
/home/amd_clmc/team/workspace/src/catkin/core-perception/fl/include/fl/filter/gaussian/gaussian_filter_nonlinear_generic.hpp: In instantiation of 'struct fl::Traits<fl::GaussianFilter<int, fl::LinearGaussianObservationModel<Eigen::Matrix<double, 2, 1, 0, 2, 1>, Eigen::Matrix<double, 3, 1, 0, 3, 1> >, fl::UnscentedQuadrature> >':
/home/amd_clmc/team/workspace/src/catkin/core-perception/fl/test/gaussian_filter/gaussian_filter_test_suite.hpp:157:40:   required from 'class GaussianFilterTest<fl::StaticTest<UnscentedKalmanFilterTestConfiguration<3, 1, 2> > >'
/home/amd_clmc/team/workspace/src/catkin/core-perception/fl/test/gaussian_filter/gaussian_filter_test_suite.hpp:197:1:   required from 'class gtest_case_GaussianFilterTest_::predict_then_update<fl::StaticTest<UnscentedKalmanFilterTestConfiguration<3, 1, 2> > >'
/usr/include/gtest/internal/gtest-internal.h:663:39:   required from 'static bool testing::internal::TypeParameterizedTest<Fixture, TestSel, Types>::Register(const char*, const char*, const char*, int) [with Fixture = GaussianFilterTest; TestSel = testing::internal::TemplateSel<gtest_case_GaussianFilterTest_::predict_then_update>; Types = testing::internal::Types6<fl::StaticTest<UnscentedKalmanFilterTestConfiguration<3, 1, 2> >, fl::StaticTest<UnscentedKalmanFilterTestConfiguration<3, 3, 10> >, fl::StaticTest<UnscentedKalmanFilterTestConfiguration<10, 10, 20> >, fl::DynamicTest<UnscentedKalmanFilterTestConfiguration<3, 1, 2> >, fl::DynamicTest<UnscentedKalmanFilterTestConfiguration<3, 3, 10> >, fl::DynamicTest<UnscentedKalmanFilterTestConfiguration<10, 10, 20> > >]'
/usr/include/gtest/internal/gtest-internal.h:694:41:   required from 'static bool testing::internal::TypeParameterizedTestCase<Fixture, Tests, Types>::Register(const char*, const char*, const char*) [with Fixture = GaussianFilterTest; Tests = testing::internal::Templates2<gtest_case_GaussianFilterTest_::predict_then_update, gtest_case_GaussianFilterTest_::predict_loop>; Types = testing::internal::Types6<fl::StaticTest<UnscentedKalmanFilterTestConfiguration<3, 1, 2> >, fl::StaticTest<UnscentedKalmanFilterTestConfiguration<3, 3, 10> >, fl::StaticTest<UnscentedKalmanFilterTestConfiguration<10, 10, 20> >, fl::DynamicTest<UnscentedKalmanFilterTestConfiguration<3, 1, 2> >, fl::DynamicTest<UnscentedKalmanFilterTestConfiguration<3, 3, 10> >, fl::DynamicTest<UnscentedKalmanFilterTestConfiguration<10, 10, 20> > >]'
/home/amd_clmc/team/workspace/src/catkin/core-perception/fl/test/gaussian_filter/unscented_kalman_filter_test.cpp:79:1:   required from here
/home/amd_clmc/team/workspace/src/catkin/core-perception/fl/include/fl/filter/gaussian/gaussian_filter_nonlinear_generic.hpp:60:50: error: 'int' is not a class, struct, or union type
     typedef typename StateTransitionModel::State State;
                                                  ^
/home/amd_clmc/team/workspace/src/catkin/core-perception/fl/include/fl/filter/gaussian/gaussian_filter_nonlinear_generic.hpp:61:50: error: 'int' is not a class, struct, or union type
     typedef typename StateTransitionModel::Input Input;
                                                  ^
/home/amd_clmc/team/workspace/src/catkin/core-perception/fl/include/fl/filter/gaussian/multi_sensor_gaussian_filter.hpp:54:29: error: 'int' is not a class, struct, or union type
     typedef Gaussian<State> Belief;
                             ^
In file included from /home/amd_clmc/team/workspace/src/catkin/core-perception/fl/test/gaussian_filter/kalman_filter_test.cpp:27:0:
/home/amd_clmc/team/workspace/src/catkin/core-perception/fl/include/fl/filter/gaussian/gaussian_filter_linear.hpp: In instantiation of 'struct fl::Traits<fl::GaussianFilter<int, fl::LinearGaussianObservationModel<Eigen::Matrix<double, 2, 1, 0, 2, 1>, Eigen::Matrix<double, 3, 1, 0, 3, 1> > > >':
/home/amd_clmc/team/workspace/src/catkin/core-perception/fl/test/gaussian_filter/gaussian_filter_test_suite.hpp:157:40:   required from 'class GaussianFilterTest<fl::StaticTest<KalmanFilterTestConfiguration<3, 1, 2> > >'
/home/amd_clmc/team/workspace/src/catkin/core-perception/fl/test/gaussian_filter/gaussian_filter_test_suite.hpp:197:1:   required from 'class gtest_case_GaussianFilterTest_::predict_then_update<fl::StaticTest<KalmanFilterTestConfiguration<3, 1, 2> > >'
/usr/include/gtest/internal/gtest-internal.h:663:39:   required from 'static bool testing::internal::TypeParameterizedTest<Fixture, TestSel, Types>::Register(const char*, const char*, const char*, int) [with Fixture = GaussianFilterTest; TestSel = testing::internal::TemplateSel<gtest_case_GaussianFilterTest_::predict_then_update>; Types = testing::internal::Types6<fl::StaticTest<KalmanFilterTestConfiguration<3, 1, 2> >, fl::StaticTest<KalmanFilterTestConfiguration<3, 3, 10> >, fl::StaticTest<KalmanFilterTestConfiguration<10, 10, 20> >, fl::DynamicTest<KalmanFilterTestConfiguration<3, 1, 2> >, fl::DynamicTest<KalmanFilterTestConfiguration<3, 3, 10> >, fl::DynamicTest<KalmanFilterTestConfiguration<10, 10, 20> > >]'
/usr/include/gtest/internal/gtest-internal.h:694:41:   required from 'static bool testing::internal::TypeParameterizedTestCase<Fixture, Tests, Types>::Register(const char*, const char*, const char*) [with Fixture = GaussianFilterTest; Tests = testing::internal::Templates2<gtest_case_GaussianFilterTest_::predict_then_update, gtest_case_GaussianFilterTest_::predict_loop>; Types = testing::internal::Types6<fl::StaticTest<KalmanFilterTestConfiguration<3, 1, 2> >, fl::StaticTest<KalmanFilterTestConfiguration<3, 3, 10> >, fl::StaticTest<KalmanFilterTestConfiguration<10, 10, 20> >, fl::DynamicTest<KalmanFilterTestConfiguration<3, 1, 2> >, fl::DynamicTest<KalmanFilterTestConfiguration<3, 3, 10> >, fl::DynamicTest<KalmanFilterTestConfiguration<10, 10, 20> > >]'
/home/amd_clmc/team/workspace/src/catkin/core-perception/fl/test/gaussian_filter/kalman_filter_test.cpp:74:1:   required from here
/home/amd_clmc/team/workspace/src/catkin/core-perception/fl/include/fl/filter/gaussian/gaussian_filter_linear.hpp:59:56: error: 'int' is not a class, struct, or union type
     typedef typename LinearStateTransitionModel::State State;
                                                        ^
/home/amd_clmc/team/workspace/src/catkin/core-perception/fl/include/fl/filter/gaussian/gaussian_filter_linear.hpp:60:56: error: 'int' is not a class, struct, or union type
     typedef typename LinearStateTransitionModel::Input Input;
                                                        ^
/home/amd_clmc/team/workspace/src/catkin/core-perception/fl/include/fl/filter/gaussian/gaussian_filter_nonlinear_generic.hpp:63:29: error: 'int' is not a class, struct, or union type
     typedef Gaussian<State> Belief;
                             ^
/home/amd_clmc/team/workspace/src/catkin/core-perception/fl/test/particle_filter/particle_filter_fixture_test.cpp: In member function 'ParticleFilterTest::ProcessModel ParticleFilterTest::create_process_model()':
/home/amd_clmc/team/workspace/src/catkin/core-perception/fl/test/particle_filter/particle_filter_fixture_test.cpp:109:57: error: no matching function for call to 'fl::LinearStateTransitionModel<Eigen::Matrix<double, 3, 1>, Eigen::Matrix<double, 3, 1>, Eigen::Matrix<double, 3, 1> >::noise_covariance(const Type)'
         process_model.noise_covariance(R*D*R.transpose());
                                                         ^
/home/amd_clmc/team/workspace/src/catkin/core-perception/fl/test/particle_filter/particle_filter_fixture_test.cpp:109:57: note: candidate is:
In file included from /home/amd_clmc/team/workspace/src/catkin/core-perception/fl/include/fl/filter/gaussian/gaussian_filter_linear.hpp:32:0,
                 from /home/amd_clmc/team/workspace/src/catkin/core-perception/fl/test/particle_filter/particle_filter_fixture_test.cpp:28:
/home/amd_clmc/team/workspace/src/catkin/core-perception/fl/include/fl/model/process/linear_state_transition_model.hpp:162:36: note: const NoiseCovariance& fl::LinearStateTransitionModel<State_, Noise_, Input_>::noise_covariance() const [with State_ = Eigen::Matrix<double, 3, 1>; Noise_ = Eigen::Matrix<double, 3, 1>; Input_ = Eigen::Matrix<double, 3, 1>; fl::LinearStateTransitionModel<State_, Noise_, Input_>::NoiseCovariance = Eigen::Matrix<double, 3, 3>]
     virtual const NoiseCovariance& noise_covariance() const
                                    ^
/home/amd_clmc/team/workspace/src/catkin/core-perception/fl/include/fl/model/process/linear_state_transition_model.hpp:162:36: note:   candidate expects 0 arguments, 1 provided
/home/amd_clmc/team/workspace/src/catkin/core-perception/fl/include/fl/filter/gaussian/gaussian_filter_linear.hpp:62:29: error: 'int' is not a class, struct, or union type
     typedef Gaussian<State> Belief;
                             ^
/home/amd_clmc/team/workspace/src/catkin/core-perception/fl/include/fl/filter/gaussian/gaussian_filter_nonlinear_generic.hpp: In instantiation of 'struct fl::Traits<fl::GaussianFilter<int, fl::LinearGaussianObservationModel<Eigen::Matrix<double, 10, 1, 0, 10, 1>, Eigen::Matrix<double, 3, 1, 0, 3, 1> >, fl::UnscentedQuadrature> >':
/home/amd_clmc/team/workspace/src/catkin/core-perception/fl/test/gaussian_filter/gaussian_filter_test_suite.hpp:157:40:   required from 'class GaussianFilterTest<fl::StaticTest<UnscentedKalmanFilterTestConfiguration<3, 3, 10> > >'
/home/amd_clmc/team/workspace/src/catkin/core-perception/fl/test/gaussian_filter/gaussian_filter_test_suite.hpp:241:1:   required from 'class gtest_case_GaussianFilterTest_::predict_loop<fl::StaticTest<UnscentedKalmanFilterTestConfiguration<3, 3, 10> > >'
/usr/include/gtest/internal/gtest-internal.h:663:39:   required from 'static bool testing::internal::TypeParameterizedTest<Fixture, TestSel, Types>::Register(const char*, const char*, const char*, int) [with Fixture = GaussianFilterTest; TestSel = testing::internal::TemplateSel<gtest_case_GaussianFilterTest_::predict_loop>; Types = testing::internal::Types5<fl::StaticTest<UnscentedKalmanFilterTestConfiguration<3, 3, 10> >, fl::StaticTest<UnscentedKalmanFilterTestConfiguration<10, 10, 20> >, fl::DynamicTest<UnscentedKalmanFilterTestConfiguration<3, 1, 2> >, fl::DynamicTest<UnscentedKalmanFilterTestConfiguration<3, 3, 10> >, fl::DynamicTest<UnscentedKalmanFilterTestConfiguration<10, 10, 20> > >]'
/usr/include/gtest/internal/gtest-internal.h:667:60:   required from 'static bool testing::internal::TypeParameterizedTest<Fixture, TestSel, Types>::Register(const char*, const char*, const char*, int) [with Fixture = GaussianFilterTest; TestSel = testing::internal::TemplateSel<gtest_case_GaussianFilterTest_::predict_loop>; Types = testing::internal::Types6<fl::StaticTest<UnscentedKalmanFilterTestConfiguration<3, 1, 2> >, fl::StaticTest<UnscentedKalmanFilterTestConfiguration<3, 3, 10> >, fl::StaticTest<UnscentedKalmanFilterTestConfiguration<10, 10, 20> >, fl::DynamicTest<UnscentedKalmanFilterTestConfiguration<3, 1, 2> >, fl::DynamicTest<UnscentedKalmanFilterTestConfiguration<3, 3, 10> >, fl::DynamicTest<UnscentedKalmanFilterTestConfiguration<10, 10, 20> > >]'
/usr/include/gtest/internal/gtest-internal.h:694:41:   required from 'static bool testing::internal::TypeParameterizedTestCase<Fixture, Tests, Types>::Register(const char*, const char*, const char*) [with Fixture = GaussianFilterTest; Tests = testing::internal::Templates1<gtest_case_GaussianFilterTest_::predict_loop>; Types = testing::internal::Types6<fl::StaticTest<UnscentedKalmanFilterTestConfiguration<3, 1, 2> >, fl::StaticTest<UnscentedKalmanFilterTestConfiguration<3, 3, 10> >, fl::StaticTest<UnscentedKalmanFilterTestConfiguration<10, 10, 20> >, fl::DynamicTest<UnscentedKalmanFilterTestConfiguration<3, 1, 2> >, fl::DynamicTest<UnscentedKalmanFilterTestConfiguration<3, 3, 10> >, fl::DynamicTest<UnscentedKalmanFilterTestConfiguration<10, 10, 20> > >]'
/usr/include/gtest/internal/gtest-internal.h:698:60:   required from 'static bool testing::internal::TypeParameterizedTestCase<Fixture, Tests, Types>::Register(const char*, const char*, const char*) [with Fixture = GaussianFilterTest; Tests = testing::internal::Templates2<gtest_case_GaussianFilterTest_::predict_then_update, gtest_case_GaussianFilterTest_::predict_loop>; Types = testing::internal::Types6<fl::StaticTest<UnscentedKalmanFilterTestConfiguration<3, 1, 2> >, fl::StaticTest<UnscentedKalmanFilterTestConfiguration<3, 3, 10> >, fl::StaticTest<UnscentedKalmanFilterTestConfiguration<10, 10, 20> >, fl::DynamicTest<UnscentedKalmanFilterTestConfiguration<3, 1, 2> >, fl::DynamicTest<UnscentedKalmanFilterTestConfiguration<3, 3, 10> >, fl::DynamicTest<UnscentedKalmanFilterTestConfiguration<10, 10, 20> > >]'
/home/amd_clmc/team/workspace/src/catkin/core-perception/fl/test/gaussian_filter/unscented_kalman_filter_test.cpp:79:1:   required from here
/home/amd_clmc/team/workspace/src/catkin/core-perception/fl/include/fl/filter/gaussian/gaussian_filter_nonlinear_generic.hpp:60:50: error: 'int' is not a class, struct, or union type
     typedef typename StateTransitionModel::State State;
                                                  ^
/home/amd_clmc/team/workspace/src/catkin/core-perception/fl/include/fl/filter/gaussian/gaussian_filter_nonlinear_generic.hpp:61:50: error: 'int' is not a class, struct, or union type
     typedef typename StateTransitionModel::Input Input;
                                                  ^
In file included from /home/amd_clmc/team/workspace/src/catkin/core-perception/fl/include/fl/util/meta/size_deduction.hpp:23:0,
                 from /home/amd_clmc/team/workspace/src/catkin/core-perception/fl/include/fl/util/meta.hpp:23,
                 from /home/amd_clmc/team/workspace/src/catkin/core-perception/fl/test/gaussian_filter/../typecast.hpp:23,
                 from /home/amd_clmc/team/workspace/src/catkin/core-perception/fl/test/gaussian_filter/multi_sensor_gaussian_filter_test.cpp:21:
/home/amd_clmc/team/workspace/src/catkin/core-perception/fl/include/fl/util/traits.hpp: In instantiation of 'struct fl::AdditivityOf<int>':
/home/amd_clmc/team/workspace/src/catkin/core-perception/fl/include/fl/filter/gaussian/multi_sensor_gaussian_filter.hpp:63:7:   required from 'class fl::MultiSensorGaussianFilter<int, fl::JointObservationModel<fl::MultipleOf<fl::LinearGaussianObservationModel<Eigen::Matrix<double, 2, 1, 0, 2, 1>, Eigen::Matrix<double, 6, 1, 0, 6, 1> >, 10> >, fl::UnscentedQuadrature>'
/home/amd_clmc/team/workspace/src/catkin/core-perception/fl/test/gaussian_filter/gaussian_filter_test_suite.hpp:245:53:   required from 'void gtest_case_GaussianFilterTest_::predict_loop<gtest_TypeParam_>::TestBody() [with gtest_TypeParam_ = fl::StaticTest<MultiSensorGfTestConfiguration<6, 1, 2, 10, 10> >]'
/home/amd_clmc/team/workspace/src/catkin/core-perception/fl/test/gaussian_filter/multi_sensor_gaussian_filter_test.cpp:92:41:   required from here
/home/amd_clmc/team/workspace/src/catkin/core-perception/fl/include/fl/util/traits.hpp:398:70: error: 'int' is not a class, struct, or union type
     typedef typename AdditivityOf<Model, typename Model::Type>::Type Type;
                                                                      ^
In file included from /home/amd_clmc/team/workspace/src/catkin/core-perception/fl/test/gaussian_filter/multi_sensor_gaussian_filter_test.cpp:25:0:
/home/amd_clmc/team/workspace/src/catkin/core-perception/fl/test/gaussian_filter/gaussian_filter_test_suite.hpp: In instantiation of 'void gtest_case_GaussianFilterTest_::predict_loop<gtest_TypeParam_>::TestBody() [with gtest_TypeParam_ = fl::StaticTest<MultiSensorGfTestConfiguration<6, 1, 2, 10, 10> >]':
/home/amd_clmc/team/workspace/src/catkin/core-perception/fl/test/gaussian_filter/multi_sensor_gaussian_filter_test.cpp:92:41:   required from here
/home/amd_clmc/team/workspace/src/catkin/core-perception/fl/test/gaussian_filter/gaussian_filter_test_suite.hpp:246:40: error: 'class fl::MultiSensorGaussianFilter<int, fl::JointObservationModel<fl::MultipleOf<fl::LinearGaussianObservationModel<Eigen::Matrix<double, 2, 1, 0, 2, 1>, Eigen::Matrix<double, 6, 1, 0, 6, 1> >, 10> >, fl::UnscentedQuadrature>' has no member named 'create_belief'
     auto belief = filter.create_belief();
                                        ^
/home/amd_clmc/team/workspace/src/catkin/core-perception/fl/test/gaussian_filter/gaussian_filter_test_suite.hpp:252:9: error: 'class fl::MultiSensorGaussianFilter<int, fl::JointObservationModel<fl::MultipleOf<fl::LinearGaussianObservationModel<Eigen::Matrix<double, 2, 1, 0, 2, 1>, Eigen::Matrix<double, 6, 1, 0, 6, 1> >, 10> >, fl::UnscentedQuadrature>' has no member named 'predict'
         filter.predict(belief, This::zero_input(filter), belief);
         ^
/home/amd_clmc/team/workspace/src/catkin/core-perception/fl/test/gaussian_filter/gaussian_filter_test_suite.hpp:252:55: error: 'zero_input' is not a member of 'This {aka GaussianFilterTest<fl::StaticTest<MultiSensorGfTestConfiguration<6, 1, 2, 10, 10> > >}'
         filter.predict(belief, This::zero_input(filter), belief);
                                                       ^
/home/amd_clmc/team/workspace/src/catkin/core-perception/fl/test/gaussian_filter/gaussian_filter_test_suite.hpp: In instantiation of 'void gtest_case_GaussianFilterTest_::predict_then_update<gtest_TypeParam_>::TestBody() [with gtest_TypeParam_ = fl::StaticTest<MultiSensorGfTestConfiguration<6, 1, 2, 10, 10> >]':
/home/amd_clmc/team/workspace/src/catkin/core-perception/fl/test/gaussian_filter/multi_sensor_gaussian_filter_test.cpp:92:41:   required from here
/home/amd_clmc/team/workspace/src/catkin/core-perception/fl/test/gaussian_filter/gaussian_filter_test_suite.hpp:205:40: error: 'class fl::MultiSensorGaussianFilter<int, fl::JointObservationModel<fl::MultipleOf<fl::LinearGaussianObservationModel<Eigen::Matrix<double, 2, 1, 0, 2, 1>, Eigen::Matrix<double, 6, 1, 0, 6, 1> >, 10> >, fl::UnscentedQuadrature>' has no member named 'create_belief'
     auto belief = filter.create_belief();
                                        ^
/home/amd_clmc/team/workspace/src/catkin/core-perception/fl/test/gaussian_filter/gaussian_filter_test_suite.hpp:215:9: error: 'class fl::MultiSensorGaussianFilter<int, fl::JointObservationModel<fl::MultipleOf<fl::LinearGaussianObservationModel<Eigen::Matrix<double, 2, 1, 0, 2, 1>, Eigen::Matrix<double, 6, 1, 0, 6, 1> >, 10> >, fl::UnscentedQuadrature>' has no member named 'predict'
         filter.predict(belief, This::zero_input(filter), belief);
         ^
/home/amd_clmc/team/workspace/src/catkin/core-perception/fl/test/gaussian_filter/gaussian_filter_test_suite.hpp:215:55: error: 'zero_input' is not a member of 'This {aka GaussianFilterTest<fl::StaticTest<MultiSensorGfTestConfiguration<6, 1, 2, 10, 10> > >}'
         filter.predict(belief, This::zero_input(filter), belief);
                                                       ^
/home/amd_clmc/team/workspace/src/catkin/core-perception/fl/test/gaussian_filter/gaussian_filter_test_suite.hpp:226:9: error: 'class fl::MultiSensorGaussianFilter<int, fl::JointObservationModel<fl::MultipleOf<fl::LinearGaussianObservationModel<Eigen::Matrix<double, 2, 1, 0, 2, 1>, Eigen::Matrix<double, 6, 1, 0, 6, 1> >, 10> >, fl::UnscentedQuadrature>' has no member named 'update'
         filter.update(belief, This::rand_obsrv(filter), belief);
         ^
In file included from /home/amd_clmc/team/workspace/src/catkin/core-perception/fl/test/gaussian_filter/multi_sensor_gaussian_filter_test.cpp:28:0:
/home/amd_clmc/team/workspace/src/catkin/core-perception/fl/include/fl/filter/gaussian/multi_sensor_gaussian_filter.hpp: In instantiation of 'std::string fl::MultiSensorGaussianFilter<StateTransitionFunction, JointObservationFunction, Quadrature>::name() const [with StateTransitionFunction = int; JointObservationFunction = fl::JointObservationModel<fl::MultipleOf<fl::LinearGaussianObservationModel<Eigen::Matrix<double, 2, 1, 0, 2, 1>, Eigen::Matrix<double, 6, 1, 0, 6, 1> >, 10> >; Quadrature = fl::UnscentedQuadrature; std::string = std::basic_string<char>]':
/home/amd_clmc/team/workspace/src/catkin/core-perception/fl/test/gaussian_filter/gaussian_filter_test_suite.hpp:203:5:   required from 'void gtest_case_GaussianFilterTest_::predict_then_update<gtest_TypeParam_>::TestBody() [with gtest_TypeParam_ = fl::StaticTest<MultiSensorGfTestConfiguration<6, 1, 2, 10, 10> >]'
/home/amd_clmc/team/workspace/src/catkin/core-perception/fl/test/gaussian_filter/multi_sensor_gaussian_filter_test.cpp:92:41:   required from here
/home/amd_clmc/team/workspace/src/catkin/core-perception/fl/include/fl/filter/gaussian/multi_sensor_gaussian_filter.hpp:113:45: error: 'const class fl::MultiSensorGaussianFilter<int, fl::JointObservationModel<fl::MultipleOf<fl::LinearGaussianObservationModel<Eigen::Matrix<double, 2, 1, 0, 2, 1>, Eigen::Matrix<double, 6, 1, 0, 6, 1> >, 10> >, fl::UnscentedQuadrature>' has no member named 'list_arguments'
         return "MultiSensorGaussianFilter<" +
                                             ^
In file included from /home/amd_clmc/team/workspace/src/catkin/core-perception/fl/test/gaussian_filter/multi_sensor_gaussian_filter_test.cpp:25:0:
/home/amd_clmc/team/workspace/src/catkin/core-perception/fl/test/gaussian_filter/gaussian_filter_test_suite.hpp: In instantiation of 'GaussianFilterTest<TestType>::ModelFactory::LinearStateTransition GaussianFilterTest<TestType>::ModelFactory::create_linear_state_model() [with TestType = fl::StaticTest<MultiSensorGfTestConfiguration<6, 1, 2, 10, 10> >; GaussianFilterTest<TestType>::ModelFactory::LinearStateTransition = int]':
/home/amd_clmc/team/workspace/src/catkin/core-perception/fl/test/gaussian_filter/multi_sensor_gaussian_filter_test.cpp:82:34:   required from 'static typename MultiSensorGfTestConfiguration<StateDimension, InputDimension, ObsrvDimension, Count, FilterIterations>::FilterDefinition<ModelFactory>::Type MultiSensorGfTestConfiguration<StateDimension, InputDimension, ObsrvDimension, Count, FilterIterations>::create_filter(ModelFactory&&) [with ModelFactory = GaussianFilterTest<fl::StaticTest<MultiSensorGfTestConfiguration<6, 1, 2, 10, 10> > >::ModelFactory; int StateDimension = 6; int InputDimension = 1; int ObsrvDimension = 2; int Count = 10; int FilterIterations = 10; typename MultiSensorGfTestConfiguration<StateDimension, InputDimension, ObsrvDimension, Count, FilterIterations>::FilterDefinition<ModelFactory>::Type = fl::MultiSensorGaussianFilter<int, fl::JointObservationModel<fl::MultipleOf<fl::LinearGaussianObservationModel<Eigen::Matrix<double, 2, 1, 0, 2, 1>, Eigen::Matrix<double, 6, 1, 0, 6, 1> >, 10> >, fl::UnscentedQuadrature>]'
/home/amd_clmc/team/workspace/src/catkin/core-perception/fl/test/gaussian_filter/gaussian_filter_test_suite.hpp:154:64:   required from 'GaussianFilterTest<TestType>::Filter GaussianFilterTest<TestType>::create_filter(GaussianFilterTest<TestType>::ModelSetup) const [with TestType = fl::StaticTest<MultiSensorGfTestConfiguration<6, 1, 2, 10, 10> >; GaussianFilterTest<TestType>::Filter = fl::MultiSensorGaussianFilter<int, fl::JointObservationModel<fl::MultipleOf<fl::LinearGaussianObservationModel<Eigen::Matrix<double, 2, 1, 0, 2, 1>, Eigen::Matrix<double, 6, 1, 0, 6, 1> >, 10> >, fl::UnscentedQuadrature>]'
/home/amd_clmc/team/workspace/src/catkin/core-perception/fl/test/gaussian_filter/gaussian_filter_test_suite.hpp:245:53:   required from 'void gtest_case_GaussianFilterTest_::predict_loop<gtest_TypeParam_>::TestBody() [with gtest_TypeParam_ = fl::StaticTest<MultiSensorGfTestConfiguration<6, 1, 2, 10, 10> >]'
/home/amd_clmc/team/workspace/src/catkin/core-perception/fl/test/gaussian_filter/multi_sensor_gaussian_filter_test.cpp:92:41:   required from here
/home/amd_clmc/team/workspace/src/catkin/core-perception/fl/test/gaussian_filter/gaussian_filter_test_suite.hpp:95:66: error: expression list treated as compound expression in functional cast [-fpermissive]
             auto model = LinearStateTransition(StateDim, InputDim);
                                                                  ^
/home/amd_clmc/team/workspace/src/catkin/core-perception/fl/test/gaussian_filter/gaussian_filter_test_suite.hpp:95:66: warning: left operand of comma operator has no effect [-Wunused-value]
/home/amd_clmc/team/workspace/src/catkin/core-perception/fl/include/fl/filter/gaussian/gaussian_filter_linear.hpp: In instantiation of 'struct fl::Traits<fl::GaussianFilter<int, fl::LinearGaussianObservationModel<Eigen::Matrix<double, 10, 1, 0, 10, 1>, Eigen::Matrix<double, 3, 1, 0, 3, 1> > > >':
/home/amd_clmc/team/workspace/src/catkin/core-perception/fl/test/gaussian_filter/gaussian_filter_test_suite.hpp:157:40:   required from 'class GaussianFilterTest<fl::StaticTest<KalmanFilterTestConfiguration<3, 3, 10> > >'
/home/amd_clmc/team/workspace/src/catkin/core-perception/fl/test/gaussian_filter/gaussian_filter_test_suite.hpp:241:1:   required from 'class gtest_case_GaussianFilterTest_::predict_loop<fl::StaticTest<KalmanFilterTestConfiguration<3, 3, 10> > >'
/usr/include/gtest/internal/gtest-internal.h:663:39:   required from 'static bool testing::internal::TypeParameterizedTest<Fixture, TestSel, Types>::Register(const char*, const char*, const char*, int) [with Fixture = GaussianFilterTest; TestSel = testing::internal::TemplateSel<gtest_case_GaussianFilterTest_::predict_loop>; Types = testing::internal::Types5<fl::StaticTest<KalmanFilterTestConfiguration<3, 3, 10> >, fl::StaticTest<KalmanFilterTestConfiguration<10, 10, 20> >, fl::DynamicTest<KalmanFilterTestConfiguration<3, 1, 2> >, fl::DynamicTest<KalmanFilterTestConfiguration<3, 3, 10> >, fl::DynamicTest<KalmanFilterTestConfiguration<10, 10, 20> > >]'
/usr/include/gtest/internal/gtest-internal.h:667:60:   required from 'static bool testing::internal::TypeParameterizedTest<Fixture, TestSel, Types>::Register(const char*, const char*, const char*, int) [with Fixture = GaussianFilterTest; TestSel = testing::internal::TemplateSel<gtest_case_GaussianFilterTest_::predict_loop>; Types = testing::internal::Types6<fl::StaticTest<KalmanFilterTestConfiguration<3, 1, 2> >, fl::StaticTest<KalmanFilterTestConfiguration<3, 3, 10> >, fl::StaticTest<KalmanFilterTestConfiguration<10, 10, 20> >, fl::DynamicTest<KalmanFilterTestConfiguration<3, 1, 2> >, fl::DynamicTest<KalmanFilterTestConfiguration<3, 3, 10> >, fl::DynamicTest<KalmanFilterTestConfiguration<10, 10, 20> > >]'
/usr/include/gtest/internal/gtest-internal.h:694:41:   required from 'static bool testing::internal::TypeParameterizedTestCase<Fixture, Tests, Types>::Register(const char*, const char*, const char*) [with Fixture = GaussianFilterTest; Tests = testing::internal::Templates1<gtest_case_GaussianFilterTest_::predict_loop>; Types = testing::internal::Types6<fl::StaticTest<KalmanFilterTestConfiguration<3, 1, 2> >, fl::StaticTest<KalmanFilterTestConfiguration<3, 3, 10> >, fl::StaticTest<KalmanFilterTestConfiguration<10, 10, 20> >, fl::DynamicTest<KalmanFilterTestConfiguration<3, 1, 2> >, fl::DynamicTest<KalmanFilterTestConfiguration<3, 3, 10> >, fl::DynamicTest<KalmanFilterTestConfiguration<10, 10, 20> > >]'
/usr/include/gtest/internal/gtest-internal.h:698:60:   required from 'static bool testing::internal::TypeParameterizedTestCase<Fixture, Tests, Types>::Register(const char*, const char*, const char*) [with Fixture = GaussianFilterTest; Tests = testing::internal::Templates2<gtest_case_GaussianFilterTest_::predict_then_update, gtest_case_GaussianFilterTest_::predict_loop>; Types = testing::internal::Types6<fl::StaticTest<KalmanFilterTestConfiguration<3, 1, 2> >, fl::StaticTest<KalmanFilterTestConfiguration<3, 3, 10> >, fl::StaticTest<KalmanFilterTestConfiguration<10, 10, 20> >, fl::DynamicTest<KalmanFilterTestConfiguration<3, 1, 2> >, fl::DynamicTest<KalmanFilterTestConfiguration<3, 3, 10> >, fl::DynamicTest<KalmanFilterTestConfiguration<10, 10, 20> > >]'
/home/amd_clmc/team/workspace/src/catkin/core-perception/fl/test/gaussian_filter/kalman_filter_test.cpp:74:1:   required from here
/home/amd_clmc/team/workspace/src/catkin/core-perception/fl/include/fl/filter/gaussian/gaussian_filter_linear.hpp:59:56: error: 'int' is not a class, struct, or union type
     typedef typename LinearStateTransitionModel::State State;
                                                        ^
/home/amd_clmc/team/workspace/src/catkin/core-perception/fl/include/fl/filter/gaussian/gaussian_filter_linear.hpp:60:56: error: 'int' is not a class, struct, or union type
     typedef typename LinearStateTransitionModel::Input Input;
                                                        ^
/home/amd_clmc/team/workspace/src/catkin/core-perception/fl/include/fl/filter/gaussian/gaussian_filter_nonlinear_generic.hpp:63:29: error: 'int' is not a class, struct, or union type
     typedef Gaussian<State> Belief;
                             ^
/home/amd_clmc/team/workspace/src/catkin/core-perception/fl/include/fl/filter/gaussian/gaussian_filter_linear.hpp:62:29: error: 'int' is not a class, struct, or union type
     typedef Gaussian<State> Belief;
                             ^
In file included from /home/amd_clmc/team/workspace/src/catkin/core-perception/fl/include/fl/util/meta/size_deduction.hpp:23:0,
                 from /home/amd_clmc/team/workspace/src/catkin/core-perception/fl/include/fl/util/meta.hpp:23,
                 from /home/amd_clmc/team/workspace/src/catkin/core-perception/fl/test/gaussian_filter/../typecast.hpp:23,
                 from /home/amd_clmc/team/workspace/src/catkin/core-perception/fl/test/gaussian_filter/unscented_kalman_filter_test.cpp:21:
/home/amd_clmc/team/workspace/src/catkin/core-perception/fl/include/fl/util/traits.hpp: In instantiation of 'struct fl::AdditivityOf<int>':
/home/amd_clmc/team/workspace/src/catkin/core-perception/fl/include/fl/filter/gaussian/gaussian_filter_nonlinear.hpp:58:7:   required from 'class fl::GaussianFilter<int, fl::LinearGaussianObservationModel<Eigen::Matrix<double, 10, 1, 0, 10, 1>, Eigen::Matrix<double, 3, 1, 0, 3, 1> >, fl::UnscentedQuadrature>'
/home/amd_clmc/team/workspace/src/catkin/core-perception/fl/test/gaussian_filter/gaussian_filter_test_suite.hpp:245:53:   required from 'void gtest_case_GaussianFilterTest_::predict_loop<gtest_TypeParam_>::TestBody() [with gtest_TypeParam_ = fl::StaticTest<UnscentedKalmanFilterTestConfiguration<3, 3, 10> >]'
/home/amd_clmc/team/workspace/src/catkin/core-perception/fl/test/gaussian_filter/unscented_kalman_filter_test.cpp:81:41:   required from here
/home/amd_clmc/team/workspace/src/catkin/core-perception/fl/include/fl/util/traits.hpp:398:70: error: 'int' is not a class, struct, or union type
     typedef typename AdditivityOf<Model, typename Model::Type>::Type Type;
                                                                      ^
In file included from /home/amd_clmc/team/workspace/src/catkin/core-perception/fl/test/gaussian_filter/unscented_kalman_filter_test.cpp:25:0:
/home/amd_clmc/team/workspace/src/catkin/core-perception/fl/test/gaussian_filter/gaussian_filter_test_suite.hpp: In instantiation of 'void gtest_case_GaussianFilterTest_::predict_loop<gtest_TypeParam_>::TestBody() [with gtest_TypeParam_ = fl::StaticTest<UnscentedKalmanFilterTestConfiguration<3, 3, 10> >]':
/home/amd_clmc/team/workspace/src/catkin/core-perception/fl/test/gaussian_filter/unscented_kalman_filter_test.cpp:81:41:   required from here
/home/amd_clmc/team/workspace/src/catkin/core-perception/fl/test/gaussian_filter/gaussian_filter_test_suite.hpp:246:40: error: 'class fl::GaussianFilter<int, fl::LinearGaussianObservationModel<Eigen::Matrix<double, 10, 1, 0, 10, 1>, Eigen::Matrix<double, 3, 1, 0, 3, 1> >, fl::UnscentedQuadrature>' has no member named 'create_belief'
     auto belief = filter.create_belief();
                                        ^
/home/amd_clmc/team/workspace/src/catkin/core-perception/fl/test/gaussian_filter/gaussian_filter_test_suite.hpp:252:9: error: 'class fl::GaussianFilter<int, fl::LinearGaussianObservationModel<Eigen::Matrix<double, 10, 1, 0, 10, 1>, Eigen::Matrix<double, 3, 1, 0, 3, 1> >, fl::UnscentedQuadrature>' has no member named 'predict'
         filter.predict(belief, This::zero_input(filter), belief);
         ^
/home/amd_clmc/team/workspace/src/catkin/core-perception/fl/test/gaussian_filter/gaussian_filter_test_suite.hpp:252:55: error: 'zero_input' is not a member of 'This {aka GaussianFilterTest<fl::StaticTest<UnscentedKalmanFilterTestConfiguration<3, 3, 10> > >}'
         filter.predict(belief, This::zero_input(filter), belief);
                                                       ^
/home/amd_clmc/team/workspace/src/catkin/core-perception/fl/test/gaussian_filter/gaussian_filter_test_suite.hpp: In instantiation of 'void gtest_case_GaussianFilterTest_::predict_loop<gtest_TypeParam_>::TestBody() [with gtest_TypeParam_ = fl::StaticTest<UnscentedKalmanFilterTestConfiguration<3, 1, 2> >]':
/home/amd_clmc/team/workspace/src/catkin/core-perception/fl/test/gaussian_filter/unscented_kalman_filter_test.cpp:81:41:   required from here
/home/amd_clmc/team/workspace/src/catkin/core-perception/fl/test/gaussian_filter/gaussian_filter_test_suite.hpp:246:40: error: 'class fl::GaussianFilter<int, fl::LinearGaussianObservationModel<Eigen::Matrix<double, 2, 1, 0, 2, 1>, Eigen::Matrix<double, 3, 1, 0, 3, 1> >, fl::UnscentedQuadrature>' has no member named 'create_belief'
     auto belief = filter.create_belief();
                                        ^
/home/amd_clmc/team/workspace/src/catkin/core-perception/fl/test/gaussian_filter/gaussian_filter_test_suite.hpp:252:9: error: 'class fl::GaussianFilter<int, fl::LinearGaussianObservationModel<Eigen::Matrix<double, 2, 1, 0, 2, 1>, Eigen::Matrix<double, 3, 1, 0, 3, 1> >, fl::UnscentedQuadrature>' has no member named 'predict'
         filter.predict(belief, This::zero_input(filter), belief);
         ^
/home/amd_clmc/team/workspace/src/catkin/core-perception/fl/test/gaussian_filter/gaussian_filter_test_suite.hpp:252:55: error: 'zero_input' is not a member of 'This {aka GaussianFilterTest<fl::StaticTest<UnscentedKalmanFilterTestConfiguration<3, 1, 2> > >}'
         filter.predict(belief, This::zero_input(filter), belief);
                                                       ^
In file included from /home/amd_clmc/team/workspace/src/catkin/core-perception/fl/include/fl/util/traits.hpp:26:0,
                 from /home/amd_clmc/team/workspace/src/catkin/core-perception/fl/include/fl/util/meta/size_deduction.hpp:23,
                 from /home/amd_clmc/team/workspace/src/catkin/core-perception/fl/include/fl/util/meta.hpp:23,
                 from /home/amd_clmc/team/workspace/src/catkin/core-perception/fl/test/gaussian_filter/../typecast.hpp:23,
                 from /home/amd_clmc/team/workspace/src/catkin/core-perception/fl/test/gaussian_filter/unscented_kalman_filter_test.cpp:21:
/home/amd_clmc/team/workspace/src/catkin/core-perception/fl/test/gaussian_filter/gaussian_filter_test_suite.hpp: In instantiation of 'void gtest_case_GaussianFilterTest_::predict_then_update<gtest_TypeParam_>::TestBody() [with gtest_TypeParam_ = fl::StaticTest<UnscentedKalmanFilterTestConfiguration<3, 1, 2> >]':
/home/amd_clmc/team/workspace/src/catkin/core-perception/fl/test/gaussian_filter/unscented_kalman_filter_test.cpp:81:41:   required from here
/home/amd_clmc/team/workspace/src/catkin/core-perception/fl/include/fl/util/profiling.hpp:61:43: error: 'class fl::GaussianFilter<int, fl::LinearGaussianObservationModel<Eigen::Matrix<double, 2, 1, 0, 2, 1>, Eigen::Matrix<double, 3, 1, 0, 3, 1> >, fl::UnscentedQuadrature>' has no member named 'name'
 #define PV(mat) std::cout << #mat << "\n" << mat << "\n\n";
                                           ^
/home/amd_clmc/team/workspace/src/catkin/core-perception/fl/test/gaussian_filter/gaussian_filter_test_suite.hpp:203:5: note: in expansion of macro 'PV'
     PV(filter.name());
     ^
In file included from /home/amd_clmc/team/workspace/src/catkin/core-perception/fl/test/gaussian_filter/unscented_kalman_filter_test.cpp:25:0:
/home/amd_clmc/team/workspace/src/catkin/core-perception/fl/test/gaussian_filter/gaussian_filter_test_suite.hpp:205:40: error: 'class fl::GaussianFilter<int, fl::LinearGaussianObservationModel<Eigen::Matrix<double, 2, 1, 0, 2, 1>, Eigen::Matrix<double, 3, 1, 0, 3, 1> >, fl::UnscentedQuadrature>' has no member named 'create_belief'
     auto belief = filter.create_belief();
                                        ^
/home/amd_clmc/team/workspace/src/catkin/core-perception/fl/test/gaussian_filter/gaussian_filter_test_suite.hpp:215:9: error: 'class fl::GaussianFilter<int, fl::LinearGaussianObservationModel<Eigen::Matrix<double, 2, 1, 0, 2, 1>, Eigen::Matrix<double, 3, 1, 0, 3, 1> >, fl::UnscentedQuadrature>' has no member named 'predict'
         filter.predict(belief, This::zero_input(filter), belief);
         ^
/home/amd_clmc/team/workspace/src/catkin/core-perception/fl/test/gaussian_filter/gaussian_filter_test_suite.hpp:215:55: error: 'zero_input' is not a member of 'This {aka GaussianFilterTest<fl::StaticTest<UnscentedKalmanFilterTestConfiguration<3, 1, 2> > >}'
         filter.predict(belief, This::zero_input(filter), belief);
                                                       ^
/home/amd_clmc/team/workspace/src/catkin/core-perception/fl/test/gaussian_filter/gaussian_filter_test_suite.hpp:226:9: error: 'class fl::GaussianFilter<int, fl::LinearGaussianObservationModel<Eigen::Matrix<double, 2, 1, 0, 2, 1>, Eigen::Matrix<double, 3, 1, 0, 3, 1> >, fl::UnscentedQuadrature>' has no member named 'update'
         filter.update(belief, This::rand_obsrv(filter), belief);
         ^
/home/amd_clmc/team/workspace/src/catkin/core-perception/fl/test/gaussian_filter/gaussian_filter_test_suite.hpp: In instantiation of 'GaussianFilterTest<TestType>::ModelFactory::LinearStateTransition GaussianFilterTest<TestType>::ModelFactory::create_linear_state_model() [with TestType = fl::StaticTest<UnscentedKalmanFilterTestConfiguration<3, 3, 10> >; GaussianFilterTest<TestType>::ModelFactory::LinearStateTransition = int]':
/home/amd_clmc/team/workspace/src/catkin/core-perception/fl/test/gaussian_filter/unscented_kalman_filter_test.cpp:66:34:   required from 'static typename UnscentedKalmanFilterTestConfiguration<StateDimension, InputDimension, ObsrvDimension, FilterIterations>::FilterDefinition<ModelFactory>::Type UnscentedKalmanFilterTestConfiguration<StateDimension, InputDimension, ObsrvDimension, FilterIterations>::create_filter(ModelFactory&&) [with ModelFactory = GaussianFilterTest<fl::StaticTest<UnscentedKalmanFilterTestConfiguration<3, 3, 10> > >::ModelFactory; int StateDimension = 3; int InputDimension = 3; int ObsrvDimension = 10; int FilterIterations = 100; typename UnscentedKalmanFilterTestConfiguration<StateDimension, InputDimension, ObsrvDimension, FilterIterations>::FilterDefinition<ModelFactory>::Type = fl::GaussianFilter<int, fl::LinearGaussianObservationModel<Eigen::Matrix<double, 10, 1, 0, 10, 1>, Eigen::Matrix<double, 3, 1, 0, 3, 1> >, fl::UnscentedQuadrature>]'
/home/amd_clmc/team/workspace/src/catkin/core-perception/fl/test/gaussian_filter/gaussian_filter_test_suite.hpp:154:64:   required from 'GaussianFilterTest<TestType>::Filter GaussianFilterTest<TestType>::create_filter(GaussianFilterTest<TestType>::ModelSetup) const [with TestType = fl::StaticTest<UnscentedKalmanFilterTestConfiguration<3, 3, 10> >; GaussianFilterTest<TestType>::Filter = fl::GaussianFilter<int, fl::LinearGaussianObservationModel<Eigen::Matrix<double, 10, 1, 0, 10, 1>, Eigen::Matrix<double, 3, 1, 0, 3, 1> >, fl::UnscentedQuadrature>]'
/home/amd_clmc/team/workspace/src/catkin/core-perception/fl/test/gaussian_filter/gaussian_filter_test_suite.hpp:245:53:   required from 'void gtest_case_GaussianFilterTest_::predict_loop<gtest_TypeParam_>::TestBody() [with gtest_TypeParam_ = fl::StaticTest<UnscentedKalmanFilterTestConfiguration<3, 3, 10> >]'
/home/amd_clmc/team/workspace/src/catkin/core-perception/fl/test/gaussian_filter/unscented_kalman_filter_test.cpp:81:41:   required from here
/home/amd_clmc/team/workspace/src/catkin/core-perception/fl/test/gaussian_filter/gaussian_filter_test_suite.hpp:95:66: error: expression list treated as compound expression in functional cast [-fpermissive]
             auto model = LinearStateTransition(StateDim, InputDim);
                                                                  ^
/home/amd_clmc/team/workspace/src/catkin/core-perception/fl/test/gaussian_filter/gaussian_filter_test_suite.hpp:95:66: warning: left operand of comma operator has no effect [-Wunused-value]
/home/amd_clmc/team/workspace/src/catkin/core-perception/fl/test/gaussian_filter/gaussian_filter_test_suite.hpp: In instantiation of 'GaussianFilterTest<TestType>::ModelFactory::LinearStateTransition GaussianFilterTest<TestType>::ModelFactory::create_linear_state_model() [with TestType = fl::StaticTest<UnscentedKalmanFilterTestConfiguration<3, 1, 2> >; GaussianFilterTest<TestType>::ModelFactory::LinearStateTransition = int]':
/home/amd_clmc/team/workspace/src/catkin/core-perception/fl/test/gaussian_filter/unscented_kalman_filter_test.cpp:66:34:   required from 'static typename UnscentedKalmanFilterTestConfiguration<StateDimension, InputDimension, ObsrvDimension, FilterIterations>::FilterDefinition<ModelFactory>::Type UnscentedKalmanFilterTestConfiguration<StateDimension, InputDimension, ObsrvDimension, FilterIterations>::create_filter(ModelFactory&&) [with ModelFactory = GaussianFilterTest<fl::StaticTest<UnscentedKalmanFilterTestConfiguration<3, 1, 2> > >::ModelFactory; int StateDimension = 3; int InputDimension = 1; int ObsrvDimension = 2; int FilterIterations = 100; typename UnscentedKalmanFilterTestConfiguration<StateDimension, InputDimension, ObsrvDimension, FilterIterations>::FilterDefinition<ModelFactory>::Type = fl::GaussianFilter<int, fl::LinearGaussianObservationModel<Eigen::Matrix<double, 2, 1, 0, 2, 1>, Eigen::Matrix<double, 3, 1, 0, 3, 1> >, fl::UnscentedQuadrature>]'
/home/amd_clmc/team/workspace/src/catkin/core-perception/fl/test/gaussian_filter/gaussian_filter_test_suite.hpp:154:64:   required from 'GaussianFilterTest<TestType>::Filter GaussianFilterTest<TestType>::create_filter(GaussianFilterTest<TestType>::ModelSetup) const [with TestType = fl::StaticTest<UnscentedKalmanFilterTestConfiguration<3, 1, 2> >; GaussianFilterTest<TestType>::Filter = fl::GaussianFilter<int, fl::LinearGaussianObservationModel<Eigen::Matrix<double, 2, 1, 0, 2, 1>, Eigen::Matrix<double, 3, 1, 0, 3, 1> >, fl::UnscentedQuadrature>]'
/home/amd_clmc/team/workspace/src/catkin/core-perception/fl/test/gaussian_filter/gaussian_filter_test_suite.hpp:245:53:   required from 'void gtest_case_GaussianFilterTest_::predict_loop<gtest_TypeParam_>::TestBody() [with gtest_TypeParam_ = fl::StaticTest<UnscentedKalmanFilterTestConfiguration<3, 1, 2> >]'
/home/amd_clmc/team/workspace/src/catkin/core-perception/fl/test/gaussian_filter/unscented_kalman_filter_test.cpp:81:41:   required from here
/home/amd_clmc/team/workspace/src/catkin/core-perception/fl/test/gaussian_filter/gaussian_filter_test_suite.hpp:95:66: error: expression list treated as compound expression in functional cast [-fpermissive]
/home/amd_clmc/team/workspace/src/catkin/core-perception/fl/test/gaussian_filter/gaussian_filter_test_suite.hpp:95:66: warning: left operand of comma operator has no effect [-Wunused-value]
In file included from /home/amd_clmc/team/workspace/src/catkin/core-perception/fl/include/fl/util/meta/size_deduction.hpp:23:0,
                 from /home/amd_clmc/team/workspace/src/catkin/core-perception/fl/include/fl/util/meta.hpp:23,
                 from /home/amd_clmc/team/workspace/src/catkin/core-perception/fl/test/gaussian_filter/../typecast.hpp:23,
                 from /home/amd_clmc/team/workspace/src/catkin/core-perception/fl/test/gaussian_filter/kalman_filter_test.cpp:21:
/home/amd_clmc/team/workspace/src/catkin/core-perception/fl/include/fl/util/traits.hpp: In instantiation of 'struct fl::ForwardLinearModelOnly<int>':
/home/amd_clmc/team/workspace/src/catkin/core-perception/fl/include/fl/filter/gaussian/gaussian_filter_linear.hpp:82:7:   required from 'class fl::GaussianFilter<int, fl::LinearGaussianObservationModel<Eigen::Matrix<double, 10, 1, 0, 10, 1>, Eigen::Matrix<double, 3, 1, 0, 3, 1> > >'
/home/amd_clmc/team/workspace/src/catkin/core-perception/fl/test/gaussian_filter/gaussian_filter_test_suite.hpp:245:53:   required from 'void gtest_case_GaussianFilterTest_::predict_loop<gtest_TypeParam_>::TestBody() [with gtest_TypeParam_ = fl::StaticTest<KalmanFilterTestConfiguration<3, 3, 10> >]'
/home/amd_clmc/team/workspace/src/catkin/core-perception/fl/test/gaussian_filter/kalman_filter_test.cpp:76:41:   required from here
/home/amd_clmc/team/workspace/src/catkin/core-perception/fl/include/fl/util/traits.hpp:436:5: error: static assertion failed: The specified model is not linear!
     static_assert(std::is_base_of<internal::LinearModelType, Model>::value,
     ^
In file included from /home/amd_clmc/team/workspace/src/catkin/core-perception/fl/test/gaussian_filter/kalman_filter_test.cpp:27:0:
/home/amd_clmc/team/workspace/src/catkin/core-perception/fl/include/fl/filter/gaussian/gaussian_filter_linear.hpp: In instantiation of 'class fl::GaussianFilter<int, fl::LinearGaussianObservationModel<Eigen::Matrix<double, 10, 1, 0, 10, 1>, Eigen::Matrix<double, 3, 1, 0, 3, 1> > >':
/home/amd_clmc/team/workspace/src/catkin/core-perception/fl/test/gaussian_filter/gaussian_filter_test_suite.hpp:245:53:   required from 'void gtest_case_GaussianFilterTest_::predict_loop<gtest_TypeParam_>::TestBody() [with gtest_TypeParam_ = fl::StaticTest<KalmanFilterTestConfiguration<3, 3, 10> >]'
/home/amd_clmc/team/workspace/src/catkin/core-perception/fl/test/gaussian_filter/kalman_filter_test.cpp:76:41:   required from here
/home/amd_clmc/team/workspace/src/catkin/core-perception/fl/include/fl/filter/gaussian/gaussian_filter_linear.hpp:94:56: error: 'int' is not a class, struct, or union type
     typedef typename LinearStateTransitionModel::State State;
                                                        ^
/home/amd_clmc/team/workspace/src/catkin/core-perception/fl/include/fl/filter/gaussian/gaussian_filter_linear.hpp:95:56: error: 'int' is not a class, struct, or union type
     typedef typename LinearStateTransitionModel::Input Input;
                                                        ^
/home/amd_clmc/team/workspace/src/catkin/core-perception/fl/include/fl/filter/gaussian/gaussian_filter_linear.hpp:103:29: error: 'int' is not a class, struct, or union type
     typedef Gaussian<State> Belief;
                             ^
In file included from /home/amd_clmc/team/workspace/src/catkin/core-perception/fl/test/gaussian_filter/kalman_filter_test.cpp:25:0:
/home/amd_clmc/team/workspace/src/catkin/core-perception/fl/test/gaussian_filter/gaussian_filter_test_suite.hpp: In instantiation of 'void gtest_case_GaussianFilterTest_::predict_loop<gtest_TypeParam_>::TestBody() [with gtest_TypeParam_ = fl::StaticTest<KalmanFilterTestConfiguration<3, 3, 10> >]':
/home/amd_clmc/team/workspace/src/catkin/core-perception/fl/test/gaussian_filter/kalman_filter_test.cpp:76:41:   required from here
/home/amd_clmc/team/workspace/src/catkin/core-perception/fl/test/gaussian_filter/gaussian_filter_test_suite.hpp:246:40: error: 'class fl::GaussianFilter<int, fl::LinearGaussianObservationModel<Eigen::Matrix<double, 10, 1, 0, 10, 1>, Eigen::Matrix<double, 3, 1, 0, 3, 1> > >' has no member named 'create_belief'
     auto belief = filter.create_belief();
                                        ^
/home/amd_clmc/team/workspace/src/catkin/core-perception/fl/test/gaussian_filter/gaussian_filter_test_suite.hpp:252:9: error: 'class fl::GaussianFilter<int, fl::LinearGaussianObservationModel<Eigen::Matrix<double, 10, 1, 0, 10, 1>, Eigen::Matrix<double, 3, 1, 0, 3, 1> > >' has no member named 'predict'
         filter.predict(belief, This::zero_input(filter), belief);
         ^
/home/amd_clmc/team/workspace/src/catkin/core-perception/fl/test/gaussian_filter/gaussian_filter_test_suite.hpp:252:55: error: 'zero_input' is not a member of 'This {aka GaussianFilterTest<fl::StaticTest<KalmanFilterTestConfiguration<3, 3, 10> > >}'
         filter.predict(belief, This::zero_input(filter), belief);
                                                       ^
In file included from /home/amd_clmc/team/workspace/src/catkin/core-perception/fl/test/gaussian_filter/kalman_filter_test.cpp:27:0:
/home/amd_clmc/team/workspace/src/catkin/core-perception/fl/include/fl/filter/gaussian/gaussian_filter_linear.hpp: In instantiation of 'class fl::GaussianFilter<int, fl::LinearGaussianObservationModel<Eigen::Matrix<double, 2, 1, 0, 2, 1>, Eigen::Matrix<double, 3, 1, 0, 3, 1> > >':
/home/amd_clmc/team/workspace/src/catkin/core-perception/fl/test/gaussian_filter/gaussian_filter_test_suite.hpp:245:53:   required from 'void gtest_case_GaussianFilterTest_::predict_loop<gtest_TypeParam_>::TestBody() [with gtest_TypeParam_ = fl::StaticTest<KalmanFilterTestConfiguration<3, 1, 2> >]'
/home/amd_clmc/team/workspace/src/catkin/core-perception/fl/test/gaussian_filter/kalman_filter_test.cpp:76:41:   required from here
/home/amd_clmc/team/workspace/src/catkin/core-perception/fl/include/fl/filter/gaussian/gaussian_filter_linear.hpp:94:56: error: 'int' is not a class, struct, or union type
     typedef typename LinearStateTransitionModel::State State;
                                                        ^
/home/amd_clmc/team/workspace/src/catkin/core-perception/fl/include/fl/filter/gaussian/gaussian_filter_linear.hpp:95:56: error: 'int' is not a class, struct, or union type
     typedef typename LinearStateTransitionModel::Input Input;
                                                        ^
/home/amd_clmc/team/workspace/src/catkin/core-perception/fl/include/fl/filter/gaussian/gaussian_filter_linear.hpp:103:29: error: 'int' is not a class, struct, or union type
     typedef Gaussian<State> Belief;
                             ^
In file included from /home/amd_clmc/team/workspace/src/catkin/core-perception/fl/test/gaussian_filter/kalman_filter_test.cpp:25:0:
/home/amd_clmc/team/workspace/src/catkin/core-perception/fl/test/gaussian_filter/gaussian_filter_test_suite.hpp: In instantiation of 'void gtest_case_GaussianFilterTest_::predict_loop<gtest_TypeParam_>::TestBody() [with gtest_TypeParam_ = fl::StaticTest<KalmanFilterTestConfiguration<3, 1, 2> >]':
/home/amd_clmc/team/workspace/src/catkin/core-perception/fl/test/gaussian_filter/kalman_filter_test.cpp:76:41:   required from here
/home/amd_clmc/team/workspace/src/catkin/core-perception/fl/test/gaussian_filter/gaussian_filter_test_suite.hpp:246:40: error: 'class fl::GaussianFilter<int, fl::LinearGaussianObservationModel<Eigen::Matrix<double, 2, 1, 0, 2, 1>, Eigen::Matrix<double, 3, 1, 0, 3, 1> > >' has no member named 'create_belief'
     auto belief = filter.create_belief();
                                        ^
/home/amd_clmc/team/workspace/src/catkin/core-perception/fl/test/gaussian_filter/gaussian_filter_test_suite.hpp:252:9: error: 'class fl::GaussianFilter<int, fl::LinearGaussianObservationModel<Eigen::Matrix<double, 2, 1, 0, 2, 1>, Eigen::Matrix<double, 3, 1, 0, 3, 1> > >' has no member named 'predict'
         filter.predict(belief, This::zero_input(filter), belief);
         ^
/home/amd_clmc/team/workspace/src/catkin/core-perception/fl/test/gaussian_filter/gaussian_filter_test_suite.hpp:252:55: error: 'zero_input' is not a member of 'This {aka GaussianFilterTest<fl::StaticTest<KalmanFilterTestConfiguration<3, 1, 2> > >}'
         filter.predict(belief, This::zero_input(filter), belief);
                                                       ^
/home/amd_clmc/team/workspace/src/catkin/core-perception/fl/test/gaussian_filter/gaussian_filter_test_suite.hpp: In instantiation of 'void gtest_case_GaussianFilterTest_::predict_then_update<gtest_TypeParam_>::TestBody() [with gtest_TypeParam_ = fl::StaticTest<KalmanFilterTestConfiguration<3, 1, 2> >]':
/home/amd_clmc/team/workspace/src/catkin/core-perception/fl/test/gaussian_filter/kalman_filter_test.cpp:76:41:   required from here
/home/amd_clmc/team/workspace/src/catkin/core-perception/fl/test/gaussian_filter/gaussian_filter_test_suite.hpp:205:40: error: 'class fl::GaussianFilter<int, fl::LinearGaussianObservationModel<Eigen::Matrix<double, 2, 1, 0, 2, 1>, Eigen::Matrix<double, 3, 1, 0, 3, 1> > >' has no member named 'create_belief'
     auto belief = filter.create_belief();
                                        ^
/home/amd_clmc/team/workspace/src/catkin/core-perception/fl/test/gaussian_filter/gaussian_filter_test_suite.hpp:215:9: error: 'class fl::GaussianFilter<int, fl::LinearGaussianObservationModel<Eigen::Matrix<double, 2, 1, 0, 2, 1>, Eigen::Matrix<double, 3, 1, 0, 3, 1> > >' has no member named 'predict'
         filter.predict(belief, This::zero_input(filter), belief);
         ^
/home/amd_clmc/team/workspace/src/catkin/core-perception/fl/test/gaussian_filter/gaussian_filter_test_suite.hpp:215:55: error: 'zero_input' is not a member of 'This {aka GaussianFilterTest<fl::StaticTest<KalmanFilterTestConfiguration<3, 1, 2> > >}'
         filter.predict(belief, This::zero_input(filter), belief);
                                                       ^
/home/amd_clmc/team/workspace/src/catkin/core-perception/fl/test/gaussian_filter/gaussian_filter_test_suite.hpp:226:9: error: 'class fl::GaussianFilter<int, fl::LinearGaussianObservationModel<Eigen::Matrix<double, 2, 1, 0, 2, 1>, Eigen::Matrix<double, 3, 1, 0, 3, 1> > >' has no member named 'update'
         filter.update(belief, This::rand_obsrv(filter), belief);
         ^
In file included from /home/amd_clmc/team/workspace/src/catkin/core-perception/fl/test/gaussian_filter/kalman_filter_test.cpp:27:0:
/home/amd_clmc/team/workspace/src/catkin/core-perception/fl/include/fl/filter/gaussian/gaussian_filter_linear.hpp: In instantiation of 'std::string fl::GaussianFilter<LinearStateTransitionModel, LinearObservationModel>::name() const [with LinearStateTransitionModel = int; LinearObservationModel = fl::LinearGaussianObservationModel<Eigen::Matrix<double, 2, 1>, Eigen::Matrix<double, 3, 1> >; std::string = std::basic_string<char>]':
/home/amd_clmc/team/workspace/src/catkin/core-perception/fl/test/gaussian_filter/gaussian_filter_test_suite.hpp:203:5:   required from 'void gtest_case_GaussianFilterTest_::predict_then_update<gtest_TypeParam_>::TestBody() [with gtest_TypeParam_ = fl::StaticTest<KalmanFilterTestConfiguration<3, 1, 2> >]'
/home/amd_clmc/team/workspace/src/catkin/core-perception/fl/test/gaussian_filter/kalman_filter_test.cpp:76:41:   required from here
/home/amd_clmc/team/workspace/src/catkin/core-perception/fl/include/fl/filter/gaussian/gaussian_filter_linear.hpp:204:17: error: request for member 'name' in 'fl::GaussianFilter<LinearStateTransitionModel, LinearObservationModel>::process_model<int, fl::LinearGaussianObservationModel<Eigen::Matrix<double, 2, 1>, Eigen::Matrix<double, 3, 1> > >()', which is of non-class type 'const int'
                 + this->list_arguments(
                 ^
In file included from /home/amd_clmc/team/workspace/src/catkin/core-perception/fl/test/gaussian_filter/kalman_filter_test.cpp:25:0:
/home/amd_clmc/team/workspace/src/catkin/core-perception/fl/test/gaussian_filter/gaussian_filter_test_suite.hpp: In instantiation of 'GaussianFilterTest<TestType>::ModelFactory::LinearStateTransition GaussianFilterTest<TestType>::ModelFactory::create_linear_state_model() [with TestType = fl::StaticTest<KalmanFilterTestConfiguration<3, 3, 10> >; GaussianFilterTest<TestType>::ModelFactory::LinearStateTransition = int]':
/home/amd_clmc/team/workspace/src/catkin/core-perception/fl/test/gaussian_filter/kalman_filter_test.cpp:60:47:   required from 'static typename KalmanFilterTestConfiguration<StateDimension, InputDimension, ObsrvDimension, FilterIterations>::FilterDefinition<ModelFactory>::Type KalmanFilterTestConfiguration<StateDimension, InputDimension, ObsrvDimension, FilterIterations>::create_filter(ModelFactory&&) [with ModelFactory = GaussianFilterTest<fl::StaticTest<KalmanFilterTestConfiguration<3, 3, 10> > >::ModelFactory; int StateDimension = 3; int InputDimension = 3; int ObsrvDimension = 10; int FilterIterations = 100; typename KalmanFilterTestConfiguration<StateDimension, InputDimension, ObsrvDimension, FilterIterations>::FilterDefinition<ModelFactory>::Type = fl::GaussianFilter<int, fl::LinearGaussianObservationModel<Eigen::Matrix<double, 10, 1, 0, 10, 1>, Eigen::Matrix<double, 3, 1, 0, 3, 1> > >]'
/home/amd_clmc/team/workspace/src/catkin/core-perception/fl/test/gaussian_filter/gaussian_filter_test_suite.hpp:154:64:   required from 'GaussianFilterTest<TestType>::Filter GaussianFilterTest<TestType>::create_filter(GaussianFilterTest<TestType>::ModelSetup) const [with TestType = fl::StaticTest<KalmanFilterTestConfiguration<3, 3, 10> >; GaussianFilterTest<TestType>::Filter = fl::GaussianFilter<int, fl::LinearGaussianObservationModel<Eigen::Matrix<double, 10, 1, 0, 10, 1>, Eigen::Matrix<double, 3, 1, 0, 3, 1> > >]'
/home/amd_clmc/team/workspace/src/catkin/core-perception/fl/test/gaussian_filter/gaussian_filter_test_suite.hpp:245:53:   required from 'void gtest_case_GaussianFilterTest_::predict_loop<gtest_TypeParam_>::TestBody() [with gtest_TypeParam_ = fl::StaticTest<KalmanFilterTestConfiguration<3, 3, 10> >]'
/home/amd_clmc/team/workspace/src/catkin/core-perception/fl/test/gaussian_filter/kalman_filter_test.cpp:76:41:   required from here
/home/amd_clmc/team/workspace/src/catkin/core-perception/fl/test/gaussian_filter/gaussian_filter_test_suite.hpp:95:66: error: expression list treated as compound expression in functional cast [-fpermissive]
             auto model = LinearStateTransition(StateDim, InputDim);
                                                                  ^
/home/amd_clmc/team/workspace/src/catkin/core-perception/fl/test/gaussian_filter/gaussian_filter_test_suite.hpp:95:66: warning: left operand of comma operator has no effect [-Wunused-value]
/home/amd_clmc/team/workspace/src/catkin/core-perception/fl/test/gaussian_filter/gaussian_filter_test_suite.hpp: In instantiation of 'GaussianFilterTest<TestType>::ModelFactory::LinearStateTransition GaussianFilterTest<TestType>::ModelFactory::create_linear_state_model() [with TestType = fl::StaticTest<KalmanFilterTestConfiguration<3, 1, 2> >; GaussianFilterTest<TestType>::ModelFactory::LinearStateTransition = int]':
/home/amd_clmc/team/workspace/src/catkin/core-perception/fl/test/gaussian_filter/kalman_filter_test.cpp:60:47:   required from 'static typename KalmanFilterTestConfiguration<StateDimension, InputDimension, ObsrvDimension, FilterIterations>::FilterDefinition<ModelFactory>::Type KalmanFilterTestConfiguration<StateDimension, InputDimension, ObsrvDimension, FilterIterations>::create_filter(ModelFactory&&) [with ModelFactory = GaussianFilterTest<fl::StaticTest<KalmanFilterTestConfiguration<3, 1, 2> > >::ModelFactory; int StateDimension = 3; int InputDimension = 1; int ObsrvDimension = 2; int FilterIterations = 100; typename KalmanFilterTestConfiguration<StateDimension, InputDimension, ObsrvDimension, FilterIterations>::FilterDefinition<ModelFactory>::Type = fl::GaussianFilter<int, fl::LinearGaussianObservationModel<Eigen::Matrix<double, 2, 1, 0, 2, 1>, Eigen::Matrix<double, 3, 1, 0, 3, 1> > >]'
/home/amd_clmc/team/workspace/src/catkin/core-perception/fl/test/gaussian_filter/gaussian_filter_test_suite.hpp:154:64:   required from 'GaussianFilterTest<TestType>::Filter GaussianFilterTest<TestType>::create_filter(GaussianFilterTest<TestType>::ModelSetup) const [with TestType = fl::StaticTest<KalmanFilterTestConfiguration<3, 1, 2> >; GaussianFilterTest<TestType>::Filter = fl::GaussianFilter<int, fl::LinearGaussianObservationModel<Eigen::Matrix<double, 2, 1, 0, 2, 1>, Eigen::Matrix<double, 3, 1, 0, 3, 1> > >]'
/home/amd_clmc/team/workspace/src/catkin/core-perception/fl/test/gaussian_filter/gaussian_filter_test_suite.hpp:245:53:   required from 'void gtest_case_GaussianFilterTest_::predict_loop<gtest_TypeParam_>::TestBody() [with gtest_TypeParam_ = fl::StaticTest<KalmanFilterTestConfiguration<3, 1, 2> >]'
/home/amd_clmc/team/workspace/src/catkin/core-perception/fl/test/gaussian_filter/kalman_filter_test.cpp:76:41:   required from here
/home/amd_clmc/team/workspace/src/catkin/core-perception/fl/test/gaussian_filter/gaussian_filter_test_suite.hpp:95:66: error: expression list treated as compound expression in functional cast [-fpermissive]
/home/amd_clmc/team/workspace/src/catkin/core-perception/fl/test/gaussian_filter/gaussian_filter_test_suite.hpp:95:66: warning: left operand of comma operator has no effect [-Wunused-value]
In file included from /home/amd_clmc/team/workspace/src/catkin/core-perception/fl/test/gaussian_filter/multi_sensor_gaussian_filter_test.cpp:28:0:
/home/amd_clmc/team/workspace/src/catkin/core-perception/fl/include/fl/filter/gaussian/multi_sensor_gaussian_filter.hpp: In instantiation of 'std::string fl::MultiSensorGaussianFilter<StateTransitionFunction, JointObservationFunction, Quadrature>::description() const [with StateTransitionFunction = int; JointObservationFunction = fl::JointObservationModel<fl::MultipleOf<fl::LinearGaussianObservationModel<Eigen::Matrix<double, 2, 1, 0, 2, 1>, Eigen::Matrix<double, 6, 1, 0, 6, 1> >, 10> >; Quadrature = fl::UnscentedQuadrature; std::string = std::basic_string<char>]':
/home/amd_clmc/team/workspace/src/catkin/core-perception/fl/test/gaussian_filter/multi_sensor_gaussian_filter_test.cpp:92:41:   required from here
/home/amd_clmc/team/workspace/src/catkin/core-perception/fl/include/fl/filter/gaussian/multi_sensor_gaussian_filter.hpp:119:52: error: 'const class fl::MultiSensorGaussianFilter<int, fl::JointObservationModel<fl::MultipleOf<fl::LinearGaussianObservationModel<Eigen::Matrix<double, 2, 1, 0, 2, 1>, Eigen::Matrix<double, 6, 1, 0, 6, 1> >, 10> >, fl::UnscentedQuadrature>' has no member named 'list_descriptions'
         return "Multi-Sensor Gaussian Filter with" +
                                                    ^
In file included from /home/amd_clmc/team/workspace/src/catkin/core-perception/fl/test/gaussian_filter/robust_multi_sensor_gaussian_filter_test.cpp:25:0:
/home/amd_clmc/team/workspace/src/catkin/core-perception/fl/test/gaussian_filter/gaussian_filter_test_suite.hpp:87:17: error: wrong number of template arguments (2, should be 3)
                 > LinearStateTransition;
                 ^
In file included from /home/amd_clmc/team/workspace/src/catkin/core-perception/fl/test/gaussian_filter/gaussian_filter_test_suite.hpp:35:0,
                 from /home/amd_clmc/team/workspace/src/catkin/core-perception/fl/test/gaussian_filter/robust_multi_sensor_gaussian_filter_test.cpp:25:
/home/amd_clmc/team/workspace/src/catkin/core-perception/fl/include/fl/model/process/linear_state_transition_model.hpp:42:7: error: provided for 'template<class State_, class Noise_, class Input_> class fl::LinearStateTransitionModel'
 class LinearStateTransitionModel
       ^
In file included from /home/amd_clmc/team/workspace/src/catkin/core-perception/fl/test/gaussian_filter/robust_multi_sensor_gaussian_filter_test.cpp:25:0:
/home/amd_clmc/team/workspace/src/catkin/core-perception/fl/test/gaussian_filter/gaussian_filter_test_suite.hpp: In member function 'GaussianFilterTest<TestType>::ModelFactory::LinearStateTransition GaussianFilterTest<TestType>::ModelFactory::create_linear_state_model()':
/home/amd_clmc/team/workspace/src/catkin/core-perception/fl/test/gaussian_filter/gaussian_filter_test_suite.hpp:97:28: error: request for member 'create_dynamics_matrix' in 'model', which is of non-class type 'int'
             auto A = model.create_dynamics_matrix();
                            ^
/home/amd_clmc/team/workspace/src/catkin/core-perception/fl/test/gaussian_filter/gaussian_filter_test_suite.hpp:98:28: error: request for member 'create_noise_matrix' in 'model', which is of non-class type 'int'
             auto Q = model.create_noise_matrix();
                            ^
/home/amd_clmc/team/workspace/src/catkin/core-perception/fl/test/gaussian_filter/gaussian_filter_test_suite.hpp:113:19: error: request for member 'dynamics_matrix' in 'model', which is of non-class type 'int'
             model.dynamics_matrix(A);
                   ^
/home/amd_clmc/team/workspace/src/catkin/core-perception/fl/test/gaussian_filter/gaussian_filter_test_suite.hpp:114:19: error: request for member 'noise_matrix' in 'model', which is of non-class type 'int'
             model.noise_matrix(Q);
                   ^
In file included from /home/amd_clmc/team/workspace/src/catkin/core-perception/fl/test/gaussian_filter/robust_gaussian_filter_test.cpp:25:0:
/home/amd_clmc/team/workspace/src/catkin/core-perception/fl/test/gaussian_filter/gaussian_filter_test_suite.hpp:87:17: error: wrong number of template arguments (2, should be 3)
                 > LinearStateTransition;
                 ^
In file included from /home/amd_clmc/team/workspace/src/catkin/core-perception/fl/test/gaussian_filter/gaussian_filter_test_suite.hpp:35:0,
                 from /home/amd_clmc/team/workspace/src/catkin/core-perception/fl/test/gaussian_filter/robust_gaussian_filter_test.cpp:25:
/home/amd_clmc/team/workspace/src/catkin/core-perception/fl/include/fl/model/process/linear_state_transition_model.hpp:42:7: error: provided for 'template<class State_, class Noise_, class Input_> class fl::LinearStateTransitionModel'
 class LinearStateTransitionModel
       ^
In file included from /home/amd_clmc/team/workspace/src/catkin/core-perception/fl/test/gaussian_filter/robust_gaussian_filter_test.cpp:25:0:
/home/amd_clmc/team/workspace/src/catkin/core-perception/fl/test/gaussian_filter/gaussian_filter_test_suite.hpp: In member function 'GaussianFilterTest<TestType>::ModelFactory::LinearStateTransition GaussianFilterTest<TestType>::ModelFactory::create_linear_state_model()':
/home/amd_clmc/team/workspace/src/catkin/core-perception/fl/test/gaussian_filter/gaussian_filter_test_suite.hpp:97:28: error: request for member 'create_dynamics_matrix' in 'model', which is of non-class type 'int'
             auto A = model.create_dynamics_matrix();
                            ^
/home/amd_clmc/team/workspace/src/catkin/core-perception/fl/test/gaussian_filter/gaussian_filter_test_suite.hpp:98:28: error: request for member 'create_noise_matrix' in 'model', which is of non-class type 'int'
             auto Q = model.create_noise_matrix();
                            ^
/home/amd_clmc/team/workspace/src/catkin/core-perception/fl/test/gaussian_filter/gaussian_filter_test_suite.hpp:113:19: error: request for member 'dynamics_matrix' in 'model', which is of non-class type 'int'
             model.dynamics_matrix(A);
                   ^
/home/amd_clmc/team/workspace/src/catkin/core-perception/fl/test/gaussian_filter/gaussian_filter_test_suite.hpp:114:19: error: request for member 'noise_matrix' in 'model', which is of non-class type 'int'
             model.noise_matrix(Q);
                   ^
In file included from /usr/include/eigen3/Eigen/Core:254:0,
                 from /usr/include/eigen3/Eigen/Dense:1,
                 from /home/amd_clmc/team/workspace/src/catkin/core-perception/fl/include/fl/util/types.hpp:23,
                 from /home/amd_clmc/team/workspace/build/catkin/core-perception/fl/test/gaussian_filter/gaussian_filter_linear_vs_unscented_kalman_filter_test_StaticTest_2_4_200_DecorrelatedGaussianModel_NonAdditive_NonAdditive.cpp:22:
/usr/include/eigen3/Eigen/src/Core/DenseStorage.h: In instantiation of 'Eigen::internal::plain_array<T, Size, MatrixOrArrayOptions, 16>::plain_array() [with T = double; int Size = 81000; int MatrixOrArrayOptions = 0]':
/usr/include/eigen3/Eigen/src/Core/DenseStorage.h:120:59:   required from 'Eigen::DenseStorage<T, Size, _Rows, _Cols, _Options>::DenseStorage(Eigen::DenseIndex, Eigen::DenseIndex, Eigen::DenseIndex) [with T = double; int Size = 81000; int _Rows = 200; int _Cols = 405; int _Options = 0; Eigen::DenseIndex = long int]'
/usr/include/eigen3/Eigen/src/Core/PlainObjectBase.h:438:41:   required from 'Eigen::PlainObjectBase<Derived>::PlainObjectBase(Eigen::PlainObjectBase<Derived>::Index, Eigen::PlainObjectBase<Derived>::Index, Eigen::PlainObjectBase<Derived>::Index) [with Derived = Eigen::Matrix<double, 200, 405, 0, 200, 405>; Eigen::PlainObjectBase<Derived>::Index = long int]'
/usr/include/eigen3/Eigen/src/Core/Matrix.h:285:75:   required from 'Eigen::Matrix<_Scalar, _Rows, _Cols, _Options, _MaxRows, _MaxCols>::Matrix(const Eigen::Matrix<_Scalar, _Rows, _Cols, _Options, _MaxRows, _MaxCols>&) [with _Scalar = double; int _Rows = 200; int _Cols = 405; int _Options = 0; int _MaxRows = 200; int _MaxCols = 405]'
/home/amd_clmc/team/workspace/src/catkin/core-perception/fl/include/fl/filter/gaussian/transform/point_set.hpp:158:7:   required from 'void gtest_case_GaussianFilterLinearVsXTest_::predict_and_update<gtest_TypeParam_>::TestBody() [with gtest_TypeParam_ = fl::StaticTest<UkfTestConfig<2, 4, 200, 0, fl::NonAdditive, fl::NonAdditive> >]'
/home/amd_clmc/team/workspace/build/catkin/core-perception/fl/test/gaussian_filter/gaussian_filter_linear_vs_unscented_kalman_filter_test_StaticTest_2_4_200_DecorrelatedGaussianModel_NonAdditive_NonAdditive.cpp:41:15:   required from here
/usr/include/eigen3/Eigen/src/Core/util/StaticAssert.h:32:40: error: static assertion failed: OBJECT_ALLOCATED_ON_STACK_IS_TOO_BIG
     #define EIGEN_STATIC_ASSERT(X,MSG) static_assert(X,#MSG);
                                        ^
/usr/include/eigen3/Eigen/src/Core/DenseStorage.h:79:5: note: in expansion of macro 'EIGEN_STATIC_ASSERT'
     EIGEN_STATIC_ASSERT(Size * sizeof(T) <= 128 * 128 * 8, OBJECT_ALLOCATED_ON_STACK_IS_TOO_BIG);
     ^
/usr/include/eigen3/Eigen/src/Core/DenseStorage.h: In instantiation of 'Eigen::internal::plain_array<T, Size, MatrixOrArrayOptions, 16>::plain_array() [with T = double; int Size = 40000; int MatrixOrArrayOptions = 0]':
/usr/include/eigen3/Eigen/src/Core/DenseStorage.h:120:59:   required from 'Eigen::DenseStorage<T, Size, _Rows, _Cols, _Options>::DenseStorage(Eigen::DenseIndex, Eigen::DenseIndex, Eigen::DenseIndex) [with T = double; int Size = 40000; int _Rows = 200; int _Cols = 200; int _Options = 0; Eigen::DenseIndex = long int]'
/usr/include/eigen3/Eigen/src/Core/PlainObjectBase.h:438:41:   required from 'Eigen::PlainObjectBase<Derived>::PlainObjectBase(Eigen::PlainObjectBase<Derived>::Index, Eigen::PlainObjectBase<Derived>::Index, Eigen::PlainObjectBase<Derived>::Index) [with Derived = Eigen::Matrix<double, 200, 200, 0, 200, 200>; Eigen::PlainObjectBase<Derived>::Index = long int]'
/usr/include/eigen3/Eigen/src/Core/Matrix.h:285:75:   required from 'Eigen::Matrix<_Scalar, _Rows, _Cols, _Options, _MaxRows, _MaxCols>::Matrix(const Eigen::Matrix<_Scalar, _Rows, _Cols, _Options, _MaxRows, _MaxCols>&) [with _Scalar = double; int _Rows = 200; int _Cols = 200; int _Options = 0; int _MaxRows = 200; int _MaxCols = 200]'
/home/amd_clmc/team/workspace/src/catkin/core-perception/fl/include/fl/distribution/gaussian.hpp:128:7:   required from 'void gtest_case_GaussianFilterLinearVsXTest_::predict_and_update<gtest_TypeParam_>::TestBody() [with gtest_TypeParam_ = fl::StaticTest<UkfTestConfig<2, 4, 200, 0, fl::NonAdditive, fl::NonAdditive> >]'
/home/amd_clmc/team/workspace/build/catkin/core-perception/fl/test/gaussian_filter/gaussian_filter_linear_vs_unscented_kalman_filter_test_StaticTest_2_4_200_DecorrelatedGaussianModel_NonAdditive_NonAdditive.cpp:41:15:   required from here
/usr/include/eigen3/Eigen/src/Core/util/StaticAssert.h:32:40: error: static assertion failed: OBJECT_ALLOCATED_ON_STACK_IS_TOO_BIG
     #define EIGEN_STATIC_ASSERT(X,MSG) static_assert(X,#MSG);
                                        ^
/usr/include/eigen3/Eigen/src/Core/DenseStorage.h:79:5: note: in expansion of macro 'EIGEN_STATIC_ASSERT'
     EIGEN_STATIC_ASSERT(Size * sizeof(T) <= 128 * 128 * 8, OBJECT_ALLOCATED_ON_STACK_IS_TOO_BIG);
     ^
In file included from /usr/include/eigen3/Eigen/Core:254:0,
                 from /usr/include/eigen3/Eigen/Dense:1,
                 from /home/amd_clmc/team/workspace/src/catkin/core-perception/fl/include/fl/util/types.hpp:23,
                 from /home/amd_clmc/team/workspace/build/catkin/core-perception/fl/test/gaussian_filter/gaussian_filter_linear_vs_unscented_kalman_filter_test_StaticTest_20_4_200_DecorrelatedGaussianModel_NonAdditive_AdditiveUncorrelated.cpp:22:
/usr/include/eigen3/Eigen/src/Core/DenseStorage.h: In instantiation of 'Eigen::internal::plain_array<T, Size, MatrixOrArrayOptions, 16>::plain_array() [with T = double; int Size = 40000; int MatrixOrArrayOptions = 0]':
/usr/include/eigen3/Eigen/src/Core/DenseStorage.h:120:59:   required from 'Eigen::DenseStorage<T, Size, _Rows, _Cols, _Options>::DenseStorage(Eigen::DenseIndex, Eigen::DenseIndex, Eigen::DenseIndex) [with T = double; int Size = 40000; int _Rows = 200; int _Cols = 200; int _Options = 0; Eigen::DenseIndex = long int]'
/usr/include/eigen3/Eigen/src/Core/PlainObjectBase.h:438:41:   required from 'Eigen::PlainObjectBase<Derived>::PlainObjectBase(Eigen::PlainObjectBase<Derived>::Index, Eigen::PlainObjectBase<Derived>::Index, Eigen::PlainObjectBase<Derived>::Index) [with Derived = Eigen::Matrix<double, 200, 200, 0, 200, 200>; Eigen::PlainObjectBase<Derived>::Index = long int]'
/usr/include/eigen3/Eigen/src/Core/Matrix.h:285:75:   required from 'Eigen::Matrix<_Scalar, _Rows, _Cols, _Options, _MaxRows, _MaxCols>::Matrix(const Eigen::Matrix<_Scalar, _Rows, _Cols, _Options, _MaxRows, _MaxCols>&) [with _Scalar = double; int _Rows = 200; int _Cols = 200; int _Options = 0; int _MaxRows = 200; int _MaxCols = 200]'
/home/amd_clmc/team/workspace/src/catkin/core-perception/fl/test/gaussian_filter/gaussian_filter_linear_vs_x_test_suite.hpp:128:66:   required from 'void GaussianFilterLinearVsXTest<TestType>::setup_models(GaussianFilterLinearVsXTest<TestType>::KalmanFilter&, GaussianFilterLinearVsXTest<TestType>::Filter&, GaussianFilterLinearVsXTest<TestType>::ModelSetup) [with TestType = fl::StaticTest<UkfTestConfig<20, 4, 200, 0, fl::NonAdditive, fl::AdditiveUncorrelated> >; GaussianFilterLinearVsXTest<TestType>::KalmanFilter = fl::GaussianFilter<fl::LinearStateTransitionModel<Eigen::Matrix<double, 20, 1, 0, 20, 1>, Eigen::Matrix<double, 20, 1, 0, 20, 1>, Eigen::Matrix<double, 4, 1, 0, 4, 1> >, fl::LinearDecorrelatedGaussianObservationModel<Eigen::Matrix<double, 200, 1, 0, 200, 1>, Eigen::Matrix<double, 20, 1, 0, 20, 1> > >; typename fl::IntegerTypeMap<fl::IntegerTypePair<0, fl::LinearDecorrelatedGaussianObservationModel<Eigen::Matrix<double, ObsrvSize, 1, (AutoAlign | (((ObsrvSize == 1) && (1 != 1)) ? RowMajor : (((1 == 1) && (ObsrvSize != 1)) ? ColMajor :  ColMajor))), ObsrvSize, 1>, Eigen::Matrix<double, StateSize, 1, (AutoAlign | (((StateSize == 1) && (1 != 1)) ? RowMajor : (((1 == 1) && (StateSize != 1)) ? ColMajor :  ColMajor))), StateSize, 1> > >, fl::IntegerTypePair<1, fl::LinearGaussianObservationModel<Eigen::Matrix<double, ObsrvSize, 1, (AutoAlign | (((ObsrvSize == 1) && (1 != 1)) ? RowMajor : (((1 == 1) && (ObsrvSize != 1)) ? ColMajor :  ColMajor))), ObsrvSize, 1>, Eigen::Matrix<double, StateSize, 1, (AutoAlign | (((StateSize == 1) && (1 != 1)) ? RowMajor : (((1 == 1) && (StateSize != 1)) ? ColMajor :  ColMajor))), StateSize, 1> > > >::Select<typename TestType::Parameter:: SelectedModel>::Type = fl::LinearDecorrelatedGaussianObservationModel<Eigen::Matrix<double, 200, 1, 0, 200, 1>, Eigen::Matrix<double, 20, 1, 0, 20, 1> >; GaussianFilterLinearVsXTest<TestType>::Filter = fl::GaussianFilter<fl::LinearStateTransitionModel<Eigen::Matrix<double, 20, 1, 0, 20, 1>, Eigen::Matrix<double, 20, 1, 0, 20, 1>, Eigen::Matrix<double, 4, 1, 0, 4, 1> >, fl::LinearDecorrelatedGaussianObservationModel<Eigen::Matrix<double, 200, 1, 0, 200, 1>, Eigen::Matrix<double, 20, 1, 0, 20, 1> >, fl::UnscentedQuadrature, fl::SigmaPointPredictPolicy<fl::UnscentedQuadrature, fl::NonAdditive<fl::LinearStateTransitionModel<Eigen::Matrix<double, 20, 1, 0, 20, 1>, Eigen::Matrix<double, 20, 1, 0, 20, 1>, Eigen::Matrix<double, 4, 1, 0, 4, 1> > > >, fl::SigmaPointUpdatePolicy<fl::UnscentedQuadrature, fl::AdditiveUncorrelated<fl::LinearDecorrelatedGaussianObservationModel<Eigen::Matrix<double, 200, 1, 0, 200, 1>, Eigen::Matrix<double, 20, 1, 0, 20, 1> > > > >]'
/home/amd_clmc/team/workspace/src/catkin/core-perception/fl/test/gaussian_filter/gaussian_filter_linear_vs_x_test_suite.hpp:230:65:   required from 'void gtest_case_GaussianFilterLinearVsXTest_::predict_and_update<gtest_TypeParam_>::TestBody() [with gtest_TypeParam_ = fl::StaticTest<UkfTestConfig<20, 4, 200, 0, fl::NonAdditive, fl::AdditiveUncorrelated> >]'
/home/amd_clmc/team/workspace/build/catkin/core-perception/fl/test/gaussian_filter/gaussian_filter_linear_vs_unscented_kalman_filter_test_StaticTest_20_4_200_DecorrelatedGaussianModel_NonAdditive_AdditiveUncorrelated.cpp:41:15:   required from here
/usr/include/eigen3/Eigen/src/Core/util/StaticAssert.h:32:40: error: static assertion failed: OBJECT_ALLOCATED_ON_STACK_IS_TOO_BIG
     #define EIGEN_STATIC_ASSERT(X,MSG) static_assert(X,#MSG);
                                        ^
/usr/include/eigen3/Eigen/src/Core/DenseStorage.h:79:5: note: in expansion of macro 'EIGEN_STATIC_ASSERT'
     EIGEN_STATIC_ASSERT(Size * sizeof(T) <= 128 * 128 * 8, OBJECT_ALLOCATED_ON_STACK_IS_TOO_BIG);
     ^
/home/amd_clmc/team/workspace/src/catkin/core-perception/fl/include/fl/filter/gaussian/multi_sensor_gaussian_filter.hpp: In member function 'std::string fl::MultiSensorGaussianFilter<StateTransitionFunction, JointObservationFunction, Quadrature>::description() const [with StateTransitionFunction = int; JointObservationFunction = fl::JointObservationModel<fl::MultipleOf<fl::LinearGaussianObservationModel<Eigen::Matrix<double, 2, 1, 0, 2, 1>, Eigen::Matrix<double, 6, 1, 0, 6, 1> >, 10> >; Quadrature = fl::UnscentedQuadrature; std::string = std::basic_string<char>]':
/home/amd_clmc/team/workspace/src/catkin/core-perception/fl/include/fl/filter/gaussian/multi_sensor_gaussian_filter.hpp:121:5: warning: control reaches end of non-void function [-Wreturn-type]
     }
     ^
/home/amd_clmc/team/workspace/src/catkin/core-perception/fl/include/fl/filter/gaussian/multi_sensor_gaussian_filter.hpp: In member function 'std::string fl::MultiSensorGaussianFilter<StateTransitionFunction, JointObservationFunction, Quadrature>::name() const [with StateTransitionFunction = int; JointObservationFunction = fl::JointObservationModel<fl::MultipleOf<fl::LinearGaussianObservationModel<Eigen::Matrix<double, 2, 1, 0, 2, 1>, Eigen::Matrix<double, 6, 1, 0, 6, 1> >, 10> >; Quadrature = fl::UnscentedQuadrature; std::string = std::basic_string<char>]':
/home/amd_clmc/team/workspace/src/catkin/core-perception/fl/include/fl/filter/gaussian/multi_sensor_gaussian_filter.hpp:115:5: warning: control reaches end of non-void function [-Wreturn-type]
     }
     ^
/usr/include/eigen3/Eigen/src/Core/DenseStorage.h: In instantiation of 'Eigen::internal::plain_array<T, Size, MatrixOrArrayOptions, 16>::plain_array() [with T = double; int Size = 40000; int MatrixOrArrayOptions = 1]':
/usr/include/eigen3/Eigen/src/Core/DenseStorage.h:120:59:   required from 'Eigen::DenseStorage<T, Size, _Rows, _Cols, _Options>::DenseStorage(Eigen::DenseIndex, Eigen::DenseIndex, Eigen::DenseIndex) [with T = double; int Size = 40000; int _Rows = 200; int _Cols = 200; int _Options = 1; Eigen::DenseIndex = long int]'
/usr/include/eigen3/Eigen/src/Core/PlainObjectBase.h:438:41:   required from 'Eigen::PlainObjectBase<Derived>::PlainObjectBase(Eigen::PlainObjectBase<Derived>::Index, Eigen::PlainObjectBase<Derived>::Index, Eigen::PlainObjectBase<Derived>::Index) [with Derived = Eigen::Matrix<double, 200, 200, 1, 200, 200>; Eigen::PlainObjectBase<Derived>::Index = long int]'
/usr/include/eigen3/Eigen/src/Core/Matrix.h:273:76:   required from 'Eigen::Matrix<_Scalar, _Rows, _Cols, _Options, _MaxRows, _MaxCols>::Matrix(const Eigen::MatrixBase<OtherDerived>&) [with OtherDerived = Eigen::Transpose<Eigen::Matrix<double, 200, 200, 0, 200, 200> >; _Scalar = double; int _Rows = 200; int _Cols = 200; int _Options = 1; int _MaxRows = 200; int _MaxCols = 200]'
/usr/include/eigen3/Eigen/src/Core/DenseBase.h:367:62:   required from 'Eigen::DenseBase<Derived>::EvalReturnType Eigen::DenseBase<Derived>::eval() const [with Derived = Eigen::Transpose<Eigen::Matrix<double, 200, 200, 0, 200, 200> >; Eigen::DenseBase<Derived>::EvalReturnType = const Eigen::Matrix<double, 200, 200, 1, 200, 200>]'
/home/amd_clmc/team/workspace/src/catkin/core-perception/fl/test/gaussian_filter/gaussian_filter_linear_vs_x_test_suite.hpp:140:41:   required from 'void GaussianFilterLinearVsXTest<TestType>::setup_models(GaussianFilterLinearVsXTest<TestType>::KalmanFilter&, GaussianFilterLinearVsXTest<TestType>::Filter&, GaussianFilterLinearVsXTest<TestType>::ModelSetup) [with TestType = fl::StaticTest<UkfTestConfig<20, 4, 200, 0, fl::NonAdditive, fl::AdditiveUncorrelated> >; GaussianFilterLinearVsXTest<TestType>::KalmanFilter = fl::GaussianFilter<fl::LinearStateTransitionModel<Eigen::Matrix<double, 20, 1, 0, 20, 1>, Eigen::Matrix<double, 20, 1, 0, 20, 1>, Eigen::Matrix<double, 4, 1, 0, 4, 1> >, fl::LinearDecorrelatedGaussianObservationModel<Eigen::Matrix<double, 200, 1, 0, 200, 1>, Eigen::Matrix<double, 20, 1, 0, 20, 1> > >; typename fl::IntegerTypeMap<fl::IntegerTypePair<0, fl::LinearDecorrelatedGaussianObservationModel<Eigen::Matrix<double, ObsrvSize, 1, (AutoAlign | (((ObsrvSize == 1) && (1 != 1)) ? RowMajor : (((1 == 1) && (ObsrvSize != 1)) ? ColMajor :  ColMajor))), ObsrvSize, 1>, Eigen::Matrix<double, StateSize, 1, (AutoAlign | (((StateSize == 1) && (1 != 1)) ? RowMajor : (((1 == 1) && (StateSize != 1)) ? ColMajor :  ColMajor))), StateSize, 1> > >, fl::IntegerTypePair<1, fl::LinearGaussianObservationModel<Eigen::Matrix<double, ObsrvSize, 1, (AutoAlign | (((ObsrvSize == 1) && (1 != 1)) ? RowMajor : (((1 == 1) && (ObsrvSize != 1)) ? ColMajor :  ColMajor))), ObsrvSize, 1>, Eigen::Matrix<double, StateSize, 1, (AutoAlign | (((StateSize == 1) && (1 != 1)) ? RowMajor : (((1 == 1) && (StateSize != 1)) ? ColMajor :  ColMajor))), StateSize, 1> > > >::Select<typename TestType::Parameter:: SelectedModel>::Type = fl::LinearDecorrelatedGaussianObservationModel<Eigen::Matrix<double, 200, 1, 0, 200, 1>, Eigen::Matrix<double, 20, 1, 0, 20, 1> >; GaussianFilterLinearVsXTest<TestType>::Filter = fl::GaussianFilter<fl::LinearStateTransitionModel<Eigen::Matrix<double, 20, 1, 0, 20, 1>, Eigen::Matrix<double, 20, 1, 0, 20, 1>, Eigen::Matrix<double, 4, 1, 0, 4, 1> >, fl::LinearDecorrelatedGaussianObservationModel<Eigen::Matrix<double, 200, 1, 0, 200, 1>, Eigen::Matrix<double, 20, 1, 0, 20, 1> >, fl::UnscentedQuadrature, fl::SigmaPointPredictPolicy<fl::UnscentedQuadrature, fl::NonAdditive<fl::LinearStateTransitionModel<Eigen::Matrix<double, 20, 1, 0, 20, 1>, Eigen::Matrix<double, 20, 1, 0, 20, 1>, Eigen::Matrix<double, 4, 1, 0, 4, 1> > > >, fl::SigmaPointUpdatePolicy<fl::UnscentedQuadrature, fl::AdditiveUncorrelated<fl::LinearDecorrelatedGaussianObservationModel<Eigen::Matrix<double, 200, 1, 0, 200, 1>, Eigen::Matrix<double, 20, 1, 0, 20, 1> > > > >]'
/home/amd_clmc/team/workspace/src/catkin/core-perception/fl/test/gaussian_filter/gaussian_filter_linear_vs_x_test_suite.hpp:230:65:   required from 'void gtest_case_GaussianFilterLinearVsXTest_::predict_and_update<gtest_TypeParam_>::TestBody() [with gtest_TypeParam_ = fl::StaticTest<UkfTestConfig<20, 4, 200, 0, fl::NonAdditive, fl::AdditiveUncorrelated> >]'
/home/amd_clmc/team/workspace/build/catkin/core-perception/fl/test/gaussian_filter/gaussian_filter_linear_vs_unscented_kalman_filter_test_StaticTest_20_4_200_DecorrelatedGaussianModel_NonAdditive_AdditiveUncorrelated.cpp:41:15:   required from here
/usr/include/eigen3/Eigen/src/Core/util/StaticAssert.h:32:40: error: static assertion failed: OBJECT_ALLOCATED_ON_STACK_IS_TOO_BIG
     #define EIGEN_STATIC_ASSERT(X,MSG) static_assert(X,#MSG);
                                        ^
/usr/include/eigen3/Eigen/src/Core/DenseStorage.h:79:5: note: in expansion of macro 'EIGEN_STATIC_ASSERT'
     EIGEN_STATIC_ASSERT(Size * sizeof(T) <= 128 * 128 * 8, OBJECT_ALLOCATED_ON_STACK_IS_TOO_BIG);
     ^
At global scope:
cc1plus: warning: unrecognized command line option "-Wno-deprecated-register" [enabled by default]
/usr/include/eigen3/Eigen/src/Core/DenseStorage.h: In instantiation of 'Eigen::internal::plain_array<T, Size, MatrixOrArrayOptions, 16>::plain_array() [with T = double; int Size = 40000; int MatrixOrArrayOptions = 1]':
/usr/include/eigen3/Eigen/src/Core/DenseStorage.h:120:59:   required from 'Eigen::DenseStorage<T, Size, _Rows, _Cols, _Options>::DenseStorage(Eigen::DenseIndex, Eigen::DenseIndex, Eigen::DenseIndex) [with T = double; int Size = 40000; int _Rows = 200; int _Cols = 200; int _Options = 1; Eigen::DenseIndex = long int]'
/usr/include/eigen3/Eigen/src/Core/PlainObjectBase.h:438:41:   required from 'Eigen::PlainObjectBase<Derived>::PlainObjectBase(Eigen::PlainObjectBase<Derived>::Index, Eigen::PlainObjectBase<Derived>::Index, Eigen::PlainObjectBase<Derived>::Index) [with Derived = Eigen::Matrix<double, 200, 200, 1, 200, 200>; Eigen::PlainObjectBase<Derived>::Index = long int]'
/usr/include/eigen3/Eigen/src/Core/Matrix.h:273:76:   required from 'Eigen::Matrix<_Scalar, _Rows, _Cols, _Options, _MaxRows, _MaxCols>::Matrix(const Eigen::MatrixBase<OtherDerived>&) [with OtherDerived = Eigen::Transpose<Eigen::Matrix<double, 200, 200, 0, 200, 200> >; _Scalar = double; int _Rows = 200; int _Cols = 200; int _Options = 1; int _MaxRows = 200; int _MaxCols = 200]'
/usr/include/eigen3/Eigen/src/Core/DenseBase.h:367:62:   required from 'Eigen::DenseBase<Derived>::EvalReturnType Eigen::DenseBase<Derived>::eval() const [with Derived = Eigen::Transpose<Eigen::Matrix<double, 200, 200, 0, 200, 200> >; Eigen::DenseBase<Derived>::EvalReturnType = const Eigen::Matrix<double, 200, 200, 1, 200, 200>]'
/home/amd_clmc/team/workspace/src/catkin/core-perception/fl/test/gaussian_filter/gaussian_filter_linear_vs_x_test_suite.hpp:140:41:   required from 'void GaussianFilterLinearVsXTest<TestType>::setup_models(GaussianFilterLinearVsXTest<TestType>::KalmanFilter&, GaussianFilterLinearVsXTest<TestType>::Filter&, GaussianFilterLinearVsXTest<TestType>::ModelSetup) [with TestType = fl::StaticTest<UkfTestConfig<2, 4, 200, 0, fl::NonAdditive, fl::NonAdditive> >; GaussianFilterLinearVsXTest<TestType>::KalmanFilter = fl::GaussianFilter<fl::LinearStateTransitionModel<Eigen::Matrix<double, 2, 1, 0, 2, 1>, Eigen::Matrix<double, 2, 1, 0, 2, 1>, Eigen::Matrix<double, 4, 1, 0, 4, 1> >, fl::LinearDecorrelatedGaussianObservationModel<Eigen::Matrix<double, 200, 1, 0, 200, 1>, Eigen::Matrix<double, 2, 1, 0, 2, 1> > >; typename fl::IntegerTypeMap<fl::IntegerTypePair<0, fl::LinearDecorrelatedGaussianObservationModel<Eigen::Matrix<double, ObsrvSize, 1, (AutoAlign | (((ObsrvSize == 1) && (1 != 1)) ? RowMajor : (((1 == 1) && (ObsrvSize != 1)) ? ColMajor :  ColMajor))), ObsrvSize, 1>, Eigen::Matrix<double, StateSize, 1, (AutoAlign | (((StateSize == 1) && (1 != 1)) ? RowMajor : (((1 == 1) && (StateSize != 1)) ? ColMajor :  ColMajor))), StateSize, 1> > >, fl::IntegerTypePair<1, fl::LinearGaussianObservationModel<Eigen::Matrix<double, ObsrvSize, 1, (AutoAlign | (((ObsrvSize == 1) && (1 != 1)) ? RowMajor : (((1 == 1) && (ObsrvSize != 1)) ? ColMajor :  ColMajor))), ObsrvSize, 1>, Eigen::Matrix<double, StateSize, 1, (AutoAlign | (((StateSize == 1) && (1 != 1)) ? RowMajor : (((1 == 1) && (StateSize != 1)) ? ColMajor :  ColMajor))), StateSize, 1> > > >::Select<typename TestType::Parameter:: SelectedModel>::Type = fl::LinearDecorrelatedGaussianObservationModel<Eigen::Matrix<double, 200, 1, 0, 200, 1>, Eigen::Matrix<double, 2, 1> >; GaussianFilterLinearVsXTest<TestType>::Filter = fl::GaussianFilter<fl::LinearStateTransitionModel<Eigen::Matrix<double, 2, 1, 0, 2, 1>, Eigen::Matrix<double, 2, 1, 0, 2, 1>, Eigen::Matrix<double, 4, 1, 0, 4, 1> >, fl::LinearDecorrelatedGaussianObservationModel<Eigen::Matrix<double, 200, 1, 0, 200, 1>, Eigen::Matrix<double, 2, 1, 0, 2, 1> >, fl::UnscentedQuadrature, fl::SigmaPointPredictPolicy<fl::UnscentedQuadrature, fl::NonAdditive<fl::LinearStateTransitionModel<Eigen::Matrix<double, 2, 1, 0, 2, 1>, Eigen::Matrix<double, 2, 1, 0, 2, 1>, Eigen::Matrix<double, 4, 1, 0, 4, 1> > > >, fl::SigmaPointUpdatePolicy<fl::UnscentedQuadrature, fl::NonAdditive<fl::LinearDecorrelatedGaussianObservationModel<Eigen::Matrix<double, 200, 1, 0, 200, 1>, Eigen::Matrix<double, 2, 1, 0, 2, 1> > > > >]'
/home/amd_clmc/team/workspace/src/catkin/core-perception/fl/test/gaussian_filter/gaussian_filter_linear_vs_x_test_suite.hpp:230:65:   required from 'void gtest_case_GaussianFilterLinearVsXTest_::predict_and_update<gtest_TypeParam_>::TestBody() [with gtest_TypeParam_ = fl::StaticTest<UkfTestConfig<2, 4, 200, 0, fl::NonAdditive, fl::NonAdditive> >]'
/home/amd_clmc/team/workspace/build/catkin/core-perception/fl/test/gaussian_filter/gaussian_filter_linear_vs_unscented_kalman_filter_test_StaticTest_2_4_200_DecorrelatedGaussianModel_NonAdditive_NonAdditive.cpp:41:15:   required from here
/usr/include/eigen3/Eigen/src/Core/util/StaticAssert.h:32:40: error: static assertion failed: OBJECT_ALLOCATED_ON_STACK_IS_TOO_BIG
     #define EIGEN_STATIC_ASSERT(X,MSG) static_assert(X,#MSG);
                                        ^
/usr/include/eigen3/Eigen/src/Core/DenseStorage.h:79:5: note: in expansion of macro 'EIGEN_STATIC_ASSERT'
     EIGEN_STATIC_ASSERT(Size * sizeof(T) <= 128 * 128 * 8, OBJECT_ALLOCATED_ON_STACK_IS_TOO_BIG);
     ^
In file included from /home/amd_clmc/team/workspace/src/catkin/core-perception/fl/test/gaussian_filter/robust_gaussian_filter_test.cpp:28:0:
/home/amd_clmc/team/workspace/src/catkin/core-perception/fl/include/fl/filter/gaussian/robust_gaussian_filter.hpp: In instantiation of 'struct fl::Traits<fl::RobustGaussianFilter<int, fl::BodyTailObsrvModel<fl::LinearGaussianObservationModel<Eigen::Matrix<double, 1, 1, 0, 1, 1>, Eigen::Matrix<double, 1, 1, 0, 1, 1> >, fl::LinearCauchyObservationModel<Eigen::Matrix<double, 1, 1, 0, 1, 1>, Eigen::Matrix<double, 1, 1, 0, 1, 1> > >, fl::UnscentedQuadrature> >':
/home/amd_clmc/team/workspace/src/catkin/core-perception/fl/test/gaussian_filter/gaussian_filter_test_suite.hpp:157:40:   required from 'class GaussianFilterTest<fl::StaticTest<RobutGaussianFilterTestConfiguration<1, 1, 1, 30> > >'
/home/amd_clmc/team/workspace/src/catkin/core-perception/fl/test/gaussian_filter/gaussian_filter_test_suite.hpp:197:1:   required from 'class gtest_case_GaussianFilterTest_::predict_then_update<fl::StaticTest<RobutGaussianFilterTestConfiguration<1, 1, 1, 30> > >'
/usr/include/gtest/internal/gtest-internal.h:663:39:   required from 'static bool testing::internal::TypeParameterizedTest<Fixture, TestSel, Types>::Register(const char*, const char*, const char*, int) [with Fixture = GaussianFilterTest; TestSel = testing::internal::TemplateSel<gtest_case_GaussianFilterTest_::predict_then_update>; Types = testing::internal::Types1<fl::StaticTest<RobutGaussianFilterTestConfiguration<1, 1, 1, 30> > >]'
/usr/include/gtest/internal/gtest-internal.h:694:41:   required from 'static bool testing::internal::TypeParameterizedTestCase<Fixture, Tests, Types>::Register(const char*, const char*, const char*) [with Fixture = GaussianFilterTest; Tests = testing::internal::Templates2<gtest_case_GaussianFilterTest_::predict_then_update, gtest_case_GaussianFilterTest_::predict_loop>; Types = testing::internal::Types1<fl::StaticTest<RobutGaussianFilterTestConfiguration<1, 1, 1, 30> > >]'
/home/amd_clmc/team/workspace/src/catkin/core-perception/fl/test/gaussian_filter/robust_gaussian_filter_test.cpp:101:1:   required from here
/home/amd_clmc/team/workspace/src/catkin/core-perception/fl/include/fl/filter/gaussian/robust_gaussian_filter.hpp:67:53: error: 'int' is not a class, struct, or union type
     typedef typename StateTransitionFunction::State State;
                                                     ^
/home/amd_clmc/team/workspace/src/catkin/core-perception/fl/include/fl/filter/gaussian/robust_gaussian_filter.hpp:68:53: error: 'int' is not a class, struct, or union type
     typedef typename StateTransitionFunction::Input Input;
                                                     ^
/home/amd_clmc/team/workspace/src/catkin/core-perception/fl/include/fl/filter/gaussian/robust_gaussian_filter.hpp:70:29: error: 'int' is not a class, struct, or union type
     typedef Gaussian<State> Belief;
                             ^
In file included from /home/amd_clmc/team/workspace/src/catkin/core-perception/fl/include/fl/filter/gaussian/robust_multi_sensor_gaussian_filter.hpp:35:0,
                 from /home/amd_clmc/team/workspace/src/catkin/core-perception/fl/test/gaussian_filter/robust_multi_sensor_gaussian_filter_test.cpp:28:
/home/amd_clmc/team/workspace/src/catkin/core-perception/fl/include/fl/filter/gaussian/X_robust_multi_sensor_gaussian_filter.hpp: In instantiation of 'struct fl::Traits<fl::RobustMultiSensorGaussianFilter<int, fl::JointObservationModel<fl::MultipleOf<fl::BodyTailObsrvModel<fl::LinearGaussianObservationModel<Eigen::Matrix<double, 3, 1, 0, 3, 1>, Eigen::Matrix<double, 6, 1, 0, 6, 1> >, fl::LinearCauchyObservationModel<Eigen::Matrix<double, 3, 1, 0, 3, 1>, Eigen::Matrix<double, 6, 1, 0, 6, 1> > >, 48> >, fl::UnscentedQuadrature> >':
/home/amd_clmc/team/workspace/src/catkin/core-perception/fl/test/gaussian_filter/gaussian_filter_test_suite.hpp:157:40:   required from 'class GaussianFilterTest<fl::StaticTest<RobustMultiSensorGfTestConfiguration<6, 3, 48, 30> > >'
/home/amd_clmc/team/workspace/src/catkin/core-perception/fl/test/gaussian_filter/gaussian_filter_test_suite.hpp:197:1:   required from 'class gtest_case_GaussianFilterTest_::predict_then_update<fl::StaticTest<RobustMultiSensorGfTestConfiguration<6, 3, 48, 30> > >'
/usr/include/gtest/internal/gtest-internal.h:663:39:   required from 'static bool testing::internal::TypeParameterizedTest<Fixture, TestSel, Types>::Register(const char*, const char*, const char*, int) [with Fixture = GaussianFilterTest; TestSel = testing::internal::TemplateSel<gtest_case_GaussianFilterTest_::predict_then_update>; Types = testing::internal::Types1<fl::StaticTest<RobustMultiSensorGfTestConfiguration<6, 3, 48, 30> > >]'
/usr/include/gtest/internal/gtest-internal.h:694:41:   required from 'static bool testing::internal::TypeParameterizedTestCase<Fixture, Tests, Types>::Register(const char*, const char*, const char*) [with Fixture = GaussianFilterTest; Tests = testing::internal::Templates2<gtest_case_GaussianFilterTest_::predict_then_update, gtest_case_GaussianFilterTest_::predict_loop>; Types = testing::internal::Types1<fl::StaticTest<RobustMultiSensorGfTestConfiguration<6, 3, 48, 30> > >]'
/home/amd_clmc/team/workspace/src/catkin/core-perception/fl/test/gaussian_filter/robust_multi_sensor_gaussian_filter_test.cpp:126:1:   required from here
/home/amd_clmc/team/workspace/src/catkin/core-perception/fl/include/fl/filter/gaussian/X_robust_multi_sensor_gaussian_filter.hpp:59:53: error: 'int' is not a class, struct, or union type
     typedef typename StateTransitionFunction::State State;
                                                     ^
/home/amd_clmc/team/workspace/src/catkin/core-perception/fl/include/fl/filter/gaussian/X_robust_multi_sensor_gaussian_filter.hpp:60:53: error: 'int' is not a class, struct, or union type
     typedef typename StateTransitionFunction::Input Input;
                                                     ^
/home/amd_clmc/team/workspace/src/catkin/core-perception/fl/include/fl/filter/gaussian/X_robust_multi_sensor_gaussian_filter.hpp:62:29: error: 'int' is not a class, struct, or union type
     typedef Gaussian<State> Belief;
                             ^
In file included from /usr/include/eigen3/Eigen/Core:254:0,
                 from /usr/include/eigen3/Eigen/Dense:1,
                 from /home/amd_clmc/team/workspace/src/catkin/core-perception/fl/test/gaussian_filter/../typecast.hpp:22,
                 from /home/amd_clmc/team/workspace/src/catkin/core-perception/fl/test/gaussian_filter/sigma_point_quadrature_test.hpp:21,
                 from /home/amd_clmc/team/workspace/build/catkin/core-perception/fl/test/gaussian_filter/sigma_point_quadrature_test_StaticTest_50_50_MonteCarlo.cpp:22:
/usr/include/eigen3/Eigen/src/Core/DenseStorage.h: In instantiation of 'Eigen::internal::plain_array<T, Size, MatrixOrArrayOptions, 16>::plain_array() [with T = double; int Size = 500000; int MatrixOrArrayOptions = 0]':
/usr/include/eigen3/Eigen/src/Core/DenseStorage.h:120:59:   required from 'Eigen::DenseStorage<T, Size, _Rows, _Cols, _Options>::DenseStorage(Eigen::DenseIndex, Eigen::DenseIndex, Eigen::DenseIndex) [with T = double; int Size = 500000; int _Rows = 50; int _Cols = 10000; int _Options = 0; Eigen::DenseIndex = long int]'
/usr/include/eigen3/Eigen/src/Core/PlainObjectBase.h:438:41:   required from 'Eigen::PlainObjectBase<Derived>::PlainObjectBase(Eigen::PlainObjectBase<Derived>::Index, Eigen::PlainObjectBase<Derived>::Index, Eigen::PlainObjectBase<Derived>::Index) [with Derived = Eigen::Matrix<double, 50, 10000, 0, 50, 10000>; Eigen::PlainObjectBase<Derived>::Index = long int]'
/usr/include/eigen3/Eigen/src/Core/Matrix.h:285:75:   required from 'Eigen::Matrix<_Scalar, _Rows, _Cols, _Options, _MaxRows, _MaxCols>::Matrix(const Eigen::Matrix<_Scalar, _Rows, _Cols, _Options, _MaxRows, _MaxCols>&) [with _Scalar = double; int _Rows = 50; int _Cols = 10000; int _Options = 0; int _MaxRows = 50; int _MaxCols = 10000]'
/home/amd_clmc/team/workspace/src/catkin/core-perception/fl/include/fl/filter/gaussian/transform/point_set.hpp:158:7:   required from 'void SigmaPointQuadratureTests<TestType>::propergate_gaussian_pxy_X_Y_Z() [with TestType = fl::StaticTest<TestConfiguration<50, 50, fl::MonteCarloTransform<fl::LinearPointCountPolicy<100> > > >]'
/home/amd_clmc/team/workspace/src/catkin/core-perception/fl/test/gaussian_filter/sigma_point_quadrature_test.hpp:434:48:   required from 'void gtest_case_SigmaPointQuadratureTests_::propergate_gaussian_pxy_X_Y_Z<gtest_TypeParam_>::TestBody() [with gtest_TypeParam_ = fl::StaticTest<TestConfiguration<50, 50, fl::MonteCarloTransform<fl::LinearPointCountPolicy<100> > > >]'
/home/amd_clmc/team/workspace/build/catkin/core-perception/fl/test/gaussian_filter/sigma_point_quadrature_test_StaticTest_50_50_MonteCarlo.cpp:46:15:   required from here
/usr/include/eigen3/Eigen/src/Core/util/StaticAssert.h:32:40: error: static assertion failed: OBJECT_ALLOCATED_ON_STACK_IS_TOO_BIG
     #define EIGEN_STATIC_ASSERT(X,MSG) static_assert(X,#MSG);
                                        ^
/usr/include/eigen3/Eigen/src/Core/DenseStorage.h:79:5: note: in expansion of macro 'EIGEN_STATIC_ASSERT'
     EIGEN_STATIC_ASSERT(Size * sizeof(T) <= 128 * 128 * 8, OBJECT_ALLOCATED_ON_STACK_IS_TOO_BIG);
     ^
/usr/include/eigen3/Eigen/src/Core/DenseStorage.h: In instantiation of 'Eigen::internal::plain_array<T, Size, MatrixOrArrayOptions, 16>::plain_array() [with T = fl::Traits<fl::PointSet<Eigen::Matrix<double, 50, 1, 0, 50, 1>, 10000> >::Weight; int Size = 10000; int MatrixOrArrayOptions = 0]':
/usr/include/eigen3/Eigen/src/Core/DenseStorage.h:120:59:   required from 'Eigen::DenseStorage<T, Size, _Rows, _Cols, _Options>::DenseStorage(Eigen::DenseIndex, Eigen::DenseIndex, Eigen::DenseIndex) [with T = fl::Traits<fl::PointSet<Eigen::Matrix<double, 50, 1, 0, 50, 1>, 10000> >::Weight; int Size = 10000; int _Rows = 10000; int _Cols = 1; int _Options = 0; Eigen::DenseIndex = long int]'
/usr/include/eigen3/Eigen/src/Core/PlainObjectBase.h:438:41:   required from 'Eigen::PlainObjectBase<Derived>::PlainObjectBase(Eigen::PlainObjectBase<Derived>::Index, Eigen::PlainObjectBase<Derived>::Index, Eigen::PlainObjectBase<Derived>::Index) [with Derived = Eigen::Array<fl::Traits<fl::PointSet<Eigen::Matrix<double, 50, 1, 0, 50, 1>, 10000> >::Weight, 10000, 1, 0, 10000, 1>; Eigen::PlainObjectBase<Derived>::Index = long int]'
/usr/include/eigen3/Eigen/src/Core/Array.h:193:75:   required from 'Eigen::Array<_Scalar, _Rows, _Cols, _Options, _MaxRows, _MaxCols>::Array(const Eigen::Array<_Scalar, _Rows, _Cols, _Options, _MaxRows, _MaxCols>&) [with _Scalar = fl::Traits<fl::PointSet<Eigen::Matrix<double, 50, 1, 0, 50, 1>, 10000> >::Weight; int _Rows = 10000; int _Cols = 1; int _Options = 0; int _MaxRows = 10000; int _MaxCols = 1]'
/home/amd_clmc/team/workspace/src/catkin/core-perception/fl/include/fl/filter/gaussian/transform/point_set.hpp:158:7:   required from 'void SigmaPointQuadratureTests<TestType>::propergate_gaussian_pxy_X_Y_Z() [with TestType = fl::StaticTest<TestConfiguration<50, 50, fl::MonteCarloTransform<fl::LinearPointCountPolicy<100> > > >]'
/home/amd_clmc/team/workspace/src/catkin/core-perception/fl/test/gaussian_filter/sigma_point_quadrature_test.hpp:434:48:   required from 'void gtest_case_SigmaPointQuadratureTests_::propergate_gaussian_pxy_X_Y_Z<gtest_TypeParam_>::TestBody() [with gtest_TypeParam_ = fl::StaticTest<TestConfiguration<50, 50, fl::MonteCarloTransform<fl::LinearPointCountPolicy<100> > > >]'
/home/amd_clmc/team/workspace/build/catkin/core-perception/fl/test/gaussian_filter/sigma_point_quadrature_test_StaticTest_50_50_MonteCarlo.cpp:46:15:   required from here
/usr/include/eigen3/Eigen/src/Core/util/StaticAssert.h:32:40: error: static assertion failed: OBJECT_ALLOCATED_ON_STACK_IS_TOO_BIG
     #define EIGEN_STATIC_ASSERT(X,MSG) static_assert(X,#MSG);
                                        ^
/usr/include/eigen3/Eigen/src/Core/DenseStorage.h:79:5: note: in expansion of macro 'EIGEN_STATIC_ASSERT'
     EIGEN_STATIC_ASSERT(Size * sizeof(T) <= 128 * 128 * 8, OBJECT_ALLOCATED_ON_STACK_IS_TOO_BIG);
     ^
/usr/include/eigen3/Eigen/src/Core/DenseStorage.h: In instantiation of 'Eigen::internal::plain_array<T, Size, MatrixOrArrayOptions, 16>::plain_array() [with T = double; int Size = 250000; int MatrixOrArrayOptions = 0]':
/usr/include/eigen3/Eigen/src/Core/DenseStorage.h:120:59:   required from 'Eigen::DenseStorage<T, Size, _Rows, _Cols, _Options>::DenseStorage(Eigen::DenseIndex, Eigen::DenseIndex, Eigen::DenseIndex) [with T = double; int Size = 250000; int _Rows = 50; int _Cols = 5000; int _Options = 0; Eigen::DenseIndex = long int]'
/usr/include/eigen3/Eigen/src/Core/PlainObjectBase.h:438:41:   required from 'Eigen::PlainObjectBase<Derived>::PlainObjectBase(Eigen::PlainObjectBase<Derived>::Index, Eigen::PlainObjectBase<Derived>::Index, Eigen::PlainObjectBase<Derived>::Index) [with Derived = Eigen::Matrix<double, 50, 5000, 0, 50, 5000>; Eigen::PlainObjectBase<Derived>::Index = long int]'
/usr/include/eigen3/Eigen/src/Core/Matrix.h:285:75:   required from 'Eigen::Matrix<_Scalar, _Rows, _Cols, _Options, _MaxRows, _MaxCols>::Matrix(const Eigen::Matrix<_Scalar, _Rows, _Cols, _Options, _MaxRows, _MaxCols>&) [with _Scalar = double; int _Rows = 50; int _Cols = 5000; int _Options = 0; int _MaxRows = 50; int _MaxCols = 5000]'
/home/amd_clmc/team/workspace/src/catkin/core-perception/fl/include/fl/filter/gaussian/transform/point_set.hpp:158:7:   required from 'void SigmaPointQuadratureTests<TestType>::propergate_gaussian_X_Z() [with TestType = fl::StaticTest<TestConfiguration<50, 50, fl::MonteCarloTransform<fl::LinearPointCountPolicy<100> > > >]'
/home/amd_clmc/team/workspace/src/catkin/core-perception/fl/test/gaussian_filter/sigma_point_quadrature_test.hpp:424:42:   required from 'void gtest_case_SigmaPointQuadratureTests_::propergate_gaussian_X_Z<gtest_TypeParam_>::TestBody() [with gtest_TypeParam_ = fl::StaticTest<TestConfiguration<50, 50, fl::MonteCarloTransform<fl::LinearPointCountPolicy<100> > > >]'
/home/amd_clmc/team/workspace/build/catkin/core-perception/fl/test/gaussian_filter/sigma_point_quadrature_test_StaticTest_50_50_MonteCarlo.cpp:46:15:   required from here
/usr/include/eigen3/Eigen/src/Core/util/StaticAssert.h:32:40: error: static assertion failed: OBJECT_ALLOCATED_ON_STACK_IS_TOO_BIG
     #define EIGEN_STATIC_ASSERT(X,MSG) static_assert(X,#MSG);
                                        ^
/usr/include/eigen3/Eigen/src/Core/DenseStorage.h:79:5: note: in expansion of macro 'EIGEN_STATIC_ASSERT'
     EIGEN_STATIC_ASSERT(Size * sizeof(T) <= 128 * 128 * 8, OBJECT_ALLOCATED_ON_STACK_IS_TOO_BIG);
     ^
In file included from /home/amd_clmc/team/workspace/src/catkin/core-perception/fl/test/gaussian_filter/kalman_filter_test.cpp:27:0:
/home/amd_clmc/team/workspace/src/catkin/core-perception/fl/include/fl/filter/gaussian/gaussian_filter_linear.hpp: In instantiation of 'std::string fl::GaussianFilter<LinearStateTransitionModel, LinearObservationModel>::description() const [with LinearStateTransitionModel = int; LinearObservationModel = fl::LinearGaussianObservationModel<Eigen::Matrix<double, 2, 1>, Eigen::Matrix<double, 3, 1> >; std::string = std::basic_string<char>]':
/home/amd_clmc/team/workspace/src/catkin/core-perception/fl/test/gaussian_filter/kalman_filter_test.cpp:76:41:   required from here
/home/amd_clmc/team/workspace/src/catkin/core-perception/fl/include/fl/filter/gaussian/gaussian_filter_linear.hpp:213:17: error: request for member 'description' in 'fl::GaussianFilter<LinearStateTransitionModel, LinearObservationModel>::process_model<int, fl::LinearGaussianObservationModel<Eigen::Matrix<double, 2, 1>, Eigen::Matrix<double, 3, 1> > >()', which is of non-class type 'const int'
                 + this->list_descriptions(
                 ^
/home/amd_clmc/team/workspace/src/catkin/core-perception/fl/include/fl/filter/gaussian/gaussian_filter_linear.hpp: In instantiation of 'std::string fl::GaussianFilter<LinearStateTransitionModel, LinearObservationModel>::name() const [with LinearStateTransitionModel = int; LinearObservationModel = fl::LinearGaussianObservationModel<Eigen::Matrix<double, 10, 1, 0, 10, 1>, Eigen::Matrix<double, 3, 1> >; std::string = std::basic_string<char>]':
/home/amd_clmc/team/workspace/src/catkin/core-perception/fl/test/gaussian_filter/kalman_filter_test.cpp:76:41:   required from here
/home/amd_clmc/team/workspace/src/catkin/core-perception/fl/include/fl/filter/gaussian/gaussian_filter_linear.hpp:204:17: error: request for member 'name' in 'fl::GaussianFilter<LinearStateTransitionModel, LinearObservationModel>::process_model<int, fl::LinearGaussianObservationModel<Eigen::Matrix<double, 10, 1, 0, 10, 1>, Eigen::Matrix<double, 3, 1> > >()', which is of non-class type 'const int'
                 + this->list_arguments(
                 ^
/home/amd_clmc/team/workspace/src/catkin/core-perception/fl/include/fl/filter/gaussian/gaussian_filter_linear.hpp: In instantiation of 'std::string fl::GaussianFilter<LinearStateTransitionModel, LinearObservationModel>::description() const [with LinearStateTransitionModel = int; LinearObservationModel = fl::LinearGaussianObservationModel<Eigen::Matrix<double, 10, 1, 0, 10, 1>, Eigen::Matrix<double, 3, 1> >; std::string = std::basic_string<char>]':
/home/amd_clmc/team/workspace/src/catkin/core-perception/fl/test/gaussian_filter/kalman_filter_test.cpp:76:41:   required from here
/home/amd_clmc/team/workspace/src/catkin/core-perception/fl/include/fl/filter/gaussian/gaussian_filter_linear.hpp:213:17: error: request for member 'description' in 'fl::GaussianFilter<LinearStateTransitionModel, LinearObservationModel>::process_model<int, fl::LinearGaussianObservationModel<Eigen::Matrix<double, 10, 1, 0, 10, 1>, Eigen::Matrix<double, 3, 1> > >()', which is of non-class type 'const int'
                 + this->list_descriptions(
                 ^
/home/amd_clmc/team/workspace/src/catkin/core-perception/fl/include/fl/filter/gaussian/robust_gaussian_filter.hpp: In instantiation of 'class fl::RobustGaussianFilter<int, fl::BodyTailObsrvModel<fl::LinearGaussianObservationModel<Eigen::Matrix<double, 1, 1, 0, 1, 1>, Eigen::Matrix<double, 1, 1, 0, 1, 1> >, fl::LinearCauchyObservationModel<Eigen::Matrix<double, 1, 1, 0, 1, 1>, Eigen::Matrix<double, 1, 1, 0, 1, 1> > >, fl::UnscentedQuadrature>':
/home/amd_clmc/team/workspace/src/catkin/core-perception/fl/test/gaussian_filter/gaussian_filter_test_suite.hpp:245:53:   required from 'void gtest_case_GaussianFilterTest_::predict_loop<gtest_TypeParam_>::TestBody() [with gtest_TypeParam_ = fl::StaticTest<RobutGaussianFilterTestConfiguration<1, 1, 1, 30> >]'
/home/amd_clmc/team/workspace/src/catkin/core-perception/fl/test/gaussian_filter/robust_gaussian_filter_test.cpp:103:41:   required from here
/home/amd_clmc/team/workspace/src/catkin/core-perception/fl/include/fl/filter/gaussian/robust_gaussian_filter.hpp:101:53: error: 'int' is not a class, struct, or union type
     typedef typename StateTransitionFunction::State State;
                                                     ^
/home/amd_clmc/team/workspace/src/catkin/core-perception/fl/include/fl/filter/gaussian/robust_gaussian_filter.hpp:102:53: error: 'int' is not a class, struct, or union type
     typedef typename StateTransitionFunction::Input Input;
                                                     ^
/home/amd_clmc/team/workspace/src/catkin/core-perception/fl/include/fl/filter/gaussian/robust_gaussian_filter.hpp:104:29: error: 'int' is not a class, struct, or union type
     typedef Gaussian<State> Belief;
                             ^
In file included from /home/amd_clmc/team/workspace/src/catkin/core-perception/fl/include/fl/util/meta/size_deduction.hpp:23:0,
                 from /home/amd_clmc/team/workspace/src/catkin/core-perception/fl/include/fl/util/meta.hpp:23,
                 from /home/amd_clmc/team/workspace/src/catkin/core-perception/fl/test/gaussian_filter/../typecast.hpp:23,
                 from /home/amd_clmc/team/workspace/src/catkin/core-perception/fl/test/gaussian_filter/robust_gaussian_filter_test.cpp:24:
/home/amd_clmc/team/workspace/src/catkin/core-perception/fl/include/fl/util/traits.hpp: In instantiation of 'struct fl::AdditivityOf<int>':
/home/amd_clmc/team/workspace/src/catkin/core-perception/fl/include/fl/filter/gaussian/gaussian_filter_nonlinear.hpp:58:7:   required from 'class fl::GaussianFilter<int, fl::RobustFeatureObsrvModel<fl::BodyTailObsrvModel<fl::LinearGaussianObservationModel<Eigen::Matrix<double, 1, 1, 0, 1, 1>, Eigen::Matrix<double, 1, 1, 0, 1, 1> >, fl::LinearCauchyObservationModel<Eigen::Matrix<double, 1, 1, 0, 1, 1>, Eigen::Matrix<double, 1, 1, 0, 1, 1> > > >, fl::UnscentedQuadrature>'
/home/amd_clmc/team/workspace/src/catkin/core-perception/fl/include/fl/filter/gaussian/robust_gaussian_filter.hpp:266:24:   required from 'class fl::RobustGaussianFilter<int, fl::BodyTailObsrvModel<fl::LinearGaussianObservationModel<Eigen::Matrix<double, 1, 1, 0, 1, 1>, Eigen::Matrix<double, 1, 1, 0, 1, 1> >, fl::LinearCauchyObservationModel<Eigen::Matrix<double, 1, 1, 0, 1, 1>, Eigen::Matrix<double, 1, 1, 0, 1, 1> > >, fl::UnscentedQuadrature>'
/home/amd_clmc/team/workspace/src/catkin/core-perception/fl/test/gaussian_filter/gaussian_filter_test_suite.hpp:245:53:   required from 'void gtest_case_GaussianFilterTest_::predict_loop<gtest_TypeParam_>::TestBody() [with gtest_TypeParam_ = fl::StaticTest<RobutGaussianFilterTestConfiguration<1, 1, 1, 30> >]'
/home/amd_clmc/team/workspace/src/catkin/core-perception/fl/test/gaussian_filter/robust_gaussian_filter_test.cpp:103:41:   required from here
/home/amd_clmc/team/workspace/src/catkin/core-perception/fl/include/fl/util/traits.hpp:398:70: error: 'int' is not a class, struct, or union type
     typedef typename AdditivityOf<Model, typename Model::Type>::Type Type;
                                                                      ^
In file included from /home/amd_clmc/team/workspace/src/catkin/core-perception/fl/test/gaussian_filter/robust_gaussian_filter_test.cpp:25:0:
/home/amd_clmc/team/workspace/src/catkin/core-perception/fl/test/gaussian_filter/gaussian_filter_test_suite.hpp: In instantiation of 'void gtest_case_GaussianFilterTest_::predict_loop<gtest_TypeParam_>::TestBody() [with gtest_TypeParam_ = fl::StaticTest<RobutGaussianFilterTestConfiguration<1, 1, 1, 30> >]':
/home/amd_clmc/team/workspace/src/catkin/core-perception/fl/test/gaussian_filter/robust_gaussian_filter_test.cpp:103:41:   required from here
/home/amd_clmc/team/workspace/src/catkin/core-perception/fl/test/gaussian_filter/gaussian_filter_test_suite.hpp:246:40: error: 'class fl::RobustGaussianFilter<int, fl::BodyTailObsrvModel<fl::LinearGaussianObservationModel<Eigen::Matrix<double, 1, 1, 0, 1, 1>, Eigen::Matrix<double, 1, 1, 0, 1, 1> >, fl::LinearCauchyObservationModel<Eigen::Matrix<double, 1, 1, 0, 1, 1>, Eigen::Matrix<double, 1, 1, 0, 1, 1> > >, fl::UnscentedQuadrature>' has no member named 'create_belief'
     auto belief = filter.create_belief();
                                        ^
/home/amd_clmc/team/workspace/src/catkin/core-perception/fl/test/gaussian_filter/gaussian_filter_test_suite.hpp:252:9: error: 'class fl::RobustGaussianFilter<int, fl::BodyTailObsrvModel<fl::LinearGaussianObservationModel<Eigen::Matrix<double, 1, 1, 0, 1, 1>, Eigen::Matrix<double, 1, 1, 0, 1, 1> >, fl::LinearCauchyObservationModel<Eigen::Matrix<double, 1, 1, 0, 1, 1>, Eigen::Matrix<double, 1, 1, 0, 1, 1> > >, fl::UnscentedQuadrature>' has no member named 'predict'
         filter.predict(belief, This::zero_input(filter), belief);
         ^
/home/amd_clmc/team/workspace/src/catkin/core-perception/fl/test/gaussian_filter/gaussian_filter_test_suite.hpp:252:55: error: 'zero_input' is not a member of 'This {aka GaussianFilterTest<fl::StaticTest<RobutGaussianFilterTestConfiguration<1, 1, 1, 30> > >}'
         filter.predict(belief, This::zero_input(filter), belief);
                                                       ^
/home/amd_clmc/team/workspace/src/catkin/core-perception/fl/test/gaussian_filter/gaussian_filter_test_suite.hpp: In instantiation of 'void gtest_case_GaussianFilterTest_::predict_then_update<gtest_TypeParam_>::TestBody() [with gtest_TypeParam_ = fl::StaticTest<RobutGaussianFilterTestConfiguration<1, 1, 1, 30> >]':
/home/amd_clmc/team/workspace/src/catkin/core-perception/fl/test/gaussian_filter/robust_gaussian_filter_test.cpp:103:41:   required from here
/home/amd_clmc/team/workspace/src/catkin/core-perception/fl/test/gaussian_filter/gaussian_filter_test_suite.hpp:205:40: error: 'class fl::RobustGaussianFilter<int, fl::BodyTailObsrvModel<fl::LinearGaussianObservationModel<Eigen::Matrix<double, 1, 1, 0, 1, 1>, Eigen::Matrix<double, 1, 1, 0, 1, 1> >, fl::LinearCauchyObservationModel<Eigen::Matrix<double, 1, 1, 0, 1, 1>, Eigen::Matrix<double, 1, 1, 0, 1, 1> > >, fl::UnscentedQuadrature>' has no member named 'create_belief'
     auto belief = filter.create_belief();
                                        ^
/home/amd_clmc/team/workspace/src/catkin/core-perception/fl/test/gaussian_filter/gaussian_filter_test_suite.hpp:215:9: error: 'class fl::RobustGaussianFilter<int, fl::BodyTailObsrvModel<fl::LinearGaussianObservationModel<Eigen::Matrix<double, 1, 1, 0, 1, 1>, Eigen::Matrix<double, 1, 1, 0, 1, 1> >, fl::LinearCauchyObservationModel<Eigen::Matrix<double, 1, 1, 0, 1, 1>, Eigen::Matrix<double, 1, 1, 0, 1, 1> > >, fl::UnscentedQuadrature>' has no member named 'predict'
         filter.predict(belief, This::zero_input(filter), belief);
         ^
/home/amd_clmc/team/workspace/src/catkin/core-perception/fl/test/gaussian_filter/gaussian_filter_test_suite.hpp:215:55: error: 'zero_input' is not a member of 'This {aka GaussianFilterTest<fl::StaticTest<RobutGaussianFilterTestConfiguration<1, 1, 1, 30> > >}'
         filter.predict(belief, This::zero_input(filter), belief);
                                                       ^
/home/amd_clmc/team/workspace/src/catkin/core-perception/fl/test/gaussian_filter/gaussian_filter_test_suite.hpp:226:9: error: 'class fl::RobustGaussianFilter<int, fl::BodyTailObsrvModel<fl::LinearGaussianObservationModel<Eigen::Matrix<double, 1, 1, 0, 1, 1>, Eigen::Matrix<double, 1, 1, 0, 1, 1> >, fl::LinearCauchyObservationModel<Eigen::Matrix<double, 1, 1, 0, 1, 1>, Eigen::Matrix<double, 1, 1, 0, 1, 1> > >, fl::UnscentedQuadrature>' has no member named 'update'
         filter.update(belief, This::rand_obsrv(filter), belief);
         ^
In file included from /home/amd_clmc/team/workspace/src/catkin/core-perception/fl/test/gaussian_filter/robust_gaussian_filter_test.cpp:28:0:
/home/amd_clmc/team/workspace/src/catkin/core-perception/fl/include/fl/filter/gaussian/robust_gaussian_filter.hpp: In instantiation of 'std::string fl::RobustGaussianFilter<StateTransitionFunction, ObservationFunction, Quadrature, Policies>::name() const [with StateTransitionFunction = int; ObservationFunction = fl::BodyTailObsrvModel<fl::LinearGaussianObservationModel<Eigen::Matrix<double, 1, 1, 0, 1, 1>, Eigen::Matrix<double, 1, 1, 0, 1, 1> >, fl::LinearCauchyObservationModel<Eigen::Matrix<double, 1, 1, 0, 1, 1>, Eigen::Matrix<double, 1, 1, 0, 1, 1> > >; Quadrature = fl::UnscentedQuadrature; Policies = {}; std::string = std::basic_string<char>]':
/home/amd_clmc/team/workspace/src/catkin/core-perception/fl/test/gaussian_filter/gaussian_filter_test_suite.hpp:203:5:   required from 'void gtest_case_GaussianFilterTest_::predict_then_update<gtest_TypeParam_>::TestBody() [with gtest_TypeParam_ = fl::StaticTest<RobutGaussianFilterTestConfiguration<1, 1, 1, 30> >]'
/home/amd_clmc/team/workspace/src/catkin/core-perception/fl/test/gaussian_filter/robust_gaussian_filter_test.cpp:103:41:   required from here
/home/amd_clmc/team/workspace/src/catkin/core-perception/fl/include/fl/filter/gaussian/robust_gaussian_filter.hpp:239:17: error: 'const BaseGaussianFilter' has no member named 'name'
                 + this->list_arguments(
                 ^
In file included from /home/amd_clmc/team/workspace/src/catkin/core-perception/fl/test/gaussian_filter/robust_gaussian_filter_test.cpp:25:0:
/home/amd_clmc/team/workspace/src/catkin/core-perception/fl/test/gaussian_filter/gaussian_filter_test_suite.hpp: In instantiation of 'GaussianFilterTest<TestType>::ModelFactory::LinearStateTransition GaussianFilterTest<TestType>::ModelFactory::create_linear_state_model() [with TestType = fl::StaticTest<RobutGaussianFilterTestConfiguration<1, 1, 1, 30> >; GaussianFilterTest<TestType>::ModelFactory::LinearStateTransition = int]':
/home/amd_clmc/team/workspace/src/catkin/core-perception/fl/test/gaussian_filter/robust_gaussian_filter_test.cpp:92:46:   required from 'static typename RobutGaussianFilterTestConfiguration<StateDimension, InputDimension, ObsrvDimension, FilterIterations>::FilterDefinition<ModelFactory>::Type RobutGaussianFilterTestConfiguration<StateDimension, InputDimension, ObsrvDimension, FilterIterations>::create_filter(ModelFactory&&) [with ModelFactory = GaussianFilterTest<fl::StaticTest<RobutGaussianFilterTestConfiguration<1, 1, 1, 30> > >::ModelFactory; int StateDimension = 1; int InputDimension = 1; int ObsrvDimension = 1; int FilterIterations = 30; typename RobutGaussianFilterTestConfiguration<StateDimension, InputDimension, ObsrvDimension, FilterIterations>::FilterDefinition<ModelFactory>::Type = fl::RobustGaussianFilter<int, fl::BodyTailObsrvModel<fl::LinearGaussianObservationModel<Eigen::Matrix<double, 1, 1, 0, 1, 1>, Eigen::Matrix<double, 1, 1, 0, 1, 1> >, fl::LinearCauchyObservationModel<Eigen::Matrix<double, 1, 1, 0, 1, 1>, Eigen::Matrix<double, 1, 1, 0, 1, 1> > >, fl::UnscentedQuadrature>]'
/home/amd_clmc/team/workspace/src/catkin/core-perception/fl/test/gaussian_filter/gaussian_filter_test_suite.hpp:154:64:   required from 'GaussianFilterTest<TestType>::Filter GaussianFilterTest<TestType>::create_filter(GaussianFilterTest<TestType>::ModelSetup) const [with TestType = fl::StaticTest<RobutGaussianFilterTestConfiguration<1, 1, 1, 30> >; GaussianFilterTest<TestType>::Filter = fl::RobustGaussianFilter<int, fl::BodyTailObsrvModel<fl::LinearGaussianObservationModel<Eigen::Matrix<double, 1, 1, 0, 1, 1>, Eigen::Matrix<double, 1, 1, 0, 1, 1> >, fl::LinearCauchyObservationModel<Eigen::Matrix<double, 1, 1, 0, 1, 1>, Eigen::Matrix<double, 1, 1, 0, 1, 1> > >, fl::UnscentedQuadrature>]'
/home/amd_clmc/team/workspace/src/catkin/core-perception/fl/test/gaussian_filter/gaussian_filter_test_suite.hpp:245:53:   required from 'void gtest_case_GaussianFilterTest_::predict_loop<gtest_TypeParam_>::TestBody() [with gtest_TypeParam_ = fl::StaticTest<RobutGaussianFilterTestConfiguration<1, 1, 1, 30> >]'
/home/amd_clmc/team/workspace/src/catkin/core-perception/fl/test/gaussian_filter/robust_gaussian_filter_test.cpp:103:41:   required from here
/home/amd_clmc/team/workspace/src/catkin/core-perception/fl/test/gaussian_filter/gaussian_filter_test_suite.hpp:95:66: error: expression list treated as compound expression in functional cast [-fpermissive]
             auto model = LinearStateTransition(StateDim, InputDim);
                                                                  ^
/home/amd_clmc/team/workspace/src/catkin/core-perception/fl/test/gaussian_filter/gaussian_filter_test_suite.hpp:95:66: warning: left operand of comma operator has no effect [-Wunused-value]
/home/amd_clmc/team/workspace/src/catkin/core-perception/fl/include/fl/filter/gaussian/X_robust_multi_sensor_gaussian_filter.hpp: In instantiation of 'class fl::RobustMultiSensorGaussianFilter<int, fl::JointObservationModel<fl::MultipleOf<fl::BodyTailObsrvModel<fl::LinearGaussianObservationModel<Eigen::Matrix<double, 3, 1, 0, 3, 1>, Eigen::Matrix<double, 6, 1, 0, 6, 1> >, fl::LinearCauchyObservationModel<Eigen::Matrix<double, 3, 1, 0, 3, 1>, Eigen::Matrix<double, 6, 1, 0, 6, 1> > >, 48> >, fl::UnscentedQuadrature>':
/home/amd_clmc/team/workspace/src/catkin/core-perception/fl/test/gaussian_filter/gaussian_filter_test_suite.hpp:245:53:   required from 'void gtest_case_GaussianFilterTest_::predict_loop<gtest_TypeParam_>::TestBody() [with gtest_TypeParam_ = fl::StaticTest<RobustMultiSensorGfTestConfiguration<6, 3, 48, 30> >]'
/home/amd_clmc/team/workspace/src/catkin/core-perception/fl/test/gaussian_filter/robust_multi_sensor_gaussian_filter_test.cpp:128:41:   required from here
/home/amd_clmc/team/workspace/src/catkin/core-perception/fl/include/fl/filter/gaussian/X_robust_multi_sensor_gaussian_filter.hpp:78:53: error: 'int' is not a class, struct, or union type
     typedef typename StateTransitionFunction::State State;
                                                     ^
/home/amd_clmc/team/workspace/src/catkin/core-perception/fl/include/fl/filter/gaussian/X_robust_multi_sensor_gaussian_filter.hpp:79:53: error: 'int' is not a class, struct, or union type
     typedef typename StateTransitionFunction::Input Input;
                                                     ^
/home/amd_clmc/team/workspace/src/catkin/core-perception/fl/include/fl/filter/gaussian/X_robust_multi_sensor_gaussian_filter.hpp:81:29: error: 'int' is not a class, struct, or union type
     typedef Gaussian<State> Belief;
                             ^
In file included from /home/amd_clmc/team/workspace/src/catkin/core-perception/fl/include/fl/util/meta/size_deduction.hpp:23:0,
                 from /home/amd_clmc/team/workspace/src/catkin/core-perception/fl/include/fl/util/meta.hpp:23,
                 from /home/amd_clmc/team/workspace/src/catkin/core-perception/fl/test/gaussian_filter/../typecast.hpp:23,
                 from /home/amd_clmc/team/workspace/src/catkin/core-perception/fl/test/gaussian_filter/robust_multi_sensor_gaussian_filter_test.cpp:21:
/home/amd_clmc/team/workspace/src/catkin/core-perception/fl/include/fl/util/traits.hpp: In instantiation of 'struct fl::AdditivityOf<int>':
/home/amd_clmc/team/workspace/src/catkin/core-perception/fl/include/fl/filter/gaussian/multi_sensor_gaussian_filter.hpp:63:7:   required from 'class fl::MultiSensorGaussianFilter<int, fl::JointObservationModel<fl::MultipleOf<fl::RobustMultiSensorFeatureObsrvModel<fl::BodyTailObsrvModel<fl::LinearGaussianObservationModel<Eigen::Matrix<double, 3, 1, 0, 3, 1>, Eigen::Matrix<double, 6, 1, 0, 6, 1> >, fl::LinearCauchyObservationModel<Eigen::Matrix<double, 3, 1, 0, 3, 1>, Eigen::Matrix<double, 6, 1, 0, 6, 1> > >, 48>, 48> >, fl::UnscentedQuadrature>'
/home/amd_clmc/team/workspace/src/catkin/core-perception/fl/include/fl/filter/gaussian/X_robust_multi_sensor_gaussian_filter.hpp:353:39:   required from 'class fl::RobustMultiSensorGaussianFilter<int, fl::JointObservationModel<fl::MultipleOf<fl::BodyTailObsrvModel<fl::LinearGaussianObservationModel<Eigen::Matrix<double, 3, 1, 0, 3, 1>, Eigen::Matrix<double, 6, 1, 0, 6, 1> >, fl::LinearCauchyObservationModel<Eigen::Matrix<double, 3, 1, 0, 3, 1>, Eigen::Matrix<double, 6, 1, 0, 6, 1> > >, 48> >, fl::UnscentedQuadrature>'
/home/amd_clmc/team/workspace/src/catkin/core-perception/fl/test/gaussian_filter/gaussian_filter_test_suite.hpp:245:53:   required from 'void gtest_case_GaussianFilterTest_::predict_loop<gtest_TypeParam_>::TestBody() [with gtest_TypeParam_ = fl::StaticTest<RobustMultiSensorGfTestConfiguration<6, 3, 48, 30> >]'
/home/amd_clmc/team/workspace/src/catkin/core-perception/fl/test/gaussian_filter/robust_multi_sensor_gaussian_filter_test.cpp:128:41:   required from here
/home/amd_clmc/team/workspace/src/catkin/core-perception/fl/include/fl/util/traits.hpp:398:70: error: 'int' is not a class, struct, or union type
     typedef typename AdditivityOf<Model, typename Model::Type>::Type Type;
                                                                      ^
In file included from /home/amd_clmc/team/workspace/src/catkin/core-perception/fl/test/gaussian_filter/robust_multi_sensor_gaussian_filter_test.cpp:25:0:
/home/amd_clmc/team/workspace/src/catkin/core-perception/fl/test/gaussian_filter/gaussian_filter_test_suite.hpp: In instantiation of 'void gtest_case_GaussianFilterTest_::predict_loop<gtest_TypeParam_>::TestBody() [with gtest_TypeParam_ = fl::StaticTest<RobustMultiSensorGfTestConfiguration<6, 3, 48, 30> >]':
/home/amd_clmc/team/workspace/src/catkin/core-perception/fl/test/gaussian_filter/robust_multi_sensor_gaussian_filter_test.cpp:128:41:   required from here
/home/amd_clmc/team/workspace/src/catkin/core-perception/fl/test/gaussian_filter/gaussian_filter_test_suite.hpp:246:40: error: 'class fl::RobustMultiSensorGaussianFilter<int, fl::JointObservationModel<fl::MultipleOf<fl::BodyTailObsrvModel<fl::LinearGaussianObservationModel<Eigen::Matrix<double, 3, 1, 0, 3, 1>, Eigen::Matrix<double, 6, 1, 0, 6, 1> >, fl::LinearCauchyObservationModel<Eigen::Matrix<double, 3, 1, 0, 3, 1>, Eigen::Matrix<double, 6, 1, 0, 6, 1> > >, 48> >, fl::UnscentedQuadrature>' has no member named 'create_belief'
     auto belief = filter.create_belief();
                                        ^
/home/amd_clmc/team/workspace/src/catkin/core-perception/fl/test/gaussian_filter/gaussian_filter_test_suite.hpp:252:9: error: 'class fl::RobustMultiSensorGaussianFilter<int, fl::JointObservationModel<fl::MultipleOf<fl::BodyTailObsrvModel<fl::LinearGaussianObservationModel<Eigen::Matrix<double, 3, 1, 0, 3, 1>, Eigen::Matrix<double, 6, 1, 0, 6, 1> >, fl::LinearCauchyObservationModel<Eigen::Matrix<double, 3, 1, 0, 3, 1>, Eigen::Matrix<double, 6, 1, 0, 6, 1> > >, 48> >, fl::UnscentedQuadrature>' has no member named 'predict'
         filter.predict(belief, This::zero_input(filter), belief);
         ^
/home/amd_clmc/team/workspace/src/catkin/core-perception/fl/test/gaussian_filter/gaussian_filter_test_suite.hpp:252:55: error: 'zero_input' is not a member of 'This {aka GaussianFilterTest<fl::StaticTest<RobustMultiSensorGfTestConfiguration<6, 3, 48, 30> > >}'
         filter.predict(belief, This::zero_input(filter), belief);
                                                       ^
/home/amd_clmc/team/workspace/src/catkin/core-perception/fl/test/gaussian_filter/gaussian_filter_test_suite.hpp: In instantiation of 'void gtest_case_GaussianFilterTest_::predict_then_update<gtest_TypeParam_>::TestBody() [with gtest_TypeParam_ = fl::StaticTest<RobustMultiSensorGfTestConfiguration<6, 3, 48, 30> >]':
/home/amd_clmc/team/workspace/src/catkin/core-perception/fl/test/gaussian_filter/robust_multi_sensor_gaussian_filter_test.cpp:128:41:   required from here
/home/amd_clmc/team/workspace/src/catkin/core-perception/fl/test/gaussian_filter/gaussian_filter_test_suite.hpp:205:40: error: 'class fl::RobustMultiSensorGaussianFilter<int, fl::JointObservationModel<fl::MultipleOf<fl::BodyTailObsrvModel<fl::LinearGaussianObservationModel<Eigen::Matrix<double, 3, 1, 0, 3, 1>, Eigen::Matrix<double, 6, 1, 0, 6, 1> >, fl::LinearCauchyObservationModel<Eigen::Matrix<double, 3, 1, 0, 3, 1>, Eigen::Matrix<double, 6, 1, 0, 6, 1> > >, 48> >, fl::UnscentedQuadrature>' has no member named 'create_belief'
     auto belief = filter.create_belief();
                                        ^
/home/amd_clmc/team/workspace/src/catkin/core-perception/fl/test/gaussian_filter/gaussian_filter_test_suite.hpp:215:9: error: 'class fl::RobustMultiSensorGaussianFilter<int, fl::JointObservationModel<fl::MultipleOf<fl::BodyTailObsrvModel<fl::LinearGaussianObservationModel<Eigen::Matrix<double, 3, 1, 0, 3, 1>, Eigen::Matrix<double, 6, 1, 0, 6, 1> >, fl::LinearCauchyObservationModel<Eigen::Matrix<double, 3, 1, 0, 3, 1>, Eigen::Matrix<double, 6, 1, 0, 6, 1> > >, 48> >, fl::UnscentedQuadrature>' has no member named 'predict'
         filter.predict(belief, This::zero_input(filter), belief);
         ^
/home/amd_clmc/team/workspace/src/catkin/core-perception/fl/test/gaussian_filter/gaussian_filter_test_suite.hpp:215:55: error: 'zero_input' is not a member of 'This {aka GaussianFilterTest<fl::StaticTest<RobustMultiSensorGfTestConfiguration<6, 3, 48, 30> > >}'
         filter.predict(belief, This::zero_input(filter), belief);
                                                       ^
/home/amd_clmc/team/workspace/src/catkin/core-perception/fl/test/gaussian_filter/gaussian_filter_test_suite.hpp:226:9: error: 'class fl::RobustMultiSensorGaussianFilter<int, fl::JointObservationModel<fl::MultipleOf<fl::BodyTailObsrvModel<fl::LinearGaussianObservationModel<Eigen::Matrix<double, 3, 1, 0, 3, 1>, Eigen::Matrix<double, 6, 1, 0, 6, 1> >, fl::LinearCauchyObservationModel<Eigen::Matrix<double, 3, 1, 0, 3, 1>, Eigen::Matrix<double, 6, 1, 0, 6, 1> > >, 48> >, fl::UnscentedQuadrature>' has no member named 'update'
         filter.update(belief, This::rand_obsrv(filter), belief);
         ^
In file included from /home/amd_clmc/team/workspace/src/catkin/core-perception/fl/include/fl/filter/gaussian/robust_multi_sensor_gaussian_filter.hpp:34:0,
                 from /home/amd_clmc/team/workspace/src/catkin/core-perception/fl/test/gaussian_filter/robust_multi_sensor_gaussian_filter_test.cpp:28:
/home/amd_clmc/team/workspace/src/catkin/core-perception/fl/include/fl/filter/gaussian/multi_sensor_gaussian_filter.hpp: In instantiation of 'std::string fl::MultiSensorGaussianFilter<StateTransitionFunction, JointObservationFunction, Quadrature>::name() const [with StateTransitionFunction = int; JointObservationFunction = fl::JointObservationModel<fl::MultipleOf<fl::RobustMultiSensorFeatureObsrvModel<fl::BodyTailObsrvModel<fl::LinearGaussianObservationModel<Eigen::Matrix<double, 3, 1, 0, 3, 1>, Eigen::Matrix<double, 6, 1, 0, 6, 1> >, fl::LinearCauchyObservationModel<Eigen::Matrix<double, 3, 1, 0, 3, 1>, Eigen::Matrix<double, 6, 1, 0, 6, 1> > >, 48>, 48> >; Quadrature = fl::UnscentedQuadrature; std::string = std::basic_string<char>]':
/home/amd_clmc/team/workspace/src/catkin/core-perception/fl/include/fl/filter/gaussian/X_robust_multi_sensor_gaussian_filter.hpp:333:51:   required from 'std::string fl::RobustMultiSensorGaussianFilter<StateTransitionFunction, JointObsrvModel, Quadrature>::name() const [with StateTransitionFunction = int; JointObsrvModel = fl::JointObservationModel<fl::MultipleOf<fl::BodyTailObsrvModel<fl::LinearGaussianObservationModel<Eigen::Matrix<double, 3, 1, 0, 3, 1>, Eigen::Matrix<double, 6, 1, 0, 6, 1> >, fl::LinearCauchyObservationModel<Eigen::Matrix<double, 3, 1, 0, 3, 1>, Eigen::Matrix<double, 6, 1, 0, 6, 1> > >, 48> >; Quadrature = fl::UnscentedQuadrature; std::string = std::basic_string<char>]'
/home/amd_clmc/team/workspace/src/catkin/core-perception/fl/test/gaussian_filter/gaussian_filter_test_suite.hpp:203:5:   required from 'void gtest_case_GaussianFilterTest_::predict_then_update<gtest_TypeParam_>::TestBody() [with gtest_TypeParam_ = fl::StaticTest<RobustMultiSensorGfTestConfiguration<6, 3, 48, 30> >]'
/home/amd_clmc/team/workspace/src/catkin/core-perception/fl/test/gaussian_filter/robust_multi_sensor_gaussian_filter_test.cpp:128:41:   required from here
/home/amd_clmc/team/workspace/src/catkin/core-perception/fl/include/fl/filter/gaussian/multi_sensor_gaussian_filter.hpp:113:45: error: 'const class fl::MultiSensorGaussianFilter<int, fl::JointObservationModel<fl::MultipleOf<fl::RobustMultiSensorFeatureObsrvModel<fl::BodyTailObsrvModel<fl::LinearGaussianObservationModel<Eigen::Matrix<double, 3, 1, 0, 3, 1>, Eigen::Matrix<double, 6, 1, 0, 6, 1> >, fl::LinearCauchyObservationModel<Eigen::Matrix<double, 3, 1, 0, 3, 1>, Eigen::Matrix<double, 6, 1, 0, 6, 1> > >, 48>, 48> >, fl::UnscentedQuadrature>' has no member named 'list_arguments'
         return "MultiSensorGaussianFilter<" +
                                             ^
In file included from /home/amd_clmc/team/workspace/src/catkin/core-perception/fl/test/gaussian_filter/robust_multi_sensor_gaussian_filter_test.cpp:25:0:
/home/amd_clmc/team/workspace/src/catkin/core-perception/fl/test/gaussian_filter/gaussian_filter_test_suite.hpp: In instantiation of 'GaussianFilterTest<TestType>::ModelFactory::LinearStateTransition GaussianFilterTest<TestType>::ModelFactory::create_linear_state_model() [with TestType = fl::StaticTest<RobustMultiSensorGfTestConfiguration<6, 3, 48, 30> >; GaussianFilterTest<TestType>::ModelFactory::LinearStateTransition = int]':
/home/amd_clmc/team/workspace/src/catkin/core-perception/fl/test/gaussian_filter/robust_multi_sensor_gaussian_filter_test.cpp:118:46:   required from 'static typename RobustMultiSensorGfTestConfiguration<StateDimension, ObsrvDimension, Count, FilterIterations>::FilterDefinition<ModelFactory>::Type RobustMultiSensorGfTestConfiguration<StateDimension, ObsrvDimension, Count, FilterIterations>::create_filter(ModelFactory&&) [with ModelFactory = GaussianFilterTest<fl::StaticTest<RobustMultiSensorGfTestConfiguration<6, 3, 48, 30> > >::ModelFactory; int StateDimension = 6; int ObsrvDimension = 3; int Count = 48; int FilterIterations = 30; typename RobustMultiSensorGfTestConfiguration<StateDimension, ObsrvDimension, Count, FilterIterations>::FilterDefinition<ModelFactory>::Type = fl::RobustMultiSensorGaussianFilter<int, fl::JointObservationModel<fl::MultipleOf<fl::BodyTailObsrvModel<fl::LinearGaussianObservationModel<Eigen::Matrix<double, 3, 1, 0, 3, 1>, Eigen::Matrix<double, 6, 1, 0, 6, 1> >, fl::LinearCauchyObservationModel<Eigen::Matrix<double, 3, 1, 0, 3, 1>, Eigen::Matrix<double, 6, 1, 0, 6, 1> > >, 48> >, fl::UnscentedQuadrature>]'
/home/amd_clmc/team/workspace/src/catkin/core-perception/fl/test/gaussian_filter/gaussian_filter_test_suite.hpp:154:64:   required from 'GaussianFilterTest<TestType>::Filter GaussianFilterTest<TestType>::create_filter(GaussianFilterTest<TestType>::ModelSetup) const [with TestType = fl::StaticTest<RobustMultiSensorGfTestConfiguration<6, 3, 48, 30> >; GaussianFilterTest<TestType>::Filter = fl::RobustMultiSensorGaussianFilter<int, fl::JointObservationModel<fl::MultipleOf<fl::BodyTailObsrvModel<fl::LinearGaussianObservationModel<Eigen::Matrix<double, 3, 1, 0, 3, 1>, Eigen::Matrix<double, 6, 1, 0, 6, 1> >, fl::LinearCauchyObservationModel<Eigen::Matrix<double, 3, 1, 0, 3, 1>, Eigen::Matrix<double, 6, 1, 0, 6, 1> > >, 48> >, fl::UnscentedQuadrature>]'
/home/amd_clmc/team/workspace/src/catkin/core-perception/fl/test/gaussian_filter/gaussian_filter_test_suite.hpp:245:53:   required from 'void gtest_case_GaussianFilterTest_::predict_loop<gtest_TypeParam_>::TestBody() [with gtest_TypeParam_ = fl::StaticTest<RobustMultiSensorGfTestConfiguration<6, 3, 48, 30> >]'
/home/amd_clmc/team/workspace/src/catkin/core-perception/fl/test/gaussian_filter/robust_multi_sensor_gaussian_filter_test.cpp:128:41:   required from here
/home/amd_clmc/team/workspace/src/catkin/core-perception/fl/test/gaussian_filter/gaussian_filter_test_suite.hpp:95:66: error: expression list treated as compound expression in functional cast [-fpermissive]
             auto model = LinearStateTransition(StateDim, InputDim);
                                                                  ^
/home/amd_clmc/team/workspace/src/catkin/core-perception/fl/test/gaussian_filter/gaussian_filter_test_suite.hpp:95:66: warning: left operand of comma operator has no effect [-Wunused-value]
At global scope:
cc1plus: warning: unrecognized command line option "-Wno-deprecated-register" [enabled by default]
make[3]: make[3]: *** [catkin/core-perception/fl/test/CMakeFiles/multi_sensor_gaussian_filter_test.dir/gaussian_filter/multi_sensor_gaussian_filter_test.cpp.o] Error 1*** [catkin/core-perception/fl/test/CMakeFiles/particle_filter_fixture_test.dir/particle_filter/particle_filter_fixture_test.cpp.o] Error 1

make[2]: *** [catkin/core-perception/fl/test/CMakeFiles/multi_sensor_gaussian_filter_test.dir/all] Error 2
make[2]: *** Waiting for unfinished jobs....
make[2]: *** [catkin/core-perception/fl/test/CMakeFiles/particle_filter_fixture_test.dir/all] Error 2
In file included from /home/amd_clmc/team/workspace/src/catkin/core-perception/fl/test/gaussian_filter/robust_gaussian_filter_test.cpp:28:0:
/home/amd_clmc/team/workspace/src/catkin/core-perception/fl/include/fl/filter/gaussian/robust_gaussian_filter.hpp: In instantiation of 'std::string fl::RobustGaussianFilter<StateTransitionFunction, ObservationFunction, Quadrature, Policies>::description() const [with StateTransitionFunction = int; ObservationFunction = fl::BodyTailObsrvModel<fl::LinearGaussianObservationModel<Eigen::Matrix<double, 1, 1, 0, 1, 1>, Eigen::Matrix<double, 1, 1, 0, 1, 1> >, fl::LinearCauchyObservationModel<Eigen::Matrix<double, 1, 1, 0, 1, 1>, Eigen::Matrix<double, 1, 1, 0, 1, 1> > >; Quadrature = fl::UnscentedQuadrature; Policies = {}; std::string = std::basic_string<char>]':
/home/amd_clmc/team/workspace/src/catkin/core-perception/fl/test/gaussian_filter/robust_gaussian_filter_test.cpp:103:41:   required from here
/home/amd_clmc/team/workspace/src/catkin/core-perception/fl/include/fl/filter/gaussian/robust_gaussian_filter.hpp:247:17: error: 'const BaseGaussianFilter' has no member named 'description'
                 + this->list_descriptions(gaussian_filter_.description());
                 ^
In file included from /home/amd_clmc/team/workspace/src/catkin/core-perception/fl/include/fl/filter/gaussian/robust_multi_sensor_gaussian_filter.hpp:34:0,
                 from /home/amd_clmc/team/workspace/src/catkin/core-perception/fl/test/gaussian_filter/robust_multi_sensor_gaussian_filter_test.cpp:28:
/home/amd_clmc/team/workspace/src/catkin/core-perception/fl/include/fl/filter/gaussian/multi_sensor_gaussian_filter.hpp: In instantiation of 'std::string fl::MultiSensorGaussianFilter<StateTransitionFunction, JointObservationFunction, Quadrature>::description() const [with StateTransitionFunction = int; JointObservationFunction = fl::JointObservationModel<fl::MultipleOf<fl::RobustMultiSensorFeatureObsrvModel<fl::BodyTailObsrvModel<fl::LinearGaussianObservationModel<Eigen::Matrix<double, 3, 1, 0, 3, 1>, Eigen::Matrix<double, 6, 1, 0, 6, 1> >, fl::LinearCauchyObservationModel<Eigen::Matrix<double, 3, 1, 0, 3, 1>, Eigen::Matrix<double, 6, 1, 0, 6, 1> > >, 48>, 48> >; Quadrature = fl::UnscentedQuadrature; std::string = std::basic_string<char>]':
/home/amd_clmc/team/workspace/src/catkin/core-perception/fl/test/gaussian_filter/robust_multi_sensor_gaussian_filter_test.cpp:128:41:   required from here
/home/amd_clmc/team/workspace/src/catkin/core-perception/fl/include/fl/filter/gaussian/multi_sensor_gaussian_filter.hpp:119:52: error: 'const class fl::MultiSensorGaussianFilter<int, fl::JointObservationModel<fl::MultipleOf<fl::RobustMultiSensorFeatureObsrvModel<fl::BodyTailObsrvModel<fl::LinearGaussianObservationModel<Eigen::Matrix<double, 3, 1, 0, 3, 1>, Eigen::Matrix<double, 6, 1, 0, 6, 1> >, fl::LinearCauchyObservationModel<Eigen::Matrix<double, 3, 1, 0, 3, 1>, Eigen::Matrix<double, 6, 1, 0, 6, 1> > >, 48>, 48> >, fl::UnscentedQuadrature>' has no member named 'list_descriptions'
         return "Multi-Sensor Gaussian Filter with" +
                                                    ^
In file included from /usr/include/eigen3/Eigen/Core:254:0,
                 from /usr/include/eigen3/Eigen/Dense:1,
                 from /home/amd_clmc/team/workspace/src/catkin/core-perception/fl/test/gaussian_filter/../typecast.hpp:22,
                 from /home/amd_clmc/team/workspace/src/catkin/core-perception/fl/test/gaussian_filter/sigma_point_quadrature_test.hpp:21,
                 from /home/amd_clmc/team/workspace/build/catkin/core-perception/fl/test/gaussian_filter/sigma_point_quadrature_test_StaticTest_24_3_MonteCarlo.cpp:22:
/usr/include/eigen3/Eigen/src/Core/DenseStorage.h: In instantiation of 'Eigen::internal::plain_array<T, Size, MatrixOrArrayOptions, 16>::plain_array() [with T = double; int Size = 64800; int MatrixOrArrayOptions = 0]':
/usr/include/eigen3/Eigen/src/Core/DenseStorage.h:120:59:   required from 'Eigen::DenseStorage<T, Size, _Rows, _Cols, _Options>::DenseStorage(Eigen::DenseIndex, Eigen::DenseIndex, Eigen::DenseIndex) [with T = double; int Size = 64800; int _Rows = 24; int _Cols = 2700; int _Options = 0; Eigen::DenseIndex = long int]'
/usr/include/eigen3/Eigen/src/Core/PlainObjectBase.h:438:41:   required from 'Eigen::PlainObjectBase<Derived>::PlainObjectBase(Eigen::PlainObjectBase<Derived>::Index, Eigen::PlainObjectBase<Derived>::Index, Eigen::PlainObjectBase<Derived>::Index) [with Derived = Eigen::Matrix<double, 24, 2700, 0, 24, 2700>; Eigen::PlainObjectBase<Derived>::Index = long int]'
/usr/include/eigen3/Eigen/src/Core/Matrix.h:285:75:   required from 'Eigen::Matrix<_Scalar, _Rows, _Cols, _Options, _MaxRows, _MaxCols>::Matrix(const Eigen::Matrix<_Scalar, _Rows, _Cols, _Options, _MaxRows, _MaxCols>&) [with _Scalar = double; int _Rows = 24; int _Cols = 2700; int _Options = 0; int _MaxRows = 24; int _MaxCols = 2700]'
/home/amd_clmc/team/workspace/src/catkin/core-perception/fl/include/fl/filter/gaussian/transform/point_set.hpp:158:7:   required from 'void SigmaPointQuadratureTests<TestType>::propergate_gaussian_pxy_X_Y_Z() [with TestType = fl::StaticTest<TestConfiguration<24, 3, fl::MonteCarloTransform<fl::LinearPointCountPolicy<100> > > >]'
/home/amd_clmc/team/workspace/src/catkin/core-perception/fl/test/gaussian_filter/sigma_point_quadrature_test.hpp:434:48:   required from 'void gtest_case_SigmaPointQuadratureTests_::propergate_gaussian_pxy_X_Y_Z<gtest_TypeParam_>::TestBody() [with gtest_TypeParam_ = fl::StaticTest<TestConfiguration<24, 3, fl::MonteCarloTransform<fl::LinearPointCountPolicy<100> > > >]'
/home/amd_clmc/team/workspace/build/catkin/core-perception/fl/test/gaussian_filter/sigma_point_quadrature_test_StaticTest_24_3_MonteCarlo.cpp:46:15:   required from here
/usr/include/eigen3/Eigen/src/Core/util/StaticAssert.h:32:40: error: static assertion failed: OBJECT_ALLOCATED_ON_STACK_IS_TOO_BIG
     #define EIGEN_STATIC_ASSERT(X,MSG) static_assert(X,#MSG);
                                        ^
/usr/include/eigen3/Eigen/src/Core/DenseStorage.h:79:5: note: in expansion of macro 'EIGEN_STATIC_ASSERT'
     EIGEN_STATIC_ASSERT(Size * sizeof(T) <= 128 * 128 * 8, OBJECT_ALLOCATED_ON_STACK_IS_TOO_BIG);
     ^
/usr/include/eigen3/Eigen/src/Core/DenseStorage.h: In instantiation of 'Eigen::internal::plain_array<T, Size, MatrixOrArrayOptions, 16>::plain_array() [with T = double; int Size = 57600; int MatrixOrArrayOptions = 0]':
/usr/include/eigen3/Eigen/src/Core/DenseStorage.h:120:59:   required from 'Eigen::DenseStorage<T, Size, _Rows, _Cols, _Options>::DenseStorage(Eigen::DenseIndex, Eigen::DenseIndex, Eigen::DenseIndex) [with T = double; int Size = 57600; int _Rows = 24; int _Cols = 2400; int _Options = 0; Eigen::DenseIndex = long int]'
/usr/include/eigen3/Eigen/src/Core/PlainObjectBase.h:438:41:   required from 'Eigen::PlainObjectBase<Derived>::PlainObjectBase(Eigen::PlainObjectBase<Derived>::Index, Eigen::PlainObjectBase<Derived>::Index, Eigen::PlainObjectBase<Derived>::Index) [with Derived = Eigen::Matrix<double, 24, 2400, 0, 24, 2400>; Eigen::PlainObjectBase<Derived>::Index = long int]'
/usr/include/eigen3/Eigen/src/Core/Matrix.h:285:75:   required from 'Eigen::Matrix<_Scalar, _Rows, _Cols, _Options, _MaxRows, _MaxCols>::Matrix(const Eigen::Matrix<_Scalar, _Rows, _Cols, _Options, _MaxRows, _MaxCols>&) [with _Scalar = double; int _Rows = 24; int _Cols = 2400; int _Options = 0; int _MaxRows = 24; int _MaxCols = 2400]'
/home/amd_clmc/team/workspace/src/catkin/core-perception/fl/include/fl/filter/gaussian/transform/point_set.hpp:158:7:   required from 'void SigmaPointQuadratureTests<TestType>::propergate_gaussian_X_Z() [with TestType = fl::StaticTest<TestConfiguration<24, 3, fl::MonteCarloTransform<fl::LinearPointCountPolicy<100> > > >]'
/home/amd_clmc/team/workspace/src/catkin/core-perception/fl/test/gaussian_filter/sigma_point_quadrature_test.hpp:424:42:   required from 'void gtest_case_SigmaPointQuadratureTests_::propergate_gaussian_X_Z<gtest_TypeParam_>::TestBody() [with gtest_TypeParam_ = fl::StaticTest<TestConfiguration<24, 3, fl::MonteCarloTransform<fl::LinearPointCountPolicy<100> > > >]'
/home/amd_clmc/team/workspace/build/catkin/core-perception/fl/test/gaussian_filter/sigma_point_quadrature_test_StaticTest_24_3_MonteCarlo.cpp:46:15:   required from here
/usr/include/eigen3/Eigen/src/Core/util/StaticAssert.h:32:40: error: static assertion failed: OBJECT_ALLOCATED_ON_STACK_IS_TOO_BIG
     #define EIGEN_STATIC_ASSERT(X,MSG) static_assert(X,#MSG);
                                        ^
/usr/include/eigen3/Eigen/src/Core/DenseStorage.h:79:5: note: in expansion of macro 'EIGEN_STATIC_ASSERT'
     EIGEN_STATIC_ASSERT(Size * sizeof(T) <= 128 * 128 * 8, OBJECT_ALLOCATED_ON_STACK_IS_TOO_BIG);
     ^
cc1plus: warning: unrecognized command line option "-Wno-deprecated-register" [enabled by default]
make[3]: *** [catkin/core-perception/fl/test/gaussian_filter/CMakeFiles/sigma_point_quadrature_test_StaticTest_50_50_MonteCarlo_test.dir/sigma_point_quadrature_test_StaticTest_50_50_MonteCarlo.cpp.o] Error 1
make[2]: *** [catkin/core-perception/fl/test/gaussian_filter/CMakeFiles/sigma_point_quadrature_test_StaticTest_50_50_MonteCarlo_test.dir/all] Error 2
/home/amd_clmc/team/workspace/src/catkin/core-perception/fl/include/fl/filter/gaussian/robust_gaussian_filter.hpp: In member function 'std::string fl::RobustGaussianFilter<StateTransitionFunction, ObservationFunction, Quadrature, Policies>::description() const [with StateTransitionFunction = int; ObservationFunction = fl::BodyTailObsrvModel<fl::LinearGaussianObservationModel<Eigen::Matrix<double, 1, 1, 0, 1, 1>, Eigen::Matrix<double, 1, 1, 0, 1, 1> >, fl::LinearCauchyObservationModel<Eigen::Matrix<double, 1, 1, 0, 1, 1>, Eigen::Matrix<double, 1, 1, 0, 1, 1> > >; Quadrature = fl::UnscentedQuadrature; Policies = {}; std::string = std::basic_string<char>]':
/home/amd_clmc/team/workspace/src/catkin/core-perception/fl/include/fl/filter/gaussian/robust_gaussian_filter.hpp:248:5: warning: control reaches end of non-void function [-Wreturn-type]
     }
     ^
/home/amd_clmc/team/workspace/src/catkin/core-perception/fl/include/fl/filter/gaussian/gaussian_filter_linear.hpp: In member function 'std::string fl::GaussianFilter<LinearStateTransitionModel, LinearObservationModel>::description() const [with LinearStateTransitionModel = int; LinearObservationModel = fl::LinearGaussianObservationModel<Eigen::Matrix<double, 2, 1>, Eigen::Matrix<double, 3, 1> >; std::string = std::basic_string<char>]':
/home/amd_clmc/team/workspace/src/catkin/core-perception/fl/include/fl/filter/gaussian/gaussian_filter_linear.hpp:216:5: warning: control reaches end of non-void function [-Wreturn-type]
     }
     ^
/home/amd_clmc/team/workspace/src/catkin/core-perception/fl/include/fl/filter/gaussian/gaussian_filter_linear.hpp: In member function 'std::string fl::GaussianFilter<LinearStateTransitionModel, LinearObservationModel>::name() const [with LinearStateTransitionModel = int; LinearObservationModel = fl::LinearGaussianObservationModel<Eigen::Matrix<double, 2, 1>, Eigen::Matrix<double, 3, 1> >; std::string = std::basic_string<char>]':
/home/amd_clmc/team/workspace/src/catkin/core-perception/fl/include/fl/filter/gaussian/gaussian_filter_linear.hpp:208:5: warning: control reaches end of non-void function [-Wreturn-type]
     }
     ^
/home/amd_clmc/team/workspace/src/catkin/core-perception/fl/include/fl/filter/gaussian/robust_gaussian_filter.hpp: In member function 'std::string fl::RobustGaussianFilter<StateTransitionFunction, ObservationFunction, Quadrature, Policies>::name() const [with StateTransitionFunction = int; ObservationFunction = fl::BodyTailObsrvModel<fl::LinearGaussianObservationModel<Eigen::Matrix<double, 1, 1, 0, 1, 1>, Eigen::Matrix<double, 1, 1, 0, 1, 1> >, fl::LinearCauchyObservationModel<Eigen::Matrix<double, 1, 1, 0, 1, 1>, Eigen::Matrix<double, 1, 1, 0, 1, 1> > >; Quadrature = fl::UnscentedQuadrature; Policies = {}; std::string = std::basic_string<char>]':
/home/amd_clmc/team/workspace/src/catkin/core-perception/fl/include/fl/filter/gaussian/robust_gaussian_filter.hpp:242:5: warning: control reaches end of non-void function [-Wreturn-type]
     }
     ^
At global scope:
cc1plus: warning: unrecognized command line option "-Wno-deprecated-register" [enabled by default]
make[3]: *** [catkin/core-perception/fl/test/CMakeFiles/robust_gaussian_filter_test.dir/gaussian_filter/robust_gaussian_filter_test.cpp.o] Error 1
make[2]: *** [catkin/core-perception/fl/test/CMakeFiles/robust_gaussian_filter_test.dir/all] Error 2
At global scope:
cc1plus: warning: unrecognized command line option "-Wno-deprecated-register" [enabled by default]
make[3]: *** [catkin/core-perception/fl/test/CMakeFiles/gaussian_filter_unscented_kalman_filter_test.dir/gaussian_filter/unscented_kalman_filter_test.cpp.o] Error 1
make[2]: *** [catkin/core-perception/fl/test/CMakeFiles/gaussian_filter_unscented_kalman_filter_test.dir/all] Error 2
/home/amd_clmc/team/workspace/src/catkin/core-perception/fl/include/fl/filter/gaussian/gaussian_filter_linear.hpp: In member function 'std::string fl::GaussianFilter<LinearStateTransitionModel, LinearObservationModel>::description() const [with LinearStateTransitionModel = int; LinearObservationModel = fl::LinearGaussianObservationModel<Eigen::Matrix<double, 10, 1, 0, 10, 1>, Eigen::Matrix<double, 3, 1> >; std::string = std::basic_string<char>]':
/home/amd_clmc/team/workspace/src/catkin/core-perception/fl/include/fl/filter/gaussian/gaussian_filter_linear.hpp:216:5: warning: control reaches end of non-void function [-Wreturn-type]
     }
     ^
/home/amd_clmc/team/workspace/src/catkin/core-perception/fl/include/fl/filter/gaussian/gaussian_filter_linear.hpp: In member function 'std::string fl::GaussianFilter<LinearStateTransitionModel, LinearObservationModel>::name() const [with LinearStateTransitionModel = int; LinearObservationModel = fl::LinearGaussianObservationModel<Eigen::Matrix<double, 10, 1, 0, 10, 1>, Eigen::Matrix<double, 3, 1> >; std::string = std::basic_string<char>]':
/home/amd_clmc/team/workspace/src/catkin/core-perception/fl/include/fl/filter/gaussian/gaussian_filter_linear.hpp:208:5: warning: control reaches end of non-void function [-Wreturn-type]
     }
     ^
At global scope:
cc1plus: warning: unrecognized command line option "-Wno-deprecated-register" [enabled by default]
make[3]: *** [catkin/core-perception/fl/test/CMakeFiles/gaussian_filter_kalman_filter_test.dir/gaussian_filter/kalman_filter_test.cpp.o] Error 1
make[2]: *** [catkin/core-perception/fl/test/CMakeFiles/gaussian_filter_kalman_filter_test.dir/all] Error 2
/home/amd_clmc/team/workspace/src/catkin/core-perception/fl/include/fl/filter/gaussian/multi_sensor_gaussian_filter.hpp: In member function 'std::string fl::MultiSensorGaussianFilter<StateTransitionFunction, JointObservationFunction, Quadrature>::description() const [with StateTransitionFunction = int; JointObservationFunction = fl::JointObservationModel<fl::MultipleOf<fl::RobustMultiSensorFeatureObsrvModel<fl::BodyTailObsrvModel<fl::LinearGaussianObservationModel<Eigen::Matrix<double, 3, 1, 0, 3, 1>, Eigen::Matrix<double, 6, 1, 0, 6, 1> >, fl::LinearCauchyObservationModel<Eigen::Matrix<double, 3, 1, 0, 3, 1>, Eigen::Matrix<double, 6, 1, 0, 6, 1> > >, 48>, 48> >; Quadrature = fl::UnscentedQuadrature; std::string = std::basic_string<char>]':
/home/amd_clmc/team/workspace/src/catkin/core-perception/fl/include/fl/filter/gaussian/multi_sensor_gaussian_filter.hpp:121:5: warning: control reaches end of non-void function [-Wreturn-type]
     }
     ^
/home/amd_clmc/team/workspace/src/catkin/core-perception/fl/include/fl/filter/gaussian/multi_sensor_gaussian_filter.hpp: In member function 'std::string fl::MultiSensorGaussianFilter<StateTransitionFunction, JointObservationFunction, Quadrature>::name() const [with StateTransitionFunction = int; JointObservationFunction = fl::JointObservationModel<fl::MultipleOf<fl::RobustMultiSensorFeatureObsrvModel<fl::BodyTailObsrvModel<fl::LinearGaussianObservationModel<Eigen::Matrix<double, 3, 1, 0, 3, 1>, Eigen::Matrix<double, 6, 1, 0, 6, 1> >, fl::LinearCauchyObservationModel<Eigen::Matrix<double, 3, 1, 0, 3, 1>, Eigen::Matrix<double, 6, 1, 0, 6, 1> > >, 48>, 48> >; Quadrature = fl::UnscentedQuadrature; std::string = std::basic_string<char>]':
/home/amd_clmc/team/workspace/src/catkin/core-perception/fl/include/fl/filter/gaussian/multi_sensor_gaussian_filter.hpp:115:5: warning: control reaches end of non-void function [-Wreturn-type]
     }
     ^
At global scope:
cc1plus: warning: unrecognized command line option "-Wno-deprecated-register" [enabled by default]
make[3]: *** [catkin/core-perception/fl/test/CMakeFiles/robust_multi_sensor_gaussian_filter_test.dir/gaussian_filter/robust_multi_sensor_gaussian_filter_test.cpp.o] Error 1
make[2]: *** [catkin/core-perception/fl/test/CMakeFiles/robust_multi_sensor_gaussian_filter_test.dir/all] Error 2
cc1plus: warning: unrecognized command line option "-Wno-deprecated-register" [enabled by default]
make[3]: *** [catkin/core-perception/fl/test/gaussian_filter/CMakeFiles/gaussian_filter_linear_vs_unscented_kalman_filter_test_StaticTest_20_4_200_DecorrelatedGaussianModel_NonAdditive_AdditiveUncorrelated_test.dir/gaussian_filter_linear_vs_unscented_kalman_filter_test_StaticTest_20_4_200_DecorrelatedGaussianModel_NonAdditive_AdditiveUncorrelated.cpp.o] Error 1
make[2]: *** [catkin/core-perception/fl/test/gaussian_filter/CMakeFiles/gaussian_filter_linear_vs_unscented_kalman_filter_test_StaticTest_20_4_200_DecorrelatedGaussianModel_NonAdditive_AdditiveUncorrelated_test.dir/all] Error 2
cc1plus: warning: unrecognized command line option "-Wno-deprecated-register" [enabled by default]
make[3]: *** [catkin/core-perception/fl/test/gaussian_filter/CMakeFiles/sigma_point_quadrature_test_StaticTest_24_3_MonteCarlo_test.dir/sigma_point_quadrature_test_StaticTest_24_3_MonteCarlo.cpp.o] Error 1
make[2]: *** [catkin/core-perception/fl/test/gaussian_filter/CMakeFiles/sigma_point_quadrature_test_StaticTest_24_3_MonteCarlo_test.dir/all] Error 2
cc1plus: warning: unrecognized command line option "-Wno-deprecated-register" [enabled by default]
make[3]: *** [catkin/core-perception/fl/test/gaussian_filter/CMakeFiles/gaussian_filter_linear_vs_unscented_kalman_filter_test_StaticTest_2_4_200_DecorrelatedGaussianModel_NonAdditive_NonAdditive_test.dir/gaussian_filter_linear_vs_unscented_kalman_filter_test_StaticTest_2_4_200_DecorrelatedGaussianModel_NonAdditive_NonAdditive.cpp.o] Error 1
make[2]: *** [catkin/core-perception/fl/test/gaussian_filter/CMakeFiles/gaussian_filter_linear_vs_unscented_kalman_filter_test_StaticTest_2_4_200_DecorrelatedGaussianModel_NonAdditive_NonAdditive_test.dir/all] Error 2
make[1]: *** [CMakeFiles/run_tests.dir/rule] Error 2
make: *** [run_tests] Error 2
Base path: /home/amd_clmc/team/workspace
Source space: /home/amd_clmc/team/workspace/src
Build space: /home/amd_clmc/team/workspace/build
Devel space: /home/amd_clmc/team/workspace/devel
Install space: /home/amd_clmc/team/workspace/install
####
#### Running command: "make cmake_check_build_system" in "/home/amd_clmc/team/workspace/build"
####
####
#### Running command: "make -j run_tests" in "/home/amd_clmc/team/workspace/build"
####
Invoking "make -j run_tests" failed
