COMMAND:catkin_make -j install
------------------------------
-- The C compiler identification is GNU 4.8.4
-- The CXX compiler identification is GNU 4.8.4
-- Check for working C compiler: /usr/bin/cc
-- Check for working C compiler: /usr/bin/cc -- works
-- Detecting C compiler ABI info
-- Detecting C compiler ABI info - done
-- Check for working CXX compiler: /usr/bin/c++
-- Check for working CXX compiler: /usr/bin/c++ -- works
-- Detecting CXX compiler ABI info
-- Detecting CXX compiler ABI info - done
-- Using CATKIN_DEVEL_PREFIX: /home/amd_clmc/team/workspace/devel
-- Using CMAKE_PREFIX_PATH: /opt/ros/indigo
-- This workspace overlays: /opt/ros/indigo
-- Found PythonInterp: /usr/bin/python (found version "2.7.6") 
-- Using PYTHON_EXECUTABLE: /usr/bin/python
-- Python version: 2.7
-- Using Debian Python package layout
-- Using CATKIN_ENABLE_TESTING: ON
-- Call enable_testing()
-- Using CATKIN_TEST_RESULTS_DIR: /home/amd_clmc/team/workspace/build/test_results
-- Looking for include file pthread.h
-- Looking for include file pthread.h - found
-- Looking for pthread_create
-- Looking for pthread_create - not found
-- Looking for pthread_create in pthreads
-- Looking for pthread_create in pthreads - not found
-- Looking for pthread_create in pthread
-- Looking for pthread_create in pthread - found
-- Found Threads: TRUE  
-- Found gtest sources under '/usr/src/gtest': gtests will be built
-- catkin 0.5.90
-- BUILD_SHARED_LIBS is on
WARNING: Package "ompl" does not follow the version conventions. It should not contain leading zeros (unless the number is 0).
-- ~~~~~~~~~~~~~~~~~~~~~~~~~~~~~~~~~~~~~~~~~~~~~~~~~
-- ~~  traversing 9 packages in topological order:
-- ~~  - fl
-- ~~  - osr
-- ~~  - dbot
-- ~~  - sab_data
-- ~~  - dbot_ros_msgs
-- ~~  - rgbd_capture
-- ~~  - opi
-- ~~  - dbot_ros
-- ~~  - table_object_finder
-- ~~~~~~~~~~~~~~~~~~~~~~~~~~~~~~~~~~~~~~~~~~~~~~~~~
-- +++ processing catkin package: 'fl'
-- ==> add_subdirectory(catkin/core-perception/fl)
-- Found PkgConfig: /usr/bin/pkg-config (found version "0.26") 
-- checking for module 'eigen3'
--   found eigen3, version 3.2.0
-- Found Eigen: /usr/include/eigen3  
-- Eigen found (include: /usr/include/eigen3)
-- Boost version: 1.54.0
-- Found Doxygen: /usr/bin/doxygen (found suitable version "1.8.6", minimum required is "1.8.4") 
-- +++ processing catkin package: 'osr'
-- ==> add_subdirectory(catkin/utils/osr)
-- Eigen found (include: /usr/include/eigen3)
-- Using catkin
-- +++ processing catkin package: 'dbot'
-- ==> add_subdirectory(catkin/core-perception/dbot)
-- Eigen found (include: /usr/include/eigen3)
-- Boost version: 1.54.0
-- Found the following Boost libraries:
--   system
--   filesystem
-- Looking for XOpenDisplay in /usr/lib/x86_64-linux-gnu/libX11.so;/usr/lib/x86_64-linux-gnu/libXext.so
-- Looking for XOpenDisplay in /usr/lib/x86_64-linux-gnu/libX11.so;/usr/lib/x86_64-linux-gnu/libXext.so - found
-- Looking for gethostbyname
-- Looking for gethostbyname - found
-- Looking for connect
-- Looking for connect - found
-- Looking for remove
-- Looking for remove - found
-- Looking for shmat
-- Looking for shmat - found
-- Looking for IceConnectionNumber in ICE
-- Looking for IceConnectionNumber in ICE - found
-- Found X11: /usr/lib/x86_64-linux-gnu/libX11.so
-- Using catkin
-- +++ processing catkin package: 'sab_data'
-- ==> add_subdirectory(catkin/ros/sab_data)
-- +++ processing catkin package: 'dbot_ros_msgs'
-- ==> add_subdirectory(catkin/ros/dbot_ros_msgs)
-- Using these message generators: gencpp;genlisp;genpy
-- dbot_ros_msgs: 3 messages, 3 services
-- +++ processing catkin package: 'rgbd_capture'
-- ==> add_subdirectory(catkin/ros/rgbd_capture)
-- Boost version: 1.54.0
-- +++ processing catkin package: 'opi'
-- ==> add_subdirectory(catkin/core-perception/opi)
-- Eigen found (include: /usr/include/eigen3)
-- Using these message generators: gencpp;genlisp;genpy
-- +++ processing catkin package: 'dbot_ros'
-- ==> add_subdirectory(catkin/ros/dbot_ros)
-- Using these message generators: gencpp;genlisp;genpy
-- Boost version: 1.54.0
-- Eigen found (include: /usr/include/eigen3)
-- +++ processing catkin package: 'table_object_finder'
-- ==> add_subdirectory(catkin/ros/table_object_finder)
-- Using these message generators: gencpp;genlisp;genpy
-- Boost version: 1.54.0
-- Eigen found (include: /usr/include/eigen3)
-- Found eigen: /usr/include/eigen3  
-- Boost version: 1.54.0
-- Found the following Boost libraries:
--   system
--   filesystem
--   thread
--   date_time
--   iostreams
--   serialization
-- checking for module 'openni-dev'
--   package 'openni-dev' not found
-- Found openni: /usr/lib/libOpenNI.so  
-- Found libusb-1.0: /usr/include  
-- checking for module 'flann'
--   found flann, version 1.8.4
-- Found Flann: /usr/lib/x86_64-linux-gnu/libflann_cpp_s.a  
-- checking for module 'openni-dev'
--   package 'openni-dev' not found
-- Found qhull: /usr/lib/x86_64-linux-gnu/libqhull.so  
-- checking for module 'openni-dev'
--   package 'openni-dev' not found
-- looking for PCL_COMMON
-- Found PCL_COMMON: /usr/lib/libpcl_common.so  
-- looking for PCL_OCTREE
-- Found PCL_OCTREE: /usr/lib/libpcl_octree.so  
-- looking for PCL_IO
-- Found PCL_IO: /usr/lib/libpcl_io.so  
-- looking for PCL_KDTREE
-- Found PCL_KDTREE: /usr/lib/libpcl_kdtree.so  
-- looking for PCL_SEARCH
-- Found PCL_SEARCH: /usr/lib/libpcl_search.so  
-- looking for PCL_SAMPLE_CONSENSUS
-- Found PCL_SAMPLE_CONSENSUS: /usr/lib/libpcl_sample_consensus.so  
-- looking for PCL_FILTERS
-- Found PCL_FILTERS: /usr/lib/libpcl_filters.so  
-- looking for PCL_FEATURES
-- Found PCL_FEATURES: /usr/lib/libpcl_features.so  
-- looking for PCL_KEYPOINTS
-- Found PCL_KEYPOINTS: /usr/lib/libpcl_keypoints.so  
-- looking for PCL_GEOMETRY
-- Found PCL_GEOMETRY: /usr/include/pcl-1.7  
-- looking for PCL_SEGMENTATION
-- Found PCL_SEGMENTATION: /usr/lib/libpcl_segmentation.so  
-- looking for PCL_VISUALIZATION
-- Found PCL_VISUALIZATION: /usr/lib/libpcl_visualization.so  
-- looking for PCL_OUTOFCORE
-- Found PCL_OUTOFCORE: /usr/lib/libpcl_outofcore.so  
-- looking for PCL_REGISTRATION
-- Found PCL_REGISTRATION: /usr/lib/libpcl_registration.so  
-- looking for PCL_RECOGNITION
-- Found PCL_RECOGNITION: /usr/lib/libpcl_recognition.so  
-- looking for PCL_SURFACE
-- Found PCL_SURFACE: /usr/lib/libpcl_surface.so  
-- looking for PCL_PEOPLE
-- Found PCL_PEOPLE: /usr/lib/libpcl_people.so  
-- looking for PCL_TRACKING
-- Found PCL_TRACKING: /usr/lib/libpcl_tracking.so  
-- looking for PCL_APPS
-- Found PCL_APPS: /usr/lib/libpcl_apps.so  
-- Found PCL: /usr/lib/x86_64-linux-gnu/libboost_system.so;/usr/lib/x86_64-linux-gnu/libboost_filesystem.so;/usr/lib/x86_64-linux-gnu/libboost_thread.so;/usr/lib/x86_64-linux-gnu/libboost_date_time.so;/usr/lib/x86_64-linux-gnu/libboost_iostreams.so;/usr/lib/x86_64-linux-gnu/libboost_serialization.so;/usr/lib/x86_64-linux-gnu/libpthread.so;optimized;/usr/lib/libpcl_common.so;debug;/usr/lib/libpcl_common.so;optimized;/usr/lib/libpcl_octree.so;debug;/usr/lib/libpcl_octree.so;/usr/lib/libOpenNI.so;vtkCommon;vtkRendering;vtkHybrid;vtkCharts;optimized;/usr/lib/libpcl_io.so;debug;/usr/lib/libpcl_io.so;optimized;/usr/lib/x86_64-linux-gnu/libflann_cpp_s.a;debug;/usr/lib/x86_64-linux-gnu/libflann_cpp_s.a;optimized;/usr/lib/libpcl_kdtree.so;debug;/usr/lib/libpcl_kdtree.so;optimized;/usr/lib/libpcl_search.so;debug;/usr/lib/libpcl_search.so;optimized;/usr/lib/libpcl_sample_consensus.so;debug;/usr/lib/libpcl_sample_consensus.so;optimized;/usr/lib/libpcl_filters.so;debug;/usr/lib/libpcl_filters.so;optimized;/usr/lib/libpcl_features.so;debug;/usr/lib/libpcl_features.so;optimized;/usr/lib/libpcl_keypoints.so;debug;/usr/lib/libpcl_keypoints.so;optimized;/usr/lib/libpcl_segmentation.so;debug;/usr/lib/libpcl_segmentation.so;optimized;/usr/lib/libpcl_visualization.so;debug;/usr/lib/libpcl_visualization.so;optimized;/usr/lib/libpcl_outofcore.so;debug;/usr/lib/libpcl_outofcore.so;optimized;/usr/lib/libpcl_registration.so;debug;/usr/lib/libpcl_registration.so;optimized;/usr/lib/libpcl_recognition.so;debug;/usr/lib/libpcl_recognition.so;optimized;/usr/lib/x86_64-linux-gnu/libqhull.so;debug;/usr/lib/x86_64-linux-gnu/libqhull.so;optimized;/usr/lib/libpcl_surface.so;debug;/usr/lib/libpcl_surface.so;optimized;/usr/lib/libpcl_people.so;debug;/usr/lib/libpcl_people.so;optimized;/usr/lib/libpcl_tracking.so;debug;/usr/lib/libpcl_tracking.so;optimized;/usr/lib/libpcl_apps.so;debug;/usr/lib/libpcl_apps.so;/usr/lib/x86_64-linux-gnu/libboost_system.so;/usr/lib/x86_64-linux-gnu/libboost_filesystem.so;/usr/lib/x86_64-linux-gnu/libboost_thread.so;/usr/lib/x86_64-linux-gnu/libboost_date_time.so;/usr/lib/x86_64-linux-gnu/libboost_iostreams.so;/usr/lib/x86_64-linux-gnu/libboost_serialization.so;/usr/lib/x86_64-linux-gnu/libpthread.so;optimized;/usr/lib/x86_64-linux-gnu/libqhull.so;debug;/usr/lib/x86_64-linux-gnu/libqhull.so;/usr/lib/libOpenNI.so;optimized;/usr/lib/x86_64-linux-gnu/libflann_cpp_s.a;debug;/usr/lib/x86_64-linux-gnu/libflann_cpp_s.a;vtkCommon;vtkRendering;vtkHybrid;vtkCharts (Required is at least version "1.3") 
-- Configuring done
-- Generating done
-- Build files have been written to: /home/amd_clmc/team/workspace/build
Scanning dependencies of target fl
Scanning dependencies of target osr
Scanning dependencies of target _dbot_ros_msgs_generate_messages_check_deps_ObjectOri
Scanning dependencies of target gtest
Scanning dependencies of target _dbot_ros_msgs_generate_messages_check_deps_TrackObject
Scanning dependencies of target _dbot_ros_msgs_generate_messages_check_deps_RunObjectTracker
Scanning dependencies of target _dbot_ros_msgs_generate_messages_check_deps_ObjectsState
Scanning dependencies of target geometry_msgs_generate_messages_lisp
Linking CXX shared library /home/amd_clmc/team/workspace/devel/lib/libfl.so
Scanning dependencies of target std_msgs_generate_messages_py
Scanning dependencies of target _dbot_ros_msgs_generate_messages_check_deps_FindObject
Scanning dependencies of target geometry_msgs_generate_messages_py
Scanning dependencies of target _dbot_ros_msgs_generate_messages_check_deps_ObjectState
Scanning dependencies of target std_msgs_generate_messages_lisp
Scanning dependencies of target std_msgs_generate_messages_cpp
Scanning dependencies of target geometry_msgs_generate_messages_cpp
Linking CXX shared library /home/amd_clmc/team/workspace/devel/lib/libosr.so
[  2%] Scanning dependencies of target rgbd_capture
[  2%] Built target geometry_msgs_generate_messages_lisp
[  2%] Built target std_msgs_generate_messages_py
[  2%] [  2%] [  2%] [  2%] Building CXX object gtest/CMakeFiles/gtest.dir/src/gtest-all.cc.o
Built target geometry_msgs_generate_messages_cpp
Built target std_msgs_generate_messages_cpp
Built target geometry_msgs_generate_messages_py
Built target std_msgs_generate_messages_lisp
[  4%] [  4%] [  7%] Building CXX object catkin/ros/rgbd_capture/CMakeFiles/rgbd_capture.dir/src/rgbd_capture.cpp.o
Building C object catkin/ros/rgbd_capture/CMakeFiles/rgbd_capture.dir/src/rainbow.c.o
Building CXX object catkin/ros/rgbd_capture/CMakeFiles/rgbd_capture.dir/src/kinect.cc.o
[  7%] Built target fl
[  7%] Built target osr
[  7%] Built target _dbot_ros_msgs_generate_messages_check_deps_TrackObject
[  7%] Built target _dbot_ros_msgs_generate_messages_check_deps_ObjectOri
[  7%] [  7%] Built target _dbot_ros_msgs_generate_messages_check_deps_RunObjectTracker
Built target _dbot_ros_msgs_generate_messages_check_deps_ObjectsState
[  7%] [  7%] Built target _dbot_ros_msgs_generate_messages_check_deps_FindObject
Built target _dbot_ros_msgs_generate_messages_check_deps_ObjectState
Scanning dependencies of target opi
Scanning dependencies of target dbot_ros_msgs_generate_messages_lisp
Scanning dependencies of target dbot_ros_msgs_generate_messages_py
Scanning dependencies of target dbot_ros_msgs_generate_messages_cpp
[  7%] [  9%] [ 11%] [ 14%] [ 16%] [ 16%] [ 21%] [ 21%] [ 21%] [ 23%] [ 23%] [ 23%] [ 26%] [ 28%] [ 30%] [ 30%] [ 33%] [ 33%] Generating Python from MSG dbot_ros_msgs/ObjectState
Generating Python from MSG dbot_ros_msgs/ObjectsState
Generating Lisp code from dbot_ros_msgs/TrackObject.srv
Generating Python from MSG dbot_ros_msgs/ObjectOri
Generating Python code from SRV dbot_ros_msgs/TrackObject
Generating Lisp code from dbot_ros_msgs/ObjectsState.msg
Generating Lisp code from dbot_ros_msgs/ObjectOri.msg
Generating C++ code from dbot_ros_msgs/ObjectsState.msg
Generating Python code from SRV dbot_ros_msgs/RunObjectTracker
Generating C++ code from dbot_ros_msgs/RunObjectTracker.srv
Generating Python code from SRV dbot_ros_msgs/FindObject
Generating Lisp code from dbot_ros_msgs/ObjectState.msg
Generating Lisp code from dbot_ros_msgs/RunObjectTracker.srv
Generating C++ code from dbot_ros_msgs/TrackObject.srv
Generating C++ code from dbot_ros_msgs/ObjectState.msg
Generating Lisp code from dbot_ros_msgs/FindObject.srv
Generating C++ code from dbot_ros_msgs/FindObject.srv
Generating C++ code from dbot_ros_msgs/ObjectOri.msg
[ 33%] Building CXX object catkin/core-perception/opi/CMakeFiles/opi.dir/src/interactive_marker_initializer.cpp.o
[ 35%] [ 35%] Built target dbot_ros_msgs_generate_messages_lisp
[ 38%] Generating Python msg __init__.py for dbot_ros_msgs
Generating Python srv __init__.py for dbot_ros_msgs
Scanning dependencies of target dbot
[ 38%] Built target dbot_ros_msgs_generate_messages_py
[ 38%] [ 40%] [ 42%] [ 45%] [ 45%] [ 47%] [ 50%] [ 52%] [ 52%] [ 52%] [ 54%] [ 54%] [ 54%] Building CXX object catkin/core-perception/dbot/CMakeFiles/dbot.dir/src/dbot/util/object_model.cpp.o
[ 57%] [ 59%] [ 61%] Building CXX object catkin/core-perception/dbot/CMakeFiles/dbot.dir/src/dbot/util/simple_wavefront_object_loader.cpp.o
[ 64%] Building CXX object catkin/core-perception/dbot/CMakeFiles/dbot.dir/src/dbot/util/simple_shader_provider.cpp.o
Building CXX object catkin/core-perception/dbot/CMakeFiles/dbot.dir/src/dbot/util/camera_data.cpp.o
Building CXX object catkin/core-perception/dbot/CMakeFiles/dbot.dir/src/dbot/util/virtual_camera_data_provider.cpp.o
Building CXX object catkin/core-perception/dbot/CMakeFiles/dbot.dir/src/dbot/util/rigid_body_renderer.cpp.o
Building CXX object catkin/core-perception/dbot/CMakeFiles/dbot.dir/src/dbot/util/object_resource_identifier.cpp.o
Building CXX object catkin/core-perception/dbot/CMakeFiles/dbot.dir/src/dbot/util/simple_camera_data_provider.cpp.o
Building CXX object catkin/core-perception/dbot/CMakeFiles/dbot.dir/src/dbot/util/file_shader_provider.cpp.o
Building CXX object catkin/core-perception/dbot/CMakeFiles/dbot.dir/src/dbot/util/object_file_reader.cpp.o
Building CXX object catkin/core-perception/dbot/CMakeFiles/dbot.dir/src/dbot/util/default_shader_provider.cpp.o
Building CXX object catkin/core-perception/dbot/CMakeFiles/dbot.dir/src/dbot/tracker/object_tracker.cpp.o
Building CXX object catkin/core-perception/dbot/CMakeFiles/dbot.dir/src/dbot/tracker/rbc_particle_filter_object_tracker.cpp.o
Building CXX object catkin/core-perception/dbot/CMakeFiles/dbot.dir/src/dbot/tracker/builder/rms_gaussian_filter_tracker_builder.cpp.o
Building CXX object catkin/core-perception/dbot/CMakeFiles/dbot.dir/src/dbot/tracker/builder/rb_observation_model_builder.cpp.o
Building CXX object catkin/core-perception/dbot/CMakeFiles/dbot.dir/src/dbot/tracker/builder/rbc_particle_filter_tracker_builder.cpp.o
Building CXX object catkin/core-perception/dbot/CMakeFiles/dbot.dir/src/dbot/tracker/rms_gaussian_filter_object_tracker.cpp.o
[ 64%] Built target dbot_ros_msgs_generate_messages_cpp
Scanning dependencies of target dbot_ros_msgs_generate_messages
[ 64%] Built target dbot_ros_msgs_generate_messages
Linking CXX shared library libgtest.so
[ 64%] Built target gtest
Scanning dependencies of target gtest_main
[ 64%] Building CXX object gtest/CMakeFiles/gtest_main.dir/src/gtest_main.cc.o
Linking CXX shared library libgtest_main.so
[ 64%] Built target gtest_main
Scanning dependencies of target composed_vector_test
Scanning dependencies of target euler_vector_test
Scanning dependencies of target pose_velocity_vector_test
[ 66%] Scanning dependencies of target pose_vector_test
[ 66%] Building CXX object catkin/utils/osr/test/CMakeFiles/composed_vector_test.dir/composed_vector_test.cpp.o
[ 66%] Building CXX object catkin/utils/osr/test/CMakeFiles/euler_vector_test.dir/euler_vector_test.cpp.o
[ 69%] Building CXX object catkin/utils/osr/test/CMakeFiles/pose_velocity_vector_test.dir/pose_velocity_vector_test.cpp.o
Building CXX object catkin/utils/osr/test/CMakeFiles/pose_vector_test.dir/pose_vector_test.cpp.o
Linking CXX executable /home/amd_clmc/team/workspace/devel/lib/osr/euler_vector_test
[ 69%] Built target euler_vector_test
In file included from /home/amd_clmc/team/workspace/src/catkin/ros/rgbd_capture/src/rgbd_capture.cpp:47:0:
/home/amd_clmc/team/workspace/src/catkin/ros/rgbd_capture/include/rgbd_capture/utils.h: In function 'void operator>>(const YAML::Node&, Matrix&)':
/home/amd_clmc/team/workspace/src/catkin/ros/rgbd_capture/include/rgbd_capture/utils.h:50:16: error: no match for 'operator>>' (operand types are 'const YAML::Node' and 'int')
   node["rows"] >> cam_mat.rows;
                ^
/home/amd_clmc/team/workspace/src/catkin/ros/rgbd_capture/include/rgbd_capture/utils.h:50:16: note: candidate is:
/home/amd_clmc/team/workspace/src/catkin/ros/rgbd_capture/include/rgbd_capture/utils.h:48:6: note: void operator>>(const YAML::Node&, Matrix&)
 void operator >> (const YAML::Node& node, Matrix& cam_mat) 
      ^
/home/amd_clmc/team/workspace/src/catkin/ros/rgbd_capture/include/rgbd_capture/utils.h:48:6: note:   no known conversion for argument 2 from 'int' to 'Matrix&'
/home/amd_clmc/team/workspace/src/catkin/ros/rgbd_capture/include/rgbd_capture/utils.h:51:16: error: no match for 'operator>>' (operand types are 'const YAML::Node' and 'int')
   node["cols"] >> cam_mat.cols;
                ^
/home/amd_clmc/team/workspace/src/catkin/ros/rgbd_capture/include/rgbd_capture/utils.h:51:16: note: candidate is:
/home/amd_clmc/team/workspace/src/catkin/ros/rgbd_capture/include/rgbd_capture/utils.h:48:6: note: void operator>>(const YAML::Node&, Matrix&)
 void operator >> (const YAML::Node& node, Matrix& cam_mat) 
      ^
/home/amd_clmc/team/workspace/src/catkin/ros/rgbd_capture/include/rgbd_capture/utils.h:48:6: note:   no known conversion for argument 2 from 'int' to 'Matrix&'
/home/amd_clmc/team/workspace/src/catkin/ros/rgbd_capture/include/rgbd_capture/utils.h:52:16: error: no match for 'operator>>' (operand types are 'const YAML::Node' and 'std::vector<float>')
   node["data"] >> cam_mat.data;
                ^
/home/amd_clmc/team/workspace/src/catkin/ros/rgbd_capture/include/rgbd_capture/utils.h:52:16: note: candidates are:
/home/amd_clmc/team/workspace/src/catkin/ros/rgbd_capture/include/rgbd_capture/utils.h:48:6: note: void operator>>(const YAML::Node&, Matrix&)
 void operator >> (const YAML::Node& node, Matrix& cam_mat) 
      ^
/home/amd_clmc/team/workspace/src/catkin/ros/rgbd_capture/include/rgbd_capture/utils.h:48:6: note:   no known conversion for argument 2 from 'std::vector<float>' to 'Matrix&'
In file included from /usr/include/opencv2/contrib/retina.hpp:76:0,
                 from /usr/include/opencv2/contrib/contrib.hpp:979,
                 from /usr/include/opencv2/opencv.hpp:59,
                 from /home/amd_clmc/team/workspace/src/catkin/ros/rgbd_capture/include/rgbd_capture/rgbd_capture.h:65,
                 from /home/amd_clmc/team/workspace/src/catkin/ros/rgbd_capture/src/rgbd_capture.cpp:46:
/usr/include/c++/4.8/valarray:1176:1: note: template<class _Tp> std::_Expr<std::_BinClos<std::__shift_right, std::_Constant, std::_ValArray, _Tp, _Tp>, typename std::__fun<std::__shift_right, _Tp>::result_type> std::operator>>(const _Tp&, const std::valarray<_Tp>&)
 _DEFINE_BINARY_OPERATOR(>>, __shift_right)
 ^
/usr/include/c++/4.8/valarray:1176:1: note:   template argument deduction/substitution failed:
In file included from /home/amd_clmc/team/workspace/src/catkin/ros/rgbd_capture/src/rgbd_capture.cpp:47:0:
/home/amd_clmc/team/workspace/src/catkin/ros/rgbd_capture/include/rgbd_capture/utils.h:52:27: note:   'std::vector<float>' is not derived from 'const std::valarray<_Tp>'
   node["data"] >> cam_mat.data;
                           ^
In file included from /usr/include/opencv2/contrib/retina.hpp:76:0,
                 from /usr/include/opencv2/contrib/contrib.hpp:979,
                 from /usr/include/opencv2/opencv.hpp:59,
                 from /home/amd_clmc/team/workspace/src/catkin/ros/rgbd_capture/include/rgbd_capture/rgbd_capture.h:65,
                 from /home/amd_clmc/team/workspace/src/catkin/ros/rgbd_capture/src/rgbd_capture.cpp:46:
/usr/include/c++/4.8/valarray:1176:1: note: template<class _Tp> std::_Expr<std::_BinClos<std::__shift_right, std::_ValArray, std::_Constant, _Tp, _Tp>, typename std::__fun<std::__shift_right, _Tp>::result_type> std::operator>>(const std::valarray<_Tp>&, const _Tp&)
 _DEFINE_BINARY_OPERATOR(>>, __shift_right)
 ^
/usr/include/c++/4.8/valarray:1176:1: note:   template argument deduction/substitution failed:
In file included from /home/amd_clmc/team/workspace/src/catkin/ros/rgbd_capture/src/rgbd_capture.cpp:47:0:
/home/amd_clmc/team/workspace/src/catkin/ros/rgbd_capture/include/rgbd_capture/utils.h:52:27: note:   'const YAML::Node' is not derived from 'const std::valarray<_Tp>'
   node["data"] >> cam_mat.data;
                           ^
In file included from /usr/include/opencv2/contrib/retina.hpp:76:0,
                 from /usr/include/opencv2/contrib/contrib.hpp:979,
                 from /usr/include/opencv2/opencv.hpp:59,
                 from /home/amd_clmc/team/workspace/src/catkin/ros/rgbd_capture/include/rgbd_capture/rgbd_capture.h:65,
                 from /home/amd_clmc/team/workspace/src/catkin/ros/rgbd_capture/src/rgbd_capture.cpp:46:
/usr/include/c++/4.8/valarray:1176:1: note: template<class _Tp> std::_Expr<std::_BinClos<std::__shift_right, std::_ValArray, std::_ValArray, _Tp, _Tp>, typename std::__fun<std::__shift_right, _Tp>::result_type> std::operator>>(const std::valarray<_Tp>&, const std::valarray<_Tp>&)
 _DEFINE_BINARY_OPERATOR(>>, __shift_right)
 ^
/usr/include/c++/4.8/valarray:1176:1: note:   template argument deduction/substitution failed:
In file included from /home/amd_clmc/team/workspace/src/catkin/ros/rgbd_capture/src/rgbd_capture.cpp:47:0:
/home/amd_clmc/team/workspace/src/catkin/ros/rgbd_capture/include/rgbd_capture/utils.h:52:27: note:   'const YAML::Node' is not derived from 'const std::valarray<_Tp>'
   node["data"] >> cam_mat.data;
                           ^
In file included from /usr/include/c++/4.8/valarray:587:0,
                 from /usr/include/opencv2/contrib/retina.hpp:76,
                 from /usr/include/opencv2/contrib/contrib.hpp:979,
                 from /usr/include/opencv2/opencv.hpp:59,
                 from /home/amd_clmc/team/workspace/src/catkin/ros/rgbd_capture/include/rgbd_capture/rgbd_capture.h:65,
                 from /home/amd_clmc/team/workspace/src/catkin/ros/rgbd_capture/src/rgbd_capture.cpp:46:
/usr/include/c++/4.8/bits/valarray_after.h:411:5: note: template<class _Dom> std::_Expr<std::_BinClos<std::__shift_right, std::_ValArray, std::_Expr, typename _Dom::value_type, _Dom>, typename std::__fun<std::__shift_right, typename _Dom1::value_type>::result_type> std::operator>>(const std::valarray<typename _Dom::value_type>&, const std::_Expr<_Dom1, typename _Dom1::value_type>&)
     _DEFINE_EXPR_BINARY_OPERATOR(>>, __shift_right)
     ^
/usr/include/c++/4.8/bits/valarray_after.h:411:5: note:   template argument deduction/substitution failed:
In file included from /home/amd_clmc/team/workspace/src/catkin/ros/rgbd_capture/src/rgbd_capture.cpp:47:0:
/home/amd_clmc/team/workspace/src/catkin/ros/rgbd_capture/include/rgbd_capture/utils.h:52:27: note:   'const YAML::Node' is not derived from 'const std::valarray<typename _Dom::value_type>'
   node["data"] >> cam_mat.data;
                           ^
In file included from /usr/include/c++/4.8/valarray:587:0,
                 from /usr/include/opencv2/contrib/retina.hpp:76,
                 from /usr/include/opencv2/contrib/contrib.hpp:979,
                 from /usr/include/opencv2/opencv.hpp:59,
                 from /home/amd_clmc/team/workspace/src/catkin/ros/rgbd_capture/include/rgbd_capture/rgbd_capture.h:65,
                 from /home/amd_clmc/team/workspace/src/catkin/ros/rgbd_capture/src/rgbd_capture.cpp:46:
/usr/include/c++/4.8/bits/valarray_after.h:411:5: note: template<class _Dom> std::_Expr<std::_BinClos<std::__shift_right, std::_Expr, std::_ValArray, _Dom, typename _Dom::value_type>, typename std::__fun<std::__shift_right, typename _Dom1::value_type>::result_type> std::operator>>(const std::_Expr<_Dom1, typename _Dom1::value_type>&, const std::valarray<typename _Dom::value_type>&)
     _DEFINE_EXPR_BINARY_OPERATOR(>>, __shift_right)
     ^
/usr/include/c++/4.8/bits/valarray_after.h:411:5: note:   template argument deduction/substitution failed:
In file included from /home/amd_clmc/team/workspace/src/catkin/ros/rgbd_capture/src/rgbd_capture.cpp:47:0:
/home/amd_clmc/team/workspace/src/catkin/ros/rgbd_capture/include/rgbd_capture/utils.h:52:27: note:   'const YAML::Node' is not derived from 'const std::_Expr<_Dom1, typename _Dom1::value_type>'
   node["data"] >> cam_mat.data;
                           ^
In file included from /usr/include/c++/4.8/valarray:587:0,
                 from /usr/include/opencv2/contrib/retina.hpp:76,
                 from /usr/include/opencv2/contrib/contrib.hpp:979,
                 from /usr/include/opencv2/opencv.hpp:59,
                 from /home/amd_clmc/team/workspace/src/catkin/ros/rgbd_capture/include/rgbd_capture/rgbd_capture.h:65,
                 from /home/amd_clmc/team/workspace/src/catkin/ros/rgbd_capture/src/rgbd_capture.cpp:46:
/usr/include/c++/4.8/bits/valarray_after.h:411:5: note: template<class _Dom> std::_Expr<std::_BinClos<std::__shift_right, std::_Constant, std::_Expr, typename _Dom::value_type, _Dom>, typename std::__fun<std::__shift_right, typename _Dom1::value_type>::result_type> std::operator>>(const typename _Dom::value_type&, const std::_Expr<_Dom1, typename _Dom1::value_type>&)
     _DEFINE_EXPR_BINARY_OPERATOR(>>, __shift_right)
     ^
/usr/include/c++/4.8/bits/valarray_after.h:411:5: note:   template argument deduction/substitution failed:
In file included from /home/amd_clmc/team/workspace/src/catkin/ros/rgbd_capture/src/rgbd_capture.cpp:47:0:
/home/amd_clmc/team/workspace/src/catkin/ros/rgbd_capture/include/rgbd_capture/utils.h:52:27: note:   'std::vector<float>' is not derived from 'const std::_Expr<_Dom1, typename _Dom1::value_type>'
   node["data"] >> cam_mat.data;
                           ^
In file included from /usr/include/c++/4.8/valarray:587:0,
                 from /usr/include/opencv2/contrib/retina.hpp:76,
                 from /usr/include/opencv2/contrib/contrib.hpp:979,
                 from /usr/include/opencv2/opencv.hpp:59,
                 from /home/amd_clmc/team/workspace/src/catkin/ros/rgbd_capture/include/rgbd_capture/rgbd_capture.h:65,
                 from /home/amd_clmc/team/workspace/src/catkin/ros/rgbd_capture/src/rgbd_capture.cpp:46:
/usr/include/c++/4.8/bits/valarray_after.h:411:5: note: template<class _Dom> std::_Expr<std::_BinClos<std::__shift_right, std::_Expr, std::_Constant, _Dom, typename _Dom::value_type>, typename std::__fun<std::__shift_right, typename _Dom1::value_type>::result_type> std::operator>>(const std::_Expr<_Dom1, typename _Dom1::value_type>&, const typename _Dom::value_type&)
     _DEFINE_EXPR_BINARY_OPERATOR(>>, __shift_right)
     ^
/usr/include/c++/4.8/bits/valarray_after.h:411:5: note:   template argument deduction/substitution failed:
In file included from /home/amd_clmc/team/workspace/src/catkin/ros/rgbd_capture/src/rgbd_capture.cpp:47:0:
/home/amd_clmc/team/workspace/src/catkin/ros/rgbd_capture/include/rgbd_capture/utils.h:52:27: note:   'const YAML::Node' is not derived from 'const std::_Expr<_Dom1, typename _Dom1::value_type>'
   node["data"] >> cam_mat.data;
                           ^
In file included from /usr/include/c++/4.8/valarray:587:0,
                 from /usr/include/opencv2/contrib/retina.hpp:76,
                 from /usr/include/opencv2/contrib/contrib.hpp:979,
                 from /usr/include/opencv2/opencv.hpp:59,
                 from /home/amd_clmc/team/workspace/src/catkin/ros/rgbd_capture/include/rgbd_capture/rgbd_capture.h:65,
                 from /home/amd_clmc/team/workspace/src/catkin/ros/rgbd_capture/src/rgbd_capture.cpp:46:
/usr/include/c++/4.8/bits/valarray_after.h:411:5: note: template<class _Dom1, class _Dom2> std::_Expr<std::_BinClos<std::__shift_right, std::_Expr, std::_Expr, _Dom1, _Dom2>, typename std::__fun<std::__shift_right, typename _Dom1::value_type>::result_type> std::operator>>(const std::_Expr<_Dom1, typename _Dom1::value_type>&, const std::_Expr<_Dom2, typename _Dom2::value_type>&)
     _DEFINE_EXPR_BINARY_OPERATOR(>>, __shift_right)
     ^
/usr/include/c++/4.8/bits/valarray_after.h:411:5: note:   template argument deduction/substitution failed:
In file included from /home/amd_clmc/team/workspace/src/catkin/ros/rgbd_capture/src/rgbd_capture.cpp:47:0:
/home/amd_clmc/team/workspace/src/catkin/ros/rgbd_capture/include/rgbd_capture/utils.h:52:27: note:   'const YAML::Node' is not derived from 'const std::_Expr<_Dom1, typename _Dom1::value_type>'
   node["data"] >> cam_mat.data;
                           ^
In file included from /usr/include/boost/detail/container_fwd.hpp:96:0,
                 from /usr/include/boost/functional/hash/extensions.hpp:17,
                 from /usr/include/boost/functional/hash/hash.hpp:529,
                 from /usr/include/boost/functional/hash.hpp:6,
                 from /usr/include/boost/unordered/unordered_map.hpp:20,
                 from /usr/include/boost/unordered_map.hpp:16,
                 from /opt/ros/indigo/include/tf/tf.h:44,
                 from /opt/ros/indigo/include/tf/transform_listener.h:38,
                 from /home/amd_clmc/team/workspace/src/catkin/ros/rgbd_capture/include/rgbd_capture/rgbd_capture.h:63,
                 from /home/amd_clmc/team/workspace/src/catkin/ros/rgbd_capture/src/rgbd_capture.cpp:46:
/usr/include/c++/4.8/bitset:1453:5: note: template<class _CharT, class _Traits, long unsigned int _Nb> std::basic_istream<_CharT, _Traits>& std::operator>>(std::basic_istream<_CharT, _Traits>&, std::bitset<_Nb>&)
     operator>>(std::basic_istream<_CharT, _Traits>& __is, bitset<_Nb>& __x)
     ^
/usr/include/c++/4.8/bitset:1453:5: note:   template argument deduction/substitution failed:
In file included from /home/amd_clmc/team/workspace/src/catkin/ros/rgbd_capture/src/rgbd_capture.cpp:47:0:
/home/amd_clmc/team/workspace/src/catkin/ros/rgbd_capture/include/rgbd_capture/utils.h:52:27: note:   types 'std::basic_istream<_CharT, _Traits>' and 'const YAML::Node' have incompatible cv-qualifiers
   node["data"] >> cam_mat.data;
                           ^
In file included from /usr/include/boost/config/no_tr1/complex.hpp:21:0,
                 from /usr/include/boost/math/policies/error_handling.hpp:15,
                 from /usr/include/boost/math/special_functions/round.hpp:14,
                 from /opt/ros/indigo/include/ros/time.h:58,
                 from /opt/ros/indigo/include/ros/ros.h:38,
                 from /home/amd_clmc/team/workspace/src/catkin/ros/rgbd_capture/include/rgbd_capture/rgbd_capture.h:54,
                 from /home/amd_clmc/team/workspace/src/catkin/ros/rgbd_capture/src/rgbd_capture.cpp:46:
/usr/include/c++/4.8/complex:491:5: note: template<class _Tp, class _CharT, class _Traits> std::basic_istream<_CharT, _Traits>& std::operator>>(std::basic_istream<_CharT, _Traits>&, std::complex<_Tp>&)
     operator>>(basic_istream<_CharT, _Traits>& __is, complex<_Tp>& __x)
     ^
/usr/include/c++/4.8/complex:491:5: note:   template argument deduction/substitution failed:
In file included from /home/amd_clmc/team/workspace/src/catkin/ros/rgbd_capture/src/rgbd_capture.cpp:47:0:
/home/amd_clmc/team/workspace/src/catkin/ros/rgbd_capture/include/rgbd_capture/utils.h:52:27: note:   types 'std::basic_istream<_CharT, _Traits>' and 'const YAML::Node' have incompatible cv-qualifiers
   node["data"] >> cam_mat.data;
                           ^
In file included from /usr/include/boost/math/policies/error_handling.hpp:12:0,
                 from /usr/include/boost/math/special_functions/round.hpp:14,
                 from /opt/ros/indigo/include/ros/time.h:58,
                 from /opt/ros/indigo/include/ros/ros.h:38,
                 from /home/amd_clmc/team/workspace/src/catkin/ros/rgbd_capture/include/rgbd_capture/rgbd_capture.h:54,
                 from /home/amd_clmc/team/workspace/src/catkin/ros/rgbd_capture/src/rgbd_capture.cpp:46:
/usr/include/c++/4.8/iomanip:227:5: note: template<class _CharT, class _Traits> std::basic_istream<_CharT, _Traits>& std::operator>>(std::basic_istream<_CharT, _Traits>&, std::_Setw)
     operator>>(basic_istream<_CharT, _Traits>& __is, _Setw __f)
     ^
/usr/include/c++/4.8/iomanip:227:5: note:   template argument deduction/substitution failed:
In file included from /home/amd_clmc/team/workspace/src/catkin/ros/rgbd_capture/src/rgbd_capture.cpp:47:0:
/home/amd_clmc/team/workspace/src/catkin/ros/rgbd_capture/include/rgbd_capture/utils.h:52:27: note:   types 'std::basic_istream<_CharT, _Traits>' and 'const YAML::Node' have incompatible cv-qualifiers
   node["data"] >> cam_mat.data;
                           ^
In file included from /usr/include/boost/math/policies/error_handling.hpp:12:0,
                 from /usr/include/boost/math/special_functions/round.hpp:14,
                 from /opt/ros/indigo/include/ros/time.h:58,
                 from /opt/ros/indigo/include/ros/ros.h:38,
                 from /home/amd_clmc/team/workspace/src/catkin/ros/rgbd_capture/include/rgbd_capture/rgbd_capture.h:54,
                 from /home/amd_clmc/team/workspace/src/catkin/ros/rgbd_capture/src/rgbd_capture.cpp:46:
/usr/include/c++/4.8/iomanip:197:5: note: template<class _CharT, class _Traits> std::basic_istream<_CharT, _Traits>& std::operator>>(std::basic_istream<_CharT, _Traits>&, std::_Setprecision)
     operator>>(basic_istream<_CharT, _Traits>& __is, _Setprecision __f)
     ^
/usr/include/c++/4.8/iomanip:197:5: note:   template argument deduction/substitution failed:
In file included from /home/amd_clmc/team/workspace/src/catkin/ros/rgbd_capture/src/rgbd_capture.cpp:47:0:
/home/amd_clmc/team/workspace/src/catkin/ros/rgbd_capture/include/rgbd_capture/utils.h:52:27: note:   types 'std::basic_istream<_CharT, _Traits>' and 'const YAML::Node' have incompatible cv-qualifiers
   node["data"] >> cam_mat.data;
                           ^
In file included from /usr/include/boost/math/policies/error_handling.hpp:12:0,
                 from /usr/include/boost/math/special_functions/round.hpp:14,
                 from /opt/ros/indigo/include/ros/time.h:58,
                 from /opt/ros/indigo/include/ros/ros.h:38,
                 from /home/amd_clmc/team/workspace/src/catkin/ros/rgbd_capture/include/rgbd_capture/rgbd_capture.h:54,
                 from /home/amd_clmc/team/workspace/src/catkin/ros/rgbd_capture/src/rgbd_capture.cpp:46:
/usr/include/c++/4.8/iomanip:167:5: note: template<class _CharT, class _Traits> std::basic_istream<_CharT, _Traits>& std::operator>>(std::basic_istream<_CharT, _Traits>&, std::_Setfill<_CharT>)
     operator>>(basic_istream<_CharT, _Traits>& __is, _Setfill<_CharT> __f)
     ^
/usr/include/c++/4.8/iomanip:167:5: note:   template argument deduction/substitution failed:
In file included from /home/amd_clmc/team/workspace/src/catkin/ros/rgbd_capture/src/rgbd_capture.cpp:47:0:
/home/amd_clmc/team/workspace/src/catkin/ros/rgbd_capture/include/rgbd_capture/utils.h:52:27: note:   types 'std::basic_istream<_CharT, _Traits>' and 'const YAML::Node' have incompatible cv-qualifiers
   node["data"] >> cam_mat.data;
                           ^
In file included from /usr/include/boost/math/policies/error_handling.hpp:12:0,
                 from /usr/include/boost/math/special_functions/round.hpp:14,
                 from /opt/ros/indigo/include/ros/time.h:58,
                 from /opt/ros/indigo/include/ros/ros.h:38,
                 from /home/amd_clmc/team/workspace/src/catkin/ros/rgbd_capture/include/rgbd_capture/rgbd_capture.h:54,
                 from /home/amd_clmc/team/workspace/src/catkin/ros/rgbd_capture/src/rgbd_capture.cpp:46:
/usr/include/c++/4.8/iomanip:129:5: note: template<class _CharT, class _Traits> std::basic_istream<_CharT, _Traits>& std::operator>>(std::basic_istream<_CharT, _Traits>&, std::_Setbase)
     operator>>(basic_istream<_CharT, _Traits>& __is, _Setbase __f)
     ^
/usr/include/c++/4.8/iomanip:129:5: note:   template argument deduction/substitution failed:
In file included from /home/amd_clmc/team/workspace/src/catkin/ros/rgbd_capture/src/rgbd_capture.cpp:47:0:
/home/amd_clmc/team/workspace/src/catkin/ros/rgbd_capture/include/rgbd_capture/utils.h:52:27: note:   types 'std::basic_istream<_CharT, _Traits>' and 'const YAML::Node' have incompatible cv-qualifiers
   node["data"] >> cam_mat.data;
                           ^
In file included from /usr/include/boost/math/policies/error_handling.hpp:12:0,
                 from /usr/include/boost/math/special_functions/round.hpp:14,
                 from /opt/ros/indigo/include/ros/time.h:58,
                 from /opt/ros/indigo/include/ros/ros.h:38,
                 from /home/amd_clmc/team/workspace/src/catkin/ros/rgbd_capture/include/rgbd_capture/rgbd_capture.h:54,
                 from /home/amd_clmc/team/workspace/src/catkin/ros/rgbd_capture/src/rgbd_capture.cpp:46:
/usr/include/c++/4.8/iomanip:98:5: note: template<class _CharT, class _Traits> std::basic_istream<_CharT, _Traits>& std::operator>>(std::basic_istream<_CharT, _Traits>&, std::_Setiosflags)
     operator>>(basic_istream<_CharT, _Traits>& __is, _Setiosflags __f)
     ^
/usr/include/c++/4.8/iomanip:98:5: note:   template argument deduction/substitution failed:
In file included from /home/amd_clmc/team/workspace/src/catkin/ros/rgbd_capture/src/rgbd_capture.cpp:47:0:
/home/amd_clmc/team/workspace/src/catkin/ros/rgbd_capture/include/rgbd_capture/utils.h:52:27: note:   types 'std::basic_istream<_CharT, _Traits>' and 'const YAML::Node' have incompatible cv-qualifiers
   node["data"] >> cam_mat.data;
                           ^
In file included from /usr/include/boost/math/policies/error_handling.hpp:12:0,
                 from /usr/include/boost/math/special_functions/round.hpp:14,
                 from /opt/ros/indigo/include/ros/time.h:58,
                 from /opt/ros/indigo/include/ros/ros.h:38,
                 from /home/amd_clmc/team/workspace/src/catkin/ros/rgbd_capture/include/rgbd_capture/rgbd_capture.h:54,
                 from /home/amd_clmc/team/workspace/src/catkin/ros/rgbd_capture/src/rgbd_capture.cpp:46:
/usr/include/c++/4.8/iomanip:68:5: note: template<class _CharT, class _Traits> std::basic_istream<_CharT, _Traits>& std::operator>>(std::basic_istream<_CharT, _Traits>&, std::_Resetiosflags)
     operator>>(basic_istream<_CharT, _Traits>& __is, _Resetiosflags __f)
     ^
/usr/include/c++/4.8/iomanip:68:5: note:   template argument deduction/substitution failed:
In file included from /home/amd_clmc/team/workspace/src/catkin/ros/rgbd_capture/src/rgbd_capture.cpp:47:0:
/home/amd_clmc/team/workspace/src/catkin/ros/rgbd_capture/include/rgbd_capture/utils.h:52:27: note:   types 'std::basic_istream<_CharT, _Traits>' and 'const YAML::Node' have incompatible cv-qualifiers
   node["data"] >> cam_mat.data;
                           ^
In file included from /usr/include/c++/4.8/iterator:65:0,
                 from /usr/include/boost/iterator.hpp:17,
                 from /usr/include/boost/operators.hpp:86,
                 from /usr/include/boost/system/error_code.hpp:17,
                 from /usr/include/boost/system/system_error.hpp:14,
                 from /usr/include/boost/thread/exceptions.hpp:22,
                 from /usr/include/boost/thread/pthread/mutex.hpp:12,
                 from /usr/include/boost/thread/mutex.hpp:16,
                 from /home/amd_clmc/team/workspace/src/catkin/ros/rgbd_capture/include/rgbd_capture/rgbd_capture.h:51,
                 from /home/amd_clmc/team/workspace/src/catkin/ros/rgbd_capture/src/rgbd_capture.cpp:46:
/usr/include/c++/4.8/istream:779:5: note: template<class _Traits> std::basic_istream<char, _Traits>& std::operator>>(std::basic_istream<char, _Traits>&, signed char*)
     operator>>(basic_istream<char, _Traits>& __in, signed char* __s)
     ^
/usr/include/c++/4.8/istream:779:5: note:   template argument deduction/substitution failed:
In file included from /home/amd_clmc/team/workspace/src/catkin/ros/rgbd_capture/src/rgbd_capture.cpp:47:0:
/home/amd_clmc/team/workspace/src/catkin/ros/rgbd_capture/include/rgbd_capture/utils.h:52:27: note:   types 'std::basic_istream<char, _Traits>' and 'const YAML::Node' have incompatible cv-qualifiers
   node["data"] >> cam_mat.data;
                           ^
In file included from /usr/include/c++/4.8/iterator:65:0,
                 from /usr/include/boost/iterator.hpp:17,
                 from /usr/include/boost/operators.hpp:86,
                 from /usr/include/boost/system/error_code.hpp:17,
                 from /usr/include/boost/system/system_error.hpp:14,
                 from /usr/include/boost/thread/exceptions.hpp:22,
                 from /usr/include/boost/thread/pthread/mutex.hpp:12,
                 from /usr/include/boost/thread/mutex.hpp:16,
                 from /home/amd_clmc/team/workspace/src/catkin/ros/rgbd_capture/include/rgbd_capture/rgbd_capture.h:51,
                 from /home/amd_clmc/team/workspace/src/catkin/ros/rgbd_capture/src/rgbd_capture.cpp:46:
/usr/include/c++/4.8/istream:774:5: note: template<class _Traits> std::basic_istream<char, _Traits>& std::operator>>(std::basic_istream<char, _Traits>&, unsigned char*)
     operator>>(basic_istream<char, _Traits>& __in, unsigned char* __s)
     ^
/usr/include/c++/4.8/istream:774:5: note:   template argument deduction/substitution failed:
In file included from /home/amd_clmc/team/workspace/src/catkin/ros/rgbd_capture/src/rgbd_capture.cpp:47:0:
/home/amd_clmc/team/workspace/src/catkin/ros/rgbd_capture/include/rgbd_capture/utils.h:52:27: note:   types 'std::basic_istream<char, _Traits>' and 'const YAML::Node' have incompatible cv-qualifiers
   node["data"] >> cam_mat.data;
                           ^
In file included from /usr/include/c++/4.8/iterator:65:0,
                 from /usr/include/boost/iterator.hpp:17,
                 from /usr/include/boost/operators.hpp:86,
                 from /usr/include/boost/system/error_code.hpp:17,
                 from /usr/include/boost/system/system_error.hpp:14,
                 from /usr/include/boost/thread/exceptions.hpp:22,
                 from /usr/include/boost/thread/pthread/mutex.hpp:12,
                 from /usr/include/boost/thread/mutex.hpp:16,
                 from /home/amd_clmc/team/workspace/src/catkin/ros/rgbd_capture/include/rgbd_capture/rgbd_capture.h:51,
                 from /home/amd_clmc/team/workspace/src/catkin/ros/rgbd_capture/src/rgbd_capture.cpp:46:
/usr/include/c++/4.8/istream:732:5: note: template<class _Traits> std::basic_istream<char, _Traits>& std::operator>>(std::basic_istream<char, _Traits>&, signed char&)
     operator>>(basic_istream<char, _Traits>& __in, signed char& __c)
     ^
/usr/include/c++/4.8/istream:732:5: note:   template argument deduction/substitution failed:
In file included from /home/amd_clmc/team/workspace/src/catkin/ros/rgbd_capture/src/rgbd_capture.cpp:47:0:
/home/amd_clmc/team/workspace/src/catkin/ros/rgbd_capture/include/rgbd_capture/utils.h:52:27: note:   types 'std::basic_istream<char, _Traits>' and 'const YAML::Node' have incompatible cv-qualifiers
   node["data"] >> cam_mat.data;
                           ^
In file included from /usr/include/c++/4.8/iterator:65:0,
                 from /usr/include/boost/iterator.hpp:17,
                 from /usr/include/boost/operators.hpp:86,
                 from /usr/include/boost/system/error_code.hpp:17,
                 from /usr/include/boost/system/system_error.hpp:14,
                 from /usr/include/boost/thread/exceptions.hpp:22,
                 from /usr/include/boost/thread/pthread/mutex.hpp:12,
                 from /usr/include/boost/thread/mutex.hpp:16,
                 from /home/amd_clmc/team/workspace/src/catkin/ros/rgbd_capture/include/rgbd_capture/rgbd_capture.h:51,
                 from /home/amd_clmc/team/workspace/src/catkin/ros/rgbd_capture/src/rgbd_capture.cpp:46:
/usr/include/c++/4.8/istream:727:5: note: template<class _Traits> std::basic_istream<char, _Traits>& std::operator>>(std::basic_istream<char, _Traits>&, unsigned char&)
     operator>>(basic_istream<char, _Traits>& __in, unsigned char& __c)
     ^
/usr/include/c++/4.8/istream:727:5: note:   template argument deduction/substitution failed:
In file included from /home/amd_clmc/team/workspace/src/catkin/ros/rgbd_capture/src/rgbd_capture.cpp:47:0:
/home/amd_clmc/team/workspace/src/catkin/ros/rgbd_capture/include/rgbd_capture/utils.h:52:27: note:   types 'std::basic_istream<char, _Traits>' and 'const YAML::Node' have incompatible cv-qualifiers
   node["data"] >> cam_mat.data;
                           ^
In file included from /usr/include/c++/4.8/istream:882:0,
                 from /usr/include/c++/4.8/iterator:65,
                 from /usr/include/boost/iterator.hpp:17,
                 from /usr/include/boost/operators.hpp:86,
                 from /usr/include/boost/system/error_code.hpp:17,
                 from /usr/include/boost/system/system_error.hpp:14,
                 from /usr/include/boost/thread/exceptions.hpp:22,
                 from /usr/include/boost/thread/pthread/mutex.hpp:12,
                 from /usr/include/boost/thread/mutex.hpp:16,
                 from /home/amd_clmc/team/workspace/src/catkin/ros/rgbd_capture/include/rgbd_capture/rgbd_capture.h:51,
                 from /home/amd_clmc/team/workspace/src/catkin/ros/rgbd_capture/src/rgbd_capture.cpp:46:
/usr/include/c++/4.8/bits/istream.tcc:923:5: note: template<class _CharT, class _Traits> std::basic_istream<_CharT, _Traits>& std::operator>>(std::basic_istream<_CharT, _Traits>&, _CharT&)
     operator>>(basic_istream<_CharT, _Traits>& __in, _CharT& __c)
     ^
/usr/include/c++/4.8/bits/istream.tcc:923:5: note:   template argument deduction/substitution failed:
In file included from /home/amd_clmc/team/workspace/src/catkin/ros/rgbd_capture/src/rgbd_capture.cpp:47:0:
/home/amd_clmc/team/workspace/src/catkin/ros/rgbd_capture/include/rgbd_capture/utils.h:52:27: note:   types 'std::basic_istream<_CharT, _Traits>' and 'const YAML::Node' have incompatible cv-qualifiers
   node["data"] >> cam_mat.data;
                           ^
In file included from /usr/include/c++/4.8/istream:882:0,
                 from /usr/include/c++/4.8/iterator:65,
                 from /usr/include/boost/iterator.hpp:17,
                 from /usr/include/boost/operators.hpp:86,
                 from /usr/include/boost/system/error_code.hpp:17,
                 from /usr/include/boost/system/system_error.hpp:14,
                 from /usr/include/boost/thread/exceptions.hpp:22,
                 from /usr/include/boost/thread/pthread/mutex.hpp:12,
                 from /usr/include/boost/thread/mutex.hpp:16,
                 from /home/amd_clmc/team/workspace/src/catkin/ros/rgbd_capture/include/rgbd_capture/rgbd_capture.h:51,
                 from /home/amd_clmc/team/workspace/src/catkin/ros/rgbd_capture/src/rgbd_capture.cpp:46:
/usr/include/c++/4.8/bits/istream.tcc:955:5: note: template<class _CharT2, class _Traits2> std::basic_istream<_CharT, _Traits>& std::operator>>(std::basic_istream<_CharT, _Traits>&, _CharT2*)
     operator>>(basic_istream<_CharT, _Traits>& __in, _CharT* __s)
     ^
/usr/include/c++/4.8/bits/istream.tcc:955:5: note:   template argument deduction/substitution failed:
In file included from /home/amd_clmc/team/workspace/src/catkin/ros/rgbd_capture/src/rgbd_capture.cpp:47:0:
/home/amd_clmc/team/workspace/src/catkin/ros/rgbd_capture/include/rgbd_capture/utils.h:52:27: note:   types 'std::basic_istream<_CharT, _Traits>' and 'const YAML::Node' have incompatible cv-qualifiers
   node["data"] >> cam_mat.data;
                           ^
In file included from /usr/include/c++/4.8/string:53:0,
                 from /usr/include/boost/format.hpp:18,
                 from /home/amd_clmc/team/workspace/src/catkin/ros/rgbd_capture/include/rgbd_capture/rgbd_capture.h:50,
                 from /home/amd_clmc/team/workspace/src/catkin/ros/rgbd_capture/src/rgbd_capture.cpp:46:
/usr/include/c++/4.8/bits/basic_string.tcc:996:5: note: template<class _CharT, class _Traits, class _Alloc> std::basic_istream<_CharT, _Traits>& std::operator>>(std::basic_istream<_CharT, _Traits>&, std::basic_string<_CharT, _Traits, _Alloc>&)
     operator>>(basic_istream<_CharT, _Traits>& __in,
     ^
/usr/include/c++/4.8/bits/basic_string.tcc:996:5: note:   template argument deduction/substitution failed:
In file included from /home/amd_clmc/team/workspace/src/catkin/ros/rgbd_capture/src/rgbd_capture.cpp:47:0:
/home/amd_clmc/team/workspace/src/catkin/ros/rgbd_capture/include/rgbd_capture/utils.h:52:27: note:   types 'std::basic_istream<_CharT, _Traits>' and 'const YAML::Node' have incompatible cv-qualifiers
   node["data"] >> cam_mat.data;
                           ^
/home/amd_clmc/team/workspace/src/catkin/ros/rgbd_capture/include/rgbd_capture/utils.h: In function 'void operator>>(const YAML::Node&, std::vector<float>&)':
/home/amd_clmc/team/workspace/src/catkin/ros/rgbd_capture/include/rgbd_capture/utils.h:60:15: error: no match for 'operator>>' (operand types are 'const YAML::Node' and 'float')
       node[i] >> val;
               ^
/home/amd_clmc/team/workspace/src/catkin/ros/rgbd_capture/include/rgbd_capture/utils.h:60:15: note: candidates are:
/home/amd_clmc/team/workspace/src/catkin/ros/rgbd_capture/include/rgbd_capture/utils.h:48:6: note: void operator>>(const YAML::Node&, Matrix&)
 void operator >> (const YAML::Node& node, Matrix& cam_mat) 
      ^
/home/amd_clmc/team/workspace/src/catkin/ros/rgbd_capture/include/rgbd_capture/utils.h:48:6: note:   no known conversion for argument 2 from 'float' to 'Matrix&'
/home/amd_clmc/team/workspace/src/catkin/ros/rgbd_capture/include/rgbd_capture/utils.h:55:6: note: void operator>>(const YAML::Node&, std::vector<float>&)
 void operator >> (const YAML::Node& node, std::vector<float>& data)
      ^
/home/amd_clmc/team/workspace/src/catkin/ros/rgbd_capture/include/rgbd_capture/utils.h:55:6: note:   no known conversion for argument 2 from 'float' to 'std::vector<float>&'
/home/amd_clmc/team/workspace/src/catkin/ros/rgbd_capture/src/rgbd_capture.cpp: In member function 'void RgbdCapture::initParameters()':
/home/amd_clmc/team/workspace/src/catkin/ros/rgbd_capture/src/rgbd_capture.cpp:214:12: error: 'class YAML::Parser' has no member named 'GetNextDocument'
     parser.GetNextDocument(node);
            ^
/home/amd_clmc/team/workspace/src/catkin/ros/rgbd_capture/src/rgbd_capture.cpp:215:10: error: 'Iterator' is not a member of 'YAML'
     for (YAML::Iterator i = node.begin(); i != node.end(); ++i) {
          ^
/home/amd_clmc/team/workspace/src/catkin/ros/rgbd_capture/src/rgbd_capture.cpp:215:25: error: expected ';' before 'i'
     for (YAML::Iterator i = node.begin(); i != node.end(); ++i) {
                         ^
/home/amd_clmc/team/workspace/src/catkin/ros/rgbd_capture/src/rgbd_capture.cpp:215:43: error: 'i' was not declared in this scope
     for (YAML::Iterator i = node.begin(); i != node.end(); ++i) {
                                           ^
/home/amd_clmc/team/workspace/src/catkin/ros/rgbd_capture/src/rgbd_capture.cpp:218:11: error: no match for 'operator>>' (operand types are 'const YAML::Node' and 'std::string {aka std::basic_string<char>}')
       key >> out;
           ^
/home/amd_clmc/team/workspace/src/catkin/ros/rgbd_capture/src/rgbd_capture.cpp:218:11: note: candidates are:
In file included from /home/amd_clmc/team/workspace/src/catkin/ros/rgbd_capture/src/rgbd_capture.cpp:47:0:
/home/amd_clmc/team/workspace/src/catkin/ros/rgbd_capture/include/rgbd_capture/utils.h:48:6: note: void operator>>(const YAML::Node&, Matrix&)
 void operator >> (const YAML::Node& node, Matrix& cam_mat) 
      ^
/home/amd_clmc/team/workspace/src/catkin/ros/rgbd_capture/include/rgbd_capture/utils.h:48:6: note:   no known conversion for argument 2 from 'std::string {aka std::basic_string<char>}' to 'Matrix&'
/home/amd_clmc/team/workspace/src/catkin/ros/rgbd_capture/include/rgbd_capture/utils.h:55:6: note: void operator>>(const YAML::Node&, std::vector<float>&)
 void operator >> (const YAML::Node& node, std::vector<float>& data)
      ^
/home/amd_clmc/team/workspace/src/catkin/ros/rgbd_capture/include/rgbd_capture/utils.h:55:6: note:   no known conversion for argument 2 from 'std::string {aka std::basic_string<char>}' to 'std::vector<float>&'
In file included from /usr/include/opencv2/contrib/retina.hpp:76:0,
                 from /usr/include/opencv2/contrib/contrib.hpp:979,
                 from /usr/include/opencv2/opencv.hpp:59,
                 from /home/amd_clmc/team/workspace/src/catkin/ros/rgbd_capture/include/rgbd_capture/rgbd_capture.h:65,
                 from /home/amd_clmc/team/workspace/src/catkin/ros/rgbd_capture/src/rgbd_capture.cpp:46:
/usr/include/c++/4.8/valarray:1176:1: note: template<class _Tp> std::_Expr<std::_BinClos<std::__shift_right, std::_Constant, std::_ValArray, _Tp, _Tp>, typename std::__fun<std::__shift_right, _Tp>::result_type> std::operator>>(const _Tp&, const std::valarray<_Tp>&)
 _DEFINE_BINARY_OPERATOR(>>, __shift_right)
 ^
/usr/include/c++/4.8/valarray:1176:1: note:   template argument deduction/substitution failed:
/home/amd_clmc/team/workspace/src/catkin/ros/rgbd_capture/src/rgbd_capture.cpp:218:14: note:   'std::string {aka std::basic_string<char>}' is not derived from 'const std::valarray<_Tp>'
       key >> out;
              ^
In file included from /usr/include/opencv2/contrib/retina.hpp:76:0,
                 from /usr/include/opencv2/contrib/contrib.hpp:979,
                 from /usr/include/opencv2/opencv.hpp:59,
                 from /home/amd_clmc/team/workspace/src/catkin/ros/rgbd_capture/include/rgbd_capture/rgbd_capture.h:65,
                 from /home/amd_clmc/team/workspace/src/catkin/ros/rgbd_capture/src/rgbd_capture.cpp:46:
/usr/include/c++/4.8/valarray:1176:1: note: template<class _Tp> std::_Expr<std::_BinClos<std::__shift_right, std::_ValArray, std::_Constant, _Tp, _Tp>, typename std::__fun<std::__shift_right, _Tp>::result_type> std::operator>>(const std::valarray<_Tp>&, const _Tp&)
 _DEFINE_BINARY_OPERATOR(>>, __shift_right)
 ^
/usr/include/c++/4.8/valarray:1176:1: note:   template argument deduction/substitution failed:
/home/amd_clmc/team/workspace/src/catkin/ros/rgbd_capture/src/rgbd_capture.cpp:218:14: note:   'const YAML::Node' is not derived from 'const std::valarray<_Tp>'
       key >> out;
              ^
In file included from /usr/include/opencv2/contrib/retina.hpp:76:0,
                 from /usr/include/opencv2/contrib/contrib.hpp:979,
                 from /usr/include/opencv2/opencv.hpp:59,
                 from /home/amd_clmc/team/workspace/src/catkin/ros/rgbd_capture/include/rgbd_capture/rgbd_capture.h:65,
                 from /home/amd_clmc/team/workspace/src/catkin/ros/rgbd_capture/src/rgbd_capture.cpp:46:
/usr/include/c++/4.8/valarray:1176:1: note: template<class _Tp> std::_Expr<std::_BinClos<std::__shift_right, std::_ValArray, std::_ValArray, _Tp, _Tp>, typename std::__fun<std::__shift_right, _Tp>::result_type> std::operator>>(const std::valarray<_Tp>&, const std::valarray<_Tp>&)
 _DEFINE_BINARY_OPERATOR(>>, __shift_right)
 ^
/usr/include/c++/4.8/valarray:1176:1: note:   template argument deduction/substitution failed:
/home/amd_clmc/team/workspace/src/catkin/ros/rgbd_capture/src/rgbd_capture.cpp:218:14: note:   'const YAML::Node' is not derived from 'const std::valarray<_Tp>'
       key >> out;
              ^
In file included from /usr/include/c++/4.8/valarray:587:0,
                 from /usr/include/opencv2/contrib/retina.hpp:76,
                 from /usr/include/opencv2/contrib/contrib.hpp:979,
                 from /usr/include/opencv2/opencv.hpp:59,
                 from /home/amd_clmc/team/workspace/src/catkin/ros/rgbd_capture/include/rgbd_capture/rgbd_capture.h:65,
                 from /home/amd_clmc/team/workspace/src/catkin/ros/rgbd_capture/src/rgbd_capture.cpp:46:
/usr/include/c++/4.8/bits/valarray_after.h:411:5: note: template<class _Dom> std::_Expr<std::_BinClos<std::__shift_right, std::_ValArray, std::_Expr, typename _Dom::value_type, _Dom>, typename std::__fun<std::__shift_right, typename _Dom1::value_type>::result_type> std::operator>>(const std::valarray<typename _Dom::value_type>&, const std::_Expr<_Dom1, typename _Dom1::value_type>&)
     _DEFINE_EXPR_BINARY_OPERATOR(>>, __shift_right)
     ^
/usr/include/c++/4.8/bits/valarray_after.h:411:5: note:   template argument deduction/substitution failed:
/home/amd_clmc/team/workspace/src/catkin/ros/rgbd_capture/src/rgbd_capture.cpp:218:14: note:   'const YAML::Node' is not derived from 'const std::valarray<typename _Dom::value_type>'
       key >> out;
              ^
In file included from /usr/include/c++/4.8/valarray:587:0,
                 from /usr/include/opencv2/contrib/retina.hpp:76,
                 from /usr/include/opencv2/contrib/contrib.hpp:979,
                 from /usr/include/opencv2/opencv.hpp:59,
                 from /home/amd_clmc/team/workspace/src/catkin/ros/rgbd_capture/include/rgbd_capture/rgbd_capture.h:65,
                 from /home/amd_clmc/team/workspace/src/catkin/ros/rgbd_capture/src/rgbd_capture.cpp:46:
/usr/include/c++/4.8/bits/valarray_after.h:411:5: note: template<class _Dom> std::_Expr<std::_BinClos<std::__shift_right, std::_Expr, std::_ValArray, _Dom, typename _Dom::value_type>, typename std::__fun<std::__shift_right, typename _Dom1::value_type>::result_type> std::operator>>(const std::_Expr<_Dom1, typename _Dom1::value_type>&, const std::valarray<typename _Dom::value_type>&)
     _DEFINE_EXPR_BINARY_OPERATOR(>>, __shift_right)
     ^
/usr/include/c++/4.8/bits/valarray_after.h:411:5: note:   template argument deduction/substitution failed:
/home/amd_clmc/team/workspace/src/catkin/ros/rgbd_capture/src/rgbd_capture.cpp:218:14: note:   'const YAML::Node' is not derived from 'const std::_Expr<_Dom1, typename _Dom1::value_type>'
       key >> out;
              ^
In file included from /usr/include/c++/4.8/valarray:587:0,
                 from /usr/include/opencv2/contrib/retina.hpp:76,
                 from /usr/include/opencv2/contrib/contrib.hpp:979,
                 from /usr/include/opencv2/opencv.hpp:59,
                 from /home/amd_clmc/team/workspace/src/catkin/ros/rgbd_capture/include/rgbd_capture/rgbd_capture.h:65,
                 from /home/amd_clmc/team/workspace/src/catkin/ros/rgbd_capture/src/rgbd_capture.cpp:46:
/usr/include/c++/4.8/bits/valarray_after.h:411:5: note: template<class _Dom> std::_Expr<std::_BinClos<std::__shift_right, std::_Constant, std::_Expr, typename _Dom::value_type, _Dom>, typename std::__fun<std::__shift_right, typename _Dom1::value_type>::result_type> std::operator>>(const typename _Dom::value_type&, const std::_Expr<_Dom1, typename _Dom1::value_type>&)
     _DEFINE_EXPR_BINARY_OPERATOR(>>, __shift_right)
     ^
/usr/include/c++/4.8/bits/valarray_after.h:411:5: note:   template argument deduction/substitution failed:
/home/amd_clmc/team/workspace/src/catkin/ros/rgbd_capture/src/rgbd_capture.cpp:218:14: note:   'std::string {aka std::basic_string<char>}' is not derived from 'const std::_Expr<_Dom1, typename _Dom1::value_type>'
       key >> out;
              ^
In file included from /usr/include/c++/4.8/valarray:587:0,
                 from /usr/include/opencv2/contrib/retina.hpp:76,
                 from /usr/include/opencv2/contrib/contrib.hpp:979,
                 from /usr/include/opencv2/opencv.hpp:59,
                 from /home/amd_clmc/team/workspace/src/catkin/ros/rgbd_capture/include/rgbd_capture/rgbd_capture.h:65,
                 from /home/amd_clmc/team/workspace/src/catkin/ros/rgbd_capture/src/rgbd_capture.cpp:46:
/usr/include/c++/4.8/bits/valarray_after.h:411:5: note: template<class _Dom> std::_Expr<std::_BinClos<std::__shift_right, std::_Expr, std::_Constant, _Dom, typename _Dom::value_type>, typename std::__fun<std::__shift_right, typename _Dom1::value_type>::result_type> std::operator>>(const std::_Expr<_Dom1, typename _Dom1::value_type>&, const typename _Dom::value_type&)
     _DEFINE_EXPR_BINARY_OPERATOR(>>, __shift_right)
     ^
/usr/include/c++/4.8/bits/valarray_after.h:411:5: note:   template argument deduction/substitution failed:
/home/amd_clmc/team/workspace/src/catkin/ros/rgbd_capture/src/rgbd_capture.cpp:218:14: note:   'const YAML::Node' is not derived from 'const std::_Expr<_Dom1, typename _Dom1::value_type>'
       key >> out;
              ^
In file included from /usr/include/c++/4.8/valarray:587:0,
                 from /usr/include/opencv2/contrib/retina.hpp:76,
                 from /usr/include/opencv2/contrib/contrib.hpp:979,
                 from /usr/include/opencv2/opencv.hpp:59,
                 from /home/amd_clmc/team/workspace/src/catkin/ros/rgbd_capture/include/rgbd_capture/rgbd_capture.h:65,
                 from /home/amd_clmc/team/workspace/src/catkin/ros/rgbd_capture/src/rgbd_capture.cpp:46:
/usr/include/c++/4.8/bits/valarray_after.h:411:5: note: template<class _Dom1, class _Dom2> std::_Expr<std::_BinClos<std::__shift_right, std::_Expr, std::_Expr, _Dom1, _Dom2>, typename std::__fun<std::__shift_right, typename _Dom1::value_type>::result_type> std::operator>>(const std::_Expr<_Dom1, typename _Dom1::value_type>&, const std::_Expr<_Dom2, typename _Dom2::value_type>&)
     _DEFINE_EXPR_BINARY_OPERATOR(>>, __shift_right)
     ^
/usr/include/c++/4.8/bits/valarray_after.h:411:5: note:   template argument deduction/substitution failed:
/home/amd_clmc/team/workspace/src/catkin/ros/rgbd_capture/src/rgbd_capture.cpp:218:14: note:   'const YAML::Node' is not derived from 'const std::_Expr<_Dom1, typename _Dom1::value_type>'
       key >> out;
              ^
In file included from /usr/include/boost/detail/container_fwd.hpp:96:0,
                 from /usr/include/boost/functional/hash/extensions.hpp:17,
                 from /usr/include/boost/functional/hash/hash.hpp:529,
                 from /usr/include/boost/functional/hash.hpp:6,
                 from /usr/include/boost/unordered/unordered_map.hpp:20,
                 from /usr/include/boost/unordered_map.hpp:16,
                 from /opt/ros/indigo/include/tf/tf.h:44,
                 from /opt/ros/indigo/include/tf/transform_listener.h:38,
                 from /home/amd_clmc/team/workspace/src/catkin/ros/rgbd_capture/include/rgbd_capture/rgbd_capture.h:63,
                 from /home/amd_clmc/team/workspace/src/catkin/ros/rgbd_capture/src/rgbd_capture.cpp:46:
/usr/include/c++/4.8/bitset:1453:5: note: template<class _CharT, class _Traits, long unsigned int _Nb> std::basic_istream<_CharT, _Traits>& std::operator>>(std::basic_istream<_CharT, _Traits>&, std::bitset<_Nb>&)
     operator>>(std::basic_istream<_CharT, _Traits>& __is, bitset<_Nb>& __x)
     ^
/usr/include/c++/4.8/bitset:1453:5: note:   template argument deduction/substitution failed:
/home/amd_clmc/team/workspace/src/catkin/ros/rgbd_capture/src/rgbd_capture.cpp:218:14: note:   types 'std::basic_istream<_CharT, _Traits>' and 'const YAML::Node' have incompatible cv-qualifiers
       key >> out;
              ^
In file included from /usr/include/boost/config/no_tr1/complex.hpp:21:0,
                 from /usr/include/boost/math/policies/error_handling.hpp:15,
                 from /usr/include/boost/math/special_functions/round.hpp:14,
                 from /opt/ros/indigo/include/ros/time.h:58,
                 from /opt/ros/indigo/include/ros/ros.h:38,
                 from /home/amd_clmc/team/workspace/src/catkin/ros/rgbd_capture/include/rgbd_capture/rgbd_capture.h:54,
                 from /home/amd_clmc/team/workspace/src/catkin/ros/rgbd_capture/src/rgbd_capture.cpp:46:
/usr/include/c++/4.8/complex:491:5: note: template<class _Tp, class _CharT, class _Traits> std::basic_istream<_CharT, _Traits>& std::operator>>(std::basic_istream<_CharT, _Traits>&, std::complex<_Tp>&)
     operator>>(basic_istream<_CharT, _Traits>& __is, complex<_Tp>& __x)
     ^
/usr/include/c++/4.8/complex:491:5: note:   template argument deduction/substitution failed:
/home/amd_clmc/team/workspace/src/catkin/ros/rgbd_capture/src/rgbd_capture.cpp:218:14: note:   types 'std::basic_istream<_CharT, _Traits>' and 'const YAML::Node' have incompatible cv-qualifiers
       key >> out;
              ^
In file included from /usr/include/boost/math/policies/error_handling.hpp:12:0,
                 from /usr/include/boost/math/special_functions/round.hpp:14,
                 from /opt/ros/indigo/include/ros/time.h:58,
                 from /opt/ros/indigo/include/ros/ros.h:38,
                 from /home/amd_clmc/team/workspace/src/catkin/ros/rgbd_capture/include/rgbd_capture/rgbd_capture.h:54,
                 from /home/amd_clmc/team/workspace/src/catkin/ros/rgbd_capture/src/rgbd_capture.cpp:46:
/usr/include/c++/4.8/iomanip:227:5: note: template<class _CharT, class _Traits> std::basic_istream<_CharT, _Traits>& std::operator>>(std::basic_istream<_CharT, _Traits>&, std::_Setw)
     operator>>(basic_istream<_CharT, _Traits>& __is, _Setw __f)
     ^
/usr/include/c++/4.8/iomanip:227:5: note:   template argument deduction/substitution failed:
/home/amd_clmc/team/workspace/src/catkin/ros/rgbd_capture/src/rgbd_capture.cpp:218:14: note:   types 'std::basic_istream<_CharT, _Traits>' and 'const YAML::Node' have incompatible cv-qualifiers
       key >> out;
              ^
In file included from /usr/include/boost/math/policies/error_handling.hpp:12:0,
                 from /usr/include/boost/math/special_functions/round.hpp:14,
                 from /opt/ros/indigo/include/ros/time.h:58,
                 from /opt/ros/indigo/include/ros/ros.h:38,
                 from /home/amd_clmc/team/workspace/src/catkin/ros/rgbd_capture/include/rgbd_capture/rgbd_capture.h:54,
                 from /home/amd_clmc/team/workspace/src/catkin/ros/rgbd_capture/src/rgbd_capture.cpp:46:
/usr/include/c++/4.8/iomanip:197:5: note: template<class _CharT, class _Traits> std::basic_istream<_CharT, _Traits>& std::operator>>(std::basic_istream<_CharT, _Traits>&, std::_Setprecision)
     operator>>(basic_istream<_CharT, _Traits>& __is, _Setprecision __f)
     ^
/usr/include/c++/4.8/iomanip:197:5: note:   template argument deduction/substitution failed:
/home/amd_clmc/team/workspace/src/catkin/ros/rgbd_capture/src/rgbd_capture.cpp:218:14: note:   types 'std::basic_istream<_CharT, _Traits>' and 'const YAML::Node' have incompatible cv-qualifiers
       key >> out;
              ^
In file included from /usr/include/boost/math/policies/error_handling.hpp:12:0,
                 from /usr/include/boost/math/special_functions/round.hpp:14,
                 from /opt/ros/indigo/include/ros/time.h:58,
                 from /opt/ros/indigo/include/ros/ros.h:38,
                 from /home/amd_clmc/team/workspace/src/catkin/ros/rgbd_capture/include/rgbd_capture/rgbd_capture.h:54,
                 from /home/amd_clmc/team/workspace/src/catkin/ros/rgbd_capture/src/rgbd_capture.cpp:46:
/usr/include/c++/4.8/iomanip:167:5: note: template<class _CharT, class _Traits> std::basic_istream<_CharT, _Traits>& std::operator>>(std::basic_istream<_CharT, _Traits>&, std::_Setfill<_CharT>)
     operator>>(basic_istream<_CharT, _Traits>& __is, _Setfill<_CharT> __f)
     ^
/usr/include/c++/4.8/iomanip:167:5: note:   template argument deduction/substitution failed:
/home/amd_clmc/team/workspace/src/catkin/ros/rgbd_capture/src/rgbd_capture.cpp:218:14: note:   types 'std::basic_istream<_CharT, _Traits>' and 'const YAML::Node' have incompatible cv-qualifiers
       key >> out;
              ^
In file included from /usr/include/boost/math/policies/error_handling.hpp:12:0,
                 from /usr/include/boost/math/special_functions/round.hpp:14,
                 from /opt/ros/indigo/include/ros/time.h:58,
                 from /opt/ros/indigo/include/ros/ros.h:38,
                 from /home/amd_clmc/team/workspace/src/catkin/ros/rgbd_capture/include/rgbd_capture/rgbd_capture.h:54,
                 from /home/amd_clmc/team/workspace/src/catkin/ros/rgbd_capture/src/rgbd_capture.cpp:46:
/usr/include/c++/4.8/iomanip:129:5: note: template<class _CharT, class _Traits> std::basic_istream<_CharT, _Traits>& std::operator>>(std::basic_istream<_CharT, _Traits>&, std::_Setbase)
     operator>>(basic_istream<_CharT, _Traits>& __is, _Setbase __f)
     ^
/usr/include/c++/4.8/iomanip:129:5: note:   template argument deduction/substitution failed:
/home/amd_clmc/team/workspace/src/catkin/ros/rgbd_capture/src/rgbd_capture.cpp:218:14: note:   types 'std::basic_istream<_CharT, _Traits>' and 'const YAML::Node' have incompatible cv-qualifiers
       key >> out;
              ^
In file included from /usr/include/boost/math/policies/error_handling.hpp:12:0,
                 from /usr/include/boost/math/special_functions/round.hpp:14,
                 from /opt/ros/indigo/include/ros/time.h:58,
                 from /opt/ros/indigo/include/ros/ros.h:38,
                 from /home/amd_clmc/team/workspace/src/catkin/ros/rgbd_capture/include/rgbd_capture/rgbd_capture.h:54,
                 from /home/amd_clmc/team/workspace/src/catkin/ros/rgbd_capture/src/rgbd_capture.cpp:46:
/usr/include/c++/4.8/iomanip:98:5: note: template<class _CharT, class _Traits> std::basic_istream<_CharT, _Traits>& std::operator>>(std::basic_istream<_CharT, _Traits>&, std::_Setiosflags)
     operator>>(basic_istream<_CharT, _Traits>& __is, _Setiosflags __f)
     ^
/usr/include/c++/4.8/iomanip:98:5: note:   template argument deduction/substitution failed:
/home/amd_clmc/team/workspace/src/catkin/ros/rgbd_capture/src/rgbd_capture.cpp:218:14: note:   types 'std::basic_istream<_CharT, _Traits>' and 'const YAML::Node' have incompatible cv-qualifiers
       key >> out;
              ^
In file included from /usr/include/boost/math/policies/error_handling.hpp:12:0,
                 from /usr/include/boost/math/special_functions/round.hpp:14,
                 from /opt/ros/indigo/include/ros/time.h:58,
                 from /opt/ros/indigo/include/ros/ros.h:38,
                 from /home/amd_clmc/team/workspace/src/catkin/ros/rgbd_capture/include/rgbd_capture/rgbd_capture.h:54,
                 from /home/amd_clmc/team/workspace/src/catkin/ros/rgbd_capture/src/rgbd_capture.cpp:46:
/usr/include/c++/4.8/iomanip:68:5: note: template<class _CharT, class _Traits> std::basic_istream<_CharT, _Traits>& std::operator>>(std::basic_istream<_CharT, _Traits>&, std::_Resetiosflags)
     operator>>(basic_istream<_CharT, _Traits>& __is, _Resetiosflags __f)
     ^
/usr/include/c++/4.8/iomanip:68:5: note:   template argument deduction/substitution failed:
/home/amd_clmc/team/workspace/src/catkin/ros/rgbd_capture/src/rgbd_capture.cpp:218:14: note:   types 'std::basic_istream<_CharT, _Traits>' and 'const YAML::Node' have incompatible cv-qualifiers
       key >> out;
              ^
In file included from /usr/include/c++/4.8/iterator:65:0,
                 from /usr/include/boost/iterator.hpp:17,
                 from /usr/include/boost/operators.hpp:86,
                 from /usr/include/boost/system/error_code.hpp:17,
                 from /usr/include/boost/system/system_error.hpp:14,
                 from /usr/include/boost/thread/exceptions.hpp:22,
                 from /usr/include/boost/thread/pthread/mutex.hpp:12,
                 from /usr/include/boost/thread/mutex.hpp:16,
                 from /home/amd_clmc/team/workspace/src/catkin/ros/rgbd_capture/include/rgbd_capture/rgbd_capture.h:51,
                 from /home/amd_clmc/team/workspace/src/catkin/ros/rgbd_capture/src/rgbd_capture.cpp:46:
/usr/include/c++/4.8/istream:779:5: note: template<class _Traits> std::basic_istream<char, _Traits>& std::operator>>(std::basic_istream<char, _Traits>&, signed char*)
     operator>>(basic_istream<char, _Traits>& __in, signed char* __s)
     ^
/usr/include/c++/4.8/istream:779:5: note:   template argument deduction/substitution failed:
/home/amd_clmc/team/workspace/src/catkin/ros/rgbd_capture/src/rgbd_capture.cpp:218:14: note:   types 'std::basic_istream<char, _Traits>' and 'const YAML::Node' have incompatible cv-qualifiers
       key >> out;
              ^
In file included from /usr/include/c++/4.8/iterator:65:0,
                 from /usr/include/boost/iterator.hpp:17,
                 from /usr/include/boost/operators.hpp:86,
                 from /usr/include/boost/system/error_code.hpp:17,
                 from /usr/include/boost/system/system_error.hpp:14,
                 from /usr/include/boost/thread/exceptions.hpp:22,
                 from /usr/include/boost/thread/pthread/mutex.hpp:12,
                 from /usr/include/boost/thread/mutex.hpp:16,
                 from /home/amd_clmc/team/workspace/src/catkin/ros/rgbd_capture/include/rgbd_capture/rgbd_capture.h:51,
                 from /home/amd_clmc/team/workspace/src/catkin/ros/rgbd_capture/src/rgbd_capture.cpp:46:
/usr/include/c++/4.8/istream:774:5: note: template<class _Traits> std::basic_istream<char, _Traits>& std::operator>>(std::basic_istream<char, _Traits>&, unsigned char*)
     operator>>(basic_istream<char, _Traits>& __in, unsigned char* __s)
     ^
/usr/include/c++/4.8/istream:774:5: note:   template argument deduction/substitution failed:
/home/amd_clmc/team/workspace/src/catkin/ros/rgbd_capture/src/rgbd_capture.cpp:218:14: note:   types 'std::basic_istream<char, _Traits>' and 'const YAML::Node' have incompatible cv-qualifiers
       key >> out;
              ^
In file included from /usr/include/c++/4.8/iterator:65:0,
                 from /usr/include/boost/iterator.hpp:17,
                 from /usr/include/boost/operators.hpp:86,
                 from /usr/include/boost/system/error_code.hpp:17,
                 from /usr/include/boost/system/system_error.hpp:14,
                 from /usr/include/boost/thread/exceptions.hpp:22,
                 from /usr/include/boost/thread/pthread/mutex.hpp:12,
                 from /usr/include/boost/thread/mutex.hpp:16,
                 from /home/amd_clmc/team/workspace/src/catkin/ros/rgbd_capture/include/rgbd_capture/rgbd_capture.h:51,
                 from /home/amd_clmc/team/workspace/src/catkin/ros/rgbd_capture/src/rgbd_capture.cpp:46:
/usr/include/c++/4.8/istream:732:5: note: template<class _Traits> std::basic_istream<char, _Traits>& std::operator>>(std::basic_istream<char, _Traits>&, signed char&)
     operator>>(basic_istream<char, _Traits>& __in, signed char& __c)
     ^
/usr/include/c++/4.8/istream:732:5: note:   template argument deduction/substitution failed:
/home/amd_clmc/team/workspace/src/catkin/ros/rgbd_capture/src/rgbd_capture.cpp:218:14: note:   types 'std::basic_istream<char, _Traits>' and 'const YAML::Node' have incompatible cv-qualifiers
       key >> out;
              ^
In file included from /usr/include/c++/4.8/iterator:65:0,
                 from /usr/include/boost/iterator.hpp:17,
                 from /usr/include/boost/operators.hpp:86,
                 from /usr/include/boost/system/error_code.hpp:17,
                 from /usr/include/boost/system/system_error.hpp:14,
                 from /usr/include/boost/thread/exceptions.hpp:22,
                 from /usr/include/boost/thread/pthread/mutex.hpp:12,
                 from /usr/include/boost/thread/mutex.hpp:16,
                 from /home/amd_clmc/team/workspace/src/catkin/ros/rgbd_capture/include/rgbd_capture/rgbd_capture.h:51,
                 from /home/amd_clmc/team/workspace/src/catkin/ros/rgbd_capture/src/rgbd_capture.cpp:46:
/usr/include/c++/4.8/istream:727:5: note: template<class _Traits> std::basic_istream<char, _Traits>& std::operator>>(std::basic_istream<char, _Traits>&, unsigned char&)
     operator>>(basic_istream<char, _Traits>& __in, unsigned char& __c)
     ^
/usr/include/c++/4.8/istream:727:5: note:   template argument deduction/substitution failed:
/home/amd_clmc/team/workspace/src/catkin/ros/rgbd_capture/src/rgbd_capture.cpp:218:14: note:   types 'std::basic_istream<char, _Traits>' and 'const YAML::Node' have incompatible cv-qualifiers
       key >> out;
              ^
In file included from /usr/include/c++/4.8/istream:882:0,
                 from /usr/include/c++/4.8/iterator:65,
                 from /usr/include/boost/iterator.hpp:17,
                 from /usr/include/boost/operators.hpp:86,
                 from /usr/include/boost/system/error_code.hpp:17,
                 from /usr/include/boost/system/system_error.hpp:14,
                 from /usr/include/boost/thread/exceptions.hpp:22,
                 from /usr/include/boost/thread/pthread/mutex.hpp:12,
                 from /usr/include/boost/thread/mutex.hpp:16,
                 from /home/amd_clmc/team/workspace/src/catkin/ros/rgbd_capture/include/rgbd_capture/rgbd_capture.h:51,
                 from /home/amd_clmc/team/workspace/src/catkin/ros/rgbd_capture/src/rgbd_capture.cpp:46:
/usr/include/c++/4.8/bits/istream.tcc:923:5: note: template<class _CharT, class _Traits> std::basic_istream<_CharT, _Traits>& std::operator>>(std::basic_istream<_CharT, _Traits>&, _CharT&)
     operator>>(basic_istream<_CharT, _Traits>& __in, _CharT& __c)
     ^
/usr/include/c++/4.8/bits/istream.tcc:923:5: note:   template argument deduction/substitution failed:
/home/amd_clmc/team/workspace/src/catkin/ros/rgbd_capture/src/rgbd_capture.cpp:218:14: note:   types 'std::basic_istream<_CharT, _Traits>' and 'const YAML::Node' have incompatible cv-qualifiers
       key >> out;
              ^
In file included from /usr/include/c++/4.8/istream:882:0,
                 from /usr/include/c++/4.8/iterator:65,
                 from /usr/include/boost/iterator.hpp:17,
                 from /usr/include/boost/operators.hpp:86,
                 from /usr/include/boost/system/error_code.hpp:17,
                 from /usr/include/boost/system/system_error.hpp:14,
                 from /usr/include/boost/thread/exceptions.hpp:22,
                 from /usr/include/boost/thread/pthread/mutex.hpp:12,
                 from /usr/include/boost/thread/mutex.hpp:16,
                 from /home/amd_clmc/team/workspace/src/catkin/ros/rgbd_capture/include/rgbd_capture/rgbd_capture.h:51,
                 from /home/amd_clmc/team/workspace/src/catkin/ros/rgbd_capture/src/rgbd_capture.cpp:46:
/usr/include/c++/4.8/bits/istream.tcc:955:5: note: template<class _CharT2, class _Traits2> std::basic_istream<_CharT, _Traits>& std::operator>>(std::basic_istream<_CharT, _Traits>&, _CharT2*)
     operator>>(basic_istream<_CharT, _Traits>& __in, _CharT* __s)
     ^
/usr/include/c++/4.8/bits/istream.tcc:955:5: note:   template argument deduction/substitution failed:
/home/amd_clmc/team/workspace/src/catkin/ros/rgbd_capture/src/rgbd_capture.cpp:218:14: note:   types 'std::basic_istream<_CharT, _Traits>' and 'const YAML::Node' have incompatible cv-qualifiers
       key >> out;
              ^
In file included from /usr/include/c++/4.8/string:53:0,
                 from /usr/include/boost/format.hpp:18,
                 from /home/amd_clmc/team/workspace/src/catkin/ros/rgbd_capture/include/rgbd_capture/rgbd_capture.h:50,
                 from /home/amd_clmc/team/workspace/src/catkin/ros/rgbd_capture/src/rgbd_capture.cpp:46:
/usr/include/c++/4.8/bits/basic_string.tcc:996:5: note: template<class _CharT, class _Traits, class _Alloc> std::basic_istream<_CharT, _Traits>& std::operator>>(std::basic_istream<_CharT, _Traits>&, std::basic_string<_CharT, _Traits, _Alloc>&)
     operator>>(basic_istream<_CharT, _Traits>& __in,
     ^
/usr/include/c++/4.8/bits/basic_string.tcc:996:5: note:   template argument deduction/substitution failed:
/home/amd_clmc/team/workspace/src/catkin/ros/rgbd_capture/src/rgbd_capture.cpp:218:14: note:   types 'std::basic_istream<_CharT, _Traits>' and 'const YAML::Node' have incompatible cv-qualifiers
       key >> out;
              ^
make[2]: *** [catkin/ros/rgbd_capture/CMakeFiles/rgbd_capture.dir/src/rgbd_capture.cpp.o] Error 1
make[1]: *** [catkin/ros/rgbd_capture/CMakeFiles/rgbd_capture.dir/all] Error 2
make[1]: *** Waiting for unfinished jobs....
Linking CXX executable /home/amd_clmc/team/workspace/devel/lib/osr/pose_vector_test
Linking CXX executable /home/amd_clmc/team/workspace/devel/lib/osr/pose_velocity_vector_test
[ 69%] Built target pose_vector_test
[ 69%] Built target pose_velocity_vector_test
Linking CXX executable /home/amd_clmc/team/workspace/devel/lib/osr/composed_vector_test
[ 69%] Built target composed_vector_test
Linking CXX shared library /home/amd_clmc/team/workspace/devel/lib/libopi.so
[ 69%] Built target opi
Linking CXX shared library /home/amd_clmc/team/workspace/devel/lib/libdbot.so
[ 69%] Built target dbot
make: *** [all] Error 2
Base path: /home/amd_clmc/team/workspace
Source space: /home/amd_clmc/team/workspace/src
Build space: /home/amd_clmc/team/workspace/build
Devel space: /home/amd_clmc/team/workspace/devel
Install space: /home/amd_clmc/team/workspace/install
####
#### Running command: "cmake /home/amd_clmc/team/workspace/src -DCATKIN_DEVEL_PREFIX=/home/amd_clmc/team/workspace/devel -DCMAKE_INSTALL_PREFIX=/home/amd_clmc/team/workspace/install -G Unix Makefiles" in "/home/amd_clmc/team/workspace/build"
####
####
#### Running command: "make -j install" in "/home/amd_clmc/team/workspace/build"
####
Invoking "make -j install" failed
