COMMAND:catkin_make -j install
------------------------------
-- The C compiler identification is GNU 4.8.4
-- The CXX compiler identification is GNU 4.8.4
-- Check for working C compiler: /usr/bin/cc
-- Check for working C compiler: /usr/bin/cc -- works
-- Detecting C compiler ABI info
-- Detecting C compiler ABI info - done
-- Check for working CXX compiler: /usr/bin/c++
-- Check for working CXX compiler: /usr/bin/c++ -- works
-- Detecting CXX compiler ABI info
-- Detecting CXX compiler ABI info - done
-- Using CATKIN_DEVEL_PREFIX: /home/amd_clmc/team/workspace/devel
-- Using CMAKE_PREFIX_PATH: /opt/ros/indigo
-- This workspace overlays: /opt/ros/indigo
-- Found PythonInterp: /usr/bin/python (found version "2.7.6") 
-- Using PYTHON_EXECUTABLE: /usr/bin/python
-- Python version: 2.7
-- Using Debian Python package layout
-- Using CATKIN_ENABLE_TESTING: ON
-- Call enable_testing()
-- Using CATKIN_TEST_RESULTS_DIR: /home/amd_clmc/team/workspace/build/test_results
-- Looking for include file pthread.h
-- Looking for include file pthread.h - found
-- Looking for pthread_create
-- Looking for pthread_create - not found
-- Looking for pthread_create in pthreads
-- Looking for pthread_create in pthreads - not found
-- Looking for pthread_create in pthread
-- Looking for pthread_create in pthread - found
-- Found Threads: TRUE  
-- Found gtest sources under '/usr/src/gtest': gtests will be built
-- catkin 0.5.90
-- BUILD_SHARED_LIBS is on
WARNING: Package "ompl" does not follow the version conventions. It should not contain leading zeros (unless the number is 0).
-- ~~~~~~~~~~~~~~~~~~~~~~~~~~~~~~~~~~~~~~~~~~~~~~~~~
-- ~~  traversing 7 packages in topological order:
-- ~~  - fl
-- ~~  - osr
-- ~~  - dbot
-- ~~  - dbot_ros_msgs
-- ~~  - opi
-- ~~  - dbot_ros
-- ~~  - table_object_finder
-- ~~~~~~~~~~~~~~~~~~~~~~~~~~~~~~~~~~~~~~~~~~~~~~~~~
-- +++ processing catkin package: 'fl'
-- ==> add_subdirectory(catkin/core-perception/fl)
-- Found PkgConfig: /usr/bin/pkg-config (found version "0.26") 
-- checking for module 'eigen3'
--   found eigen3, version 3.2.0
-- Found Eigen: /usr/include/eigen3  
-- Eigen found (include: /usr/include/eigen3)
-- Boost version: 1.54.0
-- Found Doxygen: /usr/bin/doxygen (found suitable version "1.8.6", minimum required is "1.8.4") 
-- +++ processing catkin package: 'osr'
-- ==> add_subdirectory(catkin/utils/osr)
-- Eigen found (include: /usr/include/eigen3)
-- Using catkin
-- +++ processing catkin package: 'dbot'
-- ==> add_subdirectory(catkin/core-perception/dbot)
-- Eigen found (include: /usr/include/eigen3)
-- Boost version: 1.54.0
-- Found the following Boost libraries:
--   system
--   filesystem
-- Looking for XOpenDisplay in /usr/lib/x86_64-linux-gnu/libX11.so;/usr/lib/x86_64-linux-gnu/libXext.so
-- Looking for XOpenDisplay in /usr/lib/x86_64-linux-gnu/libX11.so;/usr/lib/x86_64-linux-gnu/libXext.so - found
-- Looking for gethostbyname
-- Looking for gethostbyname - found
-- Looking for connect
-- Looking for connect - found
-- Looking for remove
-- Looking for remove - found
-- Looking for shmat
-- Looking for shmat - found
-- Looking for IceConnectionNumber in ICE
-- Looking for IceConnectionNumber in ICE - found
-- Found X11: /usr/lib/x86_64-linux-gnu/libX11.so
CMake Warning at catkin/core-perception/dbot/CMakeLists.txt:84 (message):
  No CUDA support.  Deactivating GPU implementation


-- Using catkin
-- +++ processing catkin package: 'dbot_ros_msgs'
-- ==> add_subdirectory(catkin/ros/dbot_ros_msgs)
-- Using these message generators: gencpp;genlisp;genpy
-- dbot_ros_msgs: 3 messages, 3 services
-- +++ processing catkin package: 'opi'
-- ==> add_subdirectory(catkin/core-perception/opi)
-- Eigen found (include: /usr/include/eigen3)
-- Using these message generators: gencpp;genlisp;genpy
-- +++ processing catkin package: 'dbot_ros'
-- ==> add_subdirectory(catkin/ros/dbot_ros)
-- Using these message generators: gencpp;genlisp;genpy
-- Boost version: 1.54.0
-- Eigen found (include: /usr/include/eigen3)
-- +++ processing catkin package: 'table_object_finder'
-- ==> add_subdirectory(catkin/ros/table_object_finder)
-- Using these message generators: gencpp;genlisp;genpy
-- Boost version: 1.54.0
-- Eigen found (include: /usr/include/eigen3)
-- Found eigen: /usr/include/eigen3  
-- Boost version: 1.54.0
-- Found the following Boost libraries:
--   system
--   filesystem
--   thread
--   date_time
--   iostreams
--   serialization
-- checking for module 'openni-dev'
--   package 'openni-dev' not found
-- Found openni: /usr/lib/libOpenNI.so  
-- Found libusb-1.0: /usr/include  
-- checking for module 'flann'
--   found flann, version 1.8.4
-- Found Flann: /usr/lib/x86_64-linux-gnu/libflann_cpp_s.a  
-- checking for module 'openni-dev'
--   package 'openni-dev' not found
-- Found qhull: /usr/lib/x86_64-linux-gnu/libqhull.so  
-- checking for module 'openni-dev'
--   package 'openni-dev' not found
-- looking for PCL_COMMON
-- Found PCL_COMMON: /usr/lib/libpcl_common.so  
-- looking for PCL_OCTREE
-- Found PCL_OCTREE: /usr/lib/libpcl_octree.so  
-- looking for PCL_IO
-- Found PCL_IO: /usr/lib/libpcl_io.so  
-- looking for PCL_KDTREE
-- Found PCL_KDTREE: /usr/lib/libpcl_kdtree.so  
-- looking for PCL_SEARCH
-- Found PCL_SEARCH: /usr/lib/libpcl_search.so  
-- looking for PCL_SAMPLE_CONSENSUS
-- Found PCL_SAMPLE_CONSENSUS: /usr/lib/libpcl_sample_consensus.so  
-- looking for PCL_FILTERS
-- Found PCL_FILTERS: /usr/lib/libpcl_filters.so  
-- looking for PCL_FEATURES
-- Found PCL_FEATURES: /usr/lib/libpcl_features.so  
-- looking for PCL_KEYPOINTS
-- Found PCL_KEYPOINTS: /usr/lib/libpcl_keypoints.so  
-- looking for PCL_GEOMETRY
-- Found PCL_GEOMETRY: /usr/include/pcl-1.7  
-- looking for PCL_SEGMENTATION
-- Found PCL_SEGMENTATION: /usr/lib/libpcl_segmentation.so  
-- looking for PCL_VISUALIZATION
-- Found PCL_VISUALIZATION: /usr/lib/libpcl_visualization.so  
-- looking for PCL_OUTOFCORE
-- Found PCL_OUTOFCORE: /usr/lib/libpcl_outofcore.so  
-- looking for PCL_REGISTRATION
-- Found PCL_REGISTRATION: /usr/lib/libpcl_registration.so  
-- looking for PCL_RECOGNITION
-- Found PCL_RECOGNITION: /usr/lib/libpcl_recognition.so  
-- looking for PCL_SURFACE
-- Found PCL_SURFACE: /usr/lib/libpcl_surface.so  
-- looking for PCL_PEOPLE
-- Found PCL_PEOPLE: /usr/lib/libpcl_people.so  
-- looking for PCL_TRACKING
-- Found PCL_TRACKING: /usr/lib/libpcl_tracking.so  
-- looking for PCL_APPS
-- Found PCL_APPS: /usr/lib/libpcl_apps.so  
-- Found PCL: /usr/lib/x86_64-linux-gnu/libboost_system.so;/usr/lib/x86_64-linux-gnu/libboost_filesystem.so;/usr/lib/x86_64-linux-gnu/libboost_thread.so;/usr/lib/x86_64-linux-gnu/libboost_date_time.so;/usr/lib/x86_64-linux-gnu/libboost_iostreams.so;/usr/lib/x86_64-linux-gnu/libboost_serialization.so;/usr/lib/x86_64-linux-gnu/libpthread.so;optimized;/usr/lib/libpcl_common.so;debug;/usr/lib/libpcl_common.so;optimized;/usr/lib/libpcl_octree.so;debug;/usr/lib/libpcl_octree.so;/usr/lib/libOpenNI.so;vtkCommon;vtkRendering;vtkHybrid;vtkCharts;optimized;/usr/lib/libpcl_io.so;debug;/usr/lib/libpcl_io.so;optimized;/usr/lib/x86_64-linux-gnu/libflann_cpp_s.a;debug;/usr/lib/x86_64-linux-gnu/libflann_cpp_s.a;optimized;/usr/lib/libpcl_kdtree.so;debug;/usr/lib/libpcl_kdtree.so;optimized;/usr/lib/libpcl_search.so;debug;/usr/lib/libpcl_search.so;optimized;/usr/lib/libpcl_sample_consensus.so;debug;/usr/lib/libpcl_sample_consensus.so;optimized;/usr/lib/libpcl_filters.so;debug;/usr/lib/libpcl_filters.so;optimized;/usr/lib/libpcl_features.so;debug;/usr/lib/libpcl_features.so;optimized;/usr/lib/libpcl_keypoints.so;debug;/usr/lib/libpcl_keypoints.so;optimized;/usr/lib/libpcl_segmentation.so;debug;/usr/lib/libpcl_segmentation.so;optimized;/usr/lib/libpcl_visualization.so;debug;/usr/lib/libpcl_visualization.so;optimized;/usr/lib/libpcl_outofcore.so;debug;/usr/lib/libpcl_outofcore.so;optimized;/usr/lib/libpcl_registration.so;debug;/usr/lib/libpcl_registration.so;optimized;/usr/lib/libpcl_recognition.so;debug;/usr/lib/libpcl_recognition.so;optimized;/usr/lib/x86_64-linux-gnu/libqhull.so;debug;/usr/lib/x86_64-linux-gnu/libqhull.so;optimized;/usr/lib/libpcl_surface.so;debug;/usr/lib/libpcl_surface.so;optimized;/usr/lib/libpcl_people.so;debug;/usr/lib/libpcl_people.so;optimized;/usr/lib/libpcl_tracking.so;debug;/usr/lib/libpcl_tracking.so;optimized;/usr/lib/libpcl_apps.so;debug;/usr/lib/libpcl_apps.so;/usr/lib/x86_64-linux-gnu/libboost_system.so;/usr/lib/x86_64-linux-gnu/libboost_filesystem.so;/usr/lib/x86_64-linux-gnu/libboost_thread.so;/usr/lib/x86_64-linux-gnu/libboost_date_time.so;/usr/lib/x86_64-linux-gnu/libboost_iostreams.so;/usr/lib/x86_64-linux-gnu/libboost_serialization.so;/usr/lib/x86_64-linux-gnu/libpthread.so;optimized;/usr/lib/x86_64-linux-gnu/libqhull.so;debug;/usr/lib/x86_64-linux-gnu/libqhull.so;/usr/lib/libOpenNI.so;optimized;/usr/lib/x86_64-linux-gnu/libflann_cpp_s.a;debug;/usr/lib/x86_64-linux-gnu/libflann_cpp_s.a;vtkCommon;vtkRendering;vtkHybrid;vtkCharts (Required is at least version "1.3") 
-- Configuring done
-- Generating done
-- Build files have been written to: /home/amd_clmc/team/workspace/build
Scanning dependencies of target osr
Scanning dependencies of target _dbot_ros_msgs_generate_messages_check_deps_RunObjectTracker
Scanning dependencies of target _dbot_ros_msgs_generate_messages_check_deps_ObjectState
Scanning dependencies of target fl
Scanning dependencies of target std_msgs_generate_messages_py
Scanning dependencies of target _dbot_ros_msgs_generate_messages_check_deps_TrackObject
Scanning dependencies of target _dbot_ros_msgs_generate_messages_check_deps_ObjectsState
Scanning dependencies of target _dbot_ros_msgs_generate_messages_check_deps_ObjectOri
Scanning dependencies of target geometry_msgs_generate_messages_py
Scanning dependencies of target _dbot_ros_msgs_generate_messages_check_deps_FindObject
Scanning dependencies of target gtest
Scanning dependencies of target geometry_msgs_generate_messages_cpp
Scanning dependencies of target std_msgs_generate_messages_lisp
Scanning dependencies of target std_msgs_generate_messages_cpp
Scanning dependencies of target geometry_msgs_generate_messages_lisp
Linking CXX shared library /home/amd_clmc/team/workspace/devel/lib/libosr.so
[  0%] Linking CXX shared library /home/amd_clmc/team/workspace/devel/lib/libfl.so
[  0%] [  0%] Built target std_msgs_generate_messages_py
[  0%] [  2%] Built target std_msgs_generate_messages_cpp
Built target std_msgs_generate_messages_lisp
[  2%] [  2%] Built target geometry_msgs_generate_messages_py
Built target geometry_msgs_generate_messages_cpp
Built target geometry_msgs_generate_messages_lisp
Building CXX object gtest/CMakeFiles/gtest.dir/src/gtest-all.cc.o
[  2%] Built target osr
[  2%] Built target fl
[  2%] Built target _dbot_ros_msgs_generate_messages_check_deps_ObjectOri
Scanning dependencies of target opi
[  2%] [  2%] Built target _dbot_ros_msgs_generate_messages_check_deps_ObjectsState
Built target _dbot_ros_msgs_generate_messages_check_deps_RunObjectTracker
[  2%] [  2%] [  2%] Built target _dbot_ros_msgs_generate_messages_check_deps_ObjectState
Built target _dbot_ros_msgs_generate_messages_check_deps_FindObject
Built target _dbot_ros_msgs_generate_messages_check_deps_TrackObject
Scanning dependencies of target dbot_ros_msgs_generate_messages_lisp
Scanning dependencies of target dbot_ros_msgs_generate_messages_cpp
Scanning dependencies of target dbot_ros_msgs_generate_messages_py
[  5%] Building CXX object catkin/core-perception/opi/CMakeFiles/opi.dir/src/interactive_marker_initializer.cpp.o
[  7%] [  7%] [  7%] [ 10%] [ 12%] [ 15%] [ 17%] [ 20%] [ 20%] [ 23%] [ 23%] [ 30%] [ 30%] [ 30%] [ 33%] [ 33%] [ 35%] [ 35%] Generating Python from MSG dbot_ros_msgs/ObjectState
Generating Python from MSG dbot_ros_msgs/ObjectsState
Generating C++ code from dbot_ros_msgs/ObjectState.msg
Generating Lisp code from dbot_ros_msgs/FindObject.srv
Generating Python from MSG dbot_ros_msgs/ObjectOri
Generating Lisp code from dbot_ros_msgs/TrackObject.srv
Generating Lisp code from dbot_ros_msgs/ObjectOri.msg
Generating C++ code from dbot_ros_msgs/TrackObject.srv
Generating Lisp code from dbot_ros_msgs/RunObjectTracker.srv
Generating Lisp code from dbot_ros_msgs/ObjectState.msg
Generating Python code from SRV dbot_ros_msgs/FindObject
Generating Python code from SRV dbot_ros_msgs/TrackObject
Generating Lisp code from dbot_ros_msgs/ObjectsState.msg
Generating C++ code from dbot_ros_msgs/ObjectOri.msg
Generating C++ code from dbot_ros_msgs/FindObject.srv
Generating C++ code from dbot_ros_msgs/ObjectsState.msg
Generating C++ code from dbot_ros_msgs/RunObjectTracker.srv
Generating Python code from SRV dbot_ros_msgs/RunObjectTracker
[ 35%] [ 38%] [ 38%] Built target dbot_ros_msgs_generate_messages_lisp
Generating Python msg __init__.py for dbot_ros_msgs
Generating Python srv __init__.py for dbot_ros_msgs
Scanning dependencies of target dbot
[ 41%] [ 41%] [ 43%] [ 46%] [ 46%] [ 48%] [ 48%] [ 51%] [ 53%] [ 56%] [ 56%] [ 58%] Building CXX object catkin/core-perception/dbot/CMakeFiles/dbot.dir/src/dbot/util/simple_shader_provider.cpp.o
Building CXX object catkin/core-perception/dbot/CMakeFiles/dbot.dir/src/dbot/util/camera_data.cpp.o
Building CXX object catkin/core-perception/dbot/CMakeFiles/dbot.dir/src/dbot/util/simple_camera_data_provider.cpp.o
[ 61%] [ 61%] Building CXX object catkin/core-perception/dbot/CMakeFiles/dbot.dir/src/dbot/util/virtual_camera_data_provider.cpp.o
Building CXX object catkin/core-perception/dbot/CMakeFiles/dbot.dir/src/dbot/util/object_file_reader.cpp.o
[ 64%] [ 64%] Building CXX object catkin/core-perception/dbot/CMakeFiles/dbot.dir/src/dbot/util/simple_wavefront_object_loader.cpp.o
Building CXX object catkin/core-perception/dbot/CMakeFiles/dbot.dir/src/dbot/util/object_model.cpp.o
Building CXX object catkin/core-perception/dbot/CMakeFiles/dbot.dir/src/dbot/util/default_shader_provider.cpp.o
Building CXX object catkin/core-perception/dbot/CMakeFiles/dbot.dir/src/dbot/util/object_resource_identifier.cpp.o
Building CXX object catkin/core-perception/dbot/CMakeFiles/dbot.dir/src/dbot/util/rigid_body_renderer.cpp.o
[ 66%] Building CXX object catkin/core-perception/dbot/CMakeFiles/dbot.dir/src/dbot/util/file_shader_provider.cpp.o
Building CXX object catkin/core-perception/dbot/CMakeFiles/dbot.dir/src/dbot/tracker/builder/rbc_particle_filter_tracker_builder.cpp.o
Building CXX object catkin/core-perception/dbot/CMakeFiles/dbot.dir/src/dbot/tracker/rbc_particle_filter_object_tracker.cpp.o
Building CXX object catkin/core-perception/dbot/CMakeFiles/dbot.dir/src/dbot/tracker/builder/rms_gaussian_filter_tracker_builder.cpp.o
Building CXX object catkin/core-perception/dbot/CMakeFiles/dbot.dir/src/dbot/tracker/object_tracker.cpp.o
Building CXX object catkin/core-perception/dbot/CMakeFiles/dbot.dir/src/dbot/tracker/rms_gaussian_filter_object_tracker.cpp.o
Building CXX object catkin/core-perception/dbot/CMakeFiles/dbot.dir/src/dbot/tracker/builder/rb_observation_model_builder.cpp.o
[ 66%] Built target dbot_ros_msgs_generate_messages_py
[ 66%] Built target dbot_ros_msgs_generate_messages_cpp
Scanning dependencies of target dbot_ros_msgs_generate_messages
[ 66%] Built target dbot_ros_msgs_generate_messages
Linking CXX shared library libgtest.so
[ 66%] Built target gtest
Scanning dependencies of target gtest_main
[ 66%] Building CXX object gtest/CMakeFiles/gtest_main.dir/src/gtest_main.cc.o
Linking CXX shared library libgtest_main.so
[ 66%] Built target gtest_main
Scanning dependencies of target composed_vector_test
[ 69%] Scanning dependencies of target euler_vector_test
Building CXX object catkin/utils/osr/test/CMakeFiles/composed_vector_test.dir/composed_vector_test.cpp.o
Scanning dependencies of target pose_velocity_vector_test
Scanning dependencies of target pose_vector_test
[ 71%] [ 74%] [ 74%] Building CXX object catkin/utils/osr/test/CMakeFiles/pose_velocity_vector_test.dir/pose_velocity_vector_test.cpp.o
Building CXX object catkin/utils/osr/test/CMakeFiles/euler_vector_test.dir/euler_vector_test.cpp.o
Building CXX object catkin/utils/osr/test/CMakeFiles/pose_vector_test.dir/pose_vector_test.cpp.o
Linking CXX executable /home/amd_clmc/team/workspace/devel/lib/osr/euler_vector_test
[ 74%] Built target euler_vector_test
Linking CXX executable /home/amd_clmc/team/workspace/devel/lib/osr/pose_velocity_vector_test
Linking CXX executable /home/amd_clmc/team/workspace/devel/lib/osr/pose_vector_test
[ 74%] Built target pose_velocity_vector_test
[ 74%] Built target pose_vector_test
Linking CXX executable /home/amd_clmc/team/workspace/devel/lib/osr/composed_vector_test
[ 74%] Built target composed_vector_test
Linking CXX shared library /home/amd_clmc/team/workspace/devel/lib/libopi.so
[ 74%] Built target opi
Scanning dependencies of target interactive_markers_initializer_node
[ 76%] Building CXX object catkin/core-perception/opi/CMakeFiles/interactive_markers_initializer_node.dir/src/interactive_markers_initializer_node_main.cpp.o
Linking CXX executable /home/amd_clmc/team/workspace/devel/lib/opi/interactive_markers_initializer_node
[ 76%] Built target interactive_markers_initializer_node
Linking CXX shared library /home/amd_clmc/team/workspace/devel/lib/libdbot.so
[ 76%] Built target dbot
Scanning dependencies of target dbot_ros
[ 79%] [ 79%] [ 84%] [ 84%] [ 84%] [ 87%] Building CXX object catkin/ros/dbot_ros/CMakeFiles/dbot_ros.dir/src/dbot_ros/object_tracker_publisher.cpp.o
Building CXX object catkin/ros/dbot_ros/CMakeFiles/dbot_ros.dir/src/dbot_ros/utils/data_set_camera_data_provider.cpp.o
Building CXX object catkin/ros/dbot_ros/CMakeFiles/dbot_ros.dir/src/dbot_ros/object_tracker_node.cpp.o
Building CXX object catkin/ros/dbot_ros/CMakeFiles/dbot_ros.dir/src/dbot_ros/utils/ros_camera_data_provider.cpp.o
Building CXX object catkin/ros/dbot_ros/CMakeFiles/dbot_ros.dir/src/dbot_ros/utils/ros_interface.cpp.o
Building CXX object catkin/ros/dbot_ros/CMakeFiles/dbot_ros.dir/src/dbot_ros/utils/tracking_dataset.cpp.o
Linking CXX shared library /home/amd_clmc/team/workspace/devel/lib/libdbot_ros.so
[ 87%] Built target dbot_ros
Scanning dependencies of target rbc_particle_filter_object_tracker
Scanning dependencies of target object_tracker_controller_service
Scanning dependencies of target object_tracker_service
Scanning dependencies of target rms_gaussian_filter_object_tracker
[ 87%] [ 89%] Building CXX object catkin/ros/dbot_ros/CMakeFiles/rbc_particle_filter_object_tracker.dir/src/dbot_ros/trackers/rbc_particle_filter_object_tracker_node.cpp.o
Building CXX object catkin/ros/dbot_ros/CMakeFiles/object_tracker_controller_service.dir/src/dbot_ros/object_tracker_controller_service_node.cpp.o
[ 92%] Building CXX object catkin/ros/dbot_ros/CMakeFiles/object_tracker_service.dir/src/dbot_ros/trackers/object_tracker_service_node.cpp.o
[ 92%] Building CXX object catkin/ros/dbot_ros/CMakeFiles/rms_gaussian_filter_object_tracker.dir/src/dbot_ros/trackers/rms_gaussian_filter_object_tracker_node.cpp.o
Scanning dependencies of target table_object_finder
[ 94%] [ 97%] Building CXX object catkin/ros/table_object_finder/CMakeFiles/table_object_finder.dir/src/table_object_finder/utils/pcl_interface.cpp.o
Building CXX object catkin/ros/table_object_finder/CMakeFiles/table_object_finder.dir/src/table_object_finder/utils/cloud_visualizer.cpp.o
Linking CXX executable /home/amd_clmc/team/workspace/devel/lib/dbot_ros/object_tracker_controller_service
[ 97%] Built target object_tracker_controller_service
/home/amd_clmc/team/workspace/src/catkin/ros/table_object_finder/src/table_object_finder/utils/pcl_interface.cpp:73:14: error: 'vector' has not been declared
              vector<T>& observations,
              ^
/home/amd_clmc/team/workspace/src/catkin/ros/table_object_finder/src/table_object_finder/utils/pcl_interface.cpp:73:20: error: expected ',' or '...' before '<' token
              vector<T>& observations,
                    ^
/home/amd_clmc/team/workspace/src/catkin/ros/table_object_finder/src/table_object_finder/utils/pcl_interface.cpp: In function 'void pi::Ros2Std(const PointCloud2&, const size_t&, int)':
/home/amd_clmc/team/workspace/src/catkin/ros/table_object_finder/src/table_object_finder/utils/pcl_interface.cpp:79:5: error: 'fromROSMsg' is not a member of 'pcl'
     pcl::fromROSMsg(ros_cloud, *point_cloud);
     ^
/home/amd_clmc/team/workspace/src/catkin/ros/table_object_finder/src/table_object_finder/utils/pcl_interface.cpp:80:5: error: 'n_rows' was not declared in this scope
     n_rows = point_cloud->height / n_downsampling;
     ^
/home/amd_clmc/team/workspace/src/catkin/ros/table_object_finder/src/table_object_finder/utils/pcl_interface.cpp:81:5: error: 'n_cols' was not declared in this scope
     n_cols = point_cloud->width / n_downsampling;
     ^
/home/amd_clmc/team/workspace/src/catkin/ros/table_object_finder/src/table_object_finder/utils/pcl_interface.cpp:82:5: error: 'observations' was not declared in this scope
     observations.resize(n_rows * n_cols);
     ^
/home/amd_clmc/team/workspace/src/catkin/ros/table_object_finder/src/table_object_finder/utils/pcl_interface.cpp: In instantiation of 'void pi::PointsOnPlane(const pcl::PointCloud<PointT>&, pcl::PointCloud<PointT>&, Eigen::Matrix<Scalar, 4, 1>&, const bool&, const float&, const float&, const float&, const float&, const float&, const float&, const float&, const float&, const float&) [with PointT = pcl::PointXYZ; MatrixT = double]':
/home/amd_clmc/team/workspace/src/catkin/ros/table_object_finder/src/table_object_finder/utils/pcl_interface.cpp:845:27:   required from here
/home/amd_clmc/team/workspace/src/catkin/ros/table_object_finder/src/table_object_finder/utils/pcl_interface.cpp:172:67: error: 'isfinite' was not declared in this scope
         if (isfinite(input_cloud.points[i].getVector3fMap().norm()))
                                                                   ^
/home/amd_clmc/team/workspace/src/catkin/ros/table_object_finder/src/table_object_finder/utils/pcl_interface.cpp:172:67: note: suggested alternatives:
In file included from /usr/include/pcl-1.7/pcl/pcl_macros.h:110:0,
                 from /usr/include/pcl-1.7/pcl/point_types.h:42,
                 from /home/amd_clmc/team/workspace/src/catkin/ros/table_object_finder/src/table_object_finder/utils/pcl_interface.cpp:21:
/usr/include/c++/4.8/cmath:596:5: note:   'std::isfinite'
     isfinite(_Tp __x)
     ^
In file included from /usr/include/boost/lexical_cast.hpp:168:0,
                 from /usr/include/boost/date_time/string_parse_tree.hpp:13,
                 from /usr/include/boost/date_time/period_parser.hpp:14,
                 from /usr/include/boost/date_time/date_facet.hpp:23,
                 from /usr/include/boost/date_time/gregorian/gregorian_io.hpp:16,
                 from /usr/include/boost/date_time/gregorian/gregorian.hpp:31,
                 from /usr/include/boost/date_time/posix_time/time_formatters.hpp:12,
                 from /usr/include/boost/date_time/posix_time/posix_time.hpp:24,
                 from /usr/include/pcl-1.7/pcl/io/boost.h:66,
                 from /usr/include/pcl-1.7/pcl/io/file_io.h:43,
                 from /usr/include/pcl-1.7/pcl/io/pcd_io.h:44,
                 from /home/amd_clmc/team/workspace/src/catkin/ros/table_object_finder/src/table_object_finder/utils/pcl_interface.cpp:24:
/usr/include/boost/math/special_functions/fpclassify.hpp:336:14: note:   'boost::math::isfinite'
 inline bool (isfinite)(T x)
              ^
In file included from /usr/include/eigen3/Eigen/Core:259:0,
                 from /usr/include/pcl-1.7/pcl/impl/point_types.hpp:46,
                 from /usr/include/pcl-1.7/pcl/point_types.h:311,
                 from /home/amd_clmc/team/workspace/src/catkin/ros/table_object_finder/src/table_object_finder/utils/pcl_interface.cpp:21:
/usr/include/eigen3/Eigen/src/Core/MathFunctions.h:630:28: note:   'Eigen::numext::isfinite'
 template<typename T> bool (isfinite)(const T& x)
                            ^
Linking CXX executable /home/amd_clmc/team/workspace/devel/lib/dbot_ros/rms_gaussian_filter_object_tracker
[ 97%] Built target rms_gaussian_filter_object_tracker
make[2]: *** [catkin/ros/table_object_finder/CMakeFiles/table_object_finder.dir/src/table_object_finder/utils/pcl_interface.cpp.o] Error 1
make[1]: *** [catkin/ros/table_object_finder/CMakeFiles/table_object_finder.dir/all] Error 2
make[1]: *** Waiting for unfinished jobs....
Linking CXX executable /home/amd_clmc/team/workspace/devel/lib/dbot_ros/rbc_particle_filter_object_tracker
Linking CXX executable /home/amd_clmc/team/workspace/devel/lib/dbot_ros/object_tracker_service
[ 97%] Built target rbc_particle_filter_object_tracker
[ 97%] Built target object_tracker_service
make: *** [all] Error 2
Base path: /home/amd_clmc/team/workspace
Source space: /home/amd_clmc/team/workspace/src
Build space: /home/amd_clmc/team/workspace/build
Devel space: /home/amd_clmc/team/workspace/devel
Install space: /home/amd_clmc/team/workspace/install
####
#### Running command: "cmake /home/amd_clmc/team/workspace/src -DCATKIN_DEVEL_PREFIX=/home/amd_clmc/team/workspace/devel -DCMAKE_INSTALL_PREFIX=/home/amd_clmc/team/workspace/install -G Unix Makefiles" in "/home/amd_clmc/team/workspace/build"
####
####
#### Running command: "make -j install" in "/home/amd_clmc/team/workspace/build"
####
Invoking "make -j install" failed
