COMMAND:catkin_make -j install
------------------------------
-- The C compiler identification is GNU 4.8.4
-- The CXX compiler identification is GNU 4.8.4
-- Check for working C compiler: /usr/bin/cc
-- Check for working C compiler: /usr/bin/cc -- works
-- Detecting C compiler ABI info
-- Detecting C compiler ABI info - done
-- Check for working CXX compiler: /usr/bin/c++
-- Check for working CXX compiler: /usr/bin/c++ -- works
-- Detecting CXX compiler ABI info
-- Detecting CXX compiler ABI info - done
-- Using CATKIN_DEVEL_PREFIX: /home/amd_clmc/team/workspace/devel
-- Using CMAKE_PREFIX_PATH: /opt/ros/indigo
-- This workspace overlays: /opt/ros/indigo
-- Found PythonInterp: /usr/bin/python (found version "2.7.6") 
-- Using PYTHON_EXECUTABLE: /usr/bin/python
-- Python version: 2.7
-- Using Debian Python package layout
-- Using CATKIN_ENABLE_TESTING: ON
-- Call enable_testing()
-- Using CATKIN_TEST_RESULTS_DIR: /home/amd_clmc/team/workspace/build/test_results
-- Looking for include file pthread.h
-- Looking for include file pthread.h - found
-- Looking for pthread_create
-- Looking for pthread_create - not found
-- Looking for pthread_create in pthreads
-- Looking for pthread_create in pthreads - not found
-- Looking for pthread_create in pthread
-- Looking for pthread_create in pthread - found
-- Found Threads: TRUE  
-- Found gtest sources under '/usr/src/gtest': gtests will be built
-- catkin 0.5.90
-- BUILD_SHARED_LIBS is on
WARNING: Package "ompl" does not follow the version conventions. It should not contain leading zeros (unless the number is 0).
-- ~~~~~~~~~~~~~~~~~~~~~~~~~~~~~~~~~~~~~~~~~~~~~~~~~
-- ~~  traversing 7 packages in topological order:
-- ~~  - fl
-- ~~  - osr
-- ~~  - dbot
-- ~~  - dbot_ros_msgs
-- ~~  - opi
-- ~~  - dbot_ros
-- ~~  - robot_state_pub
-- ~~~~~~~~~~~~~~~~~~~~~~~~~~~~~~~~~~~~~~~~~~~~~~~~~
-- +++ processing catkin package: 'fl'
-- ==> add_subdirectory(catkin/core-perception/fl)
-- Found PkgConfig: /usr/bin/pkg-config (found version "0.26") 
-- checking for module 'eigen3'
--   found eigen3, version 3.2.0
-- Found Eigen: /usr/include/eigen3  
-- Eigen found (include: /usr/include/eigen3)
-- Boost version: 1.54.0
-- Found Doxygen: /usr/bin/doxygen (found suitable version "1.8.6", minimum required is "1.8.4") 
-- +++ processing catkin package: 'osr'
-- ==> add_subdirectory(catkin/utils/osr)
-- Eigen found (include: /usr/include/eigen3)
-- Using catkin
-- +++ processing catkin package: 'dbot'
-- ==> add_subdirectory(catkin/core-perception/dbot)
-- Eigen found (include: /usr/include/eigen3)
-- Boost version: 1.54.0
-- Found the following Boost libraries:
--   system
--   filesystem
-- Looking for XOpenDisplay in /usr/lib/x86_64-linux-gnu/libX11.so;/usr/lib/x86_64-linux-gnu/libXext.so
-- Looking for XOpenDisplay in /usr/lib/x86_64-linux-gnu/libX11.so;/usr/lib/x86_64-linux-gnu/libXext.so - found
-- Looking for gethostbyname
-- Looking for gethostbyname - found
-- Looking for connect
-- Looking for connect - found
-- Looking for remove
-- Looking for remove - found
-- Looking for shmat
-- Looking for shmat - found
-- Looking for IceConnectionNumber in ICE
-- Looking for IceConnectionNumber in ICE - found
-- Found X11: /usr/lib/x86_64-linux-gnu/libX11.so
-- Using catkin
-- +++ processing catkin package: 'dbot_ros_msgs'
-- ==> add_subdirectory(catkin/ros/dbot_ros_msgs)
-- Using these message generators: gencpp;genlisp;genpy
-- dbot_ros_msgs: 3 messages, 3 services
-- +++ processing catkin package: 'opi'
-- ==> add_subdirectory(catkin/core-perception/opi)
-- Eigen found (include: /usr/include/eigen3)
-- Using these message generators: gencpp;genlisp;genpy
-- +++ processing catkin package: 'dbot_ros'
-- ==> add_subdirectory(catkin/ros/dbot_ros)
-- Using these message generators: gencpp;genlisp;genpy
-- Boost version: 1.54.0
-- Eigen found (include: /usr/include/eigen3)
-- +++ processing catkin package: 'robot_state_pub'
-- ==> add_subdirectory(catkin/ros/robot_state_pub)
-- Eigen found (include: /usr/include/eigen3)
-- Using these message generators: gencpp;genlisp;genpy
-- Configuring done
-- Generating done
-- Build files have been written to: /home/amd_clmc/team/workspace/build
Scanning dependencies of target fl
Scanning dependencies of target geometry_msgs_generate_messages_lisp
Scanning dependencies of target osr
Scanning dependencies of target _dbot_ros_msgs_generate_messages_check_deps_ObjectState
Scanning dependencies of target _dbot_ros_msgs_generate_messages_check_deps_TrackObject
Scanning dependencies of target _dbot_ros_msgs_generate_messages_check_deps_ObjectsState
Scanning dependencies of target _dbot_ros_msgs_generate_messages_check_deps_FindObject
Scanning dependencies of target std_msgs_generate_messages_cpp
Linking CXX shared library /home/amd_clmc/team/workspace/devel/lib/libfl.so
Scanning dependencies of target gtest
Scanning dependencies of target _dbot_ros_msgs_generate_messages_check_deps_RunObjectTracker
Scanning dependencies of target geometry_msgs_generate_messages_cpp
Scanning dependencies of target _dbot_ros_msgs_generate_messages_check_deps_ObjectOri
Scanning dependencies of target geometry_msgs_generate_messages_py
Scanning dependencies of target std_msgs_generate_messages_lisp
Scanning dependencies of target std_msgs_generate_messages_py
[  0%] Linking CXX shared library /home/amd_clmc/team/workspace/devel/lib/libosr.so
Built target geometry_msgs_generate_messages_lisp
[  0%] [  0%] Built target std_msgs_generate_messages_cpp
[  0%] [  0%] Built target geometry_msgs_generate_messages_cpp
[  0%] [  2%] Built target std_msgs_generate_messages_lisp
Built target geometry_msgs_generate_messages_py
Built target std_msgs_generate_messages_py
Building CXX object gtest/CMakeFiles/gtest.dir/src/gtest-all.cc.o
[  2%] Built target fl
[  2%] Built target osr
Scanning dependencies of target robot_state_pub_solver
[  2%] Built target _dbot_ros_msgs_generate_messages_check_deps_ObjectState
[  2%] Built target _dbot_ros_msgs_generate_messages_check_deps_ObjectsState
[  2%] [  2%] Built target _dbot_ros_msgs_generate_messages_check_deps_RunObjectTracker
Built target _dbot_ros_msgs_generate_messages_check_deps_FindObject
[  2%] Built target _dbot_ros_msgs_generate_messages_check_deps_TrackObject
[  2%] Built target _dbot_ros_msgs_generate_messages_check_deps_ObjectOri
[  5%] Scanning dependencies of target opi
[  5%] Scanning dependencies of target dbot_ros_msgs_generate_messages_py
Scanning dependencies of target dbot_ros_msgs_generate_messages_cpp
Scanning dependencies of target dbot_ros_msgs_generate_messages_lisp
Building CXX object catkin/ros/robot_state_pub/CMakeFiles/robot_state_pub_solver.dir/src/robot_state_publisher.cpp.o
Building CXX object catkin/ros/robot_state_pub/CMakeFiles/robot_state_pub_solver.dir/src/treefksolverposfull_recursive.cpp.o
[  7%] [  7%] [ 10%] [ 10%] [ 10%] [ 12%] [ 15%] [ 17%] [ 20%] [ 23%] [ 28%] [ 30%] [ 33%] [ 33%] [ 33%] [ 33%] [ 33%] [ 35%] [ 38%] Generating Lisp code from dbot_ros_msgs/TrackObject.srv
Generating Python from MSG dbot_ros_msgs/ObjectOri
Generating Lisp code from dbot_ros_msgs/ObjectState.msg
Generating Lisp code from dbot_ros_msgs/ObjectsState.msg
Generating Python from MSG dbot_ros_msgs/ObjectsState
Generating Python code from SRV dbot_ros_msgs/RunObjectTracker
Generating C++ code from dbot_ros_msgs/ObjectState.msg
Generating Python from MSG dbot_ros_msgs/ObjectState
Generating C++ code from dbot_ros_msgs/ObjectOri.msg
Generating Python code from SRV dbot_ros_msgs/TrackObject
Generating Lisp code from dbot_ros_msgs/RunObjectTracker.srv
Generating C++ code from dbot_ros_msgs/FindObject.srv
Generating C++ code from dbot_ros_msgs/ObjectsState.msg
Building CXX object catkin/core-perception/opi/CMakeFiles/opi.dir/src/interactive_marker_initializer.cpp.o
Generating Lisp code from dbot_ros_msgs/ObjectOri.msg
Generating C++ code from dbot_ros_msgs/RunObjectTracker.srv
Generating Python code from SRV dbot_ros_msgs/FindObject
Generating C++ code from dbot_ros_msgs/TrackObject.srv
Generating Lisp code from dbot_ros_msgs/FindObject.srv
[ 38%] Built target dbot_ros_msgs_generate_messages_lisp
[ 41%] [ 41%] Generating Python msg __init__.py for dbot_ros_msgs
Generating Python srv __init__.py for dbot_ros_msgs
Scanning dependencies of target dbot
[ 41%] Built target dbot_ros_msgs_generate_messages_py
[ 43%] [ 43%] [ 46%] [ 48%] [ 51%] [ 53%] [ 53%] [ 53%] [ 58%] [ 58%] [ 58%] [ 61%] [ 64%] Building CXX object catkin/core-perception/dbot/CMakeFiles/dbot.dir/src/dbot/util/camera_data.cpp.o
[ 64%] Building CXX object catkin/core-perception/dbot/CMakeFiles/dbot.dir/src/dbot/util/object_file_reader.cpp.o
Building CXX object catkin/core-perception/dbot/CMakeFiles/dbot.dir/src/dbot/util/object_model.cpp.o
[ 66%] Building CXX object catkin/core-perception/dbot/CMakeFiles/dbot.dir/src/dbot/util/rigid_body_renderer.cpp.o
Building CXX object catkin/core-perception/dbot/CMakeFiles/dbot.dir/src/dbot/util/simple_wavefront_object_loader.cpp.o
[ 66%] Building CXX object catkin/core-perception/dbot/CMakeFiles/dbot.dir/src/dbot/util/default_shader_provider.cpp.o
Building CXX object catkin/core-perception/dbot/CMakeFiles/dbot.dir/src/dbot/util/virtual_camera_data_provider.cpp.o
Building CXX object catkin/core-perception/dbot/CMakeFiles/dbot.dir/src/dbot/util/simple_camera_data_provider.cpp.o
Building CXX object catkin/core-perception/dbot/CMakeFiles/dbot.dir/src/dbot/util/simple_shader_provider.cpp.o
Building CXX object catkin/core-perception/dbot/CMakeFiles/dbot.dir/src/dbot/util/file_shader_provider.cpp.o
Building CXX object catkin/core-perception/dbot/CMakeFiles/dbot.dir/src/dbot/tracker/rbc_particle_filter_object_tracker.cpp.o
Building CXX object catkin/core-perception/dbot/CMakeFiles/dbot.dir/src/dbot/tracker/rms_gaussian_filter_object_tracker.cpp.o
Building CXX object catkin/core-perception/dbot/CMakeFiles/dbot.dir/src/dbot/util/object_resource_identifier.cpp.o
Building CXX object catkin/core-perception/dbot/CMakeFiles/dbot.dir/src/dbot/tracker/object_tracker.cpp.o
[ 69%] Building CXX object catkin/core-perception/dbot/CMakeFiles/dbot.dir/src/dbot/tracker/builder/rb_observation_model_builder.cpp.o
Building CXX object catkin/core-perception/dbot/CMakeFiles/dbot.dir/src/dbot/tracker/builder/rbc_particle_filter_tracker_builder.cpp.o
Building CXX object catkin/core-perception/dbot/CMakeFiles/dbot.dir/src/dbot/tracker/builder/rms_gaussian_filter_tracker_builder.cpp.o
[ 69%] Built target dbot_ros_msgs_generate_messages_cpp
Scanning dependencies of target dbot_ros_msgs_generate_messages
[ 69%] Built target dbot_ros_msgs_generate_messages
Linking CXX shared library libgtest.so
[ 69%] Built target gtest
Scanning dependencies of target gtest_main
[ 69%] Building CXX object gtest/CMakeFiles/gtest_main.dir/src/gtest_main.cc.o
Linking CXX shared library libgtest_main.so
[ 69%] Built target gtest_main
Scanning dependencies of target composed_vector_test
Scanning dependencies of target euler_vector_test
Scanning dependencies of target pose_velocity_vector_test
[ 71%] Scanning dependencies of target pose_vector_test
Building CXX object catkin/utils/osr/test/CMakeFiles/composed_vector_test.dir/composed_vector_test.cpp.o
[ 74%] [ 74%] Building CXX object catkin/utils/osr/test/CMakeFiles/pose_velocity_vector_test.dir/pose_velocity_vector_test.cpp.o
[ 76%] Building CXX object catkin/utils/osr/test/CMakeFiles/euler_vector_test.dir/euler_vector_test.cpp.o
Building CXX object catkin/utils/osr/test/CMakeFiles/pose_vector_test.dir/pose_vector_test.cpp.o
Linking CXX shared library /home/amd_clmc/team/workspace/devel/lib/librobot_state_pub_solver.so
[ 76%] Built target robot_state_pub_solver
Scanning dependencies of target state_publisher
Scanning dependencies of target robot_state_pub
[ 79%] [ 79%] Building CXX object catkin/ros/robot_state_pub/CMakeFiles/state_publisher.dir/src/joint_state_listener.cpp.o
Building CXX object catkin/ros/robot_state_pub/CMakeFiles/robot_state_pub.dir/src/joint_state_listener.cpp.o
Linking CXX executable /home/amd_clmc/team/workspace/devel/lib/osr/euler_vector_test
[ 79%] Built target euler_vector_test
Linking CXX executable /home/amd_clmc/team/workspace/devel/lib/osr/pose_vector_test
[ 79%] Built target pose_vector_test
Linking CXX executable /home/amd_clmc/team/workspace/devel/lib/osr/pose_velocity_vector_test
[ 79%] Built target pose_velocity_vector_test
Linking CXX shared library /home/amd_clmc/team/workspace/devel/lib/libopi.so
[ 79%] Built target opi
Scanning dependencies of target interactive_markers_initializer_node
[ 82%] Building CXX object catkin/core-perception/opi/CMakeFiles/interactive_markers_initializer_node.dir/src/interactive_markers_initializer_node_main.cpp.o
Linking CXX executable /home/amd_clmc/team/workspace/devel/lib/osr/composed_vector_test
[ 82%] Built target composed_vector_test
Linking CXX executable /home/amd_clmc/team/workspace/devel/lib/robot_state_pub/state_publisher
Linking CXX executable /home/amd_clmc/team/workspace/devel/lib/robot_state_pub/robot_state_pub
[ 82%] Built target state_publisher
[ 82%] Built target robot_state_pub
Linking CXX executable /home/amd_clmc/team/workspace/devel/lib/opi/interactive_markers_initializer_node
[ 82%] Built target interactive_markers_initializer_node
Linking CXX shared library /home/amd_clmc/team/workspace/devel/lib/libdbot.so
[ 82%] Built target dbot
Scanning dependencies of target dbot_ros
[ 84%] [ 84%] [ 87%] [ 89%] [ 89%] [ 92%] Building CXX object catkin/ros/dbot_ros/CMakeFiles/dbot_ros.dir/src/dbot_ros/object_tracker_publisher.cpp.o
Building CXX object catkin/ros/dbot_ros/CMakeFiles/dbot_ros.dir/src/dbot_ros/utils/ros_camera_data_provider.cpp.o
Building CXX object catkin/ros/dbot_ros/CMakeFiles/dbot_ros.dir/src/dbot_ros/utils/ros_interface.cpp.o
Building CXX object catkin/ros/dbot_ros/CMakeFiles/dbot_ros.dir/src/dbot_ros/utils/data_set_camera_data_provider.cpp.o
Building CXX object catkin/ros/dbot_ros/CMakeFiles/dbot_ros.dir/src/dbot_ros/object_tracker_node.cpp.o
Building CXX object catkin/ros/dbot_ros/CMakeFiles/dbot_ros.dir/src/dbot_ros/utils/tracking_dataset.cpp.o
Linking CXX shared library /home/amd_clmc/team/workspace/devel/lib/libdbot_ros.so
[ 92%] Built target dbot_ros
Scanning dependencies of target object_tracker_controller_service
Scanning dependencies of target rbc_particle_filter_object_tracker
Scanning dependencies of target object_tracker_service
Scanning dependencies of target rms_gaussian_filter_object_tracker
[ 97%] [ 97%] [ 97%] [100%] Building CXX object catkin/ros/dbot_ros/CMakeFiles/rbc_particle_filter_object_tracker.dir/src/dbot_ros/trackers/rbc_particle_filter_object_tracker_node.cpp.o
Building CXX object catkin/ros/dbot_ros/CMakeFiles/object_tracker_controller_service.dir/src/dbot_ros/object_tracker_controller_service_node.cpp.o
Building CXX object catkin/ros/dbot_ros/CMakeFiles/object_tracker_service.dir/src/dbot_ros/trackers/object_tracker_service_node.cpp.o
Building CXX object catkin/ros/dbot_ros/CMakeFiles/rms_gaussian_filter_object_tracker.dir/src/dbot_ros/trackers/rms_gaussian_filter_object_tracker_node.cpp.o
/home/amd_clmc/team/workspace/src/catkin/ros/dbot_ros/src/dbot_ros/object_tracker_controller_service_node.cpp: In function 'bool track_object_srv(dbot_ros_msgs::TrackObjectRequest&, dbot_ros_msgs::TrackObjectResponse&)':
/home/amd_clmc/team/workspace/src/catkin/ros/dbot_ros/src/dbot_ros/object_tracker_controller_service_node.cpp:135:25: error: 'class opi::InteractiveMarkerInitializer' has no member named 'delete_poses_update_callback'
     object_initializer->delete_poses_update_callback();
                         ^
/home/amd_clmc/team/workspace/src/catkin/ros/dbot_ros/src/dbot_ros/object_tracker_controller_service_node.cpp:167:33: error: 'class opi::InteractiveMarkerInitializer' has no member named 'set_object'
             object_initializer->set_object(
                                 ^
/home/amd_clmc/team/workspace/src/catkin/ros/dbot_ros/src/dbot_ros/object_tracker_controller_service_node.cpp:179:29: error: 'class opi::InteractiveMarkerInitializer' has no member named 'set_objects'
         object_initializer->set_objects(objects_package,
                             ^
/home/amd_clmc/team/workspace/src/catkin/ros/dbot_ros/src/dbot_ros/trackers/rbc_particle_filter_object_tracker_node.cpp: In function 'int main(int, char**)':
/home/amd_clmc/team/workspace/src/catkin/ros/dbot_ros/src/dbot_ros/trackers/rbc_particle_filter_object_tracker_node.cpp:232:13: error: no matching function for call to 'opi::InteractiveMarkerInitializer::InteractiveMarkerInitializer(std::string, const string&, const string&, const std::vector<std::basic_string<char> >&, <brace-enclosed initializer list>, bool)'
     {}, true);
             ^
/home/amd_clmc/team/workspace/src/catkin/ros/dbot_ros/src/dbot_ros/trackers/rbc_particle_filter_object_tracker_node.cpp:232:13: note: candidate is:
In file included from /home/amd_clmc/team/workspace/src/catkin/ros/dbot_ros/src/dbot_ros/trackers/rbc_particle_filter_object_tracker_node.cpp:31:0:
/home/amd_clmc/team/workspace/src/catkin/core-perception/opi/include/opi/interactive_marker_initializer.hpp:45:5: note: opi::InteractiveMarkerInitializer::InteractiveMarkerInitializer(const string&, const string&, const string&, const std::vector<std::basic_string<char> >&)
     InteractiveMarkerInitializer(const std::string& camera_frame_id,
     ^
/home/amd_clmc/team/workspace/src/catkin/core-perception/opi/include/opi/interactive_marker_initializer.hpp:45:5: note:   candidate expects 4 arguments, 6 provided
/home/amd_clmc/team/workspace/src/catkin/ros/dbot_ros/src/dbot_ros/trackers/rms_gaussian_filter_object_tracker_node.cpp: In function 'int main(int, char**)':
/home/amd_clmc/team/workspace/src/catkin/ros/dbot_ros/src/dbot_ros/trackers/rms_gaussian_filter_object_tracker_node.cpp:217:87: error: no matching function for call to 'opi::InteractiveMarkerInitializer::InteractiveMarkerInitializer(std::string, const string&, const string&, const std::vector<std::basic_string<char> >&, <brace-enclosed initializer list>, bool)'
                                                          params.ori.meshes(), {}, true);
                                                                                       ^
/home/amd_clmc/team/workspace/src/catkin/ros/dbot_ros/src/dbot_ros/trackers/rms_gaussian_filter_object_tracker_node.cpp:217:87: note: candidate is:
In file included from /home/amd_clmc/team/workspace/src/catkin/ros/dbot_ros/src/dbot_ros/trackers/rms_gaussian_filter_object_tracker_node.cpp:31:0:
/home/amd_clmc/team/workspace/src/catkin/core-perception/opi/include/opi/interactive_marker_initializer.hpp:45:5: note: opi::InteractiveMarkerInitializer::InteractiveMarkerInitializer(const string&, const string&, const string&, const std::vector<std::basic_string<char> >&)
     InteractiveMarkerInitializer(const std::string& camera_frame_id,
     ^
/home/amd_clmc/team/workspace/src/catkin/core-perception/opi/include/opi/interactive_marker_initializer.hpp:45:5: note:   candidate expects 4 arguments, 6 provided
In file included from /usr/include/x86_64-linux-gnu/c++/4.8/bits/c++allocator.h:33:0,
                 from /usr/include/c++/4.8/bits/allocator.h:46,
                 from /usr/include/c++/4.8/string:41,
                 from /usr/include/c++/4.8/bits/locale_classes.h:40,
                 from /usr/include/c++/4.8/bits/ios_base.h:41,
                 from /usr/include/c++/4.8/ios:42,
                 from /usr/include/c++/4.8/istream:38,
                 from /usr/include/c++/4.8/sstream:38,
                 from /usr/include/c++/4.8/complex:45,
                 from /usr/include/eigen3/Eigen/Core:28,
                 from /usr/include/eigen3/Eigen/Dense:1,
                 from /home/amd_clmc/team/workspace/src/catkin/ros/dbot_ros/src/dbot_ros/object_tracker_controller_service_node.cpp:20:
/usr/include/c++/4.8/ext/new_allocator.h: In instantiation of 'void __gnu_cxx::new_allocator<_Tp>::construct(_Up*, _Args&& ...) [with _Up = opi::InteractiveMarkerInitializer; _Args = {std::basic_string<char, std::char_traits<char>, std::allocator<char> >&}; _Tp = opi::InteractiveMarkerInitializer]':
/usr/include/c++/4.8/bits/alloc_traits.h:254:4:   required from 'static typename std::enable_if<std::allocator_traits<_Alloc>::__construct_helper<_Tp, _Args>::value, void>::type std::allocator_traits<_Alloc>::_S_construct(_Alloc&, _Tp*, _Args&& ...) [with _Tp = opi::InteractiveMarkerInitializer; _Args = {std::basic_string<char, std::char_traits<char>, std::allocator<char> >&}; _Alloc = std::allocator<opi::InteractiveMarkerInitializer>; typename std::enable_if<std::allocator_traits<_Alloc>::__construct_helper<_Tp, _Args>::value, void>::type = void]'
/usr/include/c++/4.8/bits/alloc_traits.h:393:57:   required from 'static decltype (_S_construct(__a, __p, (forward<_Args>)(std::allocator_traits::construct::__args)...)) std::allocator_traits<_Alloc>::construct(_Alloc&, _Tp*, _Args&& ...) [with _Tp = opi::InteractiveMarkerInitializer; _Args = {std::basic_string<char, std::char_traits<char>, std::allocator<char> >&}; _Alloc = std::allocator<opi::InteractiveMarkerInitializer>; decltype (_S_construct(__a, __p, (forward<_Args>)(std::allocator_traits::construct::__args)...)) = <type error>]'
/usr/include/c++/4.8/bits/shared_ptr_base.h:400:38:   required from 'std::_Sp_counted_ptr_inplace<_Tp, _Alloc, _Lp>::_Sp_counted_ptr_inplace(_Alloc, _Args&& ...) [with _Args = {std::basic_string<char, std::char_traits<char>, std::allocator<char> >&}; _Tp = opi::InteractiveMarkerInitializer; _Alloc = std::allocator<opi::InteractiveMarkerInitializer>; __gnu_cxx::_Lock_policy _Lp = (__gnu_cxx::_Lock_policy)2u]'
/usr/include/c++/4.8/ext/new_allocator.h:120:4:   required from 'void __gnu_cxx::new_allocator<_Tp>::construct(_Up*, _Args&& ...) [with _Up = std::_Sp_counted_ptr_inplace<opi::InteractiveMarkerInitializer, std::allocator<opi::InteractiveMarkerInitializer>, (__gnu_cxx::_Lock_policy)2u>; _Args = {const std::allocator<opi::InteractiveMarkerInitializer>, std::basic_string<char, std::char_traits<char>, std::allocator<char> >&}; _Tp = std::_Sp_counted_ptr_inplace<opi::InteractiveMarkerInitializer, std::allocator<opi::InteractiveMarkerInitializer>, (__gnu_cxx::_Lock_policy)2u>]'
/usr/include/c++/4.8/bits/alloc_traits.h:254:4:   [ skipping 2 instantiation contexts, use -ftemplate-backtrace-limit=0 to disable ]
/usr/include/c++/4.8/bits/shared_ptr_base.h:503:37:   required from 'std::__shared_count<_Lp>::__shared_count(std::_Sp_make_shared_tag, _Tp*, const _Alloc&, _Args&& ...) [with _Tp = opi::InteractiveMarkerInitializer; _Alloc = std::allocator<opi::InteractiveMarkerInitializer>; _Args = {std::basic_string<char, std::char_traits<char>, std::allocator<char> >&}; __gnu_cxx::_Lock_policy _Lp = (__gnu_cxx::_Lock_policy)2u]'
/usr/include/c++/4.8/bits/shared_ptr_base.h:957:35:   required from 'std::__shared_ptr<_Tp, _Lp>::__shared_ptr(std::_Sp_make_shared_tag, const _Alloc&, _Args&& ...) [with _Alloc = std::allocator<opi::InteractiveMarkerInitializer>; _Args = {std::basic_string<char, std::char_traits<char>, std::allocator<char> >&}; _Tp = opi::InteractiveMarkerInitializer; __gnu_cxx::_Lock_policy _Lp = (__gnu_cxx::_Lock_policy)2u]'
/usr/include/c++/4.8/bits/shared_ptr.h:316:64:   required from 'std::shared_ptr<_Tp>::shared_ptr(std::_Sp_make_shared_tag, const _Alloc&, _Args&& ...) [with _Alloc = std::allocator<opi::InteractiveMarkerInitializer>; _Args = {std::basic_string<char, std::char_traits<char>, std::allocator<char> >&}; _Tp = opi::InteractiveMarkerInitializer]'
/usr/include/c++/4.8/bits/shared_ptr.h:598:39:   required from 'std::shared_ptr<_Tp1> std::allocate_shared(const _Alloc&, _Args&& ...) [with _Tp = opi::InteractiveMarkerInitializer; _Alloc = std::allocator<opi::InteractiveMarkerInitializer>; _Args = {std::basic_string<char, std::char_traits<char>, std::allocator<char> >&}]'
/usr/include/c++/4.8/bits/shared_ptr.h:614:42:   required from 'std::shared_ptr<_Tp1> std::make_shared(_Args&& ...) [with _Tp = opi::InteractiveMarkerInitializer; _Args = {std::basic_string<char, std::char_traits<char>, std::allocator<char> >&}]'
/home/amd_clmc/team/workspace/src/catkin/ros/dbot_ros/src/dbot_ros/object_tracker_controller_service_node.cpp:251:73:   required from here
/usr/include/c++/4.8/ext/new_allocator.h:120:4: error: no matching function for call to 'opi::InteractiveMarkerInitializer::InteractiveMarkerInitializer(std::basic_string<char>&)'
  { ::new((void *)__p) _Up(std::forward<_Args>(__args)...); }
    ^
/usr/include/c++/4.8/ext/new_allocator.h:120:4: note: candidate is:
In file included from /home/amd_clmc/team/workspace/src/catkin/ros/dbot_ros/src/dbot_ros/object_tracker_controller_service_node.cpp:32:0:
/home/amd_clmc/team/workspace/src/catkin/core-perception/opi/include/opi/interactive_marker_initializer.hpp:45:5: note: opi::InteractiveMarkerInitializer::InteractiveMarkerInitializer(const string&, const string&, const string&, const std::vector<std::basic_string<char> >&)
     InteractiveMarkerInitializer(const std::string& camera_frame_id,
     ^
/home/amd_clmc/team/workspace/src/catkin/core-perception/opi/include/opi/interactive_marker_initializer.hpp:45:5: note:   candidate expects 4 arguments, 1 provided
make[2]: *** [catkin/ros/dbot_ros/CMakeFiles/object_tracker_controller_service.dir/src/dbot_ros/object_tracker_controller_service_node.cpp.o] Error 1
make[1]: *** [catkin/ros/dbot_ros/CMakeFiles/object_tracker_controller_service.dir/all] Error 2
make[1]: *** Waiting for unfinished jobs....
make[2]: *** [catkin/ros/dbot_ros/CMakeFiles/rms_gaussian_filter_object_tracker.dir/src/dbot_ros/trackers/rms_gaussian_filter_object_tracker_node.cpp.o] Error 1
make[1]: *** [catkin/ros/dbot_ros/CMakeFiles/rms_gaussian_filter_object_tracker.dir/all] Error 2
make[2]: *** [catkin/ros/dbot_ros/CMakeFiles/rbc_particle_filter_object_tracker.dir/src/dbot_ros/trackers/rbc_particle_filter_object_tracker_node.cpp.o] Error 1
make[1]: *** [catkin/ros/dbot_ros/CMakeFiles/rbc_particle_filter_object_tracker.dir/all] Error 2
Linking CXX executable /home/amd_clmc/team/workspace/devel/lib/dbot_ros/object_tracker_service
[100%] Built target object_tracker_service
make: *** [all] Error 2
Base path: /home/amd_clmc/team/workspace
Source space: /home/amd_clmc/team/workspace/src
Build space: /home/amd_clmc/team/workspace/build
Devel space: /home/amd_clmc/team/workspace/devel
Install space: /home/amd_clmc/team/workspace/install
####
#### Running command: "cmake /home/amd_clmc/team/workspace/src -DCATKIN_DEVEL_PREFIX=/home/amd_clmc/team/workspace/devel -DCMAKE_INSTALL_PREFIX=/home/amd_clmc/team/workspace/install -G Unix Makefiles" in "/home/amd_clmc/team/workspace/build"
####
####
#### Running command: "make -j install" in "/home/amd_clmc/team/workspace/build"
####
Invoking "make -j install" failed
