COMMAND:catkin_make -j install
------------------------------
WARNING: Package name "footsteps_planner_MIQCQP" does not follow the naming conventions. It should start with a lower case letter and only contain lower case letters, digits and underscores.
WARNING: Package name "footsteps_planner_MIQCQP_sl" does not follow the naming conventions. It should start with a lower case letter and only contain lower case letters, digits and underscores.
WARNING: Package name "YAML_CPP" does not follow the naming conventions. It should start with a lower case letter and only contain lower case letters, digits and underscores.
WARNING: Package name "Eigen" does not follow the naming conventions. It should start with a lower case letter and only contain lower case letters, digits and underscores.
-- The C compiler identification is GNU
-- The CXX compiler identification is GNU
-- Check for working C compiler: /usr/bin/gcc
-- Check for working C compiler: /usr/bin/gcc -- works
-- Detecting C compiler ABI info
-- Detecting C compiler ABI info - done
-- Check for working CXX compiler: /usr/bin/c++
-- Check for working CXX compiler: /usr/bin/c++ -- works
-- Detecting CXX compiler ABI info
-- Detecting CXX compiler ABI info - done
-- Using CATKIN_DEVEL_PREFIX: /home/amd_clmc/team/workspace/devel
-- Using CMAKE_PREFIX_PATH: /opt/ros/groovy
-- This workspace overlays: /opt/ros/groovy
-- Found PythonInterp: /usr/bin/python (found version "2.7.3")
-- Using PYTHON_EXECUTABLE: /usr/bin/python
-- Python version: 2.7
-- Using Debian Python package layout
-- Using CATKIN_ENABLE_TESTING: ON
-- Call enable_testing()
-- Using CATKIN_TEST_RESULTS_DIR: /home/amd_clmc/team/workspace/build/test_results
-- Looking for include files CMAKE_HAVE_PTHREAD_H
-- Looking for include files CMAKE_HAVE_PTHREAD_H - found
-- Looking for pthread_create in pthreads
-- Looking for pthread_create in pthreads - not found
-- Looking for pthread_create in pthread
-- Looking for pthread_create in pthread - found
-- Found Threads: TRUE 
-- Found gtest sources under '/usr/src/gtest': gtests will be built
-- catkin 0.5.90
-- BUILD_SHARED_LIBS is on
WARNING: Package name "footsteps_planner_MIQCQP" does not follow the naming conventions. It should start with a lower case letter and only contain lower case letters, digits and underscores.
WARNING: Package name "footsteps_planner_MIQCQP_sl" does not follow the naming conventions. It should start with a lower case letter and only contain lower case letters, digits and underscores.
WARNING: Package name "YAML_CPP" does not follow the naming conventions. It should start with a lower case letter and only contain lower case letters, digits and underscores.
WARNING: Package name "Eigen" does not follow the naming conventions. It should start with a lower case letter and only contain lower case letters, digits and underscores.
-- ~~~~~~~~~~~~~~~~~~~~~~~~~~~~~~~~~~~~~~~~~~~~~~~~~
-- ~~  traversing 56 packages in topological order:
-- ~~  - Eigen
-- ~~  - YAML_CPP
-- ~~  - kalman_filters
-- ~~  - py_cpp_interface
-- ~~  - robot_math
-- ~~  - robot_properties_athena
-- ~~  - robot_properties_hermes_full
-- ~~  - robot_properties_hermes_lower
-- ~~  - sl_config
-- ~~  - snopt_cpp
-- ~~  - utilities
-- ~~  - io_tools
-- ~~  - floating_base_tools_athena
-- ~~  - floating_base_tools_hermes_full
-- ~~  - floating_base_tools_hermes_lower
-- ~~  - lwpr
-- ~~  - standard_filters
-- ~~  - xenomai_ros
-- ~~  - ati_ft_sensor
-- ~~  - sl
-- ~~  - hermes_communication_tools
-- ~~  - hermes_core
-- ~~  - athena
-- ~~  - hermes_full
-- ~~  - hermes_lower
-- ~~  - io_tools_sl
-- ~~  - floating_base_tools_sl_athena
-- ~~  - biped_locomotion_athena
-- ~~  - base_state_estimators_athena
-- ~~  - floating_base_tools_sl_hermes_full
-- ~~  - biped_locomotion_hermes_full
-- ~~  - floating_base_tools_sl_hermes_lower
-- ~~  - biped_locomotion_hermes_lower
-- ~~  - base_state_estimators_hermes_lower
-- ~~  - footsteps_planner_MIQCQP
-- ~~  - footsteps_planner_MIQCQP_sl
-- ~~  - lqr_hermes_lower
-- ~~  - noise_simulator_athena
-- ~~  - noise_simulator_hermes_lower
-- ~~  - joint_state_estimators_hermes_lower
-- ~~  - optoforce_sensor
-- ~~  - testing_tests
-- ~~  - vicon_bridge
-- ~~  - visualization_tools_athena
-- ~~  - humanoid_tests_athena
-- ~~  - visualization_tools_hermes_full
-- ~~  - hermes_full_user
-- ~~  - visualization_tools_hermes_lower
-- ~~  - humanoid_tests_hermes_lower
-- ~~  - walking_tools_athena
-- ~~  - example_tasks_athena
-- ~~  - athena_user
-- ~~  - walking_tools_hermes_lower
-- ~~  - example_tasks_hermes_lower
-- ~~  - julia_sl_interface_hermes_lower
-- ~~  - hermes_lower_user
-- ~~~~~~~~~~~~~~~~~~~~~~~~~~~~~~~~~~~~~~~~~~~~~~~~~
-- +++ processing catkin package: 'Eigen'
-- ==> add_subdirectory(catkin/third_party/Eigen)
WARNING: Package name "Eigen" does not follow the naming conventions. It should start with a lower case letter and only contain lower case letters, digits and underscores.
-- +++ processing catkin package: 'YAML_CPP'
-- ==> add_subdirectory(catkin/third_party/YAML_CPP)
WARNING: Package name "YAML_CPP" does not follow the naming conventions. It should start with a lower case letter and only contain lower case letters, digits and underscores.
-- Boost version: 1.46.1
-- Performing Test FLAG_WEXTRA
-- Performing Test FLAG_WEXTRA - Success
-- +++ processing catkin package: 'kalman_filters'
-- ==> add_subdirectory(catkin/humanoids/humanoid_control/filtering_tools/kalman_filters)
-- +++ processing catkin package: 'py_cpp_interface'
-- ==> add_subdirectory(catkin/humanoids/humanoid_control/py_cpp_interface)
-- Boost version: 1.46.1
-- Found the following Boost libraries:
--   system
--   thread
--   python
-- PYTHON_BIN_LOCATION: /usr/bin/python

-- Found PythonLibs: /usr/lib/libpython2.7.so 
-- Found NumPy: version "1.6.1" /usr/lib/python2.7/dist-packages/numpy/core/include
-- +++ processing catkin package: 'robot_math'
-- ==> add_subdirectory(catkin/humanoids/humanoid_control/robot_math)
-- +++ processing catkin package: 'robot_properties_athena'
-- ==> add_subdirectory(catkin/humanoids/humanoid_control/robot_properties/robot_properties_athena)
-- +++ processing catkin package: 'robot_properties_hermes_full'
-- ==> add_subdirectory(catkin/humanoids/humanoid_control/robot_properties/robot_properties_hermes_full)
-- +++ processing catkin package: 'robot_properties_hermes_lower'
-- ==> add_subdirectory(catkin/humanoids/humanoid_control/robot_properties/robot_properties_hermes_lower)
-- +++ processing catkin package: 'sl_config'
-- ==> add_subdirectory(catkin/core-sl/sl_config)
-- MACHTYPE=x86_64
-- +++ processing catkin package: 'snopt_cpp'
-- ==> add_subdirectory(catkin/third_party/snopt_cpp)
-- +++ processing catkin package: 'utilities'
-- ==> add_subdirectory(catkin/core-sl/locomotion-utilities)
-- MACHTYPE=x86_64
-- +++ processing catkin package: 'io_tools'
-- ==> add_subdirectory(catkin/humanoids/humanoid_control/io_tools)
-- +++ processing catkin package: 'floating_base_tools_athena'
-- ==> add_subdirectory(catkin/humanoids/humanoid_control/floating_base_tools_common/floating_base_tools_athena)
-- +++ processing catkin package: 'floating_base_tools_hermes_full'
-- ==> add_subdirectory(catkin/humanoids/humanoid_control/floating_base_tools_common/floating_base_tools_hermes_full)
-- +++ processing catkin package: 'floating_base_tools_hermes_lower'
-- ==> add_subdirectory(catkin/humanoids/humanoid_control/floating_base_tools_common/floating_base_tools_hermes_lower)
-- +++ processing catkin package: 'lwpr'
-- ==> add_subdirectory(catkin/core-sl/locomotion-lwpr)
-- MACHTYPE=x86_64
-- +++ processing catkin package: 'standard_filters'
-- ==> add_subdirectory(catkin/humanoids/humanoid_control/filtering_tools/standard_filters)
-- +++ processing catkin package: 'xenomai_ros'
-- ==> add_subdirectory(catkin/ros/xenomai-ros)
-- +++ processing catkin package: 'ati_ft_sensor'
-- ==> add_subdirectory(catkin/humanoids/humanoid_hardware/ati_ft_sensor)
-- xenomai NOT found. (/usr/local;/usr)
-- Could NOT find Xenomai (missing:  Xenomai_ROOT_DIR Xenomai_LIBRARY_NATIVE Xenomai_LIBRARY_XENOMAI Xenomai_LIBRARY_PTHREAD_RT Xenomai_LIBRARY_RTDM Xenomai_VERSION Xenomai_LIBRARY_RTDK) 
-- Boost version: 1.46.1
-- Found the following Boost libraries:
--   system
--   filesystem
--   thread
-- Found Doxygen: /usr/bin/doxygen 
-- +++ processing catkin package: 'sl'
-- ==> add_subdirectory(catkin/core-sl/locomotion-sl)
-- MACHTYPE=x86_64
-- checking for module 'libedit'
--   found libedit, version 2.11
-- Found libedit: /usr/lib/x86_64-linux-gnu/libedit.so
-- Looking for XOpenDisplay in /usr/lib/x86_64-linux-gnu/libX11.so;/usr/lib/x86_64-linux-gnu/libXext.so
-- Looking for XOpenDisplay in /usr/lib/x86_64-linux-gnu/libX11.so;/usr/lib/x86_64-linux-gnu/libXext.so - found
-- Looking for gethostbyname
-- Looking for gethostbyname - found
-- Looking for connect
-- Looking for connect - found
-- Looking for remove
-- Looking for remove - found
-- Looking for shmat
-- Looking for shmat - found
-- Looking for IceConnectionNumber in ICE
-- Looking for IceConnectionNumber in ICE - found
-- Found X11: /usr/lib/x86_64-linux-gnu/libX11.so
-- Found OpenGL: /usr/lib/x86_64-linux-gnu/libGL.so 
-- Found LibRt: /usr/lib/x86_64-linux-gnu/librt.so 
-- GLUT_LIBRARIES=/usr/lib/x86_64-linux-gnu/libglut.so;/usr/lib/x86_64-linux-gnu/libXmu.so;/usr/lib/x86_64-linux-gnu/libXi.so
-- GLUT_INCLUDE_DIR=/usr/include
-- GLUT_FOUND: YES
-- Libedit_INCLUDE_DIRS=/usr/include
-- Libedit_LIBRARIES=/usr/lib/x86_64-linux-gnu/libedit.so
-- xenomai NOT found. (/usr/local;/usr)
-- Could NOT find Xenomai (missing:  Xenomai_ROOT_DIR Xenomai_LIBRARY_NATIVE Xenomai_LIBRARY_XENOMAI Xenomai_LIBRARY_PTHREAD_RT Xenomai_LIBRARY_RTDM Xenomai_VERSION Xenomai_LIBRARY_RTDK) 
-- SLros dependencies found; compiling ROS servo.
-- +++ processing catkin package: 'hermes_communication_tools'
-- ==> add_subdirectory(catkin/humanoids/humanoid_hardware/cb_communication)
-- MACHTYPE=x86_64
-- xenomai NOT found. (/usr/local;/usr)
-- Could NOT find Xenomai (missing:  Xenomai_ROOT_DIR Xenomai_LIBRARY_NATIVE Xenomai_LIBRARY_XENOMAI Xenomai_LIBRARY_PTHREAD_RT Xenomai_LIBRARY_RTDM Xenomai_VERSION Xenomai_LIBRARY_RTDK) 
-- +++ processing catkin package: 'hermes_core'
-- ==> add_subdirectory(catkin/robots/hermesCore)
-- +++ processing catkin package: 'athena'
-- ==> add_subdirectory(catkin/robots/athena)
-- MACHTYPE=x86_64
-- xenomai NOT found. (/usr/local;/usr)
-- Could NOT find Xenomai (missing:  Xenomai_ROOT_DIR Xenomai_LIBRARY_NATIVE Xenomai_LIBRARY_XENOMAI Xenomai_LIBRARY_PTHREAD_RT Xenomai_LIBRARY_RTDM Xenomai_VERSION Xenomai_LIBRARY_RTDK) 
-- athena: compiling on amd_clmc_12_04_ci; simulation only.
-- +++ processing catkin package: 'hermes_full'
-- ==> add_subdirectory(catkin/robots/hermesFull)
-- MACHTYPE=x86_64
-- xenomai NOT found. (/usr/local;/usr)
-- Could NOT find Xenomai (missing:  Xenomai_ROOT_DIR Xenomai_LIBRARY_NATIVE Xenomai_LIBRARY_XENOMAI Xenomai_LIBRARY_PTHREAD_RT Xenomai_LIBRARY_RTDM Xenomai_VERSION Xenomai_LIBRARY_RTDK) 
-- hermes_full: compiling on amd_clmc_12_04_ci; simulation only.
-- +++ processing catkin package: 'hermes_lower'
-- ==> add_subdirectory(catkin/robots/hermesLower)
-- MACHTYPE=x86_64
-- xenomai NOT found. (/usr/local;/usr)
-- Could NOT find Xenomai (missing:  Xenomai_ROOT_DIR Xenomai_LIBRARY_NATIVE Xenomai_LIBRARY_XENOMAI Xenomai_LIBRARY_PTHREAD_RT Xenomai_LIBRARY_RTDM Xenomai_VERSION Xenomai_LIBRARY_RTDK) 
-- hermes_lower: compiling on amd_clmc_12_04_ci; simulation only.
-- +++ processing catkin package: 'io_tools_sl'
-- ==> add_subdirectory(catkin/humanoids/humanoid_control/io_tools_sl)
-- +++ processing catkin package: 'floating_base_tools_sl_athena'
-- ==> add_subdirectory(catkin/humanoids/humanoid_control/floating_base_tools_sl/floating_base_tools_sl_athena)
-- MACHTYPE=x86_64
-- +++ processing catkin package: 'biped_locomotion_athena'
-- ==> add_subdirectory(catkin/humanoids/humanoid_control/biped_locomotion/biped_locomotion_athena)
-- xenomai NOT found. (/usr/local;/usr)
-- Could NOT find Xenomai (missing:  Xenomai_ROOT_DIR Xenomai_LIBRARY_NATIVE Xenomai_LIBRARY_XENOMAI Xenomai_LIBRARY_PTHREAD_RT Xenomai_LIBRARY_RTDM Xenomai_VERSION Xenomai_LIBRARY_RTDK) 
-- +++ processing catkin package: 'base_state_estimators_athena'
-- ==> add_subdirectory(catkin/humanoids/humanoid_control/filtering_tools/base_state_estimators/base_state_estimators_athena)
-- +++ processing catkin package: 'floating_base_tools_sl_hermes_full'
-- ==> add_subdirectory(catkin/humanoids/humanoid_control/floating_base_tools_sl/floating_base_tools_sl_hermes_full)
-- MACHTYPE=x86_64
-- +++ processing catkin package: 'biped_locomotion_hermes_full'
-- ==> add_subdirectory(catkin/humanoids/humanoid_control/biped_locomotion/biped_locomotion_hermes_full)
-- xenomai NOT found. (/usr/local;/usr)
-- Could NOT find Xenomai (missing:  Xenomai_ROOT_DIR Xenomai_LIBRARY_NATIVE Xenomai_LIBRARY_XENOMAI Xenomai_LIBRARY_PTHREAD_RT Xenomai_LIBRARY_RTDM Xenomai_VERSION Xenomai_LIBRARY_RTDK) 
-- +++ processing catkin package: 'floating_base_tools_sl_hermes_lower'
-- ==> add_subdirectory(catkin/humanoids/humanoid_control/floating_base_tools_sl/floating_base_tools_sl_hermes_lower)
-- MACHTYPE=x86_64
-- +++ processing catkin package: 'biped_locomotion_hermes_lower'
-- ==> add_subdirectory(catkin/humanoids/humanoid_control/biped_locomotion/biped_locomotion_hermes_lower)
-- xenomai NOT found. (/usr/local;/usr)
-- Could NOT find Xenomai (missing:  Xenomai_ROOT_DIR Xenomai_LIBRARY_NATIVE Xenomai_LIBRARY_XENOMAI Xenomai_LIBRARY_PTHREAD_RT Xenomai_LIBRARY_RTDM Xenomai_VERSION Xenomai_LIBRARY_RTDK) 
-- +++ processing catkin package: 'base_state_estimators_hermes_lower'
-- ==> add_subdirectory(catkin/humanoids/humanoid_control/filtering_tools/base_state_estimators/base_state_estimators_hermes_lower)
-- +++ processing catkin package: 'footsteps_planner_MIQCQP'
-- ==> add_subdirectory(catkin/humanoids/humanoid_control/contacts_planning/footsteps_planner_MIQCQP)
-- Boost version: 1.46.1
-- Found the following Boost libraries:
--   system
--   program_options
--   filesystem
-- +++ processing catkin package: 'footsteps_planner_MIQCQP_sl'
-- ==> add_subdirectory(catkin/humanoids/humanoid_control/contacts_planning_sl/footsteps_planner_MIQCQP_sl)
-- +++ processing catkin package: 'lqr_hermes_lower'
-- ==> add_subdirectory(catkin/humanoids/humanoid_control/lqr/lqr_hermes_lower)
-- xenomai NOT found. (/usr/local;/usr)
-- Could NOT find Xenomai (missing:  Xenomai_ROOT_DIR Xenomai_LIBRARY_NATIVE Xenomai_LIBRARY_XENOMAI Xenomai_LIBRARY_PTHREAD_RT Xenomai_LIBRARY_RTDM Xenomai_VERSION Xenomai_LIBRARY_RTDK) 
-- building lqr_hermes_lower
-- +++ processing catkin package: 'noise_simulator_athena'
-- ==> add_subdirectory(catkin/humanoids/humanoid_control/filtering_tools/noise_simulator/noise_simulator_athena)
-- +++ processing catkin package: 'noise_simulator_hermes_lower'
-- ==> add_subdirectory(catkin/humanoids/humanoid_control/filtering_tools/noise_simulator/noise_simulator_hermes_lower)
-- +++ processing catkin package: 'joint_state_estimators_hermes_lower'
-- ==> add_subdirectory(catkin/humanoids/humanoid_control/filtering_tools/joint_state_estimators/joint_state_estimators_hermes_lower)
-- xenomai NOT found. (/usr/local;/usr)
-- Could NOT find Xenomai (missing:  Xenomai_ROOT_DIR Xenomai_LIBRARY_NATIVE Xenomai_LIBRARY_XENOMAI Xenomai_LIBRARY_PTHREAD_RT Xenomai_LIBRARY_RTDM Xenomai_VERSION Xenomai_LIBRARY_RTDK) 
-- +++ processing catkin package: 'optoforce_sensor'
-- ==> add_subdirectory(catkin/humanoids/humanoid_hardware/optoforceSensorLib)
-- xenomai NOT found. (/usr/local;/usr)
-- Could NOT find Xenomai (missing:  Xenomai_ROOT_DIR Xenomai_LIBRARY_NATIVE Xenomai_LIBRARY_XENOMAI Xenomai_LIBRARY_PTHREAD_RT Xenomai_LIBRARY_RTDM Xenomai_VERSION Xenomai_LIBRARY_RTDK) 
-- +++ processing catkin package: 'testing_tests'
-- ==> add_subdirectory(catkin/humanoids/humanoid_control/testing_tests)
-- Boost version: 1.46.1
-- Found the following Boost libraries:
--   thread
--   system
--   filesystem
--   regex
warning : testing_tests package : compiling tests only for athena and hermes_lower, hermes_full ignored
-- MACHTYPE=x86_64
CMake Warning at catkin/humanoids/humanoid_control/testing_tests/CMakeLists.txt:36 (message):
  building testing_tests_athena


CMake Warning at catkin/humanoids/humanoid_control/testing_tests/CMakeLists.txt:36 (message):
  building testing_tests_hermes_lower


-- +++ processing catkin package: 'vicon_bridge'
-- ==> add_subdirectory(catkin/perception/vicon_bridge)
-- Using these message generators: gencpp;genlisp;genpy
-- vicon_bridge: 3 messages, 2 services
-- +++ processing catkin package: 'visualization_tools_athena'
-- ==> add_subdirectory(catkin/humanoids/humanoid_control/visualization_tools/visualization_tools_athena)
-- MACHTYPE=x86_64
-- Found ZLIB: /usr/lib/x86_64-linux-gnu/libz.so (found version "1.2.3.4")
-- Found PNG: /usr/lib/x86_64-linux-gnu/libpng.so 
-- +++ processing catkin package: 'humanoid_tests_athena'
-- ==> add_subdirectory(catkin/humanoids/humanoid_control/humanoid_tests/humanoid_tests_athena)
warning : testing_tests package : compiling tests only for athena and hermes_lower, hermes_full ignored
-- MACHTYPE=x86_64
CMake Warning at catkin/humanoids/humanoid_control/humanoid_tests/template/CMakeLists.txt:65 (message):
  building humanoid_tests_athena
Call Stack (most recent call first):
  catkin/humanoids/humanoid_control/humanoid_tests/humanoid_tests_athena/CMakeLists.txt:2 (include)


-- +++ processing catkin package: 'visualization_tools_hermes_full'
-- ==> add_subdirectory(catkin/humanoids/humanoid_control/visualization_tools/visualization_tools_hermes_full)
-- MACHTYPE=x86_64
-- +++ processing catkin package: 'hermes_full_user'
-- ==> add_subdirectory(catkin/robots/hermesFullUser)
-- MACHTYPE=x86_64
-- xenomai NOT found. (/usr/local;/usr)
-- Could NOT find Xenomai (missing:  Xenomai_ROOT_DIR Xenomai_LIBRARY_NATIVE Xenomai_LIBRARY_XENOMAI Xenomai_LIBRARY_PTHREAD_RT Xenomai_LIBRARY_RTDM Xenomai_VERSION Xenomai_LIBRARY_RTDK) 
-- +++ processing catkin package: 'visualization_tools_hermes_lower'
-- ==> add_subdirectory(catkin/humanoids/humanoid_control/visualization_tools/visualization_tools_hermes_lower)
-- MACHTYPE=x86_64
-- +++ processing catkin package: 'humanoid_tests_hermes_lower'
-- ==> add_subdirectory(catkin/humanoids/humanoid_control/humanoid_tests/humanoid_tests_hermes_lower)
warning : testing_tests package : compiling tests only for athena and hermes_lower, hermes_full ignored
-- MACHTYPE=x86_64
CMake Warning at catkin/humanoids/humanoid_control/humanoid_tests/template/CMakeLists.txt:65 (message):
  building humanoid_tests_hermes_lower
Call Stack (most recent call first):
  catkin/humanoids/humanoid_control/humanoid_tests/humanoid_tests_hermes_lower/CMakeLists.txt:2 (include)


-- +++ processing catkin package: 'walking_tools_athena'
-- ==> add_subdirectory(catkin/humanoids/humanoid_control/walking_tools/walking_tools_athena)
-- found slicot adding libraries /usr/lib/x86_64-linux-gnu/libslicot.so
-- +++ processing catkin package: 'example_tasks_athena'
-- ==> add_subdirectory(catkin/humanoids/humanoid_control/example_tasks/example_tasks_athena)
-- xenomai NOT found. (/usr/local;/usr)
-- Could NOT find Xenomai (missing:  Xenomai_ROOT_DIR Xenomai_LIBRARY_NATIVE Xenomai_LIBRARY_XENOMAI Xenomai_LIBRARY_PTHREAD_RT Xenomai_LIBRARY_RTDM Xenomai_VERSION Xenomai_LIBRARY_RTDK) 
CMake Warning at catkin/humanoids/humanoid_control/example_tasks/template/CMakeLists.txt:118 (message):
  
  ;EIGEN_STACK_ALLOCATION_LIMIT=0;EIGEN_NO_DEBUG;RTEIG_NO_ASSERTS;INIT_USER_TASKS_athena
Call Stack (most recent call first):
  catkin/humanoids/humanoid_control/example_tasks/example_tasks_athena/CMakeLists.txt:4 (include)


-- +++ processing catkin package: 'athena_user'
-- ==> add_subdirectory(catkin/robots/athenaUser)
-- MACHTYPE=x86_64
warning : testing_tests package : compiling tests only for athena and hermes_lower, hermes_full ignored
-- xenomai NOT found. (/usr/local;/usr)
-- Could NOT find Xenomai (missing:  Xenomai_ROOT_DIR Xenomai_LIBRARY_NATIVE Xenomai_LIBRARY_XENOMAI Xenomai_LIBRARY_PTHREAD_RT Xenomai_LIBRARY_RTDM Xenomai_VERSION Xenomai_LIBRARY_RTDK) 
-- +++ processing catkin package: 'walking_tools_hermes_lower'
-- ==> add_subdirectory(catkin/humanoids/humanoid_control/walking_tools/walking_tools_hermes_lower)
-- found slicot adding libraries /usr/lib/x86_64-linux-gnu/libslicot.so
-- +++ processing catkin package: 'example_tasks_hermes_lower'
-- ==> add_subdirectory(catkin/humanoids/humanoid_control/example_tasks/example_tasks_hermes_lower)
-- xenomai NOT found. (/usr/local;/usr)
-- Could NOT find Xenomai (missing:  Xenomai_ROOT_DIR Xenomai_LIBRARY_NATIVE Xenomai_LIBRARY_XENOMAI Xenomai_LIBRARY_PTHREAD_RT Xenomai_LIBRARY_RTDM Xenomai_VERSION Xenomai_LIBRARY_RTDK) 
CMake Warning at catkin/humanoids/humanoid_control/example_tasks/template/CMakeLists.txt:118 (message):
  
  ;EIGEN_STACK_ALLOCATION_LIMIT=0;EIGEN_NO_DEBUG;RTEIG_NO_ASSERTS;INIT_USER_TASKS_hermes_lower
Call Stack (most recent call first):
  catkin/humanoids/humanoid_control/example_tasks/example_tasks_hermes_lower/CMakeLists.txt:6 (include)


-- +++ processing catkin package: 'julia_sl_interface_hermes_lower'
-- ==> add_subdirectory(catkin/humanoids/humanoid_control/julia_sl_interface/julia_sl_interface_hermes_lower)
-- +++ processing catkin package: 'hermes_lower_user'
-- ==> add_subdirectory(catkin/robots/hermesLowerUser)
-- MACHTYPE=x86_64
warning : testing_tests package : compiling tests only for athena and hermes_lower, hermes_full ignored
-- xenomai NOT found. (/usr/local;/usr)
-- Could NOT find Xenomai (missing:  Xenomai_ROOT_DIR Xenomai_LIBRARY_NATIVE Xenomai_LIBRARY_XENOMAI Xenomai_LIBRARY_PTHREAD_RT Xenomai_LIBRARY_RTDM Xenomai_VERSION Xenomai_LIBRARY_RTDK) 
julia interface not found, not compiling in julia tasks
If you want the julia interface, you need the julia_sl_interface package, and you must set an environment flag called JULIA_PATH, pointing to a directory containing a (properly compiled) julia repository. E.g.:
juliaDir=~/julia; mkdir -p $juliaDir; cd $juliaDir; git clone https://github.com/JuliaLang/julia.git .; git checkout v0.4.2; make -j 8; echo JULIA_PATH="$juliaDir" >> ~/.bashrc; echo "export PATH=\$PATH:" $juliaDir >> ~/.bashrc; source ~/.bashrc
-- Configuring done
-- Generating done
-- Build files have been written to: /home/amd_clmc/team/workspace/build
Scanning dependencies of target hello_world
Scanning dependencies of target kalman_filters
Scanning dependencies of target snopt_extern
Scanning dependencies of target robot_math
Scanning dependencies of target geometry_msgs_generate_messages_cpp
Scanning dependencies of target vicon_bridge_gencfg
Scanning dependencies of target geometry_msgs_generate_messages_lisp
[  0%] Scanning dependencies of target geometry_msgs_generate_messages_py
Linking CXX shared library /home/amd_clmc/team/workspace/devel/lib/libkalman_filters.so
Scanning dependencies of target msvc_bridge
Scanning dependencies of target gtest
Scanning dependencies of target testclient
[  0%] [  0%] Building CXX object catkin/humanoids/humanoid_control/py_cpp_interface/CMakeFiles/hello_world.dir/src/hello_world.cpp.o
Built target geometry_msgs_generate_messages_cpp
[  0%] [  1%] [  1%] Built target geometry_msgs_generate_messages_lisp
[  1%] [  1%] Creating directories for 'snopt_extern'
[  1%] [  1%] Built target geometry_msgs_generate_messages_py
Building CXX object catkin/humanoids/humanoid_control/robot_math/CMakeFiles/robot_math.dir/src/robot_math/rt_stop_watch.cpp.o
Generating dynamic reconfigure files from cfg/tf_distort.cfg: /home/amd_clmc/team/workspace/devel/include/vicon_bridge/tf_distortConfig.h /home/amd_clmc/team/workspace/devel/lib/python2.7/dist-packages/vicon_bridge/cfg/tf_distortConfig.py
Scanning dependencies of target vicon_bridge_generate_messages_cpp
Building CXX object catkin/perception/vicon_bridge/CMakeFiles/testclient.dir/src/ViconDataStreamSDK_CPPTest.cpp.o
Building CXX object catkin/perception/vicon_bridge/CMakeFiles/msvc_bridge.dir/src/msvc_bridge.cpp.o
Building CXX object gtest/CMakeFiles/gtest.dir/src/gtest-all.cc.o
Scanning dependencies of target vicon_bridge_generate_messages_lisp
Scanning dependencies of target vicon_bridge_generate_messages_py
[  1%] Scanning dependencies of target utility
[  1%] [  1%] [  1%] [  2%] [  2%] [  2%] Generating C++ code from vicon_bridge/Markers.msg
[  2%] [  2%] [  2%] [  2%] Generating C++ code from vicon_bridge/TfDistortInfo.msg
[  2%] [  2%] [  2%] Generating C++ code from vicon_bridge/Marker.msg
[  2%] [  2%] Built target kalman_filters
[  3%] [  3%] Generating C++ code from vicon_bridge/viconGrabPose.srv
Generating Lisp code from vicon_bridge/Markers.msg
[  3%] [  4%] Generating C++ code from vicon_bridge/viconCalibrateSegment.srv
Generating Lisp code from vicon_bridge/TfDistortInfo.msg
Generating Lisp code from vicon_bridge/viconGrabPose.srv
Generating Python from MSG vicon_bridge/TfDistortInfo
[  4%] Generating Lisp code from vicon_bridge/Marker.msg
[  4%] [  4%] [  4%] Generating Python code from SRV vicon_bridge/viconCalibrateSegment
[  4%] Generating Python code from SRV vicon_bridge/viconGrabPose
[  5%] Building C object catkin/core-sl/locomotion-utilities/CMakeFiles/utility.dir/src/choldc.c.o
[  6%] [  6%] [  6%] [  6%] [  7%] [  8%] Generating Python from MSG vicon_bridge/Marker
[  8%] [  8%] [  8%] [  8%] [  8%] [  8%] [  8%] [  8%] Generating Lisp code from vicon_bridge/viconCalibrateSegment.srv
Building C object catkin/core-sl/locomotion-utilities/CMakeFiles/utility.dir/src/balanc.c.o
[  8%] [  8%] [  8%] [  8%] Building C object catkin/core-sl/locomotion-utilities/CMakeFiles/utility.dir/src/control.c.o
[  8%] [  8%] Generating Python from MSG vicon_bridge/Markers
Building C object catkin/core-sl/locomotion-utilities/CMakeFiles/utility.dir/src/svdcmp.c.o
Building C object catkin/core-sl/locomotion-utilities/CMakeFiles/utility.dir/src/dlinmin.c.o
Building C object catkin/core-sl/locomotion-utilities/CMakeFiles/utility.dir/src/kdtree.c.o
Building C object catkin/core-sl/locomotion-utilities/CMakeFiles/utility.dir/src/dbrent.c.o
Building C object catkin/core-sl/locomotion-utilities/CMakeFiles/utility.dir/src/data_sets.c.o
Building C object catkin/core-sl/locomotion-utilities/CMakeFiles/utility.dir/src/brent.c.o
[  8%] Building C object catkin/core-sl/locomotion-utilities/CMakeFiles/utility.dir/src/pythag.c.o
Building C object catkin/core-sl/locomotion-utilities/CMakeFiles/utility.dir/src/mnbrak.c.o
Building C object catkin/core-sl/locomotion-utilities/CMakeFiles/utility.dir/src/frprmn.c.o
Building C object catkin/core-sl/locomotion-utilities/CMakeFiles/utility.dir/src/elmhes.c.o
Building C object catkin/core-sl/locomotion-utilities/CMakeFiles/utility.dir/src/lookup_table.c.o
Scanning dependencies of target SLmotor
Building C object catkin/core-sl/locomotion-utilities/CMakeFiles/utility.dir/src/df1dim.c.o
Building C object catkin/core-sl/locomotion-utilities/CMakeFiles/utility.dir/src/lubksb.c.o
Building C object catkin/core-sl/locomotion-utilities/CMakeFiles/utility.dir/src/dfpmin.c.o
Building C object catkin/core-sl/locomotion-utilities/CMakeFiles/utility.dir/src/linmin.c.o
Building C object catkin/core-sl/locomotion-utilities/CMakeFiles/utility.dir/src/svbksb.c.o
Building C object catkin/core-sl/locomotion-utilities/CMakeFiles/utility.dir/src/distributions.c.o
Building C object catkin/core-sl/locomotion-utilities/CMakeFiles/utility.dir/src/parm_opt.c.o
Building C object catkin/core-sl/locomotion-utilities/CMakeFiles/utility.dir/src/f1dim.c.o
Building C object catkin/core-sl/locomotion-utilities/CMakeFiles/utility.dir/src/j-fixed.c.o
Building C object catkin/core-sl/locomotion-utilities/CMakeFiles/utility.dir/src/statistics.c.o
Building C object catkin/core-sl/locomotion-utilities/CMakeFiles/utility.dir/src/hqr.c.o
Building C object catkin/core-sl/locomotion-utilities/CMakeFiles/utility.dir/src/ldltinv.c.o
Building C object catkin/core-sl/locomotion-utilities/CMakeFiles/utility.dir/src/numerics_package.c.o
Scanning dependencies of target SLsimulation
Building C object catkin/core-sl/locomotion-utilities/CMakeFiles/utility.dir/src/stability.c.o
Building C object catkin/core-sl/locomotion-utilities/CMakeFiles/utility.dir/src/powell.c.o
Scanning dependencies of target data_collection
Building C object catkin/core-sl/locomotion-utilities/CMakeFiles/utility.dir/src/ludcmp.c.o
[  8%] Building C object catkin/core-sl/locomotion-utilities/CMakeFiles/utility.dir/src/utility.c.o
[  8%] Scanning dependencies of target SLros
[  8%] [  8%] [  9%] Scanning dependencies of target SLopenGL
Building C object catkin/core-sl/locomotion-sl/CMakeFiles/SLmotor.dir/src/SL_controller.c.o
[  9%] Building C object catkin/core-sl/locomotion-sl/CMakeFiles/SLsimulation.dir/src/SL_simulation_servo_unix.c.o
[  9%] Scanning dependencies of target PyShell
Scanning dependencies of target SLtask
[  9%] Scanning dependencies of target yaml-cpp
[ 10%] Scanning dependencies of target py_converter_test
Building C object catkin/core-sl/locomotion-sl/CMakeFiles/SLsimulation.dir/src/SL_simulation_servo.c.o
[ 10%] Scanning dependencies of target kalman_filter_test
[ 10%] Building C object catkin/core-sl/locomotion-sl/CMakeFiles/SLsimulation.dir/src/SL_objects.c.o
Building C object catkin/core-sl/locomotion-sl/CMakeFiles/SLsimulation.dir/src/SL_userSimulation.c.o
[ 10%] Building C object catkin/core-sl/locomotion-sl/CMakeFiles/SLmotor.dir/src/SL_motor_servo_unix.c.o
[ 11%] [ 11%] [ 11%] Building C object catkin/core-sl/locomotion-sl/CMakeFiles/SLsimulation.dir/src/SL_integrate.c.o
Building C object catkin/core-sl/locomotion-sl/CMakeFiles/SLmotor.dir/src/SL_sensor_proc.c.o
Building C object catkin/core-sl/locomotion-sl/CMakeFiles/SLmotor.dir/src/SL_motor_servo.c.o
Building C object catkin/core-sl/locomotion-sl/CMakeFiles/SLopenGL.dir/src/SL_userGraphics.c.o
[ 11%] [ 11%] [ 11%] [ 11%] [ 11%] [ 11%] [ 11%] Building CXX object catkin/humanoids/humanoid_control/io_tools/CMakeFiles/data_collection.dir/src/data_collection/data_collector.cpp.o
[ 12%] [ 12%] [ 12%] [ 12%] [ 12%] [ 12%] [ 12%] [ 12%] [ 12%] [ 12%] Building C object catkin/core-sl/locomotion-sl/CMakeFiles/SLtask.dir/src/SL_objects.c.o
[ 12%] [ 12%] [ 13%] [ 13%] [ 13%] [ 13%] [ 13%] [ 13%] [ 13%] [ 13%] [ 13%] [ 14%] [ 14%] [ 15%] Building CXX object catkin/core-sl/locomotion-sl/CMakeFiles/SLros.dir/src/SL_ros_communicator.cpp.o
[ 16%] Building C object catkin/core-sl/locomotion-sl/CMakeFiles/SLtask.dir/src/SL_go_cart_task.c.o
[ 17%] [ 17%] [ 17%] Building C object catkin/core-sl/locomotion-sl/CMakeFiles/SLtask.dir/src/SL_goto_task.c.o
Building CXX object catkin/third_party/YAML_CPP/CMakeFiles/yaml-cpp.dir/src/binary.cpp.o
Building C object catkin/core-sl/locomotion-sl/CMakeFiles/SLopenGL.dir/src/SL_openGL_servo_unix.c.o
Building CXX object catkin/third_party/YAML_CPP/CMakeFiles/yaml-cpp.dir/src/node.cpp.o
Building CXX object catkin/core-sl/locomotion-sl/CMakeFiles/SLros.dir/src/SL_ros_servo_unix.cpp.o
Building CXX object catkin/core-sl/locomotion-sl/CMakeFiles/SLros.dir/src/SL_ros_servo.cpp.o
Building C object catkin/core-sl/locomotion-sl/CMakeFiles/SLtask.dir/src/SL_sine_task.c.o
Building C object catkin/core-sl/locomotion-sl/CMakeFiles/SLtask.dir/src/SL_tasks.c.o
Building C object catkin/core-sl/locomotion-sl/CMakeFiles/SLopenGL.dir/src/SL_openGL.c.o
[ 18%] [ 18%] Building CXX object catkin/third_party/YAML_CPP/CMakeFiles/yaml-cpp.dir/src/node_data.cpp.o
[ 18%] [ 18%] Scanning dependencies of target geometry_utils
Building CXX object catkin/third_party/YAML_CPP/CMakeFiles/yaml-cpp.dir/src/emitterstate.cpp.o
Building CXX object catkin/third_party/YAML_CPP/CMakeFiles/yaml-cpp.dir/src/exp.cpp.o
[ 18%] [ 18%] [ 18%] [ 18%] Building C object catkin/core-sl/locomotion-sl/CMakeFiles/SLopenGL.dir/src/SL_openGL_oscilloscope.c.o
Building CXX object catkin/third_party/YAML_CPP/CMakeFiles/yaml-cpp.dir/src/ostream_wrapper.cpp.o
Building CXX object catkin/third_party/YAML_CPP/CMakeFiles/yaml-cpp.dir/src/simplekey.cpp.o
Building CXX object catkin/third_party/YAML_CPP/CMakeFiles/yaml-cpp.dir/src/nodeevents.cpp.o
Building CXX object catkin/third_party/YAML_CPP/CMakeFiles/yaml-cpp.dir/src/scanner.cpp.o
Building CXX object catkin/third_party/YAML_CPP/CMakeFiles/yaml-cpp.dir/src/scantoken.cpp.o
Building CXX object catkin/third_party/YAML_CPP/CMakeFiles/yaml-cpp.dir/src/regex.cpp.o
Building C object catkin/core-sl/locomotion-sl/CMakeFiles/SLtask.dir/src/SL_traj_task.c.o
Building C object catkin/core-sl/locomotion-sl/CMakeFiles/SLopenGL.dir/src/SL_objects.c.o
Building CXX object catkin/third_party/YAML_CPP/CMakeFiles/yaml-cpp.dir/src/parser.cpp.o
Building CXX object catkin/third_party/YAML_CPP/CMakeFiles/yaml-cpp.dir/src/scanscalar.cpp.o
Building CXX object catkin/third_party/YAML_CPP/CMakeFiles/yaml-cpp.dir/src/convert.cpp.o
Building CXX object catkin/third_party/YAML_CPP/CMakeFiles/yaml-cpp.dir/src/parse.cpp.o
[ 19%] Building CXX object catkin/third_party/YAML_CPP/CMakeFiles/yaml-cpp.dir/src/tag.cpp.o
Building CXX object catkin/third_party/YAML_CPP/CMakeFiles/yaml-cpp.dir/src/directives.cpp.o
Building CXX object catkin/third_party/YAML_CPP/CMakeFiles/yaml-cpp.dir/src/emitterutils.cpp.o
Building CXX object catkin/third_party/YAML_CPP/CMakeFiles/yaml-cpp.dir/src/stream.cpp.o
Building CXX object catkin/third_party/YAML_CPP/CMakeFiles/yaml-cpp.dir/src/contrib/graphbuilder.cpp.o
Building C object catkin/core-sl/locomotion-sl/CMakeFiles/SLtask.dir/src/SL_task_servo.c.o
Building CXX object catkin/third_party/YAML_CPP/CMakeFiles/yaml-cpp.dir/src/emit.cpp.o
Building C object catkin/core-sl/locomotion-sl/CMakeFiles/SLopenGL.dir/src/SL_openGL_servo.c.o
Building CXX object catkin/third_party/YAML_CPP/CMakeFiles/yaml-cpp.dir/src/scantag.cpp.o
Building CXX object catkin/third_party/YAML_CPP/CMakeFiles/yaml-cpp.dir/src/nodebuilder.cpp.o
Building CXX object catkin/third_party/YAML_CPP/CMakeFiles/yaml-cpp.dir/src/emitfromevents.cpp.o
Building CXX object catkin/third_party/YAML_CPP/CMakeFiles/yaml-cpp.dir/src/memory.cpp.o
Building CXX object catkin/third_party/YAML_CPP/CMakeFiles/yaml-cpp.dir/src/emitter.cpp.o
Building C object catkin/core-sl/locomotion-sl/CMakeFiles/SLtask.dir/src/SL_task_servo_unix.c.o
Performing download step for 'snopt_extern'
Building CXX object catkin/third_party/YAML_CPP/CMakeFiles/yaml-cpp.dir/src/singledocparser.cpp.o
Building CXX object catkin/third_party/YAML_CPP/CMakeFiles/yaml-cpp.dir/src/null.cpp.o
Building CXX object catkin/third_party/YAML_CPP/CMakeFiles/yaml-cpp.dir/src/contrib/graphbuilderadapter.cpp.o
[ 19%] [ 19%] Building CXX object catkin/humanoids/humanoid_control/filtering_tools/kalman_filters/CMakeFiles/kalman_filter_test.dir/src/test.cpp.o
[ 19%] [ 19%] Building CXX object catkin/humanoids/humanoid_control/py_cpp_interface/CMakeFiles/py_converter_test.dir/tests/converter_test.cpp.o
[ 19%] Building CXX object catkin/humanoids/humanoid_control/robot_math/CMakeFiles/geometry_utils.dir/src/geometry_utils/RotationMatrix.cpp.o
[ 19%] [ 19%] [ 20%] [ 21%] Building CXX object catkin/humanoids/humanoid_control/py_cpp_interface/CMakeFiles/PyShell.dir/src/PyShell.cpp.o
Building CXX object catkin/humanoids/humanoid_control/robot_math/CMakeFiles/geometry_utils.dir/src/geometry_utils/Quaternion.cpp.o
Linking CXX shared library /home/amd_clmc/team/workspace/devel/lib/libmsvc_bridge.so
Building CXX object catkin/humanoids/humanoid_control/robot_math/CMakeFiles/geometry_utils.dir/src/geometry_utils/AffineTransformation.cpp.o
Building CXX object catkin/humanoids/humanoid_control/robot_math/CMakeFiles/geometry_utils.dir/src/geometry_utils/spatial_quantities.cpp.o
Building CXX object catkin/humanoids/humanoid_control/robot_math/CMakeFiles/geometry_utils.dir/src/geometry_utils/sq_twist.cpp.o
Building CXX object catkin/humanoids/humanoid_control/robot_math/CMakeFiles/geometry_utils.dir/src/geometry_utils/Transformations.cpp.o
Building CXX object catkin/humanoids/humanoid_control/robot_math/CMakeFiles/geometry_utils.dir/src/geometry_utils/sq_pose.cpp.o
Building CXX object catkin/humanoids/humanoid_control/robot_math/CMakeFiles/geometry_utils.dir/src/geometry_utils/SpatialAlgebra.cpp.o
[ 21%] [ 22%] No patch step for 'snopt_extern'
/home/amd_clmc/team/workspace/src/catkin/humanoids/humanoid_control/robot_math/src/geometry_utils/sq_twist.cpp:15:9: warning: #pragma once in main file [enabled by default]
Linking CXX executable /home/amd_clmc/team/workspace/devel/lib/vicon_bridge/testclient
No update step for 'snopt_extern'
Linking CXX shared library /home/amd_clmc/team/workspace/devel/lib/librobot_math.so
[ 22%] Linking C shared library /home/amd_clmc/team/workspace/devel/lib/libSLmotor.so
[ 22%] Built target vicon_bridge_generate_messages_lisp
Linking C shared library /home/amd_clmc/team/workspace/devel/lib/libSLsimulation.so
Performing configure step for 'snopt_extern'
[ 23%] [ 23%] [ 23%] Generating Python msg __init__.py for vicon_bridge
Built target msvc_bridge
Generating Python srv __init__.py for vicon_bridge
Linking C shared library /home/amd_clmc/team/workspace/devel/lib/libSLtask.so
[ 23%] Built target vicon_bridge_generate_messages_cpp
[ 23%] Built target testclient
Linking C shared library /home/amd_clmc/team/workspace/devel/lib/libutility.so
Scanning dependencies of target vicon_bridge_gencpp
[ 23%] Built target robot_math
[ 23%] Built target SLsimulation
[ 23%] Built target vicon_bridge_gencpp
[ 23%] Built target SLmotor
Linking C shared library /home/amd_clmc/team/workspace/devel/lib/libSLopenGL.so
[ 23%] Built target SLtask
[ 23%] Built target utility
[ 23%] Built target vicon_bridge_generate_messages_py
Scanning dependencies of target vicon_bridge
Scanning dependencies of target lwpr
Scanning dependencies of target vicon_bridge_generate_messages
Scanning dependencies of target calibrate
[ 23%] Built target SLopenGL
[ 23%] [ 23%] Built target vicon_bridge_generate_messages
[ 23%] [ 25%] Building C object catkin/core-sl/locomotion-lwpr/CMakeFiles/lwpr.dir/src/lwpr.c.o
[ 25%] Building CXX object catkin/perception/vicon_bridge/CMakeFiles/vicon_bridge.dir/src/vicon_bridge.cpp.o
Building C object catkin/core-sl/locomotion-lwpr/CMakeFiles/lwpr.dir/src/lwpr_script.c.o
checking build system type... Building CXX object catkin/perception/vicon_bridge/CMakeFiles/calibrate.dir/src/calibrate_segment.cpp.o
Scanning dependencies of target configuration_file_loading
Scanning dependencies of target SLcommon
[ 25%] [ 25%] [ 25%] [ 26%] [ 27%] [ 27%] x86_64-unknown-linux-gnu
checking host system type... x86_64-unknown-linux-gnu
checking how to print strings... [ 27%] Building C object catkin/core-sl/locomotion-sl/CMakeFiles/SLcommon.dir/src/SL_oscilloscope.c.o
[ 27%] Building C object catkin/core-sl/locomotion-sl/CMakeFiles/SLcommon.dir/src/SL_man.c.o
Building C object catkin/core-sl/locomotion-sl/CMakeFiles/SLcommon.dir/src/SL_shared_memory.c.o
Building C object catkin/core-sl/locomotion-sl/CMakeFiles/SLcommon.dir/src/SL_collect_data.c.o
[ 27%] Building C object catkin/core-sl/locomotion-sl/CMakeFiles/SLcommon.dir/src/SL_common.c.o
[ 27%] Building C object catkin/core-sl/locomotion-sl/CMakeFiles/SLcommon.dir/src/SL_filters.c.o
Building CXX object catkin/humanoids/humanoid_control/io_tools/CMakeFiles/configuration_file_loading.dir/src/configuration_file_loading/ConfigurationFileReader.cpp.o
Building C object catkin/core-sl/locomotion-sl/CMakeFiles/SLcommon.dir/src/SL_terrains.c.o
Building C object catkin/core-sl/locomotion-sl/CMakeFiles/SLcommon.dir/src/SL_vx2unix_wrappers.c.o
Building C object catkin/core-sl/locomotion-sl/CMakeFiles/SLcommon.dir/src/SL_unix_common.c.o
printf
checking for gcc... gcc
checking whether the C compiler works... yes
checking for C compiler default output file name... a.out
checking for suffix of executables... Linking C shared library /home/amd_clmc/team/workspace/devel/lib/liblwpr.so
Linking C shared library /home/amd_clmc/team/workspace/devel/lib/libSLcommon.so

checking whether we are cross compiling... [ 27%] Built target lwpr
[ 27%] no
Scanning dependencies of target xlwpr
Built target SLcommon
checking for suffix of object files... Scanning dependencies of target xlwprstat
Scanning dependencies of target xascii2mrplot
Scanning dependencies of target SLvision
[ 27%] [ 27%] [ 27%] [ 27%] [ 28%] [ 28%] [ 28%] Building C object catkin/core-sl/locomotion-lwpr/CMakeFiles/xlwpr.dir/src/lwpr_test.c.o
Generating src/SL_kinematics.c
[ 28%] [ 28%] o
checking whether we are using the GNU C compiler... Building C object catkin/core-sl/locomotion-lwpr/CMakeFiles/xlwprstat.dir/src/lwpr_main.c.o
Generating src/SL_dynamics.c
Building C object catkin/core-sl/locomotion-lwpr/CMakeFiles/xlwpr.dir/src/lwpr_main.c.o
[ 28%] [ 28%] Scanning dependencies of target xathena
Building C object catkin/core-sl/locomotion-lwpr/CMakeFiles/xascii2mrplot.dir/src/ascii2mrdplot.c.o
[ 28%] Building C object catkin/core-sl/locomotion-sl/CMakeFiles/SLvision.dir/src/SL_dbvision.c.o
[ 28%] Generating src/SL_dynamics.c
[ 29%] [ 29%] Building C object catkin/core-sl/locomotion-lwpr/CMakeFiles/xlwprstat.dir/src/lwpr_stat.c.o
[ 29%] [ 29%] [ 29%] Building C object catkin/core-sl/locomotion-sl/CMakeFiles/SLvision.dir/src/SL_vision_proc.c.o
Generating src/SL_kinematics.c
Scanning dependencies of target xhermes_full
Generating src/SL_kinematics.c
Generating reconfiguration files for tf_distort in vicon_bridge
Wrote header file in /home/amd_clmc/team/workspace/devel/include/vicon_bridge/tf_distortConfig.h
Generating src/SL_dynamics.c
Building C object catkin/core-sl/locomotion-sl/CMakeFiles/SLvision.dir/src/SL_serial_unix.c.o
Building C object catkin/robots/athena/CMakeFiles/xathena.dir/src/SL_user_common.c.o
Building C object catkin/core-sl/locomotion-sl/CMakeFiles/SLvision.dir/src/SL_vision_servo_unix.c.o
Building C object catkin/core-sl/locomotion-sl/CMakeFiles/SLvision.dir/src/SL_vision_servo.c.o
Building C object catkin/robots/athena/CMakeFiles/xathena.dir/__/hermesCore/src/SL_main.c.o
Scanning dependencies of target xhermes_lower
[ 30%] [ 30%] [ 30%] Linking CXX shared library /home/amd_clmc/team/workspace/devel/lib/libdata_collection.so
yes
checking whether gcc accepts -g... Built target vicon_bridge_gencfg
[ 30%] Building C object catkin/robots/hermesFull/CMakeFiles/xhermes_full.dir/src/SL_user_common.c.o
[ 30%] Building C object catkin/robots/hermesFull/CMakeFiles/xhermes_full.dir/__/hermesCore/src/SL_main.c.o
Building C object catkin/robots/hermesLower/CMakeFiles/xhermes_lower.dir/__/hermesCore/src/SL_main.c.o
Building C object catkin/robots/hermesLower/CMakeFiles/xhermes_lower.dir/src/SL_user_common.c.o
Linking C executable /home/amd_clmc/team/workspace/src/catkin/core-sl/locomotion-lwpr/x86_64/xascii2mrplot
yes
checking for gcc option to accept ISO C89... Linking C executable /home/amd_clmc/team/workspace/src/catkin/core-sl/locomotion-lwpr/x86_64/xlwprstat
Scanning dependencies of target tf_distort
Linking C executable /home/amd_clmc/team/workspace/src/catkin/core-sl/locomotion-lwpr/x86_64/xlwpr
[ 30%] Built target data_collection
[ 30%] Scanning dependencies of target athena
Scanning dependencies of target hermes_full
none needed
checking for a sed that does not truncate output... Building CXX object catkin/perception/vicon_bridge/CMakeFiles/tf_distort.dir/src/tf_distort.cpp.o
/bin/sed
checking for grep that handles long lines and -e... /bin/grep
checking for egrep... /bin/grep -E
checking for fgrep... /bin/grep -F
checking for ld used by gcc... [ 30%] [ 30%] [ 30%] [ 31%] [ 31%] [ 31%] Scanning dependencies of target hermes_lower
[ 31%] Building CXX object catkin/robots/hermesFull/CMakeFiles/hermes_full.dir/src/SL_forDynArt.cpp.o
[ 31%] [ 31%] /usr/bin/ld
checking if the linker (/usr/bin/ld) is GNU ld... yes
checking for BSD- or MS-compatible name lister (nm)... [ 31%] [ 31%] Building C object catkin/robots/hermesFull/CMakeFiles/hermes_full.dir/src/SL_kinematics.c.o
[ 31%] [ 32%] Building CXX object catkin/robots/hermesFull/CMakeFiles/hermes_full.dir/src/SL_forDynComp.cpp.o
Building C object catkin/robots/hermesFull/CMakeFiles/hermes_full.dir/src/SL_dynamics.c.o
[ 32%] Building CXX object catkin/robots/athena/CMakeFiles/athena.dir/src/SL_forDynComp.cpp.o
[ 33%] [ 33%] [ 33%] [ 33%] [ 33%] Built target xascii2mrplot
Building CXX object catkin/robots/hermesFull/CMakeFiles/hermes_full.dir/src/SL_invDynArt.cpp.o
Building CXX object catkin/robots/hermesFull/CMakeFiles/hermes_full.dir/__/hermesCore/src/raw_data_access.cpp.o
[ 34%] [ 34%] [ 34%] /usr/bin/nm -B
[ 35%] checking the name lister (/usr/bin/nm -B) interface... [ 36%] [ 36%] Building CXX object catkin/robots/athena/CMakeFiles/athena.dir/src/SL_invDynNE.cpp.o
[ 36%] Building C object catkin/robots/athena/CMakeFiles/athena.dir/src/SL_kinematics.c.o
Building CXX object catkin/robots/athena/CMakeFiles/athena.dir/src/SL_forDynArt.cpp.o
[ 36%] [ 36%] /home/amd_clmc/team/workspace/src/catkin/robots/hermesCore/src/SL_main.c: In function 'main':
/home/amd_clmc/team/workspace/src/catkin/robots/hermesCore/src/SL_main.c:64:7: warning: format not a string literal and no format arguments [-Wformat-security]
Building C object catkin/robots/athena/CMakeFiles/athena.dir/src/SL_dynamics.c.o
Building C object catkin/robots/athena/CMakeFiles/athena.dir/src/SL_user_common.c.o
Building CXX object catkin/robots/athena/CMakeFiles/athena.dir/src/SL_invDynArt.cpp.o
Building CXX object catkin/robots/athena/CMakeFiles/athena.dir/__/hermesCore/src/raw_data_access.cpp.o
Building C object catkin/robots/athena/CMakeFiles/athena.dir/__/hermesCore/src/SL_user_commands.c.o
Building CXX object catkin/robots/hermesLower/CMakeFiles/hermes_lower.dir/src/SL_invDynNE.cpp.o
Building CXX object catkin/robots/hermesLower/CMakeFiles/hermes_lower.dir/src/SL_forDynArt.cpp.o
Building CXX object catkin/robots/hermesLower/CMakeFiles/hermes_lower.dir/__/hermesCore/src/raw_data_access.cpp.o
Building C object catkin/robots/hermesLower/CMakeFiles/hermes_lower.dir/src/SL_kinematics.c.o
Building C object catkin/robots/hermesLower/CMakeFiles/hermes_lower.dir/src/SL_dynamics.c.o
Building C object catkin/robots/hermesFull/CMakeFiles/hermes_full.dir/__/hermesCore/src/SL_user_commands.c.o
Building C object catkin/robots/hermesLower/CMakeFiles/hermes_lower.dir/src/SL_user_common.c.o
Building C object catkin/robots/hermesFull/CMakeFiles/hermes_full.dir/src/SL_user_common.c.o
Linking C shared library /home/amd_clmc/team/workspace/devel/lib/libSLvision.so
Building CXX object catkin/robots/hermesLower/CMakeFiles/hermes_lower.dir/src/SL_forDynComp.cpp.o
Building C object catkin/robots/hermesLower/CMakeFiles/hermes_lower.dir/__/hermesCore/src/SL_user_commands.c.o
Building CXX object catkin/robots/hermesFull/CMakeFiles/hermes_full.dir/src/SL_invDynNE.cpp.o
Building CXX object catkin/robots/hermesLower/CMakeFiles/hermes_lower.dir/src/SL_invDynArt.cpp.o
/home/amd_clmc/team/workspace/src/catkin/robots/hermesCore/src/SL_main.c: In function 'main':
/home/amd_clmc/team/workspace/src/catkin/robots/hermesCore/src/SL_main.c:64:7: warning: format not a string literal and no format arguments [-Wformat-security]
[ 36%] Built target xlwprstat
Linking CXX shared library /home/amd_clmc/team/workspace/devel/lib/libconfiguration_file_loading.so
/home/amd_clmc/team/workspace/src/catkin/robots/hermesCore/src/SL_main.c: In function 'main':
/home/amd_clmc/team/workspace/src/catkin/robots/hermesCore/src/SL_main.c:64:7: warning: format not a string literal and no format arguments [-Wformat-security]
BSD nm
checking whether ln -s works... yes
checking the maximum length of command line arguments... Linking C executable /home/amd_clmc/team/workspace/src/catkin/robots/athena/x86_64/xathena
3458764513820540925
checking whether the shell understands some XSI constructs... Linking C executable /home/amd_clmc/team/workspace/src/catkin/robots/hermesLower/x86_64/xhermes
yes
checking whether the shell understands "+="... yes
Linking CXX shared library libgtest.so
checking how to convert x86_64-unknown-linux-gnu file names to x86_64-unknown-linux-gnu format... func_convert_file_noop
checking how to convert x86_64-unknown-linux-gnu file names to toolchain format... func_convert_file_noop
checking for /usr/bin/ld option to reload object files... -r
checking for objdump... [ 36%] Built target xlwpr
objdump
checking how to recognize dependent libraries... pass_all
checking for dlltool... no
checking how to associate runtime and link libraries... printf %s\n
checking for ar... ar
checking for archiver @FILE support... Linking C executable /home/amd_clmc/team/workspace/src/catkin/robots/hermesFull/x86_64/xhermes
@
checking for strip... strip
checking for ranlib... ranlib
checking for gawk... no
checking for mawk... mawk
checking command to parse /usr/bin/nm -B output from gcc object... [ 36%] Built target configuration_file_loading
[ 36%] Built target SLvision
[ 36%] [ 36%] [ 36%] Built target xathena
Scanning dependencies of target data_collectionSL
Built target xhermes_lower
Built target xhermes_full
[ 36%] Built target gtest
[ 36%] Scanning dependencies of target install_machtype_xathena
Building CXX object catkin/humanoids/humanoid_control/io_tools_sl/CMakeFiles/data_collectionSL.dir/src/data_collection_sl/sl_data_collector.cpp.o
Scanning dependencies of target install_machtype_xhermes_full
Scanning dependencies of target install_machtype_xhermes_lower
[ 36%] Generating /home/amd_clmc/team/workspace/src/catkin/robots/athenaUser/x86_64/xathena
ok
[ 37%] [ 37%] checking for sysroot... no
Generating /home/amd_clmc/team/workspace/src/catkin/robots/hermesFullUser/x86_64/xhermes
[ 37%] Generating /home/amd_clmc/team/workspace/src/catkin/robots/hermesLowerUser/x86_64/xhermes
Built target install_machtype_xathena
checking for mt... Linking CXX shared library /home/amd_clmc/team/workspace/devel/lib/libyaml-cpp.so
mt
checking if mt is a manifest tool... [ 37%] Built target install_machtype_xhermes_lower
[ 37%] Built target install_machtype_xhermes_full
no
checking how to run the C preprocessor... [ 37%] gcc -E
Linking CXX shared library /home/amd_clmc/team/workspace/devel/lib/libSLros.so
Built target yaml-cpp
Scanning dependencies of target parse
Scanning dependencies of target read
Scanning dependencies of target run-tests
Scanning dependencies of target sandbox
[ 37%] [ 37%] [ 37%] [ 37%] Building CXX object catkin/third_party/YAML_CPP/util/CMakeFiles/read.dir/read.cpp.o
checking for ANSI C header files... Building CXX object catkin/third_party/YAML_CPP/util/CMakeFiles/parse.dir/parse.cpp.o
[ 37%] [ 37%] Building CXX object catkin/third_party/YAML_CPP/test/CMakeFiles/run-tests.dir/spectests.cpp.o
[ 37%] Building CXX object catkin/third_party/YAML_CPP/util/CMakeFiles/sandbox.dir/sandbox.cpp.o
Scanning dependencies of target eiquadprog_tester_app
Built target SLros
Building CXX object catkin/third_party/YAML_CPP/test/CMakeFiles/run-tests.dir/tests.cpp.o
[ 37%] Building CXX object catkin/third_party/YAML_CPP/test/CMakeFiles/run-tests.dir/emittertests.cpp.o
[ 38%] [ 39%] [ 39%] Building CXX object catkin/third_party/YAML_CPP/test/CMakeFiles/run-tests.dir/main.cpp.o
Building CXX object catkin/humanoids/humanoid_control/robot_math/CMakeFiles/eiquadprog_tester_app.dir/tests/robot_math/eiquadprog_tester_app.cpp.o
Building CXX object catkin/third_party/YAML_CPP/test/CMakeFiles/run-tests.dir/new-api/spectests.cpp.o
[ 39%] [ 39%] Building CXX object catkin/humanoids/humanoid_control/robot_math/CMakeFiles/eiquadprog_tester_app.dir/src/robot_math/EigenQpSolver.cpp.o
Building CXX object catkin/third_party/YAML_CPP/test/CMakeFiles/run-tests.dir/new-api/parsertests.cpp.o
Building CXX object catkin/third_party/YAML_CPP/test/CMakeFiles/run-tests.dir/new-api/nodetests.cpp.o
Linking CXX executable /home/amd_clmc/team/workspace/devel/lib/vicon_bridge/calibrate
yes
checking for sys/types.h... Linking CXX shared library /home/amd_clmc/team/workspace/devel/lib/libdata_collectionSL.so
Linking CXX shared library /home/amd_clmc/team/workspace/devel/lib/hello_world.so
yes
checking for sys/stat.h... [ 39%] Built target calibrate
yes
checking for stdlib.h... [ 39%] Built target data_collectionSL
yes
[ 39%] Built target hello_world
checking for string.h... yes
/home/amd_clmc/team/workspace/src/catkin/humanoids/humanoid_control/py_cpp_interface/src/PyShell.cpp: In member function 'void py_cpp_interface::PyShell::initialize()':
/home/amd_clmc/team/workspace/src/catkin/humanoids/humanoid_control/py_cpp_interface/src/PyShell.cpp:42:31: warning: deprecated conversion from string constant to 'char*' [-Wwrite-strings]
checking for memory.h... yes
checking for strings.h... Linking CXX executable /home/amd_clmc/team/workspace/devel/lib/YAML_CPP/parse
yes
Linking CXX executable /home/amd_clmc/team/workspace/devel/lib/YAML_CPP/sandbox
checking for inttypes.h... Linking CXX executable /home/amd_clmc/team/workspace/devel/lib/kalman_filters/kalman_filter_test
Linking CXX shared library /home/amd_clmc/team/workspace/devel/lib/libgeometry_utils.so
[ 39%] Built target sandbox
[ 39%] Built target parse
Linking CXX executable /home/amd_clmc/team/workspace/devel/lib/YAML_CPP/read
yes
checking for stdint.h... yes
[ 39%] Built target geometry_utils
[ 39%] checking for unistd.h... Built target read
yes
checking for dlfcn.h... [ 39%] Built target kalman_filter_test
Scanning dependencies of target yaml_example
yes
checking for objdir... .libs
[ 39%] [ 39%] [ 40%] Building CXX object catkin/humanoids/humanoid_control/io_tools/CMakeFiles/yaml_example.dir/examples/io_tools/yaml_parameterizable_object.cpp.o
Building CXX object catkin/humanoids/humanoid_control/io_tools/CMakeFiles/yaml_example.dir/examples/io_tools/yaml_constructable_object.cpp.o
Building CXX object catkin/humanoids/humanoid_control/io_tools/CMakeFiles/yaml_example.dir/examples/io_tools/yaml_example.cpp.o
checking if gcc supports -fno-rtti -fno-exceptions... no
checking for gcc option to produce PIC... -fPIC -DPIC
checking if gcc PIC flag -fPIC -DPIC works... Linking CXX shared library /home/amd_clmc/team/workspace/devel/lib/libhermes_lower.so
yes
checking if gcc static flag -static works... [ 40%] Built target hermes_lower
yes
checking if gcc supports -c -o file.o... [ 40%] Generating src/SL_parm_estimate.c
yes
checking if gcc supports -c -o file.o... (cached) yes
checking whether the gcc linker (/usr/bin/ld -m elf_x86_64) supports shared libraries... Scanning dependencies of target visualization_tools_opengl_hermes_lower
Scanning dependencies of target hermes_lower_task
Scanning dependencies of target xvision_hermes_lower
yes
checking whether -lc should be explicitly linked in... [ 40%] Scanning dependencies of target hermes_lower_simulation
Building CXX object catkin/robots/hermesLower/CMakeFiles/hermes_lower_task.dir/__/hermesCore/src/SL_user_task.cpp.o
[ 40%] [ 40%] [ 40%] Scanning dependencies of target xpest_hermes_lower
[ 40%] [ 40%] Scanning dependencies of target xmotor_hermes_lower
[ 40%] Building C object catkin/robots/hermesLower/CMakeFiles/xvision_hermes_lower.dir/__/hermesCore/src/SL_user_vision.c.o
[ 40%] Scanning dependencies of target hermes_lower_openGL
no
checking dynamic linker characteristics... Building C object catkin/humanoids/humanoid_control/visualization_tools/visualization_tools_hermes_lower/CMakeFiles/visualization_tools_opengl_hermes_lower.dir/__/template/src/visualization_tools/visualizationTools.c.o
Building C object catkin/humanoids/humanoid_control/visualization_tools/visualization_tools_hermes_lower/CMakeFiles/visualization_tools_opengl_hermes_lower.dir/__/template/src/visualization_tools/opengl/DrawPhantomOpengl.c.o
[ 41%] Building C object catkin/humanoids/humanoid_control/visualization_tools/visualization_tools_hermes_lower/CMakeFiles/visualization_tools_opengl_hermes_lower.dir/__/template/src/visualization_tools/opengl/DrawBallsOpengl.c.o
Building C object catkin/humanoids/humanoid_control/visualization_tools/visualization_tools_hermes_lower/CMakeFiles/visualization_tools_opengl_hermes_lower.dir/__/template/src/visualization_tools/opengl/DrawFrameOpengl.c.o
Linking CXX shared library /home/amd_clmc/team/workspace/devel/lib/libPyShell.so
Building C object catkin/humanoids/humanoid_control/visualization_tools/visualization_tools_hermes_lower/CMakeFiles/visualization_tools_opengl_hermes_lower.dir/__/template/src/visualization_tools/opengl/DisplayKinematicsOpengl.c.o
Building C object catkin/robots/hermesLower/CMakeFiles/hermes_lower_simulation.dir/__/hermesCore/src/SL_user_simulation.c.o
[ 41%] Building C object catkin/robots/hermesLower/CMakeFiles/xpest_hermes_lower.dir/src/SL_parm_estimate.c.o
[ 41%] [ 41%] Building C object catkin/robots/hermesLower/CMakeFiles/xmotor_hermes_lower.dir/__/hermesCore/src/SL_user_motor.c.o
Building CXX object catkin/robots/hermesLower/CMakeFiles/xmotor_hermes_lower.dir/__/hermesCore/src/SL_user_sensor_proc_unix.cpp.o
Building C object catkin/robots/hermesLower/CMakeFiles/hermes_lower_openGL.dir/src/SL_user_openGL.c.o
GNU/Linux ld.so
checking how to hardcode library paths into programs... immediate
checking whether stripping libraries is possible... yes
checking if libtool supports shared libraries... yes
checking whether to build shared libraries... yes
checking whether to build static libraries... yes
checking for a BSD-compatible install... /usr/bin/install -c
checking for gfortran... gfortran
Scanning dependencies of target testing_tests_hermes_lower
checking whether we are using the GNU Fortran compiler... [ 41%] Built target PyShell
yes
checking whether gfortran accepts -g... yes
/home/amd_clmc/team/workspace/src/catkin/robots/hermesCore/src/SL_user_task.cpp: In function 'void drawPhantomFromCurrentState()':
/home/amd_clmc/team/workspace/src/catkin/robots/hermesCore/src/SL_user_task.cpp:389:69: warning: deprecated conversion from string constant to 'char*' [-Wwrite-strings]
/home/amd_clmc/team/workspace/src/catkin/robots/hermesCore/src/SL_user_task.cpp: In function 'void drawPhantomFromDesiredState()':
/home/amd_clmc/team/workspace/src/catkin/robots/hermesCore/src/SL_user_task.cpp:423:69: warning: deprecated conversion from string constant to 'char*' [-Wwrite-strings]
Linking C executable /home/amd_clmc/team/workspace/src/catkin/robots/hermesLower/x86_64/xvision
[ 42%] Building CXX object catkin/humanoids/humanoid_control/testing_tests/CMakeFiles/testing_tests_hermes_lower.dir/src/testable.cpp.o
Linking CXX shared library /home/amd_clmc/team/workspace/devel/lib/libhermes_lower_task.so
Linking C shared library /home/amd_clmc/team/workspace/devel/lib/libhermes_lower_simulation.so
checking if libtool supports shared libraries... yes
checking whether to build shared libraries... yes
checking whether to build static libraries... yes
Linking CXX executable /home/amd_clmc/team/workspace/src/catkin/robots/hermesLower/x86_64/xmotor
checking for gfortran option to produce PIC... -fPIC
checking if gfortran PIC flag -fPIC works... [ 42%] [ 42%] Built target hermes_lower_task
Built target xvision_hermes_lower
Linking C shared library /home/amd_clmc/team/workspace/devel/lib/libvisualization_tools_opengl_hermes_lower.so
Scanning dependencies of target test_py_shell
Scanning dependencies of target install_machtype_xvision_hermes_lower
[ 42%] Built target hermes_lower_simulation
yes
checking if gfortran static flag -static works... [ 43%] Generating /home/amd_clmc/team/workspace/src/catkin/robots/hermesLowerUser/x86_64/xvision
Scanning dependencies of target floating_base_tools_hermes_full
[ 43%] [ 43%] [ 43%] Scanning dependencies of target floating_base_tools_hermes_lower
Built target install_machtype_xvision_hermes_lower
Building CXX object catkin/humanoids/humanoid_control/py_cpp_interface/CMakeFiles/test_py_shell.dir/src/test_py_shell.cpp.o
Built target xmotor_hermes_lower
[ 43%] Built target visualization_tools_opengl_hermes_lower
Scanning dependencies of target install_machtype_xmotor_hermes_lower
Scanning dependencies of target xsimulation_hermes_lower
Scanning dependencies of target floating_base_tools_athena
[ 43%] [ 43%] [ 43%] Building C object catkin/robots/hermesLowerUser/CMakeFiles/xsimulation_hermes_lower.dir/src/sim/initUserSimulation.c.o
[ 44%] [ 44%] [ 44%] yes
checking if gfortran supports -c -o file.o... Building CXX object catkin/humanoids/humanoid_control/floating_base_tools_common/floating_base_tools_hermes_full/CMakeFiles/floating_base_tools_hermes_full.dir/__/template/src/floating_base_tools/robot_command_interface.cpp.o
[ 44%] [ 44%] [ 44%] Generating /home/amd_clmc/team/workspace/src/catkin/robots/hermesLowerUser/x86_64/xmotor
[ 44%] [ 44%] [ 44%] [ 44%] [ 44%] [ 45%] [ 46%] Building CXX object catkin/humanoids/humanoid_control/floating_base_tools_common/floating_base_tools_hermes_full/CMakeFiles/floating_base_tools_hermes_full.dir/__/template/src/floating_base_tools/inverse_kinematics.cpp.o
Building CXX object catkin/humanoids/humanoid_control/floating_base_tools_common/floating_base_tools_hermes_full/CMakeFiles/floating_base_tools_hermes_full.dir/__/template/src/floating_base_tools/momentum_computation.cpp.o
Building CXX object catkin/humanoids/humanoid_control/floating_base_tools_common/floating_base_tools_hermes_full/CMakeFiles/floating_base_tools_hermes_full.dir/__/template/src/floating_base_tools/kinematics.cpp.o
[ 46%] [ 46%] [ 46%] [ 47%] [ 47%] [ 47%] [ 47%] [ 47%] [ 47%] Building CXX object catkin/humanoids/humanoid_control/floating_base_tools_common/floating_base_tools_hermes_full/CMakeFiles/floating_base_tools_hermes_full.dir/__/template/src/floating_base_tools/contact_helper.cpp.o
[ 48%] [ 48%] Linking C shared library /home/amd_clmc/team/workspace/devel/lib/libhermes_lower_openGL.so
[ 48%] Building CXX object catkin/humanoids/humanoid_control/floating_base_tools_common/floating_base_tools_hermes_full/CMakeFiles/floating_base_tools_hermes_full.dir/__/template/src/floating_base_tools/recursive_newton_euler.cpp.o
Building CXX object catkin/humanoids/humanoid_control/floating_base_tools_common/floating_base_tools_hermes_full/CMakeFiles/floating_base_tools_hermes_full.dir/__/template/src/floating_base_tools/robot_state_representation.cpp.o
Building CXX object catkin/humanoids/humanoid_control/floating_base_tools_common/floating_base_tools_hermes_lower/CMakeFiles/floating_base_tools_hermes_lower.dir/__/template/src/floating_base_tools/robot_state_representation.cpp.o
Building CXX object catkin/humanoids/humanoid_control/floating_base_tools_common/floating_base_tools_hermes_full/CMakeFiles/floating_base_tools_hermes_full.dir/__/template/src/floating_base_tools/InverseKinematicsOnline.cpp.o
[ 50%] [ 50%] [ 50%] Building CXX object catkin/humanoids/humanoid_control/floating_base_tools_common/floating_base_tools_hermes_full/CMakeFiles/floating_base_tools_hermes_full.dir/__/template/src/floating_base_tools/composite_rigid_body.cpp.o
[ 50%] Building CXX object catkin/humanoids/humanoid_control/floating_base_tools_common/floating_base_tools_hermes_lower/CMakeFiles/floating_base_tools_hermes_lower.dir/__/template/src/floating_base_tools/robot_properties.cpp.o
Building CXX object catkin/humanoids/humanoid_control/floating_base_tools_common/floating_base_tools_hermes_full/CMakeFiles/floating_base_tools_hermes_full.dir/__/template/src/floating_base_tools/robot_interface.cpp.o
[ 50%] [ 50%] Building CXX object catkin/humanoids/humanoid_control/floating_base_tools_common/floating_base_tools_hermes_full/CMakeFiles/floating_base_tools_hermes_full.dir/__/template/src/floating_base_tools/robot_properties.cpp.o
[ 50%] Building CXX object catkin/humanoids/humanoid_control/floating_base_tools_common/floating_base_tools_hermes_full/CMakeFiles/floating_base_tools_hermes_full.dir/__/template/src/floating_base_tools/optimal_inverse_dynamics.cpp.o
[ 50%] Building CXX object catkin/humanoids/humanoid_control/floating_base_tools_common/floating_base_tools_hermes_lower/CMakeFiles/floating_base_tools_hermes_lower.dir/__/template/src/floating_base_tools/kinematics.cpp.o
Building CXX object catkin/humanoids/humanoid_control/floating_base_tools_common/floating_base_tools_hermes_lower/CMakeFiles/floating_base_tools_hermes_lower.dir/__/template/src/floating_base_tools/sensors.cpp.o
Building CXX object catkin/humanoids/humanoid_control/floating_base_tools_common/floating_base_tools_hermes_lower/CMakeFiles/floating_base_tools_hermes_lower.dir/__/template/src/floating_base_tools/InverseKinematicsBase.cpp.o
Building CXX object catkin/humanoids/humanoid_control/floating_base_tools_common/floating_base_tools_hermes_lower/CMakeFiles/floating_base_tools_hermes_lower.dir/__/template/src/floating_base_tools/inverse_kinematics.cpp.o
Building CXX object catkin/humanoids/humanoid_control/floating_base_tools_common/floating_base_tools_athena/CMakeFiles/floating_base_tools_athena.dir/__/template/src/floating_base_tools/recursive_newton_euler.cpp.o
[ 50%] Building CXX object catkin/humanoids/humanoid_control/floating_base_tools_common/floating_base_tools_hermes_lower/CMakeFiles/floating_base_tools_hermes_lower.dir/__/template/src/floating_base_tools/composite_rigid_body.cpp.o
Building CXX object catkin/humanoids/humanoid_control/floating_base_tools_common/floating_base_tools_hermes_lower/CMakeFiles/floating_base_tools_hermes_lower.dir/__/template/src/floating_base_tools/robot_command_interface.cpp.o
Building CXX object catkin/humanoids/humanoid_control/floating_base_tools_common/floating_base_tools_hermes_lower/CMakeFiles/floating_base_tools_hermes_lower.dir/__/template/src/floating_base_tools/recursive_newton_euler.cpp.o
Building CXX object catkin/humanoids/humanoid_control/floating_base_tools_common/floating_base_tools_hermes_lower/CMakeFiles/floating_base_tools_hermes_lower.dir/__/template/src/floating_base_tools/optimal_inverse_dynamics.cpp.o
Building CXX object catkin/humanoids/humanoid_control/floating_base_tools_common/floating_base_tools_hermes_full/CMakeFiles/floating_base_tools_hermes_full.dir/__/template/src/floating_base_tools/sensors.cpp.o
Building CXX object catkin/humanoids/humanoid_control/floating_base_tools_common/floating_base_tools_hermes_lower/CMakeFiles/floating_base_tools_hermes_lower.dir/__/template/src/floating_base_tools/robot_interface.cpp.o
[ 50%] Building CXX object catkin/humanoids/humanoid_control/floating_base_tools_common/floating_base_tools_hermes_lower/CMakeFiles/floating_base_tools_hermes_lower.dir/__/template/src/floating_base_tools/momentum_computation.cpp.o
[ 50%] [ 51%] Building CXX object catkin/humanoids/humanoid_control/floating_base_tools_common/floating_base_tools_hermes_full/CMakeFiles/floating_base_tools_hermes_full.dir/__/template/src/floating_base_tools/InverseKinematicsBase.cpp.o
[ 51%] yes
checking if gfortran supports -c -o file.o... (cached) yes
checking whether the gfortran linker (/usr/bin/ld -m elf_x86_64) supports shared libraries... Building CXX object catkin/humanoids/humanoid_control/floating_base_tools_common/floating_base_tools_athena/CMakeFiles/floating_base_tools_athena.dir/__/template/src/floating_base_tools/optimal_inverse_dynamics.cpp.o
Building CXX object catkin/humanoids/humanoid_control/floating_base_tools_common/floating_base_tools_athena/CMakeFiles/floating_base_tools_athena.dir/__/template/src/floating_base_tools/kinematics.cpp.o
[ 51%] Building CXX object catkin/humanoids/humanoid_control/floating_base_tools_common/floating_base_tools_athena/CMakeFiles/floating_base_tools_athena.dir/__/template/src/floating_base_tools/composite_rigid_body.cpp.o
Building CXX object catkin/humanoids/humanoid_control/floating_base_tools_common/floating_base_tools_hermes_lower/CMakeFiles/floating_base_tools_hermes_lower.dir/__/template/src/floating_base_tools/InverseKinematicsOnline.cpp.o
Building CXX object catkin/humanoids/humanoid_control/floating_base_tools_common/floating_base_tools_athena/CMakeFiles/floating_base_tools_athena.dir/__/template/src/floating_base_tools/robot_command_interface.cpp.o
Building CXX object catkin/humanoids/humanoid_control/floating_base_tools_common/floating_base_tools_hermes_lower/CMakeFiles/floating_base_tools_hermes_lower.dir/__/template/src/floating_base_tools/contact_helper.cpp.o
[ 51%] [ 51%] Building CXX object catkin/humanoids/humanoid_control/floating_base_tools_common/floating_base_tools_athena/CMakeFiles/floating_base_tools_athena.dir/__/template/src/floating_base_tools/robot_interface.cpp.o
Building CXX object catkin/humanoids/humanoid_control/floating_base_tools_common/floating_base_tools_athena/CMakeFiles/floating_base_tools_athena.dir/__/template/src/floating_base_tools/robot_state_representation.cpp.o
Building CXX object catkin/humanoids/humanoid_control/floating_base_tools_common/floating_base_tools_athena/CMakeFiles/floating_base_tools_athena.dir/__/template/src/floating_base_tools/inverse_kinematics.cpp.o
Building CXX object catkin/humanoids/humanoid_control/floating_base_tools_common/floating_base_tools_athena/CMakeFiles/floating_base_tools_athena.dir/__/template/src/floating_base_tools/InverseKinematicsOnline.cpp.o
Building CXX object catkin/humanoids/humanoid_control/floating_base_tools_common/floating_base_tools_athena/CMakeFiles/floating_base_tools_athena.dir/__/template/src/floating_base_tools/contact_helper.cpp.o
[ 51%] Building CXX object catkin/humanoids/humanoid_control/floating_base_tools_common/floating_base_tools_athena/CMakeFiles/floating_base_tools_athena.dir/__/template/src/floating_base_tools/InverseKinematicsBase.cpp.o
Built target install_machtype_xmotor_hermes_lower
Building CXX object catkin/humanoids/humanoid_control/floating_base_tools_common/floating_base_tools_athena/CMakeFiles/floating_base_tools_athena.dir/__/template/src/floating_base_tools/robot_properties.cpp.o
Building CXX object catkin/humanoids/humanoid_control/floating_base_tools_common/floating_base_tools_athena/CMakeFiles/floating_base_tools_athena.dir/__/template/src/floating_base_tools/momentum_computation.cpp.o
Building CXX object catkin/humanoids/humanoid_control/floating_base_tools_common/floating_base_tools_athena/CMakeFiles/floating_base_tools_athena.dir/__/template/src/floating_base_tools/sensors.cpp.o
yes
checking dynamic linker characteristics... (cached) GNU/Linux ld.so
checking how to hardcode library paths into programs... immediate
checking for gcc... (cached) gcc
checking whether we are using the GNU C compiler... (cached) yes
checking whether gcc accepts -g... (cached) yes
checking for gcc option to accept ISO C89... (cached) none needed
checking for g++... g++
Linking CXX shared library /home/amd_clmc/team/workspace/devel/lib/py_converter_test.so
checking whether we are using the GNU C++ compiler... [ 51%] Built target hermes_lower_openGL
yes
checking whether g++ accepts -g... yes
checking how to run the C++ preprocessor... g++ -E
Scanning dependencies of target xopengl_hermes_lower
Copying library files to python module directory
`/home/amd_clmc/team/workspace/devel/lib/py_converter_test.so' -> `src/py_py_cpp_interface/py_converter_test.so'
[ 51%] [ 51%] Linking C executable /home/amd_clmc/team/workspace/src/catkin/robots/hermesLower/x86_64/xpest
Built target py_converter_test
Building C object catkin/robots/hermesLowerUser/CMakeFiles/xopengl_hermes_lower.dir/src/opengl/initUserGraphics.c.o
checking for ld used by g++... /usr/bin/ld -m elf_x86_64
checking if the linker (/usr/bin/ld -m elf_x86_64) is GNU ld... yes
checking whether the g++ linker (/usr/bin/ld -m elf_x86_64) supports shared libraries... yes
Linking C executable /home/amd_clmc/team/workspace/src/catkin/robots/hermesLowerUser/x86_64/xsimulation
Linking CXX shared library /home/amd_clmc/team/workspace/devel/lib/libtesting_tests_hermes_lower.so
checking for g++ option to produce PIC... -fPIC -DPIC
checking if g++ PIC flag -fPIC -DPIC works... [ 51%] Built target xpest_hermes_lower
yes
checking if g++ static flag -static works... [ 51%] Built target xsimulation_hermes_lower
[ 51%] Built target testing_tests_hermes_lower
yes
checking if g++ supports -c -o file.o... yes
checking if g++ supports -c -o file.o... (cached) yes
checking whether the g++ linker (/usr/bin/ld -m elf_x86_64) supports shared libraries... yes
checking dynamic linker characteristics... (cached) GNU/Linux ld.so
checking how to hardcode library paths into programs... immediate
checking how to get verbose linking output from gfortran... -v
checking for Fortran libraries of gfortran... Linking C executable /home/amd_clmc/team/workspace/src/catkin/robots/hermesLowerUser/x86_64/xopengl
 -L/usr/lib/gcc/x86_64-linux-gnu/4.6 -L/usr/lib/gcc/x86_64-linux-gnu/4.6/../../../x86_64-linux-gnu -L/usr/lib/gcc/x86_64-linux-gnu/4.6/../../../../lib -L/lib/x86_64-linux-gnu -L/lib/../lib -L/usr/lib/x86_64-linux-gnu -L/usr/lib/../lib -L/usr/lib/gcc/x86_64-linux-gnu/4.6/../../.. -lgfortran -lm -lquadmath
checking Fortran 90 module output flag... Linking CXX executable /home/amd_clmc/team/workspace/devel/lib/vicon_bridge/vicon_bridge
-J
checking Fortran 90 module inclusion flag... [ 51%] Built target xopengl_hermes_lower
-I
checking whether make sets $(MAKE)... yes
checking for C support... no
checking for C++ support... no
checking whether to build f2c... no
checking for default size of Fortran integer... 4
[ 51%] Built target vicon_bridge
configure: creating ./config.status
Linking CXX executable /home/amd_clmc/team/workspace/devel/lib/vicon_bridge/tf_distort
[ 51%] Built target tf_distort
Linking CXX executable /home/amd_clmc/team/workspace/devel/lib/YAML_CPP/run-tests
[ 51%] Built target run-tests
Linking CXX executable /home/amd_clmc/team/workspace/devel/lib/io_tools/yaml_example
[ 51%] Built target yaml_example
Linking CXX shared library /home/amd_clmc/team/workspace/devel/lib/libathena.so
Linking CXX executable /home/amd_clmc/team/workspace/devel/lib/py_cpp_interface/test_py_shell
[ 51%] Built target athena
Scanning dependencies of target athena_openGL
Scanning dependencies of target athena_simulation
[ 51%] [ 51%] Built target test_py_shell
Scanning dependencies of target athena_task
Generating src/SL_parm_estimate.c
Scanning dependencies of target xvision_athena
[ 51%] Scanning dependencies of target xmotor_athena
[ 51%] [ 51%] [ 51%] Building C object catkin/robots/athena/CMakeFiles/athena_simulation.dir/__/hermesCore/src/SL_user_simulation.c.o
Building CXX object catkin/robots/athena/CMakeFiles/athena_task.dir/__/hermesCore/src/SL_user_task.cpp.o
Building C object catkin/robots/athena/CMakeFiles/athena_openGL.dir/src/SL_user_openGL.c.o
Building C object catkin/robots/athena/CMakeFiles/xvision_athena.dir/__/hermesCore/src/SL_user_vision.c.o
Scanning dependencies of target visualization_tools_opengl_athena
[ 51%] [ 51%] [ 51%] Building C object catkin/robots/athena/CMakeFiles/xmotor_athena.dir/__/hermesCore/src/SL_user_motor.c.o
[ 51%] Scanning dependencies of target xpest_athena
[ 51%] Building CXX object catkin/robots/athena/CMakeFiles/xmotor_athena.dir/__/hermesCore/src/SL_user_sensor_proc_unix.cpp.o
Building C object catkin/humanoids/humanoid_control/visualization_tools/visualization_tools_athena/CMakeFiles/visualization_tools_opengl_athena.dir/__/template/src/visualization_tools/visualizationTools.c.o
[ 52%] [ 52%] [ 52%] Scanning dependencies of target testing_tests_athena
Building C object catkin/humanoids/humanoid_control/visualization_tools/visualization_tools_athena/CMakeFiles/visualization_tools_opengl_athena.dir/__/template/src/visualization_tools/opengl/DisplayKinematicsOpengl.c.o
Building C object catkin/humanoids/humanoid_control/visualization_tools/visualization_tools_athena/CMakeFiles/visualization_tools_opengl_athena.dir/__/template/src/visualization_tools/opengl/DrawBallsOpengl.c.o
Building C object catkin/humanoids/humanoid_control/visualization_tools/visualization_tools_athena/CMakeFiles/visualization_tools_opengl_athena.dir/__/template/src/visualization_tools/opengl/DrawPhantomOpengl.c.o
Building C object catkin/robots/athena/CMakeFiles/xpest_athena.dir/src/SL_parm_estimate.c.o
Building C object catkin/humanoids/humanoid_control/visualization_tools/visualization_tools_athena/CMakeFiles/visualization_tools_opengl_athena.dir/__/template/src/visualization_tools/opengl/DrawFrameOpengl.c.o
Linking C executable /home/amd_clmc/team/workspace/src/catkin/robots/athena/x86_64/xvision
[ 52%] /home/amd_clmc/team/workspace/src/catkin/robots/hermesCore/src/SL_user_task.cpp: In function 'void drawPhantomFromCurrentState()':
/home/amd_clmc/team/workspace/src/catkin/robots/hermesCore/src/SL_user_task.cpp:389:69: warning: deprecated conversion from string constant to 'char*' [-Wwrite-strings]
/home/amd_clmc/team/workspace/src/catkin/robots/hermesCore/src/SL_user_task.cpp: In function 'void drawPhantomFromDesiredState()':
/home/amd_clmc/team/workspace/src/catkin/robots/hermesCore/src/SL_user_task.cpp:423:69: warning: deprecated conversion from string constant to 'char*' [-Wwrite-strings]
Building CXX object catkin/humanoids/humanoid_control/testing_tests/CMakeFiles/testing_tests_athena.dir/src/testable.cpp.o
Linking CXX shared library /home/amd_clmc/team/workspace/devel/lib/libathena_task.so
Linking CXX executable /home/amd_clmc/team/workspace/src/catkin/robots/athena/x86_64/xmotor
Linking C shared library /home/amd_clmc/team/workspace/devel/lib/libathena_simulation.so
Linking C shared library /home/amd_clmc/team/workspace/devel/lib/libvisualization_tools_opengl_athena.so
[ 52%] Built target xvision_athena
[ 52%] Built target xmotor_athena
Scanning dependencies of target install_machtype_xvision_athena
[ 52%] Scanning dependencies of target install_machtype_xmotor_athena
[ 52%] [ 52%] Built target athena_simulation
[ 52%] Built target athena_task
Generating /home/amd_clmc/team/workspace/src/catkin/robots/athenaUser/x86_64/xmotor
[ 52%] Built target visualization_tools_opengl_athena
Generating /home/amd_clmc/team/workspace/src/catkin/robots/athenaUser/x86_64/xvision
[ 52%] Scanning dependencies of target xsimulation_athena
config.status: creating GNUmakefile
Built target install_machtype_xmotor_athena
[ 52%] Built target install_machtype_xvision_athena
[ 52%] config.status: executing libtool commands
Building C object catkin/robots/athenaUser/CMakeFiles/xsimulation_athena.dir/src/initUserSimulation.c.o
Linking C shared library /home/amd_clmc/team/workspace/devel/lib/libathena_openGL.so
Linking C executable /home/amd_clmc/team/workspace/src/catkin/robots/athenaUser/x86_64/xsimulation
[ 52%] Built target athena_openGL
Scanning dependencies of target xopengl_athena
[ 52%] [ 52%] Building C object catkin/robots/athenaUser/CMakeFiles/xopengl_athena.dir/src/opengl/display_kinematics.c.o
[ 52%] Building C object catkin/robots/athenaUser/CMakeFiles/xopengl_athena.dir/src/opengl/initUserGraphics.c.o
Built target xsimulation_athena

SNOPT will compile the following modules:
     src examples cwrap

  Using external BLAS library?      no     

  Building F2C library?             no               
  Using F2C library?                no 

  AMPL support?                     no            
  Build AMPL library?               no              

  Matlab mex-executable available?  no   


Libraries will be installed into /home/amd_clmc/team/workspace/build/catkin/third_party/snopt_cpp/snopt_extern/lib
  Shared libraries will be created: yes
  Static libraries will be created: yes


To build everything                 'make'         
To build the library only           'make library' 
To build the examples               'make examples'
To build the Matlab mex-executable  'make mex'     
To build the AMPL                   'make ampl'    
To check the build                  'make check'   
To install the libraries            'make install' 

[ 52%] Performing build step for 'snopt_extern'
Linking CXX shared library /home/amd_clmc/team/workspace/devel/lib/libhermes_full.so
Linking C executable /home/amd_clmc/team/workspace/src/catkin/robots/athenaUser/x86_64/xopengl
[ 52%] Built target xopengl_athena
[ 52%] Built target hermes_full
[ 52%] Scanning dependencies of target hermes_full_task
Generating src/SL_parm_estimate.c
Scanning dependencies of target hermes_full_simulation
Scanning dependencies of target hermes_full_openGL
Scanning dependencies of target xmotor_hermes_full
[ 52%] [ 52%] Scanning dependencies of target xvision_hermes_full
Building C object catkin/robots/hermesFull/CMakeFiles/hermes_full_simulation.dir/__/hermesCore/src/SL_user_simulation.c.o
Scanning dependencies of target visualization_tools_opengl_hermes_full
[ 53%] Building CXX object catkin/robots/hermesFull/CMakeFiles/hermes_full_task.dir/__/hermesCore/src/SL_user_task.cpp.o
[ 54%] [ 54%] Scanning dependencies of target xpest_hermes_full
Building C object catkin/robots/hermesFull/CMakeFiles/hermes_full_openGL.dir/src/SL_user_openGL.c.o
[ 55%] Building C object catkin/robots/hermesFull/CMakeFiles/xmotor_hermes_full.dir/__/hermesCore/src/SL_user_motor.c.o
[ 55%] [ 55%] [ 55%] Building CXX object catkin/robots/hermesFull/CMakeFiles/xmotor_hermes_full.dir/__/hermesCore/src/SL_user_sensor_proc_unix.cpp.o
[ 55%] [ 55%] Building C object catkin/robots/hermesFull/CMakeFiles/xvision_hermes_full.dir/__/hermesCore/src/SL_user_vision.c.o
Building C object catkin/humanoids/humanoid_control/visualization_tools/visualization_tools_hermes_full/CMakeFiles/visualization_tools_opengl_hermes_full.dir/__/template/src/visualization_tools/opengl/DisplayKinematicsOpengl.c.o
Building C object catkin/humanoids/humanoid_control/visualization_tools/visualization_tools_hermes_full/CMakeFiles/visualization_tools_opengl_hermes_full.dir/__/template/src/visualization_tools/opengl/DrawBallsOpengl.c.o
[ 56%] Building C object catkin/humanoids/humanoid_control/visualization_tools/visualization_tools_hermes_full/CMakeFiles/visualization_tools_opengl_hermes_full.dir/__/template/src/visualization_tools/visualizationTools.c.o
Building C object catkin/robots/hermesFull/CMakeFiles/xpest_hermes_full.dir/src/SL_parm_estimate.c.o
Building C object catkin/humanoids/humanoid_control/visualization_tools/visualization_tools_hermes_full/CMakeFiles/visualization_tools_opengl_hermes_full.dir/__/template/src/visualization_tools/opengl/DrawPhantomOpengl.c.o
Building C object catkin/humanoids/humanoid_control/visualization_tools/visualization_tools_hermes_full/CMakeFiles/visualization_tools_opengl_hermes_full.dir/__/template/src/visualization_tools/opengl/DrawFrameOpengl.c.o
/home/amd_clmc/team/workspace/src/catkin/robots/hermesCore/src/SL_user_task.cpp: In function 'void drawPhantomFromCurrentState()':
/home/amd_clmc/team/workspace/src/catkin/robots/hermesCore/src/SL_user_task.cpp:389:69: warning: deprecated conversion from string constant to 'char*' [-Wwrite-strings]
/home/amd_clmc/team/workspace/src/catkin/robots/hermesCore/src/SL_user_task.cpp: In function 'void drawPhantomFromDesiredState()':
/home/amd_clmc/team/workspace/src/catkin/robots/hermesCore/src/SL_user_task.cpp:423:69: warning: deprecated conversion from string constant to 'char*' [-Wwrite-strings]
Linking CXX shared library /home/amd_clmc/team/workspace/devel/lib/libtesting_tests_athena.so
Linking CXX shared library /home/amd_clmc/team/workspace/devel/lib/libhermes_full_task.so
Linking C shared library /home/amd_clmc/team/workspace/devel/lib/libhermes_full_simulation.so
Linking CXX executable /home/amd_clmc/team/workspace/src/catkin/robots/hermesFull/x86_64/xmotor
Linking C executable /home/amd_clmc/team/workspace/src/catkin/robots/hermesFull/x86_64/xvision
[ 56%] Built target hermes_full_simulation
Linking C shared library /home/amd_clmc/team/workspace/devel/lib/libvisualization_tools_opengl_hermes_full.so
[ 56%] Built target testing_tests_athena
Scanning dependencies of target xsimulation_hermes_full
[ 56%] Building C object catkin/robots/hermesFullUser/CMakeFiles/xsimulation_hermes_full.dir/src/sim/initUserSimulation.c.o
[ 56%] Built target hermes_full_task
[ 56%] [ 56%] Built target xmotor_hermes_full
Built target xvision_hermes_full
Scanning dependencies of target install_machtype_xmotor_hermes_full
Scanning dependencies of target install_machtype_xvision_hermes_full
[ 56%] Built target visualization_tools_opengl_hermes_full
[ 56%] [ 56%] Generating /home/amd_clmc/team/workspace/src/catkin/robots/hermesFullUser/x86_64/xmotor
Generating /home/amd_clmc/team/workspace/src/catkin/robots/hermesFullUser/x86_64/xvision
Linking C executable /home/amd_clmc/team/workspace/src/catkin/robots/hermesFullUser/x86_64/xsimulation
[ 56%] [ 56%] Built target install_machtype_xmotor_hermes_full
Built target install_machtype_xvision_hermes_full
[ 56%] Built target xsimulation_hermes_full
Linking C shared library /home/amd_clmc/team/workspace/devel/lib/libhermes_full_openGL.so
[ 56%] Built target hermes_full_openGL
Scanning dependencies of target xopengl_hermes_full
[ 57%] Building C object catkin/robots/hermesFullUser/CMakeFiles/xopengl_hermes_full.dir/src/opengl/initUserGraphics.c.o
/home/amd_clmc/team/workspace/src/catkin/robots/hermesFullUser/src/opengl/initUserGraphics.c: In function 'initUserGraphics':
/home/amd_clmc/team/workspace/src/catkin/robots/hermesFullUser/src/opengl/initUserGraphics.c:71:3: warning: implicit declaration of function 'visualizationToolsInitializeUserGraphics' [-Wimplicit-function-declaration]
Linking C executable /home/amd_clmc/team/workspace/src/catkin/robots/hermesFullUser/x86_64/xopengl
[ 57%] Built target xopengl_hermes_full
Linking C executable /home/amd_clmc/team/workspace/src/catkin/robots/athena/x86_64/xpest
[ 57%] Built target xpest_athena
Linking C executable /home/amd_clmc/team/workspace/src/catkin/robots/hermesFull/x86_64/xpest
[ 57%] Built target xpest_hermes_full
Linking CXX executable /home/amd_clmc/team/workspace/devel/lib/robot_math/eiquadprog_tester_app
[ 57%] Built target eiquadprog_tester_app
Linking CXX shared library /home/amd_clmc/team/workspace/devel/lib/libfloating_base_tools_athena.so
[ 57%] Built target floating_base_tools_athena
Scanning dependencies of target floating_base_tools_sl_athena
[ 57%] [ 58%] [ 58%] [ 58%] [ 58%] Building CXX object catkin/humanoids/humanoid_control/floating_base_tools_sl/floating_base_tools_sl_athena/CMakeFiles/floating_base_tools_sl_athena.dir/src/floating_base_tools_sl/sensors_sl_athena.cpp.o
[ 59%] [ 59%] [ 59%] [ 59%] Building CXX object catkin/humanoids/humanoid_control/floating_base_tools_sl/floating_base_tools_sl_athena/CMakeFiles/floating_base_tools_sl_athena.dir/__/template/src/floating_base_tools_sl/kinematics_sl.cpp.o
Building CXX object catkin/humanoids/humanoid_control/floating_base_tools_sl/floating_base_tools_sl_athena/CMakeFiles/floating_base_tools_sl_athena.dir/__/template/src/floating_base_tools_sl/sl_eigen_converters.cpp.o
Building CXX object catkin/humanoids/humanoid_control/floating_base_tools_sl/floating_base_tools_sl_athena/CMakeFiles/floating_base_tools_sl_athena.dir/__/template/src/floating_base_tools_sl/robot_properties_sl.cpp.o
Building CXX object catkin/humanoids/humanoid_control/floating_base_tools_sl/floating_base_tools_sl_athena/CMakeFiles/floating_base_tools_sl_athena.dir/__/template/src/floating_base_tools_sl/robot_interface_sl.cpp.o
Building CXX object catkin/humanoids/humanoid_control/floating_base_tools_sl/floating_base_tools_sl_athena/CMakeFiles/floating_base_tools_sl_athena.dir/__/template/src/floating_base_tools_sl/recursive_newton_euler_sl.cpp.o
Building CXX object catkin/humanoids/humanoid_control/floating_base_tools_sl/floating_base_tools_sl_athena/CMakeFiles/floating_base_tools_sl_athena.dir/__/template/src/floating_base_tools_sl/sensors_sl.cpp.o
Building CXX object catkin/humanoids/humanoid_control/floating_base_tools_sl/floating_base_tools_sl_athena/CMakeFiles/floating_base_tools_sl_athena.dir/__/template/src/floating_base_tools_sl/robot_command_interface_sl.cpp.o
Building CXX object catkin/humanoids/humanoid_control/floating_base_tools_sl/floating_base_tools_sl_athena/CMakeFiles/floating_base_tools_sl_athena.dir/__/template/src/floating_base_tools_sl/composite_rigid_body_sl.cpp.o
/home/amd_clmc/team/workspace/src/catkin/humanoids/humanoid_control/floating_base_tools_sl/template/src/floating_base_tools_sl/robot_properties_sl.cpp: In constructor 'floating_base_tools::RobotPropertiesSl::RobotPropertiesSl()':
/home/amd_clmc/team/workspace/src/catkin/humanoids/humanoid_control/floating_base_tools_sl/template/src/floating_base_tools_sl/robot_properties_sl.cpp:11:26: warning: comparison between signed and unsigned integer expressions [-Wsign-compare]
/home/amd_clmc/team/workspace/src/catkin/humanoids/humanoid_control/floating_base_tools_sl/template/src/floating_base_tools_sl/robot_properties_sl.cpp:22:25: warning: comparison between signed and unsigned integer expressions [-Wsign-compare]
/home/amd_clmc/team/workspace/src/catkin/humanoids/humanoid_control/floating_base_tools_sl/template/src/floating_base_tools_sl/robot_command_interface_sl.cpp: In member function 'virtual void floating_base_tools::RobotCommandInterfaceSl::getDesiredFeedforwardTorque(Eigen::Matrix<double, 42, 1>&) const':
/home/amd_clmc/team/workspace/src/catkin/humanoids/humanoid_control/floating_base_tools_sl/template/src/floating_base_tools_sl/robot_command_interface_sl.cpp:25:25: warning: comparison between signed and unsigned integer expressions [-Wsign-compare]
/home/amd_clmc/team/workspace/src/catkin/humanoids/humanoid_control/floating_base_tools_sl/template/src/floating_base_tools_sl/robot_command_interface_sl.cpp: In member function 'virtual void floating_base_tools::RobotCommandInterfaceSl::getDesiredJointPositions(Eigen::Matrix<double, 42, 1>&) const':
/home/amd_clmc/team/workspace/src/catkin/humanoids/humanoid_control/floating_base_tools_sl/template/src/floating_base_tools_sl/robot_command_interface_sl.cpp:33:25: warning: comparison between signed and unsigned integer expressions [-Wsign-compare]
/home/amd_clmc/team/workspace/src/catkin/humanoids/humanoid_control/floating_base_tools_sl/template/src/floating_base_tools_sl/robot_command_interface_sl.cpp: In member function 'virtual void floating_base_tools::RobotCommandInterfaceSl::getDesiredJointVelocities(Eigen::Matrix<double, 42, 1>&) const':
/home/amd_clmc/team/workspace/src/catkin/humanoids/humanoid_control/floating_base_tools_sl/template/src/floating_base_tools_sl/robot_command_interface_sl.cpp:41:25: warning: comparison between signed and unsigned integer expressions [-Wsign-compare]
/home/amd_clmc/team/workspace/src/catkin/humanoids/humanoid_control/floating_base_tools_sl/template/src/floating_base_tools_sl/robot_command_interface_sl.cpp: In member function 'virtual void floating_base_tools::RobotCommandInterfaceSl::getDesiredJointAccelerations(Eigen::Matrix<double, 42, 1>&) const':
/home/amd_clmc/team/workspace/src/catkin/humanoids/humanoid_control/floating_base_tools_sl/template/src/floating_base_tools_sl/robot_command_interface_sl.cpp:49:25: warning: comparison between signed and unsigned integer expressions [-Wsign-compare]
/home/amd_clmc/team/workspace/src/catkin/humanoids/humanoid_control/floating_base_tools_sl/template/src/floating_base_tools_sl/robot_command_interface_sl.cpp: In member function 'virtual void floating_base_tools::RobotCommandInterfaceSl::setPureReferenceTorques(const Eigen::Matrix<double, 42, 1>&)':
/home/amd_clmc/team/workspace/src/catkin/humanoids/humanoid_control/floating_base_tools_sl/template/src/floating_base_tools_sl/robot_command_interface_sl.cpp:57:25: warning: comparison between signed and unsigned integer expressions [-Wsign-compare]
/home/amd_clmc/team/workspace/src/catkin/humanoids/humanoid_control/floating_base_tools_sl/template/src/floating_base_tools_sl/robot_command_interface_sl.cpp: In member function 'virtual void floating_base_tools::RobotCommandInterfaceSl::setReferenceTorquesAndPositions(const Eigen::Matrix<double, 42, 1>&, const Eigen::Matrix<double, 42, 1>&, const Eigen::Matrix<double, 42, 1>&)':
/home/amd_clmc/team/workspace/src/catkin/humanoids/humanoid_control/floating_base_tools_sl/template/src/floating_base_tools_sl/robot_command_interface_sl.cpp:69:25: warning: comparison between signed and unsigned integer expressions [-Wsign-compare]
/home/amd_clmc/team/workspace/src/catkin/humanoids/humanoid_control/floating_base_tools_sl/template/src/floating_base_tools_sl/robot_command_interface_sl.cpp: In member function 'virtual void floating_base_tools::RobotCommandInterfaceSl::setPIDGains(const Eigen::Matrix<double, 42, 1>&, const Eigen::Matrix<double, 42, 1>&, const Eigen::Matrix<double, 42, 1>&)':
/home/amd_clmc/team/workspace/src/catkin/humanoids/humanoid_control/floating_base_tools_sl/template/src/floating_base_tools_sl/robot_command_interface_sl.cpp:85:25: warning: comparison between signed and unsigned integer expressions [-Wsign-compare]
/home/amd_clmc/team/workspace/src/catkin/humanoids/humanoid_control/floating_base_tools_sl/template/src/floating_base_tools_sl/kinematics_sl.cpp: In constructor 'floating_base_tools::KinematicsSl::KinematicsSl(double, std::string)':
/home/amd_clmc/team/workspace/src/catkin/humanoids/humanoid_control/floating_base_tools_sl/template/src/floating_base_tools_sl/kinematics_sl.cpp:36:27: warning: comparison between signed and unsigned integer expressions [-Wsign-compare]
/home/amd_clmc/team/workspace/src/catkin/humanoids/humanoid_control/floating_base_tools_sl/template/src/floating_base_tools_sl/kinematics_sl.cpp:39:27: warning: comparison between signed and unsigned integer expressions [-Wsign-compare]
/home/amd_clmc/team/workspace/src/catkin/humanoids/humanoid_control/floating_base_tools_sl/template/src/floating_base_tools_sl/kinematics_sl.cpp: In copy constructor 'floating_base_tools::KinematicsSl::KinematicsSl(const floating_base_tools::KinematicsSl&)':
/home/amd_clmc/team/workspace/src/catkin/humanoids/humanoid_control/floating_base_tools_sl/template/src/floating_base_tools_sl/kinematics_sl.cpp:53:26: warning: comparison between signed and unsigned integer expressions [-Wsign-compare]
/home/amd_clmc/team/workspace/src/catkin/humanoids/humanoid_control/floating_base_tools_sl/template/src/floating_base_tools_sl/kinematics_sl.cpp:66:27: warning: comparison between signed and unsigned integer expressions [-Wsign-compare]
/home/amd_clmc/team/workspace/src/catkin/humanoids/humanoid_control/floating_base_tools_sl/template/src/floating_base_tools_sl/kinematics_sl.cpp:81:26: warning: comparison between signed and unsigned integer expressions [-Wsign-compare]
/home/amd_clmc/team/workspace/src/catkin/humanoids/humanoid_control/floating_base_tools_sl/template/src/floating_base_tools_sl/kinematics_sl.cpp: In destructor 'virtual floating_base_tools::KinematicsSl::~KinematicsSl()':
/home/amd_clmc/team/workspace/src/catkin/humanoids/humanoid_control/floating_base_tools_sl/template/src/floating_base_tools_sl/kinematics_sl.cpp:92:27: warning: comparison between signed and unsigned integer expressions [-Wsign-compare]
/home/amd_clmc/team/workspace/src/catkin/humanoids/humanoid_control/floating_base_tools_sl/template/src/floating_base_tools_sl/kinematics_sl.cpp:94:27: warning: comparison between signed and unsigned integer expressions [-Wsign-compare]
/home/amd_clmc/team/workspace/src/catkin/humanoids/humanoid_control/floating_base_tools_sl/template/src/floating_base_tools_sl/kinematics_sl.cpp: In member function 'virtual void floating_base_tools::KinematicsSl::initialize(const floating_base_tools::RobotPosture&, const floating_base_tools::RobotVelocity&, const floating_base_tools::RobotAcceleration&, const ContactActivation (&)[4])':
/home/amd_clmc/team/workspace/src/catkin/humanoids/humanoid_control/floating_base_tools_sl/template/src/floating_base_tools_sl/kinematics_sl.cpp:117:30: warning: comparison between signed and unsigned integer expressions [-Wsign-compare]
/home/amd_clmc/team/workspace/src/catkin/humanoids/humanoid_control/floating_base_tools_sl/template/src/floating_base_tools_sl/kinematics_sl.cpp: In member function 'void floating_base_tools::KinematicsSl::initialize()':
/home/amd_clmc/team/workspace/src/catkin/humanoids/humanoid_control/floating_base_tools_sl/template/src/floating_base_tools_sl/kinematics_sl.cpp:140:31: warning: comparison between signed and unsigned integer expressions [-Wsign-compare]
/home/amd_clmc/team/workspace/src/catkin/humanoids/humanoid_control/floating_base_tools_sl/template/src/floating_base_tools_sl/kinematics_sl.cpp:143:26: warning: comparison between signed and unsigned integer expressions [-Wsign-compare]
/home/amd_clmc/team/workspace/src/catkin/humanoids/humanoid_control/floating_base_tools_sl/template/src/floating_base_tools_sl/composite_rigid_body_sl.cpp: In member function 'virtual void floating_base_tools::CompositeRigidBodySl::update(const floating_base_tools::RobotPosture&, const floating_base_tools::RobotVelocity&)':
/home/amd_clmc/team/workspace/src/catkin/humanoids/humanoid_control/floating_base_tools_sl/template/src/floating_base_tools_sl/composite_rigid_body_sl.cpp:32:3: warning: comparison between signed and unsigned integer expressions [-Wsign-compare]
/home/amd_clmc/team/workspace/src/catkin/humanoids/humanoid_control/floating_base_tools_sl/template/src/floating_base_tools_sl/composite_rigid_body_sl.cpp:36:41: warning: comparison between signed and unsigned integer expressions [-Wsign-compare]
/home/amd_clmc/team/workspace/src/catkin/humanoids/humanoid_control/floating_base_tools_sl/template/src/floating_base_tools_sl/composite_rigid_body_sl.cpp:42:36: warning: comparison between signed and unsigned integer expressions [-Wsign-compare]
/home/amd_clmc/team/workspace/src/catkin/humanoids/humanoid_control/floating_base_tools_sl/template/src/floating_base_tools_sl/composite_rigid_body_sl.cpp:55:31: warning: comparison between signed and unsigned integer expressions [-Wsign-compare]
/home/amd_clmc/team/workspace/src/catkin/humanoids/humanoid_control/floating_base_tools_sl/template/src/floating_base_tools_sl/kinematics_sl.cpp: In member function 'virtual void floating_base_tools::KinematicsSl::compute_link_jacobian(int)':
/home/amd_clmc/team/workspace/src/catkin/humanoids/humanoid_control/floating_base_tools_sl/template/src/floating_base_tools_sl/kinematics_sl.cpp:226:28: warning: comparison between signed and unsigned integer expressions [-Wsign-compare]
/home/amd_clmc/team/workspace/src/catkin/humanoids/humanoid_control/floating_base_tools_sl/template/src/floating_base_tools_sl/kinematics_sl.cpp: In member function 'void floating_base_tools::KinematicsSl::update(SL_Jstate*, SL_Cstate&, SL_quat&, const SL_endeff*)':
/home/amd_clmc/team/workspace/src/catkin/humanoids/humanoid_control/floating_base_tools_sl/template/src/floating_base_tools_sl/kinematics_sl.cpp:317:25: warning: comparison between signed and unsigned integer expressions [-Wsign-compare]
/home/amd_clmc/team/workspace/src/catkin/humanoids/humanoid_control/floating_base_tools_sl/template/src/floating_base_tools_sl/kinematics_sl.cpp: In member function 'virtual void floating_base_tools::KinematicsSl::update(const floating_base_tools::RobotPosture&, const floating_base_tools::RobotVelocity&, const floating_base_tools::RobotAcceleration&, const floating_base_tools::ContactDescritpion (&)[4])':
/home/amd_clmc/team/workspace/src/catkin/humanoids/humanoid_control/floating_base_tools_sl/template/src/floating_base_tools_sl/kinematics_sl.cpp:363:25: warning: comparison between signed and unsigned integer expressions [-Wsign-compare]
/home/amd_clmc/team/workspace/src/catkin/humanoids/humanoid_control/floating_base_tools_sl/template/src/floating_base_tools_sl/kinematics_sl.cpp:366:25: warning: comparison between signed and unsigned integer expressions [-Wsign-compare]
/home/amd_clmc/team/workspace/src/catkin/humanoids/humanoid_control/floating_base_tools_sl/template/src/floating_base_tools_sl/recursive_newton_euler_sl.cpp: In member function 'virtual void floating_base_tools::RecursiveNewtonEulerSl::InverseDynamicsBase(const floating_base_tools::RobotPosture&, const floating_base_tools::RobotVelocity&, const floating_base_tools::ContactDescritpion (&)[4], const floating_base_tools::RobotAcceleration&, Eigen::Matrix<double, 48, 1>&)':
/home/amd_clmc/team/workspace/src/catkin/humanoids/humanoid_control/floating_base_tools_sl/template/src/floating_base_tools_sl/recursive_newton_euler_sl.cpp:33:25: warning: comparison between signed and unsigned integer expressions [-Wsign-compare]
/home/amd_clmc/team/workspace/src/catkin/humanoids/humanoid_control/floating_base_tools_sl/template/src/floating_base_tools_sl/recursive_newton_euler_sl.cpp:44:31: warning: comparison between signed and unsigned integer expressions [-Wsign-compare]
/home/amd_clmc/team/workspace/src/catkin/humanoids/humanoid_control/floating_base_tools_sl/template/src/floating_base_tools_sl/recursive_newton_euler_sl.cpp:52:25: warning: comparison between signed and unsigned integer expressions [-Wsign-compare]
/home/amd_clmc/team/workspace/src/catkin/humanoids/humanoid_control/floating_base_tools_sl/template/src/floating_base_tools_sl/recursive_newton_euler_sl.cpp: In member function 'virtual void floating_base_tools::RecursiveNewtonEulerSl::getLocalContributions(const Eigen::Matrix<double, 42, 1>&, const Eigen::Matrix<double, 42, 1>&, Eigen::Matrix<double, 42, 1>&)':
/home/amd_clmc/team/workspace/src/catkin/humanoids/humanoid_control/floating_base_tools_sl/template/src/floating_base_tools_sl/recursive_newton_euler_sl.cpp:64:25: warning: comparison between signed and unsigned integer expressions [-Wsign-compare]
/home/amd_clmc/team/workspace/src/catkin/humanoids/humanoid_control/floating_base_tools_sl/floating_base_tools_sl_athena/src/floating_base_tools_sl/sensors_sl_athena.cpp: In constructor 'floating_base_tools::FtSensorSl::FtSensorSl(int)':
/home/amd_clmc/team/workspace/src/catkin/humanoids/humanoid_control/floating_base_tools_sl/floating_base_tools_sl_athena/src/floating_base_tools_sl/sensors_sl_athena.cpp:15:23: warning: comparison between signed and unsigned integer expressions [-Wsign-compare]
/home/amd_clmc/team/workspace/src/catkin/humanoids/humanoid_control/floating_base_tools_sl/floating_base_tools_sl_athena/src/floating_base_tools_sl/sensors_sl_athena.cpp:24:29: warning: comparison between signed and unsigned integer expressions [-Wsign-compare]
/home/amd_clmc/team/workspace/src/catkin/humanoids/humanoid_control/floating_base_tools_sl/floating_base_tools_sl_athena/src/floating_base_tools_sl/sensors_sl_athena.cpp:33:29: warning: comparison between signed and unsigned integer expressions [-Wsign-compare]
/home/amd_clmc/team/workspace/src/catkin/humanoids/humanoid_control/floating_base_tools_sl/floating_base_tools_sl_athena/src/floating_base_tools_sl/sensors_sl_athena.cpp:37:29: warning: comparison between signed and unsigned integer expressions [-Wsign-compare]
/home/amd_clmc/team/workspace/src/catkin/humanoids/humanoid_control/floating_base_tools_sl/floating_base_tools_sl_athena/src/floating_base_tools_sl/sensors_sl_athena.cpp:46:43: warning: comparison between signed and unsigned integer expressions [-Wsign-compare]
/home/amd_clmc/team/workspace/src/catkin/humanoids/humanoid_control/floating_base_tools_sl/floating_base_tools_sl_athena/src/floating_base_tools_sl/sensors_sl_athena.cpp:46:78: warning: comparison between signed and unsigned integer expressions [-Wsign-compare]
/home/amd_clmc/team/workspace/src/catkin/humanoids/humanoid_control/floating_base_tools_sl/template/src/floating_base_tools_sl/sensors_sl.cpp: In member function 'virtual void floating_base_tools::JointPositionSensorsSL::acquire()':
/home/amd_clmc/team/workspace/src/catkin/humanoids/humanoid_control/floating_base_tools_sl/template/src/floating_base_tools_sl/sensors_sl.cpp:15:27: warning: comparison between signed and unsigned integer expressions [-Wsign-compare]
/home/amd_clmc/team/workspace/src/catkin/humanoids/humanoid_control/floating_base_tools_sl/template/src/floating_base_tools_sl/sensors_sl.cpp:21:27: warning: comparison between signed and unsigned integer expressions [-Wsign-compare]
/home/amd_clmc/team/workspace/src/catkin/humanoids/humanoid_control/floating_base_tools_sl/template/src/floating_base_tools_sl/sensors_sl.cpp: In member function 'virtual void floating_base_tools::JointTorqueSensorsSL::acquire()':
/home/amd_clmc/team/workspace/src/catkin/humanoids/humanoid_control/floating_base_tools_sl/template/src/floating_base_tools_sl/sensors_sl.cpp:33:27: warning: comparison between signed and unsigned integer expressions [-Wsign-compare]
/home/amd_clmc/team/workspace/src/catkin/humanoids/humanoid_control/floating_base_tools_sl/template/src/floating_base_tools_sl/sensors_sl.cpp:38:27: warning: comparison between signed and unsigned integer expressions [-Wsign-compare]
Linking CXX shared library /home/amd_clmc/team/workspace/devel/lib/libfloating_base_tools_sl_athena.so
[ 59%] Built target floating_base_tools_sl_athena
Scanning dependencies of target noise_simulator_athena
Scanning dependencies of target visualization_tools_task_athena
[ 59%] Building CXX object catkin/humanoids/humanoid_control/filtering_tools/noise_simulator/noise_simulator_athena/CMakeFiles/noise_simulator_athena.dir/__/template/src/NoiseSimulator.cpp.o
[ 60%] [ 60%] [ 60%] Building CXX object catkin/humanoids/humanoid_control/visualization_tools/visualization_tools_athena/CMakeFiles/visualization_tools_task_athena.dir/__/template/src/visualization_tools/DisplayKinematics.cpp.o
Building CXX object catkin/humanoids/humanoid_control/visualization_tools/visualization_tools_athena/CMakeFiles/visualization_tools_task_athena.dir/__/template/src/visualization_tools/DrawFrame.cpp.o
Building CXX object catkin/humanoids/humanoid_control/visualization_tools/visualization_tools_athena/CMakeFiles/visualization_tools_task_athena.dir/__/template/src/visualization_tools/DrawPhantom.cpp.o
Scanning dependencies of target biped_locomotion_athena
[ 60%] [ 60%] [ 60%] Building C object catkin/humanoids/humanoid_control/biped_locomotion/biped_locomotion_athena/CMakeFiles/biped_locomotion_athena.dir/__/template/src/biped_locomotion/initUserTasks_bipedLocomotion.c.o
[ 60%] [ 61%] [ 61%] Building CXX object catkin/humanoids/humanoid_control/biped_locomotion/biped_locomotion_athena/CMakeFiles/biped_locomotion_athena.dir/__/template/src/biped_locomotion/HInvDynExample.cpp.o
[ 61%] [ 61%] [ 61%] Building CXX object catkin/humanoids/humanoid_control/biped_locomotion/biped_locomotion_athena/CMakeFiles/biped_locomotion_athena.dir/__/template/src/biped_locomotion/HInvDynExample_task.cpp.o
[ 61%] Building CXX object catkin/humanoids/humanoid_control/biped_locomotion/biped_locomotion_athena/CMakeFiles/biped_locomotion_athena.dir/__/template/src/biped_locomotion/contact_helper_hermes_lower.cpp.o
Building CXX object catkin/humanoids/humanoid_control/biped_locomotion/biped_locomotion_athena/CMakeFiles/biped_locomotion_athena.dir/__/template/src/biped_locomotion/torque_sine_task.cpp.o
Building CXX object catkin/humanoids/humanoid_control/biped_locomotion/biped_locomotion_athena/CMakeFiles/biped_locomotion_athena.dir/__/template/src/biped_locomotion/joint_calibration_task.cpp.o
Building CXX object catkin/humanoids/humanoid_control/biped_locomotion/biped_locomotion_athena/CMakeFiles/biped_locomotion_athena.dir/__/template/src/biped_locomotion/MinJerkGenerator.cpp.o
Building CXX object catkin/humanoids/humanoid_control/biped_locomotion/biped_locomotion_athena/CMakeFiles/biped_locomotion_athena.dir/__/template/src/biped_locomotion/fb_sine_task.cpp.o
Building CXX object catkin/humanoids/humanoid_control/biped_locomotion/biped_locomotion_athena/CMakeFiles/biped_locomotion_athena.dir/__/template/src/biped_locomotion/gravity_compensation_task.cpp.o
Building CXX object catkin/humanoids/humanoid_control/biped_locomotion/biped_locomotion_athena/CMakeFiles/biped_locomotion_athena.dir/__/template/src/biped_locomotion/WaypointGenerator.cpp.o
/home/amd_clmc/team/workspace/src/catkin/humanoids/humanoid_control/biped_locomotion/template/src/biped_locomotion/torque_sine_task.cpp: In function 'int init_torque_sine_task()':
/home/amd_clmc/team/workspace/src/catkin/humanoids/humanoid_control/biped_locomotion/template/src/biped_locomotion/torque_sine_task.cpp:75:103: warning: format '%s' expects argument of type 'char*', but argument 4 has type 'double' [-Wformat]
/home/amd_clmc/team/workspace/src/catkin/humanoids/humanoid_control/visualization_tools/template/src/visualization_tools/DrawFrame.cpp: In function 'void visualization_tools::drawFrame(const Matrix4d&, const string&, double, double)':
/home/amd_clmc/team/workspace/src/catkin/humanoids/humanoid_control/visualization_tools/template/src/visualization_tools/DrawFrame.cpp:29:76: warning: deprecated conversion from string constant to 'char*' [-Wwrite-strings]
/home/amd_clmc/team/workspace/src/catkin/humanoids/humanoid_control/visualization_tools/template/src/visualization_tools/DrawPhantom.cpp: In function 'void visualization_tools::drawPhantom(floating_base_tools::RobotPosture)':
/home/amd_clmc/team/workspace/src/catkin/humanoids/humanoid_control/visualization_tools/template/src/visualization_tools/DrawPhantom.cpp:21:88: warning: deprecated conversion from string constant to 'char*' [-Wwrite-strings]
/home/amd_clmc/team/workspace/src/catkin/humanoids/humanoid_control/visualization_tools/template/src/visualization_tools/DisplayKinematics.cpp: In function 'void visualization_tools::displayRobotPosture(floating_base_tools::RobotPosture, int)':
/home/amd_clmc/team/workspace/src/catkin/humanoids/humanoid_control/visualization_tools/template/src/visualization_tools/DisplayKinematics.cpp:25:96: warning: deprecated conversion from string constant to 'char*' [-Wwrite-strings]
Linking CXX shared library /home/amd_clmc/team/workspace/devel/lib/libvisualization_tools_task_athena.so
[ 61%] Built target visualization_tools_task_athena
Linking CXX shared library /home/amd_clmc/team/workspace/devel/lib/libfloating_base_tools_hermes_lower.so
Linking CXX shared library /home/amd_clmc/team/workspace/devel/lib/libfloating_base_tools_hermes_full.so
[ 61%] Built target floating_base_tools_hermes_lower
[ 61%] Built target floating_base_tools_hermes_full
Scanning dependencies of target floating_base_tools_sl_hermes_lower
[ 61%] [ 61%] [ 61%] [ 61%] [ 61%] [ 62%] [ 62%] Building CXX object catkin/humanoids/humanoid_control/floating_base_tools_sl/floating_base_tools_sl_hermes_lower/CMakeFiles/floating_base_tools_sl_hermes_lower.dir/__/template/src/floating_base_tools_sl/robot_interface_sl.cpp.o
Building CXX object catkin/humanoids/humanoid_control/floating_base_tools_sl/floating_base_tools_sl_hermes_lower/CMakeFiles/floating_base_tools_sl_hermes_lower.dir/__/template/src/floating_base_tools_sl/composite_rigid_body_sl.cpp.o
Building CXX object catkin/humanoids/humanoid_control/floating_base_tools_sl/floating_base_tools_sl_hermes_lower/CMakeFiles/floating_base_tools_sl_hermes_lower.dir/src/floating_base_tools_sl/sensors_sl_hermes_lower.cpp.o
Building CXX object catkin/humanoids/humanoid_control/floating_base_tools_sl/floating_base_tools_sl_hermes_lower/CMakeFiles/floating_base_tools_sl_hermes_lower.dir/__/template/src/floating_base_tools_sl/sl_eigen_converters.cpp.o
Building CXX object catkin/humanoids/humanoid_control/floating_base_tools_sl/floating_base_tools_sl_hermes_lower/CMakeFiles/floating_base_tools_sl_hermes_lower.dir/__/template/src/floating_base_tools_sl/kinematics_sl.cpp.o
[ 62%] Building CXX object catkin/humanoids/humanoid_control/floating_base_tools_sl/floating_base_tools_sl_hermes_lower/CMakeFiles/floating_base_tools_sl_hermes_lower.dir/__/template/src/floating_base_tools_sl/robot_properties_sl.cpp.o
[ 62%] Building CXX object catkin/humanoids/humanoid_control/floating_base_tools_sl/floating_base_tools_sl_hermes_lower/CMakeFiles/floating_base_tools_sl_hermes_lower.dir/__/template/src/floating_base_tools_sl/recursive_newton_euler_sl.cpp.o
Building CXX object catkin/humanoids/humanoid_control/floating_base_tools_sl/floating_base_tools_sl_hermes_lower/CMakeFiles/floating_base_tools_sl_hermes_lower.dir/__/template/src/floating_base_tools_sl/robot_command_interface_sl.cpp.o
Building CXX object catkin/humanoids/humanoid_control/floating_base_tools_sl/floating_base_tools_sl_hermes_lower/CMakeFiles/floating_base_tools_sl_hermes_lower.dir/__/template/src/floating_base_tools_sl/sensors_sl.cpp.o
Scanning dependencies of target floating_base_tools_sl_hermes_full
[ 62%] [ 62%] [ 62%] [ 62%] [ 62%] [ 63%] [ 63%] [ 63%] [ 64%] Building CXX object catkin/humanoids/humanoid_control/floating_base_tools_sl/floating_base_tools_sl_hermes_full/CMakeFiles/floating_base_tools_sl_hermes_full.dir/__/template/src/floating_base_tools_sl/sl_eigen_converters.cpp.o
Building CXX object catkin/humanoids/humanoid_control/floating_base_tools_sl/floating_base_tools_sl_hermes_full/CMakeFiles/floating_base_tools_sl_hermes_full.dir/__/template/src/floating_base_tools_sl/kinematics_sl.cpp.o
Building CXX object catkin/humanoids/humanoid_control/floating_base_tools_sl/floating_base_tools_sl_hermes_full/CMakeFiles/floating_base_tools_sl_hermes_full.dir/src/floating_base_tools_sl/sensors_sl_hermes_full.cpp.o
Building CXX object catkin/humanoids/humanoid_control/floating_base_tools_sl/floating_base_tools_sl_hermes_full/CMakeFiles/floating_base_tools_sl_hermes_full.dir/__/template/src/floating_base_tools_sl/robot_interface_sl.cpp.o
Building CXX object catkin/humanoids/humanoid_control/floating_base_tools_sl/floating_base_tools_sl_hermes_full/CMakeFiles/floating_base_tools_sl_hermes_full.dir/__/template/src/floating_base_tools_sl/robot_properties_sl.cpp.o
Building CXX object catkin/humanoids/humanoid_control/floating_base_tools_sl/floating_base_tools_sl_hermes_full/CMakeFiles/floating_base_tools_sl_hermes_full.dir/__/template/src/floating_base_tools_sl/composite_rigid_body_sl.cpp.o
Building CXX object catkin/humanoids/humanoid_control/floating_base_tools_sl/floating_base_tools_sl_hermes_full/CMakeFiles/floating_base_tools_sl_hermes_full.dir/__/template/src/floating_base_tools_sl/robot_command_interface_sl.cpp.o
Building CXX object catkin/humanoids/humanoid_control/floating_base_tools_sl/floating_base_tools_sl_hermes_full/CMakeFiles/floating_base_tools_sl_hermes_full.dir/__/template/src/floating_base_tools_sl/sensors_sl.cpp.o
Building CXX object catkin/humanoids/humanoid_control/floating_base_tools_sl/floating_base_tools_sl_hermes_full/CMakeFiles/floating_base_tools_sl_hermes_full.dir/__/template/src/floating_base_tools_sl/recursive_newton_euler_sl.cpp.o
/home/amd_clmc/team/workspace/src/catkin/humanoids/humanoid_control/floating_base_tools_sl/template/src/floating_base_tools_sl/robot_properties_sl.cpp: In constructor 'floating_base_tools::RobotPropertiesSl::RobotPropertiesSl()':
/home/amd_clmc/team/workspace/src/catkin/humanoids/humanoid_control/floating_base_tools_sl/template/src/floating_base_tools_sl/robot_properties_sl.cpp:11:26: warning: comparison between signed and unsigned integer expressions [-Wsign-compare]
/home/amd_clmc/team/workspace/src/catkin/humanoids/humanoid_control/floating_base_tools_sl/template/src/floating_base_tools_sl/robot_properties_sl.cpp:22:25: warning: comparison between signed and unsigned integer expressions [-Wsign-compare]
/home/amd_clmc/team/workspace/src/catkin/humanoids/humanoid_control/floating_base_tools_sl/template/src/floating_base_tools_sl/robot_command_interface_sl.cpp: In member function 'virtual void floating_base_tools::RobotCommandInterfaceSl::getDesiredFeedforwardTorque(Eigen::Matrix<double, 17, 1>&) const':
/home/amd_clmc/team/workspace/src/catkin/humanoids/humanoid_control/floating_base_tools_sl/template/src/floating_base_tools_sl/robot_command_interface_sl.cpp:25:25: warning: comparison between signed and unsigned integer expressions [-Wsign-compare]
/home/amd_clmc/team/workspace/src/catkin/humanoids/humanoid_control/floating_base_tools_sl/template/src/floating_base_tools_sl/robot_command_interface_sl.cpp: In member function 'virtual void floating_base_tools::RobotCommandInterfaceSl::getDesiredJointPositions(Eigen::Matrix<double, 17, 1>&) const':
/home/amd_clmc/team/workspace/src/catkin/humanoids/humanoid_control/floating_base_tools_sl/template/src/floating_base_tools_sl/robot_command_interface_sl.cpp:33:25: warning: comparison between signed and unsigned integer expressions [-Wsign-compare]
/home/amd_clmc/team/workspace/src/catkin/humanoids/humanoid_control/floating_base_tools_sl/template/src/floating_base_tools_sl/robot_command_interface_sl.cpp: In member function 'virtual void floating_base_tools::RobotCommandInterfaceSl::getDesiredJointVelocities(Eigen::Matrix<double, 17, 1>&) const':
/home/amd_clmc/team/workspace/src/catkin/humanoids/humanoid_control/floating_base_tools_sl/template/src/floating_base_tools_sl/robot_command_interface_sl.cpp:41:25: warning: comparison between signed and unsigned integer expressions [-Wsign-compare]
/home/amd_clmc/team/workspace/src/catkin/humanoids/humanoid_control/floating_base_tools_sl/template/src/floating_base_tools_sl/robot_command_interface_sl.cpp: In member function 'virtual void floating_base_tools::RobotCommandInterfaceSl::getDesiredJointAccelerations(Eigen::Matrix<double, 17, 1>&) const':
/home/amd_clmc/team/workspace/src/catkin/humanoids/humanoid_control/floating_base_tools_sl/template/src/floating_base_tools_sl/robot_command_interface_sl.cpp:49:25: warning: comparison between signed and unsigned integer expressions [-Wsign-compare]
/home/amd_clmc/team/workspace/src/catkin/humanoids/humanoid_control/floating_base_tools_sl/template/src/floating_base_tools_sl/robot_command_interface_sl.cpp: In member function 'virtual void floating_base_tools::RobotCommandInterfaceSl::setPureReferenceTorques(const Eigen::Matrix<double, 17, 1>&)':
/home/amd_clmc/team/workspace/src/catkin/humanoids/humanoid_control/floating_base_tools_sl/template/src/floating_base_tools_sl/robot_command_interface_sl.cpp:57:25: warning: comparison between signed and unsigned integer expressions [-Wsign-compare]
/home/amd_clmc/team/workspace/src/catkin/humanoids/humanoid_control/floating_base_tools_sl/template/src/floating_base_tools_sl/robot_command_interface_sl.cpp: In member function 'virtual void floating_base_tools::RobotCommandInterfaceSl::setReferenceTorquesAndPositions(const Eigen::Matrix<double, 17, 1>&, const Eigen::Matrix<double, 17, 1>&, const Eigen::Matrix<double, 17, 1>&)':
/home/amd_clmc/team/workspace/src/catkin/humanoids/humanoid_control/floating_base_tools_sl/template/src/floating_base_tools_sl/robot_command_interface_sl.cpp:69:25: warning: comparison between signed and unsigned integer expressions [-Wsign-compare]
/home/amd_clmc/team/workspace/src/catkin/humanoids/humanoid_control/floating_base_tools_sl/template/src/floating_base_tools_sl/robot_command_interface_sl.cpp: In member function 'virtual void floating_base_tools::RobotCommandInterfaceSl::setPIDGains(const Eigen::Matrix<double, 17, 1>&, const Eigen::Matrix<double, 17, 1>&, const Eigen::Matrix<double, 17, 1>&)':
/home/amd_clmc/team/workspace/src/catkin/humanoids/humanoid_control/floating_base_tools_sl/template/src/floating_base_tools_sl/robot_command_interface_sl.cpp:85:25: warning: comparison between signed and unsigned integer expressions [-Wsign-compare]
/home/amd_clmc/team/workspace/src/catkin/humanoids/humanoid_control/floating_base_tools_sl/template/src/floating_base_tools_sl/robot_properties_sl.cpp: In constructor 'floating_base_tools::RobotPropertiesSl::RobotPropertiesSl()':
/home/amd_clmc/team/workspace/src/catkin/humanoids/humanoid_control/floating_base_tools_sl/template/src/floating_base_tools_sl/robot_properties_sl.cpp:11:26: warning: comparison between signed and unsigned integer expressions [-Wsign-compare]
/home/amd_clmc/team/workspace/src/catkin/humanoids/humanoid_control/floating_base_tools_sl/template/src/floating_base_tools_sl/robot_properties_sl.cpp:22:25: warning: comparison between signed and unsigned integer expressions [-Wsign-compare]
/home/amd_clmc/team/workspace/src/catkin/humanoids/humanoid_control/floating_base_tools_sl/template/src/floating_base_tools_sl/robot_command_interface_sl.cpp: In member function 'virtual void floating_base_tools::RobotCommandInterfaceSl::getDesiredFeedforwardTorque(Eigen::Matrix<double, 50, 1>&) const':
/home/amd_clmc/team/workspace/src/catkin/humanoids/humanoid_control/floating_base_tools_sl/template/src/floating_base_tools_sl/robot_command_interface_sl.cpp:25:25: warning: comparison between signed and unsigned integer expressions [-Wsign-compare]
/home/amd_clmc/team/workspace/src/catkin/humanoids/humanoid_control/floating_base_tools_sl/template/src/floating_base_tools_sl/robot_command_interface_sl.cpp: In member function 'virtual void floating_base_tools::RobotCommandInterfaceSl::getDesiredJointPositions(Eigen::Matrix<double, 50, 1>&) const':
/home/amd_clmc/team/workspace/src/catkin/humanoids/humanoid_control/floating_base_tools_sl/template/src/floating_base_tools_sl/robot_command_interface_sl.cpp:33:25: warning: comparison between signed and unsigned integer expressions [-Wsign-compare]
/home/amd_clmc/team/workspace/src/catkin/humanoids/humanoid_control/floating_base_tools_sl/template/src/floating_base_tools_sl/robot_command_interface_sl.cpp: In member function 'virtual void floating_base_tools::RobotCommandInterfaceSl::getDesiredJointVelocities(Eigen::Matrix<double, 50, 1>&) const':
/home/amd_clmc/team/workspace/src/catkin/humanoids/humanoid_control/floating_base_tools_sl/template/src/floating_base_tools_sl/robot_command_interface_sl.cpp:41:25: warning: comparison between signed and unsigned integer expressions [-Wsign-compare]
/home/amd_clmc/team/workspace/src/catkin/humanoids/humanoid_control/floating_base_tools_sl/template/src/floating_base_tools_sl/robot_command_interface_sl.cpp: In member function 'virtual void floating_base_tools::RobotCommandInterfaceSl::getDesiredJointAccelerations(Eigen::Matrix<double, 50, 1>&) const':
/home/amd_clmc/team/workspace/src/catkin/humanoids/humanoid_control/floating_base_tools_sl/template/src/floating_base_tools_sl/robot_command_interface_sl.cpp:49:25: warning: comparison between signed and unsigned integer expressions [-Wsign-compare]
/home/amd_clmc/team/workspace/src/catkin/humanoids/humanoid_control/floating_base_tools_sl/template/src/floating_base_tools_sl/robot_command_interface_sl.cpp: In member function 'virtual void floating_base_tools::RobotCommandInterfaceSl::setPureReferenceTorques(const Eigen::Matrix<double, 50, 1>&)':
/home/amd_clmc/team/workspace/src/catkin/humanoids/humanoid_control/floating_base_tools_sl/template/src/floating_base_tools_sl/robot_command_interface_sl.cpp:57:25: warning: comparison between signed and unsigned integer expressions [-Wsign-compare]
/home/amd_clmc/team/workspace/src/catkin/humanoids/humanoid_control/floating_base_tools_sl/template/src/floating_base_tools_sl/robot_command_interface_sl.cpp: In member function 'virtual void floating_base_tools::RobotCommandInterfaceSl::setReferenceTorquesAndPositions(const Eigen::Matrix<double, 50, 1>&, const Eigen::Matrix<double, 50, 1>&, const Eigen::Matrix<double, 50, 1>&)':
/home/amd_clmc/team/workspace/src/catkin/humanoids/humanoid_control/floating_base_tools_sl/template/src/floating_base_tools_sl/robot_command_interface_sl.cpp:69:25: warning: comparison between signed and unsigned integer expressions [-Wsign-compare]
/home/amd_clmc/team/workspace/src/catkin/humanoids/humanoid_control/floating_base_tools_sl/template/src/floating_base_tools_sl/robot_command_interface_sl.cpp: In member function 'virtual void floating_base_tools::RobotCommandInterfaceSl::setPIDGains(const Eigen::Matrix<double, 50, 1>&, const Eigen::Matrix<double, 50, 1>&, const Eigen::Matrix<double, 50, 1>&)':
/home/amd_clmc/team/workspace/src/catkin/humanoids/humanoid_control/floating_base_tools_sl/template/src/floating_base_tools_sl/robot_command_interface_sl.cpp:85:25: warning: comparison between signed and unsigned integer expressions [-Wsign-compare]
/home/amd_clmc/team/workspace/src/catkin/humanoids/humanoid_control/floating_base_tools_sl/template/src/floating_base_tools_sl/composite_rigid_body_sl.cpp: In member function 'virtual void floating_base_tools::CompositeRigidBodySl::update(const floating_base_tools::RobotPosture&, const floating_base_tools::RobotVelocity&)':
/home/amd_clmc/team/workspace/src/catkin/humanoids/humanoid_control/floating_base_tools_sl/template/src/floating_base_tools_sl/composite_rigid_body_sl.cpp:32:3: warning: comparison between signed and unsigned integer expressions [-Wsign-compare]
/home/amd_clmc/team/workspace/src/catkin/humanoids/humanoid_control/floating_base_tools_sl/template/src/floating_base_tools_sl/composite_rigid_body_sl.cpp:36:41: warning: comparison between signed and unsigned integer expressions [-Wsign-compare]
/home/amd_clmc/team/workspace/src/catkin/humanoids/humanoid_control/floating_base_tools_sl/template/src/floating_base_tools_sl/composite_rigid_body_sl.cpp:42:36: warning: comparison between signed and unsigned integer expressions [-Wsign-compare]
/home/amd_clmc/team/workspace/src/catkin/humanoids/humanoid_control/floating_base_tools_sl/template/src/floating_base_tools_sl/composite_rigid_body_sl.cpp:55:31: warning: comparison between signed and unsigned integer expressions [-Wsign-compare]
/home/amd_clmc/team/workspace/src/catkin/humanoids/humanoid_control/floating_base_tools_sl/template/src/floating_base_tools_sl/kinematics_sl.cpp: In constructor 'floating_base_tools::KinematicsSl::KinematicsSl(double, std::string)':
/home/amd_clmc/team/workspace/src/catkin/humanoids/humanoid_control/floating_base_tools_sl/template/src/floating_base_tools_sl/kinematics_sl.cpp:36:27: warning: comparison between signed and unsigned integer expressions [-Wsign-compare]
/home/amd_clmc/team/workspace/src/catkin/humanoids/humanoid_control/floating_base_tools_sl/template/src/floating_base_tools_sl/kinematics_sl.cpp:39:27: warning: comparison between signed and unsigned integer expressions [-Wsign-compare]
/home/amd_clmc/team/workspace/src/catkin/humanoids/humanoid_control/floating_base_tools_sl/template/src/floating_base_tools_sl/kinematics_sl.cpp: In copy constructor 'floating_base_tools::KinematicsSl::KinematicsSl(const floating_base_tools::KinematicsSl&)':
/home/amd_clmc/team/workspace/src/catkin/humanoids/humanoid_control/floating_base_tools_sl/template/src/floating_base_tools_sl/kinematics_sl.cpp:53:26: warning: comparison between signed and unsigned integer expressions [-Wsign-compare]
/home/amd_clmc/team/workspace/src/catkin/humanoids/humanoid_control/floating_base_tools_sl/template/src/floating_base_tools_sl/kinematics_sl.cpp:66:27: warning: comparison between signed and unsigned integer expressions [-Wsign-compare]
/home/amd_clmc/team/workspace/src/catkin/humanoids/humanoid_control/floating_base_tools_sl/template/src/floating_base_tools_sl/kinematics_sl.cpp:81:26: warning: comparison between signed and unsigned integer expressions [-Wsign-compare]
/home/amd_clmc/team/workspace/src/catkin/humanoids/humanoid_control/floating_base_tools_sl/template/src/floating_base_tools_sl/kinematics_sl.cpp: In destructor 'virtual floating_base_tools::KinematicsSl::~KinematicsSl()':
/home/amd_clmc/team/workspace/src/catkin/humanoids/humanoid_control/floating_base_tools_sl/template/src/floating_base_tools_sl/kinematics_sl.cpp:92:27: warning: comparison between signed and unsigned integer expressions [-Wsign-compare]
/home/amd_clmc/team/workspace/src/catkin/humanoids/humanoid_control/floating_base_tools_sl/template/src/floating_base_tools_sl/kinematics_sl.cpp:94:27: warning: comparison between signed and unsigned integer expressions [-Wsign-compare]
/home/amd_clmc/team/workspace/src/catkin/humanoids/humanoid_control/floating_base_tools_sl/template/src/floating_base_tools_sl/kinematics_sl.cpp: In member function 'virtual void floating_base_tools::KinematicsSl::initialize(const floating_base_tools::RobotPosture&, const floating_base_tools::RobotVelocity&, const floating_base_tools::RobotAcceleration&, const ContactActivation (&)[2])':
/home/amd_clmc/team/workspace/src/catkin/humanoids/humanoid_control/floating_base_tools_sl/template/src/floating_base_tools_sl/kinematics_sl.cpp:117:30: warning: comparison between signed and unsigned integer expressions [-Wsign-compare]
/home/amd_clmc/team/workspace/src/catkin/humanoids/humanoid_control/floating_base_tools_sl/template/src/floating_base_tools_sl/kinematics_sl.cpp: In member function 'void floating_base_tools::KinematicsSl::initialize()':
/home/amd_clmc/team/workspace/src/catkin/humanoids/humanoid_control/floating_base_tools_sl/template/src/floating_base_tools_sl/kinematics_sl.cpp:140:31: warning: comparison between signed and unsigned integer expressions [-Wsign-compare]
/home/amd_clmc/team/workspace/src/catkin/humanoids/humanoid_control/floating_base_tools_sl/template/src/floating_base_tools_sl/kinematics_sl.cpp:143:26: warning: comparison between signed and unsigned integer expressions [-Wsign-compare]
/home/amd_clmc/team/workspace/src/catkin/humanoids/humanoid_control/floating_base_tools_sl/template/src/floating_base_tools_sl/recursive_newton_euler_sl.cpp: In member function 'virtual void floating_base_tools::RecursiveNewtonEulerSl::InverseDynamicsBase(const floating_base_tools::RobotPosture&, const floating_base_tools::RobotVelocity&, const floating_base_tools::ContactDescritpion (&)[2], const floating_base_tools::RobotAcceleration&, Eigen::Matrix<double, 23, 1>&)':
/home/amd_clmc/team/workspace/src/catkin/humanoids/humanoid_control/floating_base_tools_sl/template/src/floating_base_tools_sl/recursive_newton_euler_sl.cpp:33:25: warning: comparison between signed and unsigned integer expressions [-Wsign-compare]
/home/amd_clmc/team/workspace/src/catkin/humanoids/humanoid_control/floating_base_tools_sl/template/src/floating_base_tools_sl/recursive_newton_euler_sl.cpp:44:31: warning: comparison between signed and unsigned integer expressions [-Wsign-compare]
/home/amd_clmc/team/workspace/src/catkin/humanoids/humanoid_control/floating_base_tools_sl/template/src/floating_base_tools_sl/recursive_newton_euler_sl.cpp:52:25: warning: comparison between signed and unsigned integer expressions [-Wsign-compare]
/home/amd_clmc/team/workspace/src/catkin/humanoids/humanoid_control/floating_base_tools_sl/template/src/floating_base_tools_sl/kinematics_sl.cpp: In member function 'virtual void floating_base_tools::KinematicsSl::compute_link_jacobian(int)':
/home/amd_clmc/team/workspace/src/catkin/humanoids/humanoid_control/floating_base_tools_sl/template/src/floating_base_tools_sl/kinematics_sl.cpp:226:28: warning: comparison between signed and unsigned integer expressions [-Wsign-compare]
/home/amd_clmc/team/workspace/src/catkin/humanoids/humanoid_control/floating_base_tools_sl/template/src/floating_base_tools_sl/recursive_newton_euler_sl.cpp: In member function 'virtual void floating_base_tools::RecursiveNewtonEulerSl::getLocalContributions(const Eigen::Matrix<double, 17, 1>&, const Eigen::Matrix<double, 17, 1>&, Eigen::Matrix<double, 17, 1>&)':
/home/amd_clmc/team/workspace/src/catkin/humanoids/humanoid_control/floating_base_tools_sl/template/src/floating_base_tools_sl/recursive_newton_euler_sl.cpp:64:25: warning: comparison between signed and unsigned integer expressions [-Wsign-compare]
/home/amd_clmc/team/workspace/src/catkin/humanoids/humanoid_control/floating_base_tools_sl/template/src/floating_base_tools_sl/kinematics_sl.cpp: In member function 'void floating_base_tools::KinematicsSl::update(SL_Jstate*, SL_Cstate&, SL_quat&, const SL_endeff*)':
/home/amd_clmc/team/workspace/src/catkin/humanoids/humanoid_control/floating_base_tools_sl/template/src/floating_base_tools_sl/kinematics_sl.cpp:317:25: warning: comparison between signed and unsigned integer expressions [-Wsign-compare]
/home/amd_clmc/team/workspace/src/catkin/humanoids/humanoid_control/floating_base_tools_sl/template/src/floating_base_tools_sl/kinematics_sl.cpp: In member function 'virtual void floating_base_tools::KinematicsSl::update(const floating_base_tools::RobotPosture&, const floating_base_tools::RobotVelocity&, const floating_base_tools::RobotAcceleration&, const floating_base_tools::ContactDescritpion (&)[2])':
/home/amd_clmc/team/workspace/src/catkin/humanoids/humanoid_control/floating_base_tools_sl/template/src/floating_base_tools_sl/kinematics_sl.cpp:363:25: warning: comparison between signed and unsigned integer expressions [-Wsign-compare]
/home/amd_clmc/team/workspace/src/catkin/humanoids/humanoid_control/floating_base_tools_sl/template/src/floating_base_tools_sl/kinematics_sl.cpp:366:25: warning: comparison between signed and unsigned integer expressions [-Wsign-compare]
/home/amd_clmc/team/workspace/src/catkin/humanoids/humanoid_control/floating_base_tools_sl/template/src/floating_base_tools_sl/recursive_newton_euler_sl.cpp: In member function 'virtual void floating_base_tools::RecursiveNewtonEulerSl::InverseDynamicsBase(const floating_base_tools::RobotPosture&, const floating_base_tools::RobotVelocity&, const floating_base_tools::ContactDescritpion (&)[4], const floating_base_tools::RobotAcceleration&, Eigen::Matrix<double, 56, 1>&)':
/home/amd_clmc/team/workspace/src/catkin/humanoids/humanoid_control/floating_base_tools_sl/template/src/floating_base_tools_sl/recursive_newton_euler_sl.cpp:33:25: warning: comparison between signed and unsigned integer expressions [-Wsign-compare]
/home/amd_clmc/team/workspace/src/catkin/humanoids/humanoid_control/floating_base_tools_sl/template/src/floating_base_tools_sl/recursive_newton_euler_sl.cpp:44:31: warning: comparison between signed and unsigned integer expressions [-Wsign-compare]
/home/amd_clmc/team/workspace/src/catkin/humanoids/humanoid_control/floating_base_tools_sl/template/src/floating_base_tools_sl/recursive_newton_euler_sl.cpp:52:25: warning: comparison between signed and unsigned integer expressions [-Wsign-compare]
/home/amd_clmc/team/workspace/src/catkin/humanoids/humanoid_control/floating_base_tools_sl/template/src/floating_base_tools_sl/recursive_newton_euler_sl.cpp: In member function 'virtual void floating_base_tools::RecursiveNewtonEulerSl::getLocalContributions(const Eigen::Matrix<double, 50, 1>&, const Eigen::Matrix<double, 50, 1>&, Eigen::Matrix<double, 50, 1>&)':
/home/amd_clmc/team/workspace/src/catkin/humanoids/humanoid_control/floating_base_tools_sl/template/src/floating_base_tools_sl/recursive_newton_euler_sl.cpp:64:25: warning: comparison between signed and unsigned integer expressions [-Wsign-compare]
/home/amd_clmc/team/workspace/src/catkin/humanoids/humanoid_control/floating_base_tools_sl/template/src/floating_base_tools_sl/composite_rigid_body_sl.cpp: In member function 'virtual void floating_base_tools::CompositeRigidBodySl::update(const floating_base_tools::RobotPosture&, const floating_base_tools::RobotVelocity&)':
/home/amd_clmc/team/workspace/src/catkin/humanoids/humanoid_control/floating_base_tools_sl/template/src/floating_base_tools_sl/composite_rigid_body_sl.cpp:32:3: warning: comparison between signed and unsigned integer expressions [-Wsign-compare]
/home/amd_clmc/team/workspace/src/catkin/humanoids/humanoid_control/floating_base_tools_sl/template/src/floating_base_tools_sl/composite_rigid_body_sl.cpp:36:41: warning: comparison between signed and unsigned integer expressions [-Wsign-compare]
/home/amd_clmc/team/workspace/src/catkin/humanoids/humanoid_control/floating_base_tools_sl/template/src/floating_base_tools_sl/composite_rigid_body_sl.cpp:42:36: warning: comparison between signed and unsigned integer expressions [-Wsign-compare]
/home/amd_clmc/team/workspace/src/catkin/humanoids/humanoid_control/floating_base_tools_sl/template/src/floating_base_tools_sl/composite_rigid_body_sl.cpp:55:31: warning: comparison between signed and unsigned integer expressions [-Wsign-compare]
/home/amd_clmc/team/workspace/src/catkin/humanoids/humanoid_control/floating_base_tools_sl/template/src/floating_base_tools_sl/kinematics_sl.cpp: In constructor 'floating_base_tools::KinematicsSl::KinematicsSl(double, std::string)':
/home/amd_clmc/team/workspace/src/catkin/humanoids/humanoid_control/floating_base_tools_sl/template/src/floating_base_tools_sl/kinematics_sl.cpp:36:27: warning: comparison between signed and unsigned integer expressions [-Wsign-compare]
/home/amd_clmc/team/workspace/src/catkin/humanoids/humanoid_control/floating_base_tools_sl/template/src/floating_base_tools_sl/kinematics_sl.cpp:39:27: warning: comparison between signed and unsigned integer expressions [-Wsign-compare]
/home/amd_clmc/team/workspace/src/catkin/humanoids/humanoid_control/floating_base_tools_sl/template/src/floating_base_tools_sl/kinematics_sl.cpp: In copy constructor 'floating_base_tools::KinematicsSl::KinematicsSl(const floating_base_tools::KinematicsSl&)':
/home/amd_clmc/team/workspace/src/catkin/humanoids/humanoid_control/floating_base_tools_sl/template/src/floating_base_tools_sl/kinematics_sl.cpp:53:26: warning: comparison between signed and unsigned integer expressions [-Wsign-compare]
/home/amd_clmc/team/workspace/src/catkin/humanoids/humanoid_control/floating_base_tools_sl/template/src/floating_base_tools_sl/kinematics_sl.cpp:66:27: warning: comparison between signed and unsigned integer expressions [-Wsign-compare]
/home/amd_clmc/team/workspace/src/catkin/humanoids/humanoid_control/floating_base_tools_sl/template/src/floating_base_tools_sl/kinematics_sl.cpp:81:26: warning: comparison between signed and unsigned integer expressions [-Wsign-compare]
/home/amd_clmc/team/workspace/src/catkin/humanoids/humanoid_control/floating_base_tools_sl/template/src/floating_base_tools_sl/kinematics_sl.cpp: In destructor 'virtual floating_base_tools::KinematicsSl::~KinematicsSl()':
/home/amd_clmc/team/workspace/src/catkin/humanoids/humanoid_control/floating_base_tools_sl/template/src/floating_base_tools_sl/kinematics_sl.cpp:92:27: warning: comparison between signed and unsigned integer expressions [-Wsign-compare]
/home/amd_clmc/team/workspace/src/catkin/humanoids/humanoid_control/floating_base_tools_sl/template/src/floating_base_tools_sl/kinematics_sl.cpp:94:27: warning: comparison between signed and unsigned integer expressions [-Wsign-compare]
/home/amd_clmc/team/workspace/src/catkin/humanoids/humanoid_control/floating_base_tools_sl/template/src/floating_base_tools_sl/kinematics_sl.cpp: In member function 'virtual void floating_base_tools::KinematicsSl::initialize(const floating_base_tools::RobotPosture&, const floating_base_tools::RobotVelocity&, const floating_base_tools::RobotAcceleration&, const ContactActivation (&)[4])':
/home/amd_clmc/team/workspace/src/catkin/humanoids/humanoid_control/floating_base_tools_sl/template/src/floating_base_tools_sl/kinematics_sl.cpp:117:30: warning: comparison between signed and unsigned integer expressions [-Wsign-compare]
/home/amd_clmc/team/workspace/src/catkin/humanoids/humanoid_control/floating_base_tools_sl/template/src/floating_base_tools_sl/kinematics_sl.cpp: In member function 'void floating_base_tools::KinematicsSl::initialize()':
/home/amd_clmc/team/workspace/src/catkin/humanoids/humanoid_control/floating_base_tools_sl/template/src/floating_base_tools_sl/kinematics_sl.cpp:140:31: warning: comparison between signed and unsigned integer expressions [-Wsign-compare]
/home/amd_clmc/team/workspace/src/catkin/humanoids/humanoid_control/floating_base_tools_sl/template/src/floating_base_tools_sl/kinematics_sl.cpp:143:26: warning: comparison between signed and unsigned integer expressions [-Wsign-compare]
/home/amd_clmc/team/workspace/src/catkin/humanoids/humanoid_control/floating_base_tools_sl/template/src/floating_base_tools_sl/kinematics_sl.cpp: In member function 'virtual void floating_base_tools::KinematicsSl::compute_link_jacobian(int)':
/home/amd_clmc/team/workspace/src/catkin/humanoids/humanoid_control/floating_base_tools_sl/template/src/floating_base_tools_sl/kinematics_sl.cpp:226:28: warning: comparison between signed and unsigned integer expressions [-Wsign-compare]
Linking CXX shared library /home/amd_clmc/team/workspace/devel/lib/libnoise_simulator_athena.so
/home/amd_clmc/team/workspace/src/catkin/humanoids/humanoid_control/floating_base_tools_sl/template/src/floating_base_tools_sl/kinematics_sl.cpp: In member function 'void floating_base_tools::KinematicsSl::update(SL_Jstate*, SL_Cstate&, SL_quat&, const SL_endeff*)':
/home/amd_clmc/team/workspace/src/catkin/humanoids/humanoid_control/floating_base_tools_sl/template/src/floating_base_tools_sl/kinematics_sl.cpp:317:25: warning: comparison between signed and unsigned integer expressions [-Wsign-compare]
/home/amd_clmc/team/workspace/src/catkin/humanoids/humanoid_control/floating_base_tools_sl/template/src/floating_base_tools_sl/kinematics_sl.cpp: In member function 'virtual void floating_base_tools::KinematicsSl::update(const floating_base_tools::RobotPosture&, const floating_base_tools::RobotVelocity&, const floating_base_tools::RobotAcceleration&, const floating_base_tools::ContactDescritpion (&)[4])':
/home/amd_clmc/team/workspace/src/catkin/humanoids/humanoid_control/floating_base_tools_sl/template/src/floating_base_tools_sl/kinematics_sl.cpp:363:25: warning: comparison between signed and unsigned integer expressions [-Wsign-compare]
/home/amd_clmc/team/workspace/src/catkin/humanoids/humanoid_control/floating_base_tools_sl/template/src/floating_base_tools_sl/kinematics_sl.cpp:366:25: warning: comparison between signed and unsigned integer expressions [-Wsign-compare]
[ 64%] Built target noise_simulator_athena
/home/amd_clmc/team/workspace/src/catkin/humanoids/humanoid_control/floating_base_tools_sl/floating_base_tools_sl_hermes_lower/src/floating_base_tools_sl/sensors_sl_hermes_lower.cpp: In constructor 'floating_base_tools::FtSensorSl::FtSensorSl(int)':
/home/amd_clmc/team/workspace/src/catkin/humanoids/humanoid_control/floating_base_tools_sl/floating_base_tools_sl_hermes_lower/src/floating_base_tools_sl/sensors_sl_hermes_lower.cpp:15:23: warning: comparison between signed and unsigned integer expressions [-Wsign-compare]
/home/amd_clmc/team/workspace/src/catkin/humanoids/humanoid_control/floating_base_tools_sl/floating_base_tools_sl_hermes_lower/src/floating_base_tools_sl/sensors_sl_hermes_lower.cpp:20:29: warning: comparison between signed and unsigned integer expressions [-Wsign-compare]
/home/amd_clmc/team/workspace/src/catkin/humanoids/humanoid_control/floating_base_tools_sl/floating_base_tools_sl_hermes_full/src/floating_base_tools_sl/sensors_sl_hermes_full.cpp: In constructor 'floating_base_tools::FtSensorSl::FtSensorSl(int)':
/home/amd_clmc/team/workspace/src/catkin/humanoids/humanoid_control/floating_base_tools_sl/floating_base_tools_sl_hermes_full/src/floating_base_tools_sl/sensors_sl_hermes_full.cpp:15:23: warning: comparison between signed and unsigned integer expressions [-Wsign-compare]
/home/amd_clmc/team/workspace/src/catkin/humanoids/humanoid_control/floating_base_tools_sl/floating_base_tools_sl_hermes_full/src/floating_base_tools_sl/sensors_sl_hermes_full.cpp:20:29: warning: comparison between signed and unsigned integer expressions [-Wsign-compare]
/home/amd_clmc/team/workspace/src/catkin/humanoids/humanoid_control/floating_base_tools_sl/template/src/floating_base_tools_sl/sensors_sl.cpp: In member function 'virtual void floating_base_tools::JointPositionSensorsSL::acquire()':
/home/amd_clmc/team/workspace/src/catkin/humanoids/humanoid_control/floating_base_tools_sl/template/src/floating_base_tools_sl/sensors_sl.cpp:15:27: warning: comparison between signed and unsigned integer expressions [-Wsign-compare]
/home/amd_clmc/team/workspace/src/catkin/humanoids/humanoid_control/floating_base_tools_sl/template/src/floating_base_tools_sl/sensors_sl.cpp:21:27: warning: comparison between signed and unsigned integer expressions [-Wsign-compare]
/home/amd_clmc/team/workspace/src/catkin/humanoids/humanoid_control/floating_base_tools_sl/template/src/floating_base_tools_sl/sensors_sl.cpp: In member function 'virtual void floating_base_tools::JointTorqueSensorsSL::acquire()':
/home/amd_clmc/team/workspace/src/catkin/humanoids/humanoid_control/floating_base_tools_sl/template/src/floating_base_tools_sl/sensors_sl.cpp:33:27: warning: comparison between signed and unsigned integer expressions [-Wsign-compare]
/home/amd_clmc/team/workspace/src/catkin/humanoids/humanoid_control/floating_base_tools_sl/template/src/floating_base_tools_sl/sensors_sl.cpp:38:27: warning: comparison between signed and unsigned integer expressions [-Wsign-compare]
/home/amd_clmc/team/workspace/src/catkin/humanoids/humanoid_control/floating_base_tools_sl/template/src/floating_base_tools_sl/sensors_sl.cpp: In member function 'virtual void floating_base_tools::JointPositionSensorsSL::acquire()':
/home/amd_clmc/team/workspace/src/catkin/humanoids/humanoid_control/floating_base_tools_sl/template/src/floating_base_tools_sl/sensors_sl.cpp:15:27: warning: comparison between signed and unsigned integer expressions [-Wsign-compare]
/home/amd_clmc/team/workspace/src/catkin/humanoids/humanoid_control/floating_base_tools_sl/template/src/floating_base_tools_sl/sensors_sl.cpp:21:27: warning: comparison between signed and unsigned integer expressions [-Wsign-compare]
/home/amd_clmc/team/workspace/src/catkin/humanoids/humanoid_control/floating_base_tools_sl/template/src/floating_base_tools_sl/sensors_sl.cpp: In member function 'virtual void floating_base_tools::JointTorqueSensorsSL::acquire()':
/home/amd_clmc/team/workspace/src/catkin/humanoids/humanoid_control/floating_base_tools_sl/template/src/floating_base_tools_sl/sensors_sl.cpp:33:27: warning: comparison between signed and unsigned integer expressions [-Wsign-compare]
/home/amd_clmc/team/workspace/src/catkin/humanoids/humanoid_control/floating_base_tools_sl/template/src/floating_base_tools_sl/sensors_sl.cpp:38:27: warning: comparison between signed and unsigned integer expressions [-Wsign-compare]
Linking CXX shared library /home/amd_clmc/team/workspace/devel/lib/libfloating_base_tools_sl_hermes_lower.so
Linking CXX shared library /home/amd_clmc/team/workspace/devel/lib/libfloating_base_tools_sl_hermes_full.so
[ 64%] Built target floating_base_tools_sl_hermes_lower
[ 64%] Built target floating_base_tools_sl_hermes_full
Scanning dependencies of target noise_simulator_hermes_lower
[ 64%] Building CXX object catkin/humanoids/humanoid_control/filtering_tools/noise_simulator/noise_simulator_hermes_lower/CMakeFiles/noise_simulator_hermes_lower.dir/__/template/src/NoiseSimulator.cpp.o
Scanning dependencies of target visualization_tools_task_hermes_lower
[ 65%] [ 65%] [ 65%] Building CXX object catkin/humanoids/humanoid_control/visualization_tools/visualization_tools_hermes_lower/CMakeFiles/visualization_tools_task_hermes_lower.dir/__/template/src/visualization_tools/DrawFrame.cpp.o
Building CXX object catkin/humanoids/humanoid_control/visualization_tools/visualization_tools_hermes_lower/CMakeFiles/visualization_tools_task_hermes_lower.dir/__/template/src/visualization_tools/DrawPhantom.cpp.o
Building CXX object catkin/humanoids/humanoid_control/visualization_tools/visualization_tools_hermes_lower/CMakeFiles/visualization_tools_task_hermes_lower.dir/__/template/src/visualization_tools/DisplayKinematics.cpp.o
Scanning dependencies of target visualization_tools_task_hermes_full
[ 65%] [ 65%] [ 65%] Building CXX object catkin/humanoids/humanoid_control/visualization_tools/visualization_tools_hermes_full/CMakeFiles/visualization_tools_task_hermes_full.dir/__/template/src/visualization_tools/DisplayKinematics.cpp.o
Building CXX object catkin/humanoids/humanoid_control/visualization_tools/visualization_tools_hermes_full/CMakeFiles/visualization_tools_task_hermes_full.dir/__/template/src/visualization_tools/DrawFrame.cpp.o
Building CXX object catkin/humanoids/humanoid_control/visualization_tools/visualization_tools_hermes_full/CMakeFiles/visualization_tools_task_hermes_full.dir/__/template/src/visualization_tools/DrawPhantom.cpp.o
Scanning dependencies of target lqr_hermes_lower
[ 65%] Building C object catkin/humanoids/humanoid_control/lqr/lqr_hermes_lower/CMakeFiles/lqr_hermes_lower.dir/__/template/src/lqr/initUserTasks_lqr.c.o
[ 66%] [ 66%] [ 66%] [ 66%] [ 66%] Building CXX object catkin/humanoids/humanoid_control/lqr/lqr_hermes_lower/CMakeFiles/lqr_hermes_lower.dir/__/template/src/lqr/SSutil.cpp.o
Building CXX object catkin/humanoids/humanoid_control/lqr/lqr_hermes_lower/CMakeFiles/lqr_hermes_lower.dir/__/template/src/lqr/lqr_StateSpace.cpp.o
Building CXX object catkin/humanoids/humanoid_control/lqr/lqr_hermes_lower/CMakeFiles/lqr_hermes_lower.dir/__/template/src/lqr/constrainedSSutil.cpp.o
Building CXX object catkin/humanoids/humanoid_control/lqr/lqr_hermes_lower/CMakeFiles/lqr_hermes_lower.dir/__/template/src/lqr/verify_linearStateSpace_fixedBase.cpp.o
Building CXX object catkin/humanoids/humanoid_control/lqr/lqr_hermes_lower/CMakeFiles/lqr_hermes_lower.dir/__/template/src/lqr/linearStateSpace_fixedBase_example.cpp.o
Scanning dependencies of target biped_locomotion_hermes_lower
[ 66%] Building C object catkin/humanoids/humanoid_control/biped_locomotion/biped_locomotion_hermes_lower/CMakeFiles/biped_locomotion_hermes_lower.dir/__/template/src/biped_locomotion/initUserTasks_bipedLocomotion.c.o
[ 67%] [ 67%] [ 68%] [ 68%] [ 68%] [ 68%] [ 68%] Building CXX object catkin/humanoids/humanoid_control/biped_locomotion/biped_locomotion_hermes_lower/CMakeFiles/biped_locomotion_hermes_lower.dir/__/template/src/biped_locomotion/torque_sine_task.cpp.o
[ 68%] Building CXX object catkin/humanoids/humanoid_control/biped_locomotion/biped_locomotion_hermes_lower/CMakeFiles/biped_locomotion_hermes_lower.dir/__/template/src/biped_locomotion/HInvDynExample.cpp.o
Building CXX object catkin/humanoids/humanoid_control/biped_locomotion/biped_locomotion_hermes_lower/CMakeFiles/biped_locomotion_hermes_lower.dir/__/template/src/biped_locomotion/HInvDynExample_task.cpp.o
[ 68%] Building CXX object catkin/humanoids/humanoid_control/biped_locomotion/biped_locomotion_hermes_lower/CMakeFiles/biped_locomotion_hermes_lower.dir/__/template/src/biped_locomotion/contact_helper_hermes_lower.cpp.o
Building CXX object catkin/humanoids/humanoid_control/biped_locomotion/biped_locomotion_hermes_lower/CMakeFiles/biped_locomotion_hermes_lower.dir/__/template/src/biped_locomotion/MinJerkGenerator.cpp.o
Building CXX object catkin/humanoids/humanoid_control/biped_locomotion/biped_locomotion_hermes_lower/CMakeFiles/biped_locomotion_hermes_lower.dir/__/template/src/biped_locomotion/fb_sine_task.cpp.o
Building CXX object catkin/humanoids/humanoid_control/biped_locomotion/biped_locomotion_hermes_lower/CMakeFiles/biped_locomotion_hermes_lower.dir/__/template/src/biped_locomotion/gravity_compensation_task.cpp.o
Building CXX object catkin/humanoids/humanoid_control/biped_locomotion/biped_locomotion_hermes_lower/CMakeFiles/biped_locomotion_hermes_lower.dir/__/template/src/biped_locomotion/WaypointGenerator.cpp.o
Building CXX object catkin/humanoids/humanoid_control/biped_locomotion/biped_locomotion_hermes_lower/CMakeFiles/biped_locomotion_hermes_lower.dir/__/template/src/biped_locomotion/joint_calibration_task.cpp.o
Scanning dependencies of target biped_locomotion_hermes_full
[ 69%] /home/amd_clmc/team/workspace/src/catkin/humanoids/humanoid_control/biped_locomotion/template/src/biped_locomotion/torque_sine_task.cpp: In function 'int init_torque_sine_task()':
/home/amd_clmc/team/workspace/src/catkin/humanoids/humanoid_control/biped_locomotion/template/src/biped_locomotion/torque_sine_task.cpp:75:103: warning: format '%s' expects argument of type 'char*', but argument 4 has type 'double' [-Wformat]
Building C object catkin/humanoids/humanoid_control/biped_locomotion/biped_locomotion_hermes_full/CMakeFiles/biped_locomotion_hermes_full.dir/__/template/src/biped_locomotion/initUserTasks_bipedLocomotion.c.o
[ 69%] [ 69%] [ 69%] [ 69%] [ 69%] Building CXX object catkin/humanoids/humanoid_control/biped_locomotion/biped_locomotion_hermes_full/CMakeFiles/biped_locomotion_hermes_full.dir/__/template/src/biped_locomotion/HInvDynExample.cpp.o
Building CXX object catkin/humanoids/humanoid_control/biped_locomotion/biped_locomotion_hermes_full/CMakeFiles/biped_locomotion_hermes_full.dir/__/template/src/biped_locomotion/HInvDynExample_task.cpp.o
Building CXX object catkin/humanoids/humanoid_control/biped_locomotion/biped_locomotion_hermes_full/CMakeFiles/biped_locomotion_hermes_full.dir/__/template/src/biped_locomotion/contact_helper_hermes_lower.cpp.o
[ 69%] [ 69%] [ 69%] [ 70%] Building CXX object catkin/humanoids/humanoid_control/biped_locomotion/biped_locomotion_hermes_full/CMakeFiles/biped_locomotion_hermes_full.dir/__/template/src/biped_locomotion/fb_sine_task.cpp.o
Building CXX object catkin/humanoids/humanoid_control/biped_locomotion/biped_locomotion_hermes_full/CMakeFiles/biped_locomotion_hermes_full.dir/__/template/src/biped_locomotion/torque_sine_task.cpp.o
/home/amd_clmc/team/workspace/src/catkin/humanoids/humanoid_control/visualization_tools/template/src/visualization_tools/DrawFrame.cpp: In function 'void visualization_tools::drawFrame(const Matrix4d&, const string&, double, double)':
/home/amd_clmc/team/workspace/src/catkin/humanoids/humanoid_control/visualization_tools/template/src/visualization_tools/DrawFrame.cpp:29:76: warning: deprecated conversion from string constant to 'char*' [-Wwrite-strings]
Building CXX object catkin/humanoids/humanoid_control/biped_locomotion/biped_locomotion_hermes_full/CMakeFiles/biped_locomotion_hermes_full.dir/__/template/src/biped_locomotion/WaypointGenerator.cpp.o
Building CXX object catkin/humanoids/humanoid_control/biped_locomotion/biped_locomotion_hermes_full/CMakeFiles/biped_locomotion_hermes_full.dir/__/template/src/biped_locomotion/gravity_compensation_task.cpp.o
Building CXX object catkin/humanoids/humanoid_control/biped_locomotion/biped_locomotion_hermes_full/CMakeFiles/biped_locomotion_hermes_full.dir/__/template/src/biped_locomotion/MinJerkGenerator.cpp.o
Building CXX object catkin/humanoids/humanoid_control/biped_locomotion/biped_locomotion_hermes_full/CMakeFiles/biped_locomotion_hermes_full.dir/__/template/src/biped_locomotion/joint_calibration_task.cpp.o
/home/amd_clmc/team/workspace/src/catkin/humanoids/humanoid_control/visualization_tools/template/src/visualization_tools/DrawFrame.cpp: In function 'void visualization_tools::drawFrame(const Matrix4d&, const string&, double, double)':
/home/amd_clmc/team/workspace/src/catkin/humanoids/humanoid_control/visualization_tools/template/src/visualization_tools/DrawFrame.cpp:29:76: warning: deprecated conversion from string constant to 'char*' [-Wwrite-strings]
/home/amd_clmc/team/workspace/src/catkin/humanoids/humanoid_control/visualization_tools/template/src/visualization_tools/DrawPhantom.cpp: In function 'void visualization_tools::drawPhantom(floating_base_tools::RobotPosture)':
/home/amd_clmc/team/workspace/src/catkin/humanoids/humanoid_control/visualization_tools/template/src/visualization_tools/DrawPhantom.cpp:21:88: warning: deprecated conversion from string constant to 'char*' [-Wwrite-strings]
/home/amd_clmc/team/workspace/src/catkin/humanoids/humanoid_control/visualization_tools/template/src/visualization_tools/DisplayKinematics.cpp: In function 'void visualization_tools::displayRobotPosture(floating_base_tools::RobotPosture, int)':
/home/amd_clmc/team/workspace/src/catkin/humanoids/humanoid_control/visualization_tools/template/src/visualization_tools/DisplayKinematics.cpp:25:96: warning: deprecated conversion from string constant to 'char*' [-Wwrite-strings]
/home/amd_clmc/team/workspace/src/catkin/humanoids/humanoid_control/visualization_tools/template/src/visualization_tools/DrawPhantom.cpp: In function 'void visualization_tools::drawPhantom(floating_base_tools::RobotPosture)':
/home/amd_clmc/team/workspace/src/catkin/humanoids/humanoid_control/visualization_tools/template/src/visualization_tools/DrawPhantom.cpp:21:88: warning: deprecated conversion from string constant to 'char*' [-Wwrite-strings]
/home/amd_clmc/team/workspace/src/catkin/humanoids/humanoid_control/biped_locomotion/template/src/biped_locomotion/torque_sine_task.cpp: In function 'int init_torque_sine_task()':
/home/amd_clmc/team/workspace/src/catkin/humanoids/humanoid_control/biped_locomotion/template/src/biped_locomotion/torque_sine_task.cpp:75:103: warning: format '%s' expects argument of type 'char*', but argument 4 has type 'double' [-Wformat]
Linking CXX shared library /home/amd_clmc/team/workspace/devel/lib/libvisualization_tools_task_hermes_lower.so
[ 70%] Built target visualization_tools_task_hermes_lower
/home/amd_clmc/team/workspace/src/catkin/humanoids/humanoid_control/visualization_tools/template/src/visualization_tools/DisplayKinematics.cpp: In function 'void visualization_tools::displayRobotPosture(floating_base_tools::RobotPosture, int)':
/home/amd_clmc/team/workspace/src/catkin/humanoids/humanoid_control/visualization_tools/template/src/visualization_tools/DisplayKinematics.cpp:25:96: warning: deprecated conversion from string constant to 'char*' [-Wwrite-strings]
Linking CXX shared library /home/amd_clmc/team/workspace/devel/lib/libvisualization_tools_task_hermes_full.so
[ 70%] Built target visualization_tools_task_hermes_full
Linking CXX shared library /home/amd_clmc/team/workspace/devel/lib/libnoise_simulator_hermes_lower.so
[ 70%] Built target noise_simulator_hermes_lower
[ 70%] Performing install step for 'snopt_extern'
[ 70%] Completed 'snopt_extern'
[ 70%] Built target snopt_extern
Scanning dependencies of target snopt_interface_extern
[ 70%] Creating directories for 'snopt_interface_extern'
[ 70%] Performing download step for 'snopt_interface_extern'
[ 70%] [ 70%] No update step for 'snopt_interface_extern'
No patch step for 'snopt_interface_extern'
[ 70%] Performing configure step for 'snopt_interface_extern'
libtoolize: putting auxiliary files in AC_CONFIG_AUX_DIR, `config'.
libtoolize: copying file `config/ltmain.sh'
libtoolize: putting macros in AC_CONFIG_MACRO_DIR, `config/m4'.
libtoolize: copying file `config/m4/libtool.m4'
libtoolize: copying file `config/m4/ltoptions.m4'
libtoolize: copying file `config/m4/ltsugar.m4'
libtoolize: copying file `config/m4/ltversion.m4'
libtoolize: copying file `config/m4/lt~obsolete.m4'
libtoolize: Consider adding `-I config/m4' to ACLOCAL_AMFLAGS in Makefile.am.
checking build system type... x86_64-unknown-linux-gnu
checking host system type... x86_64-unknown-linux-gnu
checking how to print strings... printf
checking for gcc... gcc
checking whether the C compiler works... yes
checking for C compiler default output file name... a.out
checking for suffix of executables... 
checking whether we are cross compiling... no
checking for suffix of object files... o
checking whether we are using the GNU C compiler... yes
checking whether gcc accepts -g... yes
checking for gcc option to accept ISO C89... none needed
checking for a sed that does not truncate output... /bin/sed
checking for grep that handles long lines and -e... /bin/grep
checking for egrep... /bin/grep -E
checking for fgrep... /bin/grep -F
checking for ld used by gcc... /usr/bin/ld
checking if the linker (/usr/bin/ld) is GNU ld... yes
checking for BSD- or MS-compatible name lister (nm)... /usr/bin/nm -B
checking the name lister (/usr/bin/nm -B) interface... BSD nm
checking whether ln -s works... yes
checking the maximum length of command line arguments... 3458764513820540925
checking whether the shell understands some XSI constructs... yes
checking whether the shell understands "+="... yes
checking how to convert x86_64-unknown-linux-gnu file names to x86_64-unknown-linux-gnu format... func_convert_file_noop
checking how to convert x86_64-unknown-linux-gnu file names to toolchain format... func_convert_file_noop
checking for /usr/bin/ld option to reload object files... -r
checking for objdump... objdump
checking how to recognize dependent libraries... pass_all
checking for dlltool... no
checking how to associate runtime and link libraries... printf %s\n
checking for ar... ar
checking for archiver @FILE support... @
checking for strip... strip
checking for ranlib... ranlib
checking for gawk... no
checking for mawk... mawk
checking command to parse /usr/bin/nm -B output from gcc object... ok
checking for sysroot... no
checking for mt... mt
checking if mt is a manifest tool... no
checking how to run the C preprocessor... gcc -E
checking for ANSI C header files... yes
checking for sys/types.h... yes
checking for sys/stat.h... yes
checking for stdlib.h... yes
checking for string.h... yes
checking for memory.h... yes
checking for strings.h... yes
checking for inttypes.h... yes
checking for stdint.h... yes
checking for unistd.h... yes
checking for dlfcn.h... yes
checking for objdir... .libs
checking if gcc supports -fno-rtti -fno-exceptions... no
checking for gcc option to produce PIC... -fPIC -DPIC
checking if gcc PIC flag -fPIC -DPIC works... yes
checking if gcc static flag -static works... yes
checking if gcc supports -c -o file.o... yes
checking if gcc supports -c -o file.o... (cached) yes
checking whether the gcc linker (/usr/bin/ld -m elf_x86_64) supports shared libraries... yes
checking whether -lc should be explicitly linked in... no
checking dynamic linker characteristics... GNU/Linux ld.so
checking how to hardcode library paths into programs... immediate
checking whether stripping libraries is possible... yes
checking if libtool supports shared libraries... yes
checking whether to build shared libraries... yes
checking whether to build static libraries... yes
checking for a BSD-compatible install... /usr/bin/install -c
checking for gfortran... gfortran
checking whether we are using the GNU Fortran compiler... yes
checking whether gfortran accepts -g... yes
checking if libtool supports shared libraries... yes
checking whether to build shared libraries... yes
checking whether to build static libraries... yes
checking for gfortran option to produce PIC... -fPIC
checking if gfortran PIC flag -fPIC works... yes
checking if gfortran static flag -static works... yes
checking if gfortran supports -c -o file.o... yes
checking if gfortran supports -c -o file.o... (cached) yes
checking whether the gfortran linker (/usr/bin/ld -m elf_x86_64) supports shared libraries... yes
checking dynamic linker characteristics... (cached) GNU/Linux ld.so
checking how to hardcode library paths into programs... immediate
checking for gcc... (cached) gcc
checking whether we are using the GNU C compiler... (cached) yes
checking whether gcc accepts -g... (cached) yes
checking for gcc option to accept ISO C89... (cached) none needed
checking for g++... g++
checking whether we are using the GNU C++ compiler... yes
checking whether g++ accepts -g... yes
checking how to run the C++ preprocessor... g++ -E
checking for ld used by g++... /usr/bin/ld -m elf_x86_64
checking if the linker (/usr/bin/ld -m elf_x86_64) is GNU ld... yes
checking whether the g++ linker (/usr/bin/ld -m elf_x86_64) supports shared libraries... yes
checking for g++ option to produce PIC... -fPIC -DPIC
checking if g++ PIC flag -fPIC -DPIC works... yes
checking if g++ static flag -static works... yes
checking if g++ supports -c -o file.o... yes
checking if g++ supports -c -o file.o... (cached) yes
checking whether the g++ linker (/usr/bin/ld -m elf_x86_64) supports shared libraries... yes
checking dynamic linker characteristics... (cached) GNU/Linux ld.so
checking how to hardcode library paths into programs... immediate
checking how to get verbose linking output from gfortran... -v
checking for Fortran libraries of gfortran...  -L/usr/lib/gcc/x86_64-linux-gnu/4.6 -L/usr/lib/gcc/x86_64-linux-gnu/4.6/../../../x86_64-linux-gnu -L/usr/lib/gcc/x86_64-linux-gnu/4.6/../../../../lib -L/lib/x86_64-linux-gnu -L/lib/../lib -L/usr/lib/x86_64-linux-gnu -L/usr/lib/../lib -L/usr/lib/gcc/x86_64-linux-gnu/4.6/../../.. -lgfortran -lm -lquadmath
checking Fortran 90 module output flag... -J
checking Fortran 90 module inclusion flag... -I
configure: creating ./config.status
config.status: creating Makefile
config.status: executing libtool commands
[ 71%] Performing build step for 'snopt_interface_extern'
[ 72%] Performing install step for 'snopt_interface_extern'
[ 72%] Completed 'snopt_interface_extern'
[ 72%] Built target snopt_interface_extern
Scanning dependencies of target snopt_cpp
[ 72%] Building CXX object catkin/third_party/snopt_cpp/CMakeFiles/snopt_cpp.dir/src/snopt_cpp/empty.cpp.o
Linking CXX shared library /home/amd_clmc/team/workspace/devel/lib/libsnopt_cpp.so
[ 72%] Built target snopt_cpp
Scanning dependencies of target sntoya
[ 72%] Building CXX object catkin/third_party/snopt_cpp/CMakeFiles/sntoya.dir/snopt-interface/cppexamples/sntoya.cpp.o
Linking CXX executable /home/amd_clmc/team/workspace/devel/lib/snopt_cpp/sntoya
Linking CXX shared library /home/amd_clmc/team/workspace/devel/lib/liblqr_hermes_lower.so
[ 72%] Built target sntoya
[ 72%] Built target lqr_hermes_lower
Scanning dependencies of target joint_state_estimators_hermes_lower
Linking CXX shared library /home/amd_clmc/team/workspace/devel/lib/libjoint_state_estimators_hermes_lower.so
[ 72%] Built target joint_state_estimators_hermes_lower
Linking CXX shared library /home/amd_clmc/team/workspace/devel/lib/libbiped_locomotion_athena.so
[ 72%] Built target biped_locomotion_athena
Scanning dependencies of target biped_locomotion_tests_athena
Scanning dependencies of target base_state_estimators_athena
[ 72%] [ 72%] Building CXX object catkin/humanoids/humanoid_control/biped_locomotion/biped_locomotion_athena/CMakeFiles/biped_locomotion_tests_athena.dir/__/template/src/biped_locomotion/tests/hinvdyn_example_tester.cpp.o
Building CXX object catkin/humanoids/humanoid_control/biped_locomotion/biped_locomotion_athena/CMakeFiles/biped_locomotion_tests_athena.dir/__/template/src/biped_locomotion/tests/kinematics_sl_tester.cpp.o
[ 72%] [ 72%] [ 72%] Building CXX object catkin/humanoids/humanoid_control/filtering_tools/base_state_estimators/base_state_estimators_athena/CMakeFiles/base_state_estimators_athena.dir/__/template/src/BaseEstEKF.cpp.o
Building CXX object catkin/humanoids/humanoid_control/filtering_tools/base_state_estimators/base_state_estimators_athena/CMakeFiles/base_state_estimators_athena.dir/__/template/src/MomentumFilter.cpp.o
Building CXX object catkin/humanoids/humanoid_control/filtering_tools/base_state_estimators/base_state_estimators_athena/CMakeFiles/base_state_estimators_athena.dir/__/template/src/IMUQuaternionFilter.cpp.o
Scanning dependencies of target humanoid_tests_athena
[ 73%] Scanning dependencies of target walking_tools_athena
[ 73%] [ 73%] [ 73%] Building CXX object catkin/humanoids/humanoid_control/humanoid_tests/humanoid_tests_athena/CMakeFiles/humanoid_tests_athena.dir/__/template/src/tests_runner.cpp.o
[ 73%] [ 75%] [ 75%] Building CXX object catkin/humanoids/humanoid_control/humanoid_tests/humanoid_tests_athena/CMakeFiles/humanoid_tests_athena.dir/__/template/src/tests_execute.cpp.o
Building CXX object catkin/humanoids/humanoid_control/humanoid_tests/humanoid_tests_athena/CMakeFiles/humanoid_tests_athena.dir/__/template/src/hinvdyn_tests_runner.cpp.o
Building CXX object catkin/humanoids/humanoid_control/humanoid_tests/humanoid_tests_athena/CMakeFiles/humanoid_tests_athena.dir/__/template/src/testable_tests.cpp.o
Building CXX object catkin/humanoids/humanoid_control/humanoid_tests/humanoid_tests_athena/CMakeFiles/humanoid_tests_athena.dir/__/template/src/test_kinematics.cpp.o
Building CXX object catkin/humanoids/humanoid_control/humanoid_tests/humanoid_tests_athena/CMakeFiles/humanoid_tests_athena.dir/__/template/src/test_inverse_kinematics.cpp.o
Building CXX object catkin/humanoids/humanoid_control/humanoid_tests/humanoid_tests_athena/CMakeFiles/humanoid_tests_athena.dir/__/template/src/test_state_setting_message.cpp.o
[ 75%] [ 75%] [ 75%] [ 76%] [ 76%] [ 76%] Building CXX object catkin/humanoids/humanoid_control/walking_tools/walking_tools_athena/CMakeFiles/walking_tools_athena.dir/__/template/src/walking_tools/com_trajectory_generator.cpp.o
[ 76%] Building CXX object catkin/humanoids/humanoid_control/walking_tools/walking_tools_athena/CMakeFiles/walking_tools_athena.dir/__/template/src/walking_tools/FootStepPlanner.cpp.o
Building CXX object catkin/humanoids/humanoid_control/walking_tools/walking_tools_athena/CMakeFiles/walking_tools_athena.dir/__/template/src/walking_tools/ZMPGenerator.cpp.o
Building CXX object catkin/humanoids/humanoid_control/walking_tools/walking_tools_athena/CMakeFiles/walking_tools_athena.dir/__/template/src/walking_tools/GRF_trajectory_generator.cpp.o
[ 76%] Building CXX object catkin/humanoids/humanoid_control/walking_tools/walking_tools_athena/CMakeFiles/walking_tools_athena.dir/__/template/src/walking_tools/FootTrajectoryPlanner.cpp.o
Building CXX object catkin/humanoids/humanoid_control/walking_tools/walking_tools_athena/CMakeFiles/walking_tools_athena.dir/__/template/src/walking_tools/cartesian_zmp_planner.cpp.o
Building CXX object catkin/humanoids/humanoid_control/walking_tools/walking_tools_athena/CMakeFiles/walking_tools_athena.dir/__/template/src/walking_tools/gainScheduling.cpp.o
Building CXX object catkin/humanoids/humanoid_control/walking_tools/walking_tools_athena/CMakeFiles/walking_tools_athena.dir/__/template/src/walking_tools/COP_helper.cpp.o
/home/amd_clmc/team/workspace/src/catkin/humanoids/humanoid_control/humanoid_tests/template/src/tests_runner.cpp: In member function 'void tests_runner::TestRunnerSequence::run()':
/home/amd_clmc/team/workspace/src/catkin/humanoids/humanoid_control/humanoid_tests/template/src/tests_runner.cpp:51:58: warning: comparison between signed and unsigned integer expressions [-Wsign-compare]
/home/amd_clmc/team/workspace/src/catkin/humanoids/humanoid_control/humanoid_tests/template/src/tests_runner.cpp: In constructor 'tests_runner::TestRunnerSequence::TestRunnerSequence()':
/home/amd_clmc/team/workspace/src/catkin/humanoids/humanoid_control/humanoid_tests/template/src/tests_runner.cpp:28:55: warning: 'dummy_argv' is used uninitialized in this function [-Wuninitialized]
/home/amd_clmc/team/workspace/src/catkin/humanoids/humanoid_control/humanoid_tests/template/src/test_state_setting_message.cpp: In member function 'virtual void test_state_setting_message::StateSetting_Tester_testStateSettingRandom_Test::TestBody()':
/home/amd_clmc/team/workspace/src/catkin/humanoids/humanoid_control/humanoid_tests/template/src/test_state_setting_message.cpp:119:83: warning: deprecated conversion from string constant to 'char*' [-Wwrite-strings]
/home/amd_clmc/team/workspace/src/catkin/humanoids/humanoid_control/humanoid_tests/template/src/test_state_setting_message.cpp: In member function 'virtual void test_state_setting_message::StateSettingTest_Runner::run()':
/home/amd_clmc/team/workspace/src/catkin/humanoids/humanoid_control/humanoid_tests/template/src/test_state_setting_message.cpp:141:20: warning: ignoring return value of 'int testing::UnitTest::Run()', declared with attribute warn_unused_result [-Wunused-result]
/home/amd_clmc/team/workspace/src/catkin/humanoids/humanoid_control/humanoid_tests/template/src/testable_tests.cpp: In member function 'virtual void tests_runner::TestableRunner::run()':
/home/amd_clmc/team/workspace/src/catkin/humanoids/humanoid_control/humanoid_tests/template/src/testable_tests.cpp:16:20: warning: ignoring return value of 'int testing::UnitTest::Run()', declared with attribute warn_unused_result [-Wunused-result]
/home/amd_clmc/team/workspace/src/catkin/humanoids/humanoid_control/humanoid_tests/template/src/test_kinematics.cpp: In member function 'virtual void kinematics_testing::KinematicsTest_Runner::run()':
/home/amd_clmc/team/workspace/src/catkin/humanoids/humanoid_control/humanoid_tests/template/src/test_kinematics.cpp:92:18: warning: ignoring return value of 'int testing::UnitTest::Run()', declared with attribute warn_unused_result [-Wunused-result]
/home/amd_clmc/team/workspace/src/catkin/humanoids/humanoid_control/walking_tools/template/src/walking_tools/COP_helper.cpp: In member function 'void copHelper::updateGraphics()':
/home/amd_clmc/team/workspace/src/catkin/humanoids/humanoid_control/walking_tools/template/src/walking_tools/COP_helper.cpp:107:57: warning: deprecated conversion from string constant to 'char*' [-Wwrite-strings]
Linking CXX shared library /home/amd_clmc/team/workspace/devel/lib/libbiped_locomotion_hermes_lower.so
[ 76%] Built target biped_locomotion_hermes_lower
/home/amd_clmc/team/workspace/src/catkin/humanoids/humanoid_control/humanoid_tests/template/src/test_inverse_kinematics.cpp: In member function 'virtual void floating_base_tools::InverseKinematicsTest_Runner::run()':
/home/amd_clmc/team/workspace/src/catkin/humanoids/humanoid_control/humanoid_tests/template/src/test_inverse_kinematics.cpp:1264:18: warning: ignoring return value of 'int testing::UnitTest::Run()', declared with attribute warn_unused_result [-Wunused-result]
Scanning dependencies of target base_state_estimators_hermes_lower
Scanning dependencies of target biped_locomotion_tests_hermes_lower
[ 76%] [ 76%] [ 77%] Building CXX object catkin/humanoids/humanoid_control/filtering_tools/base_state_estimators/base_state_estimators_hermes_lower/CMakeFiles/base_state_estimators_hermes_lower.dir/__/template/src/MomentumFilter.cpp.o
Building CXX object catkin/humanoids/humanoid_control/filtering_tools/base_state_estimators/base_state_estimators_hermes_lower/CMakeFiles/base_state_estimators_hermes_lower.dir/__/template/src/BaseEstEKF.cpp.o
Building CXX object catkin/humanoids/humanoid_control/filtering_tools/base_state_estimators/base_state_estimators_hermes_lower/CMakeFiles/base_state_estimators_hermes_lower.dir/__/template/src/IMUQuaternionFilter.cpp.o
[ 77%] [ 77%] Building CXX object catkin/humanoids/humanoid_control/biped_locomotion/biped_locomotion_hermes_lower/CMakeFiles/biped_locomotion_tests_hermes_lower.dir/__/template/src/biped_locomotion/tests/hinvdyn_example_tester.cpp.o
Building CXX object catkin/humanoids/humanoid_control/biped_locomotion/biped_locomotion_hermes_lower/CMakeFiles/biped_locomotion_tests_hermes_lower.dir/__/template/src/biped_locomotion/tests/kinematics_sl_tester.cpp.o
Scanning dependencies of target humanoid_tests_hermes_lower
[ 77%] Scanning dependencies of target walking_tools_hermes_lower
Building CXX object catkin/humanoids/humanoid_control/humanoid_tests/humanoid_tests_hermes_lower/CMakeFiles/humanoid_tests_hermes_lower.dir/__/template/src/tests_runner.cpp.o
[ 77%] [ 77%] [ 77%] [ 78%] [ 78%] [ 78%] Building CXX object catkin/humanoids/humanoid_control/humanoid_tests/humanoid_tests_hermes_lower/CMakeFiles/humanoid_tests_hermes_lower.dir/__/template/src/hinvdyn_tests_runner.cpp.o
Building CXX object catkin/humanoids/humanoid_control/humanoid_tests/humanoid_tests_hermes_lower/CMakeFiles/humanoid_tests_hermes_lower.dir/__/template/src/test_state_setting_message.cpp.o
Building CXX object catkin/humanoids/humanoid_control/humanoid_tests/humanoid_tests_hermes_lower/CMakeFiles/humanoid_tests_hermes_lower.dir/__/template/src/testable_tests.cpp.o
Building CXX object catkin/humanoids/humanoid_control/humanoid_tests/humanoid_tests_hermes_lower/CMakeFiles/humanoid_tests_hermes_lower.dir/__/template/src/tests_execute.cpp.o
Building CXX object catkin/humanoids/humanoid_control/humanoid_tests/humanoid_tests_hermes_lower/CMakeFiles/humanoid_tests_hermes_lower.dir/__/template/src/test_inverse_kinematics.cpp.o
[ 79%] [ 79%] [ 79%] [ 79%] [ 79%] Building CXX object catkin/humanoids/humanoid_control/humanoid_tests/humanoid_tests_hermes_lower/CMakeFiles/humanoid_tests_hermes_lower.dir/__/template/src/test_kinematics.cpp.o
[ 79%] Building CXX object catkin/humanoids/humanoid_control/walking_tools/walking_tools_hermes_lower/CMakeFiles/walking_tools_hermes_lower.dir/__/template/src/walking_tools/GRF_trajectory_generator.cpp.o
[ 80%] Building CXX object catkin/humanoids/humanoid_control/walking_tools/walking_tools_hermes_lower/CMakeFiles/walking_tools_hermes_lower.dir/__/template/src/walking_tools/FootTrajectoryPlanner.cpp.o
[ 80%] Building CXX object catkin/humanoids/humanoid_control/walking_tools/walking_tools_hermes_lower/CMakeFiles/walking_tools_hermes_lower.dir/__/template/src/walking_tools/ZMPGenerator.cpp.o
Building CXX object catkin/humanoids/humanoid_control/walking_tools/walking_tools_hermes_lower/CMakeFiles/walking_tools_hermes_lower.dir/__/template/src/walking_tools/com_trajectory_generator.cpp.o
Building CXX object catkin/humanoids/humanoid_control/walking_tools/walking_tools_hermes_lower/CMakeFiles/walking_tools_hermes_lower.dir/__/template/src/walking_tools/FootStepPlanner.cpp.o
Building CXX object catkin/humanoids/humanoid_control/walking_tools/walking_tools_hermes_lower/CMakeFiles/walking_tools_hermes_lower.dir/__/template/src/walking_tools/COP_helper.cpp.o
Building CXX object catkin/humanoids/humanoid_control/walking_tools/walking_tools_hermes_lower/CMakeFiles/walking_tools_hermes_lower.dir/__/template/src/walking_tools/cartesian_zmp_planner.cpp.o
Building CXX object catkin/humanoids/humanoid_control/walking_tools/walking_tools_hermes_lower/CMakeFiles/walking_tools_hermes_lower.dir/__/template/src/walking_tools/gainScheduling.cpp.o
Linking CXX shared library /home/amd_clmc/team/workspace/devel/lib/libwalking_tools_athena.so
In file included from /home/amd_clmc/team/workspace/src/catkin/humanoids/humanoid_control/biped_locomotion/biped_locomotion_athena/../template/include/biped_locomotion/HInvDynExample.h:26:0,
                 from /home/amd_clmc/team/workspace/src/catkin/humanoids/humanoid_control/biped_locomotion/biped_locomotion_athena/../template/include/biped_locomotion/tests/hinvdyn_example_tester.h:22,
                 from /home/amd_clmc/team/workspace/src/catkin/humanoids/humanoid_control/humanoid_tests/humanoid_tests_athena/../template/include/hinvdyn_tests_runner.h:22,
                 from /home/amd_clmc/team/workspace/src/catkin/humanoids/humanoid_control/humanoid_tests/template/src/tests_execute.cpp:1:
/home/amd_clmc/team/workspace/src/catkin/humanoids/humanoid_control/floating_base_tools_common/floating_base_tools_athena/../template/include/floating_base_tools/MomentumRateCtrl.h: In member function 'void floating_base_tools::MomentumRateCtrl<Max_Ineq_Rows, Max_Eq_Rows, use_momentum_rate_mat>::updateAfterSolutionFound() [with int Max_Ineq_Rows = 84, int Max_Eq_Rows = 78, bool use_momentum_rate_mat = false]':
/home/amd_clmc/team/workspace/src/catkin/humanoids/humanoid_control/humanoid_tests/template/src/tests_execute.cpp:49:1:   instantiated from here
/home/amd_clmc/team/workspace/src/catkin/humanoids/humanoid_control/floating_base_tools_common/floating_base_tools_athena/../template/include/floating_base_tools/MomentumRateCtrl.h:132:22: warning: comparison between signed and unsigned integer expressions [-Wsign-compare]
[ 80%] Built target walking_tools_athena
In file included from /home/amd_clmc/team/workspace/src/catkin/humanoids/humanoid_control/biped_locomotion/biped_locomotion_athena/../template/include/biped_locomotion/HInvDynExample.h:23:0,
                 from /home/amd_clmc/team/workspace/src/catkin/humanoids/humanoid_control/biped_locomotion/biped_locomotion_athena/../template/include/biped_locomotion/tests/hinvdyn_example_tester.h:22,
                 from /home/amd_clmc/team/workspace/src/catkin/humanoids/humanoid_control/humanoid_tests/humanoid_tests_athena/../template/include/hinvdyn_tests_runner.h:22,
                 from /home/amd_clmc/team/workspace/src/catkin/humanoids/humanoid_control/humanoid_tests/template/src/tests_execute.cpp:1:
/home/amd_clmc/team/workspace/src/catkin/humanoids/humanoid_control/floating_base_tools_common/floating_base_tools_athena/../template/include/floating_base_tools/DynamicsConstraint.h: In member function 'void floating_base_tools::DynamicsConstraint<Max_Ineq_Rows, Max_Eq_Rows, use_momentum_rate_mat>::updateAfterSolutionFound() [with int Max_Ineq_Rows = 84, int Max_Eq_Rows = 78, bool use_momentum_rate_mat = false]':
/home/amd_clmc/team/workspace/src/catkin/humanoids/humanoid_control/humanoid_tests/template/src/tests_execute.cpp:49:1:   instantiated from here
/home/amd_clmc/team/workspace/src/catkin/humanoids/humanoid_control/floating_base_tools_common/floating_base_tools_athena/../template/include/floating_base_tools/DynamicsConstraint.h:137:20: warning: comparison between signed and unsigned integer expressions [-Wsign-compare]
In file included from /home/amd_clmc/team/workspace/src/catkin/humanoids/humanoid_control/biped_locomotion/biped_locomotion_athena/../template/include/biped_locomotion/HInvDynExample.h:26:0,
                 from /home/amd_clmc/team/workspace/src/catkin/humanoids/humanoid_control/biped_locomotion/biped_locomotion_athena/../template/include/biped_locomotion/tests/hinvdyn_example_tester.h:22,
                 from /home/amd_clmc/team/workspace/src/catkin/humanoids/humanoid_control/humanoid_tests/humanoid_tests_athena/../template/include/hinvdyn_tests_runner.h:22,
                 from /home/amd_clmc/team/workspace/src/catkin/humanoids/humanoid_control/humanoid_tests/template/src/hinvdyn_tests_runner.cpp:15:
/home/amd_clmc/team/workspace/src/catkin/humanoids/humanoid_control/floating_base_tools_common/floating_base_tools_athena/../template/include/floating_base_tools/MomentumRateCtrl.h: In member function 'void floating_base_tools::MomentumRateCtrl<Max_Ineq_Rows, Max_Eq_Rows, use_momentum_rate_mat>::updateAfterSolutionFound() [with int Max_Ineq_Rows = 84, int Max_Eq_Rows = 78, bool use_momentum_rate_mat = false]':
/home/amd_clmc/team/workspace/src/catkin/humanoids/humanoid_control/humanoid_tests/template/src/hinvdyn_tests_runner.cpp:39:1:   instantiated from here
/home/amd_clmc/team/workspace/src/catkin/humanoids/humanoid_control/floating_base_tools_common/floating_base_tools_athena/../template/include/floating_base_tools/MomentumRateCtrl.h:132:22: warning: comparison between signed and unsigned integer expressions [-Wsign-compare]
In file included from /home/amd_clmc/team/workspace/src/catkin/humanoids/humanoid_control/biped_locomotion/biped_locomotion_athena/../template/include/biped_locomotion/HInvDynExample.h:23:0,
                 from /home/amd_clmc/team/workspace/src/catkin/humanoids/humanoid_control/biped_locomotion/biped_locomotion_athena/../template/include/biped_locomotion/tests/hinvdyn_example_tester.h:22,
                 from /home/amd_clmc/team/workspace/src/catkin/humanoids/humanoid_control/humanoid_tests/humanoid_tests_athena/../template/include/hinvdyn_tests_runner.h:22,
                 from /home/amd_clmc/team/workspace/src/catkin/humanoids/humanoid_control/humanoid_tests/template/src/hinvdyn_tests_runner.cpp:15:
/home/amd_clmc/team/workspace/src/catkin/humanoids/humanoid_control/floating_base_tools_common/floating_base_tools_athena/../template/include/floating_base_tools/DynamicsConstraint.h: In member function 'void floating_base_tools::DynamicsConstraint<Max_Ineq_Rows, Max_Eq_Rows, use_momentum_rate_mat>::updateAfterSolutionFound() [with int Max_Ineq_Rows = 84, int Max_Eq_Rows = 78, bool use_momentum_rate_mat = false]':
/home/amd_clmc/team/workspace/src/catkin/humanoids/humanoid_control/humanoid_tests/template/src/hinvdyn_tests_runner.cpp:39:1:   instantiated from here
/home/amd_clmc/team/workspace/src/catkin/humanoids/humanoid_control/floating_base_tools_common/floating_base_tools_athena/../template/include/floating_base_tools/DynamicsConstraint.h:137:20: warning: comparison between signed and unsigned integer expressions [-Wsign-compare]
/home/amd_clmc/team/workspace/src/catkin/humanoids/humanoid_control/humanoid_tests/template/src/test_state_setting_message.cpp: In member function 'virtual void test_state_setting_message::StateSetting_Tester_testStateSettingRandom_Test::TestBody()':
/home/amd_clmc/team/workspace/src/catkin/humanoids/humanoid_control/humanoid_tests/template/src/test_state_setting_message.cpp:119:83: warning: deprecated conversion from string constant to 'char*' [-Wwrite-strings]
/home/amd_clmc/team/workspace/src/catkin/humanoids/humanoid_control/humanoid_tests/template/src/testable_tests.cpp: In member function 'virtual void tests_runner::TestableRunner::run()':
/home/amd_clmc/team/workspace/src/catkin/humanoids/humanoid_control/humanoid_tests/template/src/testable_tests.cpp:16:20: warning: ignoring return value of 'int testing::UnitTest::Run()', declared with attribute warn_unused_result [-Wunused-result]
/home/amd_clmc/team/workspace/src/catkin/humanoids/humanoid_control/humanoid_tests/template/src/test_state_setting_message.cpp: In member function 'virtual void test_state_setting_message::StateSettingTest_Runner::run()':
/home/amd_clmc/team/workspace/src/catkin/humanoids/humanoid_control/humanoid_tests/template/src/test_state_setting_message.cpp:141:20: warning: ignoring return value of 'int testing::UnitTest::Run()', declared with attribute warn_unused_result [-Wunused-result]
/home/amd_clmc/team/workspace/src/catkin/humanoids/humanoid_control/humanoid_tests/template/src/tests_runner.cpp: In member function 'void tests_runner::TestRunnerSequence::run()':
/home/amd_clmc/team/workspace/src/catkin/humanoids/humanoid_control/humanoid_tests/template/src/tests_runner.cpp:51:58: warning: comparison between signed and unsigned integer expressions [-Wsign-compare]
/home/amd_clmc/team/workspace/src/catkin/humanoids/humanoid_control/humanoid_tests/template/src/tests_runner.cpp: In constructor 'tests_runner::TestRunnerSequence::TestRunnerSequence()':
/home/amd_clmc/team/workspace/src/catkin/humanoids/humanoid_control/humanoid_tests/template/src/tests_runner.cpp:28:55: warning: 'dummy_argv' is used uninitialized in this function [-Wuninitialized]
Linking CXX shared library /home/amd_clmc/team/workspace/devel/lib/libbiped_locomotion_hermes_full.so
[ 80%] Built target biped_locomotion_hermes_full
Scanning dependencies of target xtask_hermes_full
[ 80%] [ 80%] [ 80%] [ 80%] Building CXX object catkin/robots/hermesFullUser/CMakeFiles/xtask_hermes_full.dir/src/task/tasks/calibrate_base_state_estimation.cpp.o
Building C object catkin/robots/hermesFullUser/CMakeFiles/xtask_hermes_full.dir/src/task/tasks/sample_task.c.o
[ 81%] Building CXX object catkin/robots/hermesFullUser/CMakeFiles/xtask_hermes_full.dir/src/task/tasks/ati_sensor.cpp.o
[ 81%] Building C object catkin/robots/hermesFullUser/CMakeFiles/xtask_hermes_full.dir/src/task/tasks/initUserTasks.c.o
Building C object catkin/robots/hermesFullUser/CMakeFiles/xtask_hermes_full.dir/src/task/tasks/ranger_task.c.o
Scanning dependencies of target biped_locomotion_tests_hermes_full
Building CXX object catkin/robots/hermesFullUser/CMakeFiles/xtask_hermes_full.dir/src/task/tasks/sample_task_cpp.cpp.o
[ 81%] [ 82%] Building CXX object catkin/humanoids/humanoid_control/biped_locomotion/biped_locomotion_hermes_full/CMakeFiles/biped_locomotion_tests_hermes_full.dir/__/template/src/biped_locomotion/tests/kinematics_sl_tester.cpp.o
Building CXX object catkin/humanoids/humanoid_control/biped_locomotion/biped_locomotion_hermes_full/CMakeFiles/biped_locomotion_tests_hermes_full.dir/__/template/src/biped_locomotion/tests/hinvdyn_example_tester.cpp.o
/home/amd_clmc/team/workspace/src/catkin/humanoids/humanoid_control/humanoid_tests/template/src/test_kinematics.cpp: In member function 'virtual void kinematics_testing::KinematicsTest_Runner::run()':
/home/amd_clmc/team/workspace/src/catkin/humanoids/humanoid_control/humanoid_tests/template/src/test_kinematics.cpp:92:18: warning: ignoring return value of 'int testing::UnitTest::Run()', declared with attribute warn_unused_result [-Wunused-result]
Linking CXX executable /home/amd_clmc/team/workspace/src/catkin/robots/hermesFullUser/x86_64/xtask
[ 82%] Built target xtask_hermes_full
/home/amd_clmc/team/workspace/src/catkin/humanoids/humanoid_control/walking_tools/template/src/walking_tools/COP_helper.cpp: In member function 'void copHelper::updateGraphics()':
/home/amd_clmc/team/workspace/src/catkin/humanoids/humanoid_control/walking_tools/template/src/walking_tools/COP_helper.cpp:107:57: warning: deprecated conversion from string constant to 'char*' [-Wwrite-strings]
/home/amd_clmc/team/workspace/src/catkin/humanoids/humanoid_control/humanoid_tests/template/src/test_inverse_kinematics.cpp: In member function 'virtual void floating_base_tools::InverseKinematicsTest_Runner::run()':
/home/amd_clmc/team/workspace/src/catkin/humanoids/humanoid_control/humanoid_tests/template/src/test_inverse_kinematics.cpp:1264:18: warning: ignoring return value of 'int testing::UnitTest::Run()', declared with attribute warn_unused_result [-Wunused-result]
Linking CXX shared library /home/amd_clmc/team/workspace/devel/lib/libwalking_tools_hermes_lower.so
[ 82%] Built target walking_tools_hermes_lower
/home/amd_clmc/team/workspace/src/catkin/humanoids/humanoid_control/humanoid_tests/template/src/hinvdyn_tests_runner.cpp: In member function 'virtual void hierarchical_inverse_dynamics_example::HinvdynExample_Runner::run()':
/home/amd_clmc/team/workspace/src/catkin/humanoids/humanoid_control/humanoid_tests/template/src/hinvdyn_tests_runner.cpp:30:18: warning: ignoring return value of 'int testing::UnitTest::Run()', declared with attribute warn_unused_result [-Wunused-result]
Linking CXX shared library /home/amd_clmc/team/workspace/devel/lib/libbase_state_estimators_athena.so
[ 82%] Built target base_state_estimators_athena
In file included from /home/amd_clmc/team/workspace/src/catkin/humanoids/humanoid_control/biped_locomotion/biped_locomotion_hermes_lower/../template/include/biped_locomotion/HInvDynExample.h:26:0,
                 from /home/amd_clmc/team/workspace/src/catkin/humanoids/humanoid_control/biped_locomotion/biped_locomotion_hermes_lower/../template/include/biped_locomotion/tests/hinvdyn_example_tester.h:22,
                 from /home/amd_clmc/team/workspace/src/catkin/humanoids/humanoid_control/humanoid_tests/humanoid_tests_hermes_lower/../template/include/hinvdyn_tests_runner.h:22,
                 from /home/amd_clmc/team/workspace/src/catkin/humanoids/humanoid_control/humanoid_tests/template/src/tests_execute.cpp:1:
/home/amd_clmc/team/workspace/src/catkin/humanoids/humanoid_control/floating_base_tools_common/floating_base_tools_hermes_lower/../template/include/floating_base_tools/MomentumRateCtrl.h: In member function 'void floating_base_tools::MomentumRateCtrl<Max_Ineq_Rows, Max_Eq_Rows, use_momentum_rate_mat>::updateAfterSolutionFound() [with int Max_Ineq_Rows = 34, int Max_Eq_Rows = 53, bool use_momentum_rate_mat = false]':
/home/amd_clmc/team/workspace/src/catkin/humanoids/humanoid_control/humanoid_tests/template/src/tests_execute.cpp:49:1:   instantiated from here
/home/amd_clmc/team/workspace/src/catkin/humanoids/humanoid_control/floating_base_tools_common/floating_base_tools_hermes_lower/../template/include/floating_base_tools/MomentumRateCtrl.h:132:22: warning: comparison between signed and unsigned integer expressions [-Wsign-compare]
In file included from /home/amd_clmc/team/workspace/src/catkin/humanoids/humanoid_control/biped_locomotion/biped_locomotion_hermes_lower/../template/include/biped_locomotion/HInvDynExample.h:26:0,
                 from /home/amd_clmc/team/workspace/src/catkin/humanoids/humanoid_control/biped_locomotion/biped_locomotion_hermes_lower/../template/include/biped_locomotion/tests/hinvdyn_example_tester.h:22,
                 from /home/amd_clmc/team/workspace/src/catkin/humanoids/humanoid_control/humanoid_tests/humanoid_tests_hermes_lower/../template/include/hinvdyn_tests_runner.h:22,
                 from /home/amd_clmc/team/workspace/src/catkin/humanoids/humanoid_control/humanoid_tests/template/src/hinvdyn_tests_runner.cpp:15:
/home/amd_clmc/team/workspace/src/catkin/humanoids/humanoid_control/floating_base_tools_common/floating_base_tools_hermes_lower/../template/include/floating_base_tools/MomentumRateCtrl.h: In member function 'void floating_base_tools::MomentumRateCtrl<Max_Ineq_Rows, Max_Eq_Rows, use_momentum_rate_mat>::updateAfterSolutionFound() [with int Max_Ineq_Rows = 34, int Max_Eq_Rows = 53, bool use_momentum_rate_mat = false]':
/home/amd_clmc/team/workspace/src/catkin/humanoids/humanoid_control/humanoid_tests/template/src/hinvdyn_tests_runner.cpp:39:1:   instantiated from here
/home/amd_clmc/team/workspace/src/catkin/humanoids/humanoid_control/floating_base_tools_common/floating_base_tools_hermes_lower/../template/include/floating_base_tools/MomentumRateCtrl.h:132:22: warning: comparison between signed and unsigned integer expressions [-Wsign-compare]
In file included from /home/amd_clmc/team/workspace/src/catkin/humanoids/humanoid_control/biped_locomotion/biped_locomotion_hermes_lower/../template/include/biped_locomotion/HInvDynExample.h:23:0,
                 from /home/amd_clmc/team/workspace/src/catkin/humanoids/humanoid_control/biped_locomotion/biped_locomotion_hermes_lower/../template/include/biped_locomotion/tests/hinvdyn_example_tester.h:22,
                 from /home/amd_clmc/team/workspace/src/catkin/humanoids/humanoid_control/humanoid_tests/humanoid_tests_hermes_lower/../template/include/hinvdyn_tests_runner.h:22,
                 from /home/amd_clmc/team/workspace/src/catkin/humanoids/humanoid_control/humanoid_tests/template/src/tests_execute.cpp:1:
/home/amd_clmc/team/workspace/src/catkin/humanoids/humanoid_control/floating_base_tools_common/floating_base_tools_hermes_lower/../template/include/floating_base_tools/DynamicsConstraint.h: In member function 'void floating_base_tools::DynamicsConstraint<Max_Ineq_Rows, Max_Eq_Rows, use_momentum_rate_mat>::updateAfterSolutionFound() [with int Max_Ineq_Rows = 34, int Max_Eq_Rows = 53, bool use_momentum_rate_mat = false]':
/home/amd_clmc/team/workspace/src/catkin/humanoids/humanoid_control/humanoid_tests/template/src/tests_execute.cpp:49:1:   instantiated from here
/home/amd_clmc/team/workspace/src/catkin/humanoids/humanoid_control/floating_base_tools_common/floating_base_tools_hermes_lower/../template/include/floating_base_tools/DynamicsConstraint.h:137:20: warning: comparison between signed and unsigned integer expressions [-Wsign-compare]
In file included from /home/amd_clmc/team/workspace/src/catkin/humanoids/humanoid_control/biped_locomotion/biped_locomotion_hermes_lower/../template/include/biped_locomotion/HInvDynExample.h:23:0,
                 from /home/amd_clmc/team/workspace/src/catkin/humanoids/humanoid_control/biped_locomotion/biped_locomotion_hermes_lower/../template/include/biped_locomotion/tests/hinvdyn_example_tester.h:22,
                 from /home/amd_clmc/team/workspace/src/catkin/humanoids/humanoid_control/humanoid_tests/humanoid_tests_hermes_lower/../template/include/hinvdyn_tests_runner.h:22,
                 from /home/amd_clmc/team/workspace/src/catkin/humanoids/humanoid_control/humanoid_tests/template/src/hinvdyn_tests_runner.cpp:15:
/home/amd_clmc/team/workspace/src/catkin/humanoids/humanoid_control/floating_base_tools_common/floating_base_tools_hermes_lower/../template/include/floating_base_tools/DynamicsConstraint.h: In member function 'void floating_base_tools::DynamicsConstraint<Max_Ineq_Rows, Max_Eq_Rows, use_momentum_rate_mat>::updateAfterSolutionFound() [with int Max_Ineq_Rows = 34, int Max_Eq_Rows = 53, bool use_momentum_rate_mat = false]':
/home/amd_clmc/team/workspace/src/catkin/humanoids/humanoid_control/humanoid_tests/template/src/hinvdyn_tests_runner.cpp:39:1:   instantiated from here
/home/amd_clmc/team/workspace/src/catkin/humanoids/humanoid_control/floating_base_tools_common/floating_base_tools_hermes_lower/../template/include/floating_base_tools/DynamicsConstraint.h:137:20: warning: comparison between signed and unsigned integer expressions [-Wsign-compare]
Scanning dependencies of target example_tasks_athena
[ 82%] [ 82%] [ 82%] Building CXX object catkin/humanoids/humanoid_control/example_tasks/example_tasks_athena/CMakeFiles/example_tasks_athena.dir/__/template/src/example_tasks/utils/ControlTransition.cpp.o
[ 82%] Building CXX object catkin/humanoids/humanoid_control/example_tasks/example_tasks_athena/CMakeFiles/example_tasks_athena.dir/__/template/src/example_tasks/utils/robot_part_iterators.cpp.o
Building CXX object catkin/humanoids/humanoid_control/example_tasks/example_tasks_athena/CMakeFiles/example_tasks_athena.dir/__/template/src/example_tasks/controllers/EndpointController.cpp.o
[ 84%] [ 84%] [ 84%] [ 84%] [ 84%] [ 84%] [ 84%] [ 84%] [ 84%] [ 84%] [ 84%] Building CXX object catkin/humanoids/humanoid_control/example_tasks/example_tasks_athena/CMakeFiles/example_tasks_athena.dir/__/template/src/example_tasks/InverseKinematicsOnlineTestTask.cpp.o
[ 84%] [ 85%] [ 85%] Building CXX object catkin/humanoids/humanoid_control/example_tasks/example_tasks_athena/CMakeFiles/example_tasks_athena.dir/__/template/src/example_tasks/InverseKinematicsAndDynamicsTestTask_Sean.cpp.o
Building CXX object catkin/humanoids/humanoid_control/example_tasks/example_tasks_athena/CMakeFiles/example_tasks_athena.dir/__/template/src/example_tasks/GravityCompensationTask.cpp.o
[ 86%] [ 86%] Building CXX object catkin/humanoids/humanoid_control/example_tasks/example_tasks_athena/CMakeFiles/example_tasks_athena.dir/__/template/src/example_tasks/EndpointTrajectoryControlTask.cpp.o
Building CXX object catkin/humanoids/humanoid_control/example_tasks/example_tasks_athena/CMakeFiles/example_tasks_athena.dir/__/template/src/example_tasks/InverseKinematicsTestTask.cpp.o
Building CXX object catkin/humanoids/humanoid_control/example_tasks/example_tasks_athena/CMakeFiles/example_tasks_athena.dir/__/template/src/example_tasks/controllers/EndpointTrajectoryController.cpp.o
Building CXX object catkin/humanoids/humanoid_control/example_tasks/example_tasks_athena/CMakeFiles/example_tasks_athena.dir/__/template/src/example_tasks/BaseEstViconTestTask.cpp.o
[ 86%] [ 86%] Building CXX object catkin/humanoids/humanoid_control/example_tasks/example_tasks_athena/CMakeFiles/example_tasks_athena.dir/__/template/src/example_tasks/SingleSupportBalanceTask_Robot.cpp.o
[ 87%] [ 87%] Building CXX object catkin/humanoids/humanoid_control/example_tasks/example_tasks_athena/CMakeFiles/example_tasks_athena.dir/__/template/src/example_tasks/BaseStateEstTestTask.cpp.o
Building CXX object catkin/humanoids/humanoid_control/example_tasks/example_tasks_athena/CMakeFiles/example_tasks_athena.dir/__/template/src/zmp_gait/joint_pd_controller.cpp.o
[ 87%] Building CXX object catkin/humanoids/humanoid_control/example_tasks/example_tasks_athena/CMakeFiles/example_tasks_athena.dir/__/template/src/example_tasks/InverseKinematicsAndDynamicsTestTask.cpp.o
Building CXX object catkin/humanoids/humanoid_control/example_tasks/example_tasks_athena/CMakeFiles/example_tasks_athena.dir/__/template/src/example_tasks/EndpointControlTask.cpp.o
Building CXX object catkin/humanoids/humanoid_control/example_tasks/example_tasks_athena/CMakeFiles/example_tasks_athena.dir/__/template/src/example_tasks/InverseKinematicsAndDynamicsTestTask_ZMP.cpp.o
[ 87%] [ 87%] Building CXX object catkin/humanoids/humanoid_control/example_tasks/example_tasks_athena/CMakeFiles/example_tasks_athena.dir/__/template/src/zmp_gait/robot_state_estimation.cpp.o
[ 87%] Building CXX object catkin/humanoids/humanoid_control/example_tasks/example_tasks_athena/CMakeFiles/example_tasks_athena.dir/__/template/src/example_tasks/SingleSupportBalanceTask.cpp.o
[ 87%] [ 87%] [ 88%] [ 88%] [ 88%] Building CXX object catkin/humanoids/humanoid_control/example_tasks/example_tasks_athena/CMakeFiles/example_tasks_athena.dir/__/template/src/zmp_gait/cartesian_zmp_planner.cpp.o
Building CXX object catkin/humanoids/humanoid_control/example_tasks/example_tasks_athena/CMakeFiles/example_tasks_athena.dir/__/template/src/example_tasks/cartesianControl_example.cpp.o
Building CXX object catkin/humanoids/humanoid_control/example_tasks/example_tasks_athena/CMakeFiles/example_tasks_athena.dir/__/template/src/example_tasks/cop_example.cpp.o
[ 88%] Building C object catkin/humanoids/humanoid_control/example_tasks/example_tasks_athena/CMakeFiles/example_tasks_athena.dir/__/template/src/example_tasks/initUserTasks_example_tasks.c.o
Building CXX object catkin/humanoids/humanoid_control/example_tasks/example_tasks_athena/CMakeFiles/example_tasks_athena.dir/__/template/src/example_tasks/lqr_balance_task.cpp.o
Building CXX object catkin/humanoids/humanoid_control/example_tasks/example_tasks_athena/CMakeFiles/example_tasks_athena.dir/__/template/src/example_tasks/WalkingTask_Robot.cpp.o
Building CXX object catkin/humanoids/humanoid_control/example_tasks/example_tasks_athena/CMakeFiles/example_tasks_athena.dir/__/template/src/example_tasks/SideToSide_ZMP.cpp.o
Building CXX object catkin/humanoids/humanoid_control/example_tasks/example_tasks_athena/CMakeFiles/example_tasks_athena.dir/__/template/src/example_tasks/AdaptiveStepTask.cpp.o
Building CXX object catkin/humanoids/humanoid_control/example_tasks/example_tasks_athena/CMakeFiles/example_tasks_athena.dir/__/template/src/example_tasks/gainScheduling_example.cpp.o
Building CXX object catkin/humanoids/humanoid_control/example_tasks/example_tasks_athena/CMakeFiles/example_tasks_athena.dir/__/template/src/zmp_gait/zmp_gait_controller_sl.cpp.o
[ 88%] [ 88%] Building CXX object catkin/humanoids/humanoid_control/example_tasks/example_tasks_athena/CMakeFiles/example_tasks_athena.dir/__/template/src/zmp_gait/zmp_gait_controller.cpp.o
Building CXX object catkin/humanoids/humanoid_control/example_tasks/example_tasks_athena/CMakeFiles/example_tasks_athena.dir/__/template/src/hinvdyn_balance/robot_state_estimation.cpp.o
Building CXX object catkin/humanoids/humanoid_control/example_tasks/example_tasks_athena/CMakeFiles/example_tasks_athena.dir/__/template/src/hinvdyn_balance/momentum_preview.cpp.o
[ 88%] Building CXX object catkin/humanoids/humanoid_control/example_tasks/example_tasks_athena/CMakeFiles/example_tasks_athena.dir/__/template/src/hinvdyn_balance/solver.cpp.o
[ 88%] [ 89%] [ 89%] [ 89%] Building CXX object catkin/humanoids/humanoid_control/example_tasks/example_tasks_athena/CMakeFiles/example_tasks_athena.dir/__/template/src/hinvdyn_balance/ankle_ft_sensor.cpp.o
Building CXX object catkin/humanoids/humanoid_control/example_tasks/example_tasks_athena/CMakeFiles/example_tasks_athena.dir/__/template/src/hinvdyn_balance/hinvdyn_stepping_sl.cpp.o
Building CXX object catkin/humanoids/humanoid_control/example_tasks/example_tasks_athena/CMakeFiles/example_tasks_athena.dir/__/template/src/hinvdyn_balance/hinvdyn_balance.cpp.o
Building CXX object catkin/humanoids/humanoid_control/example_tasks/example_tasks_athena/CMakeFiles/example_tasks_athena.dir/__/template/src/hinvdyn_balance/endeffector_impedance.cpp.o
Building CXX object catkin/humanoids/humanoid_control/example_tasks/example_tasks_athena/CMakeFiles/example_tasks_athena.dir/__/template/src/hinvdyn_balance/hinvdyn_balance_sl.cpp.o
Building CXX object catkin/humanoids/humanoid_control/example_tasks/example_tasks_athena/CMakeFiles/example_tasks_athena.dir/__/template/src/hinvdyn_balance/momentum_feedback.cpp.o
Building CXX object catkin/humanoids/humanoid_control/example_tasks/example_tasks_athena/CMakeFiles/example_tasks_athena.dir/__/template/src/hinvdyn_balance/hinvdyn_stepping.cpp.o
Building CXX object catkin/humanoids/humanoid_control/example_tasks/example_tasks_athena/CMakeFiles/example_tasks_athena.dir/__/template/src/example_tasks/utils/BaseStateEstimatorWrapper.cpp.o
Building CXX object catkin/humanoids/humanoid_control/example_tasks/example_tasks_athena/CMakeFiles/example_tasks_athena.dir/__/template/src/hinvdyn_balance/ankle_ft_sensor_sl.cpp.o
Linking CXX shared library /home/amd_clmc/team/workspace/devel/lib/libhumanoid_tests_athena.so
[ 89%] Built target humanoid_tests_athena
/home/amd_clmc/team/workspace/src/catkin/humanoids/humanoid_control/humanoid_tests/template/src/hinvdyn_tests_runner.cpp: In member function 'virtual void hierarchical_inverse_dynamics_example::HinvdynExample_Runner::run()':
/home/amd_clmc/team/workspace/src/catkin/humanoids/humanoid_control/humanoid_tests/template/src/hinvdyn_tests_runner.cpp:30:18: warning: ignoring return value of 'int testing::UnitTest::Run()', declared with attribute warn_unused_result [-Wunused-result]
Linking CXX shared library /home/amd_clmc/team/workspace/devel/lib/libbiped_locomotion_tests_athena.so
[ 89%] Built target biped_locomotion_tests_athena
Linking CXX shared library /home/amd_clmc/team/workspace/devel/lib/libbase_state_estimators_hermes_lower.so
[ 89%] Built target base_state_estimators_hermes_lower
Linking CXX shared library /home/amd_clmc/team/workspace/devel/lib/libhumanoid_tests_hermes_lower.so
[ 89%] Built target humanoid_tests_hermes_lower
In file included from /home/amd_clmc/team/workspace/src/catkin/humanoids/humanoid_control/example_tasks/template/src/hinvdyn_balance/endeffector_impedance.cpp:8:0:
/home/amd_clmc/team/workspace/src/catkin/humanoids/humanoid_control/example_tasks/example_tasks_athena/../template/include/hinvdyn_balance/endeffector_impedance.h:22:11: error: 'array' in namespace 'std' does not name a type
/home/amd_clmc/team/workspace/src/catkin/humanoids/humanoid_control/example_tasks/example_tasks_athena/../template/include/hinvdyn_balance/endeffector_impedance.h:28:59: error: 'WrenchArray' does not name a type
/home/amd_clmc/team/workspace/src/catkin/humanoids/humanoid_control/example_tasks/example_tasks_athena/../template/include/hinvdyn_balance/endeffector_impedance.h:28:72: error: ISO C++ forbids declaration of 'wrenches' with no type [-fpermissive]
/home/amd_clmc/team/workspace/src/catkin/humanoids/humanoid_control/example_tasks/example_tasks_athena/../template/include/hinvdyn_balance/endeffector_impedance.h:37:3: error: 'array' in namespace 'std' does not name a type
/home/amd_clmc/team/workspace/src/catkin/humanoids/humanoid_control/example_tasks/example_tasks_athena/../template/include/hinvdyn_balance/endeffector_impedance.h:38:3: error: 'array' in namespace 'std' does not name a type
/home/amd_clmc/team/workspace/src/catkin/humanoids/humanoid_control/example_tasks/template/src/hinvdyn_balance/endeffector_impedance.cpp: In member function 'void hinvdyn_balance::EndeffectorImpedance::initialize(floating_base_tools::Kinematics&)':
/home/amd_clmc/team/workspace/src/catkin/humanoids/humanoid_control/example_tasks/template/src/hinvdyn_balance/endeffector_impedance.cpp:21:16: error: 'refs_' was not declared in this scope
/home/amd_clmc/team/workspace/src/catkin/humanoids/humanoid_control/example_tasks/template/src/hinvdyn_balance/endeffector_impedance.cpp:21:16: error: unable to deduce 'auto&' from '<expression error>'
/home/amd_clmc/team/workspace/src/catkin/humanoids/humanoid_control/example_tasks/template/src/hinvdyn_balance/endeffector_impedance.cpp:22:16: error: 'frc_d_' was not declared in this scope
/home/amd_clmc/team/workspace/src/catkin/humanoids/humanoid_control/example_tasks/template/src/hinvdyn_balance/endeffector_impedance.cpp:22:16: error: unable to deduce 'auto&' from '<expression error>'
/home/amd_clmc/team/workspace/src/catkin/humanoids/humanoid_control/example_tasks/template/src/hinvdyn_balance/endeffector_impedance.cpp: At global scope:
/home/amd_clmc/team/workspace/src/catkin/humanoids/humanoid_control/example_tasks/template/src/hinvdyn_balance/endeffector_impedance.cpp:27:81: error: 'WrenchArray' does not name a type
/home/amd_clmc/team/workspace/src/catkin/humanoids/humanoid_control/example_tasks/template/src/hinvdyn_balance/endeffector_impedance.cpp:27:94: error: ISO C++ forbids declaration of 'wrenches' with no type [-fpermissive]
/home/amd_clmc/team/workspace/src/catkin/humanoids/humanoid_control/example_tasks/template/src/hinvdyn_balance/endeffector_impedance.cpp: In member function 'void hinvdyn_balance::EndeffectorImpedance::update(floating_base_tools::Kinematics&, const int&)':
/home/amd_clmc/team/workspace/src/catkin/humanoids/humanoid_control/example_tasks/template/src/hinvdyn_balance/endeffector_impedance.cpp:34:5: error: 'refs_' was not declared in this scope
/home/amd_clmc/team/workspace/src/catkin/humanoids/humanoid_control/example_tasks/template/src/hinvdyn_balance/endeffector_impedance.cpp:34:55: error: invalid types 'const int[int]' for array subscript
/home/amd_clmc/team/workspace/src/catkin/humanoids/humanoid_control/example_tasks/template/src/hinvdyn_balance/endeffector_impedance.cpp:34:66: error: 'frc_d_' was not declared in this scope
/home/amd_clmc/team/workspace/src/catkin/humanoids/humanoid_control/example_tasks/template/src/example_tasks/cop_example.cpp: In member function 'void cop_example::copHelper::updateGraphics()':
/home/amd_clmc/team/workspace/src/catkin/humanoids/humanoid_control/example_tasks/template/src/example_tasks/cop_example.cpp:123:67: warning: deprecated conversion from string constant to 'char*' [-Wwrite-strings]
Scanning dependencies of target example_tasks_hermes_lower
make[2]: *** [catkin/humanoids/humanoid_control/example_tasks/example_tasks_athena/CMakeFiles/example_tasks_athena.dir/__/template/src/hinvdyn_balance/endeffector_impedance.cpp.o] Error 1
make[2]: *** Waiting for unfinished jobs....
[ 89%] [ 90%] [ 90%] Building CXX object catkin/humanoids/humanoid_control/example_tasks/example_tasks_hermes_lower/CMakeFiles/example_tasks_hermes_lower.dir/__/template/src/example_tasks/JointStateEstimationTask.cpp.o
Building CXX object catkin/humanoids/humanoid_control/example_tasks/example_tasks_hermes_lower/CMakeFiles/example_tasks_hermes_lower.dir/__/template/src/example_tasks/utils/robot_part_iterators.cpp.o
[ 90%] Building CXX object catkin/humanoids/humanoid_control/example_tasks/example_tasks_hermes_lower/CMakeFiles/example_tasks_hermes_lower.dir/__/template/src/example_tasks/utils/ControlTransition.cpp.o
Building CXX object catkin/humanoids/humanoid_control/example_tasks/example_tasks_hermes_lower/CMakeFiles/example_tasks_hermes_lower.dir/__/template/src/example_tasks/controllers/EndpointController.cpp.o
[ 90%] [ 90%] [ 90%] Building CXX object catkin/humanoids/humanoid_control/example_tasks/example_tasks_hermes_lower/CMakeFiles/example_tasks_hermes_lower.dir/__/template/src/example_tasks/controllers/EndpointTrajectoryController.cpp.o
Building CXX object catkin/humanoids/humanoid_control/example_tasks/example_tasks_hermes_lower/CMakeFiles/example_tasks_hermes_lower.dir/__/template/src/example_tasks/EndpointTrajectoryControlTask.cpp.o
Building CXX object catkin/humanoids/humanoid_control/example_tasks/example_tasks_hermes_lower/CMakeFiles/example_tasks_hermes_lower.dir/__/template/src/example_tasks/EndpointControlTask.cpp.o
[ 91%] [ 91%] /home/amd_clmc/team/workspace/src/catkin/humanoids/humanoid_control/example_tasks/template/src/example_tasks/gainScheduling_example.cpp: In member function 'void gain_scheduling_example::gainScheduling::update(double)':
/home/amd_clmc/team/workspace/src/catkin/humanoids/humanoid_control/example_tasks/template/src/example_tasks/gainScheduling_example.cpp:163:67: warning: deprecated conversion from string constant to 'char*' [-Wwrite-strings]
[ 91%] Building CXX object catkin/humanoids/humanoid_control/example_tasks/example_tasks_hermes_lower/CMakeFiles/example_tasks_hermes_lower.dir/__/template/src/example_tasks/InverseKinematicsTestTask.cpp.o
Building CXX object catkin/humanoids/humanoid_control/example_tasks/example_tasks_hermes_lower/CMakeFiles/example_tasks_hermes_lower.dir/__/template/src/example_tasks/InverseKinematicsOnlineTestTask.cpp.o
[ 91%] Building CXX object catkin/humanoids/humanoid_control/example_tasks/example_tasks_hermes_lower/CMakeFiles/example_tasks_hermes_lower.dir/__/template/src/example_tasks/InverseKinematicsAndDynamicsTestTask.cpp.o
[ 91%] Building CXX object catkin/humanoids/humanoid_control/example_tasks/example_tasks_hermes_lower/CMakeFiles/example_tasks_hermes_lower.dir/__/template/src/example_tasks/InverseKinematicsAndDynamicsTestTask_Sean.cpp.o
[ 92%] [ 92%] In file included from /home/amd_clmc/team/workspace/src/catkin/humanoids/humanoid_control/example_tasks/example_tasks_athena/../template/include/hinvdyn_balance/hinvdyn_balance.h:26:0,
                 from /home/amd_clmc/team/workspace/src/catkin/humanoids/humanoid_control/example_tasks/example_tasks_athena/../template/include/hinvdyn_balance/hinvdyn_stepping.h:25,
                 from /home/amd_clmc/team/workspace/src/catkin/humanoids/humanoid_control/example_tasks/template/src/hinvdyn_balance/hinvdyn_stepping.cpp:15:
/home/amd_clmc/team/workspace/src/catkin/humanoids/humanoid_control/example_tasks/example_tasks_athena/../template/include/hinvdyn_balance/endeffector_impedance.h:22:11: error: 'array' in namespace 'std' does not name a type
/home/amd_clmc/team/workspace/src/catkin/humanoids/humanoid_control/example_tasks/example_tasks_athena/../template/include/hinvdyn_balance/endeffector_impedance.h:28:59: error: 'WrenchArray' does not name a type
/home/amd_clmc/team/workspace/src/catkin/humanoids/humanoid_control/example_tasks/example_tasks_athena/../template/include/hinvdyn_balance/endeffector_impedance.h:28:72: error: ISO C++ forbids declaration of 'wrenches' with no type [-fpermissive]
/home/amd_clmc/team/workspace/src/catkin/humanoids/humanoid_control/example_tasks/example_tasks_athena/../template/include/hinvdyn_balance/endeffector_impedance.h:37:3: error: 'array' in namespace 'std' does not name a type
/home/amd_clmc/team/workspace/src/catkin/humanoids/humanoid_control/example_tasks/example_tasks_athena/../template/include/hinvdyn_balance/endeffector_impedance.h:38:3: error: 'array' in namespace 'std' does not name a type
Building CXX object catkin/humanoids/humanoid_control/example_tasks/example_tasks_hermes_lower/CMakeFiles/example_tasks_hermes_lower.dir/__/template/src/example_tasks/InverseKinematicsAndDynamicsTestTask_ZMP.cpp.o
Building CXX object catkin/humanoids/humanoid_control/example_tasks/example_tasks_hermes_lower/CMakeFiles/example_tasks_hermes_lower.dir/__/template/src/example_tasks/GravityCompensationTask.cpp.o
Building CXX object catkin/humanoids/humanoid_control/example_tasks/example_tasks_hermes_lower/CMakeFiles/example_tasks_hermes_lower.dir/__/template/src/example_tasks/BaseStateEstTestTask.cpp.o
[ 92%] Building CXX object catkin/humanoids/humanoid_control/example_tasks/example_tasks_hermes_lower/CMakeFiles/example_tasks_hermes_lower.dir/__/template/src/example_tasks/BaseEstViconTestTask.cpp.o
[ 92%] [ 92%] [ 92%] [ 93%] Building CXX object catkin/humanoids/humanoid_control/example_tasks/example_tasks_hermes_lower/CMakeFiles/example_tasks_hermes_lower.dir/__/template/src/example_tasks/SingleSupportBalanceTask.cpp.o
Building CXX object catkin/humanoids/humanoid_control/example_tasks/example_tasks_hermes_lower/CMakeFiles/example_tasks_hermes_lower.dir/__/template/src/example_tasks/SingleSupportBalanceTask_Robot.cpp.o
Building CXX object catkin/humanoids/humanoid_control/example_tasks/example_tasks_hermes_lower/CMakeFiles/example_tasks_hermes_lower.dir/__/template/src/example_tasks/WalkingTask_Robot.cpp.o
Building CXX object catkin/humanoids/humanoid_control/example_tasks/example_tasks_hermes_lower/CMakeFiles/example_tasks_hermes_lower.dir/__/template/src/example_tasks/SideToSide_ZMP.cpp.o
[ 93%] /home/amd_clmc/team/workspace/src/catkin/humanoids/humanoid_control/example_tasks/template/src/example_tasks/SingleSupportBalanceTask_Robot.cpp: In member function 'void single_support_balance_robot::copHelper::updateGraphics()':
/home/amd_clmc/team/workspace/src/catkin/humanoids/humanoid_control/example_tasks/template/src/example_tasks/SingleSupportBalanceTask_Robot.cpp:148:65: warning: deprecated conversion from string constant to 'char*' [-Wwrite-strings]
[ 93%] [ 93%] Building C object catkin/humanoids/humanoid_control/example_tasks/example_tasks_hermes_lower/CMakeFiles/example_tasks_hermes_lower.dir/__/template/src/example_tasks/initUserTasks_example_tasks.c.o
[ 93%] Building CXX object catkin/humanoids/humanoid_control/example_tasks/example_tasks_hermes_lower/CMakeFiles/example_tasks_hermes_lower.dir/__/template/src/example_tasks/cop_example.cpp.o
In file included from /home/amd_clmc/team/workspace/src/catkin/humanoids/humanoid_control/example_tasks/example_tasks_athena/../template/include/hinvdyn_balance/hinvdyn_balance.h:26:0,
                 from /home/amd_clmc/team/workspace/src/catkin/humanoids/humanoid_control/example_tasks/template/src/hinvdyn_balance/hinvdyn_balance.cpp:16:
/home/amd_clmc/team/workspace/src/catkin/humanoids/humanoid_control/example_tasks/example_tasks_athena/../template/include/hinvdyn_balance/endeffector_impedance.h:22:11: error: 'array' in namespace 'std' does not name a type
/home/amd_clmc/team/workspace/src/catkin/humanoids/humanoid_control/example_tasks/example_tasks_athena/../template/include/hinvdyn_balance/endeffector_impedance.h:28:59: error: 'WrenchArray' does not name a type
/home/amd_clmc/team/workspace/src/catkin/humanoids/humanoid_control/example_tasks/example_tasks_athena/../template/include/hinvdyn_balance/endeffector_impedance.h:28:72: error: ISO C++ forbids declaration of 'wrenches' with no type [-fpermissive]
/home/amd_clmc/team/workspace/src/catkin/humanoids/humanoid_control/example_tasks/example_tasks_athena/../template/include/hinvdyn_balance/endeffector_impedance.h:37:3: error: 'array' in namespace 'std' does not name a type
/home/amd_clmc/team/workspace/src/catkin/humanoids/humanoid_control/example_tasks/example_tasks_athena/../template/include/hinvdyn_balance/endeffector_impedance.h:38:3: error: 'array' in namespace 'std' does not name a type
[ 93%] Building CXX object catkin/humanoids/humanoid_control/example_tasks/example_tasks_hermes_lower/CMakeFiles/example_tasks_hermes_lower.dir/__/template/src/example_tasks/gainScheduling_example.cpp.o
Building CXX object catkin/humanoids/humanoid_control/example_tasks/example_tasks_hermes_lower/CMakeFiles/example_tasks_hermes_lower.dir/__/template/src/example_tasks/cartesianControl_example.cpp.o
Building CXX object catkin/humanoids/humanoid_control/example_tasks/example_tasks_hermes_lower/CMakeFiles/example_tasks_hermes_lower.dir/__/template/src/example_tasks/AdaptiveStepTask.cpp.o
[ 94%] In file included from /home/amd_clmc/team/workspace/src/catkin/humanoids/humanoid_control/example_tasks/example_tasks_athena/../template/include/hinvdyn_balance/hinvdyn_balance.h:26:0,
                 from /home/amd_clmc/team/workspace/src/catkin/humanoids/humanoid_control/example_tasks/template/src/hinvdyn_balance/hinvdyn_balance_sl.cpp:16:
/home/amd_clmc/team/workspace/src/catkin/humanoids/humanoid_control/example_tasks/example_tasks_athena/../template/include/hinvdyn_balance/endeffector_impedance.h:22:11: error: 'array' in namespace 'std' does not name a type
/home/amd_clmc/team/workspace/src/catkin/humanoids/humanoid_control/example_tasks/example_tasks_athena/../template/include/hinvdyn_balance/endeffector_impedance.h:28:59: error: 'WrenchArray' does not name a type
/home/amd_clmc/team/workspace/src/catkin/humanoids/humanoid_control/example_tasks/example_tasks_athena/../template/include/hinvdyn_balance/endeffector_impedance.h:28:72: error: ISO C++ forbids declaration of 'wrenches' with no type [-fpermissive]
/home/amd_clmc/team/workspace/src/catkin/humanoids/humanoid_control/example_tasks/example_tasks_athena/../template/include/hinvdyn_balance/endeffector_impedance.h:37:3: error: 'array' in namespace 'std' does not name a type
/home/amd_clmc/team/workspace/src/catkin/humanoids/humanoid_control/example_tasks/example_tasks_athena/../template/include/hinvdyn_balance/endeffector_impedance.h:38:3: error: 'array' in namespace 'std' does not name a type
Building CXX object catkin/humanoids/humanoid_control/example_tasks/example_tasks_hermes_lower/CMakeFiles/example_tasks_hermes_lower.dir/__/template/src/example_tasks/lqr_balance_task.cpp.o
[ 94%] [ 94%] [ 94%] Building CXX object catkin/humanoids/humanoid_control/example_tasks/example_tasks_hermes_lower/CMakeFiles/example_tasks_hermes_lower.dir/__/template/src/zmp_gait/cartesian_zmp_planner.cpp.o
[ 94%] Building CXX object catkin/humanoids/humanoid_control/example_tasks/example_tasks_hermes_lower/CMakeFiles/example_tasks_hermes_lower.dir/__/template/src/zmp_gait/robot_state_estimation.cpp.o
Building CXX object catkin/humanoids/humanoid_control/example_tasks/example_tasks_hermes_lower/CMakeFiles/example_tasks_hermes_lower.dir/__/template/src/zmp_gait/joint_pd_controller.cpp.o
[ 95%] /home/amd_clmc/team/workspace/src/catkin/humanoids/humanoid_control/example_tasks/template/src/example_tasks/WalkingTask_Robot.cpp: In member function 'void walking_task_robot::copHelper::updateGraphics()':
/home/amd_clmc/team/workspace/src/catkin/humanoids/humanoid_control/example_tasks/template/src/example_tasks/WalkingTask_Robot.cpp:150:65: warning: deprecated conversion from string constant to 'char*' [-Wwrite-strings]
In file included from /home/amd_clmc/team/workspace/src/catkin/humanoids/humanoid_control/example_tasks/example_tasks_athena/../template/include/hinvdyn_balance/hinvdyn_balance.h:26:0,
                 from /home/amd_clmc/team/workspace/src/catkin/humanoids/humanoid_control/example_tasks/example_tasks_athena/../template/include/hinvdyn_balance/hinvdyn_stepping.h:25,
                 from /home/amd_clmc/team/workspace/src/catkin/humanoids/humanoid_control/example_tasks/template/src/hinvdyn_balance/hinvdyn_stepping_sl.cpp:15:
/home/amd_clmc/team/workspace/src/catkin/humanoids/humanoid_control/example_tasks/example_tasks_athena/../template/include/hinvdyn_balance/endeffector_impedance.h:22:11: error: 'array' in namespace 'std' does not name a type
/home/amd_clmc/team/workspace/src/catkin/humanoids/humanoid_control/example_tasks/example_tasks_athena/../template/include/hinvdyn_balance/endeffector_impedance.h:28:59: error: 'WrenchArray' does not name a type
/home/amd_clmc/team/workspace/src/catkin/humanoids/humanoid_control/example_tasks/example_tasks_athena/../template/include/hinvdyn_balance/endeffector_impedance.h:28:72: error: ISO C++ forbids declaration of 'wrenches' with no type [-fpermissive]
/home/amd_clmc/team/workspace/src/catkin/humanoids/humanoid_control/example_tasks/example_tasks_athena/../template/include/hinvdyn_balance/endeffector_impedance.h:37:3: error: 'array' in namespace 'std' does not name a type
/home/amd_clmc/team/workspace/src/catkin/humanoids/humanoid_control/example_tasks/example_tasks_athena/../template/include/hinvdyn_balance/endeffector_impedance.h:38:3: error: 'array' in namespace 'std' does not name a type
Building CXX object catkin/humanoids/humanoid_control/example_tasks/example_tasks_hermes_lower/CMakeFiles/example_tasks_hermes_lower.dir/__/template/src/zmp_gait/zmp_gait_controller.cpp.o
[ 95%] Building CXX object catkin/humanoids/humanoid_control/example_tasks/example_tasks_hermes_lower/CMakeFiles/example_tasks_hermes_lower.dir/__/template/src/zmp_gait/zmp_gait_controller_sl.cpp.o
[ 95%] [ 95%] In file included from /home/amd_clmc/team/workspace/src/catkin/humanoids/humanoid_control/example_tasks/example_tasks_athena/../template/include/hinvdyn_balance/hinvdyn_balance.h:26:0,
                 from /home/amd_clmc/team/workspace/src/catkin/humanoids/humanoid_control/example_tasks/template/src/hinvdyn_balance/solver.cpp:18:
/home/amd_clmc/team/workspace/src/catkin/humanoids/humanoid_control/example_tasks/example_tasks_athena/../template/include/hinvdyn_balance/endeffector_impedance.h:22:11: error: 'array' in namespace 'std' does not name a type
/home/amd_clmc/team/workspace/src/catkin/humanoids/humanoid_control/example_tasks/example_tasks_athena/../template/include/hinvdyn_balance/endeffector_impedance.h:28:59: error: 'WrenchArray' does not name a type
/home/amd_clmc/team/workspace/src/catkin/humanoids/humanoid_control/example_tasks/example_tasks_athena/../template/include/hinvdyn_balance/endeffector_impedance.h:28:72: error: ISO C++ forbids declaration of 'wrenches' with no type [-fpermissive]
/home/amd_clmc/team/workspace/src/catkin/humanoids/humanoid_control/example_tasks/example_tasks_athena/../template/include/hinvdyn_balance/endeffector_impedance.h:37:3: error: 'array' in namespace 'std' does not name a type
/home/amd_clmc/team/workspace/src/catkin/humanoids/humanoid_control/example_tasks/example_tasks_athena/../template/include/hinvdyn_balance/endeffector_impedance.h:38:3: error: 'array' in namespace 'std' does not name a type
Building CXX object catkin/humanoids/humanoid_control/example_tasks/example_tasks_hermes_lower/CMakeFiles/example_tasks_hermes_lower.dir/__/template/src/hinvdyn_balance/robot_state_estimation.cpp.o
[ 95%] Building CXX object catkin/humanoids/humanoid_control/example_tasks/example_tasks_hermes_lower/CMakeFiles/example_tasks_hermes_lower.dir/__/template/src/hinvdyn_balance/solver.cpp.o
[ 95%] Building CXX object catkin/humanoids/humanoid_control/example_tasks/example_tasks_hermes_lower/CMakeFiles/example_tasks_hermes_lower.dir/__/template/src/hinvdyn_balance/momentum_preview.cpp.o
[ 96%] Building CXX object catkin/humanoids/humanoid_control/example_tasks/example_tasks_hermes_lower/CMakeFiles/example_tasks_hermes_lower.dir/__/template/src/hinvdyn_balance/ankle_ft_sensor_sl.cpp.o
Building CXX object catkin/humanoids/humanoid_control/example_tasks/example_tasks_hermes_lower/CMakeFiles/example_tasks_hermes_lower.dir/__/template/src/hinvdyn_balance/ankle_ft_sensor.cpp.o
Building CXX object catkin/humanoids/humanoid_control/example_tasks/example_tasks_hermes_lower/CMakeFiles/example_tasks_hermes_lower.dir/__/template/src/hinvdyn_balance/hinvdyn_balance.cpp.o
[ 96%] [ 96%] [ 96%] Building CXX object catkin/humanoids/humanoid_control/example_tasks/example_tasks_hermes_lower/CMakeFiles/example_tasks_hermes_lower.dir/__/template/src/hinvdyn_balance/momentum_feedback.cpp.o
Building CXX object catkin/humanoids/humanoid_control/example_tasks/example_tasks_hermes_lower/CMakeFiles/example_tasks_hermes_lower.dir/__/template/src/hinvdyn_balance/endeffector_impedance.cpp.o
[ 97%] [ 97%] Building CXX object catkin/humanoids/humanoid_control/example_tasks/example_tasks_hermes_lower/CMakeFiles/example_tasks_hermes_lower.dir/__/template/src/hinvdyn_balance/hinvdyn_balance_sl.cpp.o
[ 97%] Building CXX object catkin/humanoids/humanoid_control/example_tasks/example_tasks_hermes_lower/CMakeFiles/example_tasks_hermes_lower.dir/__/template/src/hinvdyn_balance/hinvdyn_stepping.cpp.o
Building CXX object catkin/humanoids/humanoid_control/example_tasks/example_tasks_hermes_lower/CMakeFiles/example_tasks_hermes_lower.dir/__/template/src/hinvdyn_balance/hinvdyn_stepping_sl.cpp.o
Building CXX object catkin/humanoids/humanoid_control/example_tasks/example_tasks_hermes_lower/CMakeFiles/example_tasks_hermes_lower.dir/__/template/src/example_tasks/utils/BaseStateEstimatorWrapper.cpp.o
Linking CXX shared library /home/amd_clmc/team/workspace/devel/lib/libbiped_locomotion_tests_hermes_lower.so
[ 97%] Built target biped_locomotion_tests_hermes_lower
/home/amd_clmc/team/workspace/src/catkin/humanoids/humanoid_control/example_tasks/template/src/hinvdyn_balance/hinvdyn_balance.cpp: In member function 'virtual bool hinvdyn_balance::HinvdynBalance::update(double)':
/home/amd_clmc/team/workspace/src/catkin/humanoids/humanoid_control/example_tasks/template/src/hinvdyn_balance/hinvdyn_balance.cpp:238:16: error: 'struct hinvdyn_balance::EndeffectorImpedance' has no member named 'frc_d_'
/home/amd_clmc/team/workspace/src/catkin/humanoids/humanoid_control/example_tasks/template/src/hinvdyn_balance/hinvdyn_balance.cpp:239:16: error: 'struct hinvdyn_balance::EndeffectorImpedance' has no member named 'frc_d_'
/home/amd_clmc/team/workspace/src/catkin/humanoids/humanoid_control/example_tasks/template/src/hinvdyn_balance/hinvdyn_balance.cpp:240:39: error: no matching function for call to 'hinvdyn_balance::EndeffectorImpedance::update(floating_base_tools::Kinematics&, std::array<floating_base_tools::FTSensorData, 4ul>&)'
/home/amd_clmc/team/workspace/src/catkin/humanoids/humanoid_control/example_tasks/template/src/hinvdyn_balance/hinvdyn_balance.cpp:240:39: note: candidate is:
/home/amd_clmc/team/workspace/src/catkin/humanoids/humanoid_control/example_tasks/example_tasks_athena/../template/include/hinvdyn_balance/endeffector_impedance.h:28:8: note: void hinvdyn_balance::EndeffectorImpedance::update(floating_base_tools::Kinematics&, const int&)
/home/amd_clmc/team/workspace/src/catkin/humanoids/humanoid_control/example_tasks/example_tasks_athena/../template/include/hinvdyn_balance/endeffector_impedance.h:28:8: note:   no known conversion for argument 2 from 'std::array<floating_base_tools::FTSensorData, 4ul>' to 'const int&'
/home/amd_clmc/team/workspace/src/catkin/humanoids/humanoid_control/example_tasks/template/src/hinvdyn_balance/hinvdyn_balance.cpp:241:72: error: 'struct hinvdyn_balance::EndeffectorImpedance' has no member named 'refs_'
/home/amd_clmc/team/workspace/src/catkin/humanoids/humanoid_control/example_tasks/template/src/hinvdyn_balance/hinvdyn_balance.cpp:242:73: error: 'struct hinvdyn_balance::EndeffectorImpedance' has no member named 'refs_'
Linking CXX shared library /home/amd_clmc/team/workspace/devel/lib/libbiped_locomotion_tests_hermes_full.so
[ 97%] Built target biped_locomotion_tests_hermes_full
/home/amd_clmc/team/workspace/src/catkin/humanoids/humanoid_control/example_tasks/template/src/example_tasks/cop_example.cpp: In member function 'void cop_example::copHelper::updateGraphics()':
/home/amd_clmc/team/workspace/src/catkin/humanoids/humanoid_control/example_tasks/template/src/example_tasks/cop_example.cpp:123:67: warning: deprecated conversion from string constant to 'char*' [-Wwrite-strings]
/home/amd_clmc/team/workspace/src/catkin/humanoids/humanoid_control/example_tasks/template/src/example_tasks/gainScheduling_example.cpp: In member function 'void gain_scheduling_example::gainScheduling::update(double)':
/home/amd_clmc/team/workspace/src/catkin/humanoids/humanoid_control/example_tasks/template/src/example_tasks/gainScheduling_example.cpp:163:67: warning: deprecated conversion from string constant to 'char*' [-Wwrite-strings]
make[2]: *** [catkin/humanoids/humanoid_control/example_tasks/example_tasks_athena/CMakeFiles/example_tasks_athena.dir/__/template/src/hinvdyn_balance/hinvdyn_stepping.cpp.o] Error 1
make[2]: *** [catkin/humanoids/humanoid_control/example_tasks/example_tasks_athena/CMakeFiles/example_tasks_athena.dir/__/template/src/hinvdyn_balance/hinvdyn_balance_sl.cpp.o] Error 1
/home/amd_clmc/team/workspace/src/catkin/humanoids/humanoid_control/example_tasks/template/src/example_tasks/WalkingTask_Robot.cpp: In member function 'void walking_task_robot::copHelper::updateGraphics()':
/home/amd_clmc/team/workspace/src/catkin/humanoids/humanoid_control/example_tasks/template/src/example_tasks/WalkingTask_Robot.cpp:150:65: warning: deprecated conversion from string constant to 'char*' [-Wwrite-strings]
/home/amd_clmc/team/workspace/src/catkin/humanoids/humanoid_control/example_tasks/template/src/example_tasks/SingleSupportBalanceTask_Robot.cpp: In member function 'void single_support_balance_robot::copHelper::updateGraphics()':
/home/amd_clmc/team/workspace/src/catkin/humanoids/humanoid_control/example_tasks/template/src/example_tasks/SingleSupportBalanceTask_Robot.cpp:148:65: warning: deprecated conversion from string constant to 'char*' [-Wwrite-strings]
In file included from /home/amd_clmc/team/workspace/src/catkin/humanoids/humanoid_control/example_tasks/template/src/hinvdyn_balance/endeffector_impedance.cpp:8:0:
/home/amd_clmc/team/workspace/src/catkin/humanoids/humanoid_control/example_tasks/example_tasks_hermes_lower/../template/include/hinvdyn_balance/endeffector_impedance.h:22:11: error: 'array' in namespace 'std' does not name a type
/home/amd_clmc/team/workspace/src/catkin/humanoids/humanoid_control/example_tasks/example_tasks_hermes_lower/../template/include/hinvdyn_balance/endeffector_impedance.h:28:59: error: 'WrenchArray' does not name a type
/home/amd_clmc/team/workspace/src/catkin/humanoids/humanoid_control/example_tasks/example_tasks_hermes_lower/../template/include/hinvdyn_balance/endeffector_impedance.h:28:72: error: ISO C++ forbids declaration of 'wrenches' with no type [-fpermissive]
/home/amd_clmc/team/workspace/src/catkin/humanoids/humanoid_control/example_tasks/example_tasks_hermes_lower/../template/include/hinvdyn_balance/endeffector_impedance.h:37:3: error: 'array' in namespace 'std' does not name a type
/home/amd_clmc/team/workspace/src/catkin/humanoids/humanoid_control/example_tasks/example_tasks_hermes_lower/../template/include/hinvdyn_balance/endeffector_impedance.h:38:3: error: 'array' in namespace 'std' does not name a type
/home/amd_clmc/team/workspace/src/catkin/humanoids/humanoid_control/example_tasks/template/src/hinvdyn_balance/endeffector_impedance.cpp: In member function 'void hinvdyn_balance::EndeffectorImpedance::initialize(floating_base_tools::Kinematics&)':
/home/amd_clmc/team/workspace/src/catkin/humanoids/humanoid_control/example_tasks/template/src/hinvdyn_balance/endeffector_impedance.cpp:21:16: error: 'refs_' was not declared in this scope
/home/amd_clmc/team/workspace/src/catkin/humanoids/humanoid_control/example_tasks/template/src/hinvdyn_balance/endeffector_impedance.cpp:21:16: error: unable to deduce 'auto&' from '<expression error>'
/home/amd_clmc/team/workspace/src/catkin/humanoids/humanoid_control/example_tasks/template/src/hinvdyn_balance/endeffector_impedance.cpp:22:16: error: 'frc_d_' was not declared in this scope
/home/amd_clmc/team/workspace/src/catkin/humanoids/humanoid_control/example_tasks/template/src/hinvdyn_balance/endeffector_impedance.cpp:22:16: error: unable to deduce 'auto&' from '<expression error>'
/home/amd_clmc/team/workspace/src/catkin/humanoids/humanoid_control/example_tasks/template/src/hinvdyn_balance/endeffector_impedance.cpp: At global scope:
/home/amd_clmc/team/workspace/src/catkin/humanoids/humanoid_control/example_tasks/template/src/hinvdyn_balance/endeffector_impedance.cpp:27:81: error: 'WrenchArray' does not name a type
/home/amd_clmc/team/workspace/src/catkin/humanoids/humanoid_control/example_tasks/template/src/hinvdyn_balance/endeffector_impedance.cpp:27:94: error: ISO C++ forbids declaration of 'wrenches' with no type [-fpermissive]
/home/amd_clmc/team/workspace/src/catkin/humanoids/humanoid_control/example_tasks/template/src/hinvdyn_balance/endeffector_impedance.cpp: In member function 'void hinvdyn_balance::EndeffectorImpedance::update(floating_base_tools::Kinematics&, const int&)':
/home/amd_clmc/team/workspace/src/catkin/humanoids/humanoid_control/example_tasks/template/src/hinvdyn_balance/endeffector_impedance.cpp:34:5: error: 'refs_' was not declared in this scope
/home/amd_clmc/team/workspace/src/catkin/humanoids/humanoid_control/example_tasks/template/src/hinvdyn_balance/endeffector_impedance.cpp:34:55: error: invalid types 'const int[int]' for array subscript
/home/amd_clmc/team/workspace/src/catkin/humanoids/humanoid_control/example_tasks/template/src/hinvdyn_balance/endeffector_impedance.cpp:34:66: error: 'frc_d_' was not declared in this scope
make[2]: *** [catkin/humanoids/humanoid_control/example_tasks/example_tasks_athena/CMakeFiles/example_tasks_athena.dir/__/template/src/hinvdyn_balance/hinvdyn_balance.cpp.o] Error 1
In file included from /home/amd_clmc/team/workspace/src/catkin/humanoids/humanoid_control/example_tasks/example_tasks_hermes_lower/../template/include/hinvdyn_balance/hinvdyn_balance.h:26:0,
                 from /home/amd_clmc/team/workspace/src/catkin/humanoids/humanoid_control/example_tasks/example_tasks_hermes_lower/../template/include/hinvdyn_balance/hinvdyn_stepping.h:25,
                 from /home/amd_clmc/team/workspace/src/catkin/humanoids/humanoid_control/example_tasks/template/src/hinvdyn_balance/hinvdyn_stepping_sl.cpp:15:
/home/amd_clmc/team/workspace/src/catkin/humanoids/humanoid_control/example_tasks/example_tasks_hermes_lower/../template/include/hinvdyn_balance/endeffector_impedance.h:22:11: error: 'array' in namespace 'std' does not name a type
/home/amd_clmc/team/workspace/src/catkin/humanoids/humanoid_control/example_tasks/example_tasks_hermes_lower/../template/include/hinvdyn_balance/endeffector_impedance.h:28:59: error: 'WrenchArray' does not name a type
/home/amd_clmc/team/workspace/src/catkin/humanoids/humanoid_control/example_tasks/example_tasks_hermes_lower/../template/include/hinvdyn_balance/endeffector_impedance.h:28:72: error: ISO C++ forbids declaration of 'wrenches' with no type [-fpermissive]
/home/amd_clmc/team/workspace/src/catkin/humanoids/humanoid_control/example_tasks/example_tasks_hermes_lower/../template/include/hinvdyn_balance/endeffector_impedance.h:37:3: error: 'array' in namespace 'std' does not name a type
/home/amd_clmc/team/workspace/src/catkin/humanoids/humanoid_control/example_tasks/example_tasks_hermes_lower/../template/include/hinvdyn_balance/endeffector_impedance.h:38:3: error: 'array' in namespace 'std' does not name a type
In file included from /home/amd_clmc/team/workspace/src/catkin/humanoids/humanoid_control/example_tasks/example_tasks_hermes_lower/../template/include/hinvdyn_balance/hinvdyn_balance.h:26:0,
                 from /home/amd_clmc/team/workspace/src/catkin/humanoids/humanoid_control/example_tasks/template/src/hinvdyn_balance/hinvdyn_balance_sl.cpp:16:
/home/amd_clmc/team/workspace/src/catkin/humanoids/humanoid_control/example_tasks/example_tasks_hermes_lower/../template/include/hinvdyn_balance/endeffector_impedance.h:22:11: error: 'array' in namespace 'std' does not name a type
/home/amd_clmc/team/workspace/src/catkin/humanoids/humanoid_control/example_tasks/example_tasks_hermes_lower/../template/include/hinvdyn_balance/endeffector_impedance.h:28:59: error: 'WrenchArray' does not name a type
/home/amd_clmc/team/workspace/src/catkin/humanoids/humanoid_control/example_tasks/example_tasks_hermes_lower/../template/include/hinvdyn_balance/endeffector_impedance.h:28:72: error: ISO C++ forbids declaration of 'wrenches' with no type [-fpermissive]
/home/amd_clmc/team/workspace/src/catkin/humanoids/humanoid_control/example_tasks/example_tasks_hermes_lower/../template/include/hinvdyn_balance/endeffector_impedance.h:37:3: error: 'array' in namespace 'std' does not name a type
/home/amd_clmc/team/workspace/src/catkin/humanoids/humanoid_control/example_tasks/example_tasks_hermes_lower/../template/include/hinvdyn_balance/endeffector_impedance.h:38:3: error: 'array' in namespace 'std' does not name a type
In file included from /home/amd_clmc/team/workspace/src/catkin/humanoids/humanoid_control/example_tasks/example_tasks_hermes_lower/../template/include/hinvdyn_balance/hinvdyn_balance.h:26:0,
                 from /home/amd_clmc/team/workspace/src/catkin/humanoids/humanoid_control/example_tasks/example_tasks_hermes_lower/../template/include/hinvdyn_balance/hinvdyn_stepping.h:25,
                 from /home/amd_clmc/team/workspace/src/catkin/humanoids/humanoid_control/example_tasks/template/src/hinvdyn_balance/hinvdyn_stepping.cpp:15:
/home/amd_clmc/team/workspace/src/catkin/humanoids/humanoid_control/example_tasks/example_tasks_hermes_lower/../template/include/hinvdyn_balance/endeffector_impedance.h:22:11: error: 'array' in namespace 'std' does not name a type
/home/amd_clmc/team/workspace/src/catkin/humanoids/humanoid_control/example_tasks/example_tasks_hermes_lower/../template/include/hinvdyn_balance/endeffector_impedance.h:28:59: error: 'WrenchArray' does not name a type
/home/amd_clmc/team/workspace/src/catkin/humanoids/humanoid_control/example_tasks/example_tasks_hermes_lower/../template/include/hinvdyn_balance/endeffector_impedance.h:28:72: error: ISO C++ forbids declaration of 'wrenches' with no type [-fpermissive]
/home/amd_clmc/team/workspace/src/catkin/humanoids/humanoid_control/example_tasks/example_tasks_hermes_lower/../template/include/hinvdyn_balance/endeffector_impedance.h:37:3: error: 'array' in namespace 'std' does not name a type
/home/amd_clmc/team/workspace/src/catkin/humanoids/humanoid_control/example_tasks/example_tasks_hermes_lower/../template/include/hinvdyn_balance/endeffector_impedance.h:38:3: error: 'array' in namespace 'std' does not name a type
make[2]: *** [catkin/humanoids/humanoid_control/example_tasks/example_tasks_hermes_lower/CMakeFiles/example_tasks_hermes_lower.dir/__/template/src/hinvdyn_balance/endeffector_impedance.cpp.o] Error 1
make[2]: *** Waiting for unfinished jobs....
In file included from /home/amd_clmc/team/workspace/src/catkin/humanoids/humanoid_control/example_tasks/example_tasks_hermes_lower/../template/include/hinvdyn_balance/hinvdyn_balance.h:26:0,
                 from /home/amd_clmc/team/workspace/src/catkin/humanoids/humanoid_control/example_tasks/template/src/hinvdyn_balance/solver.cpp:18:
/home/amd_clmc/team/workspace/src/catkin/humanoids/humanoid_control/example_tasks/example_tasks_hermes_lower/../template/include/hinvdyn_balance/endeffector_impedance.h:22:11: error: 'array' in namespace 'std' does not name a type
/home/amd_clmc/team/workspace/src/catkin/humanoids/humanoid_control/example_tasks/example_tasks_hermes_lower/../template/include/hinvdyn_balance/endeffector_impedance.h:28:59: error: 'WrenchArray' does not name a type
/home/amd_clmc/team/workspace/src/catkin/humanoids/humanoid_control/example_tasks/example_tasks_hermes_lower/../template/include/hinvdyn_balance/endeffector_impedance.h:28:72: error: ISO C++ forbids declaration of 'wrenches' with no type [-fpermissive]
/home/amd_clmc/team/workspace/src/catkin/humanoids/humanoid_control/example_tasks/example_tasks_hermes_lower/../template/include/hinvdyn_balance/endeffector_impedance.h:37:3: error: 'array' in namespace 'std' does not name a type
/home/amd_clmc/team/workspace/src/catkin/humanoids/humanoid_control/example_tasks/example_tasks_hermes_lower/../template/include/hinvdyn_balance/endeffector_impedance.h:38:3: error: 'array' in namespace 'std' does not name a type
In file included from /home/amd_clmc/team/workspace/src/catkin/humanoids/humanoid_control/example_tasks/example_tasks_hermes_lower/../template/include/hinvdyn_balance/hinvdyn_balance.h:26:0,
                 from /home/amd_clmc/team/workspace/src/catkin/humanoids/humanoid_control/example_tasks/template/src/hinvdyn_balance/hinvdyn_balance.cpp:16:
/home/amd_clmc/team/workspace/src/catkin/humanoids/humanoid_control/example_tasks/example_tasks_hermes_lower/../template/include/hinvdyn_balance/endeffector_impedance.h:22:11: error: 'array' in namespace 'std' does not name a type
/home/amd_clmc/team/workspace/src/catkin/humanoids/humanoid_control/example_tasks/example_tasks_hermes_lower/../template/include/hinvdyn_balance/endeffector_impedance.h:28:59: error: 'WrenchArray' does not name a type
/home/amd_clmc/team/workspace/src/catkin/humanoids/humanoid_control/example_tasks/example_tasks_hermes_lower/../template/include/hinvdyn_balance/endeffector_impedance.h:28:72: error: ISO C++ forbids declaration of 'wrenches' with no type [-fpermissive]
/home/amd_clmc/team/workspace/src/catkin/humanoids/humanoid_control/example_tasks/example_tasks_hermes_lower/../template/include/hinvdyn_balance/endeffector_impedance.h:37:3: error: 'array' in namespace 'std' does not name a type
/home/amd_clmc/team/workspace/src/catkin/humanoids/humanoid_control/example_tasks/example_tasks_hermes_lower/../template/include/hinvdyn_balance/endeffector_impedance.h:38:3: error: 'array' in namespace 'std' does not name a type
make[2]: *** [catkin/humanoids/humanoid_control/example_tasks/example_tasks_athena/CMakeFiles/example_tasks_athena.dir/__/template/src/hinvdyn_balance/hinvdyn_stepping_sl.cpp.o] Error 1
/home/amd_clmc/team/workspace/src/catkin/humanoids/humanoid_control/example_tasks/template/src/hinvdyn_balance/hinvdyn_balance.cpp: In member function 'virtual bool hinvdyn_balance::HinvdynBalance::update(double)':
/home/amd_clmc/team/workspace/src/catkin/humanoids/humanoid_control/example_tasks/template/src/hinvdyn_balance/hinvdyn_balance.cpp:238:16: error: 'struct hinvdyn_balance::EndeffectorImpedance' has no member named 'frc_d_'
/home/amd_clmc/team/workspace/src/catkin/humanoids/humanoid_control/example_tasks/template/src/hinvdyn_balance/hinvdyn_balance.cpp:239:16: error: 'struct hinvdyn_balance::EndeffectorImpedance' has no member named 'frc_d_'
/home/amd_clmc/team/workspace/src/catkin/humanoids/humanoid_control/example_tasks/template/src/hinvdyn_balance/hinvdyn_balance.cpp:240:39: error: no matching function for call to 'hinvdyn_balance::EndeffectorImpedance::update(floating_base_tools::Kinematics&, std::array<floating_base_tools::FTSensorData, 2ul>&)'
/home/amd_clmc/team/workspace/src/catkin/humanoids/humanoid_control/example_tasks/template/src/hinvdyn_balance/hinvdyn_balance.cpp:240:39: note: candidate is:
/home/amd_clmc/team/workspace/src/catkin/humanoids/humanoid_control/example_tasks/example_tasks_hermes_lower/../template/include/hinvdyn_balance/endeffector_impedance.h:28:8: note: void hinvdyn_balance::EndeffectorImpedance::update(floating_base_tools::Kinematics&, const int&)
/home/amd_clmc/team/workspace/src/catkin/humanoids/humanoid_control/example_tasks/example_tasks_hermes_lower/../template/include/hinvdyn_balance/endeffector_impedance.h:28:8: note:   no known conversion for argument 2 from 'std::array<floating_base_tools::FTSensorData, 2ul>' to 'const int&'
/home/amd_clmc/team/workspace/src/catkin/humanoids/humanoid_control/example_tasks/template/src/hinvdyn_balance/hinvdyn_balance.cpp:241:72: error: 'struct hinvdyn_balance::EndeffectorImpedance' has no member named 'refs_'
/home/amd_clmc/team/workspace/src/catkin/humanoids/humanoid_control/example_tasks/template/src/hinvdyn_balance/hinvdyn_balance.cpp:242:73: error: 'struct hinvdyn_balance::EndeffectorImpedance' has no member named 'refs_'
make[2]: *** [catkin/humanoids/humanoid_control/example_tasks/example_tasks_hermes_lower/CMakeFiles/example_tasks_hermes_lower.dir/__/template/src/hinvdyn_balance/hinvdyn_stepping_sl.cpp.o] Error 1
make[2]: *** [catkin/humanoids/humanoid_control/example_tasks/example_tasks_hermes_lower/CMakeFiles/example_tasks_hermes_lower.dir/__/template/src/hinvdyn_balance/hinvdyn_stepping.cpp.o] Error 1
make[2]: *** [catkin/humanoids/humanoid_control/example_tasks/example_tasks_hermes_lower/CMakeFiles/example_tasks_hermes_lower.dir/__/template/src/hinvdyn_balance/hinvdyn_balance_sl.cpp.o] Error 1
make[2]: *** [catkin/humanoids/humanoid_control/example_tasks/example_tasks_hermes_lower/CMakeFiles/example_tasks_hermes_lower.dir/__/template/src/hinvdyn_balance/hinvdyn_balance.cpp.o] Error 1
make[2]: *** [catkin/humanoids/humanoid_control/example_tasks/example_tasks_athena/CMakeFiles/example_tasks_athena.dir/__/template/src/hinvdyn_balance/solver.cpp.o] Error 1
make[1]: *** [catkin/humanoids/humanoid_control/example_tasks/example_tasks_athena/CMakeFiles/example_tasks_athena.dir/all] Error 2
make[1]: *** Waiting for unfinished jobs....
make[2]: *** [catkin/humanoids/humanoid_control/example_tasks/example_tasks_hermes_lower/CMakeFiles/example_tasks_hermes_lower.dir/__/template/src/hinvdyn_balance/solver.cpp.o] Error 1
make[1]: *** [catkin/humanoids/humanoid_control/example_tasks/example_tasks_hermes_lower/CMakeFiles/example_tasks_hermes_lower.dir/all] Error 2
make: *** [all] Error 2
Base path: /home/amd_clmc/team/workspace
Source space: /home/amd_clmc/team/workspace/src
Build space: /home/amd_clmc/team/workspace/build
Devel space: /home/amd_clmc/team/workspace/devel
Install space: /home/amd_clmc/team/workspace/install
####
#### Running command: "cmake /home/amd_clmc/team/workspace/src -DCATKIN_DEVEL_PREFIX=/home/amd_clmc/team/workspace/devel -DCMAKE_INSTALL_PREFIX=/home/amd_clmc/team/workspace/install" in "/home/amd_clmc/team/workspace/build"
####
####
#### Running command: "make -j install" in "/home/amd_clmc/team/workspace/build"
####
Invoking "make" failed
